TRXV5
2
4
2
20
string SatEnvReleaseNumberAtCreationDateTime=3.0.3.0
string SatEnvBuildNumberID=19
string Extension=J
double FirstProbeAngle=-2.94524311274043
double AngleBetweenProbes=0.196349540849362
integer ProbesUsed#=31
integer Probes#=31
double MeasurementDuration=0.366999744437635
integer IsArchMeasurement=1
double ArchRadius=0
integer IsSpherical=1
string Generator.Name=SPM
string Generator.Version=1.9.1
string GenerationTimeUTC=2017-05-04T18:04:20
string MeasurementTimeUTC=2017-05-04T18:00:56
string MeasurementDuration=00:03:17.6173030
string MeasurementDuration.Text=3 minutes 17 seconds
string TimeZone.Name=Romance Standard Time
double TimeZone.UTCOffset_hours=2
string SignalDirection=Receive through probes
Phi
7	90	0	3.10668606854991	LIN
Theta
7	181	-3.14159265358979	3.14159265358979	LIN
E(Phi). Real part
0
E(Phi). Imaginary part
0
E(Theta). Real part
0
E(Theta). Imaginary part
0
E Total. dB
12	0xC0000010	0	1	2	3
E Total. Lin
0	0xC0000011	0	1	2	3
-0.0466906689107418	0.118014276027679	-0.0106096798554063	-0.0105351191014051	
-0.0488296113908291	0.117091104388237	-0.0734542831778526	-0.132980450987816	
-0.0543157905340195	0.114406861364841	-0.127559497952461	-0.245458096265793	
-0.0618540830910206	0.109893150627613	-0.166590839624405	-0.335905194282532	
-0.0697103962302208	0.103524781763554	-0.185844600200653	-0.394794255495071	
-0.076038084924221	0.0952960029244423	-0.182674795389175	-0.41636934876442	
-0.0792251303792	0.0852028131484985	-0.156672045588493	-0.399342983961105	
-0.0782023146748543	0.073242224752903	-0.109591774642467	-0.346955984830856	
-0.0726589933037758	0.0594347938895226	-0.0450592525303364	-0.266402155160904	
-0.0631290450692177	0.0438698157668114	0.0318967215716839	-0.167716652154922	
-0.0509313978254795	0.0267653558403254	0.115415617823601	-0.0623080097138882	
-0.0379737131297588	0.00852879136800766	0.199411243200302	0.0386379472911358	
-0.026451114565134	-0.0101995822042227	0.278145492076874	0.125642582774162	
-0.0184889454394579	-0.0285370592027903	0.346714466810226	0.192094221711159	
-0.0157881174236536	-0.0453955344855785	0.401407986879349	0.234929993748665	
-0.0193309988826513	-0.0595693625509739	0.439921081066132	0.254767686128616	
-0.0291959661990404	-0.0698681101202965	0.461413890123367	0.255503386259079	
-0.044510904699564	-0.0752781108021736	0.466430574655533	0.243471890687943	
-0.0635534822940826	-0.0751284062862396	0.456699639558792	0.226327300071716	
-0.0839825123548508	-0.0692326948046684	0.43484503030777	0.211832150816917	
-0.103164002299309	-0.0579794272780418	0.404041796922684	0.206743210554123	
-0.118541069328785	-0.0423489362001419	0.36765056848526	0.215950667858124	
-0.127990737557411	-0.0238466821610928	0.32886415719986	0.241974130272865	
-0.1301139742136	-0.00435570254921913	0.290396004915237	0.284853488206863	
-0.124416455626488	0.014075068756938	0.254236698150635	0.342406719923019	
-0.11135620623827	0.0294780042022467	0.221497416496277	0.410772532224655	
-0.0922547876834869	0.0402135662734509	0.192353397607803	0.485119611024857	
-0.069090224802494	0.0451792106032372	0.166090726852417	0.5603928565979	
-0.0442070029675961	0.0439478866755962	0.141250997781754	0.631976842880249	
-0.0199896693229675	0.0368140116333961	0.115857683122158	0.696187555789948	
0.00145011651329696	0.024739433079958	0.0876993387937546	0.750542759895325	
0.0185278672724962	0.00920767337083817	0.0546371415257454	0.793807804584503	
0.030348215252161	-0.00799054652452469	0.0149000650271773	0.825848996639252	
0.0367569848895073	-0.0250067841261625	-0.0326686464250088	0.847356617450714	
0.038283821195364	-0.040180616080761	-0.088445171713829	0.859510540962219	
0.0359926745295525	-0.0522444173693657	-0.151960834860802	0.863656163215637	
0.0312702879309654	-0.0604576915502548	-0.221948385238647	0.861046731472015	
0.0255901776254177	-0.0646540224552155	-0.296492576599121	0.852680802345276	
0.0202902741730213	-0.0651986673474312	-0.373263418674469	0.839240372180939	
0.016397038474679	-0.062869518995285	-0.449799001216888	0.821114361286163	
0.0145184639841318	-0.0586863718926907	-0.523796796798706	0.798476457595825	
0.0148153528571129	-0.0537202283740044	-0.593371748924255	0.771383345127106	
0.0170466918498278	-0.0489160008728504	-0.657243609428406	0.739862501621246	
0.0206733196973801	-0.0449570901691914	-0.714828073978424	0.703971207141876	
0.024996081367135	-0.042191032320261	-0.766221523284912	0.663820207118988	
0.0293014477938414	-0.0406230986118317	-0.81208461523056	0.619568705558777	
0.0329891704022884	-0.0399720706045628	-0.853447556495667	0.571407437324524	
0.0356623865664005	-0.0397715345025063	-0.891471326351166	0.519545435905457	
0.0371692180633545	-0.0394931323826313	-0.927204728126526	0.464215606451035	
0.0375945828855038	-0.038666021078825	-0.961377263069153	0.405703186988831	
0.0372099168598652	-0.0369699262082577	-0.994261205196381	0.344392865896225	
0.0363951623439789	-0.0342860594391823	-1.02562177181244	0.280819892883301	
0.0355509072542191	-0.0307000931352377	-1.05476129055023	0.215706005692482	
0.0350182764232159	-0.02646129950881	-1.08064520359039	0.149962469935417	
0.0350209064781666	-0.0219107531011105	-1.10208511352539	0.0846479535102844	
0.0356376208364964	-0.017396779730916	-1.11794555187225	0.0208806805312634	
0.0368075259029865	-0.0131971910595894	-1.12733745574951	-0.0402831807732582	
0.0383629202842712	-0.00946496427059174	-1.12976634502411	-0.0979822054505348	
0.0400803238153458	-0.00620777904987335	-1.12521147727966	-0.151664152741432	
0.041737288236618	-0.00330375717021525	-1.11412608623505	-0.201153203845024	
0.0431626290082932	-0.000547479838132858	-1.09736144542694	-0.246648654341698	
0.0442701205611229	0.00228613568469882	-1.07603216171265	-0.288647294044495	
0.0450699329376221	0.00537611078470945	-1.05134868621826	-0.327798187732697	
0.045657079666853	0.00880369078367949	-1.0244460105896	-0.364715725183487	
0.046181071549654	0.0125268502160907	-0.996238648891449	-0.39978751540184	
0.0468045547604561	0.0163868889212608	-0.96732234954834	-0.433020114898682	
0.0476607158780098	0.0201454665511847	-0.93793785572052	-0.463959217071533	
0.0488189160823822	0.0235433019697666	-0.9079949259758	-0.491709649562836	
0.0502660535275936	0.0263667013496161	-0.877148628234863	-0.515059173107147	
0.0519074201583862	0.0285060666501522	-0.844910204410553	-0.53268951177597	
0.053586769849062	0.0299921352416277	-0.810769259929657	-0.543436646461487	
0.0551212504506111	0.0310004483908415	-0.774306774139404	-0.54654997587204	
0.056343849748373	0.0318214818835258	-0.73527991771698	-0.541895091533661	
0.057144470512867	0.0328015573322773	-0.693669021129608	-0.530054152011871	
0.0575010702013969	0.0342662967741489	-0.649683177471161	-0.512293994426727	
0.057494267821312	0.0364427156746387	-0.603729784488678	-0.490398496389389	
0.0573019236326218	0.0393968895077705	-0.556359231472015	-0.466388732194901	
0.0571741759777069	0.043001614511013	-0.508197784423828	-0.442178934812546	
0.0573929660022259	0.0469424463808537	-0.45988267660141	-0.419231235980988	
0.0582231357693672	0.050763051956892	-0.412008702754974	-0.398277521133423	
0.0598637238144875	0.0539424680173397	-0.365092217922211	-0.379166096448898	
0.0624080933630466	0.0559902042150497	-0.319552332162857	-0.360870182514191	
0.0658201426267624	0.0565409772098064	-0.275705128908157	-0.341664910316467	
0.0699308887124062	0.0554303750395775	-0.233763843774796	-0.319447994232178	
0.0744564458727837	0.052736047655344	-0.19383804500103	-0.292149901390076	
0.079034686088562	0.0487753227353096	-0.155927285552025	-0.258160412311554	
0.0832747668027878	0.044058546423912	-0.119907677173615	-0.216693207621574	
0.0868118405342102	0.0392058566212654	-0.0855145454406738	-0.16801843047142	
0.0893581658601761	0.0348423682153225	-0.0523278824985027	-0.113516911864281	
0.0907429233193398	0.0314908996224403	-0.0197687055915594	-0.0555414669215679	
0.0909346714615822	0.0294820051640272	0.0128856049850583	0.00289348163641989	
-0.090043380856514	-0.0288979299366474	-0.0464621335268021	-0.0585408397018909	
-0.0883021727204323	-0.0295606181025505	-0.0818289294838905	-0.108392544090748	
-0.0860321074724197	-0.0310657154768705	-0.11981239169836	-0.150110021233559	
-0.0835955739021301	-0.0328558906912804	-0.161105498671532	-0.182337000966072	
-0.0813458189368248	-0.0343196243047714	-0.206180572509766	-0.204840138554573	
-0.0795799791812897	-0.0348971076309681	-0.255220592021942	-0.218455001711845	
-0.0785023346543312	-0.034174058586359	-0.308081537485123	-0.224851608276367	
-0.0782026797533035	-0.0319469980895519	-0.364293038845062	-0.226166412234306	
-0.078651987016201	-0.0282492283731699	-0.423098593950272	-0.224572077393532	
-0.0797149017453194	-0.0233345590531826	-0.483529478311539	-0.221866086125374	
-0.0811760500073433	-0.0176235735416412	-0.544500470161438	-0.219153538346291	
-0.0827751830220222	-0.0116240540519357	-0.604911923408508	-0.216679558157921	
-0.0842452272772789	-0.00584134459495544	-0.663742184638977	-0.213836222887039	
-0.0853471383452415	-0.000695383409038186	-0.720115721225739	-0.209334686398506	
-0.0858967453241348	0.00354107934981585	-0.773339807987213	-0.201501235365868	
-0.0857801511883736	0.00677354028448462	-0.822905957698822	-0.188633888959885	
-0.0849567353725433	0.00908300373703241	-0.868462860584259	-0.169346019625664	
-0.083450973033905	0.0106930173933506	-0.909769535064697	-0.142830088734627	
-0.0813360586762428	0.0119155114516616	-0.946643948554993	-0.108992636203766	
-0.0787137895822525	0.0130876982584596	-0.978918969631195	-0.068440817296505	
-0.0756952092051506	0.0145127661526203	-1.00641620159149	-0.0223318319767714	
-0.0723861083388329	0.0164149068295956	-1.02894258499146	0.0278751235455275	
-0.0688799098134041	0.0189150106161833	-1.046306848526	0.0807056799530983	
-0.0652585700154305	0.0220282133668661	-1.05834949016571	0.134931311011314	
-0.061599925160408	0.0256795901805162	-1.06497228145599	0.189748004078865	
-0.0579881258308887	0.0297307781875134	-1.06615734100342	0.24483622610569	
-0.0545227862894535	0.0340089164674282	-1.06196522712708	0.300293445587158	
-0.0513221509754658	0.0383302234113216	-1.05250751972198	0.356459885835648	
-0.0485167913138866	0.0425134561955929	-1.03789925575256	0.413682222366333	
-0.0462323017418385	0.0463825203478336	-1.01820003986359	0.47207447886467	
-0.0445621125400066	0.0497616343200207	-0.993360996246338	0.531335175037384	
-0.0435344912111759	0.0524694547057152	-0.96319580078125	0.590668201446533	
-0.0430803261697292	0.0543195866048336	-0.927388966083527	0.648829817771912	
-0.0430096127092838	0.0551337003707886	-0.885552048683167	0.704295933246613	
-0.0430047735571861	0.0547698214650154	-0.837324142456055	0.755514979362488	
-0.0426370203495026	0.053163718432188	-0.78250390291214	0.801189124584198	
-0.0414087176322937	0.0503758937120438	-0.721189677715302	0.840519785881042	
-0.03882010653615	0.046632956713438	-0.653898477554321	0.873356580734253	
-0.0344535931944847	0.0423500873148441	-0.581632494926453	0.900209069252014	
-0.0280640088021755	0.0381228215992451	-0.505868792533875	0.922110140323639	
-0.0196599736809731	0.0346806794404984	-0.428459376096725	0.940352439880371	
-0.00956012587994337	0.0328022241592407	-0.351445108652115	0.956149935722351	
0.00159032654482871	0.0331994518637657	-0.27680441737175	0.970296680927277	
0.0128529258072376	0.0363873802125454	-0.206174433231354	0.982899725437164	
0.0230824016034603	0.0425605736672878	-0.14059191942215	0.993252217769623	
0.0310609005391598	0.0515006519854069	-0.0803051069378853	0.999886453151703	
0.0356658771634102	0.0625366196036339	-0.0246993880718946	1.00080955028534	
0.0360497795045376	0.0745730400085449	0.0276348665356636	0.993886411190033	
0.0318047814071178	0.0861908495426178	0.0786876976490021	0.977298736572266	
0.0230845529586077	0.0958129838109016	0.130689218640327	0.94999098777771	
0.0106585305184126	0.101914837956429	0.185689747333527	0.912008106708527	
-0.00411803368479013	0.103249818086624	0.245125144720078	0.864647090435028	
-0.0194235928356647	0.0990549623966217	0.30944162607193	0.810379445552826	
-0.0331711322069168	0.089201882481575	0.377849876880646	0.752542495727539	
-0.0432685352861881	0.0742652118206024	0.44826328754425	0.694847941398621	
-0.0479052551090717	0.0554920099675655	0.517446875572205	0.640791714191437	
-0.0458249673247337	0.0346712358295918	0.581370532512665	0.593077301979065	
-0.0365425050258636	0.0139182033017278	0.635725140571594	0.553163886070251	
-0.020468432456255	-0.00459664687514305	0.676528990268707	0.521033823490143	
0.00108399090822786	-0.018935464322567	0.700733304023743	0.495233088731766	
0.0260187517851591	-0.0276543963700533	0.706728398799896	0.473187208175659	
0.051694493740797	-0.029999116435647	0.694664537906647	0.451739221811295	
0.0752516612410545	-0.0260048601776361	0.666524946689606	0.427811205387115	
0.0939864665269852	-0.0164860617369413	0.625927150249481	0.399060636758804	
0.105719432234764	-0.00291800452396274	0.577670693397522	0.36439922451973	
0.109104603528976	0.0127703342586756	0.527091324329376	0.324263364076614	
0.103832066059113	0.0284596029669046	0.479315191507339	0.280570536851883	
0.0906905680894852	0.0421189330518246	0.438525468111038	0.236356109380722	
0.0714770630002022	0.0520586185157299	0.407356202602386	0.195149183273315	
0.048762571066618	0.0571205541491508	0.386511534452438	0.160201951861382	
0.025545671582222	0.0567818582057953	0.374674946069717	0.133722960948944	
0.00484278472140431	0.0511620342731476	0.368729948997498	0.116272613406181	
-0.0107251834124327	0.0409399196505547	0.364265024662018	0.106456778943539	
-0.0192887298762798	0.0272006131708622	0.35629066824913	0.101003892719746	
-0.0199750997126102	0.0112423850223422	0.340062379837036	0.0952413156628609	
-0.0130064198747277	-0.00562239484861493	0.3118856549263	0.0839100331068039	
0.00036356205237098	-0.0222403462976217	0.269779652357101	0.0621873587369919	
0.0180635247379541	-0.0377395637333393	0.213897377252579	0.0267389211803675	
0.0375353395938873	-0.0515880137681961	0.14663502573967	-0.02339649759233	
0.0561294108629227	-0.0635869055986404	0.0724108666181564	-0.0862680003046989	
0.0715025290846825	-0.0738095566630363	-0.00285801384598017	-0.156946420669556	
0.0819562375545502	-0.0825049355626106	-0.0725077465176582	-0.227980777621269	
0.0866636708378792	-0.0899889916181564	-0.130002081394196	-0.290336936712265	
0.0857511013746262	-0.0965461656451225	-0.169806212186813	-0.334691226482391	
0.080224335193634	-0.10235857218504	-0.188138499855995	-0.352883487939835	
0.0717552527785301	-0.107472129166126	-0.183497920632362	-0.339296698570251	
0.0623663142323494	-0.111800104379654	-0.156898736953735	-0.29193314909935	
0.0540673770010471	-0.115156419575214	-0.111785747110844	-0.212997317314148	
0.0485061444342136	-0.117305599153042	-0.053648229688406	-0.108871422708035	
0.0466906689107418	-0.118014276027679	0.0106096798554063	0.0105351191014051	
-0.0462919548153877	0.118310056626797	-0.0122326975688338	-0.00641006277874112	
-0.0485735610127449	0.117828145623207	-0.0752045661211014	-0.12881837785244	
-0.0541436374187469	0.115402728319168	-0.129480674862862	-0.241543635725975	
-0.0616949126124382	0.110976606607437	-0.168724775314331	-0.332510590553284	
-0.0694900304079056	0.104566775262356	-0.188228324055672	-0.392157852649689	
-0.0756864175200462	0.0962295606732368	-0.185334920883179	-0.414676368236542	
-0.0786809027194977	0.0860286504030228	-0.159617304801941	-0.398711502552032	
-0.0774150043725967	0.0740195512771606	-0.112804979085922	-0.347429811954498	
-0.0715885385870934	0.0602597072720528	-0.0484901592135429	-0.267951726913452	
-0.0617445707321167	0.0448458082973957	0.0283360499888659	-0.170248672366142	
-0.0492103211581707	0.0279720015823841	0.111851699650288	-0.0656822994351387	
-0.0359025374054909	0.00999489799141884	0.196005597710609	0.034586239606142	
-0.0240285117179155	-0.00851289462298155	0.275086522102356	0.121078610420227	
-0.0157309882342815	-0.0267397798597813	0.344205737113953	0.187160387635231	
-0.0127346916124225	-0.0436576418578625	0.399654060602188	0.229727849364281	
-0.0160517562180758	-0.0580967999994755	0.439113050699234	0.249347388744354	
-0.0257938914000988	-0.0688699707388878	0.461716502904892	0.249862685799599	
-0.0411216989159584	-0.0749307200312614	0.467972666025162	0.237564831972122	
-0.0603396147489548	-0.0755428299307823	0.45956951379776	0.220081210136414	
-0.0811216980218887	-0.0704314187169075	0.439091086387634	0.205170527100563	
-0.100832998752594	-0.0598867386579514	0.409678220748901	0.199610576033592	
-0.116896823048592	-0.0447968579828739	0.374667108058929	0.208335608243942	
-0.127151638269424	-0.0265959072858095	0.337238043546677	0.233926638960838	
-0.130144163966179	-0.00712818372994661	0.300104200839996	0.276493906974792	
-0.125316232442856	0.0115570882335305	0.265265762805939	0.333924770355225	
-0.11306020617485	0.0274529196321964	0.233849912881851	0.40241664648056	
-0.0946390479803085	0.0388476252555847	0.206049010157585	0.477178394794464	
-0.07198715955019	0.0445452816784382	0.181162193417549	0.553171575069427	
-0.0474263988435268	0.0440190099179745	0.157735198736191	0.625773012638092	
-0.0233424752950668	0.0374724976718426	0.13378332555294	0.691268742084503	
-0.00187115534208715	0.0257996097207069	0.107073321938515	0.747130811214447	
0.0153605053201318	0.010448188520968	0.075431652367115	0.79207044839859	
0.0274034328758717	-0.00679047079756856	0.0370427444577217	0.825900197029114	
0.034047544002533	-0.0240332465618849	-0.00929995719343424	0.849264562129974	
0.0357734449207783	-0.039558619260788	-0.064022071659565	0.863310575485229	
0.033610463142395	-0.0520231872797012	-0.126698359847069	0.869366109371185	
0.0289299879223108	-0.0606096498668194	-0.196094274520874	0.868680953979492	
0.0232107397168875	-0.0650869086384773	-0.270313262939453	0.862260103225708	
0.0178140737116337	-0.0657780915498734	-0.347028881311417	0.850796103477478	
0.013802538625896	-0.0634475275874138	-0.423768818378448	0.834685504436493	
0.0118253054097295	-0.0591307356953621	-0.498208999633789	0.814100921154022	
0.0120811890810728	-0.0539392791688442	-0.568436086177826	0.789084911346436	
0.0143566653132439	-0.048874843865633	-0.633139848709106	0.759637117385864	
0.0181243810802698	-0.0446826666593552	-0.691709101200104	0.725774228572845	
0.0226792637258768	-0.0417656488716602	-0.744219601154327	0.687558472156525	
0.0272854845970869	-0.0401680395007133	-0.791319906711578	0.64509904384613	
0.0313085466623306	-0.039624635130167	-0.834036648273468	0.59854131937027	
0.0343119911849499	-0.0396599136292934	-0.873533546924591	0.548060417175293	
0.0361064970493317	-0.0397136807441711	-0.91086483001709	0.493870437145233	
0.0367486737668514	-0.039266973733902	-0.946764171123505	0.436254918575287	
0.0364959314465523	-0.0379441939294338	-0.981502056121826	0.375612288713455	
0.0357309430837631	-0.0355741530656815	-1.01483249664307	0.312502980232239	
0.0348730385303497	-0.0322022214531898	-1.04603540897369	0.247679755091667	
0.0342944674193859	-0.0280562359839678	-1.07404208183289	0.182084083557129	
0.0342565290629864	-0.0234778337180614	-1.09762048721313	0.116798155009747	
0.0348752476274967	-0.0188370067626238	-1.11558532714844	0.0529530011117458	
0.0361196920275688	-0.014449761249125	-1.12699675559998	-0.00839490629732609	
0.0378395095467567	-0.0105164125561714	-1.13131368160248	-0.0663952305912971	
0.0398128665983677	-0.00709243305027485	-1.12847769260406	-0.120514638721943	
0.0418030023574829	-0.0040957098826766	-1.11891639232635	-0.170598775148392	
0.0436109267175198	-0.00134583038743585	-1.10347020626068	-0.216865047812462	
0.045113816857338	0.00137593026738614	-1.08325660228729	-0.259819537401199	
0.0462824553251266	0.00426135305315256	-1.05950057506561	-0.300108194351196	
0.0471759140491486	0.00742067489773035	-1.03335964679718	-0.338328123092651	
0.0479165650904179	0.0108514996245503	-1.00577354431152	-0.374837040901184	
0.048652358353138	0.0144382091239095	-0.977362036705017	-0.40960219502449	
0.0495156571269035	0.0179815255105495	-0.948383986949921	-0.442125916481018	
0.0505879893898964	0.0212508048862219	-0.918758869171143	-0.471471339464188	
0.051878534257412	0.0240462608635426	-0.88814240694046	-0.496391624212265	
0.0533207915723324	0.0262559372931719	-0.856038451194763	-0.515544712543488	
0.0547879822552204	0.0278932973742485	-0.821923732757568	-0.527755498886108	
0.0561236329376698	0.0291055254638195	-0.785365283489227	-0.532273948192596	
0.0571807213127613	0.0301491748541594	-0.746109068393707	-0.528975427150726	
0.057860903441906	0.0313372351229191	-0.704131424427032	-0.518456220626831	
0.0581454373896122	0.0329682193696499	-0.65964686870575	-0.501996636390686	
0.0581109113991261	0.0352524816989899	-0.613079428672791	-0.481389105319977	
0.0579259656369686	0.038251981139183	-0.565006375312805	-0.458654791116714	
0.0578288584947586	0.0418477058410645	-0.516088962554932	-0.435698300600052	
0.058089442551136	0.0457433760166168	-0.467003524303436	-0.413963258266449	
0.0589621402323246	0.0495067872107029	-0.418383687734604	-0.39415717124939	
0.0606382787227631	0.0526423715054989	-0.370779901742935	-0.376101970672607	
0.0632065013051033	0.0546816438436508	-0.324637055397034	-0.358747124671936	
0.0666284710168839	0.0552742443978786	-0.280286133289337	-0.340350776910782	
0.0707346647977829	0.0542613975703716	-0.23794387280941	-0.318802952766418	
0.0752414241433144	0.0517167374491692	-0.197713062167168	-0.29203662276268	
0.0797869339585304	0.0479452572762966	-0.1595788449049	-0.258453100919724	
0.0839805230498314	0.0434393957257271	-0.123398885130882	-0.217283591628075	
0.0874574482440948	0.0387993492186069	-0.0888900756835938	-0.168817728757858	
0.0899305567145348	0.0346318446099758	-0.0556176193058491	-0.11445340514183	
0.0912305563688278	0.0314459390938282	-0.0229940600693226	-0.0565543435513973	
0.0913289785385132	0.0295650269836187	0.00970418099313974	0.00186281173955649	
-0.0903401970863342	-0.0290713831782341	-0.0432979911565781	-0.0575580187141895	
-0.0885028317570686	-0.0297934170812368	-0.0786439627408981	-0.107538260519505	
-0.0861436724662781	-0.0313377566635609	-0.116554751992226	-0.149485141038895	
-0.0836301296949387	-0.0331599414348602	-0.157710939645767	-0.18206375837326	
-0.0813186764717102	-0.0346603877842426	-0.202577218413353	-0.205059200525284	
-0.0795071944594383	-0.0352878794074059	-0.251336604356766	-0.219318985939026	
-0.0783980935811996	-0.0346317067742348	-0.303854256868362	-0.226516231894493	
-0.0780771523714066	-0.0324863530695438	-0.359678506851196	-0.228781118988991	
-0.0785102769732475	-0.0288780499249697	-0.418079614639282	-0.228271573781967	
-0.0795575156807899	-0.0240500010550022	-0.478121280670166	-0.226764410734177	
-0.0810008719563484	-0.0184108335524797	-0.538753092288971	-0.225341349840164	
-0.0825807452201843	-0.0124574508517981	-0.598909080028534	-0.224224850535393	
-0.0840344429016113	-0.00668758386746049	-0.657597064971924	-0.222787722945213	
-0.0851308181881905	-0.0015184092335403	-0.713964581489563	-0.219726920127869	
-0.085695818066597	0.00277452496811748	-0.767334163188934	-0.213359713554382	
-0.0856259763240814	0.00608864845708013	-0.817205011844635	-0.201978966593742	
-0.0848891511559486	0.00849283486604691	-0.863226771354675	-0.184194520115852	
-0.0835141688585281	0.0101963318884373	-0.905154943466187	-0.15919391810894	
-0.0815730020403862	0.0114968400448561	-0.942801296710968	-0.126874849200249	
-0.0791601464152336	0.0127196088433266	-0.975991725921631	-0.0878296867012978	
-0.0763740837574005	0.0141598945483565	-1.00454163551331	-0.0431942455470562	
-0.0733046382665634	0.0160390473902225	-1.02825284004211	0.00559957511723042	
-0.0700285956263542	0.0184803828597069	-1.04693007469177	0.0571087226271629	
-0.0666135847568512	0.0215060152113438	-1.06040906906128	0.110137261450291	
-0.0631279647350311	0.0250511337071657	-1.06858503818512	0.16391210258007	
-0.0596529208123684	0.0289887227118015	-1.07143068313599	0.218140304088593	
-0.0562917552888393	0.0331565514206886	-1.06899178028107	0.272939920425415	
-0.0531717464327812	0.0373790599405766	-1.06136119365692	0.328665226697922	
-0.0504352077841759	0.0414797514677048	-1.04863023757935	0.385670989751816	
-0.0482187271118164	0.045283567160368	-1.0308324098587	0.444074839353561	
-0.0466225631535053	0.0486126802861691	-1.00789260864258	0.503576517105103	
-0.0456750318408012	0.0512820445001125	-0.979599595069885	0.563380181789398	
-0.0452992282807827	0.0531018078327179	-0.945617973804474	0.622242629528046	
-0.0452904812991619	0.0538923628628254	-0.905545115470886	0.678640007972717	
-0.0453126654028893	0.0535142943263054	-0.859012007713318	0.73101943731308	
-0.0449191480875015	0.0519104935228825	-0.805814504623413	0.778077602386475	
-0.0436005368828773	0.0491528585553169	-0.746051251888275	0.819003701210022	
-0.0408563874661922	0.0454820059239864	-0.680238783359528	0.853625655174255	
-0.0362828895449638	0.0413270071148872	-0.609374523162842	0.882420539855957	
-0.0296639911830425	0.0372935906052589	-0.53492283821106	0.906378090381622	
-0.0210503358393908	0.0341139547526836	-0.458712816238403	0.926740050315857	
-0.0108099244534969	0.0325585715472698	-0.382750868797302	0.944665849208832	
0.000363557162927464	0.0333185009658337	-0.308970957994461	0.960897505283356	
0.0114936381578445	0.0368748567998409	-0.238959059119225	0.975499033927917	
0.0214168019592762	0.0433775335550308	-0.173699706792831	0.987735569477081	
0.0289239529520273	0.0525573082268238	-0.11339432746172	0.996130764484406	
0.0329318344593048	0.0636928305029869	-0.0573941990733147	0.998703896999359	
0.0326614752411842	0.075646810233593	-0.00427484652027488	0.993350565433502	
0.0277964640408754	0.0869749933481216	0.0479445494711399	0.978297412395477	
0.0185936391353607	0.0960989147424698	0.101458542048931	0.952539324760437	
0.00592303043231368	0.10152105987072	0.15825642645359	0.916167497634888	
-0.00877765193581581	0.102051578462124	0.219691812992096	0.870511531829834	
-0.0236368365585804	0.0970107838511467	0.286114513874054	0.818052768707275	
-0.0365605764091015	0.0863726958632469	0.356634110212326	0.762110650539398	
-0.0454979464411736	0.0708221718668938	0.429068326950073	0.70634913444519	
-0.0487259812653065	0.0517105162143707	0.50010222196579	0.654189825057983	
-0.0451136939227581	0.0309101901948452	0.565649688243866	0.608242392539978	
-0.0343244224786758	0.0105858677998185	0.621375143527985	0.569863677024841	
-0.016921903938055	-0.0070869093760848	0.663302063941956	0.538937330245972	
0.00564262550324202	-0.020214419811964	0.688416123390198	0.513927459716797	
0.0311685614287853	-0.0274447947740555	0.695166349411011	0.492205440998077	
0.056957196444273	-0.0281555391848087	0.68377673625946	0.470595628023148	
0.0801462605595589	-0.0225395355373621	0.656309127807617	0.446040153503418	
0.0980836972594261	-0.0115762250497937	0.61645370721817	0.4162537753582	
0.108688570559025	0.00310725485906005	0.569066822528839	0.380236446857452	
0.110746286809444	0.0194630455225706	0.519517838954926	0.338533908128738	
0.104093067348003	0.0353021062910557	0.472938925027847	0.293182015419006	
0.0896591991186142	0.0485832616686821	0.433491438627243	0.247330695390701	
0.0693607106804848	0.0576683655381203	0.403763025999069	0.204608336091042	
0.0458515584468842	0.0615068972110748	0.384393274784088	0.168342024087906	
0.0221694074571133	0.0597260445356369	0.373991459608078	0.140785217285156	
0.00132494419813156	0.0526183769106865	0.369366884231567	0.122511647641659	
-0.0141058983281255	0.041036069393158	0.366042703390121	0.112110875546932	
-0.0223270822316408	0.0262150969356298	0.358980625867844	0.106270626187325	
-0.0225538797676563	0.0095626562833786	0.343408703804016	0.100260376930237	
-0.0150963757187128	-0.00755529152229428	0.315628230571747	0.088754303753376	
-0.00128317775670439	-0.0239925030618906	0.27367627620697	0.0668622478842735	
0.0167620722204447	-0.038941603153944	0.217741802334785	0.0311889126896858	
0.0364561825990677	-0.0519810542464256	0.150269329547882	-0.0192755404859781	
0.0551514215767384	-0.0630508214235306	0.0757310539484024	-0.082612656056881	
0.0705286040902138	-0.0723701119422913	9.6978823421523E-5	-0.153907492756844	
0.0809275507926941	-0.0803195759654045	-0.069922648370266	-0.225704669952393	
0.0855645462870598	-0.0873144045472145	-0.127755537629128	-0.288948059082031	
0.0846049338579178	-0.0936934128403664	-0.167842879891396	-0.334276616573334	
0.0790824741125107	-0.0996433272957802	-0.18639063835144	-0.353480279445648	
0.0706817656755447	-0.105167932808399	-0.181895077228546	-0.340883672237396	
0.0614220649003983	-0.110101953148842	-0.155374184250832	-0.294426441192627	
0.0532964318990707	-0.114159747958183	-0.110279589891434	-0.216251149773598	
0.0479267723858356	-0.117003135383129	-0.0521075241267681	-0.112684100866318	
0.0462919548153877	-0.118310056626797	0.0122326975688338	0.00641006277874112	
-0.0458368398249149	0.118461690843105	-0.0138408113270998	-0.00227719638496637	
-0.0482510663568974	0.118408687412739	-0.0769519731402397	-0.124610938131809	
-0.0538916811347008	0.116233311593533	-0.131411612033844	-0.237546503543854	
-0.0614416673779488	0.111890643835068	-0.170880377292633	-0.329000383615494	
-0.0691630393266678	0.105440571904182	-0.190643832087517	-0.389380991458893	
-0.0752196833491325	0.0970017611980438	-0.188034519553185	-0.412829130887985	
-0.0780190154910088	0.086705356836319	-0.162607327103615	-0.397924512624741	
-0.0765140876173973	0.0746647417545319	-0.116066418588161	-0.347759306430817	
-0.0704148858785629	0.0609732270240784	-0.0519721247255802	-0.269379109144211	
-0.0602723509073257	0.045733630657196	0.0247206818312407	-0.172688663005829	
-0.0474199056625366	0.0291147101670504	0.108227133750916	-0.0689990743994713	
-0.0337808765470982	0.0114207994192839	0.192529827356339	0.0305571891367435	
-0.0215722098946571	-0.00684463419020176	0.271943867206573	0.116505719721317	
-0.0129519645124674	-0.0249423794448376	0.341595739126205	0.182192161679268	
-0.00966733507812023	-0.0419052913784981	0.397778302431107	0.224473372101784	
-0.0127598382532597	-0.0566002503037453	0.438161283731461	0.243864431977272	
-0.0223751030862331	-0.0678432509303093	0.461854249238968	0.24415522813797	
-0.0377078913152218	-0.0745547860860825	0.469331979751587	0.231590464711189	
-0.0570914037525654	-0.075932539999485	0.462243914604187	0.213767513632774	
-0.078217126429081	-0.0716118887066841	0.443135768175125	0.198437556624413	
-0.0984511971473694	-0.0617833882570267	0.415115118026733	0.192396104335785	
-0.115198589861393	-0.047241285443306	0.3814936876297	0.200618907809258	
-0.12625989317894	-0.029346888884902	0.34543851017952	0.225747033953667	
-0.130127444863319	-0.00990455038845539	0.309660971164703	0.267961025238037	
-0.126178190112114	0.00903699733316898	0.276169419288635	0.325218975543976	
-0.114737331867218	0.0254316255450249	0.246105417609215	0.393779456615448	
-0.097007229924202	0.0374951399862766	0.219677403569221	0.468894779682159	
-0.0748768225312233	0.0439373180270195	0.196197137236595	0.54554682970047	
-0.0506438091397285	0.0441301017999649	0.174214795231819	0.619108080863953	
-0.0266941990703344	0.0381848514080048	0.151738628745079	0.685837626457214	
-0.00518776103854179	0.0269258283078671	0.126515120267868	0.743163883686066	
0.0122051769867539	0.011763789691031	0.0963378548622131	0.789745032787323	
0.0244804620742798	-0.00551039585843682	0.0593482777476311	0.825339913368225	
0.0313703157007694	-0.0229793787002563	0.0142910992726684	0.850546360015869	
0.033304363489151	-0.0388603881001472	-0.0393085330724716	0.866476833820343	
0.0312755964696407	-0.0517335161566734	-0.101069629192352	0.874439895153046	
0.0266387928277254	-0.0607034862041473	-0.169792130589485	0.875680088996887	
0.0208773165941238	-0.0654730871319771	-0.243600785732269	0.871207475662231	
0.0153760965913534	-0.0663218423724175	-0.320176005363464	0.861724436283112	
0.0112346485257149	-0.0639992281794548	-0.397038221359253	0.847635209560394	
0.00914471969008446	-0.0595555454492569	-0.471845000982285	0.82911217212677	
0.00934483949095011	-0.0541424937546253	-0.542657196521759	0.806185603141785	
0.0116506917402148	-0.0488185957074165	-0.608136177062988	0.778828859329224	
0.0155482115224004	-0.044391468167305	-0.667644321918488	0.747020304203033	
0.0203274246305227	-0.0413202606141567	-0.72123658657074	0.7107754945755	
0.0252306535840034	-0.0396892614662647	-0.769548416137695	0.670154452323914	
0.0295890066772699	-0.0392503589391708	-0.813601136207581	0.625257909297943	
0.0329257734119892	-0.0395197980105877	-0.854559421539307	0.576226234436035	
0.035013172775507	-0.0399061478674412	-0.893481552600861	0.523253381252289	
0.0358783267438412	-0.0398425422608852	-0.931104123592377	0.466618597507477	
0.0357635281980038	-0.0388979502022266	-0.967695236206055	0.406731098890305	
0.0350532718002796	-0.0368483550846577	-1.00299799442291	0.344173282384872	
0.0341850928962231	-0.0336982533335686	-1.03627014160156	0.279725611209869	
0.0335622057318687	-0.0296534057706594	-1.06640994548798	0.214356884360313	
0.0334837324917316	-0.0250554289668798	-1.09214282035828	0.14917066693306	
0.0341033078730106	-0.020295575261116	-1.11223483085632	0.0853093191981316	
0.0354204811155796	-0.015727810561657	-1.12569606304169	0.0238291062414646	
0.0373026914894581	-0.0115997614338994	-1.13193881511688	-0.0344304330646992	
0.0395300500094891	-0.00801479071378708	-1.13086652755737	-0.0889539420604706	
0.0418515354394913	-0.00493070855736732	-1.12288105487823	-0.139607176184654	
0.0440401658415794	-0.00219224020838737	-1.10881054401398	-0.186624124646187	
0.045936144888401	0.000412942114053294	-1.08977377414703	-0.23051880300045	
0.0474704280495644	0.0030894698575139	-1.06700897216797	-0.271932870149612	
0.0486657358705997	0.00597678497433662	-1.0416944026947	-0.311445623636246	
0.0496170669794083	0.00911241583526134	-1.01479423046112	-0.349384725093842	
0.0504577271640301	0.01242411788553	-0.986950933933258	-0.385678440332413	
0.0513196103274822	0.0157518871128559	-0.958440542221069	-0.419786483049393	
0.0522970519959927	0.0188937541097403	-0.929191768169403	-0.450731039047241	
0.0534223541617393	0.0216636694967747	-0.898860394954681	-0.477231323719025	
0.0546581484377384	0.0239469241350889	-0.866942286491394	-0.497922033071518	
0.0559079386293888	0.0257391277700663	-0.832901358604431	-0.511616885662079	
0.0570422150194645	0.0271584317088127	-0.796290040016174	-0.5175661444664	
0.0579341500997543	0.0284268148243427	-0.756843149662018	-0.515653908252716	
0.0584969632327557	0.0298234019428492	-0.714532613754272	-0.506489276885986	
0.0587145835161209	0.0316193327307701	-0.669578492641449	-0.491364806890488	
0.0586586110293865	0.0340083166956902	-0.622421443462372	-0.472079873085022	
0.0584873110055923	0.0370485559105873	-0.573665976524353	-0.450654476881027	
0.0584259107708931	0.0406298711895943	-0.524008512496948	-0.428982526063919	
0.0587311759591103	0.0444749370217323	-0.474164843559265	-0.408488720655441	
0.0596464239060879	0.0481765642762184	-0.424807906150818	-0.389855891466141	
0.0613550506532192	0.0512653440237045	-0.376522719860077	-0.372879922389984	
0.0639411732554436	0.0532953515648842	-0.32978019118309	-0.35648700594902	
0.0673648864030838	0.0539313741028309	-0.284926503896713	-0.338918894529343	
0.0714570581912994	0.0530201643705368	-0.242182046175003	-0.318058460950851	
0.0759353712201118	0.0506308600306511	-0.201643079519272	-0.291841596364975	
0.0804394260048866	0.0470554307103157	-0.163280427455902	-0.258681267499924	
0.0845795720815659	0.0427675507962704	-0.126933559775352	-0.217826023697853	
0.0879917740821838	0.0383466258645058	-0.0923013687133789	-0.169584587216377	
0.0903895795345306	0.0343802943825722	-0.0589347928762436	-0.115371391177177	
0.0916050300002098	0.0313634015619755	-0.026238601654768	-0.0575604364275932	
0.0916120111942291	0.0296120271086693	0.00651093386113644	0.000829872442409396	
-0.0905285254120827	-0.0292086638510227	-0.0401276610791683	-0.0565668009221554	
-0.088597796857357	-0.0299886371940374	-0.0754559263586998	-0.106672361493111	
-0.0861516147851944	-0.0315701887011528	-0.113294042646885	-0.148847982287407	
-0.0835618078708649	-0.0334224328398705	-0.154309779405594	-0.181779593229294	
-0.0811878368258476	-0.0349584184587002	-0.19896012544632	-0.205269932746887	
-0.0793284103274345	-0.0356360375881195	-0.247428193688393	-0.220177739858627	
-0.0781844332814217	-0.0350484810769558	-0.299588769674301	-0.228178650140762	
-0.0778382420539856	-0.0329883135855198	-0.355009257793427	-0.231396108865738	
-0.0782513692975044	-0.0294745676219463	-0.412987172603607	-0.231973305344582	
-0.0792798548936844	-0.024739557877183	-0.472618997097015	-0.231666624546051	
-0.0807035863399506	-0.0191795844584703	-0.532889246940613	-0.231535017490387	
-0.0822637975215912	-0.0132802557200193	-0.592765688896179	-0.231779053807259	
-0.0837021991610527	-0.00753131182864308	-0.651285350322723	-0.23175323009491	
-0.0847952663898468	-0.00234687607735395	-0.707618594169617	-0.230141147971153	
-0.0853786692023277	0.00199489830993116	-0.761102855205536	-0.225251823663712	
-0.0853589102625847	0.00538346264511347	-0.811244785785675	-0.215373501181602	
-0.0847119018435478	0.00787555705755949	-0.85769522190094	-0.199112713336945	
-0.0834705829620361	0.00966606009751558	-0.900206446647644	-0.1756521910429	
-0.0817056372761726	0.0110383285209537	-0.938584625720978	-0.144880563020706	
-0.0795044302940369	0.0123055037111044	-0.972649693489075	-0.107375167310238	
-0.0769531726837158	0.0137547524645925	-1.00221192836761	-0.0642501190304756	
-0.0741260945796967	0.015604411251843	-1.02706933021545	-0.0169097017496824	
-0.071083664894104	0.0179800428450108	-1.04702341556549	0.0332346335053444	
-0.0678793042898178	0.0209105964750051	-1.06190609931946	0.0850198194384575	
-0.064571775496006	0.0243412628769875	-1.07160723209381	0.137703940272331	
-0.0612388513982296	0.0281563773751259	-1.07608985900879	0.191021040081978	
-0.0579868257045746	0.032204482704401	-1.07538604736328	0.245110288262367	
-0.0549511462450027	0.036318589001894	-1.06956946849823	0.300340592861176	
-0.052284974604845	0.0403275266289711	-1.05870866775513	0.357075691223145	
-0.0501352213323116	0.0440580695867538	-1.04281163215637	0.415437787771225	
-0.0486086644232273	0.0473313331604004	-1.02177751064301	0.475128650665283	
-0.0477339029312134	0.0499595962464809	-0.995371878147125	0.535353541374207	
-0.0474270954728127	0.0517504699528217	-0.963240325450897	0.594870150089264	
-0.0474703684449196	0.0525237284600735	-0.924967050552368	0.652155101299286	
-0.0475109554827213	0.0521426685154438	-0.880175650119781	0.70565390586853	
-0.0470865406095982	0.0505568459630013	-0.828659176826477	0.75405740737915	
-0.0456780195236206	0.047848355025053	-0.770515382289886	0.796541750431061	
-0.042785856872797	0.0442699529230595	-0.706258475780487	0.832912385463715	
-0.0380208529531956	0.0402621477842331	-0.636878132820129	0.863613545894623	
-0.0311958193778992	0.0364380925893784	-0.563822686672211	0.889592349529266	
-0.0224020332098007	0.033529981970787	-0.488893985748291	0.91204047203064	
-0.0120543073862791	0.0322979316115379	-0.414060354232788	0.932064831256866	
-0.000891330069862306	0.0334106646478176	-0.341208249330521	0.950358033180237	
0.0100764380767941	0.0373151823878288	-0.271870642900467	0.966944456100464	
0.0196713022887707	0.0441178642213345	-0.206979304552078	0.981064856052399	
0.0266964714974165	0.0535012111067772	-0.146690100431442	0.99123740196228	
0.0301104709506035	0.0646972954273224	-0.0903229936957359	0.995495796203613	
0.0292038582265377	0.0765315815806389	-0.0364425182342529	0.991767942905426	
0.0237507969141006	0.0875395312905312	0.0169184356927872	0.978324592113495	
0.014108607545495	0.0961458683013916	0.0719145014882088	0.954208552837372	
0.00124355044681579	0.100883774459362	0.130470424890518	0.919553279876709	
-0.013329797424376	0.100622244179249	0.19385552406311	0.875715136528015	
-0.0276960320770741	0.0947650820016861	0.2623231112957	0.825178802013397	
-0.039760310202837	0.0833868980407715	0.334883570671082	0.771238803863525	
-0.0475180298089981	0.0672790929675102	0.409263014793396	0.717505156993866	
-0.0493373237550259	0.0478919632732868	0.482071906328201	0.667320311069489	
-0.0442139394581318	0.0271753631532192	0.549174547195435	0.623197138309479	
-0.0319587737321854	0.00733702490106225	0.606215298175812	0.586389243602753	
-0.0132854301482439	-0.00944812223315239	0.649228274822235	0.556683540344238	
0.0102221220731735	-0.0213348865509033	0.675237894058228	0.532465994358063	
0.0362653136253357	-0.0270659551024437	0.68275374174118	0.511059165000916	
0.0620952919125557	-0.0261511076241732	0.672073364257813	0.489274770021439	
0.0848539546132088	-0.0189391728490591	0.645334720611572	0.464081197977066	
0.101946763694286	-0.00657103443518281	0.606296181678772	0.433255672454834	
0.111395232379436	0.00917927548289299	0.559865295886993	0.395890057086945	
0.112117804586887	0.0261506848037243	0.511438608169556	0.352641046047211	
0.104096107184887	0.0420901328325272	0.466148376464844	0.305662363767624	
0.0883989632129669	0.054951123893261	0.428128898143768	0.258216053247452	
0.0670567378401756	0.0631508156657219	0.399917542934418	0.21402582526207	
0.0428004823625088	0.0657484158873558	0.382086902856827	0.176488965749741	
0.0187007896602154	0.0625216364860535	0.373171269893646	0.147899106144905	
-0.00224299053661525	0.0539349392056465	0.369906216859818	0.128839194774628	
-0.0175042990595102	0.041011419147253	0.367751181125641	0.117879793047905	
-0.0253632348030806	0.0251346677541733	0.361621141433716	0.11166675388813	
-0.0251238383352757	0.0078172842040658	0.346718817949295	0.105412267148495	
-0.0171829890459776	-0.00952450186014175	0.31934329867363	0.093725822865963	
-0.00294144498184323	-0.0257542636245489	0.277550846338272	0.0716528818011284	
0.015428576618433	-0.0401309207081795	0.22156734764576	0.0357408188283443	
0.0353229381144047	-0.0523441694676876	0.153886079788208	-0.0150654930621386	
0.0540996007621288	-0.0624725073575974	0.0790333226323128	-0.0788775086402893	
0.0694663897156715	-0.0708800181746483	0.00303207524120808	-0.150793194770813	
0.0798030942678452	-0.0780775249004364	-0.0673608258366585	-0.223352864384651	
0.0843694657087326	-0.0845777988433838	-0.125536575913429	-0.287479877471924	
0.0833688378334045	-0.0907725244760513	-0.165911585092545	-0.333778262138367	
0.0778608024120331	-0.0968518927693367	-0.184678494930267	-0.35399118065834	
0.0695399343967438	-0.102777034044266	-0.180329769849777	-0.342387735843658	
0.0604194700717926	-0.108304187655449	-0.153886288404465	-0.296847224235535	
0.0524732992053032	-0.113048806786537	-0.108805947005749	-0.219451487064362	
0.0472959950566292	-0.116571091115475	-0.0505919270217419	-0.116470642387867	
0.0458368398249149	-0.118461690843105	0.0138408113270998	0.00227719638496637	
-0.0453258790075779	0.118469007313251	-0.0154320625588298	0.00185844441875815	
-0.0478619523346424	0.11883020401001	-0.0786939486861229	-0.120364040136337	
-0.0535591579973698	0.116894140839577	-0.133349031209946	-0.233473017811775	
-0.0610932447016239	0.112629391252995	-0.173053652048111	-0.325380772352219	
-0.0687282755970955	0.106139458715916	-0.193086415529251	-0.386469334363937	
-0.0746370553970337	0.0976055637001991	-0.190768226981163	-0.410832196474075	
-0.0772392749786377	0.0872260481119156	-0.165636166930199	-0.396985054016113	
-0.0755002871155739	0.0751714035868645	-0.119369789958	-0.347945809364319	
-0.0691398680210114	0.0615696832537651	-0.0554987452924252	-0.270683765411377	
-0.0587154030799866	0.0465284064412117	0.0210567750036716	-0.175034254789352	
-0.0455643273890018	0.0301893930882216	0.104547455906868	-0.0722542554140091	
-0.0316139124333858	0.0128031093627214	0.188988476991653	0.0265563316643238	
-0.0190881416201591	-0.00519761489704251	0.268720626831055	0.111930646002293	
-0.010158228687942	-0.0231472384184599	0.338885903358459	0.177197143435478	
-0.00659247115254402	-0.0401405543088913	0.395780146121979	0.219174847006798	
-0.00946138240396976	-0.0550815984606743	0.437063127756119	0.238327592611313	
-0.0189451519399881	-0.0667897686362267	0.461822360754013	0.238390058279037	
-0.0342742092907429	-0.0741521120071411	0.470501571893692	0.22555810213089	
-0.0538126230239868	-0.0762994289398193	0.464713901281357	0.207395613193512	
-0.0752716213464737	-0.0727761462330818	0.446968406438828	0.191642612218857	
-0.0960205122828484	-0.0636716708540916	0.420340090990067	0.185108914971352	
-0.11344750225544	-0.0496848523616791	0.388116180896759	0.192809149622917	
-0.125316053628922	-0.0321026481688023	0.353449553251266	0.217442959547043	
-0.130063965916634	-0.0126882139593363	0.319048494100571	0.259261071681976	
-0.12700229883194	0.00651104794815183	0.286927700042725	0.316293507814407	
-0.116387352347374	0.0234101731330156	0.258241534233093	0.384862512350082	
-0.0993589535355568	0.0361521653831005	0.233213394880295	0.460267126560211	
-0.0777585580945015	0.0433516502380371	0.211167231202126	0.537513315677643	
-0.0538581274449825	0.044278085231781	0.190658181905746	0.611972749233246	
-0.0300430282950401	0.0389489009976387	0.169688612222672	0.679880976676941	
-0.00849691871553659	0.0281171035021544	0.145986527204514	0.738624632358551	
0.0090658888220787	0.0131548643112183	0.117314599454403	0.786810338497162	
0.0215847305953503	-0.00414849212393165	0.0817731246352196	0.824143171310425	
0.0287322327494621	-0.02184197306633	0.0380592755973339	0.851173281669617	
0.0308850184082985	-0.0380815379321575	-0.014350701123476	0.868977189064026	
0.02899787761271	-0.0513701662421227	-0.0751208141446114	0.878842115402222	
0.0244076270610094	-0.0607335045933723	-0.143087282776833	0.882005333900452	
0.0186015944927931	-0.0658068135380745	-0.216398954391479	0.879480719566345	
0.0129884090274572	-0.0668245032429695	-0.292746245861053	0.871979475021362	
0.00870540365576744	-0.0645198076963425	-0.369646012783051	0.85991382598877	
0.00648833904415369	-0.0599567778408527	-0.444740504026413	0.843456745147705	
0.00661722989752889	-0.0543266274034977	-0.516067445278168	0.8226278424263	
0.00893878657370806	-0.0487446524202824	-0.582261502742767	0.797376394271851	
0.0129538094624877	-0.0440812781453133	-0.642659246921539	0.767644643783569	
0.017948554828763	-0.0408527068793774	-0.697294592857361	0.733403384685516	
0.0231440272182226	-0.0391843244433403	-0.746788680553436	0.69466495513916	
0.0278368573635817	-0.0388461984694004	-0.792155861854553	0.651485681533813	
0.0315094441175461	-0.0393473356962204	-0.834559977054596	0.603970885276794	
0.0338945277035236	-0.04006577283144	-0.875061690807343	0.552292466163635	
0.0349885486066341	-0.0403871163725853	-0.914399445056915	0.496723115444183	
0.0350174829363823	-0.0398248992860317	-0.952838480472565	0.437679618597031	
0.0343667082488537	-0.038101963698864	-0.990110874176025	0.37576287984848	
0.0334913432598114	-0.0351813845336437	-1.02545320987701	0.311777621507645	
0.0328253582119942	-0.0312461946159601	-1.05773186683655	0.246717035770416	
0.0327058248221874	-0.0266373660415411	-1.0856306552887	0.181703701615334	
0.0333243869245052	-0.0217668861150742	-1.10786843299866	0.117889925837517	
0.0347115807235241	-0.0170263443142176	-1.12340593338013	0.056331243366003	
0.0367531403899193	-0.0127105237916112	-1.13160920143127	-0.00214324868284166	
0.0392314605414867	-0.00897067785263062	-1.13234376907349	-0.0570351369678974	
0.0418813675642014	-0.00580464163795114	-1.12598443031311	-0.108228839933872	
0.0444477573037148	-0.00308240135200322	-1.11334586143494	-0.155973345041275	
0.0467335619032383	-0.000598101760260761	-1.09554696083069	-0.200789198279381	
0.0486294776201248	0.00186575343832374	-1.07383739948273	-0.24331271648407	
0.0501215159893036	0.00447792513296008	-1.04941475391388	-0.284104913473129	
0.0512770973145962	0.00731605105102062	-1.02326607704163	-0.323463350534439	
0.0522149205207825	0.0103514594957232	-0.996055245399475	-0.361277908086777	
0.05306676030159	0.0134635623544455	-0.968074917793274	-0.396966308355331	
0.053940374404192	0.0164790879935026	-0.939261972904205	-0.429510802030563	
0.0548920147120953	0.0192255582660437	-0.909272015094757	-0.457597523927689	
0.0559143200516701	0.0215851776301861	-0.877592623233795	-0.479838222265244	
0.0569418631494045	0.0235351994633675	-0.843674302101135	-0.495035588741302	
0.0578726306557655	0.0251641590148211	-0.807054996490479	-0.502439558506012	
0.0586001835763454	0.0266588870435953	-0.767457962036133	-0.501942038536072	
0.0590490512549877	0.0282641910016537	-0.724850594997406	-0.494163632392883	
0.0592051818966866	0.0302235838025808	-0.679458379745483	-0.480407565832138	
0.0591342262923717	0.032714169472456	-0.631738662719727	-0.462478637695313	
0.0589829199016094	0.0357907004654408	-0.582323133945465	-0.442394286394119	
0.0589622929692268	0.0393524095416069	-0.531943619251251	-0.422036856412888	
0.0593150593340397	0.043141670525074	-0.481355845928192	-0.402811527252197	
0.060272790491581	0.0467770993709564	-0.431272268295288	-0.385376423597336	
0.0620107315480709	0.0498161613941193	-0.38231286406517	-0.369501531124115	
0.0646087378263474	0.0518360026180744	-0.3349749147892	-0.354090511798859	
0.0680260062217712	0.0525167882442474	-0.289620071649551	-0.337369203567505	
0.0720947831869125	0.0517106764018536	-0.246472775936127	-0.317213982343674	
0.0765352174639702	0.0494819134473801	-0.205622777342796	-0.291563987731934	
0.0809893906116486	0.0461087375879288	-0.167026951909065	-0.258843868970871	
0.0850695818662643	0.0420452803373337	-0.130506873130798	-0.218319371342659	
0.0884129479527473	0.0378493294119835	-0.0957438126206398	-0.170317843556404	
0.0907339081168175	0.0340887643396854	-0.0622750371694565	-0.116269648075104	
0.0918655171990395	0.0312437638640404	-0.0294982139021158	-0.0585584901273251	
0.0917834341526031	0.0296229515224695	0.00330975465476513	-0.000204077950911596	
-0.0906084403395653	-0.0293091870844364	-0.0369548909366131	-0.055568378418684	
-0.0885875076055527	-0.0301451459527016	-0.0722685679793358	-0.105795815587044	
-0.0860566198825836	-0.0317613109946251	-0.11003415286541	-0.148199126124382	
-0.0833915024995804	-0.0336410887539387	-0.15090623497963	-0.18148435652256	
-0.0809543505311012	-0.0352108255028725	-0.195333927869797	-0.205471217632294	
-0.0790447890758514	-0.0359380878508091	-0.243500575423241	-0.221028879284859	
-0.0778626129031181	-0.0354203246533871	-0.29529082775116	-0.229834884405136	
-0.0774873271584511	-0.0334483087062836	-0.350291550159454	-0.234005659818649	
-0.0778767094016075	-0.0300337933003902	-0.407827824354172	-0.235669568181038	
-0.0788834616541862	-0.0253979358822107	-0.467029213905334	-0.236562952399254	
-0.0802857577800751	-0.0199243146926165	-0.526915311813354	-0.237722650170326	
-0.0818259194493294	-0.0140868173912168	-0.586487531661987	-0.239328160881996	
-0.083249993622303	-0.00836679060012102	-0.644812047481537	-0.240716591477394	
-0.0843418166041374	-0.00317497039213777	-0.701081454753876	-0.240559101104736	
-0.0849463790655136	0.00120811129454523	-0.754647970199585	-0.23715715110302	
-0.0849796906113625	0.00466403691098094	-0.805025637149811	-0.228794917464256	
-0.0844253450632095	0.00723741948604584	-0.851866543292999	-0.214075893163681	
-0.083320140838623	0.00910868495702744	-0.894919991493225	-0.192177966237068	
-0.0817334428429604	0.0105467028915882	-0.933987259864807	-0.162980616092682	
-0.0797456428408623	0.0118523221462965	-0.968883335590363	-0.127045899629593	
-0.0774310007691383	0.0133044132962823	-0.999414503574371	-0.0854659378528595	
-0.0748485028743744	0.01511808950454	-1.02537596225739	-0.0396171621978283	
-0.0720425844192505	0.0174209773540497	-1.04656708240509	0.00912077631801367	
-0.0690525323152542	0.0202487055212259	-1.06281733512878	0.0596178695559502	
-0.0659273713827133	0.0235564056783915	-1.07401120662689	0.111163623631001	
-0.0627409890294075	0.0272398162633181	-1.08010315895081	0.163519382476807	
-0.0596019700169563	0.0311584770679474	-1.08111166954041	0.216845840215683	
-0.0566530860960484	0.0351543910801411	-1.07709193229675	0.271527290344238	
-0.0540575385093689	0.0390623584389687	-1.06809020042419	0.327937096357346	
-0.0519719570875168	0.0427118241786957	-1.05408954620361	0.386202961206436	
-0.0505094602704048	0.0459237992763519	-1.0349645614624	0.44602957367897	
-0.0496992841362953	0.0485088713467121	-1.01045858860016	0.506624042987823	
-0.0494516268372536	0.0502729453146458	-0.98019939661026	0.566745400428772	
-0.049536932259798	0.0510356947779655	-0.943758964538574	0.624870896339417	
-0.0495877526700497	0.050663135945797	-0.900754153728485	0.679444193840027	
-0.0491281785070896	0.0491108782589436	-0.850974917411804	0.729149639606476	
-0.0476313419640064	0.0464699193835258	-0.79451709985733	0.773149907588959	
-0.044600035995245	0.043003186583519	-0.731890499591827	0.811227440834045	
-0.0396602638065815	0.0391601957380772	-0.66407436132431	0.843793511390686	
-0.0326532386243343	0.035558857023716	-0.592496991157532	0.871752917766571	
-0.0237092394381762	0.0329288020730019	-0.518929660320282	0.896248579025269	
-0.0132871773093939	0.0320177488029003	-0.445298910140991	0.918337047100067	
-0.00216718320734799	0.0334709547460079	-0.373440742492676	0.938664495944977	
0.00861029792577028	0.0377013385295868	-0.3048335313797	0.957219004631042	
0.0178573410958052	0.0447731763124466	-0.240356117486954	0.973220467567444	
0.0243927743285894	0.0543234311044216	-0.180120170116425	0.985184669494629	
0.0272190738469362	0.0655414909124374	-0.123417094349861	0.991162300109863	
0.0256969351321459	0.0772201716899872	-0.0688043236732483	0.989114105701447	
0.0196898952126503	0.0878794714808464	-0.0143327545374632	0.977354228496552	
0.00965273939073086	0.0959516689181328	0.0421082116663456	0.954971015453339	
-0.00335663417354226	0.100003980100155	0.102375619113445	0.922135472297668	
-0.0177524816244841	0.0989660024642944	0.167652830481529	0.880225121974945	
-0.0315817221999168	0.0923249274492264	0.238096937537193	0.831721305847168	
-0.0427545085549355	0.0802538022398949	0.312621474266052	0.779887080192566	
-0.0493173785507679	0.0636465847492218	0.388865113258362	0.728272378444672	
-0.049732718616724	0.0440471731126308	0.463369518518448	0.680135846138	
-0.0431239940226078	0.0234766155481339	0.531955659389496	0.637890994548798	
-0.0294482596218586	0.00417943764477968	0.590254247188568	0.602687954902649	
-0.00956536084413528	-0.0116755785420537	0.634315431118011	0.574218690395355	
0.0148135460913181	-0.0222959108650684	0.661206305027008	0.550795078277588	
0.0412987023591995	-0.0265210308134556	0.66949862241745	0.529696106910706	
0.0670983046293259	-0.0239930562674999	0.659562826156616	0.507727205753326	
0.0893652364611626	-0.0152146890759468	0.633610248565674	0.481888830661774	
0.10556797683239	-0.00148433982394636	0.59546285867691	0.450025498867035	
0.113834165036678	0.0152822732925415	0.550073504447937	0.411324322223663	
0.113216608762741	0.0328166969120502	0.502859771251678	0.366554349660873	
0.103841260075569	0.0488075502216816	0.458947867155075	0.317986160516739	
0.0869122296571732	0.0612079165875912	0.422440022230148	0.268991321325302	
0.0645692497491837	0.0684937983751297	0.395819425582886	0.223384752869606	
0.0396145060658455	0.0698359981179237	0.37958961725235	0.184629082679749	
0.0151453725993633	0.0651628077030182	0.372209310531616	0.155053377151489	
-0.00585568277165294	0.0551090836524963	0.370341151952744	0.135245814919472	
-0.0209157299250364	0.0408660434186459	0.369382441043854	0.123755253851414	
-0.0283935070037842	0.0239613801240921	0.364203482866287	0.117184728384018	
-0.0276823528110981	0.00600936356931925	0.349983960390091	0.110689871013165	
-0.0192646160721779	-0.0115268975496292	0.323022425174713	0.0988176688551903	
-0.00461034383624792	-0.02752342261374	0.281395792961121	0.0765524953603745	
0.0140634970739484	-0.0413070358335972	0.225367560982704	0.0403880178928375	
0.034135963767767	-0.0526791550219059	0.157480075955391	-0.0107727749273181	
0.0529745258390903	-0.0618562661111355	0.0823137164115906	-0.0750686526298523	
0.0683168917894363	-0.0693459808826447	0.00594443315640092	-0.147609144449234	
0.0785844624042511	-0.0757875069975853	-0.0648241937160492	-0.220930367708206	
0.083080567419529	-0.0817892774939537	-0.123346425592899	-0.285936594009399	
0.0820454135537148	-0.0877941474318504	-0.164013117551804	-0.333199381828308	
0.0765621587634087	-0.093994602560997	-0.18300262093544	-0.354418098926544	
0.0683325827121735	-0.100308611989021	-0.178802564740181	-0.343809396028519	
0.0593610741198063	-0.106414139270782	-0.15243573486805	-0.299194544553757	
0.051599994301796	-0.111828573048115	-0.107365839183331	-0.222595900297165	
0.0466151386499405	-0.116011865437031	-0.0491028688848019	-0.120227210223675	
0.0453258790075779	-0.118469007313251	0.0154320625588298	-0.00185844441875815	
-0.0447596944868565	0.118331976234913	-0.0170045122504234	0.0059918207116425	
-0.0474061518907547	0.119090400636196	-0.080427885055542	-0.116083733737469	
-0.0531454719603062	0.117381066083908	-0.135289639234543	-0.229329809546471	
-0.0606487393379211	0.113187320530415	-0.175240531563759	-0.321658492088318	
-0.0681848376989365	0.106657080352306	-0.195551216602325	-0.383429020643234	
-0.0739379301667213	0.0980343371629715	-0.19353049993515	-0.408690690994263	
-0.0763417258858681	0.0875842198729515	-0.168697714805603	-0.395896822214127	
-0.0743745341897011	0.0755334869027138	-0.122708603739738	-0.347991228103638	
-0.0677654892206192	0.062043659389019	-0.0590634383261204	-0.271865665912628	
-0.0570769123733044	0.0472254492342472	0.017350671812892	-0.177283495664597	
-0.0436479039490223	0.0311920754611492	0.100818388164043	-0.0754441022872925	
-0.0294069368392229	0.0141384899616241	0.18538624048233	0.0225889645516872	
-0.0165823381394148	-0.00357464211992919	0.265420168638229	0.107359945774078	
-0.00735623436048627	-0.0213567446917295	0.336077898740768	0.172182887792587	
-0.00351661979220808	-0.0383655205368996	0.39365941286087	0.213840529322624	
-0.00616262573748827	-0.0535427145659924	0.43581634759903	0.232745587825775	
-0.0155096780508757	-0.0657112449407578	0.461616635322571	0.232576325535774	
-0.0308254659175873	-0.0737243816256523	0.471475273370743	0.219477131962776	
-0.0505071096122265	-0.0766452103853226	0.466971427202225	0.200975105166435	
-0.072287991642952	-0.0739260464906693	0.450579077005386	0.184795394539833	
-0.0935428068041801	-0.065553680062294	0.42534151673317	0.177758634090424	
-0.111644618213177	-0.052129965275526	0.394521325826645	0.184915617108345	
-0.124320544302464	-0.0348660051822662	0.361256301403046	0.209022924304008	
-0.129953697323799	-0.015482435002923	0.328249990940094	0.25040128827095	
-0.127788200974464	0.00397557951509953	0.297521620988846	0.307153820991516	
-0.118009746074677	0.0213846191763878	0.270236790180206	0.375668942928314	
-0.101693511009216	0.0348146855831146	0.246632650494576	0.451295703649521	
-0.0806314200162888	0.0427844636142254	0.22604501247406	0.529067933559418	
-0.0570680126547813	0.0444596707820892	0.207034453749657	0.604360342025757	
-0.0333869904279709	0.0397622175514698	0.187598824501038	0.673388004302979	
-0.0117957619950175	0.0293721593916416	0.165449619293213	0.733498573303223	
0.00594664597883821	0.0146215036511421	0.138320788741112	0.783247947692871	
0.0187215805053711	-0.00270320777781308	0.104273453354836	0.822287917137146	
0.0261401031166315	-0.0206180717796087	0.0619586706161499	0.851119875907898	
0.0285236705094576	-0.0372178964316845	0.0108042219653726	0.870782852172852	
0.0267869140952826	-0.0509280636906624	-0.0488995723426342	0.882540583610535	
0.0222472064197063	-0.060694120824337	-0.116027042269707	0.887621343135834	
0.0163950826972723	-0.0660824179649353	-0.188753858208656	0.887040913105011	
0.0106629272922873	-0.0672807097434998	-0.264783948659897	0.88151878118515	
0.00622672913596034	-0.0650045126676559	-0.341634094715118	0.871474981307983	
0.00386772770434618	-0.0603304356336594	-0.416934698820114	0.857084274291992	
0.00390925304964185	-0.0544884689152241	-0.488703072071075	0.838357269763947	
0.00623094942420721	-0.0486504472792149	-0.555548965930939	0.8152214884758	
0.0103501742705703	-0.0437498986721039	-0.616784036159515	0.787585377693176	
0.0155506413429976	-0.0403608307242393	-0.672420501708984	0.755377113819122	
0.02103266492486	-0.0386507473886013	-0.723064124584198	0.718562960624695	
0.0260583739727736	-0.0384090505540371	-0.769720733165741	0.677155435085297	
0.030068676918745	-0.0391385704278946	-0.813551425933838	0.631223976612091	
0.0327558033168316	-0.0401876680552959	-0.855617523193359	0.580917239189148	
0.0340842641890049	-0.0408949218690395	-0.896658062934875	0.526498556137085	
0.0342625044286251	-0.0407185629010201	-0.936934888362885	0.468388944864273	
0.0336757488548756	-0.0393280684947968	-0.976169407367706	0.407204240560532	
0.0327960215508938	-0.0366445928812027	-1.01357793807983	0.343769937753677	
0.0320877507328987	-0.0328277796506882	-1.04799580574036	0.279100388288498	
0.0319260731339455	-0.0282172635197639	-1.07806754112244	0.214334905147552	
0.0325410142540932	-0.0232451464980841	-1.10246527194977	0.150634258985519	
0.0339946262538433	-0.018340177834034	-1.12010169029236	0.08905278891325	
0.036191463470459	-0.0138440160080791	-1.13029754161835	0.0304095987230539	
0.0389165803790092	-0.00995571538805962	-1.13287937641144	-0.0248127300292253	
0.0418908409774303	-0.00671317894011736	-1.12819480895996	-0.0765157416462898	
0.0448309667408466	-0.00401176605373621	-1.11704361438751	-0.12496180832386	
0.047502338886261	-0.00165221048519015	-1.10054337978363	-0.170676559209824	
0.0497550666332245	0.000595782068558037	-1.07995307445526	-0.214290022850037	
0.0515380948781967	0.00293029937893152	-1.05648827552795	-0.256344467401505	
0.0528910718858242	0.00546916387975216	-1.03115701675415	-0.297107517719269	
0.0539181493222713	0.0082273818552494	-1.00464379787445	-0.336431264877319	
0.0547513030469418	0.0111238593235612	-0.977256417274475	-0.373692512512207	
0.0555123202502728	0.0140140121802688	-0.948939740657806	-0.407834529876709	
0.0562821626663208	0.0167388059198856	-0.919348359107971	-0.437511116266251	
0.0570843182504177	0.0191770642995834	-0.887961506843567	-0.461311727762222	
0.0578851848840714	0.021287277340889	-0.854216039180756	-0.478027880191803	
0.0586107335984707	0.0231278743594885	-0.817635059356689	-0.486908733844757	
0.0591750517487526	0.0248500481247902	-0.7779301404953	-0.487852811813354	
0.0595137141644955	0.0266638994216919	-0.735063910484314	-0.481490850448608	
0.0596140250563622	0.0287851002067327	-0.68926727771759	-0.469135046005249	
0.0595346912741661	0.0313741751015186	-0.641013979911804	-0.452594101428986	
0.0594097748398781	0.0344827063381672	-0.590963006019592	-0.433881491422653	
0.0594349764287472	0.0380198433995247	-0.539881706237793	-0.414867132902145	
0.0598379857838154	0.0417483411729336	-0.488565713167191	-0.39693608880043	
0.0608380287885666	0.0453133285045624	-0.437767595052719	-0.380721807479858	
0.0626020208001137	0.0482998080551624	-0.388142436742783	-0.365968823432922	
0.0652058571577072	0.0503084734082222	-0.340214282274246	-0.35155862569809	
0.0686085298657417	0.0510350838303566	-0.294360667467117	-0.335701942443848	
0.0726446807384491	0.0503371171653271	-0.250810235738754	-0.316269218921661	
0.0770380347967148	0.0482735149562359	-0.209646686911583	-0.291203141212463	
0.0814342498779297	0.0451081804931164	-0.170813173055649	-0.258940070867538	
0.085448369383812	0.0412749275565147	-0.134113803505898	-0.218762651085854	
0.0887192860245705	0.0373091697692871	-0.0992126539349556	-0.171016424894333	
0.0909623503684998	0.033758357167244	-0.0656338930130005	-0.117147028446198	
0.0920113399624825	0.0310875587165356	-0.0327687412500381	-0.0595472902059555	
0.0918430313467979	0.0295977834612131	0.000104542647022754	-0.00123777973931283	
-0.0905801504850388	-0.0293724052608013	-0.0337834171950817	-0.0545639619231224	
-0.0884725153446198	-0.0302618592977524	-0.0690855905413628	-0.104909658432007	
-0.0858595222234726	-0.0319094806909561	-0.106778934597969	-0.147539183497429	
-0.0831202641129494	-0.0338136665523052	-0.147504478693008	-0.181178063154221	
-0.0806194320321083	-0.0354147590696812	-0.191703289747238	-0.20566214621067	
-0.0786577090620995	-0.0361905731260777	-0.239559009671211	-0.221870273351669	
-0.0774341598153114	-0.0357432141900063	-0.290966272354126	-0.231481313705444	
-0.0770260319113731	-0.0338618122041225	-0.345531731843948	-0.23660434782505	
-0.0773880556225777	-0.0305507779121399	-0.402608335018158	-0.239353030920029	
-0.0783701539039612	-0.0260198563337326	-0.461358845233917	-0.241444051265717	
-0.079749271273613	-0.0206395164132118	-0.5208380818367	-0.243892788887024	
-0.0812689661979675	-0.0148714771494269	-0.580081045627594	-0.246858581900597	
-0.0826795995235443	-0.00918824970722198	-0.638182640075684	-0.249662101268768	
-0.0837720856070518	-0.00399681739509106	-0.694357633590698	-0.250962972640991	
-0.0844003036618233	0.000420167460106313	-0.747972726821899	-0.249055773019791	
-0.0844893604516983	0.00393655244261026	-0.798549115657806	-0.242221131920815	
-0.0840301215648651	0.00658483151346445	-0.845740258693695	-0.22905969619751	
-0.0830630511045456	0.00853088311851025	-0.88929295539856	-0.20874460041523	
-0.0816561654210091	0.0100289117544889	-0.929004371166229	-0.181146025657654	
-0.0798830837011337	0.0113672455772758	-0.964685261249542	-0.146810501813889	
-0.0778063833713531	0.0128162102773786	-0.99613893032074	-0.106808014214039	
-0.0754701569676399	0.0145874554291368	-1.0231591463089	-0.0624869167804718	
-0.072903037071228	0.0168104618787766	-1.04554414749146	-0.0151949217543006	
-0.0701302736997604	0.0195274073630571	-1.0631217956543	0.0339711345732212	
-0.0671909227967262	0.0227033346891403	-1.07577216625214	0.0843323394656181	
-0.0641545280814171	0.0262454990297556	-1.08344173431396	0.135677590966225	
-0.0611312501132488	0.0300247315317392	-1.08613574504852	0.188189566135406	
-0.0582703836262226	0.0338925272226334	-1.08389174938202	0.242268458008766	
-0.0557444281876087	0.037690345197916	-1.07673394680023	0.29829815030098	
-0.0537192337214947	0.0412511713802814	-1.06462180614471	0.356412589550018	
-0.0523141771554947	0.0443968549370766	-1.04740607738495	0.416320234537125	
-0.0515596233308315	0.0469372123479843	-1.02480900287628	0.477230697870255	
-0.051360871642828	0.0486771613359451	-0.996441781520844	0.537904858589172	
-0.0514782853424549	0.0494366511702538	-0.961865127086639	0.596820652484894	
-0.0515316799283028	0.0490842796862125	-0.920689404010773	0.652419686317444	
-0.0510336048901081	0.0475809648633003	-0.872701287269592	0.703379571437836	
-0.0494512319564819	0.0450251922011375	-0.817993581295013	0.748848617076874	
-0.0462909340858459	0.0416880808770657	-0.75706958770752	0.788586139678955	
-0.0411942936480045	0.0380257144570351	-0.690895140171051	0.822970449924469	
-0.0340302251279354	0.0346581973135471	-0.620875418186188	0.852864682674408	
-0.0249661840498447	0.032310213893652	-0.548747181892395	0.879364550113678	
-0.0145023111253977	0.0317152813076973	-0.476391851902008	0.903478384017944	
-0.00345655577257276	0.0334942825138569	-0.405592620372772	0.925809025764465	
0.00710462313145399	0.0380263701081276	-0.337771654129028	0.94631165266037	
0.0159868597984314	0.045335341244936	-0.273754924535751	0.964188814163208	
0.022027688100934	0.0550155341625214	-0.213611453771591	0.97795706987381	
0.0242753755301237	0.0662175938487053	-0.156606912612915	0.985685884952545	
0.0221610069274902	0.0777062922716141	-0.101295411586761	0.985369861125946	
0.0156359411776066	0.0879908353090286	-0.0457499884068966	0.975365400314331	
0.00524912076070905	0.095515213906765	0.0120921097695827	0.954803347587585	
-0.00785471685230732	0.0988837331533432	0.0740174055099487	0.923888027667999	
-0.0220244396477938	0.097088024020195	0.141122043132782	0.884012043476105	
-0.0352754034101963	0.0896981656551361	0.213467597961426	0.837647080421448	
-0.0455284230411053	0.0769832357764244	0.289873421192169	0.788017928600311	
-0.050885733217001	0.0599354952573776	0.367895275354385	0.738608956336975	
-0.0499067157506943	0.0401869080960751	0.444011747837067	0.692590653896332	
-0.0418431088328362	0.0198234636336565	0.514007031917572	0.652274906635284	
-0.0267963521182537	0.0011203030589968	0.573504328727722	0.618708252906799	
-0.005768530536443	-0.0137652941048145	0.618575215339661	0.591490030288696	
0.0194077845662832	-0.0230973344296217	0.646332740783691	0.568862020969391	
0.0462585352361202	-0.0258139632642269	0.655412435531616	0.548065304756165	
0.0719561874866486	-0.021689323708415	0.646256804466248	0.525904774665833	
0.0936712250113487	-0.0113775534555316	0.621147334575653	0.499418556690216	
0.108940474689007	0.00366964098066092	0.583964824676514	0.466523379087448	
0.116001009941101	0.0214003082364798	0.539701521396637	0.42650443315506	
0.114041022956371	0.0394445694983006	0.493789702653885	0.380243957042694	
0.103329412639141	0.0554384514689445	0.45134362578392	0.330128461122513	
0.0852020457386971	0.0673394054174423	0.416428357362747	0.279635936021805	
0.0619028769433498	0.0736856013536453	0.391469568014145	0.232668310403824	
0.0362991727888584	0.0737610012292862	0.376899689435959	0.192748621106148	
0.0115089528262615	0.0676442161202431	0.371101558208466	0.162236586213112	
-0.009507667273283	0.0561385974287987	0.370665639638901	0.141721710562706	
-0.02433549053967	0.0406003780663013	0.370929032564163	0.129728615283966	
-0.0314142033457756	0.0226975604891777	0.366719484329224	0.122816637158394	
-0.0302267950028181	0.00414217449724674	0.35319572687149	0.116085693240166	
-0.0213395748287439	-0.0135592361912131	0.326657593250275	0.104022637009621	
-0.00628890050575137	-0.0292977187782526	0.285203874111176	0.0815540477633476	
0.0126674165949225	-0.0424694381654263	0.229136273264885	0.045123603194952	
0.0328957922756672	-0.0529877729713917	0.161046341061592	-0.00640410324558616	
0.0517769530415535	-0.0612063519656658	0.085568442940712	-0.0711925327777863	
0.0670813247561455	-0.0677746683359146	0.00883137155324221	-0.144361391663551	
0.077273391187191	-0.0734581723809242	-0.0623145177960396	-0.218442648649216	
0.0817001536488533	-0.0789588168263435	-0.121186137199402	-0.284322887659073	
0.0806373581290245	-0.0847688093781471	-0.162148103117943	-0.332543671131134	
0.0751894488930702	-0.0910816788673401	-0.181363433599472	-0.354763597249985	
0.0670625790953636	-0.0977717712521553	-0.177313819527626	-0.345149755477905	
0.0582494288682938	-0.104439102113247	-0.151023119688034	-0.301467955112457	
0.0506785474717617	-0.110504068434238	-0.105960160493851	-0.225682273507118	
0.0458855554461479	-0.115327954292297	-0.0476417168974876	-0.123950108885765	
0.0447596944868565	-0.118331976234913	0.0170045122504234	-0.0059918207116425	
-0.0441389791667461	0.118050783872604	-0.0185562446713448	0.0101178977638483	
-0.0468837134540081	0.119187273085117	-0.0821511521935463	-0.111776255071163	
-0.0526501797139645	0.11769026517868	-0.137230023741722	-0.225123837590218	
-0.0601074546575546	0.113559313118458	-0.177436783909798	-0.317840576171875	
-0.0675320625305176	0.106987528502941	-0.198033228516579	-0.380266785621643	
-0.0731219872832298	0.0982818379998207	-0.196315601468086	-0.406410336494446	
-0.0753266662359238	0.0877737328410149	-0.171785682439804	-0.394664019346237	
-0.0731380209326744	0.0757452398538589	-0.126076191663742	-0.347897976636887	
-0.0662939995527267	0.0623899959027767	-0.0626594573259354	-0.272925227880478	
-0.055360235273838	0.0478202514350414	0.0136088794097304	-0.179434835910797	
-0.041675079613924	0.0321188978850842	0.0970458313822746	-0.0785651952028275	
-0.027165349572897	0.0154236620292068	0.181728079915047	0.0186601243913174	
-0.0140609107911587	-0.00197850726544857	0.262046158313751	0.102799974381924	
-0.00455250404775143	-0.0195732954889536	0.333173781633377	0.167156755924225	
-0.000446369085693732	-0.03658227622509	0.391416370868683	0.208478525280952	
-0.00286987470462918	-0.0519854500889778	0.434419304132462	0.227127134799957	
-0.0120744006708264	-0.0646093711256981	0.461233377456665	0.226723149418831	
-0.0273665394634008	-0.073273167014122	0.472247511148453	0.213357046246529	
-0.047178752720356	-0.0769714489579201	0.469009131193161	0.19451579451561	
-0.0692690908908844	-0.0750632211565971	0.453958779573441	0.177905917167664	
-0.0910199210047722	-0.0674312487244606	0.43010875582695	0.17035536468029	
-0.109790876507759	-0.0545787997543812	0.400696873664856	0.176948204636574	
-0.123273603618145	-0.0376395545899868	0.368844777345657	0.200496315956116	
-0.129796370863914	-0.0182902868837118	0.337249606847763	0.24139004945755	
-0.12853530049324	0.00142704835161567	0.307933270931244	0.297806829214096	
-0.119603678584099	0.0193510539829731	0.282070726156235	0.366203457117081	
-0.104009911417961	0.0334786176681519	0.259911835193634	0.441982537508011	
-0.0834941938519478	0.0422317981719971	0.240803882479668	0.520209610462189	
-0.0602718777954578	0.0446713492274284	0.223313465714455	0.596266329288483	
-0.0367239452898502	0.040622103959322	0.205435439944267	0.666350662708282	
-0.0150813469663262	0.0306894201785326	0.184866905212402	0.727773725986481	
0.00285143847577274	0.0161634907126427	0.159315466880798	0.779042422771454	
0.0158962588757277	-0.00117328809574246	0.126805305480957	0.819755136966705	
0.0236005503684282	-0.0193049795925617	0.0859428942203522	0.850363850593567	
0.0262283571064472	-0.0362655147910118	0.0361081510782242	0.871868312358856	
0.024652061983943	-0.0504023209214211	-0.0224548783153296	0.885506689548492	
0.0201680026948452	-0.0605799108743668	-0.088660441339016	0.892496109008789	
0.0142690651118755	-0.066294364631176	-0.160713866353035	0.893852770328522	
0.00841138418763876	-0.0676852017641068	-0.236336067318916	0.890303373336792	
0.00381041574291885	-0.065448671579361	-0.313047528266907	0.882275938987732	
0.00129435712005943	-0.0606726109981537	-0.388470411300659	0.869947969913483	
0.00123174616601318	-0.0546248815953732	-0.460604339838028	0.853322863578796	
0.00353715335950255	-0.0485334806144238	-0.528036117553711	0.832309067249298	
0.00774628622457385	-0.0433952063322067	-0.590053141117096	0.806783676147461	
0.0131416535004973	-0.039842527359724	-0.646645784378052	0.776634633541107	
0.0189035981893539	-0.0380860865116119	-0.698403298854828	0.741783678531647	
0.0242597870528698	-0.0379358045756817	-0.746320962905884	0.702200174331665	
0.028609074652195	-0.0388895124197006	-0.791555285453796	0.657917559146881	
0.0316021554172039	-0.0402668640017509	-0.83516651391983	0.609059154987335	
0.0331703312695026	-0.0413600690662861	-0.877893090248108	0.55587637424469	
0.0335032306611538	-0.041572317481041	-0.919993042945862	0.4987912774086	
0.0329848267138004	-0.0405195951461792	-0.961177289485931	0.438430607318878	
0.0321032963693142	-0.0380806773900986	-1.00064265727997	0.375637024641037	
0.0313531793653965	-0.0343911573290825	-1.03719556331635	0.311442852020264	
0.0311477240175009	-0.0297885611653328	-1.06944191455841	0.247001588344574	
0.0317557007074356	-0.0247243847697973	-1.09600949287415	0.183481127023697	
0.0332712158560753	-0.0196639411151409	-1.1157637834549	0.121934168040752	
0.0356181934475899	-0.014995370991528	-1.12798047065735	0.0631702989339828	
0.0385848209261894	-0.010965334251523	-1.13244783878326	0.0076575162820518	
0.0418782196938992	-0.00765178492292762	-1.12948477268219	-0.0445212535560131	
0.0451869480311871	-0.00497556384652853	-1.1198753118515	-0.0936401039361954	
0.0482386574149132	-0.00274415174499154	-1.10473358631134	-0.14022833108902	
0.0508425496518612	-0.000714606780093163	-1.08532655239105	-0.184908702969551	
0.0529102236032486	0.00134038552641869	-1.06288540363312	-0.22820445895195	
0.0544533766806126	0.00357879395596683	-1.03843796253204	-0.270353555679321	
0.0555616430938244	0.00605931086465716	-1.01268768310547	-0.31117108464241	
0.0563675202429295	0.00874034967273474	-0.985956847667694	-0.349993944168091	
0.0570073686540127	0.0115059847012162	-0.958197236061096	-0.385727673768997	
0.0575876198709011	0.0142105119302869	-0.929062366485596	-0.416994661092758	
0.0581633858382702	0.0167291518300772	-0.898022592067719	-0.442362576723099	
0.0587335713207722	0.0190013069659472	-0.864501118659973	-0.460611641407013	
0.0592526085674763	0.021054906770587	-0.828006088733673	-0.470989614725113	
0.0596552081406116	0.0230051074177027	-0.78823709487915	-0.473400503396988	
0.0598876960575581	0.0250269807875156	-0.745151877403259	-0.468483597040176	
0.0599380433559418	0.0273081716150045	-0.698986411094666	-0.457558423280716	
0.0598570369184017	0.0299926418811083	-0.650230765342712	-0.442435830831528	
0.0597649216651917	0.0331290513277054	-0.599571049213409	-0.425124198198318	
0.0598409473896027	0.0366369038820267	-0.547810137271881	-0.407479822635651	
0.0602968595921993	0.0402999222278595	-0.495783805847168	-0.390867412090302	
0.0613389424979687	0.0437904037535191	-0.444284677505493	-0.375895649194717	
0.0631256625056267	0.0467214807868004	-0.394003450870514	-0.362284034490585	
0.0657292604446411	0.0487178452312946	-0.345491260290146	-0.348892629146576	
0.0691092610359192	0.049491036683321	-0.299141824245453	-0.333917677402496	
0.073103703558445	0.0489037893712521	-0.255188435316086	-0.315224140882492	
0.077441044151783	0.0470093972980976	-0.213709115982056	-0.290758579969406	
0.081771582365036	0.0440568439662457	-0.174633681774139	-0.258969157934189	
0.0857139602303505	0.0404589138925076	-0.137749180197716	-0.219155058264732	
0.0889092832803726	0.0367279089987278	-0.102703034877777	-0.171679377555847	
0.0910739004611969	0.0333902128040791	-0.0690068304538727	-0.118002459406853	
0.0920419842004776	0.0308953560888767	-0.036045990884304	-0.0605256445705891	
0.0917907357215881	0.0295365545898676	-0.00310079660266638	-0.00226997351273894	
-0.0904439687728882	-0.0293978247791529	-0.0306169483810663	-0.0535548180341721	
-0.0882534757256508	-0.0303377490490675	-0.065910667181015	-0.104015007615089	
-0.0855612754821777	-0.0320131070911884	-0.103532209992409	-0.146868944168091	
-0.0827492848038673	-0.0339379906654358	-0.144108667969704	-0.18086089193821	
-0.0801844894886017	-0.0355674400925636	-0.188072875142097	-0.205841988325119	
-0.0781687423586845	-0.0363901183009148	-0.235608726739883	-0.222699999809265	
-0.0769007951021194	-0.0360131934285164	-0.286621034145355	-0.233114555478096	
-0.0764562487602234	-0.0342243574559689	-0.340736299753189	-0.239187136292458	
-0.0767874196171761	-0.0310206320136786	-0.39733561873436	-0.243016809225082	
-0.0777420699596405	-0.0266000982373953	-0.455615103244781	-0.246301040053368	
-0.0790962874889374	-0.0213197264820337	-0.514664769172668	-0.250034481287003	
-0.0805951133370399	-0.0156285986304283	-0.573552966117859	-0.254357308149338	
-0.0819930881261826	-0.00998991914093494	-0.631403267383575	-0.258574664592743	
-0.0830879658460617	-0.00480651808902621	-0.68745231628418	-0.261335492134094	
-0.0837420970201492	-0.000362876424333081	-0.74108099937439	-0.260928273200989	
-0.0838892161846161	0.00320727215148509	-0.791817665100098	-0.255630493164063	
-0.0835271552205086	0.00592431519180536	-0.839317202568054	-0.244040191173553	
-0.0826998129487038	0.00793947093188763	-0.883324384689331	-0.225325778126717	
-0.0814738795161247	0.0094920676201582	-0.923632740974426	-0.199348002672195	
-0.0799163430929184	0.0108576435595751	-0.96004980802536	-0.166637748479843	
-0.078078418970108	0.0122976861894131	-0.992377102375031	-0.128242611885071	
-0.0759896114468575	0.0140201076865196	-1.02040779590607	-0.0854828283190727	
-0.0736629813909531	0.0161560252308846	-1.04394030570984	-0.0396740734577179	
-0.0711097568273544	0.0187540464103222	-1.06280148029327	0.00812002830207348	
-0.0683588087558746	0.0217891279608011	-1.07686841487885	0.0572522357106209	
-0.0654748231172562	0.0251802280545235	-1.08607983589172	0.10753920674324	
-0.062568873167038	0.0288098305463791	-1.09042870998383	0.159185975790024	
-0.0597960092127323	0.0325394906103611	-1.08993518352509	0.212609201669693	
-0.0573373436927795	0.0362180769443512	-1.0846027135849	0.268203943967819	
-0.0553675517439842	0.0396829843521118	-1.07436752319336	0.326111257076263	
-0.0540123246610165	0.0427578389644623	-1.05905795097351	0.386044174432755	
-0.053303737193346	0.0452525094151497	-1.03837609291077	0.447215497493744	
-0.0531433448195457	0.0469715520739555	-1.01191782951355	0.50838828086853	
-0.0532830767333508	0.0477354191243649	-0.979233086109161	0.568041265010834	
-0.0533319562673569	0.047415018081665	-0.939926326274872	0.6246138215065	
-0.0527929700911045	0.0459756962954998	-0.893780589103699	0.676776349544525	
-0.0511290170252323	0.0435219183564186	-0.840884268283844	0.723662614822388	
-0.047851100564003	0.0403309725224972	-0.781732261180878	0.765008509159088	
-0.0426165349781513	0.036863137036562	-0.717274129390717	0.8011594414711	
-0.0353210344910622	0.0337382405996323	-0.648888528347015	0.832937896251678	
-0.0261671915650368	0.031673826277256	-0.578274369239807	0.861394047737122	
-0.0156933981925249	0.0313876271247864	-0.507264971733093	0.887490391731262	
-0.00475175026804209	0.0334755256772041	-0.437588095664978	0.91178947687149	
0.00556918419897556	0.038283459842205	-0.37060871720314	0.93421733379364	
0.0140722328796983	0.0457965768873692	-0.307100176811218	0.95396226644516	
0.0196164455264807	0.0555696375668049	-0.247090399265289	0.969544768333435	
0.0212974194437265	0.0667185634374619	-0.189822256565094	0.979054927825928	
0.0186165180057287	0.0779846087098122	-0.133850201964378	0.980521500110626	
0.0116110416129231	0.0878707319498062	-0.0772733390331268	0.972342133522034	
0.000920499849598855	0.0948365479707718	-0.0180802773684263	0.953686892986298	
-0.0122284963726997	0.0975261852145195	0.0454425401985645	0.924788892269135	
-0.0261252615600824	0.0949944108724594	0.114303193986416	0.887049973011017	
-0.038759607821703	0.0868934094905853	0.188468754291534	0.842925667762756	
-0.04806849360466	0.0735855028033257	0.266667455434799	0.795596361160278	
-0.052214041352272	0.0561568662524223	0.346376866102219	0.748475313186646	
-0.0498549938201904	0.0363218225538731	0.42401847243309	0.704640805721283	
-0.0403715223073959	0.0162250511348248	0.49534609913826	0.666301310062408	
-0.0240072663873434	-0.00183377228677273	0.555981516838074	0.634400069713593	
-0.00190223113168031	-0.0157140176743269	0.6020228266716	0.608446180820465	
0.0239955838769674	-0.0237397942692041	0.630632340908051	0.58661562204361	
0.0511348098516464	-0.0249494612216949	0.640510439872742	0.56611692905426	
0.0766593292355537	-0.0192485153675079	0.632170438766479	0.543760299682617	
0.0977637097239494	-0.00743973767384887	0.607960820198059	0.516627132892609	
0.112058185040951	0.00887638889253139	0.571816146373749	0.482710510492325	
0.117892287671566	0.0275173485279083	0.528761923313141	0.441396415233612	
0.114590249955654	0.046017911285162	0.484238922595978	0.393680900335312	
0.102562241256237	0.0619672276079655	0.443343639373779	0.342064917087555	
0.0832721292972565	0.073331780731678	0.410099148750305	0.290129721164703	
0.0590627752244473	0.078715018928051	0.386870205402374	0.241859808564186	
0.0328604020178318	0.0775153189897537	0.374016523361206	0.200833722949028	
0.00779754994437099	0.0699610114097595	0.369844794273376	0.169437065720558	
-0.0131933679804206	0.0570217035710812	0.370874494314194	0.148256838321686	
-0.027758838608861	0.0402152165770531	0.372384190559387	0.135790899395943	
-0.0344216264784336	0.0213457886129618	0.369161516427994	0.128554224967957	
-0.0327545292675495	0.00221916800364852	0.356346219778061	0.121591947972775	
-0.0234061554074287	-0.0156181752681732	0.330241233110428	0.109333209693432	
-0.00797606632113457	-0.0310748293995857	0.288968205451965	0.0866502001881599	
0.0112410401925445	-0.0436175800859928	0.232867568731308	0.0499404110014439	
0.03160310536623	-0.0532717518508434	0.164580121636391	-0.00196646898984909	
0.0505078285932541	-0.060526967048645	0.0887939184904099	-0.0672559216618538	
0.06576107442379	-0.0661726146936417	0.0116903726011515	-0.141056373715401	
0.0758718028664589	-0.0710980221629143	-0.0598333962261677	-0.215895667672157	
0.0802306309342384	-0.0760962516069412	-0.119056649506092	-0.282644033432007	
0.0791474431753159	-0.0817068591713905	-0.160316988825798	-0.331815391778946	
0.0737456232309341	-0.0881231650710106	-0.179761156439781	-0.355030655860901	
0.0657327771186829	-0.0951754599809647	-0.175863817334175	-0.34641045331955	
0.0570870935916901	-0.102386280894279	-0.149648874998093	-0.303667366504669	
0.0497109964489937	-0.109080292284489	-0.104589723050594	-0.228708818554878	
0.0451086387038231	-0.114521943032742	-0.0462097749114037	-0.127635851502419	
0.0441389791667461	-0.118050783872604	0.0185562446713448	-0.0101178977638483	
-0.0434644892811775	0.117625758051872	-0.0200853683054447	0.0142316464334726	
-0.0462948121130466	0.119119063019753	-0.0838611125946045	-0.10744796693325	
-0.0520730167627335	0.117818281054497	-0.139166697859764	-0.220862343907356	
-0.0594689100980759	0.113740645349026	-0.179638102650642	-0.313934624195099	
-0.0667695179581642	0.107125326991081	-0.200527355074883	-0.376989781856537	
-0.0721891447901726	0.0983422994613647	-0.199117675423622	-0.403997361660004	
-0.0741946399211884	0.087788887321949	-0.174893602728844	-0.393291473388672	
-0.0717921331524849	0.075801320374012	-0.129465773701668	-0.347669005393982	
-0.0647277981042862	0.0626038387417793	-0.066279910504818	-0.273863404989243	
-0.0535688661038876	0.0483085326850414	0.0098380520939827	-0.18148709833622	
-0.0396504029631615	0.0329661443829536	0.0932358577847481	-0.0816144570708275	
-0.024894617497921	0.0166554190218449	0.178019121289253	0.0147745795547962	
-0.0115300230681896	-0.000411980698117986	0.258602410554886	0.0982568860054016	
-0.00175359949935228	-0.0177992973476648	0.330175906419754	0.16212597489357	
0.00261165224947035	-0.0347929112613201	0.389051586389542	0.203096896409988	
0.000410512730013579	-0.0504116304218769	0.432870775461197	0.221480876207352	
-0.00864509027451277	-0.0634857565164566	0.460669577121735	0.220839664340019	
-0.0239023696631193	-0.072799913585186	0.472813487052917	0.207207411527634	
-0.0438314899802208	-0.0772795006632805	0.470820486545563	0.188027605414391	
-0.066217765212059	-0.0761890783905983	0.457099318504333	0.170984461903572	
-0.0884536504745483	-0.0693059489130974	0.434632122516632	0.162909597158432	
-0.107887148857117	-0.0570332370698452	0.406631618738174	0.168917462229729	
-0.122175313532352	-0.0404256246984005	0.376202166080475	0.191873341798782	
-0.129591479897499	-0.0211146306246519	0.346032679080963	0.232236832380295	
-0.129242688417435	-0.00113794102799147	0.318145781755447	0.288260638713837	
-0.12116801738739	0.0173056349158287	0.293724060058594	0.356472432613373	
-0.106306821107864	0.0321398675441742	0.27302873134613	0.432331651449203	
-0.0863453522324562	0.0416895784437656	0.255418300628662	0.510939538478851	
-0.0634678974747658	0.0449094213545322	0.239466026425362	0.587688624858856	
-0.0400515794754028	0.0415255948901176	0.223165422677994	0.658763527870178	
-0.0183506608009338	0.0320670120418072	0.204201474785805	0.721441328525543	
-0.000215772743104026	0.0177802946418524	0.180258065462112	0.774181365966797	
0.0131138823926449	0.000442210555775091	0.149324759840965	0.816529154777527	
0.0211199950426817	-0.0179002955555916	0.10996525734663	0.84888631105423	
0.0240068510174751	-0.0352207124233246	0.0615123063325882	0.872211456298828	
0.0226023830473423	-0.0497882701456547	0.00416316743940115	0.887715280056	
0.0181801933795214	-0.0603856258094311	-0.0610380955040455	0.896601319313049	
0.0122345611453056	-0.0664372593164444	-0.132329329848289	0.899884581565857	
0.00624528666958213	-0.0680328533053398	-0.207452058792114	0.898297965526581	
0.00146807939745486	-0.0658477395772934	-0.283934354782104	0.892277479171753	
-0.00122042070142925	-0.0609795115888119	-0.359393686056137	0.88200455904007	
-0.00140452897176147	-0.0547328405082226	-0.43181511759758	0.867477416992188	
0.000867326511070132	-0.0483913570642471	-0.499764412641525	0.848587691783905	
0.00515109719708562	-0.0430151633918285	-0.562505424022675	0.825184166431427	
0.0107295298948884	-0.0392957776784897	-0.620006680488586	0.797116994857788	
0.0167638063430786	-0.0374879613518715	-0.672839343547821	0.764265239238739	
0.022447258234024	-0.0374233946204185	-0.721986532211304	0.726556003093719	
0.0271361544728279	-0.0385961756110191	-0.768598079681396	0.683985948562622	
0.0304386336356401	-0.0402983650565147	-0.813731491565704	0.636651694774628	
0.0322514958679676	-0.0417766086757183	-0.858123183250427	0.584790050983429	
0.0327441953122616	-0.0423794463276863	-0.902026951313019	0.528820157051086	
0.0322982855141163	-0.0416693463921547	-0.945143580436707	0.46937620639801	
0.0314172655344009	-0.039482306689024	-0.986651718616486	0.407313972711563	
0.0306253787130117	-0.0359291732311249	-1.02532994747162	0.343680500984192	
0.0303739793598652	-0.0313445404171944	-1.05974793434143	0.279641002416611	
0.0309709273278713	-0.0261984672397375	-1.08849060535431	0.216368973255157	
0.0325429253280163	-0.0209921058267355	-1.11037755012512	0.154915153980255	
0.0350338667631149	-0.0161595549434423	-1.12464022636414	0.0960802063345909	
0.0382355526089668	-0.011994787491858	-1.131028175354	0.0403188094496727	
0.041841696947813	-0.00861573684960604	-1.1298314332962	-0.012299932539463	
0.0455127842724323	-0.00596882123500109	-1.12181651592255	-0.0620601139962673	
0.0489386096596718	-0.00386847415938973	-1.10809242725372	-0.109493300318718	
0.0518872290849686	-0.00205934164114296	-1.08993196487427	-0.155214130878448	
0.0542326234281063	-0.000285093788988888	-1.06858026981354	-0.199726521968842	
0.0559583865106106	0.00165223143994808	-1.04508292675018	-0.243239268660545	
0.0571396760642529	0.003854920854792	-1.0201610326767	-0.285531371831894	
0.0579097867012024	0.00632084440439939	-0.994150221347809	-0.32590115070343	
0.0584201775491238	0.00896268710494041	-0.967008769512177	-0.363217443227768	
0.0588034205138683	0.0116479834541678	-0.938388586044312	-0.396072417497635	
0.0591470003128052	0.0142481941729784	-0.907751023769379	-0.423012316226959	
0.0594829693436623	0.0166834015399218	-0.874505519866943	-0.442806154489517	
0.0597946159541607	0.0189507398754358	-0.838145017623901	-0.454699486494064	
0.0600373558700085	0.0211290270090103	-0.798357129096985	-0.458600580692291	
0.0601679421961308	0.0233580358326435	-0.755094408988953	-0.455155700445175	
0.0601743310689926	0.0257972422987223	-0.708597540855408	-0.445689797401428	
0.06009840965271	0.0285740476101637	-0.659372806549072	-0.432014375925064	
0.0600454807281494	0.0317343883216381	-0.60813307762146	-0.416131138801575	
0.060177244246006	0.0352085009217262	-0.555716633796692	-0.399882048368454	
0.0606886073946953	0.0388015806674957	-0.502999484539032	-0.384610950946808	
0.0617723800241947	0.0422136709094048	-0.450814425945282	-0.370901942253113	
0.0635784491896629	0.0450865626335144	-0.399887979030609	-0.358449935913086	
0.0661757662892342	0.0470693483948708	-0.350798726081848	-0.346094161272049	
0.0695251151919365	0.0478895679116249	-0.303957045078278	-0.332017123699188	
0.073468990623951	0.0474151410162449	-0.259601294994354	-0.314078897237778	
0.0777416825294495	0.0456934049725533	-0.217804253101349	-0.290230125188828	
0.0819991901516914	0.0429579056799412	-0.178482919931412	-0.258930653333664	
0.0858645811676979	0.0395997241139412	-0.141407757997513	-0.219495862722397	
0.0889816358685493	0.0361073613166809	-0.106210000813007	-0.172305837273598	
0.0910677313804626	0.0329855233430862	-0.0723892599344254	-0.118834935128689	
0.0919570699334145	0.0306677687913179	-0.0393257290124893	-0.0614924170076847	
0.0916265994310379	0.0294393412768841	-0.00630235811695457	-0.00329940160736442	
-0.0902003645896912	-0.0293849967420101	-0.027459179982543	-0.0525422319769859	
-0.0879311710596085	-0.0303718391805887	-0.0627474337816238	-0.103113055229187	
-0.0851629450917244	-0.0320706702768803	-0.10029774159193	-0.146189302206039	
-0.0822798758745193	-0.0340119674801826	-0.140722900629044	-0.180533155798912	
-0.0796510651707649	-0.0356661789119244	-0.184447303414345	-0.206010237336159	
-0.0775796473026276	-0.0365334339439869	-0.231655016541481	-0.223516419529915	
-0.0762644857168198	-0.0362264104187489	-0.28226101398468	-0.234731554985046	
-0.0757801085710526	-0.034531582146883	-0.335911870002747	-0.241749361157417	
-0.0760770961642265	-0.0314385555684566	-0.39201682806015	-0.246654391288757	
-0.0770016014575958	-0.0271335262805223	-0.449805408716202	-0.251125454902649	
-0.0783292874693871	-0.0219595562666655	-0.508402764797211	-0.25613734126091	
-0.0798067972064018	-0.0163526013493538	-0.5669105052948	-0.261811882257462	
-0.0811928287148476	-0.0107660684734583	-0.624480664730072	-0.267439723014832	
-0.0822916477918625	-0.00559818837791681	-0.680371403694153	-0.271660029888153	
-0.0829736664891243	-0.00113495055120438	-0.733977675437927	-0.272755831480026	
-0.0831808671355247	0.00248250062577426	-0.784834921360016	-0.26900190114975	
-0.0829176679253578	0.00526246149092913	-0.832599639892578	-0.258993953466415	
-0.0822312459349632	0.00734135694801807	-0.877014756202698	-0.241895616054535	
-0.0811869576573372	0.00894339941442013	-0.917870998382568	-0.21755813062191	
-0.0798453390598297	0.0103310216218233	-0.954973578453064	-0.186496555805206	
-0.0782465264201164	0.011756538413465	-0.988123059272766	-0.149736046791077	
-0.0764057412743568	0.0134238200262189	-1.01711320877075	-0.108568616211414	
-0.0743206515908241	0.0154653955250978	-1.04174375534058	-0.0642779543995857	
-0.071988470852375	0.0179361868649721	-1.0618417263031	-0.0178944729268551	
-0.069427601993084	0.0208211299031973	-1.07728159427643	0.0299662761390209	
-0.066697433590889	0.0240511111915112	-1.08799529075623	0.0791488513350487	
-0.0639092400670052	0.0275207161903381	-1.0939644575119	0.129880949854851	
-0.0612231157720089	0.0311021823436022	-1.09519267082214	0.182596236467361	
-0.058828204870224	0.0346525907516479	-1.09166312217712	0.237701579928398	
-0.0569077059626579	0.0380146317183971	-1.08328998088837	0.295345962047577	
-0.0555937737226486	0.0410145819187164	-1.0698801279068	0.355247646570206	
-0.054920881986618	0.0434631370007992	-1.05111682415009	0.41662323474884	
-0.0547880865633488	0.0451649986207485	-1.02658128738403	0.478238433599472	
-0.0549405626952648	0.0459412038326263	-0.995813965797424	0.53857284784317	
-0.054978471249342	0.0456645600497723	-0.958413243293762	0.596063554286957	
-0.0543971247971058	0.0443038232624531	-0.914158046245575	0.649373292922974	
-0.0526566840708256	0.0419678837060928	-0.86313134431839	0.697621047496796	
-0.0492736585438251	0.0389381386339664	-0.805817365646362	0.740519046783447	
-0.0439210347831249	0.0356767326593399	-0.743146777153015	0.778380393981934	
-0.0365201979875565	0.0328009054064751	-0.67646849155426	0.811987936496735	
-0.0273067019879818	0.0310190487653017	-0.60744035243988	0.842348098754883	
-0.0168540682643652	0.0310317743569613	-0.537844598293304	0.870380222797394	
-0.00604486558586359	0.0334095805883408	-0.469351828098297	0.896609783172607	
0.00401406036689878	0.0384659767150879	-0.403268694877625	0.92093688249588	
0.012126175686717	0.0461495034396648	-0.340316295623779	0.942539393901825	
0.0171745959669352	0.0559785030782223	-0.280483335256577	0.959944009780884	
0.0183034483343363	0.0670382082462311	-0.222992673516273	0.971263468265533	
0.0150839323177934	0.0780508145689964	-0.166402667760849	0.974560976028442	
0.00763708725571632	0.0875173881649971	-0.108842253684998	0.968273460865021	
-0.00331084872595966	0.0939168483018875	-0.0483545511960983	0.951607584953308	
-0.0164565090090036	0.0959355682134628	0.0166989415884018	0.924820184707642	
-0.0300355087965727	0.0926922187209129	0.0872377753257751	0.889316618442535	
-0.0420180261135101	0.083919957280159	0.163135960698128	0.847529947757721	
-0.0503623895347118	0.0700713694095612	0.243033945560455	0.802590072154999	
-0.0532944872975349	0.0523218810558319	0.324336022138596	0.757833957672119	
-0.04957440122962	0.0324624218046665	0.403412580490112	0.716244280338287	
-0.0387104563415051	0.0126901073381305	0.475993543863297	0.679924428462982	
-0.0210859440267086	-0.00467679323628545	0.537705361843109	0.649715006351471	
0.0020258198492229	-0.0175192356109619	0.584677219390869	0.625037431716919	
0.0285675842314959	-0.0242247022688389	0.614123940467834	0.604006230831146	
0.0559177100658417	-0.0239329654723406	0.624811410903931	0.583802819252014	
0.081198588013649	-0.016679847612977	0.617322385311127	0.561248362064362	
0.101635180413723	-0.00341365928761661	0.594068646430969	0.533472776412964	
0.114915885031223	0.0141211487352848	0.559033453464508	0.498549491167068	
0.119505397975445	0.0336173437535763	0.517269611358643	0.455967515707016	
0.114864364266396	0.0525205060839653	0.474220097064972	0.406837075948715	
0.101542234420776	0.0683785974979401	0.434957712888718	0.353771775960922	
0.0811268761754036	0.0791716799139977	0.403459101915359	0.30045285820961	
0.0560546107590199	0.0835713520646095	0.38202491402626	0.250942766666412	
0.0293044596910477	0.0810913741588593	0.370940655469894	0.208870574831963	
0.00401739636436105	0.0721088498830795	0.368436872959137	0.176643043756485	
-0.0169071108102798	0.0577570609748363	0.370963245630264	0.154840856790543	
-0.0311810132116079	0.0397116765379906	0.373741954565048	0.141932845115662	
-0.0374120883643627	0.0199088882654905	0.371522575616837	0.134388908743858	
-0.0352629274129868	0.000243953429162502	0.359428137540817	0.127200543880463	
-0.0254626162350178	-0.0177002809941769	0.333766162395477	0.114741608500481	
-0.00967072043567896	-0.0328523889183998	0.292682200670242	0.0918334051966667	
0.00978519394993782	-0.04475087672472	0.236555829644203	0.0548310428857803	
0.0302587449550629	-0.0535327531397343	0.168076857924461	0.00253288075327873	
0.0491682700812817	-0.0598222091794014	0.0919867306947708	-0.0632658526301384	
0.0643577054142952	-0.064546249806881	0.0145190842449665	-0.137700870633125	
0.0743817761540413	-0.0687153860926628	-0.0573822967708111	-0.213295727968216	
0.0786745399236679	-0.0732111930847168	-0.11695871502161	-0.280905663967133	
0.0775785446166992	-0.0786184445023537	-0.158520117402077	-0.331019341945648	
0.0722336545586586	-0.0851289182901382	-0.178195893764496	-0.355222940444946	
0.0643460676074028	-0.0925284698605537	-0.174452632665634	-0.347593545913696	
0.0558766089379787	-0.10026278346777	-0.14831331372261	-0.305793166160583	
0.0486993789672852	-0.107562229037285	-0.103255204856396	-0.231674030423164	
0.0442857891321182	-0.113596469163895	-0.0448082648217678	-0.131281077861786	
0.0434644892811775	-0.117625758051872	0.0200853683054447	-0.0142316464334726	
-0.042737040668726	0.117057427763939	-0.0215900223702192	0.0183280576020479	
-0.045639730989933	0.118884310126305	-0.0855550915002823	-0.103105388581753	
-0.0514138899743557	0.11776202917099	-0.141096144914627	-0.216552823781967	
-0.0587328523397446	0.113727055490017	-0.181840106844902	-0.3099485039711	
-0.0658970475196838	0.107065476477146	-0.203028321266174	-0.373605668544769	
-0.0711395964026451	0.098210409283638	-0.201930746436119	-0.401458472013474	
-0.0729464516043663	0.0876244232058525	-0.178014948964119	-0.391784399747849	
-0.0703385025262833	0.0756967440247536	-0.132870405912399	-0.347307771444321	
-0.0630694851279259	0.0626806542277336	-0.0699177905917168	-0.27468153834343	
-0.0517064370214939	0.0486862473189831	0.0060449680313468	-0.183439567685127	
-0.0375785045325756	0.0337302498519421	0.0893946886062622	-0.0845891460776329	
-0.0226002503186464	0.0178306307643652	0.174264669418335	0.0109368152916431	
-0.00899585243314505	0.0011221959721297	0.255093067884445	0.0937365964055061	
0.00103390961885452	-0.01603714376688	0.327086895704269	0.157097592949867	
0.00565080344676971	-0.032999511808157	0.386566162109375	0.197703525424004	
0.00367215694859624	-0.0488230586051941	0.431170076131821	0.215815350413322	
-0.00522755784913898	-0.0623419173061848	0.459922820329666	0.214934945106506	
-0.0204379335045815	-0.07230594009161	0.473169088363647	0.201037809252739	
-0.0404692851006985	-0.0775705426931381	0.472399771213531	0.181520625948906	
-0.0631368905305862	-0.0773047655820847	0.45999351143837	0.164041563868523	
-0.0858457833528519	-0.071179062128067	0.438902974128723	0.155432254076004	
-0.105934202671051	-0.0594948567450047	0.412315398454666	0.160834461450577	
-0.121025606989861	-0.0432262569665909	0.383316665887833	0.183164998888969	
-0.129338309168816	-0.0239580757915974	0.35458567738533	0.222952112555504	
-0.129909202456474	-0.00372260389849544	0.328143537044525	0.27852475643158	
-0.122701294720173	0.0152446124702692	0.305178612470627	0.346483796834946	
-0.108582586050034	0.0307943262159824	0.285962224006653	0.422348856925964	
-0.0891830548644066	0.0411536283791065	0.26986375451088	0.501260936260223	
-0.0666539967060089	0.0451699979603291	0.25546395778656	0.578627645969391	
-0.0433674193918705	0.0424694828689098	0.240756645798683	0.650623738765717	
-0.0216006208211184	0.0335027575492859	0.223417177796364	0.714495241641998	
-0.00325107155367732	0.0194710548967123	0.201108455657959	0.768655598163605	
0.0103794177994132	0.00214390316978097	0.17178812623024	0.812597572803497	
0.018704617395997	-0.0164019297808409	0.133978933095932	0.8466717004776	
0.0218666214495897	-0.0340800769627094	0.0869674012064934	0.871793925762177	
0.0206466093659401	-0.0490814968943596	0.0309035424143076	0.889144897460938	
0.0162936225533485	-0.0601062327623367	-0.0332119911909103	0.899912476539612	
0.0103022772818804	-0.0665059015154839	-0.103652469813824	0.905108511447906	
0.0041758818551898	-0.0683187022805214	-0.178183674812317	0.905471205711365	
-0.00078886782284826	-0.0661973059177399	-0.254345238208771	0.901444554328918	
-0.00366540043614805	-0.0612474791705608	-0.32975372672081	0.893214881420135	
-0.00398890674114227	-0.0548094697296619	-0.402382731437683	0.880777359008789	
-0.00176866340916604	-0.048221830278635	-0.470779031515121	0.864009737968445	
0.00257351528853178	-0.0426078923046589	-0.534183979034424	0.842735230922699	
0.00832216534763575	-0.0387186966836452	-0.592543661594391	0.816769003868103	
0.0146202221512794	-0.0368541143834591	-0.64641010761261	0.785949289798737	
0.0206268765032291	-0.0368688553571701	-0.696752369403839	0.75016188621521	
0.0256553366780281	-0.0382546484470367	-0.744711518287659	0.709366381168365	
0.0292701758444309	-0.0402772165834904	-0.791340291500092	0.663630962371826	
0.031332366168499	-0.0421385914087296	-0.837372064590454	0.613174855709076	
0.0319897904992104	-0.043133195489645	-0.883055865764618	0.558411002159119	
0.0316203497350216	-0.0427700653672218	-0.928082823753357	0.499976605176926	
0.0307419393211603	-0.0408420413732529	-0.971614360809326	0.438736826181412	
0.029908025637269	-0.0374345481395721	-1.01240336894989	0.375750005245209	
0.0296080149710178	-0.0328783504664898	-1.04898500442505	0.312190562486649	
0.0301891714334488	-0.0276611149311066	-1.07990324497223	0.24923612177372	
0.0318113379180431	-0.0223189909011126	-1.10393357276917	0.187935128808022	
0.0344390012323856	-0.0173313785344362	-1.12026357650757	0.129080027341843	
0.037868145853281	-0.0130391689017415	-1.12860453128815	0.0731135532259941	
0.0417794734239578	-0.00960013922303915	-1.12921643257141	0.0200927145779133	
0.0458055436611176	-0.00698638195171952	-1.12284708023071	-0.0302748288959265	
0.0495982728898525	-0.00501953065395355	-1.11059856414795	-0.0785214900970459	
0.0528843849897385	-0.00343214371241629	-1.09374725818634	-0.125252962112427	
0.0555000193417072	-0.0019392006797716	-1.07354998588562	-0.170953780412674	
0.0574005283415318	-0.00030301496735774	-1.05106866359711	-0.215804040431976	
0.0586466193199158	0.00162210431881249	-1.02704048156738	-0.259547829627991	
0.0593726336956024	0.00387336709536612	-1.00181317329407	-0.301446110010147	
0.0597455985844135	0.00639199838042259	-0.975350916385651	-0.340332597494125	
0.0599248632788658	0.00905871111899614	-0.947303712368011	-0.374770104885101	
0.0600309371948242	0.011741116642952	-0.917123734951019	-0.403284102678299	
0.0601296164095402	0.0143398307263851	-0.884206593036652	-0.424632251262665	
0.0602334029972553	0.0168210063129663	-0.848030090332031	-0.438057124614716	
0.0603184588253498	0.0192269049584866	-0.808269619941711	-0.443469911813736	
0.0603516325354576	0.0216618105769157	-0.764872252941132	-0.441522091627121	
0.0603201650083065	0.0242568999528885	-0.718083202838898	-0.433542340993881	
0.0602560862898827	0.0271230209618807	-0.668424367904663	-0.42134103178978	
0.0602486617863178	0.0303035322576761	-0.616635203361511	-0.406911849975586	
0.0604409649968147	0.0337397120893002	-0.563589215278625	-0.392081558704376	
0.0610102191567421	0.0372586585581303	-0.510202288627625	-0.378172755241394	
0.0621352344751358	0.0405886396765709	-0.45734766125679	-0.365745157003403	
0.0639572516083717	0.0434005968272686	-0.405787944793701	-0.354469567537308	
0.0665422827005386	0.045368380844593	-0.356129437685013	-0.343165189027786	
0.0698531717061996	0.0462357327342033	-0.308799654245377	-0.330001413822174	
0.0737378373742104	0.0458757244050503	-0.264042526483536	-0.312833905220032	
0.0779375582933426	0.0443294681608677	-0.221926137804985	-0.289617747068405	
0.0821150690317154	0.0418146029114723	-0.18235519528389	-0.258824229240417	
0.0858986750245094	0.0386998951435089	-0.145084112882614	-0.219784528017044	
0.0889352411031723	0.0354493893682957	-0.109728500247002	-0.172895088791847	
0.0909432098269463	0.0325455218553543	-0.0757765173912048	-0.119643546640873	
0.0917563959956169	0.0304054506123066	-0.0426037050783634	-0.0624465048313141	
0.091350831091404	0.029306260868907	-0.00949624087661505	-0.00432480964809656	
-0.0898498818278313	-0.0293335262686014	-0.0243137665092945	-0.0515275411307812	
-0.0875065103173256	-0.0303632207214832	-0.0595994777977467	-0.102205067873001	
-0.0846657305955887	-0.0320807211101055	-0.097079262137413	-0.145501241087914	
-0.0817135199904442	-0.0340335927903652	-0.137351274490356	-0.180195346474648	
-0.0790208876132965	-0.0357083864510059	-0.180831208825111	-0.206166580319405	
-0.0768923833966255	-0.0366173423826694	-0.227703154087067	-0.224318146705627	
-0.0755274072289467	-0.0363791286945343	-0.277892291545868	-0.236329615116119	
-0.0750000104308128	-0.0347792357206345	-0.331065148115158	-0.244286701083183	
-0.0752596408128738	-0.0317998789250851	-0.386659234762192	-0.250259757041931	
-0.0761514380574226	-0.0276151169091463	-0.443937391042709	-0.255909442901611	
-0.0774510130286217	-0.0225537177175283	-0.502059876918793	-0.262191504240036	
-0.0789067670702934	-0.0170380007475615	-0.560161352157593	-0.269210427999496	
-0.0802814587950706	-0.0115110380575061	-0.617422103881836	-0.276243388652802	
-0.0813855677843094	-0.00636599259451032	-0.673121571540833	-0.281920552253723	
-0.0820972248911858	-0.00189001159742475	-0.7266685962677	-0.284520238637924	
-0.0823661908507347	0.00176854082383215	-0.777605712413788	-0.28231492638588	
-0.082203172147274	0.00460588140413165	-0.825591027736664	-0.273898094892502	
-0.0816584601998329	0.00674349581822753	-0.870366275310516	-0.258428692817688	
-0.0807960703969002	0.00839019939303398	-0.911719739437103	-0.235748305916786	
-0.0796702951192856	0.00979496724903584	-0.949455201625824	-0.206356108188629	
-0.078310452401638	0.0112005667760968	-0.98337334394455	-0.171254724264145	
-0.0767177268862724	0.012806492857635	-1.01326966285706	-0.131707966327667	
-0.0748745873570442	0.0147464461624622	-1.03894591331482	-0.0889676064252853	
-0.0727641582489014	0.0170815829187632	-1.06023049354553	-0.0440309457480907	
-0.0703941732645035	0.0198069028556347	-1.07699632644653	0.00251810415647924	
-0.0678181573748589	0.0228655301034451	-1.0891695022583	0.0505520813167095	
-0.0651469901204109	0.0261646509170532	-1.0967208147049	0.100321613252163	
-0.0625451281666756	0.0295878853648901	-1.09963834285736	0.152277782559395	
-0.0602092370390892	0.0330013446509838	-1.09788572788239	0.206839948892593	
-0.0583308525383472	0.0362539179623127	-1.09135639667511	0.264165639877319	
-0.0570488348603249	0.0391753762960434	-1.07983648777008	0.323979169130325	
-0.0564008541405201	0.0415779277682304	-1.06299197673798	0.385501474142075	
-0.0562847703695297	0.0432667881250381	-1.04039037227631	0.447501212358475	
-0.0564407035708427	0.0440635457634926	-1.01156270503998	0.508458971977234	
-0.0564618557691574	0.0438423380255699	-0.976101994514465	0.566809415817261	
-0.0558376535773277	0.0425742268562317	-0.933782339096069	0.621207475662231	
-0.0540269166231155	0.0403708778321743	-0.884679853916168	0.670756936073303	
-0.0505523383617401	0.037515752017498	-0.829266309738159	0.715146660804749	
-0.0451023206114769	0.034470621496439	-0.768450617790222	0.754657983779907	
-0.0376225858926773	0.0318479426205158	-0.703549087047577	0.790035307407379	
-0.0283792987465858	0.0303451530635357	-0.636175453662872	0.822243213653564	
-0.017977936193347	0.0306446515023708	-0.568058431148529	0.852160811424255	
-0.00732784252613783	0.0332914255559444	-0.50080931186676	0.88027960062027	
0.00244957208633423	0.0385675765573978	-0.435676127672195	0.906477391719818	
0.0101616652682424	0.0463872291147709	-0.37332820892334	0.929924607276917	
0.0147178899496794	0.0562355928122997	-0.31371682882309	0.949157178401947	
0.0153117841109633	0.067171223461628	-0.256047755479813	0.962311625480652	
0.0115836020559072	0.0779016464948654	-0.198886692523956	0.96748548746109	
0.00373561680316925	0.0869301781058311	-0.140395820140839	0.963153839111328	
-0.00742326397448778	0.0927584394812584	-0.0786756724119186	0.948556005954742	
-0.0205181576311588	0.0941171571612358	-0.0121644921600819	0.923968136310577	
-0.0337368249893188	0.0901893749833107	0.0599686801433563	0.890793263912201	
-0.0450355783104897	0.0807877853512764	0.137506574392319	0.851435840129852	
-0.0523990951478481	0.0664519667625427	0.219005420804024	0.808969438076019	
-0.054120559245348	0.0484418123960495	0.301801413297653	0.766650021076202	
-0.0490629523992538	0.0286190062761307	0.38222000002861	0.727361440658569	
-0.0368620939552784	0.00922692380845547	0.455973505973816	0.69310063123703	
-0.0180380269885063	-0.00740339420735836	0.518698811531067	0.66460657119751	
0.00600751210004091	-0.0191791709512472	0.566560983657837	0.641215860843658	
0.0331143587827682	-0.0245542302727699	0.596829891204834	0.620986044406891	
0.0605976730585098	-0.022770619019866	0.60833752155304	0.601076543331146	
0.0855653434991837	-0.0139931123703718	0.601734340190887	0.578325212001801	
0.105278834700584	0.000687883992213756	0.579491674900055	0.549915313720703	
0.117509186267853	0.0193889942020178	0.545636296272278	0.514004290103912	
0.120838642120361	0.0396842919290066	0.505242049694061	0.470186233520508	
0.114864304661751	0.0589363910257816	0.463747888803482	0.419685393571854	
0.10027264803648	0.0746577084064484	0.426197469234467	0.365226179361343	
0.0787713155150414	0.0848462656140327	0.396516442298889	0.31058606505394	
0.052884541451931	0.0882444903254509	0.37693852186203	0.259900957345963	
0.0256379451602697	0.0844821631908417	0.36767366528511	0.216845378279686	
0.000174911707290448	0.0740839019417763	0.366876512765884	0.183842584490776	
-0.0206431411206722	0.0583437569439411	0.370928376913071	0.161463245749474	
-0.0345972366631031	0.0390912182629108	0.374996989965439	0.148144915699959	
-0.0403819195926189	0.0183899216353893	0.373796284198761	0.140311881899834	
-0.0377493686974049	-0.00177971669472754	0.36243462562561	0.132903099060059	
-0.027507197111845	-0.0198020376265049	0.337225675582886	0.120239801704884	
-0.0113716712221503	-0.0346279740333557	0.296339750289917	0.0970958545804024	
0.00830081943422556	-0.0458686873316765	0.240195751190186	0.0597878806293011	
0.0288637112826109	-0.0537723861634731	0.171532303094864	0.00708646979182959	
0.0477595776319504	-0.0590960793197155	0.0951436758041382	-0.0592296682298183	
0.0628729611635208	-0.0629018247127533	0.0173153188079596	-0.134301945567131	
0.0728055387735367	-0.0663183778524399	-0.0549625270068645	-0.210649564862251	
0.077034518122673	-0.0703129917383194	-0.114892967045307	-0.279113918542862	
0.0759335830807686	-0.0755134224891663	-0.15675762295723	-0.330160796642303	
0.0706565603613853	-0.0821084976196289	-0.176667600870132	-0.355344444513321	
0.0629053190350533	-0.089839369058609	-0.173080250620842	-0.348701566457748	
0.0546205118298531	-0.0980755686759949	-0.147016599774361	-0.307846128940582	
0.0476457141339779	-0.105954818427563	-0.101957209408283	-0.234576717019081	
0.0434184409677982	-0.112554267048836	-0.0434383526444435	-0.134882599115372	
0.042737040668726	-0.117057427763939	0.0215900223702192	-0.0183280576020479	
-0.0419575273990631	0.116346478462219	-0.0230683721601963	0.0224021375179291	
-0.0449188835918903	0.118481852114201	-0.087230421602726	-0.0987551510334015	
-0.0506728887557983	0.117518804967403	-0.143014803528786	-0.212203055620193	
-0.0578992515802383	0.113514736294746	-0.184038296341896	-0.305890470743179	
-0.064914733171463	0.106803484261036	-0.20553083717823	-0.370122522115707	
-0.0699738040566444	0.0978813916444778	-0.204748749732971	-0.39880096912384	
-0.0715831518173218	0.0872755572199821	-0.181143030524254	-0.390148669481277	
-0.0687789842486382	0.0754269659519196	-0.136283069849014	-0.346818178892136	
-0.0613218285143375	0.0626162514090538	-0.0735659897327423	-0.275381445884705	
-0.0497766956686974	0.0489496029913425	0.00223650736734271	-0.18529187142849	
-0.0354640856385231	0.0344078093767166	0.0855286493897438	-0.0874868705868721	
-0.0202877800911665	0.0189462639391422	0.170470207929611	0.00715102534741163	
-0.00646456936374307	0.00262131728231907	0.25152251124382	0.0892447978258133	
0.00380347389727831	-0.0142892319709063	0.323909819126129	0.152078464627266	
0.00866445992141962	-0.0312041640281677	0.383961528539658	0.192306131124496	
0.0069086798466742	-0.0472214892506599	0.429317146539688	0.210138991475105	
-0.00182762800250202	-0.0611793175339699	0.458991378545761	0.209018021821976	
-0.0169782433658838	-0.071792408823967	0.473310977220535	0.194857776165009	
-0.0370961427688599	-0.0778455287218094	0.47374215722084	0.175005003809929	
-0.0600293502211571	-0.0784111618995667	0.462635099887848	0.157087936997414	
-0.0831980556249619	-0.0730515494942665	0.442913621664047	0.147934570908546	
-0.103932738304138	-0.0619649142026901	0.417739152908325	0.152710855007172	
-0.119824267923832	-0.0460431724786758	0.390177726745605	0.17438305914402	
-0.129035919904709	-0.0268229581415653	0.362896203994751	0.21354740858078	
-0.130533397197723	-0.00632994621992111	0.337912052869797	0.268609970808029	
-0.124201722443104	0.0131643554195762	0.316417396068573	0.336247026920319	
-0.11083522439003	0.0294379107654095	0.298692435026169	0.412041902542114	
-0.0920051783323288	0.0406196899712086	0.284117013216019	0.491179287433624	
-0.0698278397321701	0.0454490184783936	0.271280199289322	0.569086134433746	
-0.0466688349843025	0.0434503071010113	0.25817796587944	0.641931235790253	
-0.0248280949890614	0.0349941737949848	0.24247869849205	0.706932425498962	
-0.00625060312449932	0.0212345775216818	0.221827253699303	0.762458860874176	
0.00769765954464674	0.00393206067383289	0.19415208697319	0.807951271533966	
0.0163603331893682	-0.0148081248626113	0.157937213778496	0.843708157539368	
0.0198148041963577	-0.032840508967638	0.112423844635487	0.870600819587708	
0.0187930930405855	-0.048277847468853	0.0577145144343376	0.889777839183807	
0.01451775431633	-0.0597369410097599	-0.00523526966571808	0.90240889787674	
0.00848256889730692	-0.0664952844381332	-0.0747370719909668	0.909500777721405	
0.00221411068923771	-0.0685379579663277	-0.148584678769112	0.911795794963837	
-0.00294925435446203	-0.0664931461215019	-0.224333360791206	0.909745991230011	
-0.00602955091744661	-0.0614730268716812	-0.299602657556534	0.903543770313263	
-0.00651083793491125	-0.0548520535230637	-0.372357815504074	0.893183469772339	
-0.00436102412641048	-0.0480228327214718	-0.441128939390182	0.878531634807587	
2.2396039639716E-5	-0.0421716868877411	-0.505135715007782	0.859389185905457	
0.00592740345746279	-0.0381095893681049	-0.564301490783691	0.835539102554321	
0.0124797057360411	-0.0361824631690979	-0.61915785074234	0.806780993938446	
0.0188046358525753	-0.0362693667411804	-0.670657992362976	0.772960245609283	
0.0241719204932451	-0.0378611348569393	-0.719931900501251	0.733999133110046	
0.0281015783548355	-0.0401985421776772	-0.768025815486908	0.689935684204102	
0.0304174087941647	-0.0424401052296162	-0.815668761730194	0.64096862077713	
0.0312442816793919	-0.0438268221914768	-0.863104343414307	0.587500929832458	
0.0309551134705544	-0.0438144505023956	-0.910014748573303	0.530168831348419	
0.0300812236964703	-0.0421523973345757	-0.955545485019684	0.469842731952667	
0.0292047243565321	-0.0388999320566654	-0.998425543308258	0.4075887799263	
0.0288529731333256	-0.0343830361962318	-1.03715789318085	0.344588100910187	
0.0294129066169262	-0.0291059352457523	-1.07024765014648	0.282021015882492	
0.0310780555009842	-0.0236387886106968	-1.09642744064331	0.220933392643929	
0.0338341593742371	-0.0185055155307055	-1.11484241485596	0.162110149860382	
0.0374820157885551	-0.0140934223309159	-1.1251654624939	0.105983585119247	
0.0416897684335709	-0.0105999419465661	-1.12762594223022	0.0526004433631897	
0.0460623241961002	-0.00802292581647635	-1.12295126914978	0.00166189600713551	
0.0502137504518032	-0.00619150185957551	-1.11223459243774	-0.0473639331758022	
0.0538293272256851	-0.00482655549421906	-1.0967538356781	-0.0950730368494987	
0.0567071922123432	-0.00361481192521751	-1.07777559757233	-0.141930520534515	
0.0587743110954762	-0.0022792483214289	-1.05637562274933	-0.188088566064835	
0.0600769706070423	-0.000631060043815523	-1.03330564498901	-0.233257457613945	
0.0607507713139057	0.00140612164977938	-1.0089248418808	-0.276662439107895	
0.0609787292778492	0.00380197307094932	-0.983202517032623	-0.317103415727615	
0.0609475113451481	0.00645035039633512	-0.955786287784576	-0.353115022182465	
0.0608112774789333	0.00921499449759722	-0.926119267940521	-0.38320255279541	
0.0606700703501701	0.0119770066812634	-0.893583238124847	-0.406112134456635	
0.0605659373104572	0.0146714737638831	-0.857640743255615	-0.421082526445389	
0.0604957789182663	0.0173039752990007	-0.817954838275909	-0.428026467561722	
0.0604361928999424	0.0199431758373976	-0.774466991424561	-0.427598863840103	
0.0603730268776417	0.0226918682456017	-0.727426409721375	-0.421130210161209	
0.0603275001049042	0.0256443321704865	-0.677370190620422	-0.410427987575531	
0.0603717751801014	0.0288414489477873	-0.625063896179199	-0.397476583719254	
0.0606292858719826	0.0322357714176178	-0.571415841579437	-0.384086698293686	
0.0612587444484234	0.035676646977663	-0.517381846904755	-0.371559351682663	
0.0624244771897793	0.0389209799468517	-0.463875383138657	-0.360430181026459	
0.0642590299248695	0.0416692644357681	-0.411695301532745	-0.35034641623497	
0.0668258741497993	0.0436204671859741	-0.361476123332977	-0.340107977390289	
0.0700906366109848	0.0445346981287003	-0.313662856817245	-0.327871888875961	
0.073907732963562	0.0442901849746704	-0.268505752086639	-0.311489880084991	
0.0780265033245087	0.0429216027259827	-0.226068660616875	-0.288921624422073	
0.0821174681186676	0.0406302437186241	-0.186244666576385	-0.258649736642838	
0.0858149081468582	0.0377620160579681	-0.148772731423378	-0.220020651817322	
0.0887692049145699	0.034755889326334	-0.113253407180309	-0.173446476459503	
0.0906998664140701	0.0320714712142944	-0.0791639015078545	-0.120427437126637	
0.091439925134182	0.0301090907305479	-0.045875646173954	-0.0633868351578712	
0.0909637734293938	0.0291374735534191	-0.0126785542815924	-0.00534494919702411	
-0.0893932208418846	-0.0292430762201548	-0.0211843401193619	-0.0505120940506458	
-0.0869804918766022	-0.030311057344079	-0.056470338255167	-0.101292371749878	
-0.0840709358453751	-0.0320419110357761	-0.0938804373145103	-0.144805878400803	
-0.0810517966747284	-0.0340009555220604	-0.133997783064842	-0.179848119616508	
-0.0782958045601845	-0.0356915853917599	-0.177229136228561	-0.206310912966728	
-0.0761090889573097	-0.0366388000547886	-0.223758429288864	-0.225104063749313	
-0.0746919512748718	-0.0364677496254444	-0.273520857095718	-0.23790630698204	
-0.0741185545921326	-0.0349632278084755	-0.326202929019928	-0.246795281767845	
-0.0743378698825836	-0.0321000702679157	-0.381270229816437	-0.253827303647995	
-0.0751945301890373	-0.0280399974435568	-0.438018977642059	-0.260645598173141	
-0.0764644742012024	-0.0230970680713654	-0.495644241571426	-0.268187671899796	
-0.0778980180621147	-0.0176794324070215	-0.553313672542572	-0.276541709899902	
-0.0792618617415428	-0.0122192744165659	-0.610235452651978	-0.284972369670868	
-0.0803724676370621	-0.00710418308153749	-0.665710210800171	-0.29210177063942	
-0.0811152309179306	-0.00262208096683025	-0.719160556793213	-0.296204000711441	
-0.0814473405480385	0.00107165111694485	-0.770135879516602	-0.295549690723419	
-0.0813854783773422	0.00396116450428963	-0.818296313285828	-0.288730353116989	
-0.0809828713536263	0.00615283567458391	-0.863382518291473	-0.274900138378143	
-0.0803022459149361	0.00783977471292019	-0.905181288719177	-0.253890961408615	
-0.0793917924165726	0.00925709959119558	-0.943495452404022	-0.226185977458954	
-0.0782702714204788	0.0106376195326447	-0.97812682390213	-0.192765310406685	
-0.076925091445446	0.0121760917827487	-1.00887358188629	-0.154864639043808	
-0.0753236263990402	0.0140071511268616	-1.03554093837738	-0.113703966140747	
-0.07343490421772	0.0161981135606766	-1.05795919895172	-0.070247657597065	
-0.0712556466460228	0.0187541861087084	-1.07600092887878	-0.0250480994582176	
-0.0688330754637718	0.0216310862451792	-1.08958733081818	0.021795243024826	
-0.0662770420312881	0.0247491747140884	-1.09867930412292	0.0705560967326164	
-0.0637557804584503	0.0280042011290789	-1.10325002670288	0.121703408658504	
-0.0614730343222618	0.0312721766531467	-1.10324513912201	0.175669521093369	
-0.0596285723149776	0.0344090573489666	-1.09853804111481	0.232621267437935	
-0.0583683364093304	0.037248931825161	-1.08889555931091	0.292289525270462	
-0.0577340573072433	0.0396060943603516	-1.07396686077118	0.353900164365768	
-0.0576237626373768	0.0412865430116653	-1.05330693721771	0.416225165128708	
-0.057774230837822	0.0421122424304485	-1.02643835544586	0.477746218442917	
-0.0577735416591167	0.041957963258028	-0.992948114871979	0.536895394325256	
-0.0571069493889809	0.0407958477735519	-0.952605426311493	0.59231960773468	
-0.0552331581711769	0.0387386567890644	-0.905478119850159	0.643107533454895	
-0.0516815297305584	0.0360698811709881	-0.852023243904114	0.688924789428711	
-0.0461554266512394	0.0332487523555756	-0.793125748634338	0.730021715164185	
-0.0386234037578106	0.0308809150010347	-0.730066299438477	0.767105519771576	
-0.0293797440826893	0.029651278629899	-0.664411902427673	0.801101446151733	
-0.0190586242824793	0.0302231647074223	-0.59783536195755	0.832850754261017	
-0.00859251711517572	0.0331161729991436	-0.531887352466583	0.862814664840698	
0.000886214140336961	0.0385822355747223	-0.467756569385529	0.89085179567337	
0.0081918528303504	0.0465034283697605	-0.406061559915543	0.916128635406494	
0.0122621804475784	0.0563351437449455	-0.346718072891235	0.937192440032959	
0.0123407049104571	0.0671132802963257	-0.288917541503906	0.952205002307892	
0.00813562888652086	0.0775349289178848	-0.231236323714256	0.959298074245453	
-7.23203556844965E-5	0.0861096158623695	-0.171873062849045	0.956982612609863	
-0.0113958297297359	0.0913647785782814	-0.108988232910633	0.944527626037598	
-0.0243938285857439	0.092077299952507	-0.0410981178283691	0.922223448753357	
-0.0372120328247547	0.0874946862459183	0.0325399450957775	0.891465127468109	
-0.047798503190279	0.0775074884295464	0.111619524657726	0.854622721672058	
-0.0541689582169056	0.0627387836575508	0.19461652636528	0.814707934856415	
-0.0546870529651642	0.0445279702544212	0.278804302215576	0.774891197681427	
-0.0483198426663876	0.0248016491532326	0.360469549894333	0.73795485496521	
-0.0348295941948891	0.00584331387653947	0.435313194990158	0.705788493156433	
-0.0148698398843408	-0.0100088529288769	0.498988389968872	0.679030478000641	
0.0100343804806471	-0.0206927768886089	0.547700166702271	0.656935751438141	
0.0376264527440071	-0.0247312858700752	0.578776121139526	0.637509167194366	
0.0651654154062271	-0.0214692205190659	0.591114521026611	0.617893695831299	
0.0897515267133713	-0.0111986063420773	0.585431396961212	0.594948947429657	
0.108688607811928	0.00485177431255579	0.564253926277161	0.565916240215302	
0.119834557175636	0.0246648993343115	0.531646728515625	0.529040515422821	
0.121891222894192	0.0457023084163666	0.492698967456818	0.484022438526154	
0.114591874182224	0.0652499049901962	0.452839076519012	0.43219992518425	
0.0987574905157089	0.0807901471853256	0.417076259851456	0.376405984163284	
0.0762111097574234	0.0903432667255402	0.38928097486496	0.320510655641556	
0.0495591871440411	0.092724896967411	0.371617197990417	0.268718481063843	
0.0218677613884211	0.0876812487840652	0.364218324422836	0.224744468927383	
-0.00372331310063601	0.0758828520774841	0.365163534879684	0.191023737192154	
-0.024395639076829	0.0587813071906567	0.370767176151276	0.16811329126358	
-0.0380027368664742	0.0383556224405766	0.376144826412201	0.15441732108593	
-0.0433274731040001	0.0167921595275402	0.375977009534836	0.146314010024071	
-0.0402112565934658	-0.00384796084836125	0.365359485149384	0.138691037893295	
-0.0295381192117929	-0.0219198651611805	0.340613573789597	0.1258195489645	
-0.0130776641890407	-0.0363991297781467	0.299935102462769	0.102429583668709	
0.006788972299546	-0.0469703450798988	0.243782356381416	0.0648031160235405	
0.0274191536009312	-0.0539921671152115	0.174942418932915	0.0116866156458855	
0.0462832041084766	-0.0583524405956268	0.098261758685112	-0.0551549233496189	
0.0613087452948093	-0.0612454041838646	0.0200770515948534	-0.130867019295692	
0.0711454525589943	-0.0639148578047752	-0.0525752492249012	-0.207964286208153	
0.0753133371472359	-0.0674107223749161	-0.112859897315502	-0.277275413274765	
0.0742155537009239	-0.072401337325573	-0.155029565095901	-0.32924547791481	
0.0690173804759979	-0.0790712088346481	-0.175176084041595	-0.355399757623672	
0.0614133886992931	-0.0871164724230766	-0.171746462583542	-0.349737554788589	
0.0533213019371033	-0.0958314165472984	-0.145758807659149	-0.309827357530594	
0.0465520173311234	-0.104262910783291	-0.100696220993996	-0.237415969371796	
0.0425080358982086	-0.111398078501225	-0.0421011336147785	-0.138437420129776	
0.0419575273990631	-0.116346478462219	0.0230683721601963	-0.0224021375179291	
-0.0411268919706345	0.115493781864643	-0.0245186146348715	0.0264489240944386	
-0.0441328063607216	0.11791080981493	-0.0888844281435013	-0.0944039896130562	
-0.0498502813279629	0.117086336016655	-0.144919067621231	-0.207821041345596	
-0.0569683127105236	0.113100372254848	-0.186228156089783	-0.301769196987152	
-0.063822939991951	0.106335401535034	-0.208029463887215	-0.366548836231232	
-0.0686924904584885	0.0973509848117828	-0.207565531134605	-0.396032512187958	
-0.070106066763401	0.0867380350828171	-0.184271156787872	-0.38839054107666	
-0.0671156346797943	0.0749878957867622	-0.139696717262268	-0.34620463848114	
-0.0594877600669861	0.0624068006873131	-0.0772173553705215	-0.275965392589569	
-0.0477834828197956	0.0490950830280781	-0.00158036965876818	-0.187044054269791	
-0.0333118736743927	0.03499561175704	0.0816441923379898	-0.0903055742383003	
-0.0179627258330584	0.0199993811547756	0.166641414165497	0.00342110777273774	
-0.00394230335950851	0.0040827221237123	0.247895270586014	0.0847869068384171	
0.00654859654605389	-0.0125579386949539	0.320647895336151	0.147075191140175	
0.0116460444405675	-0.0294089298695326	0.381239622831345	0.186912283301353	
0.0101137300953269	-0.0456086471676826	0.427312284708023	0.204460054636002	
0.00154887780081481	-0.0599993020296097	0.457874119281769	0.203097775578499	
-0.0135283218696713	-0.0712603256106377	0.473236620426178	0.188676878809929	
-0.0337160788476467	-0.0781051963567734	0.474843710660934	0.168490886688232	
-0.0568980239331722	-0.0795088410377502	0.465018808841705	0.150134474039078	
-0.0805121958255768	-0.0749240443110466	0.446657449007034	0.140428110957146	
-0.101883351802826	-0.0644442960619926	0.422894924879074	0.144558772444725	
-0.118570923805237	-0.0488777458667755	0.396775901317596	0.165539979934692	
-0.128683179616928	-0.0297113042324781	0.370953172445297	0.204035192728043	
-0.131113544106483	-0.00896273646503687	0.347438186407089	0.258528292179108	
-0.125667214393616	0.0110613834112883	0.327424824237823	0.325773239135742	
-0.113062411546707	0.0280665885657072	0.311200767755508	0.401420325040817	
-0.0948092639446259	0.0400834605097771	0.298156082630157	0.480702221393585	
-0.072986863553524	0.0457422696053982	0.286888957023621	0.559069454669952	
-0.0499530136585236	0.0444643571972847	0.275399476289749	0.632688641548157	
-0.0280298963189125	0.0365384742617607	0.26135179400444	0.698752701282501	
-0.00921059027314186	0.0230693239718676	0.24237585067749	0.755588412284851	
0.00507320230826735	0.00580659648403525	0.216373965144157	0.802584588527679	
0.0140927452594042	-0.0131174754351377	0.181793615221977	0.839987218379974	
0.0178581476211548	-0.0314992479979992	0.13783198595047	0.868621170520782	
0.017049765214324	-0.0473734848201275	0.0845438688993454	0.889600396156311	
0.0128616224974394	-0.0592732168734074	0.0228380188345909	0.90407395362854	
0.00678539136424661	-0.0664006471633911	-0.0456383228302002	0.913041591644287	
0.000370571360690519	-0.0686860606074333	-0.118710681796074	0.917248606681824	
-0.00500218383967876	-0.0667312145233154	-0.193954139947891	0.917154967784882	
-0.00830204598605633	-0.0616528689861298	-0.26899516582489	0.912960410118103	
-0.00895991362631321	-0.0548580810427666	-0.341794073581696	0.904660701751709	
-0.00690005579963326	-0.0477924942970276	-0.410866379737854	0.892114162445068	
-0.0024934709072113	-0.0417050458490849	-0.475411087274551	0.875102639198303	
0.00355302821844816	-0.0374669581651688	-0.535328686237335	0.853379964828491	
0.0103490445762873	-0.0354711227118969	-0.591129004955292	0.826709508895874	
0.0169864315539598	-0.0356223061680794	-0.643747210502625	0.794897198677063	
0.0226910747587681	-0.0374120138585567	-0.69430023431778	0.757827877998352	
0.0269374791532755	-0.040057610720396	-0.743825733661652	0.715507566928864	
0.0295109152793884	-0.0426753535866737	-0.79304701089859	0.668111741542816	
0.0305117461830378	-0.044453639537096	-0.842202126979828	0.616029441356659	
0.0303065255284309	-0.0447952412068844	-0.890964448451996	0.559891760349274	
0.0294389054179192	-0.04340585693717	-0.938465297222137	0.500570297241211	
0.0285190045833588	-0.0403179116547108	-0.983411610126495	0.439135372638702	
0.0281119532883167	-0.035851564258337	-1.02427673339844	0.376772224903107	
0.0286446008831263	-0.0305264331400394	-1.05952894687653	0.314662516117096	
0.0303447097539902	-0.0249455720186234	-1.08786022663116	0.253849297761917	
0.0332199558615685	-0.0196765083819628	-1.10837399959564	0.195110827684402	
0.0370766296982765	-0.0151523593813181	-1.12070488929749	0.138870447874069	
0.0415708757936954	-0.0116099566221237	-1.12505090236664	0.0851665288209915	
0.0462802909314632	-0.00907298922538757	-1.12211775779724	0.0336955450475216	
0.0507812201976776	-0.00737842218950391	-1.11298751831055	-0.0160724613815546	
0.0547174625098705	-0.00623596832156181	-1.09893751144409	-0.0647231042385101	
0.0578490197658539	-0.00530465040355921	-1.08124136924744	-0.112702161073685	
0.0600743852555752	-0.00426861643791199	-1.06098699569702	-0.160134688019753	
0.0614254102110863	-0.00289633870124817	-1.03893911838531	-0.20669861137867	
0.062039140611887	-0.00107253610622138	-1.01546716690063	-0.251584976911545	
0.0621149279177189	0.00120081088971347	-0.990544736385345	-0.293561547994614	
0.0618672482669353	0.00383069622330368	-0.963817059993744	-0.331135928630829	
0.0614844411611557	0.00667703524231911	-0.934718132019043	-0.362793743610382	
0.0611012540757656	0.00960146822035313	-0.9026158452034	-0.387269407510757	
0.0607895292341709	0.0125080272555351	-0.866957783699036	-0.403797090053558	
0.0605668909847736	0.0153655866160989	-0.827394425868988	-0.412289500236511	
0.060419324785471	0.0182071290910244	-0.783861219882965	-0.413403183221817	
0.0603306107223034	0.0211069956421852	-0.736611008644104	-0.40846848487854	
0.0603102520108223	0.024142874404788	-0.686195552349091	-0.399288326501846	
0.0604122765362263	0.0273532308638096	-0.633406102657318	-0.387836366891861	
0.060739491134882	0.0307020451873541	-0.579185128211975	-0.375906407833099	
0.0614313147962093	0.0340611673891544	-0.524528026580811	-0.364777863025665	
0.0626371651887894	0.0372164808213711	-0.470388621091843	-0.354962348937988	
0.0644808560609818	0.0398983769118786	-0.417602032423019	-0.346084356307983	
0.0670237094163895	0.0418312326073647	-0.366831421852112	-0.336925148963928	
0.0702349171042442	0.0427917279303074	-0.318539887666702	-0.325630158185959	
0.0739763677120209	0.0426632575690746	-0.272984445095062	-0.310047745704651	
0.0780065879225731	0.0414738766849041	-0.2302256077528	-0.288142204284668	
0.0820048451423645	0.0394081771373749	-0.190145432949066	-0.258407235145569	
0.0856121778488159	0.0367887057363987	-0.152468040585518	-0.220203995704651	
0.0884828642010689	0.0340287871658802	-0.116779506206512	-0.173959508538246	
0.0903374403715134	0.0315646603703499	-0.0825466588139534	-0.121185831725597	
0.0910077691078186	0.0297794081270695	-0.0491372644901276	-0.0643123984336853	
0.0904658809304237	0.0289331879466772	-0.0158454217016697	-0.00635857600718737	
-0.0888311788439751	-0.0291133671998978	-0.0180744864046574	-0.0494972839951515	
-0.0863542258739471	-0.0302145835012197	-0.0533635057508945	-0.10037636756897	
-0.0833799764513969	-0.0319529697299004	-0.0907048806548119	-0.144104436039925	
-0.0802964270114899	-0.0339122712612152	-0.130666419863701	-0.179492264986038	
-0.0774778500199318	-0.035613439977169	-0.173645630478859	-0.206443354487419	
-0.0752320662140846	-0.0365949161350727	-0.219826072454453	-0.225873306393623	
-0.0737607106566429	-0.0364888459444046	-0.269152760505676	-0.239459574222565	
-0.073138602077961	-0.0350796394050121	-0.321332037448883	-0.249271586537361	
-0.07331483066082	-0.0323347821831703	-0.375857412815094	-0.257351964712143	
-0.074134074151516	-0.0284034702926874	-0.432058244943619	-0.265327095985413	
-0.0753729492425919	-0.0235846247524023	-0.48916432261467	-0.274117171764374	
-0.0767838135361671	-0.0182716883718967	-0.54637598991394	-0.283795207738876	
-0.078137218952179	-0.0128853656351566	-0.602929174900055	-0.29361417889595	
-0.0792553126811981	-0.0078071323223412	-0.658145546913147	-0.302188992500305	
-0.0800304189324379	-0.00332528352737427	-0.711461126804352	-0.30779030919075	
-0.0804267525672913	0.00039800486410968	-0.762432456016541	-0.308687120676041	
-0.0804666727781296	0.00333482935093343	-0.810721695423126	-0.303469151258469	
-0.0802062079310417	0.00557627063244581	-0.856068968772888	-0.291285693645477	
-0.0797068104147911	0.00729938922449946	-0.898259818553925	-0.271959006786346	
-0.0790107250213623	0.0087250117212534	-0.937097132205963	-0.245956182479858	
-0.0781264081597328	0.0100755365565419	-0.972384750843048	-0.214234799146652	
-0.0770276859402657	0.0115406010299921	-1.0039244890213	-0.178002595901489	
-0.0756669640541077	0.0132555300369859	-1.03152573108673	-0.138447999954224	
-0.0739990770816803	0.0152937490493059	-1.05502235889435	-0.0965027138590813	
-0.0720094665884972	0.0176708530634642	-1.0742871761322	-0.0526877753436565	
-0.0697385743260384	0.0203555691987276	-1.08923757076263	-0.00707471976056695	
-0.0672946497797966	0.0232820697128773	-1.09982538223267	0.0406334325671196	
-0.0648491680622101	0.0263590328395367	-1.10601019859314	0.0909237787127495	
-0.0626126080751419	0.0294732488691807	-1.10772049427032	0.144242212176323	
-0.0607929602265358	0.0324886329472065	-1.10481083393097	0.200765401124954	
-0.0595437064766884	0.0352443121373653	-1.09702980518341	0.260231465101242	
-0.0589115917682648	0.0375571958720684	-1.08401095867157	0.321871638298035	
-0.0587962046265602	0.0392341837286949	-1.06529748439789	0.384461551904678	
-0.0589327029883862	0.0400973074138165	-1.04040384292603	0.44648402929306	
-0.0589058324694633	0.0400211550295353	-1.00891125202179	0.506368577480316	
-0.0581982508301735	0.0389776490628719	-0.970583081245422	0.562754034996033	
-0.0562696270644665	0.0370789058506489	-0.925477623939514	0.614713907241821	
-0.0526563003659248	0.0346064418554306	-0.8740354180336	0.661891043186188	
-0.0470759235322475	0.0320148915052414	-0.81711483001709	0.704505443572998	
-0.039518229663372	0.0299012325704098	-0.755958497524261	0.74322909116745	
-0.0303029995411634	0.0289364755153656	-0.692084014415741	0.778949797153473	
-0.0200898200273514	0.0297642555087805	-0.627106249332428	0.812474250793457	
-0.00983067136257887	0.0328791476786137	-0.562514185905457	0.844236314296722	
-0.000665413972456008	0.0385043434798717	-0.499436974525452	0.87407910823822	
0.00622997619211674	0.046492375433445	-0.438443273305893	0.901168048381805	
0.00982331763952971	0.056272204965353	-0.379415214061737	0.924064099788666	
0.00940832309424877	0.0668610408902168	-0.321532815694809	0.940955221652985	
0.00475974101573229	0.0769496187567711	-0.263386160135269	0.950007021427155	
-0.00376629480160773	0.0850573927164078	-0.203213259577751	0.949764549732208	
-0.0152085004374385	0.0897404626011848	-0.139236688613892	0.939522445201874	
-0.0280650109052658	0.0898233279585838	-0.0700517594814301	0.919580817222595	
-0.0404452495276928	0.0846177935600281	0.00499659636989236	0.891321241855621	
-0.050294429063797	0.0740902274847031	0.0855152383446693	0.857073366641998	
-0.0556637421250343	0.0589435696601868	0.169903844594955	0.819782078266144	
-0.0549901090562344	0.0405916646122932	0.25537833571434	0.782528162002563	
-0.047345444560051	0.0210201423615217	0.338192790746689	0.74798983335495	
-0.0326170325279236	0.00254659168422222	0.414043039083481	0.717948913574219	
-0.0115883452817798	-0.0124891009181738	0.478603810071945	0.692944705486298	
0.0140976430848241	-0.0220597367733717	0.528124392032623	0.672153532505035	
0.0420944280922413	-0.0247594881802797	0.559992015361786	0.653532147407532	
0.0696119740605354	-0.0200361832976341	0.573171317577362	0.634212017059326	
0.0937496200203896	-0.00830708723515272	0.56844174861908	0.611079812049866	
0.111859194934368	0.00906463991850615	0.548382103443146	0.581439256668091	
0.12188932299614	0.0299338046461344	0.517089605331421	0.543625593185425	
0.122663214802742	0.0516556836664677	0.479662269353867	0.497447520494461	
0.114049710333347	0.0714457556605339	0.441512405872345	0.444355994462967	
0.0970015153288841	0.0867620334029198	0.407609224319458	0.387290090322495	
0.07345250248909	0.0956510007381439	0.381763905286789	0.330208539962769	
0.0460856072604656	0.0970036908984184	0.366068363189697	0.277379810810089	
0.0180011037737131	0.0906828120350838	0.360578507184982	0.232554316520691	
-0.00767053756862879	0.0775029137730598	0.363298654556274	0.198174491524696	
-0.0281587354838848	0.0590696483850479	0.370477855205536	0.174780189990997	
-0.0413927510380745	0.0375069789588451	0.377181708812714	0.160740077495575	
-0.0462451428174973	0.0151190785691142	0.3780597448349	0.152385994791985	
-0.0426460057497025	-0.00595678435638547	0.368197083473206	0.144555509090424	
-0.0315535925328732	-0.0240501239895821	0.343924105167389	0.131472423672676	
-0.014787383377552	-0.0381633639335632	0.303462862968445	0.107826419174671	
0.00525081530213356	-0.0480551235377789	0.247310981154442	0.0698687732219696	
0.0259263627231121	-0.0541935302317142	0.178303420543671	0.0163254551589489	
0.0447407886385918	-0.0575949922204018	0.101338163018227	-0.0510494038462639	
0.0596671216189861	-0.0595828182995319	0.022802421823144	-0.127403736114502	
0.0694040209054947	-0.0615123957395554	-0.0502214953303337	-0.205247282981873	
0.0735138431191444	-0.0645131021738052	-0.110859878361225	-0.275397032499313	
0.0724274888634682	-0.0692913830280304	-0.153335854411125	-0.32827952504158	
0.0673191398382187	-0.0760259851813316	-0.173721045255661	-0.355393826961517	
0.0598731227219105	-0.0843678191304207	-0.170451015233994	-0.350704878568649	
0.0519814528524876	-0.093536913394928	-0.144539892673492	-0.311738401651382	
0.0454202778637409	-0.102491289377213	-0.0994726344943047	-0.240191131830215	
0.0415560342371464	-0.110130719840527	-0.0407976284623146	-0.141942664980888	
0.0411268919706345	-0.115493781864643	0.0245186146348715	-0.0264489240944386	
-0.0402461513876915	0.114500366151333	-0.0259389877319336	0.0304634869098663	
-0.0432821549475193	0.117170624434948	-0.0905144438147545	-0.0900587290525436	
-0.0489465333521366	0.116462752223015	-0.146805316209793	-0.203414991497993	
-0.0559404715895653	0.112481154501438	-0.188405126333237	-0.29759356379509	
-0.0626222789287567	0.105657823383808	-0.210518792271614	-0.362893551588058	
-0.0672966688871384	0.0966155156493187	-0.210374876856804	-0.393161237239838	
-0.0685167536139488	0.0860081166028976	-0.187392517924309	-0.386516749858856	
-0.0653507187962532	0.0743759125471115	-0.143104180693626	-0.345472007989883	
-0.057570356875658	0.0620488673448563	-0.0808646604418755	-0.276436060667038	
-0.0457307286560535	0.0491194538772106	-0.00539864460006356	-0.188696578145027	
-0.0311266276985407	0.0354906320571899	0.0777478590607643	-0.0930435657501221	
-0.0156305748969316	0.0209871642291546	0.162784025073051	-0.000249346427153796	
-0.00143511570058763	0.00550380162894726	0.244216173887253	0.0803680792450905	
0.00926286168396473	-0.0108456220477819	0.317304819822311	0.142094179987907	
0.0145890526473522	-0.027615861967206	0.37840273976326	0.181529313325882	
0.0132810091599822	-0.0439862087368965	0.425156533718109	0.198786661028862	
0.00489616207778454	-0.0588031336665154	0.456570655107498	0.19718299806118	
-0.0100931944325566	-0.0707105249166489	0.472944229841232	0.182504549622536	
-0.030333124101162	-0.0783500224351883	0.475701361894608	0.161988481879234	
-0.0537458099424839	-0.0805980935692787	0.467140287160873	0.143192142248154	
-0.0777899101376534	-0.0767968371510506	0.450129002332687	0.132924675941467	
-0.0997865945100784	-0.0669335350394249	0.427775919437408	0.136390790343285	
-0.117265082895756	-0.0517309866845608	0.403102993965149	0.156648933887482	
-0.128278687596321	-0.0326248109340668	0.378746658563614	0.194428861141205	
-0.131647631525993	-0.0116234794259071	0.356710076332092	0.248292937874794	
-0.127095341682434	0.0089323902502656	0.338186591863632	0.315074920654297	
-0.115261510014534	0.0266763921827078	0.323470056056976	0.390495479106903	
-0.0975925624370575	0.0395405776798725	0.311960369348526	0.469839423894882	
-0.0761282220482826	0.0460453890264034	0.302265793085098	0.548585176467896	
-0.0532170124351978	0.0455076955258846	0.292392522096634	0.622901380062103	
-0.0312028098851442	0.0381325669586658	0.2800033390522	0.689958989620209	
-0.0121273528784513	0.0249734055250883	0.262716710567474	0.748044371604919	
0.00251041422598064	0.00776705099269748	0.23841181397438	0.796495318412781	
0.0119071258231997	-0.0113289449363947	0.205502212047577	0.835504174232483	
0.016002980992198	-0.0300538688898087	0.163142323493958	0.865847706794739	
0.0154240857809782	-0.0463648736476898	0.111339151859283	0.888602614402771	
0.0113337868824601	-0.0587108209729195	0.0509531460702419	0.904895126819611	
0.0052202558144927	-0.0662174820899963	-0.0164124891161919	0.915715515613556	
-0.00134452641941607	-0.0687586590647697	-0.0886188372969627	0.921810805797577	
-0.00693707261234522	-0.0669077038764954	-0.163264989852905	0.92364913225174	
-0.0104722902178764	-0.0617839172482491	-0.237988442182541	0.92143851518631	
-0.0113258864730597	-0.0548252537846565	-0.310747891664505	0.915178537368774	
-0.00937616545706987	-0.0475291833281517	-0.380046665668488	0.904722511768341	
-0.0049653728492558	-0.0412067249417305	-0.445064127445221	0.889836609363556	
0.00120675237849355	-0.0367895662784576	-0.50567764043808	0.87024861574173	
0.00823494326323271	-0.0347184687852859	-0.5623739361763	0.845688045024872	
0.0151780471205711	-0.0349252931773663	-0.616068124771118	0.815922856330872	
0.0212178267538548	-0.0369038954377174	-0.667861878871918	0.780799865722656	
0.0257823467254639	-0.0398498848080635	-0.718782305717468	0.740291714668274	
0.0286169890314341	-0.0428387001156807	-0.769545555114746	0.694547533988953	
0.0297960806638002	-0.0450070835649967	-0.820383667945862	0.643938541412354	
0.0296783521771431	-0.0457052290439606	-0.870962023735046	0.589086532592773	
0.0288186259567738	-0.044594943523407	-0.920399069786072	0.530859887599945	
0.0278542973101139	-0.041681069880724	-0.967382073402405	0.470329612493515	
0.0273880138993263	-0.037276852875948	-1.01035702228546	0.408682525157928	
0.0278867371380329	-0.0319160409271717	-1.04775810241699	0.347100168466568	
0.0296129807829857	-0.0262333266437054	-1.07823812961578	0.286622703075409	
0.0325970835983753	-0.0208387989550829	-1.10086035728455	0.228022515773773	
0.0366515628993511	-0.016210675239563	-1.11522126197815	0.171715632081032	
0.0414211973547935	-0.0126248747110367	-1.12148690223694	0.117733985185623	
0.0464567132294178	-0.010130986571312	-1.12033975124359	0.06577118486166	
0.0512969680130482	-0.00857420265674591	-1.11284863948822	0.0153004974126816	
0.0555443130433559	-0.007653649430722	-1.10028767585754	-0.0342526771128178	
0.0589205361902714	-0.00700131710618734	-1.08393537998199	-0.0833149999380112	
0.0612955689430237	-0.00626314571127295	-1.06488978862762	-0.131985351443291	
0.0626868307590485	-0.00516537763178349	-1.04392671585083	-0.17991079390049	
0.0632329359650612	-0.00355413067154586	-1.02142465114594	-0.226249977946281	
0.0631498619914055	-0.00140317005570978	-0.997361242771149	-0.269740074872971	
0.0626803040504456	0.00120765855535865	-0.971378922462463	-0.308862924575806	
0.062047217041254	0.00413456233218312	-0.942902624607086	-0.342085063457489	
0.0614204481244087	0.00721986452117562	-0.911286592483521	-0.368129044771194	
0.0609018430113792	0.0103366672992706	-0.875963449478149	-0.386223405599594	
0.0605296939611435	0.0134172011166811	-0.836570918560028	-0.396279394626617	
0.0602990165352821	0.0164587739855051	-0.793038368225098	-0.398953258991241	
0.0601908601820469	0.0195072367787361	-0.745621621608734	-0.395573198795319	
0.06020213291049	0.0226236563175917	-0.69488650560379	-0.387935847043991	
0.0603677518665791	0.02584408223629	-0.641649127006531	-0.378002792596817	
0.0607689693570137	0.0291440058499575	-0.586885750293732	-0.367550283670425	
0.0615251809358597	0.0324179604649544	-0.531630873680115	-0.357835799455643	
0.0627704784274101	0.0354810431599617	-0.476878464221954	-0.349347501993179	
0.0646199360489845	0.0380938351154327	-0.423500150442123	-0.341687560081482	
0.0671331360936165	0.0400063954293728	-0.372187972068787	-0.333619654178619	
0.0702835991978645	0.0410121530294418	-0.323423743247986	-0.323278248310089	
0.0739416629076004	0.0409997217357159	-0.277472048997879	-0.308508694171906	
0.0778761059045792	0.0399904064834118	-0.234390690922737	-0.287280082702637	
0.081775926053524	0.0381517931818962	-0.194051459431648	-0.258096933364868	
0.0852896273136139	0.0357826128602028	-0.156164363026619	-0.220334425568581	
0.088075764477253	0.0332700349390507	-0.120301567018032	-0.174433782696724	
0.0898558646440506	0.031026404350996	-0.085920013487339	-0.121918052434921	
0.0904602035880089	0.029417160898447	-0.0523842722177505	-0.0652222111821175	
0.089857779443264	0.0286936517804861	-0.0189929828047752	-0.00736445654183626	
-0.0881646648049355	-0.0289441756904125	-0.0149877611547709	-0.0484845228493214	
-0.0856289342045784	-0.030073119327426	-0.0502824112772942	-0.0994585081934929	
-0.0825943648815155	-0.0318127423524857	-0.0875561311841011	-0.143398225307465	
-0.0794492363929749	-0.0337658785283566	-0.127361059188843	-0.179128706455231	
-0.0765691697597504	-0.0354717671871185	-0.170085161924362	-0.206564202904701	
-0.0742638036608696	-0.0364829674363136	-0.21591129899025	-0.226625293493271	
-0.0727364793419838	-0.0364391766488552	-0.264794051647186	-0.240987688302994	
-0.072063222527504	-0.0351247377693653	-0.316459357738495	-0.251712501049042	
-0.072193831205368	-0.0324998758733273	-0.370428383350372	-0.260829091072083	
-0.0729735270142555	-0.028701039031148	-0.426063418388367	-0.269947648048401	
-0.0741799622774124	-0.0240116063505411	-0.482628792524338	-0.279972016811371	
-0.0755676552653313	-0.0188097469508648	-0.539357244968414	-0.290960967540741	
-0.0769109353423119	-0.0135040692985058	-0.595512330532074	-0.302156955003738	
-0.0780373513698578	-0.00846937019377947	-0.650436341762543	-0.312168449163437	
-0.0788457840681076	-0.00399388512596488	-0.703578948974609	-0.319263130426407	
-0.0793071314692497	-0.00024635114823468	-0.754503667354584	-0.321708887815475	
-0.0794491469860077	0.00273328181356192	-0.80287492275238	-0.318093568086624	
-0.0793305113911629	0.00502059329301119	-0.848432540893555	-0.307561844587326	
-0.0790114179253578	0.00677621830254793	-0.890961468219757	-0.289926052093506	
-0.0785283446311951	0.00820621941238642	-0.930265367031097	-0.265637218952179	
-0.0778796225786209	0.00952209904789925	-0.96615082025528	-0.235630586743355	
-0.0770257115364075	0.0109079694375396	-0.998424291610718	-0.201086059212685	
-0.0759041160345078	0.0124995987862349	-1.02690064907074	-0.163160815834999	
-0.0744554027915001	0.0143764950335026	-1.0514178276062	-0.122754193842411	
-0.0726534351706505	0.0165648628026247	-1.07185029983521	-0.0803561508655548	
-0.0705314129590988	0.0190469156950712	-1.08811247348785	-0.0360104218125343	
-0.0681954622268677	0.0217713210731745	-1.10014843940735	0.0106032909825444	
-0.0658198222517967	0.0246605314314365	-1.10790526866913	0.0599905177950859	
-0.063621461391449	0.0276130232959986	-1.11129510402679	0.11261111497879	
-0.0618166849017143	0.0305015202611685	-1.11015498638153	0.168652132153511	
-0.0605670437216759	0.0331709012389183	-1.10421645641327	0.227859482169151	
-0.0599253140389919	0.0354410633444786	-1.09309840202332	0.289470195770264	
-0.0597940906882286	0.0371198505163193	-1.07633292675018	0.35226383805275	
-0.0599085874855518	0.0380288995802402	-1.05342674255371	0.414724558591843	
-0.0598519444465637	0.0380417034029961	-1.02395522594452	0.475279182195663	
-0.0591056868433952	0.0371285639703274	-0.987674951553345	0.532558381557465	
-0.057131364941597	0.0353991910815239	-0.944633722305298	0.585620880126953	
-0.0534724108874798	0.0331311896443367	-0.895253479480743	0.634087026119232	
-0.0478599444031715	0.0307726301252842	-0.840363800525665	0.678147792816162	
-0.0403030253946781	0.028910156339407	-0.781166732311249	0.718441367149353	
-0.0311442520469427	0.0281997304409742	-0.719128489494324	0.755820751190186	
-0.0210652891546488	0.0292649380862713	-0.655804216861725	0.791060864925385	
-0.011034082621336	0.0325759127736092	-0.592620134353638	0.824571669101715	
-0.00219467841088772	0.0383287481963634	-0.530646085739136	0.856184124946594	
0.00428927084431052	0.0463490337133408	-0.470401734113693	0.885065376758575	
0.00741703528910875	0.0560427196323872	-0.411737889051437	0.909792125225067	
0.00653247023001313	0.0664122030138969	-0.353825598955154	0.92857950925827	
0.00147516233846545	0.0761458054184914	-0.295271694660187	0.939626276493073	
-0.00732662528753281	0.0837763845920563	-0.234356209635735	0.941509187221527	
-0.0188422258943319	0.087891198694706	-0.16936568915844	0.933545410633087	
-0.0315144024789333	0.0873635709285736	-0.0989749580621719	0.9160395860672	
-0.0434219427406788	0.0815690755844116	-0.0226155649870634	0.890354514122009	
-0.0525124408304691	0.0705476924777031	0.0592354014515877	0.858774185180664	
-0.0568766556680202	0.0550783202052116	0.14490570127964	0.824171602725983	
-0.0550272203981876	0.0366441383957863	0.2315593957901	0.789534330368042	
-0.0461413040757179	0.0172839518636465	0.315424025058746	0.757434368133545	
-0.0302294213324785	-0.000656453659757972	0.392196357250214	0.729545652866364	
-0.00820111203938723	-0.0148407286033034	0.457578092813492	0.706309914588928	
0.0181882437318563	-0.0232804361730814	0.507866442203522	0.686828315258026	
0.0465088970959187	-0.0246431287378073	0.540510237216949	0.669013917446136	
0.0739287212491035	-0.0184794906526804	0.55454009771347	0.649991750717163	
0.0975527092814445	-0.00532970763742924	0.550796508789063	0.626680374145508	
0.11478603631258	0.0133129209280014	0.531905710697174	0.596449911594391	
0.123671673238277	0.0351806879043579	0.501991987228394	0.557728886604309	
0.123155578970909	0.0575289689004421	0.466156214475632	0.510434567928314	
0.113241285085678	0.0775090903043747	0.429788500070572	0.456130266189575	
0.0950101986527443	0.0925600305199623	0.397813022136688	0.397858411073685	
0.0705023258924484	0.100758418440819	0.373977959156036	0.339662462472916	
0.042471282184124	0.101072609424591	0.360300779342651	0.285869926214218	
0.0140454182401299	0.0934816226363182	0.356759279966354	0.240261659026146	
-0.0116598922759295	0.0789418295025826	0.361283659934998	0.205282911658287	
-0.0319265313446522	0.0592091381549835	0.370059490203857	0.181452974677086	
-0.0447625480592251	0.0365476720035076	0.378104716539383	0.167103081941605	
-0.0491313673555851	0.0133743388578296	0.380040228366852	0.158518299460411	
-0.0450510792434216	-0.00810209475457668	0.370942413806915	0.150487542152405	
-0.0335518196225166	-0.0261891316622496	0.347152143716812	0.13718980550766	
-0.0164994578808546	-0.0399181582033634	0.306918114423752	0.113278061151505	
0.00368761527352035	-0.0491222441196442	0.250777304172516	0.074976734817028	
0.0243867710232735	-0.0543778017163277	0.181611806154251	0.0209949668496847	
0.0431341044604778	-0.0568272769451141	0.104370296001434	-0.046921081840992	
0.0579503066837788	-0.0579196475446224	0.02548972889781	-0.123920023441315	
0.0675838813185692	-0.0591182373464108	-0.0479021556675434	-0.202506273984909	
0.0716389641165733	-0.0616284981369972	-0.108893141150475	-0.273486107587814	
0.0705724805593491	-0.0661923736333847	-0.151676267385483	-0.327269464731216	
0.0655648782849312	-0.0729813948273659	-0.172302052378654	-0.35533207654953	
0.0582873262465	-0.0816011130809784	-0.169193461537361	-0.351607382297516	
0.0506033934652805	-0.0911984071135521	-0.143359676003456	-0.313581079244614	
0.0442524552345276	-0.100644618272781	-0.0982867702841759	-0.242901831865311	
0.0405639000236988	-0.108755022287369	-0.0395288057625294	-0.145395621657372	
0.0402461513876915	-0.114500366151333	0.0259389877319336	-0.0304634869098663	
-0.0393163785338402	0.113367460668087	-0.0273277554661036	0.0344409346580505	
-0.0423677153885365	0.116261050105095	-0.0921177938580513	-0.0857262834906578	
-0.0479622781276703	0.115646630525589	-0.14866991341114	-0.198993280529976	
-0.0548164062201977	0.111654803156853	-0.190564587712288	-0.293372750282288	
-0.0613136515021324	0.104767926037312	-0.212993294000626	-0.359165847301483	
-0.0657876133918762	0.0956718772649765	-0.213170543313026	-0.390195667743683	
-0.0668170303106308	0.0850826278328896	-0.190500304102898	-0.384534418582916	
-0.0634867250919342	0.0735878720879555	-0.146498322486877	-0.344625562429428	
-0.055572833865881	0.0615394189953804	-0.0845006704330444	-0.276796519756317	
-0.0436224229633808	0.0490198060870171	-0.00921126361936331	-0.190250217914581	
-0.0289130937308073	0.0358900614082813	0.0738462507724762	-0.0956994742155075	
-0.0132967522367835	0.0219069141894579	0.158904001116753	-0.00385705404914916	
0.00105103198438883	0.00688200676813722	0.24049024283886	0.0759931951761246	
0.0119399670511484	-0.0091546168550849	0.313884526491165	0.137141570448875	
0.017487084493041	-0.0258269850164652	0.375453591346741	0.176164329051971	
0.0164042990654707	-0.0423557981848717	0.422851353883743	0.193126708269119	
0.00820847321301699	-0.0575919672846794	0.455081224441528	0.191282287240028	
-0.00667787110432982	-0.0701436921954155	0.472432821989059	0.176350116729736	
-0.0269513204693794	-0.0785802751779556	0.476312965154648	0.155507951974869	
-0.0505756102502346	-0.0816788971424103	0.468996316194534	0.136271998286247	
-0.0750328600406647	-0.0786698237061501	0.453323781490326	0.125436335802078	
-0.0976429283618927	-0.0694327428936958	0.432376503944397	0.128219872713089	
-0.115906089544296	-0.0546035058796406	0.409152001142502	0.147723659873009	
-0.127820909023285	-0.0355648212134838	0.386268138885498	0.18474268913269	
-0.132133394479752	-0.014314386062324	0.365717142820358	0.237918302416801	
-0.12848336994648	0.00677427183836699	0.348689794540405	0.304166108369827	
-0.11742952466011	0.0252634454518557	0.335484504699707	0.379280596971512	
-0.100351989269257	0.0389866717159748	0.325510770082474	0.458602726459503	
-0.0792488381266594	0.0463538765907288	0.317387700080872	0.537643373012543	
-0.0564577132463455	0.0465761572122574	0.309129863977432	0.612577438354492	
-0.0343435853719711	0.0397730581462383	0.298401653766632	0.680557012557983	
-0.0149973211809993	0.0269445721060038	0.282813429832458	0.739830374717712	
1.3414234672382E-5	0.00981258042156696	0.26022469997406	0.789684653282166	
0.0098083708435297	-0.00944188702851534	0.229017734527588	0.830257892608643	
0.0142551707103848	-0.0285023283213377	0.188305705785751	0.86227685213089	
0.0139230052009225	-0.0452488325536251	0.138047888875008	0.886778771877289	
0.00994228664785624	-0.058045819401741	0.0790549740195274	0.904863893985748	
0.00379618047736585	-0.0659415572881699	0.012883298099041	0.917511165142059	
-0.00292140315286815	-0.0687516704201698	-0.0583675839006901	0.925468146800995	
-0.00874368753284216	-0.0670190155506134	-0.132325023412704	0.929210603237152	
-0.0125299543142319	-0.0618633218109608	-0.206641688942909	0.92895644903183	
-0.013598695397377	-0.0547515116631985	-0.279278159141541	0.924711227416992	
-0.0117798848077655	-0.0472314953804016	-0.348727941513062	0.916326642036438	
-0.00738468579947948	-0.0406757220625877	-0.414151906967163	0.903556704521179	
-0.00110379001125693	-0.0360764525830746	-0.475403994321823	0.886106610298157	
0.00614401418715715	-0.0339231602847576	-0.532946527004242	0.863674402236938	
0.013385146856308	-0.0341762416064739	-0.587672591209412	0.835991322994232	
0.0197570454329252	-0.0363336578011513	-0.640666246414185	0.802866339683533	
0.0246404577046633	-0.0395710840821266	-0.692941963672638	0.764236807823181	
0.0277395285665989	-0.0429247133433819	-0.745207548141479	0.720222473144531	
0.0291009694337845	-0.0454807579517365	-0.797688364982605	0.67117315530777	
0.0290741734206676	-0.046537347137928	-0.850042581558228	0.617696464061737	
0.0282238759100437	-0.0457122400403023	-0.901377320289612	0.560653746128082	
0.0272139292210341	-0.0429820008575916	-0.95036256313324	0.501112937927246	
0.0266841631382704	-0.0386518053710461	-0.995419561862946	0.440259844064713	
0.0271417964249849	-0.0332681350409985	-1.03495097160339	0.379274517297745	
0.0288846082985401	-0.0274959523230791	-1.06757271289825	0.319194078445435	
0.0319663286209106	-0.0219867303967476	-1.09230899810791	0.260786056518555	
0.0362065061926842	-0.0172629673033953	-1.10871851444244	0.204460844397545	
0.0412392728030682	-0.0136392815038562	-1.11693465709686	0.150245860219002	
0.0465890243649483	-0.0111912311986089	-1.11761510372162	0.0978336855769157	
0.051757451146841	-0.00977265555411577	-1.11181330680847	0.0467021465301514	
0.0563055723905563	-0.00907277502119541	-1.10079777240753	-0.00371181243099272	
0.0599169582128525	-0.00869732350111008	-1.08584952354431	-0.0538160465657711	
0.0624329037964344	-0.00825477577745914	-1.0680741071701	-0.103684350848198	
0.06385637819767	-0.00742973620072007	-1.04825711250305	-0.152934536337852	
0.0643276497721672	-0.00603009946644306	-1.02678489685059	-0.200694710016251	
0.0640795305371284	-0.00400156294927001	-1.00363838672638	-0.245673224329948	
0.0633832588791847	-0.00141076126601547	-0.978457093238831	-0.286327391862869	
0.0624967776238918	0.00159499060828239	-0.950657188892365	-0.321105241775513	
0.0616253316402435	0.00483894068747759	-0.919579386711121	-0.348717272281647	
0.0609009265899658	0.00816348567605019	-0.884641349315643	-0.368385374546051	
0.0603824406862259	0.011464374139905	-0.84546834230423	-0.380017727613449	
0.0600735545158386	0.0147033082321286	-0.801982998847961	-0.384268343448639	
0.0599519610404968	0.0178976450115442	-0.754443645477295	-0.382461339235306	
0.0600011348724365	0.021091777831316	-0.703429579734802	-0.37638521194458	
0.0602359585464001	0.0243192985653877	-0.649780809879303	-0.367988288402557	
0.0607152506709099	0.027567220851779	-0.594506800174713	-0.359028458595276	
0.0615376941859722	0.0307528357952833	-0.538680613040924	-0.350741326808929	
0.062821701169014	0.0337206348776817	-0.483336180448532	-0.343591809272766	
0.0646736100316048	0.036261610686779	-0.429381668567657	-0.337160706520081	
0.0671516805887222	0.0381517335772514	-0.377538412809372	-0.330194801092148	
0.070234477519989	0.0392013676464558	-0.328307539224625	-0.320818334817886	
0.0738017708063126	0.0393044129014015	-0.281961888074875	-0.306874185800552	
0.0776336193084717	0.0384753458201885	-0.238557502627373	-0.286336183547974	
0.0814296901226044	0.0368645004928112	-0.197956666350365	-0.257719248533249	
0.0848466530442238	0.0347464121878147	-0.15985594689846	-0.220412030816078	
0.0875476747751236	0.032481599599123	-0.123814277350903	-0.174869000911713	
0.089255265891552	0.0304580461233854	-0.0892791748046875	-0.122623465955257	
0.0897976905107498	0.029023127630353	-0.0556123740971088	-0.0661153346300125	
0.0891401916742325	0.0284191574901342	-0.0221174024045467	-0.00836136378347874	
-0.0873947069048882	-0.0287353452295065	-0.0119276707991958	-0.0474752523005009	
-0.084805928170681	-0.0298860669136047	-0.047230426222086	-0.0985403209924698	
-0.0817157328128815	-0.0316201858222485	-0.0844376608729362	-0.142688646912575	
-0.0785121843218803	-0.0335602611303329	-0.124085538089275	-0.178758546710014	
-0.0755720585584641	-0.0352645479142666	-0.166552126407623	-0.206673964858055	
-0.0732069313526154	-0.0363004207611084	-0.212019264698029	-0.22735969722271	
-0.0716222152113914	-0.0363157093524933	-0.260450780391693	-0.242489233613014	
-0.0708956718444824	-0.0350950323045254	-0.311591774225235	-0.254115402698517	
-0.0709783658385277	-0.0325914323329926	-0.36499086022377	-0.264254540205002	
-0.0717165619134903	-0.0289284326136112	-0.420042991638184	-0.274501532316208	
-0.0728892758488655	-0.0243734512478113	-0.476046621799469	-0.285744786262512	
-0.0742533057928085	-0.0192887987941504	-0.532266795635223	-0.298029869794846	
-0.0755866542458534	-0.014070344157517	-0.587994337081909	-0.310589641332626	
-0.076722040772438	-0.00908561423420906	-0.642592191696167	-0.322027027606964	
-0.0775645673274994	-0.0046223271638155	-0.695523500442505	-0.330607265233994	
-0.0780914425849915	-0.000855535734444857	-0.746358752250671	-0.334597378969193	
-0.0783355459570885	0.00216277060098946	-0.794764876365662	-0.332583576440811	
-0.078358106315136	0.00449244678020477	-0.840481758117676	-0.323705703020096	
-0.0782180577516556	0.00627729576081038	-0.883294224739075	-0.307766288518906	
-0.0779462233185768	0.00770810758695006	-0.923007309436798	-0.285200297832489	
-0.0775310322642326	0.00898497458547354	-0.959431231021881	-0.256920635700226	
-0.0769197270274162	0.0102860573679209	-0.992377936840057	-0.224079698324203	
-0.0760349780321121	0.0117473201826215	-1.02166867256165	-0.187803819775581	
-0.074802964925766	0.0134543487802148	-1.04714667797089	-0.148960307240486	
-0.0731856971979141	0.0154442191123962	-1.06868898868561	-0.108008407056332	
-0.0712087005376816	0.0177131537348032	-1.08620834350586	-0.0649642199277878	
-0.0689755156636238	0.0202250629663467	-1.09964203834534	-0.0194841679185629	
-0.0666627436876297	0.0229170508682728	-1.10892570018768	0.028955927118659	
-0.0644936487078667	0.0257001984864473	-1.11395668983459	0.0808302685618401	
-0.0626930445432663	0.0284568760544062	-1.11455535888672	0.136336758732796	
-0.0614311695098877	0.0310383252799511	-1.11043739318848	0.195229575037956	
-0.0607679113745689	0.0332677625119686	-1.10120809078217	0.256751984357834	
-0.0606103092432022	0.0349538512527943	-1.08638870716095	0.319687724113464	
-0.0606953054666519	0.0359172821044922	-1.06547892093658	0.382522344589233	
-0.060606062412262	0.0360294058918953	-1.03804790973663	0.443680077791214	
-0.0598243214190006	0.0352574400603771	-1.00384497642517	0.501783549785614	
-0.0578142628073692	0.0337069481611252	-0.962905526161194	0.555876731872559	
-0.0541263557970524	0.0316496938467026	-0.915631592273712	0.605558276176453	
-0.0485041812062263	0.0295253805816174	-0.862821698188782	0.650991380214691	
-0.040974173694849	0.0279088169336319	-0.805635213851929	0.692782342433929	
-0.0318989455699921	0.0274400040507317	-0.745484888553619	0.731751620769501	
-0.0219789333641529	0.0287223476916552	-0.683864891529083	0.768645584583282	
-0.0121945822611451	0.0322023592889309	-0.62213796377182	0.803853511810303	
-0.00369098223745823	0.0380508191883564	-0.561314702033997	0.837197363376617	
0.0023828789126128	0.0460690930485725	-0.501867413520813	0.867848813533783	
0.00505885481834412	0.0556435436010361	-0.443617314100266	0.894402265548706	
0.0037305757869035	0.0657655373215675	-0.385729312896729	0.915100693702698	
-0.00169950898271054	0.0751247256994247	-0.326829582452774	0.928174912929535	
-0.0107345022261143	0.082270585000515	-0.265242546796799	0.932231426239014	
-0.0222790576517582	0.0858237892389297	-0.199320241808891	0.926605880260468	
-0.0347260050475597	0.0847072824835777	-0.127817213535309	0.911603152751923	
-0.0461290404200554	0.0783596634864807	-0.0502501875162125	0.888561844825745	
-0.0544431284070015	0.0668920129537582	0.0328227914869785	0.859715104103088	
-0.0578023828566074	0.051155187189579	0.119662083685398	0.827859580516815	
-0.0547972321510315	0.0326965302228928	0.207385435700417	0.795886278152466	
-0.0447101183235645	0.0136021971702576	0.292199969291687	0.766259431838989	
-0.0276726372539997	-0.00375957880169153	0.369809359312057	0.740545094013214	
-0.0047162757255137	-0.0170609839260578	0.435947239398956	0.719089508056641	
0.0222968943417072	-0.0243559572845697	0.486962288618088	0.700921833515167	
0.0508605614304543	-0.0243871435523033	0.520366489887238	0.683916032314301	
0.0781074240803719	-0.0168076399713755	0.535256028175354	0.66519558429718	
0.10115447640419	-0.00227795611135662	0.532529771327972	0.641715586185455	
0.117465369403362	0.0175829418003559	0.514856934547424	0.610916316509247	
0.125180661678314	0.040390633046627	0.486383438110352	0.571321666240692	
0.123370133340359	0.063307024538517	0.452207028865814	0.52295845746994	
0.112170845270157	0.0834255516529083	0.417689830064774	0.46750083565712	
0.0927897021174431	0.0981714278459549	0.38770604133606	0.408091992139816	
0.0673679560422897	0.105655156075954	0.365937203168869	0.348855912685394	
0.0387240685522556	0.104924090206623	0.35432431101799	0.29417422413826	
0.0100083919242024	0.0960730835795403	0.35276672244072	0.247853428125381	
-0.015684399753809	0.0801978707313538	0.359121322631836	0.212337136268616	
-0.0356931164860725	0.0592005290091038	0.369512110948563	0.188120678067207	
-0.0481074340641499	0.0354803651571274	0.378911763429642	0.173496022820473	
-0.0519826412200928	0.0115617709234357	0.381914854049683	0.164701282978058	
-0.0474239625036716	-0.010279718786478	0.373591125011444	0.156477957963943	
-0.0355310067534447	-0.0283331777900457	0.350292980670929	0.142962962388992	
-0.0182124674320221	-0.0416609719395638	0.310296416282654	0.118776082992554	
0.00210073497146368	-0.0501708835363388	0.254177331924438	0.0801187679171562	
0.0228019412606955	-0.0545462034642696	0.184864357113838	0.025687001645565	
0.0414650849997997	-0.0560526289045811	0.107355758547783	-0.0427780896425247	
0.0561606511473656	-0.0562612004578114	0.0281374305486679	-0.120423972606659	
0.0656877607107162	-0.0567392744123936	-0.0456179939210415	-0.199749231338501	
0.0696917101740837	-0.0587648414075375	-0.106959812343121	-0.271550208330154	
0.0686536356806755	-0.0631126686930656	-0.150050520896912	-0.326222211122513	
0.0637576207518578	-0.0699455887079239	-0.170918554067612	-0.355220228433609	
0.0566587634384632	-0.0788237154483795	-0.167973309755325	-0.352449238300323	
0.0491895154118538	-0.0888219922780991	-0.1422179043293	-0.315357565879822	
0.0430504828691483	-0.0987274199724197	-0.0971388444304466	-0.245547950267792	
0.0395331121981144	-0.107273831963539	-0.0382955707609653	-0.1487937271595	
0.0393163785338402	-0.113367460668087	0.0273277554661036	-0.0344409346580505	
-0.0383387021720409	0.112096428871155	-0.0286832302808762	0.0383764207363129	
-0.0413903966546059	0.115182168781757	-0.0936918407678604	-0.0814136043190956	
-0.0468983575701714	0.1146370023489	-0.150509208440781	-0.19456447660923	
-0.0535970367491245	0.110619574785233	-0.192701935768127	-0.289116233587265	
-0.0598982125520706	0.103663481771946	-0.215447515249252	-0.355375349521637	
-0.0641668662428856	0.0945175886154175	-0.215946301817894	-0.38714474439621	
-0.0650089532136917	0.0839589759707451	-0.193587735295296	-0.382451146841049	
-0.0615263059735298	0.0726211741566658	-0.149872019886971	-0.343670934438705	
-0.0534985363483429	0.0608758553862572	-0.0881181657314301	-0.277050256729126	
-0.041462603956461	0.0487935431301594	-0.0130111584439874	-0.19170618057251	
-0.0266759898513556	0.0361913181841373	0.0699460357427597	-0.0982722789049149	
-0.010966595262289	0.0227560717612505	0.155007347464561	-0.00739904306828976	
0.00351030449382961	0.0082148564979434	0.236722648143768	0.0716668516397476	
0.0145737491548061	-0.00748722581192851	0.310391217470169	0.132223218679428	
0.0203338731080294	-0.0240443013608456	0.372395426034927	0.170824214816093	
0.019477479159832	-0.0407189913094044	0.420398831367493	0.187487870454788	
0.0114801246672869	-0.056366853415966	0.453406721353531	0.185404062271118	
-0.00328733446076512	-0.0695603117346764	0.47170227766037	0.170222774147987	
-0.0235746987164021	-0.0787959322333336	0.476677268743515	0.14905934035778	
-0.0473903156816959	-0.0827508941292763	0.470584541559219	0.129385158419609	
-0.0722427070140839	-0.0805425494909286	0.456238508224487	0.117975257337093	
-0.095452755689621	-0.0719416439533234	0.436692237854004	0.120059356093407	
-0.114493183791637	-0.0574955083429813	0.414917200803757	0.138778492808342	
-0.127308055758476	-0.0385322868824005	0.393510282039642	0.174991741776466	
-0.132568284869194	-0.0170373525470495	0.374450266361237	0.227419838309288	
-0.129828229546547	0.00458414573222399	0.358922958374023	0.29306223988533	
-0.11956313252449	0.0238239914178848	0.347229897975922	0.367790460586548	
-0.103084169328213	0.0384173691272736	0.33878967165947	0.447005957365036	
-0.0823453813791275	0.0466631278395653	0.332233339548111	0.526256561279297	
-0.0596718639135361	0.0476653464138508	0.325585842132568	0.601727426052094	
-0.0374489650130272	0.0414562411606312	0.316516429185867	0.670555591583252	
-0.0178170595318079	0.0289802122861147	0.302630990743637	0.730952978134155	
-0.0024139559827745	0.0119419442489743	0.28177285194397	0.782157063484192	
0.00780097488313913	-0.00745605537667871	0.252295851707458	0.824250757694244	
0.0126200849190354	-0.0268429704010487	0.213273599743843	0.857909083366394	
0.012552916072309	-0.0440225414931774	0.164617866277695	0.884126842021942	
0.0086945928633213	-0.0572745986282825	0.107088200747967	0.903976023197174	
0.0025216459762305	-0.0655689239501953	0.0421913340687752	0.918421745300293	
-0.00435075350105762	-0.0686612576246262	-0.0280163455754519	0.928210556507111	
-0.0104121835902333	-0.0670618265867233	-0.101194746792316	0.933826088905334	
-0.0144650042057037	-0.0618884675204754	-0.175015926361084	0.935497164726257	
-0.0157684870064259	-0.0546350330114365	-0.247445896267891	0.933237910270691	
-0.0141018917784095	-0.0468983091413975	-0.316970825195313	0.926901519298553	
-0.00974288769066334	-0.0401113331317902	-0.38273423910141	0.916233658790588	
-0.00337105174548924	-0.0353269577026367	-0.444566458463669	0.900920331478119	
0.00408277008682489	-0.0330841764807701	-0.502904117107391	0.880630910396576	
0.0116132665425539	-0.0333733856678009	-0.558616161346436	0.85506135225296	
0.0183134395629168	-0.0356985069811344	-0.612766623497009	0.823982656002045	
0.0235158931463957	-0.0392172262072563	-0.666355431079865	0.78729522228241	
0.0268822051584721	-0.0429282374680042	-0.720080375671387	0.745086669921875	
0.0284298732876778	-0.0458684973418713	-0.774160087108612	0.69768100976944	
0.0284973569214344	-0.0472846813499928	-0.82824581861496	0.645667791366577	
0.0276579726487398	-0.0467504598200321	-0.881435334682465	0.589896500110626	
0.0266011022031307	-0.0442133732140064	-0.93238365650177	0.531428813934326	
0.0260033514350653	-0.0399693287909031	-0.979490220546722	0.471446573734283	
0.026412270963192	-0.0345760658383369	-1.02112877368927	0.411127299070358	
0.0281613934785128	-0.0287272986024618	-1.05588054656982	0.351504892110825	
0.0313285961747169	-0.0231145732104778	-1.08273220062256	0.293343037366867	
0.0357413105666637	-0.0183037407696247	-1.10120511054993	0.237048268318176	
0.0410238206386566	-0.0146476794034243	-1.11139929294586	0.182645455002785	
0.0466748476028442	-0.0122479544952512	-1.11394596099854	0.129827991127968	
0.0521593242883682	-0.0109675219282508	-1.10988128185272	0.0780795514583588	
0.0569971576333046	-0.0104864556342363	-1.10046529769897	0.0268490817397833	
0.0608337372541428	-0.0103851230815053	-1.08697903156281	-0.0242528691887856	
0.0634816884994507	-0.0102353915572166	-1.07053351402283	-0.0752762109041214	
0.0649294853210449	-0.00968092121183872	-1.05192220211029	-0.125811278820038	
0.0653190910816193	-0.00849182531237602	-1.03153800964355	-0.174957558512688	
0.064900279045105	-0.00658590300008655	-1.00936472415924	-0.221396401524544	
0.0639730840921402	-0.00401649717241526	-0.985038995742798	-0.263561904430389	
0.0628306940197945	-0.000934194249566644	-0.957968175411224	-0.299884229898453	
0.0617139786481857	0.00246551679447293	-0.927479803562164	-0.329061448574066	
0.0607852078974247	0.00599465798586607	-0.892976880073547	-0.350307911634445	
0.0601237304508686	0.00951274577528238	-0.854071974754333	-0.363527029752731	
0.0597415417432785	0.0129460152238607	-0.81068080663681	-0.369368612766266	
0.059612363576889	0.0162833537906408	-0.763063549995422	-0.369150668382645	
0.0597054660320282	0.0195524152368307	-0.711812019348145	-0.364651799201965	
0.0600148215889931	0.0227842517197132	-0.657789528369904	-0.357805848121643	
0.0605760030448437	0.0259773191064596	-0.602037727832794	-0.350351691246033	
0.0614663623273373	0.0290716774761677	-0.545667827129364	-0.343502968549728	
0.0627882778644562	0.0319412872195244	-0.489753186702728	-0.337701946496964	
0.0646393969655037	0.0344077236950397	-0.435238689184189	-0.33250880241394	
0.0670770406723022	0.0362730659544468	-0.382875382900238	-0.326654225587845	
0.0700855627655983	0.0373647883534431	-0.333184272050858	-0.318253040313721	
0.0735550820827484	0.0375821851193905	-0.28644734621048	-0.30514594912529	
0.0772779434919357	0.036932859569788	-0.242719635367393	-0.285311549901962	
0.0809653773903847	0.0355497226119041	-0.201854899525642	-0.257274776697159	
0.0842828974127769	0.0336827747523785	-0.163537055253983	-0.220436975359917	
0.0868986174464226	0.0316654592752457	-0.127312332391739	-0.175264999270439	
0.0885359719395638	0.0298609342426062	-0.0926193296909332	-0.123301543295383	
0.0890208333730698	0.0285981204360723	-0.0588172972202301	-0.0669908747076988	
0.0883140042424202	0.0281100366264582	-0.0252148769795895	-0.00934808515012264	
-0.0865224525332451	-0.0284867808222771	-0.00889767613261938	-0.0464709252119064	
-0.0838866233825684	-0.0296529214829206	-0.0442108698189259	-0.0976233780384064	
-0.0807458013296127	-0.0313743725419044	-0.0813528746366501	-0.141977235674858	
-0.0774873271584511	-0.0332940481603146	-0.120843596756458	-0.178383007645607	
-0.0744889304041862	-0.0349899418652058	-0.16305086016655	-0.206773340702057	
-0.0720642358064651	-0.0360449589788914	-0.208155065774918	-0.228076443076134	
-0.0704210698604584	-0.0361156351864338	-0.256128877401352	-0.24396313726902	
-0.0696394219994545	-0.0349872596561909	-0.306736201047897	-0.256477952003479	
-0.069672167301178	-0.0326057858765125	-0.359552681446075	-0.267624706029892	
-0.0703670829534531	-0.0290816407650709	-0.414005517959595	-0.278983592987061	
-0.0715048611164093	-0.0246658492833376	-0.469427049160004	-0.291428685188293	
-0.0728447064757347	-0.0197042729705572	-0.525114297866821	-0.304993391036987	
-0.0741682425141335	-0.0145793808624148	-0.580385267734528	-0.31890195608139	
-0.0753130838274956	-0.00965080223977566	-0.634623348712921	-0.331752479076385	
-0.0761902332305908	-0.00520526245236397	-0.687305092811584	-0.341808319091797	
-0.0767828896641731	-0.00142387161031365	-0.738008141517639	-0.347335904836655	
-0.0771288126707077	0.00162934581749141	-0.786401927471161	-0.346919924020767	
-0.0772916227579117	0.00399827864021063	-0.832226812839508	-0.339695334434509	
-0.0773290172219276	0.00580946635454893	-0.875267863273621	-0.325454771518707	
-0.0772662833333015	0.007237883284688	-0.91533225774765	-0.304617196321487	
-0.0770821049809456	0.0084716659039259	-0.952234447002411	-0.278073459863663	
-0.0767106488347054	0.00968258548527956	-0.985792875289917	-0.246948704123497	
-0.0760597959160805	0.0110065536573529	-1.01583588123322	-0.212338790297508	
-0.0750412121415138	0.012535247951746	-1.04221343994141	-0.175079539418221	
-0.0736047849059105	0.014316919259727	-1.06480574607849	-0.135599821805954	
-0.0717679932713509	0.0163623709231615	-1.08352530002594	-0.0938884243369102	
-0.0696313232183456	0.0186515469104052	-1.09830391407013	-0.0495785214006901	
-0.0673734396696091	0.021137110888958	-1.10906672477722	-0.00212717708200216	
-0.0652238205075264	0.0237436760216951	-1.11569762229919	0.0489544607698917	
-0.0634160339832306	0.026364054530859	-1.11800158023834	0.103875569999218	
-0.0621297098696232	0.028856422752142	-1.1156792640686	0.162399038672447	
-0.061432957649231	0.0310475118458271	-1.10832333564758	0.223774701356888	
-0.0612387135624886	0.0327465981245041	-1.09544515609741	0.286790698766708	
-0.061287272721529	0.0337727405130863	-1.07653701305389	0.349934160709381	
-0.0611633770167828	0.0339939966797829	-1.05116200447083	0.411626726388931	
-0.0603501722216606	0.0333730094134808	-1.01906096935272	0.470483124256134	
-0.0583150759339333	0.0320094153285027	-0.980256319046021	0.525533020496368	
-0.0546153709292412	0.0301673170179129	-0.935127794742584	0.576354146003723	
-0.0490059219300747	0.0282763633877039	-0.884441256523132	0.623083114624023	
-0.0415284670889378	0.0268982294946909	-0.829311490058899	0.666296422481537	
-0.0325627997517586	0.0266562588512897	-0.771096050739288	0.706784605979919	
-0.0228248201310635	0.0281337909400463	-0.711226880550385	0.745268404483795	
-0.0133041050285101	0.031754732131958	-0.651003003120422	0.782119810581207	
-0.00514383660629392	0.0376665033400059	-0.591376423835754	0.817154824733734	
0.000523760623764247	0.045649029314518	-0.53277313709259	0.84955233335495	
0.00276397494599223	0.0550724826753139	-0.474987030029297	0.877925992012024	
0.00101955502759665	0.0649208948016167	-0.41717928647995	0.900546967983246	
-0.00474641984328628	0.0738887712359428	-0.357998043298721	0.915677428245544	
-0.0139720998704433	0.0805451720952988	-0.295814096927643	0.921950936317444	
-0.0255022626370192	0.0835460722446442	-0.229046121239662	0.918718099594116	
-0.037685215473175	0.0818646103143692	-0.15652821958065	0.906279265880585	
-0.0485549718141556	0.0750013142824173	-0.0778605863451958	0.885944008827209	
-0.0560786202549934	0.0631356984376907	0.00632106559351087	0.859889626502991	
-0.05843710526824	0.0471864342689514	0.0942143425345421	0.830832421779633	
-0.0543003492057323	0.028759803622961	0.182896330952644	0.801563918590546	
-0.043055709451437	0.00998359639197588	0.268559753894806	0.77443915605545	
-0.0249534044414759	-0.00675710337236524	0.346920907497406	0.750916838645935	
-0.00114249112084508	-0.0191477779299021	0.413750112056732	0.731249749660492	
0.0264141242951155	-0.0252880547195673	0.465450882911682	0.714398801326752	
0.0551402643322945	-0.0239970702677965	0.499599635601044	0.698203086853027	
0.082140251994133	-0.0150295943021774	0.515357315540314	0.679789185523987	
0.104549266397953	0.000836407591123134	0.513678252696991	0.65615314245224	
0.119894199073315	0.021860970184207	0.497270405292511	0.624808788299561	
0.12641616165638	0.0455489009618759	0.470295757055283	0.584377467632294	
0.123309537768364	0.0689750984311104	0.43784299492836	0.534995794296265	
0.110843449831009	0.0891813114285469	0.405240625143051	0.478447437286377	
0.0903468430042267	0.103584170341492	0.377308160066605	0.417973101139069	
0.0640572682023048	0.110331550240517	0.357657104730606	0.357773214578629	
0.0348521806299686	0.108551256358624	0.348150223493576	0.302278786897659	
0.00589791871607304	0.0984532311558723	0.348608076572418	0.255316942930222	
-0.0197370015084744	0.0812698155641556	0.356815427541733	0.2193254083395	
-0.0394525825977325	0.0590449906885624	0.368836641311646	0.194772332906723	
-0.0514227710664272	0.0343079939484596	0.379601567983627	0.179908588528633	
-0.0547955222427845	0.00968535337597132	0.38368085026741	0.170925140380859	
-0.0497622042894363	-0.0124854166060686	0.376139432191849	0.162517473101616	
-0.0374893546104431	-0.0304785296320915	0.353342533111572	0.148783043026924	
-0.0199249461293221	-0.0433892495930195	0.313593715429306	0.124311938881874	
0.000491628423333168	-0.0512001700699329	0.257507473230362	0.0852865427732468	
0.0211735647171736	-0.0546998307108879	0.188058063387871	0.0303933043032885	
0.0397357977926731	-0.0552741847932339	0.110292345285416	-0.0386286973953247	
0.0543006472289562	-0.0546124763786793	0.030744131654501	-0.116923876106739	
0.0637185126543045	-0.0543820150196552	-0.0433696545660496	-0.196984380483627	
0.0676751658320427	-0.0559296384453773	-0.105059921741486	-0.269597262144089	
0.0666740760207176	-0.0600601620972157	-0.148458153009415	-0.325144976377487	
0.0619003660976887	-0.0669262781739235	-0.169569939374924	-0.355064392089844	
0.0549901537597179	-0.0760425925254822	-0.166789948940277	-0.35323491692543	
0.0477421395480633	-0.0864134952425957	-0.141114249825478	-0.317070335149765	
0.0418162532150745	-0.0967440977692604	-0.0960290059447289	-0.248129576444626	
0.0384651385247707	-0.105690009891987	-0.0370987579226494	-0.152134597301483	
0.0383387021720409	-0.112096428871155	0.0286832302808762	-0.0383764207363129	
-0.0373143181204796	0.1106888204813	-0.0300037581473589	0.0422651506960392	
-0.0403512306511402	0.113934367895126	-0.0952339693903923	-0.0771277099847794	
-0.0457557886838913	0.113433353602886	-0.152319580316544	-0.190137267112732	
-0.0522835217416286	0.109374307096004	-0.194812566041946	-0.284833699464798	
-0.0583773963153362	0.102342881262302	-0.217875927686691	-0.351531833410263	
-0.0624362453818321	0.0931507796049118	-0.218695923686028	-0.384017646312714	
-0.0630948171019554	0.0826351642608643	-0.19664803147316	-0.380274772644043	
-0.0594723299145699	0.0714737325906754	-0.153218165040016	-0.342614203691483	
-0.0513509102165699	0.0600560195744038	-0.0917099341750145	-0.27720108628273	
-0.0392553471028805	0.048438411206007	-0.016791271045804	-0.193065986037254	
-0.02441999129951	0.0363920480012894	0.0660539045929909	-0.10076130181551	
-0.00864532776176929	0.0235322192311287	0.151100188493729	-0.010872651822865	
0.00593702122569084	0.00949994754046202	0.232918828725815	0.0673933476209641	
0.017158217728138	-0.00584571389481425	0.306829452514648	0.127344727516174	
0.0231233071535826	-0.0222697798162699	0.369231849908829	0.165515556931496	
0.0224945638328791	-0.0390773005783558	0.417801558971405	0.181877568364143	
0.0147055126726627	-0.0551287308335304	0.451548874378204	0.179556518793106	
7.34753703000024E-5	-0.0689607039093971	0.470753192901611	0.164131537079811	
-0.0202072821557522	-0.0789967402815819	0.47679403424263	0.142652615904808	
-0.0441928319633007	-0.0838133841753006	0.471903800964355	0.122542679309845	
-0.0694210976362228	-0.0824141427874565	0.458870947360992	0.11055376380682	
-0.0932164192199707	-0.074459508061409	0.440719813108444	0.111922837793827	
-0.113025471568108	-0.0604067593812943	0.420394062995911	0.129828259348869	
-0.126738175749779	-0.0415277779102325	0.400467187166214	0.165191873908043	
-0.132949516177177	-0.019793938845396	0.382901698350906	0.21681410074234	
-0.131126582622528	0.00235938001424074	0.368876129388809	0.28178009390831	
-0.121658697724342	0.0223544109612703	0.358693480491638	0.356041699647903	
-0.10578540712595	0.037828303873539	0.351781100034714	0.435065001249313	
-0.0854142904281616	0.0469684265553951	0.346782863140106	0.514439404010773	
-0.0628560706973076	0.0487706698477268	0.341736435890198	0.590364694595337	
-0.0405156835913658	0.0431781113147736	0.334319055080414	0.659966230392456	
-0.0205832757055759	0.0310773476958275	0.322135895490646	0.721422076225281	
-0.00476815411821008	0.0141534963622689	0.303017884492874	0.77392053604126	
0.00588899618014693	-0.00537162553519011	0.275293350219727	0.8174889087677	
0.0111025515943766	-0.0250745434314013	0.237998306751251	0.852748394012451	
0.0113196102902293	-0.0426835566759109	0.19099734723568	0.880649030208588	
0.00759755820035934	-0.0563938952982426	0.134997650980949	0.902231395244598	
0.00140454689972103	-0.0650959387421608	0.0714536160230637	0.918444633483887	
-0.00562379229813814	-0.0684838593006134	0.00237472867593169	0.930032789707184	
-0.0119331451132894	-0.0670330226421356	-0.0699358135461807	0.937487185001373	
-0.0162677373737097	-0.0618569813668728	-0.143173694610596	0.941048622131348	
-0.0178256500512362	-0.0544742532074451	-0.215314015746117	0.940742492675781	
-0.0163330230861902	-0.0465287566184998	-0.284838140010834	0.936426877975464	
-0.012031571008265	-0.0395131446421146	-0.350873470306396	0.927842915058136	
-0.00558758294209838	-0.0345407538115978	-0.413226515054703	0.914661049842834	
0.00205762009136379	-0.0322008542716503	-0.472306966781616	0.896524727344513	
0.00986780785024166	-0.0325153283774853	-0.528957486152649	0.873096287250519	
0.0168915372341871	-0.034996010363102	-0.584219813346863	0.844108521938324	
0.0224125236272812	-0.0387846864759922	-0.639077007770538	0.809423625469208	
0.0260484553873539	-0.0428444370627403	-0.694215536117554	0.769093751907349	
0.0277859997004271	-0.0461644008755684	-0.749846816062927	0.723413407802582	
0.0279510375112295	-0.0479405522346497	-0.805616021156311	0.672949373722076	
0.0271240323781967	-0.0477024614810944	-0.860613226890564	0.618535339832306	
0.0260188821703196	-0.0453679524362087	-0.913481056690216	0.561222612857819	
0.0253484565764666	-0.0412223897874355	-0.96259993314743	0.502186954021454	
0.0257006511092186	-0.0358331874012947	-1.00631773471832	0.442601770162582	
0.0274452082812786	-0.0299211759120226	-1.04318344593048	0.383497834205627	
0.0306849144399166	-0.0242165364325047	-1.07214748859406	0.325636059045792	
0.035255990922451	-0.0193274412304163	-1.09269464015961	0.269420832395554	
0.040773767977953	-0.0156445037573576	-1.10489082336426	0.214876592159271	
0.0467120260000229	-0.0132953310385346	-1.10933935642242	0.16169935464859	
0.0524994879961014	-0.0121524967253208	-1.10705661773682	0.10937986522913	
0.0576152354478836	-0.0118877692148089	-1.09929192066193	0.0573794767260551	
0.0616665929555893	-0.0120571479201317	-1.08732330799103	0.00532663334161043	
0.0644375085830688	-0.0121968640014529	-1.07226526737213	-0.0468060076236725	
0.065901905298233	-0.0119104254990816	-1.05491709709167	-0.0985831394791603	
0.0662034153938293	-0.0109306732192636	-1.03567731380463	-0.149077758193016	
0.0656088516116142	-0.0091476971283555	-1.01453185081482	-0.196945995092392	
0.0644471645355225	-0.00660144677385688	-0.991114497184753	-0.240600153803825	
0.0630469620227814	-0.00344545836560428	-0.964824080467224	-0.278453052043915	
0.0616848915815353	0.000106470986793283	-0.934975326061249	-0.309190154075623	
0.0605535246431828	0.00383642083033919	-0.900956809520721	-0.332017093896866	
0.0597525462508202	0.00756802130490541	-0.862368404865265	-0.346830934286118	
0.0593019016087055	0.0111922444775701	-0.819118440151215	-0.354275196790695	
0.059170801192522	0.014669556170702	-0.771468460559845	-0.355659812688828	
0.0593135617673397	0.0180108081549406	-0.720021843910217	-0.352751761674881	
0.059702455997467	0.0212443564087152	-0.66566413640976	-0.34746915102005	
0.060349065810442	0.0243799760937691	-0.609468400478363	-0.341531276702881	
0.0613088272511959	0.027380395680666	-0.552583158016205	-0.336129873991013	
0.0626678019762039	0.0301490593701601	-0.496120989322662	-0.331685036420822	
0.0645149722695351	0.032538216561079	-0.441063433885574	-0.327737212181091	
0.0669071301817894	0.034376222640276	-0.388191521167755	-0.32300192117691	
0.0698350965976715	0.0355078428983688	-0.338046938180923	-0.315585166215897	
0.0732002630829811	0.0358378887176514	-0.290921598672867	-0.303325951099396	
0.0768081769347191	0.0353671200573444	-0.246870622038841	-0.284207552671432	
0.0803825110197067	0.0342108830809593	-0.205740004777908	-0.256764352321625	
0.0835982635617256	0.0325943790376186	-0.167201861739159	-0.220409616827965	
0.086128830909729	0.0308235976845026	-0.130790382623672	-0.175621703267097	
0.0876985192298889	0.0292364321649075	-0.0959356725215912	-0.123951829969883	
0.0881304070353508	0.0281429663300514	-0.0619947761297226	-0.0678479820489883	
0.0873802229762077	0.0277666691690683	-0.0282816309481859	-0.010323416441679	
-0.0855491235852242	-0.0281984563916922	-0.00590119138360023	-0.0454730242490768	
-0.0828725248575211	-0.0293732732534409	-0.0412269830703735	-0.0967093035578728	
-0.0796863660216331	-0.0310745034366846	-0.0783051028847694	-0.141265586018562	
-0.0763768032193184	-0.0329660288989544	-0.117638900876045	-0.178003445267677	
-0.0733223184943199	-0.0346462987363338	-0.159585580229759	-0.206863209605217	
-0.0708386525511742	-0.0357144773006439	-0.204323723912239	-0.228775694966316	
-0.0691363513469696	-0.0358364023268223	-0.25183430314064	-0.24540863931179	
-0.0682981237769127	-0.0347984246909618	-0.301899522542953	-0.25879830121994	
-0.0682791396975517	-0.0325395464897156	-0.354121625423431	-0.270936399698257	
-0.0689291730523109	-0.0291569232940674	-0.407959640026093	-0.283389329910278	
-0.0700308904051781	-0.0248847641050816	-0.462779492139816	-0.297017693519592	
-0.0713460370898247	-0.0200518704950809	-0.51790988445282	-0.31184384226799	
-0.0726597607135773	-0.0150266289710999	-0.572695672512054	-0.327084392309189	
-0.0738143771886826	-0.0101601220667362	-0.626540720462799	-0.341333359479904	
-0.0747264698147774	-0.0057375873439014	-0.678934991359711	-0.352852761745453	
-0.0753849223256111	-0.00194592180196196	-0.729463160037994	-0.359908640384674	
-0.0758321285247803	0.00113881810102612	-0.777797639369965	-0.361084163188934	
-0.0761339738965034	0.00354429916478693	-0.823679268360138	-0.355509489774704	
-0.0763468965888023	0.00537933735176921	-0.866894066333771	-0.342967301607132	
-0.0764907523989677	0.00680252211168408	-0.90725165605545	-0.323860615491867	
-0.0765346363186836	0.00798946339637041	-0.944571495056152	-0.299058347940445	
-0.0763997435569763	0.00910508539527655	-0.978679239749908	-0.269658923149109	
-0.0759791731834412	0.0102850049734116	-1.00941157341003	-0.236728101968765	
-0.0751699805259705	0.011627028696239	-1.036625623703	-0.201070785522461	
-0.073909655213356	0.0131909158080816	-1.06020665168762	-0.163085967302322	
-0.0722072497010231	0.0150026697665453	-1.08006751537323	-0.122735433280468	
-0.070159874856472	0.0170590914785862	-1.09613573551178	-0.0796292796730995	
-0.0679479911923409	0.0193293485790491	-1.1083277463913	-0.033205721527338	
-0.0658072680234909	0.0217525009065866	-1.11651480197906	0.0170389693230391	
-0.0639803931117058	0.0242325756698847	-1.12048780918121	0.0713256001472473	
-0.0626571327447891	0.0266351699829102	-1.1199334859848	0.129426121711731	
-0.061914961785078	0.0287906434386969	-1.11443257331848	0.190597280859947	
-0.0616741627454758	0.0305085554718971	-1.1034871339798	0.253631860017776	
-0.0616799518465996	0.031605526804924	-1.08658230304718	0.317018628120422	
-0.0615201033651829	0.0319451168179512	-1.06327450275421	0.379176825284958	
-0.0606802403926849	0.0314838290214539	-1.03329575061798	0.43871346116066	
-0.0586314424872398	0.0303136296570301	-0.996653497219086	0.494644343852997	
-0.0549374297261238	0.0286892093718052	-0.953704237937927	0.54652726650238	
-0.049363050609827	0.027028625831008	-0.905179142951965	0.594473719596863	
-0.0419631525874138	0.0258793123066425	-0.852146685123444	0.639032244682312	
-0.0331318452954292	0.0258474964648485	-0.795908033847809	0.680966436862946	
-0.023597214370966	0.0274967812001705	-0.737832069396973	0.720974385738373	
-0.014354744926095	0.031229680404067	-0.679153859615326	0.759413778781891	
-0.00654293363913894	0.0371723547577858	-0.620767593383789	0.796097993850708	
-0.00127539236564189	0.0450861304998398	-0.563054323196411	0.830215215682983	
0.00054717087186873	0.0543283447623253	-0.505782902240753	0.860400021076202	
-0.00158430321607739	0.0638792216777802	-0.448113054037094	0.884951889514923	
-0.00764857511967421	0.0724414810538292	-0.388717085123062	0.902163207530975	
-0.0170226879417896	0.0786063969135284	-0.32601410150528	0.91069221496582	
-0.0284964125603437	0.0810668990015984	-0.258490055799484	0.909900665283203	
-0.0403788983821869	0.0788465142250061	-0.185058116912842	0.900079965591431	
-0.0506897456943989	0.0715063959360123	-0.105399966239929	0.882505714893341	
-0.0574126392602921	0.0592916049063206	-0.0202254448086023	0.859295129776001	
-0.0587785094976425	0.0431843809783459	0.068605087697506	0.833080112934113	
-0.0535381063818932	0.024844728410244	0.158133655786514	0.806550323963165	
-0.0411830022931099	0.00643644761294127	0.244544550776482	0.781950771808624	
-0.0220792517066002	-0.00964392349123955	0.323572248220444	0.76063346862793	
0.00251111411489546	-0.0210996717214584	0.39102828502655	0.742760121822357	
0.0305303204804659	-0.0260791201144457	0.44337397813797	0.727226912975311	
0.0593390129506588	-0.0234790034592152	0.478251218795776	0.71184241771698	
0.086019828915596	-0.0131547190248966	0.494884580373764	0.693740963935852	
0.107732035219669	0.00400141766294837	0.494281202554703	0.669963419437408	
0.122070319950581	0.0261332988739014	0.479183077812195	0.638100326061249	
0.127378910779953	0.0506409890949726	0.453762799501419	0.596872210502625	
0.122977286577225	0.0745188817381859	0.423094183206558	0.546525359153748	
0.109264880418777	0.0947631523013115	0.392466694116592	0.488951295614243	
0.0876890569925308	0.108786903321743	0.366640686988831	0.427485227584839	
0.0605786181986332	0.114778682589531	0.349154353141785	0.366399705410004	
0.0308641567826271	0.111947938799858	0.341790765523911	0.310170263051987	
0.00172206934075803	0.100618727505207	0.344291597604752	0.262639880180359	
-0.0238105747848749	0.0821569859981537	0.354370653629303	0.226236149668694	
-0.0431990399956703	0.0587440617382526	0.368034899234772	0.201396971940994	
-0.0547039844095707	0.0330337472259998	0.380173683166504	0.186330363154411	
-0.0575666427612305	0.00774919986724854	0.385336130857468	0.177180007100105	
-0.0520633868873119	-0.01471490226686	0.378584235906601	0.16859669983387	
-0.0394250899553299	-0.0326214507222176	0.356297224760056	0.154641106724739	
-0.0216353926807642	-0.0451004281640053	0.316806375980377	0.129877045750618	
-0.00113816582597792	-0.0522091761231422	0.260764449834824	0.0904716476798058	
0.0195034425705671	-0.0548396520316601	0.191190257668495	0.0351055413484573	
0.0379484407603741	-0.0544948577880859	0.113178066909313	-0.0344812721014023	
0.0523728989064693	-0.052978154271841	0.0333085879683495	-0.113428167998791	
0.0616790801286697	-0.0520525500178337	-0.0411576665937901	-0.194220095872879	
0.0655924528837204	-0.0531299114227295	-0.103193387389183	-0.267635375261307	
0.0646369382739067	-0.057042270898819	-0.146898686885834	-0.324045270681381	
0.0599960796535015	-0.0639306828379631	-0.168255463242531	-0.354870975017548	
0.0532841607928276	-0.0732643082737923	-0.165642648935318	-0.353969246149063	
0.0462635383009911	-0.0839784145355225	-0.140048265457153	-0.318722128868103	
0.0405516177415848	-0.0946988761425018	-0.0949573367834091	-0.250647008419037	
0.0373614616692066	-0.104006417095661	-0.0359391532838345	-0.155415922403336	
0.0373143181204796	-0.1106888204813	0.0300037581473589	-0.0422651506960392	
-0.0362444706261158	0.109146364033222	-0.0312877334654331	0.0461023896932602	
-0.0392513759434223	0.112518392503262	-0.0967415869235992	-0.0728756338357925	
-0.0445357859134674	0.112035632133484	-0.154097408056259	-0.185720443725586	
-0.0508772544562817	0.10791838914156	-0.196891903877258	-0.280534952878952	
-0.0567528903484344	0.100805163383484	-0.220273092389107	-0.347645491361618	
-0.0605978444218636	0.091570258140564	-0.22141321003437	-0.380823910236359	
-0.0610771700739861	0.0811098292469978	-0.19967445731163	-0.378013610839844	
-0.0573278181254864	0.070144034922123	-0.156529694795609	-0.34146174788475	
-0.049133513122797	0.0590782165527344	-0.0952688381075859	-0.277253240346909	
-0.0370047315955162	0.0479525215923786	-0.0205445736646652	-0.194331482052803	
-0.0221497006714344	0.0364901535212994	0.0621765665709972	-0.103166155517101	
-0.00633803568780422	0.0242330953478813	0.147188767790794	-0.0142755275592208	
0.00832568388432264	0.0107349595054984	0.229084357619286	0.0631766840815544	
0.0196875780820847	-0.00423230230808258	0.303204089403152	0.122511424124241	
0.0258494634181261	-0.020505353808403	0.365966826677322	0.160244688391685	
0.0254497155547142	-0.0374321863055229	0.415062755346298	0.176302969455719	
0.0178791414946318	-0.0538784340023994	0.449509918689728	0.173747599124908	
0.00339967547915876	-0.0683450028300285	0.469587117433548	0.158085212111473	
-0.0168530717492104	-0.0791821777820587	0.476663827896118	0.136297613382339	
-0.0409860424697399	-0.0848653614521027	0.472953826189041	0.115755580365658	
-0.0665696486830711	-0.0842833518981934	0.461219996213913	0.103184252977371	
-0.0909342169761658	-0.0769851952791214	0.444457173347473	0.103824160993099	
-0.111501961946487	-0.0633365884423256	0.425579428672791	0.120888233184814	
-0.126109108328819	-0.0445514209568501	0.407134205102921	0.155359625816345	
-0.133274033665657	-0.022585341706872	0.391065120697021	0.206118553876877	
-0.132374748587608	9.7613396064844E-5	0.37854078412056	0.270337700843811	
-0.123712249100208	0.0208512451499701	0.369864135980606	0.344052404165268	
-0.108451716601849	0.0372151583433151	0.364470779895782	0.422797620296478	
-0.0884517356753349	0.0472649708390236	0.36101832985878	0.502208888530731	
-0.0660068094730377	0.0498873144388199	0.357559382915497	0.578505098819733	
-0.0435404777526855	0.0449343621730804	0.351782619953156	0.648803532123566	
-0.0232928451150656	0.0332326255738735	0.341296344995499	0.711250603199005	
-0.00704596191644669	0.0164451729506254	0.323922902345657	0.764986395835876	
0.00407602777704597	-0.00318920332938433	0.29796838760376	0.809982001781464	
0.00970682129263878	-0.0231962259858847	0.262433230876923	0.846802771091461	
0.0102282362058759	-0.0412298291921616	0.217135354876518	0.876351356506348	
0.00665737828239799	-0.055400799959898	0.162728503346443	0.899634122848511	
0.000452146137831733	-0.0645192861557007	0.100612126290798	0.917581617832184	
-0.00673229712992907	-0.0682162046432495	0.0327450819313526	0.930934011936188	
-0.0132976267486811	-0.0669297873973846	-0.038610652089119	0.940189957618713	
-0.0179288163781166	-0.0617667436599731	-0.111178688704967	0.945603668689728	
-0.0197608340531588	-0.0542678497731686	-0.182946905493736	0.947214126586914	
-0.0184643007814884	-0.0461222529411316	-0.252394497394562	0.94488787651062	
-0.0142424572259188	-0.0388810522854328	-0.31863397359848	0.938365399837494	
-0.00774603942409158	-0.0337178446352482	-0.381448030471802	0.927305340766907	
7.48596503399312E-5	-0.0312728993594646	-0.441217958927155	0.911328256130219	
0.00815403182059526	-0.0316010713577271	-0.498758167028427	0.890064358711243	
0.0154956942424178	-0.0342241451144218	-0.555085599422455	0.863208472728729	
0.0213339943438768	-0.0382702276110649	-0.611164391040802	0.830582797527313	
0.0252414625138044	-0.0426688529551029	-0.667668223381042	0.792201399803162	
0.0271723009645939	-0.0463629029691219	-0.724800705909729	0.748325049877167	
0.0274381041526794	-0.0484985485672951	-0.782201766967773	0.69949346780777	
0.026624970138073	-0.0485613197088242	-0.838955581188202	0.64652007818222	
0.025470182299614	-0.0464386343955994	-0.893694937229156	0.590442419052124	
0.0247222762554884	-0.042404018342495	-0.944784581661224	0.532427370548248	
0.025009423494339	-0.0370328724384308	-0.990549206733704	0.473643004894257	
0.0267379954457283	-0.0310713797807693	-1.02950823307037	0.415117084980011	
0.0300364512950182	-0.0252867937088013	-1.06057751178741	0.357608884572983	
0.0347507558763027	-0.0203284583985806	-1.08320546150208	0.301522463560104	
0.0404882654547691	-0.0166241433471441	-1.09742391109467	0.246883884072304	
0.0466986671090126	-0.0143274972215295	-1.1038064956665	0.19339357316494	
0.052775114774704	-0.0133212534710765	-1.10334765911102	0.140550553798676	
0.0581562705338001	-0.0132697895169258	-1.09728300571442	0.0878289192914963	
0.0624115653336048	-0.0137058375403285	-1.08688533306122	0.0348744094371796	
0.0652962848544121	-0.0141310803592205	-1.07326984405518	-0.0183191783726215	
0.0667697340250015	-0.0141097595915198	-1.05724000930786	-0.071292869746685	
0.0669771581888199	-0.0133380210027099	-1.03919875621796	-0.123095266520977	
0.066202387213707	-0.0116784572601318	-1.01913380622864	-0.172359302639961	
0.0648032873868942	-0.00915749743580818	-0.996675848960876	-0.217476785182953	
0.0631439909338951	-0.00593124469742179	-0.971215546131134	-0.25684380531311	
0.0615369863808155	-0.00223128264769912	-0.942055404186249	-0.289132952690125	
0.0602051094174385	0.00169505830854177	-0.908569693565369	-0.313540041446686	
0.0592682287096977	0.00563595863059163	-0.870345592498779	-0.329953998327255	
0.0587539039552212	0.00944739487022161	-0.827283918857574	-0.339010149240494	
0.0586262904107571	0.0130614973604679	-0.779646635055542	-0.342008203268051	
0.0588240996003151	0.0164722260087729	-0.728047788143158	-0.340701907873154	
0.0592971816658974	0.0197050664573908	-0.67339414358139	-0.336992412805557	
0.0600324533879757	0.0227808821946383	-0.616789102554321	-0.332578986883163	
0.0610629133880138	0.0256849136203527	-0.55941766500473	-0.328631520271301	
0.0624580383300781	0.0283500049263239	-0.502431333065033	-0.325548619031906	
0.0642982199788094	0.0306591223925352	-0.446848154067993	-0.322851717472076	
0.0666400790214539	0.0324670262634754	-0.393479555845261	-0.319242179393768	
0.0694815889000893	0.0336359515786171	-0.342888563871384	-0.312817931175232	
0.0727362260222435	0.0340763740241528	-0.295377999544144	-0.301416486501694	
0.0762236714363098	0.0337822772562504	-0.251003950834274	-0.283025681972504	
0.0796808823943138	0.0328513905405998	-0.209605798125267	-0.256188929080963	
0.0827929303050041	0.0314838923513889	-0.170844569802284	-0.220330476760864	
0.0852387994527817	0.0299579855054617	-0.134243085980415	-0.175939172506332	
0.0867436304688454	0.028585908934474	-0.099223405122757	-0.124573931097984	
0.0871273577213287	0.0276585221290588	-0.0651405677199364	-0.0686858594417572	
0.0863399729132652	0.0273894723504782	-0.0313139297068119	-0.0112861702218652	
-0.0844760835170746	-0.0278704110532999	-0.00294157466851175	-0.0444830395281315	
-0.0817652195692062	-0.0290468093007803	-0.0382819473743439	-0.0957997739315033	
-0.0785393193364143	-0.0307199135422707	-0.0752975791692734	-0.140555366873741	
-0.0751828625798225	-0.0325751677155495	-0.114475011825562	-0.177621349692345	
-0.0720748528838158	-0.0342321842908859	-0.156160458922386	-0.206944644451141	
-0.0695332139730453	-0.0353071056306362	-0.200530171394348	-0.229457870125771	
-0.0677715092897415	-0.0354757122695446	-0.247572883963585	-0.246825322508812	
-0.0668755620718002	-0.0345258191227913	-0.297088593244553	-0.261074990034103	
-0.0668033733963966	-0.032389622181654	-0.348705589771271	-0.274186998605728	
-0.0674071088433266	-0.02915083989501	-0.401914209127426	-0.287714660167694	
-0.0684717372059822	-0.0250264517962933	-0.456113576889038	-0.302506297826767	
-0.069761648774147	-0.0203275810927153	-0.51066380739212	-0.318574190139771	
-0.0710654705762863	-0.0154078174382448	-0.564936518669128	-0.335128217935562	
-0.0722300261259079	-0.0106090391054749	-0.618355929851532	-0.350759088993073	
-0.0731771811842918	-0.0062144729308784	-0.670425176620483	-0.363727897405624	
-0.0739012286067009	-0.00241652340628207	-0.720736443996429	-0.372300624847412	
-0.074448935687542	0.000696720904670656	-0.768964886665344	-0.375058889389038	
-0.0748883262276649	0.00313643668778241	-0.814852476119995	-0.371127963066101	
-0.0752745866775513	0.00499323522672057	-0.8581862449646	-0.360280603170395	
-0.0756222009658813	0.00640872353687882	-0.898778975009918	-0.34290400147438	
-0.0758907720446587	0.00754539342597127	-0.93645566701889	-0.319845408201218	
-0.0759886354207993	0.0085608521476388	-0.971049964427948	-0.292176872491837	
-0.0757941007614136	0.00959018338471651	-1.00240767002106	-0.260934740304947	
-0.0751894861459732	0.0107373744249344	-1.0303943157196	-0.22689351439476	
-0.0740996524691582	0.0120740663260221	-1.05490100383759	-0.190422862768173	
-0.0725249126553535	0.0136421155184507	-1.07584261894226	-0.151457980275154	
-0.0705586969852448	0.0154560431838036	-1.09314358234406	-0.109586089849472	
-0.0683830678462982	0.017502473667264	-1.10671257972717	-0.0642265900969505	
-0.0662399902939796	0.0197358224540949	-1.11640965938568	-0.014860674738884	
-0.0643816739320755	0.0220720637589693	-1.12201297283173	0.0387443564832211	
-0.0630088075995445	0.024384630843997	-1.1231963634491	0.0963698402047157	
-0.0622094236314297	0.0265075340867043	-1.11952912807465	0.157279714941978	
-0.0619125738739967	0.0282501615583897	-1.11050474643707	0.220271617174149	
-0.061869889497757	0.0294258128851652	-1.09560108184814	0.28383606672287	
-0.0616735257208347	0.029892249032855	-1.07436752319336	0.346390098333359	
-0.060812521725893	0.029598243534565	-1.04652631282806	0.406533271074295	
-0.058761902153492	0.0286263786256313	-1.01206910610199	0.463268131017685	
-0.0550912730395794	0.0272202789783478	-0.971327245235443	0.516133487224579	
-0.0495740473270416	0.0257850233465433	-0.924995958805084	0.56521737575531	
-0.0422759242355824	0.024852903559804	-0.874095976352692	0.611042618751526	
-0.0336024239659309	0.0250127855688334	-0.819870829582214	0.654348373413086	
-0.0242906287312508	0.0268090851604939	-0.763625979423523	0.695813179016113	
-0.0153388073667884	0.0306243244558573	-0.706532597541809	0.735783696174622	
-0.00787821318954229	0.0365656055510044	-0.649427831172943	0.774073302745819	
-0.00300224428065121	0.0443785414099693	-0.592649757862091	0.809881925582886	
-0.00157730188220739	0.0534109249711037	-0.535943806171417	0.841866195201874	
-0.00406544096767902	0.0626425892114639	-0.478470683097839	0.868354022502899	
-0.0103899436071515	0.0707875192165375	-0.418929040431976	0.887666761875153	
-0.0198707319796085	0.0764616280794144	-0.355787575244904	0.898484468460083	
-0.0312474742531776	0.0783960670232773	-0.287600010633469	0.900176644325256	
-0.0427954755723476	0.075664721429348	-0.213357776403427	0.89302134513855	
-0.0525249764323235	0.0678877905011177	-0.132821664214134	0.878255784511566	
-0.0584405064582825	0.0553728304803371	-0.0467719584703445	0.857932567596436	
-0.0588257759809494	0.0391613207757473	0.0428779013454914	0.83459609746933	
-0.0525133572518826	0.0209618043154478	0.133140534162521	0.810832142829895	
-0.039097972214222	0.00296859070658684	0.220197558403015	0.788774967193604	
-0.0190584603697062	-0.0124155255034566	0.299806952476501	0.769671022891998	
0.00623499182984233	-0.0229158643633127	0.367825835943222	0.753593504428864	
0.0346357822418213	-0.0267321690917015	0.420775890350342	0.739377319812775	
0.063448041677475	-0.0228395517915487	0.456365346908569	0.724804878234863	
0.0897392481565475	-0.011192730627954	0.473881214857101	0.707022488117218	
0.11069843173027	0.00720496755093336	0.474380284547806	0.683119714260101	
0.123992286622524	0.0303863044828176	0.460634082555771	0.650766551494598	
0.128070473670959	0.0556527152657509	0.436820358037949	0.608784019947052	
0.122377648949623	0.0799245610833168	0.407992452383041	0.557527780532837	
0.107441626489162	0.100158512592316	0.379395484924316	0.498995453119278	
0.0848243832588196	0.113769017159939	0.355726271867752	0.436613291501999	
0.0569408088922501	0.118988394737244	0.340446978807449	0.374721676111221	
0.0267688222229481	0.115108713507652	0.335259407758713	0.31783601641655	
-0.00251093343831599	0.102566875517368	0.339826583862305	0.269810348749161	
-0.0278979558497667	0.0828592032194138	0.35179278254509	0.233058050274849	
-0.0469266399741173	0.0582996606826782	0.367109537124634	0.20798371732235	
-0.0579465813934803	0.0316610373556614	0.380628436803818	0.192750930786133	
-0.0602927207946777	0.00575754093006253	0.386879324913025	0.183455929160118	
-0.0543251633644104	-0.016963854432106	0.38092315196991	0.17470620572567	
-0.0413364470005035	-0.0347582139074802	0.359154015779495	0.160528123378754	
-0.0233422666788101	-0.0467919521033764	0.319931298494339	0.135462731122971	
-0.00278703193180263	-0.0531969293951988	0.263945311307907	0.0956656560301781	
0.0177934896200895	-0.0549665167927742	0.194258466362953	0.0398153252899647	
0.0361053310334682	-0.0537173189222813	0.116011120378971	-0.0303442645817995	
0.0503801330924034	-0.0513625703752041	0.0358296930789948	-0.109945379197598	
0.059572484344244	-0.0497565418481827	-0.0389824546873569	-0.191464930772781	
0.0634467378258705	-0.0503721833229065	-0.10136005282402	-0.265672832727432	
0.0625453591346741	-0.054065864533186	-0.145371541380882	-0.322930753231049	
0.0580476969480515	-0.0609655380249023	-0.166974350810051	-0.354646563529968	
0.0515433847904205	-0.0704949945211411	-0.164530664682388	-0.354657202959061	
0.0447559133172035	-0.0815219581127167	-0.139019444584846	-0.320315837860107	
0.039258386939764	-0.0925958082079887	-0.0939238294959068	-0.253100752830505	
0.0362235493957996	-0.102225907146931	-0.0348174870014191	-0.158635586500168	
0.0362444706261158	-0.109146364033222	0.0312877334654331	-0.0461023896932602	
-0.035130463540554	0.10747092217207	-0.032533586025238	0.049883458763361	
-0.0380921177566051	0.110935293138027	-0.0982121303677559	-0.0686644241213799	
-0.0432397499680519	0.110444277524948	-0.155839160084724	-0.181322917342186	
-0.0493798740208149	0.106251791119576	-0.198935389518738	-0.276230037212372	
-0.0550266690552235	0.099049985408783	-0.222633585333824	-0.343726545572281	
-0.0586540028452873	0.0897754654288292	-0.224092021584511	-0.377573370933533	
-0.0589587688446045	0.0793822184205055	-0.202660351991653	-0.375676155090332	
-0.0550959780812263	0.0686311051249504	-0.159799635410309	-0.340220242738724	
-0.0468499809503555	0.0579412244260311	-0.0987877994775772	-0.27721118927002	
-0.0347148329019547	0.0473343431949615	-0.0242640916258097	-0.195504873991013	
-0.019869627431035	0.0364837981760502	0.0583207234740257	-0.105486802756786	
-0.00404964340850711	0.0248566064983606	0.14327934384346	-0.0176056232303381	
0.0106710018590093	0.0119176656007767	0.22522497177124	0.0590205676853657	
0.0221562590450048	-0.00264916359446943	0.299520254135132	0.117728315293789	
0.0285066310316324	-0.0187529176473618	0.362604886293411	0.155017659068108	
0.0283372662961483	-0.0357850342988968	0.412186145782471	0.170770958065987	
0.0209956374019384	-0.0526166744530201	0.44729295372963	0.16798497736454	
0.00668645277619362	-0.0677131488919258	0.468206286430359	0.152092337608337	
-0.013516042381525	-0.0793514400720596	0.476288229227066	0.130003914237022	
-0.0377728417515755	-0.0859054327011108	0.473735451698303	0.10903475433588	
-0.0636899694800377	-0.0861485004425049	0.463285654783249	0.0958791002631187	
-0.0886063799262047	-0.0795171037316322	0.447903454303741	0.095777340233326	
-0.109921552240849	-0.0662838518619537	0.430471301078796	0.111974075436592	
-0.125418573617935	-0.0476029217243195	0.413508117198944	0.145512148737907	
-0.133538529276848	-0.0254123769700527	0.39893564581871	0.195351615548134	
-0.133568793535233	-0.00220322236418724	0.387910038232803	0.258754342794418	
-0.125719517469406	0.0193112138658762	0.380732417106628	0.33184227347374	
-0.111078806221485	0.0365736708045006	0.376846164464951	0.410223424434662	
-0.0914536938071251	0.0475478917360306	0.374923497438431	0.489584147930145	
-0.0691204369068146	0.0510102920234203	0.373034358024597	0.566166937351227	
-0.046520110219717	0.0467204004526138	0.368882149457932	0.637084543704987	
-0.0259428266435862	0.0354423224925995	0.360082358121872	0.700454413890839	
-0.00924450717866421	0.0188144892454147	0.344452768564224	0.755369186401367	
0.00236516539007425	-0.000909836962819099	0.320280641317368	0.801743030548096	
0.0084365326911211	-0.0212076250463724	0.286533027887344	0.840083837509155	
0.00928325951099396	-0.0396597273647785	0.242981910705566	0.871243834495544	
0.00587953953072429	-0.0542927756905556	0.190226599574089	0.89619243144989	
-0.000328972033457831	-0.063835971057415	0.129609137773514	0.915838897228241	
-0.00766865583136678	-0.0678553059697151	0.0630340427160263	0.930918037891388	
-0.0144971953704953	-0.0667495280504227	-0.00728219700977206	0.941935479640961	
-0.0194393023848534	-0.0616158731281757	-0.0790954753756523	0.949160099029541	
-0.0215649846941233	-0.0540147721767426	-0.150410190224648	0.952646970748901	
-0.0204869527369738	-0.0456784889101982	-0.219706028699875	0.952274739742279	
-0.0163674131035805	-0.0382152609527111	-0.286081999540329	0.947787225246429	
-0.00983919482678175	-0.032858595252037	-0.349296867847443	0.938835084438324	
-0.00185933464672416	-0.0303004067391157	-0.409702360630035	0.925018966197968	
0.00647705281153321	-0.0306300409138203	-0.468082398176193	0.905938744544983	
0.0141300708055496	-0.0333813279867172	-0.525426805019379	0.881251573562622	
0.0202837232500315	-0.0376710630953312	-0.582678496837616	0.850738167762756	
0.0244641453027725	-0.0423974357545376	-0.640496969223022	0.814371347427368	
0.0265914462506771	-0.0464588142931461	-0.699077486991882	0.772374510765076	
0.0269611775875092	-0.0489525683224201	-0.758055567741394	0.7252556681633	
0.0261634588241577	-0.0493203587830067	-0.816511154174805	0.673803746700287	
0.0249577444046736	-0.0474185086786747	-0.873070180416107	0.619038760662079	
0.024127509444952	-0.0435073599219322	-0.926084518432617	0.562116324901581	
0.0243410617113113	-0.0381685458123684	-0.973859190940857	0.504198014736176	
0.026041766628623	-0.0321717113256454	-1.01488637924194	0.446308642625809	
0.0293845199048519	-0.0263194944709539	-1.04804933071136	0.389206886291504	
0.0342260301113129	-0.0213011540472507	-1.07276105880737	0.333298414945602	
0.0401667207479477	-0.0175809543579817	-1.08901810646057	0.278612971305847	
0.0466331653296947	-0.0153385754674673	-1.09736335277557	0.224857226014137	
0.0529836900532246	-0.0144674703478813	-1.09876692295074	0.17153961956501	
0.0586170479655266	-0.014625615440309	-1.0944482088089	0.118147261440754	
0.0630650296807289	-0.0153236771002412	-1.08567178249359	0.0643424540758133	
0.0660542845726013	-0.0160299818962812	-1.07355117797852	0.0101386411115527	
0.0675294697284698	-0.0162704903632402	-1.05889236927032	-0.0439836047589779	
0.0676372721791267	-0.0157052986323833	-1.04210138320923	-0.097050704061985	
0.0666784271597862	-0.0141697321087122	-1.02316725254059	-0.147674351930618	
0.065039686858654	-0.011676556430757	-1.00171756744385	-0.194227322936058	
0.0631206482648849	-0.00838399771600962	-0.977135419845581	-0.235089525580406	
0.061269611120224	-0.00454081455245614	-0.948711276054382	-0.268920361995697	
0.0597396120429039	-0.000423118384787813	-0.915805697441101	-0.294904708862305	
0.0586705058813095	0.00372234801761806	-0.877993106842041	-0.312921673059464	
0.0580971352756023	0.00771690253168344	-0.835166335105896	-0.323596239089966	
0.057978130877018	0.0114644486457109	-0.787587225437164	-0.32821598649025	
0.0582360029220581	0.0149419661611319	-0.735879361629486	-0.328519701957703	
0.0587975345551968	0.0181718338280916	-0.680969595909119	-0.326390534639359	
0.0596243664622307	0.0211857240647078	-0.623990476131439	-0.323507249355316	
0.0607266202569008	0.0239911321550608	-0.566162765026093	-0.321018010377884	
0.0621569491922855	0.0265501532703638	-0.508676171302795	-0.319300621747971	
0.0639872178435326	0.028776440769434	-0.452585279941559	-0.317858517169952	
0.0662742480635643	0.0305512603372335	-0.398732274770737	-0.315379709005356	
0.0690237656235695	0.0317544899880886	-0.347702205181122	-0.309954792261124	
0.0721621587872505	0.0323024466633797	-0.299809783697128	-0.299420058727264	
0.0755240991711617	0.0321824587881565	-0.255113184452057	-0.281767815351486	
0.0788605660200119	0.0314746238291264	-0.213446065783501	-0.255549728870392	
0.0818673223257065	0.0303539577871561	-0.174459367990494	-0.220200181007385	
0.0842292308807373	0.0290705915540457	-0.137665137648582	-0.176217570900917	
0.0856722444295883	0.0279107354581356	-0.102477744221687	-0.125167533755302	
0.0860127881169319	0.0271456595510244	-0.0682504549622536	-0.0695037320256233	
0.0851945355534554	0.0269789062440395	-0.0343080759048462	-0.0122351739555597	
-0.0833047702908516	-0.0275027547031641	-2.21300470002461E-5	-0.0435024760663509	
-0.0805663913488388	-0.0286733247339725	-0.0353788658976555	-0.094896487891674	
-0.0773066431283951	-0.0303100813180208	-0.072333462536335	-0.139848336577415	
-0.0739078372716904	-0.0321206003427505	-0.111355394124985	-0.177238300442696	
-0.0707492902874947	-0.0337463729083538	-0.152779519557953	-0.207018852233887	
-0.0681511014699936	-0.0348212383687496	-0.196779206395149	-0.23012363910675	
-0.0663301199674606	-0.0350315533578396	-0.243350401520729	-0.248213037848473	
-0.0653757080435753	-0.0341670289635658	-0.292310237884521	-0.26330691576004	
-0.065249115228653	-0.0321532189846039	-0.343312382698059	-0.277374237775803	
-0.0658053383231163	-0.0290602669119835	-0.395878046751022	-0.291956216096878	
-0.066831924021244	-0.0250874888151884	-0.449439108371735	-0.307889759540558	
-0.0680960565805435	-0.0205277018249035	-0.503386795520782	-0.325178146362305	
-0.0693897977471352	-0.015718987211585	-0.557119309902191	-0.343025535345078	
-0.0705642998218536	-0.0109933214262128	-0.61008095741272	-0.36001992225647	
-0.0715464577078819	-0.00663139251992106	-0.661788523197174	-0.374422043561935	
-0.0723356753587723	-0.00283082062378526	-0.711841344833374	-0.384497821331024	
-0.0729828923940659	0.000308274902636185	-0.759917795658112	-0.388827532529831	
-0.0735581293702126	0.0027803007978946	-0.805760979652405	-0.386531442403793	
-0.0741152688860893	0.0046571628190577	-0.849159598350525	-0.377372354269028	
-0.0746634900569916	0.00606286665424705	-0.889929592609406	-0.361721754074097	
-0.0751529783010483	0.00714617362245917	-0.927902460098267	-0.340405613183975	
-0.0754792839288712	0.00805689767003059	-0.962920427322388	-0.314470022916794	
-0.0755059123039246	0.0089293522760272	-0.994839131832123	-0.284922540187836	
-0.0751003324985504	0.00987377855926752	-1.02353358268738	-0.252507925033569	
-0.074174553155899	0.010974096134305	-1.04890215396881	-0.217567145824432	
-0.072719894349575	0.0122887026518583	-1.0708624124527	-0.18000927567482	
-0.0708258375525475	0.0138507271185517	-1.0893372297287	-0.139398962259293	
-0.0686759799718857	0.0156652145087719	-1.10422921180725	-0.0951368361711502	
-0.0665187016129494	0.0177028365433216	-1.11538827419281	-0.046688936650753	
-0.0646162331104279	0.019892193377018	-1.12258088588715	0.00618957309052348	
-0.0631810426712036	0.0221149027347565	-1.1254688501358	0.0632896721363068	
-0.0623128637671471	0.024208540096879	-1.12361121177673	0.123882725834846	
-0.0619509294629097	0.0259817894548178	-1.1164927482605	0.186771377921104	
-0.0618547238409519	0.0272436290979385	-1.10358428955078	0.250448137521744	
-0.061622004956007	0.0278446637094021	-1.08442771434784	0.313327968120575	
-0.0607460215687752	0.0277243424206972	-1.05873453617096	0.374003350734711	
-0.058705884963274	0.0269541833549738	-1.02647948265076	0.43146425485611	
-0.0550764054059982	0.0257651899009943	-0.987967669963837	0.485231667757034	
-0.0496380105614662	0.0245482418686152	-0.943856716156006	0.535371720790863	
-0.0424649380147457	0.0238197818398476	-0.895118653774261	0.582383990287781	
-0.0339712351560593	0.0241512898355722	-0.842938542366028	0.626985669136047	
-0.0248998440802097	0.0260687526315451	-0.788558006286621	0.669838905334473	
-0.0162488613277674	0.0299362670630217	-0.733084917068481	0.711282432079315	
-0.00913993548601866	0.0358441844582558	-0.677300572395325	0.751132190227509	
-0.00464489869773388	0.0435252860188484	-0.621501326560974	0.788601934909821	
-0.00359580456279218	0.0523210540413857	-0.565411627292633	0.822371423244476	
-0.00640913192182779	0.0612141378223896	-0.508195161819458	0.850796937942505	
-0.0129555575549603	0.0689326524734497	-0.448578655719757	0.872227132320404	
-0.0225019827485085	0.0741192325949669	-0.38508152961731	0.88536149263382	
-0.0337428897619247	0.0755442678928375	-0.316325515508652	0.889573454856873	
-0.0449249483644962	0.0723316594958305	-0.241378992795944	0.885123670101166	
-0.0540539361536503	0.0641588419675827	-0.160079374909401	0.873206555843353	
-0.0591591559350491	0.0513926632702351	-0.0732734575867653	0.855806529521942	
-0.0585795864462852	0.035129476338625	0.0170771926641464	0.83537745475769	
-0.0512302443385124	0.0171212330460548	0.107961364090443	0.814399361610413	
-0.0368076227605343	-0.000412619934650138	0.195563673973083	0.794895827770233	
-0.0159000065177679	-0.0150679899379611	0.2756707072258	0.778008937835693	
0.0100192232057452	-0.0245961900800467	0.344189077615738	0.763725936412811	
0.0387207642197609	-0.0272507946938276	0.397703379392624	0.750824332237244	
0.0674588233232498	-0.0220857877284288	0.433988600969315	0.73706442117691	
0.0932920724153519	-0.00915363151580095	0.452392846345901	0.7196084856987	
0.113444752991199	0.010434877127409	0.454019248485565	0.695598363876343	
0.125659450888634	0.0346065163612366	0.441664487123489	0.66278600692749	
0.128493204712868	0.0605702623724937	0.419506072998047	0.620093643665314	
0.121515683829784	0.0851788893342018	0.392571270465851	0.567986071109772	
0.105380870401859	0.105355523526669	0.36605578660965	0.508564651012421	
0.0817613899707794	0.118520669639111	0.344588935375214	0.445343494415283	
0.0531530380249023	0.122953303158283	0.331554055213928	0.382726520299911	
0.0225752573460341	0.118028871715069	0.328570663928986	0.325264126062393	
-0.00679274601861835	0.104295626282692	0.335223376750946	0.276816874742508	
-0.0319919735193253	0.0833768099546432	0.349088400602341	0.239780008792877	
-0.0506295934319496	0.0577140673995018	0.366064190864563	0.214521840214729	
-0.0611461512744427	0.0301935039460659	0.380967020988464	0.199159920215607	
-0.0629705637693405	0.00371470348909497	0.388309866189957	0.189742967486382	
-0.0565452501177788	-0.0192279387265444	0.383154332637787	0.180836483836174	
-0.0432216785848141	-0.0368851125240326	0.361910462379456	0.166435077786446	
-0.0250440090894699	-0.0484612584114075	0.322965800762177	0.141060307621956	
-0.00445328326895833	-0.0541624054312706	0.267047554254532	0.100860089063644	
0.0160457212477922	-0.0550811178982258	0.197260528802872	0.0445142388343811	
0.0342089012265205	-0.0529439970850945	0.118789874017239	-0.0262261647731066	
0.0483251623809338	-0.0497697032988071	0.0383064784109592	-0.106484144926071	
0.0574018247425556	-0.0474991910159588	-0.0368443503975868	-0.188727542757988	
0.0612412318587303	-0.0476624593138695	-0.0995596870779991	-0.26371818780899	
0.0604024603962898	-0.0511372797191143	-0.143876045942307	-0.321809411048889	
0.0560580976307392	-0.058037031441927	-0.165725708007813	-0.354398101568222	
0.0497703514993191	-0.0677403062582016	-0.163453131914139	-0.355304151773453	
0.0432213954627514	-0.0790489688515663	-0.138027220964432	-0.321854710578918	
0.0379383116960526	-0.0904387682676315	-0.092928446829319	-0.255491495132446	
0.0350528731942177	-0.100351318717003	-0.0337344296276569	-0.161791563034058	
0.035130463540554	-0.10747092217207	0.032533586025238	-0.049883458763361	
-0.0339736603200436	0.105664543807507	-0.0337398052215576	0.0536037534475327	
-0.0368748567998409	0.109186485409737	-0.0996430963277817	-0.0645011067390442	
-0.0418692640960217	0.108660198748112	-0.157541260123253	-0.176953583955765	
-0.0477932542562485	0.104375101625919	-0.200938522815704	-0.271929055452347	
-0.0532009452581406	0.0970776826143265	-0.224952057003975	-0.339785546064377	
-0.0566073320806026	0.0877665281295776	-0.226726323366165	-0.374276012182236	
-0.0567426010966301	0.0774522423744202	-0.205599159002304	-0.37327116727829	
-0.0527801550924778	0.0669345930218697	-0.163021147251129	-0.338896691799164	
-0.0445040203630924	0.0566443130373955	-0.10225985199213	-0.277079731225967	
-0.0323897041380405	0.0465827323496342	-0.0279429201036692	-0.19658862054348	
-0.0175841730087996	0.0363714098930359	0.0544930584728718	-0.107723481953144	
-0.00178489182144403	0.0254008341580629	0.139378279447556	-0.0208611898124218	
0.0129679162055254	0.013045939616859	0.221346601843834	0.0549284070730209	
0.024558937177062	-0.00109841569792479	0.295783370733261	0.113000109791756	
0.0310893282294273	-0.0170143228024244	0.359150856733322	0.149840205907822	
0.0311517529189587	-0.0341371819376945	0.409176051616669	0.165288135409355	
0.0240497644990683	-0.0513440519571304	0.444901615381241	0.162276059389114	
0.00992907863110304	-0.0670649111270905	0.466613829135895	0.14616122841835	
-0.0102001316845417	-0.0795034766197205	0.475669711828232	0.123780958354473	
-0.0345561020076275	-0.086931899189949	0.474250465631485	0.102390974760056	
-0.0607836805284023	-0.0880075097084045	0.465069025754929	0.088650681078434	
-0.0862331315875053	-0.0820531621575356	0.451058864593506	0.0877965241670609	
-0.108283035457134	-0.0692469477653503	0.435068994760513	0.10310173779726	
-0.124664053320885	-0.0506815277040005	0.419586986303329	0.135667160153389	
-0.133739501237869	-0.028275465592742	0.406509757041931	0.184532508254051	
-0.134704440832138	-0.00454488256946206	0.396978467702866	0.247050359845161	
-0.127675890922546	0.0177312437444925	0.391290485858917	0.319432407617569	
-0.113662101328373	0.0358996503055096	0.388896435499191	0.397363811731339	
-0.0944158956408501	0.0478122569620609	0.388484060764313	0.476586431264877	
-0.0721931755542755	0.0521344244480133	0.388142943382263	0.553370893001556	
-0.0494513735175133	0.0485313348472118	0.385594666004181	0.624829292297363	
-0.0285304673016071	0.0377023406326771	0.378465980291367	0.689052402973175	
-0.0113612841814756	0.0212585348635912	0.364574283361435	0.74508661031723	
0.000758984708227217	0.00146497169043869	0.342191576957703	0.792788624763489	
0.0072946809232235	-0.0191088020801544	0.310253918170929	0.832606732845306	
0.0084884213283658	-0.0379720292985439	0.26848828792572	0.865340292453766	
0.00526878098025918	-0.0530676655471325	0.21743868291378	0.891918480396271	
-0.000932947325054556	-0.0630433261394501	0.158387437462807	0.913226902484894	
-0.00842591095715761	-0.0673984512686729	0.0931811258196831	0.929993152618408	
-0.0155239710584283	-0.0664899423718452	0.0239864382892847	0.942729532718658	
-0.0207906980067492	-0.0614027343690395	-0.046989131718874	0.951720714569092	
-0.0232293754816055	-0.0537142008543015	-0.117770284414291	0.95704048871994	
-0.0223924405872822	-0.045197419822216	-0.186840012669563	0.958583116531372	
-0.0183984693139791	-0.0375162847340107	-0.25328516960144	0.95609986782074	
-0.0118599496781826	-0.031963724642992	-0.316840589046478	0.949237406253815	
-0.00373891368508339	-0.0292838830500841	-0.377827256917953	0.93757963180542	
0.00484183290973306	-0.0296021066606045	-0.43699648976326	0.920697927474976	
0.0127986399456859	-0.0324664562940598	-0.495308578014374	0.898212015628815	
0.0192648880183697	-0.0369848795235157	-0.553682923316956	0.86985969543457	
0.0237191524356604	-0.0420266017317772	-0.612763345241547	0.835569858551025	
0.0260458178818226	-0.0464473702013493	-0.672736346721649	0.795524299144745	
0.0265225917100906	-0.0492968894541264	-0.733233630657196	0.750195145606995	
0.025741932913661	-0.04997318983078	-0.793332874774933	0.70034247636795	
0.0244841147214174	-0.0483008734881878	-0.851655781269073	0.646965205669403	
0.0235667452216148	-0.0445257090032101	-0.906544864177704	0.591205179691315	
0.0236980132758617	-0.0392337143421173	-0.956288397312164	0.534216284751892	
0.0253585949540138	-0.0332160070538521	-0.999354362487793	0.477020412683487	
0.0287305749952793	-0.0273087900131941	-1.03459525108337	0.420377105474472	
0.0336824394762516	-0.0222398731857538	-1.06138908863068	0.364695399999619	
0.0398088209331036	-0.0185092855244875	-1.07969725131989	0.310010761022568	
0.0465142279863358	-0.0163226947188377	-1.09003019332886	0.256037950515747	
0.0531230457127094	-0.0155848572030663	-1.09333109855652	0.202295869588852	
0.0589947216212749	-0.0159484017640352	-1.0908008813858	0.14828485250473	
0.0636237263679504	-0.0169032271951437	-1.08369290828705	0.0936830043792725	
0.0667081922292709	-0.017885597422719	-1.07311677932739	0.03852179646492	
0.0681779757142067	-0.0183842796832323	-1.05987882614136	-0.0166987292468548	
0.0681810900568962	-0.018024018034339	-1.04438722133636	-0.0709851160645485	
0.0670349523425102	-0.0166131425648928	-1.02663159370422	-0.122929841279984	
0.065155029296875	-0.0141505831852555	-1.00623691082001	-0.170888036489487	
0.0629762336611748	-0.0107961893081665	-0.982578635215759	-0.213224053382874	
0.0608825571835041	-0.00681520393118262	-0.954936265945435	-0.248583763837814	
0.059157095849514	-0.00251179095357656	-0.922656655311584	-0.276140004396439	
0.0579594857990742	0.00183299544733018	-0.885301768779755	-0.295760214328766	
0.0573315359652042	0.00600621569901705	-0.84275609254837	-0.30805703997612	
0.0572259314358234	0.009883688762784	-0.795280456542969	-0.314304023981094	
0.0575484596192837	0.0134253157302737	-0.743506968021393	-0.316223293542862	
0.0582022704184055	0.0166500955820084	-0.688381195068359	-0.315678954124451	
0.0591232143342495	0.0196001548320055	-0.631063759326935	-0.314328819513321	
0.0602981336414814	0.0223049111664295	-0.572810113430023	-0.313299775123596	
0.0617626830935478	0.0247554797679186	-0.514847695827484	-0.312949389219284	
0.0635802522301674	0.0268961172550917	-0.458267360925674	-0.312764078378677	
0.0658082216978073	0.0286346543580294	-0.403942555189133	-0.311419516801834	
0.0684606432914734	0.0298687778413296	-0.352480977773666	-0.306999504566193	
0.071477547287941	0.0305208601057529	-0.304210275411606	-0.297339498996735	
0.0747093856334686	0.0305717345327139	-0.259191811084747	-0.280435889959335	
0.0779219269752502	0.0300839263945818	-0.217254668474197	-0.254848062992096	
0.08082215487957	0.0292071960866451	-0.178040489554405	-0.220019549131393	
0.0831011012196541	0.0281633622944355	-0.141051217913628	-0.176457181572914	
0.0844855010509491	0.0272122789174318	-0.105693943798542	-0.125732421875	
0.0847879722714424	0.0266052652150393	-0.0713202804327011	-0.0703008845448494	
0.0839453041553497	0.0265354700386524	-0.0372604206204414	-0.013169270940125	
-0.0820367336273193	-0.0270956680178642	0.00285389670170844	-0.0425328426063061	
-0.0792777985334396	-0.0282527133822441	-0.0325207784771919	-0.0940012037754059	
-0.0759903788566589	-0.0298446249216795	-0.0694158226251602	-0.13914629817009	
-0.0725541338324547	-0.0316016562283039	-0.108283430337906	-0.176856011152267	
-0.069348432123661	-0.0331878662109375	-0.149446681141853	-0.207087233662605	
-0.0666955783963203	-0.0342555232346058	-0.193075567483902	-0.230773836374283	
-0.0648158863186836	-0.0345021933317184	-0.239172533154488	-0.249571949243546	
-0.0638026297092438	-0.0337199606001377	-0.287571132183075	-0.265493333339691	
-0.0636207461357117	-0.0318278856575489	-0.337949812412262	-0.280496448278427	
-0.0641284361481667	-0.0288824141025543	-0.389860093593597	-0.296111106872559	
-0.0651161298155785	-0.0250647813081741	-0.442766040563583	-0.313163876533508	
-0.0663539320230484	-0.0206488650292158	-0.496089726686478	-0.331650167703629	
-0.0676373317837715	-0.0159564986824989	-0.549255788326263	-0.35076916217804	
-0.0688216388225555	-0.0113090630620718	-0.601728677749634	-0.369106978178024	
-0.0698385536670685	-0.00698414864018559	-0.653038561344147	-0.38492426276207	
-0.0706923380494118	-0.00318429409526289	-0.702792346477509	-0.396487176418304	
-0.071437880396843	-2.1646033928846E-5	-0.750671625137329	-0.402374505996704	
-0.0721470415592194	0.00248114322312176	-0.796420991420746	-0.40170156955719	
-0.0728723779320717	0.00437675835564733	-0.839830815792084	-0.394221216440201	
-0.0736177638173103	0.0057709664106369	-0.880721092224121	-0.380289316177368	
-0.0743240341544151	0.00679817097261548	-0.918929815292358	-0.360710918903351	
-0.0748739838600159	0.0075999079272151	-0.954308569431305	-0.336506724357605	
-0.0751163214445114	0.00830948818475008	-0.986723840236664	-0.308656185865402	
-0.0749035328626633	0.0090434942394495	-1.01606106758118	-0.277875036001205	
-0.0741345956921577	0.00989854987710714	-1.04222655296326	-0.244476228952408	
-0.0727915987372398	0.010950306430459	-1.06514239311218	-0.208343222737312	
-0.0709599331021309	0.0122514069080353	-1.08473110198975	-0.169018447399139	
-0.0688246861100197	0.0138262864202261	-1.10089015960693	-0.125883936882019	
-0.0666408985853195	0.015662744641304	-1.11346125602722	-0.0783905163407326	
-0.0646813213825226	0.0177026409655809	-1.12219977378845	-0.0262810569256544	
-0.0631711035966873	0.0198360532522202	-1.1267569065094	0.0302452631294727	
-0.0622228570282459	0.0219039507210255	-1.12668180465698	0.0904674455523491	
-0.0617873333394527	0.0237136669456959	-1.12145102024078	0.153193324804306	
-0.0616332106292248	0.0250687971711159	-1.11052787303925	0.216917559504509	
-0.0613649785518646	0.0258113779127598	-1.09344661235809	0.2800532579422	
-0.0604807548224926	0.0258699208498001	-1.06990706920624	0.341186285018921	
-0.0584637187421322	0.0253032632172108	-1.03986585140228	0.399294823408127	
-0.05489307269454	0.0243283472955227	-1.00360083580017	0.453883230686188	
-0.0495546385645866	0.0233207885175943	-0.961731016635895	0.504997551441193	
-0.0425288267433643	0.022780679166317	-0.91517847776413	0.553116202354431	
-0.0342353396117687	0.0232623014599085	-0.865069508552551	0.598937511444092	
-0.0254199579358101	0.0252741649746895	-0.812581896781921	0.643109977245331	
-0.0170777905732393	0.0291636493057013	-0.758760929107666	0.685967266559601	
-0.0103187449276447	0.0350067466497421	-0.704333066940308	0.727330565452576	
-0.00619197869673371	0.0425262898206711	-0.649555027484894	0.766429364681244	
-0.00549540389329195	0.0510605722665787	-0.594132006168365	0.801967322826385	
-0.00860157608985901	0.0595980994403362	-0.537232637405396	0.832328617572784	
-0.0153316063806415	0.0668837130069733	-0.477613389492035	0.855887889862061	
-0.0249035563319921	0.0715885832905769	-0.413845330476761	0.871361255645752	
-0.0359716452658176	0.0725230351090431	-0.344617813825607	0.878122627735138	
-0.0467589870095253	0.0688603669404984	-0.26907479763031	0.876411080360413	
-0.0552715733647346	0.060333251953125	-0.187127381563187	0.867374539375305	
-0.0595671460032463	0.0473644994199276	-0.0996849164366722	0.852925539016724	
-0.058042086660862	0.0311009362339973	-0.00875206384807825	0.835424900054932	
-0.0496941544115543	0.0133328586816788	0.0826416313648224	0.817245781421661	
-0.0343199148774147	-0.00370033946819603	0.170689254999161	0.800301015377045	
-0.0126135228201747	-0.0175979975610971	0.251210898160934	0.785630226135254	
0.0138535788282752	-0.0261410903185606	0.320166379213333	0.773137331008911	
0.0427755303680897	-0.0276391357183456	0.374205261468887	0.761545956134796	
0.0713631212711334	-0.0212251991033554	0.411169648170471	0.748598456382751	
0.0966724157333374	-0.0070476527325809	0.43046709895134	0.731477022171021	
0.115967988967896	0.0136789605021477	0.433243900537491	0.70737886428833	
0.127071902155876	0.0387806929647923	0.422317206859589	0.674139797687531	
0.128650218248367	0.0653802454471588	0.401859134435654	0.630784332752228	
0.120397157967091	0.0902692303061485	0.376865446567535	0.577885270118713	
0.103090427815914	0.110343061387539	0.352477669715881	0.517645597457886	
0.0785091668367386	0.123032815754414	0.333253741264343	0.453663647174835	
0.0492248646914959	0.126666858792305	0.322495758533478	0.390402644872665	
0.0182927586138248	0.120704472064972	0.321740031242371	0.332443445920944	
-0.0111149325966835	0.105803564190865	0.330493211746216	0.283648610115051	
-0.0360854528844357	0.0837106257677078	0.34626504778862	0.246391266584396	
-0.0543021745979786	0.0569899044930935	0.364903301000595	0.221000716090202	
-0.0642983987927437	0.0286349821835756	0.381191402673721	0.205546990036964	
-0.0655970722436905	0.00162509514484555	0.38962784409523	0.196031183004379	
-0.0587214305996895	-0.021502822637558	0.385276645421982	0.186978042125702	
-0.0450790673494339	-0.03899846971035	0.364564657211304	0.172352895140648	
-0.0267390329390764	-0.0501058176159859	0.325907588005066	0.146661102771759	
-0.00613516895100474	-0.0551045350730419	0.270068883895874	0.106046482920647	
0.0142622450366616	-0.0551840178668499	0.200194507837296	0.0491938702762127	
0.0322616808116436	-0.0521770678460598	0.121512904763222	-0.0221354868263006	
0.0462109036743641	-0.0482031553983688	0.0407380945980549	-0.103053115308285	
0.0551702603697777	-0.0452852249145508	-0.0347435958683491	-0.18601667881012	
0.058979157358408	-0.0450061932206154	-0.0977919921278954	-0.261779963970184	
0.0582113564014435	-0.0482622645795345	-0.14241150021553	-0.320689260959625	
0.0540301166474819	-0.0551508218050003	-0.164508625864983	-0.354132562875748	
0.0479675196111202	-0.0650054588913918	-0.162409156560898	-0.355915457010269	
0.0416620373725891	-0.0765639469027519	-0.137070968747139	-0.323342084884644	
0.0365931019186974	-0.0882314145565033	-0.0919710621237755	-0.257820099592209	
0.0338508933782578	-0.0983854755759239	-0.0326906032860279	-0.164881959557533	
0.0339736603200436	-0.105664543807507	0.0337398052215576	-0.0536037534475327	
-0.0327754616737366	0.10372943431139	-0.0349049121141434	0.0572587363421917	
-0.035601120442152	0.107273682951927	-0.101032018661499	-0.0603926964104176	
-0.040426105260849	0.106684789061546	-0.15920028090477	-0.172621443867683	
-0.0461195036768913	0.102289468050003	-0.202896893024445	-0.267642229795456	
-0.0512782111763954	0.0948892459273338	-0.227223232388496	-0.335833072662354	
-0.0544606782495975	0.085544265806675	-0.229310169816017	-0.370942026376724	
-0.0544318705797195	0.0753204673528671	-0.208484470844269	-0.370807707309723	
-0.0503838546574116	0.0650546997785568	-0.16618749499321	-0.337498337030411	
-0.04209940508008	0.0551872551441193	-0.105678148567677	-0.276863932609558	
-0.0300333723425865	0.0456969402730465	-0.0315742567181587	-0.197585508227348	
-0.0152976084500551	0.0361517146229744	0.0507002174854279	-0.109876729547977	
0.00045168399810791	0.025864040479064	0.135491952300072	-0.0240407716482878	
0.0152116203680634	0.0141177633777261	0.217455297708511	0.0509033165872097	
0.026890566572547	0.000417885283241048	0.291999101638794	0.108331240713596	
0.0335923358798027	-0.0152913732454181	0.35561004281044	0.144717752933502	
0.0338879227638245	-0.0324898883700371	0.406037300825119	0.159860745072365	
0.0270364508032799	-0.0500610619783401	0.44234037399292	0.156627923250198	
0.0131229208782315	-0.066399872303009	0.464813649654388	0.140299871563911	
-0.00690923491492867	-0.0796369761228561	0.47481170296669	0.117637865245342	
-0.0313386917114258	-0.0879427045583725	0.474501729011536	0.09583480656147	
-0.0578523650765419	-0.0898578837513924	0.466572284698486	0.0815112665295601	
-0.0838146433234215	-0.0845908522605896	0.453924894332886	0.0798958986997604	
-0.106585159897804	-0.0722237750887871	0.439373046159744	0.0942874401807785	
-0.123842962086201	-0.0537860244512558	0.425370216369629	0.125842839479446	
-0.133873224258423	-0.0311746075749397	0.413785517215729	0.173681199550629	
-0.135777235031128	-0.00692879036068916	0.405742257833481	0.235247254371643	
-0.12957651913166	0.0161084830760956	0.401532232761383	0.306845307350159	
-0.116196766495705	0.0351890027523041	0.400612652301788	0.384241908788681	
-0.0973338559269905	0.0480531081557274	0.40168771147728	0.46323898434639	
-0.0752211660146713	0.0532543659210205	0.402868807315826	0.540139973163605	
-0.05233109369874	0.0503619946539402	0.401899248361588	0.612060129642487	
-0.0310532338917255	0.0400082096457481	0.39642134308815	0.677066266536713	
-0.0133941723033786	0.0237739589065313	0.384256303310394	0.734159588813782	
-0.000740486138965935	0.003933260217309	0.363664567470551	0.783138573169708	
0.00628358405083418	-0.0169002767652273	0.33355388045311	0.824390292167664	
0.00784670375287533	-0.0361659601330757	0.293607205152512	0.858658313751221	
0.00482905050739646	-0.051723700016737	0.244312718510628	0.886828660964966	
-0.00135468749795109	-0.0621390230953693	0.186890706419945	0.909760415554047	
-0.00899780355393887	-0.0668432414531708	0.123126342892647	0.92817223072052	
-0.0163706708699465	-0.0661489516496658	0.0551322810351849	0.942582666873932	
-0.0219749826937914	-0.0611259266734123	-0.0149249332025647	0.953293323516846	
-0.0247456356883049	-0.053365558385849	-0.0850941613316536	0.960399270057678	
-0.0241724736988544	-0.0446792766451836	-0.153864488005638	0.96381402015686	
-0.0203278381377459	-0.0367849469184875	-0.220312133431435	0.963300466537476	
-0.013801347464323	-0.0310343131422997	-0.284148126840591	0.958505094051361	
-0.00555796315893531	-0.0282242465764284	-0.345661371946335	0.9489985704422	
0.00325317750684917	-0.0285176075994968	-0.405568659305573	0.934325754642487	
0.0115051725879312	-0.0314789228141308	-0.464798212051392	0.914069056510925	
0.0182804223150015	-0.0362098850309849	-0.524243772029877	0.887922346591949	
0.0230088457465172	-0.0415532737970352	-0.584531784057617	0.855767488479614	
0.0255374908447266	-0.0463242717087269	-0.645839512348175	0.81774115562439	
0.0261243842542171	-0.0495261885225773	-0.70779550075531	0.774274885654449	
0.0253625493496656	-0.0505137704312801	-0.769477248191833	0.726095914840698	
0.0240516383200884	-0.0490792840719223	-0.82950484752655	0.674178421497345	
0.0230424385517836	-0.045452531427145	-0.886214792728424	0.619647920131683	
0.0230826884508133	-0.0402219891548157	-0.937882006168365	0.563649594783783	
0.0246906131505966	-0.0341981537640095	-0.982953131198883	0.507202744483948	
0.028076222166419	-0.0282488483935595	-1.02025175094604	0.451068699359894	
0.0331208407878876	-0.0231389701366425	-1.04912209510803	0.395661920309067	
0.0394145213067532	-0.0194034986197948	-1.06948983669281	0.341025710105896	
0.0463408902287483	-0.0172740146517754	-1.08183133602142	0.286884605884552	
0.0531913749873638	-0.0166671816259623	-1.08706116676331	0.232769072055817	
0.0592868253588676	-0.0172313880175352	-1.0863584280014	0.178192749619484	
0.0640848129987717	-0.0184371564537287	-1.08096289634705	0.122848734259605	
0.0672550648450851	-0.0196900870651007	-1.07197737693787	0.0667847990989685	
0.0687125697731972	-0.0204429179430008	-1.06020712852478	0.0105182668194175	
0.0686064064502716	-0.0202858187258244	-1.04606103897095	-0.0449398644268513	
0.067270390689373	-0.0190004110336304	-1.02952885627747	-0.0981649234890938	
0.0651484131813049	-0.0165716148912907	-1.01023316383362	-0.147495850920677	
0.0627104714512825	-0.0131603460758924	-0.987542510032654	-0.191281974315643	
0.0603760331869125	-0.00904756039381027	-0.960725545883179	-0.228155314922333	
0.0584580264985561	-0.00456465594470501	-0.929116249084473	-0.257275491952896	
0.0571356490254402	-2.62980229308596E-5	-0.892264127731323	-0.278496593236923	
0.0564573891460896	0.00432077888399363	-0.850044906139374	-0.292416870594025	
0.0563696026802063	0.00832448527216911	-0.802717566490173	-0.300293773412704	
0.056760910898447	0.0119275385513902	-0.750921666622162	-0.303831338882446	
0.0575103759765625	0.015145244076848	-0.695620238780975	-0.304873555898666	
0.0585276149213314	0.0180297680199146	-0.638000547885895	-0.305057108402252	
0.0597758591175079	0.0206320341676474	-0.579351723194122	-0.305487751960754	
0.0612736083567142	0.0229718722403049	-0.520938158035278	-0.306503742933273	
0.0630758628249168	0.0250240005552769	-0.463887095451355	-0.307575404644012	
0.0652408450841904	0.0267228409647942	-0.40910330414772	-0.307366967201233	
0.0677914842963219	0.0279840566217899	-0.357218027114868	-0.303956210613251	
0.0706821382045746	0.0287362989038229	-0.308572858572006	-0.29517787694931	
0.0737797692418098	0.0289541203528643	-0.263233482837677	-0.279032200574875	
0.0768656060099602	0.02868259139359	-0.221025466918945	-0.254085510969162	
0.0796583816409111	0.0280461814254522	-0.181582167744637	-0.219789505004883	
0.0818555876612663	0.0272382199764252	-0.144396066665649	-0.176658347249031	
0.0831847414374352	0.0264918990433216	-0.108867302536964	-0.126268401741982	
0.0834543481469154	0.0260382406413555	-0.0743458941578865	-0.0710766389966011	
0.0825937986373901	0.0260597039014101	-0.0401673726737499	-0.0140873230993748	
-0.0806736201047897	-0.0266494024544954	0.00568332057446241	-0.0415756553411484	
-0.0779012739658356	-0.0277849845588207	-0.0297106467187405	-0.0931156873703003	
-0.0745926350355148	-0.0293233171105385	-0.0665476322174072	-0.138451144099236	
-0.0711242184042931	-0.0310178585350513	-0.105262368917465	-0.176476284861565	
-0.0678751841187477	-0.0325559005141258	-0.146165773272514	-0.2071513235569	
-0.0651699900627136	-0.0336088761687279	-0.189423814415932	-0.231409549713135	
-0.0632326081395149	-0.0338862203061581	-0.235044807195663	-0.250902503728867	
-0.0621605291962624	-0.0331828370690346	-0.282877951860428	-0.267633974552155	
-0.0619227662682533	-0.0314115025103092	-0.332625716924667	-0.283552348613739	
-0.0623811110854149	-0.028614841401577	-0.383869230747223	-0.300176978111267	
-0.0633291527628899	-0.0249555893242359	-0.436104416847229	-0.318325191736221	
-0.0645400732755661	-0.0206880494952202	-0.488783806562424	-0.33798536658287	
-0.065812774002552	-0.0161170698702335	-0.541358172893524	-0.358352810144424	
-0.0670066252350807	-0.011552706360817	-0.593312323093414	-0.378012269735336	
-0.0680579021573067	-0.00726889818906784	-0.644189655780792	-0.395224660634995	
-0.0689754784107208	-0.00347278732806444	-0.693604826927185	-0.408256590366364	
-0.0698179751634598	-0.000288544921204448	-0.741242825984955	-0.415685325860977	
-0.0706589818000793	0.0022438254673034	-0.786849915981293	-0.416621088981628	
-0.0715496018528938	0.00415726006031036	-0.830218493938446	-0.410806864500046	
-0.0724884420633316	0.00553863635286689	-0.871172666549683	-0.398583143949509	
-0.0734070166945457	0.00650736037641764	-0.909557640552521	-0.380734354257584	
-0.0741753727197647	0.00719620101153851	-0.945234894752502	-0.358256459236145	
-0.0746273845434189	0.00773723796010017	-0.978082358837128	-0.332101464271545	
-0.0746004655957222	0.00825349986553192	-1.00799691677094	-0.302956908941269	
-0.0739804208278656	0.00885475613176823	-1.03489410877228	-0.271108448505402	
-0.0727399364113808	0.00963464379310608	-1.05870163440704	-0.236414566636086	
-0.070960208773613	0.0106662400066853	-1.07934308052063	-0.198395863175392	
-0.0688278526067734	0.011994332075119	-1.09671223163605	-0.156415984034538	
-0.066604845225811	0.0136246923357248	-1.11064338684082	-0.109910577535629	
-0.064575083553791	0.0155130280181766	-1.1208827495575	-0.058610126376152	
-0.0629772618412971	0.0175580661743879	-1.12707138061523	-0.00270379241555929	
-0.0619380436837673	0.0196039173752069	-1.12874901294708	0.057095218449831	
-0.061420988291502	0.0214558355510235	-1.12538409233093	0.119600102305412	
-0.061205230653286	0.0229108892381191	-1.11643278598785	0.183307811617851	
-0.0609029792249203	0.0238010976463556	-1.10142064094543	0.246629923582077	
-0.0600177384912968	0.0240424424409866	-1.08003532886505	0.308146208524704	
-0.0580366104841232	0.0236795172095299	-1.05221438407898	0.366823881864548	
-0.0545422770082951	0.0229138825088739	-1.01820719242096	0.422151923179626	
-0.0493242405354977	0.0221050009131432	-0.978593051433563	0.474158227443695	
-0.0424666926264763	0.0217363052070141	-0.934243857860565	0.523302435874939	
-0.0343921892344952	0.0223452672362328	-0.88622659444809	0.570266544818878	
-0.0258464030921459	0.0244240518659353	-0.835655808448792	0.615688443183899	
-0.0178188439458609	0.0283051710575819	-0.783514857292175	0.659899592399597	
-0.0114057380706072	0.0340527035295963	-0.730476915836334	0.702728748321533	
-0.0076327039860189	0.0413823872804642	-0.676760673522949	0.743422746658325	
-0.00726395752280951	0.049632340669632	-0.622054100036621	0.780709862709045	
-0.0106299845501781	0.0577997602522373	-0.565532743930817	0.81300163269043	
-0.0175055153667927	0.0646485686302185	-0.505983948707581	0.838696956634521	
-0.0270640179514885	0.0688799694180489	-0.442030906677246	0.856525957584381	
-0.0379243120551109	0.0693446472287178	-0.372430235147476	0.865859627723694	
-0.0482909306883812	0.0652644261717796	-0.296399563550949	0.866911709308624	
-0.056174524128437	0.0564250238239765	-0.213920801877975	0.860779762268066	
-0.0596646331250668	0.0433017797768116	-0.125961512327194	0.849301517009735	
-0.0572168715298176	0.027087589725852	-0.0345645397901535	0.834742665290833	
-0.0479116812348366	0.00960613414645195	0.0572276823222637	0.819368541240692	
-0.0316437222063541	-0.00688825640827417	0.145621985197067	0.804981887340546	
-0.00920922122895718	-0.0200028289109468	0.226476565003395	0.792521476745605	
0.0177275706082582	-0.0275516025722027	0.295807927846909	0.781810939311981	
0.046790387481451	-0.0279018450528383	0.350332349538803	0.771523833274841	
0.0751530304551125	-0.0202656295150518	0.387959152460098	0.759388148784637	
0.0998748987913132	-0.00488518737256527	0.408153563737869	0.742609679698944	
0.118265800178051	0.0169250890612602	0.412101715803146	0.718443930149078	
0.12823049724102	0.0428958684206009	0.402636766433716	0.684812366962433	
0.128545418381691	0.0700697898864746	0.383920192718506	0.640842020511627	
0.119028568267822	0.0951836258172989	0.360911190509796	0.587212741374969	
0.10057869553566	0.115110762417316	0.338692456483841	0.52622663974762	
0.0750772655010223	0.127297252416611	0.321746915578842	0.461562931537628	
0.0451661720871925	0.130123302340508	0.31329333782196	0.397739708423615	
0.01393080689013	0.123132303357124	0.314783990383148	0.339363723993301	
-0.0154689969494939	0.107089906930923	0.325648277997971	0.290295153856277	
-0.0401712581515312	0.0838619843125343	0.343331187963486	0.252881407737732	
-0.0579387545585632	0.0561301223933697	0.36363211274147	0.227409988641739	
-0.0673991218209267	0.0269894916564226	0.381304323673248	0.211901932954788	
-0.0681692510843277	-0.000506814452819526	0.390834122896194	0.202310651540756	
-0.0608515590429306	-0.0237841829657555	0.387289553880692	0.193121388554573	
-0.0469069294631481	-0.0410946495831013	0.367115199565887	0.178272545337677	
-0.0284257344901562	-0.0517231151461601	0.328754872083664	0.152256444096565	
-0.00783088058233261	-0.0560222081840038	0.273007482290268	0.111216388642788	
0.012445249594748	-0.0552756376564503	0.203058749437332	0.0538458228111267	
0.0302662961184978	-0.0514184311032295	0.124178946018219	-0.0180807262659073	
0.0440403483808041	-0.0466661490499973	0.0431238077580929	-0.0996609628200531	
0.0528810061514378	-0.043118879199028	-0.0326803550124168	-0.18334111571312	
0.0566637553274632	-0.0424082800745964	-0.0960566103458405	-0.259866863489151	
0.0559751205146313	-0.0454459972679615	-0.140977159142494	-0.319578468799591	
0.0519665107131004	-0.0523119866847992	-0.163322135806084	-0.353857100009918	
0.0461372546851635	-0.0622951500117779	-0.16139779984951	-0.356496781110764	
0.0400798134505749	-0.0740710273385048	-0.136150002479553	-0.32478141784668	
0.0352244041860104	-0.0859772190451622	-0.0910515263676643	-0.260087490081787	
0.0326190553605556	-0.0963311642408371	-0.0316865853965282	-0.167905002832413	
0.0327754616737366	-0.10372943431139	0.0349049121141434	-0.0572587363421917	
-0.0315373316407204	0.101667948067188	-0.0360274985432625	0.060843963176012	
-0.0342725515365601	0.105198971927166	-0.102376505732536	-0.0563461557030678	
-0.03891222178936	0.104519940912724	-0.160812795162201	-0.168335437774658	
-0.0443609543144703	0.0999966785311699	-0.204806163907051	-0.263379782438278	
-0.0492611937224865	0.0924863442778587	-0.229441955685616	-0.331879854202271	
-0.052217148244381	0.0831101685762405	-0.23183773458004	-0.367581754922867	
-0.052029974758625	0.0729881227016449	-0.211309969425201	-0.368294954299927	
-0.047910712659359	0.0629922524094582	-0.169292092323303	-0.336032569408417	
-0.0396399423480034	0.0535703264176846	-0.109035991132259	-0.276569128036499	
-0.0276497974991798	0.0446766130626202	-0.0351514033973217	-0.19849856197834	
-0.0130140567198396	0.035823717713356	0.046948779374361	-0.111947350203991	
0.00265577365644276	0.0262446869164705	0.131626754999161	-0.0271431896835566	
0.0173975881189108	0.0151312341913581	0.213557228446007	0.0469481199979782	
0.0291463881731033	0.00189774844329804	0.288173407316208	0.103725828230381	
0.0360107161104679	-0.0135858245193958	0.351988077163696	0.139655441045761	
0.0365407578647137	-0.0308443568646908	0.402775287628174	0.154494762420654	
0.0299507975578308	-0.0487680770456791	0.439614206552505	0.151047319173813	
0.0162634551525116	-0.0657174438238144	0.462810456752777	0.134515970945358	
-0.0036471972707659	-0.0797503665089607	0.473718464374542	0.111583508551121	
-0.0281234718859196	-0.088935449719429	0.474493026733398	0.0893765911459923	
-0.054897628724575	-0.0916967242956161	0.467798709869385	0.0744730085134506	
-0.0813510715961456	-0.0871271938085556	0.456504106521606	0.072089672088623	
-0.10482656955719	-0.0752117782831192	0.443385183811188	0.0855475962162018	
-0.122952528297901	-0.056914709508419	0.430858552455902	0.11605779081583	
-0.133935764431953	-0.0341093763709068	0.420762270689011	0.162818357348442	
-0.136782377958298	-0.00935601815581322	0.414199084043503	0.223367378115654	
-0.131416231393814	0.014440318569541	0.41145321726799	0.294104754924774	
-0.118677668273449	0.0344377569854259	0.411987751722336	0.370882362127304	
-0.100202903151512	0.04826545342803	0.414524048566818	0.4495669901371	
-0.0782004371285439	0.054364625364542	0.417197734117508	0.526499390602112	
-0.0551561526954174	0.0522069409489632	0.417777329683304	0.598802089691162	
-0.0335088074207306	0.0423550941050053	0.413924872875214	0.664520561695099	
-0.0153414523229003	0.0263569857925177	0.403469830751419	0.722611844539642	
-0.00213178736157715	0.00649259984493256	0.384665101766586	0.772815942764282	
0.00540485512465239	-0.0145830353721976	0.35639277100563	0.815456748008728	
0.00736029492691159	-0.0342411734163761	0.318293124437332	0.851219236850739	
0.00456346571445465	-0.0502595081925392	0.270798057317734	0.880943179130554	
-0.00158991117496043	-0.0611210837960243	0.215063706040382	0.905458271503448	
-0.00937881972640753	-0.0661875456571579	0.152810469269753	0.925472438335419	
-0.0170306544750929	-0.0657247453927994	0.0860928073525429	0.941510081291199	
-0.0229846574366093	-0.0607842728495598	0.0170319639146328	0.953890681266785	
-0.0261057913303375	-0.0529684945940971	-0.0524489469826221	0.962733149528503	
-0.0258190538734198	-0.0441245213150978	-0.12084799259901	0.967973828315735	
-0.0221479311585426	-0.0360223539173603	-0.187232315540314	0.969391405582428	
-0.0156565867364407	-0.0300717893987894	-0.251289248466492	0.966636538505554	
-0.00731071317568421	-0.0271228384226561	-0.313274621963501	0.959269642829895	
0.00171572831459343	-0.0273773595690727	-0.373868525028229	0.946811318397522	
0.0102532403543591	-0.0304186418652534	-0.433964729309082	0.928807258605957	
0.0173330139368773	-0.0353448204696178	-0.494429081678391	0.904905915260315	
0.0223352964967489	-0.0409749113023281	-0.555868923664093	0.874939680099487	
0.0250682253390551	-0.0460857227444649	-0.61845189332962	0.838996052742004	
0.0257682763040066	-0.0496356040239334	-0.681804001331329	0.797461986541748	
0.0250271875411272	-0.0509364306926727	-0.745004236698151	0.751027345657349	
0.0236624218523502	-0.0497475937008858	-0.806674182415009	0.700638234615326	
0.0225568972527981	-0.0462815091013908	-0.865147590637207	0.647401630878448	
0.0224974397569895	-0.0411271266639233	-0.918689429759979	0.592452704906464	
0.0240399930626154	-0.0351121164858341	-0.965727984905243	0.536808252334595	
0.0274232011288404	-0.0291338805109262	-1.00505995750427	0.481232970952988	
0.0325423181056976	-0.0239928215742111	-1.03599691390991	0.426148504018784	
0.0389840863645077	-0.0202579852193594	-1.05842840671539	0.371608018875122	
0.0461125336587429	-0.0181867461651564	-1.07279551029205	0.317347526550293	
0.0531872436404228	-0.0177082903683186	-1.07998180389404	0.262910187244415	
0.0594912990927696	-0.0184679310768843	-1.08114182949066	0.20782296359539	
0.064445860683918	-0.019918279722333	-1.07749903202057	0.151792928576469	
0.0676924139261246	-0.0214357636868954	-1.07014727592468	0.094882495701313	
0.0691309869289398	-0.0224383566528559	-1.05988812446594	0.037623967975378	
0.0689114406704903	-0.0224824901670218	-1.04713046550751	-0.0189564917236567	
0.0673836171627045	-0.0213234014809132	-1.03186392784119	-0.0734191462397575	
0.0650194138288498	-0.0189318023622036	-1.0137083530426	-0.124088145792484	
0.0623235590755939	-0.015469079837203	-0.992026329040527	-0.169298455119133	
0.0597506761550903	-0.0112310508266091	-0.96607631444931	-0.207667842507362	
0.0576432831585407	-0.00657544564455748	-0.935179889202118	-0.238341525197029	
0.0561998598277569	-0.00184975785668939	-0.898874044418335	-0.261158466339111	
0.0554753094911575	0.0026660121511668	-0.857025623321533	-0.276700586080551	
0.0554093457758427	0.00679207174107432	-0.809890866279602	-0.286207318305969	
0.0558730699121952	0.010453850030899	-0.758115589618683	-0.291363030672073	
0.0567210800945759	0.0136626092717052	-0.702678740024567	-0.293990820646286	
0.0578364059329033	0.0164800714701414	-0.644793033599854	-0.295705854892731	
0.0591584071516991	0.0189781859517097	-0.585779964923859	-0.297593295574188	
0.0606883093714714	0.0212051142007113	-0.52694034576416	-0.299972772598267	
0.0624727867543697	0.0231658313423395	-0.469437420368195	-0.302299678325653	
0.0645712092518806	0.024821350350976	-0.41420766711235	-0.303227752447128	
0.0670158490538597	0.026105459779501	-0.361906677484512	-0.300829261541367	
0.0697759762406349	0.0269533526152372	-0.312890946865082	-0.292938500642776	
0.0727357715368271	0.0273335538804531	-0.267231792211533	-0.277559190988541	
0.0756925344467163	0.0272738467901945	-0.2247524112463	-0.253263831138611	
0.0783772468566895	0.0268734470009804	-0.185078755021095	-0.219511151313782	
0.0804941281676292	0.0262970589101315	-0.147694498300552	-0.176821574568748	
0.08177150785923	0.0257509462535381	-0.111993171274662	-0.126775398850441	
0.0820135101675987	0.0254455003887415	-0.077323243021965	-0.0718303695321083	
0.0811416655778885	0.0255521889775991	-0.0430253855884075	-0.014988211914897	
-0.0792171731591225	-0.026164285838604	0.00846302136778831	-0.0406324341893196	
-0.07643873244524	-0.0272702537477016	-0.026951352134347	-0.0922417417168617	
-0.0731155797839165	-0.0287460833787918	-0.063731774687767	-0.137764811515808	
-0.0696206241846085	-0.0303689204156399	-0.102295361459255	-0.176100999116898	
-0.0663325041532516	-0.0318499580025673	-0.142940446734428	-0.207212775945663	
-0.063577763736248	-0.0328805074095726	-0.185828432440758	-0.232032060623169	
-0.0615841634571552	-0.0331825315952301	-0.23097263276577	-0.252205401659012	
-0.0604536905884743	-0.0325542353093624	-0.278237164020538	-0.269728779792786	
-0.0601597838103771	-0.0309023167937994	-0.327347725629807	-0.286541074514389	
-0.0605681799352169	-0.028255470097065	-0.377914398908615	-0.30415204167366	
-0.0614759065210819	-0.024757532402873	-0.429464370012283	-0.323370724916458	
-0.0626593828201294	-0.0206425972282887	-0.481480300426483	-0.344179660081863	
-0.0639209672808647	-0.0161977708339691	-0.533439099788666	-0.365770906209946	
-0.0651239529252052	-0.011721059679985	-0.584845542907715	-0.386728554964066	
-0.0662090331315994	-0.00748217105865479	-0.635256767272949	-0.405314207077026	
-0.067189484834671	-0.00369253265671432	-0.684294939041138	-0.419794887304306	
-0.0681274384260178	-0.000488329562358558	-0.731648921966553	-0.428746342658997	
-0.069098025560379	0.00207278737798333	-0.777066588401794	-0.431273758411407	
-0.0701508596539497	0.00400347169488668	-0.820342540740967	-0.427110135555267	
-0.0712792053818703	0.00537105044350028	-0.861305475234985	-0.416580826044083	
-0.0724052786827087	0.0062792869284749	-0.899808049201965	-0.400450110435486	
-0.0733863711357117	0.00685168895870447	-0.935722172260284	-0.379689782857895	
-0.074041485786438	0.00721888337284327	-0.968937993049622	-0.355225265026093	
-0.0741929188370705	0.00751045765355229	-0.999364674091339	-0.327716678380966	
-0.0737131386995316	0.00784978363662958	-1.02692818641663	-0.297423213720322	
-0.0725653395056725	0.00834923144429922	-1.05156302452087	-0.264179080724716	
-0.0708264708518982	0.00910323578864336	-1.07319509983063	-0.227483481168747	
-0.0686848163604736	0.0101778814569116	-1.09171617031097	-0.186681926250458	
-0.066409632563591	0.0115977339446545	-1.10695445537567	-0.141194999217987	
-0.0642965734004974	0.0133328698575497	-1.11864769458771	-0.0907407701015472	
-0.0625988021492958	0.0152907921001315	-1.12642776966095	-0.0354982577264309	
-0.0614581592381001	0.0173184052109718	-1.12982547283173	0.0238272603601217	
-0.0608522444963455	0.0192180853337049	-1.12830173969269	0.0860544815659523	
-0.0605717897415161	0.0207791682332754	-1.12130486965179	0.149682879447937	
-0.0602376163005829	0.0218221824616194	-1.10835134983063	0.213122799992561	
-0.0593589805066586	0.0222490038722754	-1.089115858078	0.274948447942734	
-0.0574266500771046	0.0220884997397661	-1.06351602077484	0.334117025136948	
-0.0540257543325424	0.0215256568044424	-1.03177165985107	0.390103608369827	
-0.0489477142691612	0.0209030546247959	-0.994421899318695	0.442919731140137	
-0.0422781258821487	0.0206873565912247	-0.952287912368774	0.493008643388748	
-0.0344396270811558	0.0213998090475798	-0.906377673149109	0.541038751602173	
-0.0261749923229218	0.0235175285488367	-0.857742726802826	0.587640106678009	
-0.0184656772762537	0.0273601170629263	-0.807305753231049	0.633144676685333	
-0.012392520904541	0.0329822301864624	-0.755688190460205	0.677390992641449	
-0.0089569641277194	0.0400953255593777	-0.703072547912598	0.719644725322723	
-0.00889019295573235	0.0480402186512947	-0.64913147687912	0.758659064769745	
-0.0124826626852155	0.0558254308998585	-0.593048870563507	0.792872428894043	
-0.0194660238921642	0.0622360482811928	-0.533644139766693	0.820706188678741	
-0.028973426669836	0.0660045295953751	-0.469593018293381	0.840901732444763	
-0.0395931117236614	0.066022053360939	-0.399718344211578	0.852823734283447	
-0.0495158359408379	0.0615578703582287	-0.323309451341629	0.856657207012177	
-0.0567611157894135	0.0524483658373356	-0.240415751934052	0.853445947170258	
-0.059453371912241	0.0392179042100906	-0.152058884501457	0.844950199127197	
-0.0561089292168617	0.0231010708957911	-0.0603147782385349	0.833338737487793	
-0.0458905696868896	0.00595007603988051	0.0317664854228497	0.820768654346466	
-0.0287887752056122	-0.00997061282396317	0.120410576462746	0.808933436870575	
-0.00569784268736839	-0.0222803633660078	0.201518103480339	0.798673093318939	
0.0216305069625378	-0.0288293287158012	0.271165370941162	0.789734065532684	
0.0507557578384876	-0.0280440375208855	0.326137036085129	0.780743181705475	
0.0788209959864616	-0.0192152317613363	0.364409357309341	0.769418060779572	
0.102894708514214	-0.00267673144116998	0.385503381490707	0.752991437911987	
0.120336510241032	0.020161259919405	0.390641748905182	0.728779494762421	
0.129136845469475	0.0469394326210022	0.382669061422348	0.694790840148926	
0.128183409571648	0.0746265575289726	0.365731209516525	0.65025520324707	
0.11741703748703	0.0999108031392097	0.344745814800262	0.595958113670349	
0.0978546291589737	0.119649112224579	0.324732393026352	0.534298241138458	
0.0714756473898888	0.131306663155556	0.310095638036728	0.469032108783722	
0.0409871190786362	0.133317723870277	0.303968876600266	0.404728502035141	
0.0094990273937583	0.12530991435051	0.307719856500626	0.346015483140945	
-0.019846411421895	0.108154490590096	0.320701569318771	0.296746820211411	
-0.044242300093174	0.0838326588273048	0.340296030044556	0.259240418672562	
-0.0615338012576103	0.0551379844546318	0.362256735563278	0.233739480376244	
-0.0704442486166954	0.0252612102776766	0.381309360265732	0.218214645981789	
-0.0706842318177223	-0.00267651048488915	0.391930252313614	0.208571538329124	
-0.0629335790872574	-0.0260677319020033	0.389193177223206	0.199257105588913	
-0.0487036108970642	-0.0431700870394707	0.36956125497818	0.184185028076172	
-0.0301025025546551	-0.0533106625080109	0.331506311893463	0.157837703824043	
-0.009538559243083	-0.0569142736494541	0.275861769914627	0.116361409425735	
0.010597001761198	-0.0553562380373478	0.205851823091507	0.058461744338274	
0.0282254479825497	-0.0506697297096252	0.126786902546883	-0.0140703450888395	
0.0418165549635887	-0.0451615042984486	0.0454629957675934	-0.0963163450360298	
0.0505373068153858	-0.0410038940608501	-0.0306547302752733	-0.180709645152092	
0.0542982667684555	-0.0398730412125587	-0.0943531394004822	-0.257987558841705	
0.0536967851221561	-0.0426930375397205	-0.139572247862816	-0.318485260009766	
0.0498699769377708	-0.0495250336825848	-0.162165269255638	-0.353579014539719	
0.0442818403244019	-0.0596135929226875	-0.160418093204498	-0.357053816318512	
0.0384766161441803	-0.0715739652514458	-0.135263621807098	-0.326176345348358	
0.0338338054716587	-0.0836794152855873	-0.0901696383953094	-0.262294828891754	
0.0313588045537472	-0.0941911488771439	-0.0307228993624449	-0.170859009027481	
0.0315373316407204	-0.101667948067188	0.0360274985432625	-0.060843963176012	
-0.0302607771009207	0.0994825884699821	-0.0371061861515045	0.0643550604581833	
-0.0328909084200859	0.102964743971825	-0.103674210608006	-0.0523683913052082	
-0.0373297445476055	0.102168031036854	-0.162375494837761	-0.164104506373405	
-0.0425201654434204	0.0974991023540497	-0.206662073731422	-0.25915202498436	
-0.0471528768539429	0.0898713022470474	-0.231603190302849	-0.327936679124832	
-0.04988007619977	0.0804664343595505	-0.234303370118141	-0.364205658435822	
-0.0495405085384846	0.0704571157693863	-0.214069560170174	-0.365742236375809	
-0.0453644841909409	0.0607486814260483	-0.172328546643257	-0.334507077932358	
-0.0371294803917408	0.0517943277955055	-0.112326830625534	-0.276200830936432	
-0.0252428781241179	0.0435218140482903	-0.0386677980422974	-0.199331015348434	
-0.0107374778017402	0.0353867374360561	0.0432452633976936	-0.113936394453049	
0.00482330936938524	0.0265414379537106	0.127789124846458	-0.0301675386726856	
0.0195215828716755	0.0160845704376698	0.209658741950989	0.0430653505027294	
0.0313219614326954	0.00333925453014672	0.284312456846237	0.0991876795887947	
0.0383398160338402	-0.0118993809446692	0.34829106926918	0.134658068418503	
0.0391054973006248	-0.0292017180472612	0.399395912885666	0.149195820093155	
0.0327880941331387	-0.0474653728306293	0.436728894710541	0.145540684461594	
0.0193462762981653	-0.0650168433785439	0.460609704256058	0.12881688773632	
-0.000417806179029867	-0.0798418074846268	0.472395151853561	0.105626434087753	
-0.024913277477026	-0.0899074003100395	0.4742291867733	0.0830264165997505	
-0.0519210658967495	-0.0935207083821297	0.46875262260437	0.0675478652119637	
-0.0788425654172897	-0.0896587371826172	0.458800256252289	0.0643919855356216	
-0.103005863726139	-0.0782078728079796	0.447108447551727	0.0768987238407135	
-0.121989890933037	-0.0600654147565365	0.436053991317749	0.106330968439579	
-0.13392299413681	-0.0370789058506489	0.427440851926804	0.151965200901031	
-0.13771490752697	-0.0118272714316845	0.422348260879517	0.211434066295624	
-0.133189603686333	0.012724407017231	0.421050727367401	0.281235694885254	
-0.121099442243576	0.0336420685052872	0.423016488552094	0.357311367988586	
-0.103018164634705	0.0484443120658398	0.426984786987305	0.435597389936447	
-0.081126943230629	0.0554595701396465	0.431117683649063	0.512476563453674	
-0.0579234920442104	0.0540604665875435	0.433212488889694	0.585082530975342	
-0.0358951091766357	0.0447377935051918	0.430955290794373	0.651442289352417	
-0.0172018241137266	0.0290034022182226	0.422188371419907	0.710470080375671	
-0.00341404695063829	0.00914008915424347	0.405160993337631	0.761846899986267	
0.00465938076376915	-0.0121585382148623	0.378732711076736	0.805831670761108	
0.00703055737540126	-0.0321977809071541	0.342502504587173	0.843047916889191	
0.00447427900508046	-0.048674114048481	0.296845734119415	0.874285995960236	
-0.00163518858607858	-0.0599878653883934	0.242852583527565	0.900343477725983	
-0.00956423114985228	-0.0654295310378075	0.182175353169441	0.921915471553802	
-0.0174979604780674	-0.0652157291769981	0.116806231439114	0.939531683921814	
-0.023812772706151	-0.0603768043220043	0.0488168448209763	0.953530490398407	
-0.0273022931069136	-0.0525228604674339	-0.0199016034603119	0.96405702829361	
-0.0273244921118021	-0.0435338541865349	-0.0878591313958168	0.971074283123016	
-0.0238513872027397	-0.0352298989892006	-0.154115453362465	0.974380791187286	
-0.0174190364778042	-0.0290779266506433	-0.218334436416626	0.97363555431366	
-0.0089915469288826	-0.025981405749917	-0.280737698078156	0.968392312526703	
0.000233959333854727	-0.0261826571077108	-0.341966807842255	0.958149433135986	
0.00904620811343193	-0.0292860623449087	-0.402878552675247	0.942416489124298	
0.0164250936359167	-0.0343890115618706	-0.464308589696884	0.920795440673828	
0.021700281649828	-0.0402895510196686	-0.52684360742569	0.893066585063934	
0.0246394574642181	-0.0457284897565842	-0.590640783309937	0.859264552593231	
0.0254556611180305	-0.049620758742094	-0.655324459075928	0.81972748041153	
0.0247374158352613	-0.0512359291315079	-0.719976961612701	0.775103867053986	
0.0233183316886425	-0.0502999909222126	-0.783224105834961	0.726308286190033	
0.0221122577786446	-0.0470065623521805	-0.843400180339813	0.674426555633545	
0.0219445452094078	-0.0419430397450924	-0.89876401424408	0.620583117008209	
0.023408941924572	-0.0359519645571709	-0.947728276252747	0.565792441368103	
0.0267733875662088	-0.029958164319396	-0.98906534910202	0.510823726654053	
0.0319481678307056	-0.0247958581894636	-1.0220547914505	0.456107825040817	
0.0385180748999119	-0.021067189052701	-1.0465499162674	0.401709765195847	
0.0458289086818695	-0.0190551802515984	-1.06295549869537	0.347378820180893	
0.0531096309423447	-0.0187021438032389	-1.07212173938751	0.292671620845795	
0.0596065111458302	-0.0196515321731567	-1.07517600059509	0.237128540873528	
0.0647048726677895	-0.0213395822793245	-1.07332265377045	0.180469691753387	
0.0680181980133057	-0.0231151394546032	-1.06764364242554	0.122770234942436	
0.0694314315915108	-0.0243627522140741	-1.05893576145172	0.0645751878619194	
0.0690948665142059	-0.0246060229837894	-1.04760611057281	0.00692345388233662	
0.0673739314079285	-0.0235741455107927	-1.03364396095276	-0.0487322472035885	
0.064768023788929	-0.0212234389036894	-1.01666688919067	-0.100702755153179	
0.0618161000311375	-0.017715111374855	-0.996031761169434	-0.147309169173241	
0.0590075440704823	-0.0133589254692197	-0.970987796783447	-0.187154695391655	
0.0567141249775887	-0.0085379546508193	-0.940844595432281	-0.219368979334831	
0.0551533438265324	-0.00363165768794715	-0.905127048492432	-0.243774086236954	
0.0543862506747246	0.0010472871363163	-0.863692462444305	-0.260933637619019	
0.0543456710875034	0.0052916263230145	-0.81679379940033	-0.272067248821259	
0.0548849254846573	0.00900939200073481	-0.765081584453583	-0.278838127851486	
0.0558338575065136	0.0122074233368039	-0.709549367427826	-0.283047586679459	
0.0570486597716808	0.014956459403038	-0.651433706283569	-0.286289274692535	
0.058444619178772	0.0173489190638065	-0.59208756685257	-0.289628088474274	
0.0600055977702141	0.0194608457386494	-0.532847106456757	-0.293366104364395	
0.061770036816597	0.0213272087275982	-0.474911332130432	-0.296944618225098	
0.0637986734509468	0.0229355692863464	-0.419248849153519	-0.299007892608643	
0.0661335438489914	0.0242379978299141	-0.366540253162384	-0.297623425722122	
0.0687594041228294	0.0251764990389347	-0.317158102989197	-0.290625005960464	
0.0715782046318054	0.0257138703018427	-0.271180510520935	-0.27601957321167	
0.0744039267301559	0.0258608460426331	-0.228429511189461	-0.252384901046753	
0.076980248093605	0.0256914682686329	-0.18852461874485	-0.219185695052147	
0.0790183916687965	0.0253417361527681	-0.150941371917725	-0.176947429776192	
0.0802475214004517	0.0249907542020082	-0.115066945552826	-0.127253383398056	
0.0804672092199326	0.0248279683291912	-0.0802482888102531	-0.0725614801049232	
0.0795906707644463	0.0250135418027639	-0.0458309799432755	-0.0158708412200212	
-0.0776692107319832	-0.0256407130509615	0.0111899431794882	-0.0397046990692616	
-0.0748921409249306	-0.0267087575048208	-0.0242456998676062	-0.0913811698555946	
-0.0715614482760429	-0.028113005682826	-0.0609710402786732	-0.137089237570763	
-0.068045936524868	-0.0296547655016184	-0.0993854403495789	-0.175732120871544	
-0.064723402261734	-0.0310697685927153	-0.139774262905121	-0.2072733938694	
-0.0619223900139332	-0.0320699065923691	-0.182293683290482	-0.232642784714699	
-0.0598745048046112	-0.0323903411626816	-0.226961314678192	-0.253481596708298	
-0.0586864724755287	-0.0318330675363541	-0.273655235767365	-0.271778076887131	
-0.0583364777266979	-0.0302989296615124	-0.322123497724533	-0.289462208747864	
-0.0586945340037346	-0.0278025977313519	-0.372004479169846	-0.308034986257553	
-0.0595613829791546	-0.0244686119258404	-0.422856092453003	-0.32829824090004	
-0.0607168599963188	-0.0205102283507586	-0.474190801382065	-0.350229531526566	
-0.0619668178260326	-0.0161960534751415	-0.525511384010315	-0.373018652200699	
-0.0631784349679947	-0.011811314150691	-0.576342642307281	-0.395249545574188	
-0.0642966330051422	-0.00762089109048247	-0.626255452632904	-0.415184795856476	
-0.0653388872742653	-0.00384017126634717	-0.674879789352417	-0.431091904640198	
-0.0663706585764885	-0.000617337005678564	-0.721908330917358	-0.441545128822327	
-0.067468449473381	0.00197201943956316	-0.767090857028961	-0.445644408464432	
-0.0686802566051483	0.00391973182559013	-0.810224413871765	-0.443112939596176	
-0.0699939504265785	0.00527291325852275	-0.851142346858978	-0.434261113405228	
-0.0713224187493324	0.00611903192475438	-0.889705061912537	-0.41983351111412	
-0.072510190308094	0.00657184328883886	-0.925795495510101	-0.400778532028198	
-0.0733613669872284	0.00676030153408647	-0.959316611289978	-0.377995729446411	
-0.0736830309033394	0.0068206749856472	-0.99019068479538	-0.352118790149689	
-0.0733342692255974	0.00689040636643767	-1.01835525035858	-0.323381245136261	
-0.0722687318921089	0.00710134953260422	-1.04375290870667	-0.291593730449677	
-0.0705591440200806	0.00757021177560091	-1.06631314754486	-0.256234645843506	
-0.0683956369757652	0.00838530994951725	-1.08592700958252	-0.21663174033165	
-0.0660551562905312	0.00959077384322882	-1.10241806507111	-0.172190606594086	
-0.0638457760214806	0.0111715206876397	-1.11551654338837	-0.122616909444332	
-0.0620360337197781	0.0130438823252916	-1.1248459815979	-0.0680794939398766	
-0.0607840269804001	0.0150571372359991	-1.12992906570435	-0.00927559100091457	
-0.0600825548171997	0.0170099083334208	-1.13021850585938	0.0526191517710686	
-0.0597350113093853	0.0186825450509787	-1.12515497207642	0.116106905043125	
-0.0593715496361256	0.0198826044797897	-1.11424517631531	0.179597184062004	
-0.0585074611008167	0.0204963106662035	-1.09715008735657	0.241659268736839	
-0.0566367730498314	0.0205354057252407	-1.07376646995544	0.301241278648376	
-0.0533459633588791	0.0201672427356243	-1.04428422451019	0.357805848121643	
-0.0484265573322773	0.0197169650346041	-1.00920164585114	0.411350131034851	
-0.0419631935656071	0.0196345392614603	-0.969288885593414	0.462303340435028	
-0.0343759134411812	0.0204257499426603	-0.925495326519012	0.511322915554047	
-0.0264019425958395	0.0225541144609451	-0.878810465335846	0.559033930301666	
-0.0190124064683914	0.0263283811509609	-0.830097496509552	0.605771124362946	
-0.0132712703198195	0.0317962840199471	-0.779927790164948	0.651385247707367	
-0.0101553834974766	0.0386677607893944	-0.728449583053589	0.695161581039429	
-0.0103637790307403	0.0462890416383743	-0.675321817398071	0.735878884792328	
-0.0141490781679749	0.0536824092268944	-0.619738340377808	0.772001445293427	
-0.0212032459676266	0.0596559010446072	-0.560551583766937	0.801971256732941	
-0.0306234005838633	0.0629741922020912	-0.496489465236664	0.824538350105286	
-0.0409719422459602	0.0625688135623932	-0.42644014954567	0.839057922363281	
-0.0504304803907871	0.05775510892272	-0.349762380123138	0.845682919025421	
-0.0570313669741154	0.0484176240861416	-0.2665696144104	0.845400452613831	
-0.0589366741478443	0.0351261720061302	-0.177933260798454	0.839890778064728	
-0.0547246225178242	0.0191526934504509	-0.0859574005007744	0.83122456073761	
-0.0436396636068821	0.00237322691828012	0.00630541797727346	0.821450650691986	
-0.0257655847817659	-0.0129422200843692	0.0951045230031013	0.812154412269592	
-0.00209058728069067	-0.024429077282548	0.176387012004852	0.804079234600067	
0.025551563128829	-0.029976412653923	0.246291786432266	0.79689759016037	
0.0546622015535831	-0.028071254491806	0.301673173904419	0.789193153381348	
0.0823598504066467	-0.018082408234477	0.340573996305466	0.778676688671112	
0.105727598071098	-0.000432819942943752	0.362569153308868	0.762610793113708	
0.12217915058136	0.0233756583184004	0.368914276361465	0.738374829292297	
0.129793226718903	0.0508991926908493	0.362461149692535	0.704065561294556	
0.127569511532784	0.0790388211607933	0.347335129976273	0.65901517868042	
0.115570329129696	0.104440279304981	0.328407615423203	0.604113340377808	
0.0949276983737946	0.12394942343235	0.310630708932877	0.541852831840515	
0.0677146464586258	0.135054543614388	0.2983278632164	0.476063579320908	
0.0366981029510498	0.136246055364609	0.294545263051987	0.411361008882523	
0.00500714965164661	0.127235636115074	0.300565809011459	0.352390259504318	
-0.0242386441677809	0.108997784554958	0.315666913986206	0.302994430065155	
-0.0482915714383125	0.0836249142885208	0.337169617414474	0.265458673238754	
-0.0650819092988968	0.0540170557796955	0.360784024000168	0.239979296922684	
-0.0734298527240753	0.0234544686973095	0.381210714578629	0.224475204944611	
-0.0731392428278923	-0.00487945089116693	0.392918407917023	0.214804127812386	
-0.0649655014276505	-0.0283492300659418	0.390988230705261	0.205375790596008	
-0.0504674986004829	-0.0452212728559971	0.371902465820313	0.190081387758255	
-0.0317677110433578	-0.0548660233616829	0.334160894155502	0.163396283984184	
-0.011256298981607	-0.0577795431017876	0.278630524873734	0.121473215520382	
0.00871983543038368	-0.0554259493947029	0.208572521805763	0.0630333572626114	
0.0261419173330069	-0.0499323271214962	0.129335850477219	-0.0101127345114946	
0.0395426414906979	-0.0436916463077068	0.047755129635334	-0.093027837574482	
0.0481424480676651	-0.0389434918761253	-0.0286667682230473	-0.178130984306335	
0.0518859252333641	-0.0374042131006718	-0.0926811769604683	-0.256150722503662	
0.0513793490827084	-0.0400073416531086	-0.138195961713791	-0.31741788983345	
0.047743134200573	-0.046793881803751	-0.161036998033524	-0.353305578231812	
0.0424034707248211	-0.0569644756615162	-0.15946900844574	-0.357592344284058	
0.0368542447686195	-0.0690761283040047	-0.134411096572876	-0.3275306224823	
0.0324228405952454	-0.081341028213501	-0.0893251597881317	-0.264443248510361	
0.0300715621560812	-0.0919681414961815	-0.0298000313341618	-0.173742383718491	
0.0302607771009207	-0.0994825884699821	0.0371061861515045	-0.0643550604581833	
-0.0289473570883274	0.0971760228276253	-0.038139671087265	0.0677877441048622	
-0.0314580649137497	0.100573748350143	-0.104922860860825	-0.0484662279486656	
-0.0356809794902802	0.0996319055557251	-0.16388513147831	-0.159937530755997	
-0.0405999161303043	0.09479970484972	-0.208460509777069	-0.25496917963028	
-0.0449564754962921	0.0870471447706223	-0.233702048659325	-0.324014335870743	
-0.0474530197679996	0.0776159688830376	-0.236701563000679	-0.360824167728424	
-0.0469672530889511	0.0677300244569778	-0.216757282614708	-0.363159000873566	
-0.0427490435540676	0.0583260394632816	-0.175290644168854	-0.332929581403732	
-0.0345718860626221	0.0498605892062187	-0.115544326603413	-0.27576470375061	
-0.0228164307773113	0.0422330349683762	-0.0421170368790627	-0.200086355209351	
-0.00847165193408728	0.0348403975367546	0.0395960807800293	-0.115845166146755	
0.00695048272609711	0.0267531611025333	0.123985469341278	-0.0331131666898727	
0.0215796828269958	0.016976123675704	0.205766215920448	0.0392572805285454	
0.0334131680428982	0.0047405599616468	0.280422687530518	0.0947203263640404	
0.0405753180384636	-0.010233691893518	0.344525396823883	0.129730120301247	
0.0415776520967484	-0.0275630410760641	0.395905584096909	0.143969178199768	
0.0355438329279423	-0.0461531169712543	0.433690786361694	0.140114068984985	
0.0223671104758978	-0.064297154545784	0.458217650651932	0.123209588229656	
0.00277521391399205	-0.0799092426896095	0.470847874879837	0.0997748374938965	
-0.0217109397053719	-0.0908555090427399	0.473715901374817	0.0767940506339073	
-0.0489242821931839	-0.0953261405229568	0.469439327716827	0.0607475712895393	
-0.0762892514467239	-0.0921815857291222	0.460818111896515	0.0568168833851814	
-0.101121611893177	-0.0812085121870041	0.450546890497208	0.0683573856949806	
-0.120952077209949	-0.0632354691624641	0.440959841012955	0.0966815650463104	
-0.133830636739731	-0.0400818735361099	0.433823496103287	0.141143500804901	
-0.138569593429565	-0.0143428714945912	0.430190533399582	0.199471339583397	
-0.134890973567963	0.01095868088305	0.430323749780655	0.268264174461365	
-0.123456485569477	0.0327982492744923	0.433695524930954	0.343556493520737	
-0.105774566531181	0.0485847108066082	0.43906369805336	0.421358853578568	
-0.0839965492486954	0.0565334409475327	0.444618940353394	0.498100727796555	
-0.0606301240622997	0.0559166260063648	0.448190808296204	0.570931077003479	
-0.0382102988660336	0.0471507497131824	0.447493851184845	0.63786119222641	
-0.0189744103699923	0.0317085608839989	0.440387815237045	0.697763741016388	
-0.00458699557930231	0.0118723558261991	0.42512246966362	0.750260591506958	
0.00404729600995779	-0.00962872803211212	0.400537997484207	0.795543730258942	
0.00685800379142165	-0.0300363451242447	0.366193830966949	0.834172606468201	
0.00456284359097481	-0.0469669550657272	0.322408735752106	0.866884768009186	
-0.0014879796653986	-0.0587380640208721	0.270205110311508	0.894442856311798	
-0.00955013744533062	-0.0645676255226135	0.211164191365242	0.917527139186859	
-0.017767358571291	-0.0646205469965935	0.147211819887161	0.936671853065491	
-0.0244529861956835	-0.0599027425050735	0.0803657546639442	0.952235221862793	
-0.028328062966466	-0.0520286969840527	0.0124813728034496	0.964391112327576	
-0.0286814477294683	-0.0429081842303276	-0.054966289550066	0.973132491111755	
-0.0254310965538025	-0.0344092287123203	-0.121031261980534	0.978282272815704	
-0.0190822537988424	-0.0280548240989447	-0.185354292392731	0.979511737823486	
-0.0105950124561787	-0.0248021092265844	-0.248121827840805	0.976371645927429	
-0.00118783011566848	-0.0249352809041739	-0.309934914112091	0.968340277671814	
0.00788723211735487	-0.0280821863561869	-0.371611058712006	0.954891920089722	
0.0155588388442993	-0.0333423614501953	-0.43395334482193	0.935581028461456	
0.0211052745580673	-0.0394958220422268	-0.49752613902092	0.910133242607117	
0.0242522899061441	-0.0452499017119408	-0.562475621700287	0.87852680683136	
0.0251875873655081	-0.0494778119027615	-0.628424882888794	0.841046869754791	
0.0244944859296083	-0.0514074712991714	-0.694461345672607	0.798296630382538	
0.0230209603905678	-0.0507310256361961	-0.759217977523804	0.751155614852905	
0.021710466593504	-0.0476219020783901	-0.821033179759979	0.700686454772949	
0.0214261915534735	-0.0426638461649418	-0.878162801265717	0.648001611232758	
0.0227996706962585	-0.0367119051516056	-0.929007351398468	0.59411358833313	
0.0261287670582533	-0.0307160578668118	-0.972317039966583	0.539797484874725	
0.0313399098813534	-0.0255425721406937	-1.00734055042267	0.485495060682297	
0.0380173437297344	-0.0218256320804358	-1.03389525413513	0.431285321712494	
0.0454901121556759	-0.0198737010359764	-1.05234801769257	0.376932382583618	
0.0529579184949398	-0.0196428336203098	-1.06351339817047	0.322007358074188	
0.0596312656998634	-0.0207758601754904	-1.06848931312561	0.266063868999481	
0.0648603290319443	-0.0226942617446184	-1.06845784187317	0.208834066987038	
0.0682308226823807	-0.0247209556400776	-1.06448709964752	0.150404036045074	
0.0696125403046608	-0.0262084994465113	-1.05736672878265	0.0913291126489639	
0.0691558346152306	-0.0266486294567585	-1.04750120639801	0.0326585471630096	
0.0672411099076271	-0.0257448889315128	-1.03487884998322	-0.0241440813988447	
0.0643946751952171	-0.0234389975667	-1.01911532878876	-0.0773777142167091	
0.061189129948616	-0.0198913067579269	-0.999562561511993	-0.125350177288055	
0.0581481046974659	-0.0154245430603623	-0.97546112537384	-0.166649699211121	
0.055672213435173	-0.0104460595175624	-0.946109354496002	-0.200389221310616	
0.0539976805448532	-0.00536634214222431	-0.91102010011673	-0.226372212171555	
0.0531914904713631	-0.00053009350085631	-0.870041072368622	-0.24514202773571	
0.0531793907284737	0.00382824684493244	-0.823420703411102	-0.257896602153778	
0.0537967346608639	0.00759921129792929	-0.771813333034515	-0.266276746988297	
0.0548484362661839	0.0107848020270467	-0.716225445270538	-0.272061198949814	
0.0561636835336685	0.0134641882032156	-0.657915890216827	-0.276822000741959	
0.057633563876152	0.0157496333122253	-0.598267674446106	-0.28160434961319	
0.0592245385050774	0.0177445411682129	-0.538651585578918	-0.286693572998047	
0.060966856777668	0.0195135623216629	-0.480302184820175	-0.291518181562424	
0.0629228577017784	0.0210707224905491	-0.424220263957977	-0.294713765382767	
0.0651446804404259	0.0223865285515785	-0.371112257242203	-0.294343620538712	
0.0676330253481865	0.0234100855886936	-0.32136794924736	-0.288241297006607	
0.0703081712126732	0.0240988060832024	-0.27507346868515	-0.274416267871857	
0.0730012729763985	0.0244466550648212	-0.232050850987434	-0.2514508664608	
0.0754691436886787	0.0245026517659426	-0.191914245486259	-0.218814522027969	
0.0774302706122398	0.0243740640580654	-0.154131606221199	-0.177036598324776	
0.0786147266626358	0.0242126360535622	-0.118084117770195	-0.127702385187149	
0.0788173526525497	0.024186572059989	-0.0831170901656151	-0.0732694119215012	
0.0779427066445351	0.0244444198906422	-0.0485807359218597	-0.0167341325432062	
-0.0760316699743271	-0.0250791609287262	0.0138611001893878	-0.0387939475476742	
-0.0732635408639908	-0.0261008366942406	-0.0215964168310165	-0.0905358120799065	
-0.0699325203895569	-0.0274243280291557	-0.0582681149244308	-0.136426448822021	
-0.0664027705788612	-0.0288755279034376	-0.0965355113148689	-0.175371661782265	
-0.0630509406328201	-0.0302153136581182	-0.136670619249344	-0.207335025072098	
-0.0602073892951012	-0.0311768669635057	-0.178823739290237	-0.233243361115456	
-0.0581076256930828	-0.031509205698967	-0.223015919327736	-0.25473228096962	
-0.0568632856011391	-0.0310186166316271	-0.269138336181641	-0.273782521486282	
-0.0564575865864754	-0.0296003203839064	-0.316960543394089	-0.292315691709518	
-0.0567651242017746	-0.0272548999637365	-0.366148352622986	-0.311825007200241	
-0.0575906373560429	-0.0240872111171484	-0.416289865970612	-0.333105951547623	
-0.0587175600230694	-0.0202890448272228	-0.466926962137222	-0.356132179498672	
-0.059955321252346	-0.0161097627133131	-0.517588078975677	-0.380092024803162	
-0.0611749403178692	-0.0118210557848215	-0.567818224430084	-0.403569728136063	
-0.0623254552483559	-0.00768239144235849	-0.617201864719391	-0.42482915520668	
-0.0634283348917961	-0.00391277205199003	-0.665377140045166	-0.442138433456421	
-0.0645521804690361	-0.000672354886773974	-0.712040543556213	-0.454070121049881	
-0.0657746866345406	0.0019450387917459	-0.756943941116333	-0.459719002246857	
-0.0671420842409134	0.00390988867729902	-0.79988694190979	-0.458798348903656	
-0.0686367899179459	0.00524842878803611	-0.840707659721375	-0.451603978872299	
-0.0701622888445854	0.00603118259459734	-0.879274666309357	-0.438861280679703	
-0.0715503171086311	0.00636166194453835	-0.915482103824615	-0.421495825052261	
-0.0725900530815125	0.00636693369597197	-0.949246466159821	-0.400382339954376	
-0.0730733200907707	0.00619007414206862	-0.980504095554352	-0.376128971576691	
-0.0728457942605019	0.00598306674510241	-1.00920486450195	-0.348944544792175	
-0.0718515738844872	0.00589799834415317	-1.03530085086823	-0.31861686706543	
-0.0701592639088631	0.00607475638389587	-1.05872666835785	-0.284604132175446	
-0.0679610967636108	0.00662478897720575	-1.07937383651733	-0.246216669678688	
-0.0655421540141106	0.00761252408847213	-1.09706223011017	-0.202845349907875	
-0.0632236152887344	0.00903812889009714	-1.11151599884033	-0.154183492064476	
-0.0612902753055096	0.0108267450705171	-1.12235105037689	-0.10038972645998	
-0.0599175505340099	0.0128295375034213	-1.12908184528351	-0.0421531423926353	
-0.0591145008802414	0.0148404370993376	-1.13115346431732	0.0193563736975193	
-0.0586981065571308	0.0166295263916254	-1.12799847126007	0.082643948495388	
-0.0583084970712662	0.0179898999631405	-1.1191132068634	0.146118640899658	
-0.0574671104550362	0.0187906362116337	-1.1041442155838	0.208345457911491	
-0.0556707456707954	0.0190250482410192	-1.08296680450439	0.268264561891556	
-0.0525060519576073	0.0188419297337532	-1.05573999881744	0.325327605009079	
-0.0477628298103809	0.0185485985130072	-1.02292144298553	0.379519313573837	
-0.0415224432945251	0.018578577786684	-0.985230207443237	0.43125718832016	
-0.0341997444629669	0.0194231290370226	-0.943557560443878	0.481190413236618	
-0.0265238992869854	0.0215337499976158	-0.898832201957703	0.529941618442535	
-0.0194536447525024	0.0252104662358761	-0.851859211921692	0.577850878238678	
-0.0140347834676504	0.0304966047406197	-0.803161680698395	0.624782562255859	
-0.0112193888053298	0.037103246897459	-0.752855360507965	0.670043170452118	
-0.0116753932088614	0.0443846099078655	-0.700587391853333	0.712436616420746	
-0.0156199242919683	0.051378920674324	-0.645562767982483	0.750452399253845	
-0.0227087251842022	0.0569187328219414	-0.586667358875275	0.782551169395447	
-0.0320071540772915	0.0598015896975994	-0.52268123626709	0.807488977909088	
-0.042056392878294	0.0589989833533764	-0.452556371688843	0.824608564376831	
-0.0510333552956581	0.05387082695961	-0.375718355178833	0.834027588367462	
-0.0569869503378868	0.0443471744656563	-0.292341262102127	0.836673855781555	
-0.0581193789839745	0.0310396905988455	-0.203541785478592	0.834145843982697	
-0.0530716106295586	0.015253403224051	-0.111447341740131	0.828415274620056	
-0.0411688312888145	-0.00111638125963509	-0.0191079787909985	0.821422815322876	
-0.0225853826850653	-0.0157984718680382	0.0697538927197456	0.814647197723389	
0.00160094804596156	-0.0264480225741863	0.151135608553886	0.808737874031067	
0.0294798202812672	-0.0309955179691315	0.221241220831871	0.803296327590942	
0.0585004761815071	-0.0279894173145294	0.276995718479156	0.796866714954376	
0.0857628434896469	-0.0168757569044828	0.316507995128632	0.787156045436859	
0.108369886875153	0.00183603470213711	0.339404582977295	0.771459937095642	
0.12379340082407	0.02655672095716	0.346970707178116	0.747222542762756	
0.130202651023865	0.0547634102404118	0.342061102390289	0.712629854679108	
0.126709669828415	0.0832955166697502	0.32877591252327	0.667115867137909	
0.113496758043766	0.108762331306934	0.311935693025589	0.611672878265381	
0.0918078199028969	0.128003895282745	0.296421378850937	0.548884630203247	
0.0638049393892288	0.138535335659981	0.286472350358963	0.482651233673096	
0.0323097035288811	0.138905063271523	0.2850461602211	0.4176304936409	
0.000464977551018819	0.128908470273018	0.293340653181076	0.358480453491211	
-0.0286371931433678	0.109620854258537	0.3105588555336	0.309029638767242	
-0.0523121580481529	0.0832414403557777	0.333962768316269	0.271527081727982	
-0.0685777962207794	0.0527711696922779	0.359221547842026	0.246119886636734	
-0.0763521268963814	0.0215737204998732	0.381013333797455	0.230673879384995	
-0.0755316391587257	-0.00711108138784766	0.393801480531693	0.220998793840408	
-0.0669454410672188	-0.0306244939565659	0.392675995826721	0.211468175053596	
-0.0521970167756081	-0.0472447760403156	0.374139040708542	0.195952743291855	
-0.0334197394549847	-0.056386798620224	0.336718112230301	0.16892372071743	
-0.012982158921659	-0.058616790920496	0.281312823295593	0.126543551683426	
0.0068161441013217	-0.0554847456514835	0.211219891905785	0.067552462220192	
0.0240185409784317	-0.0492073073983192	0.131824970245361	-0.00621619261801243	
0.0372217819094658	-0.0422585904598236	0.049999762326479	-0.0898039489984512	
0.0456997267901897	-0.0369403883814812	-0.0267164725810289	-0.175613805651665	
0.0494299456477165	-0.0350049398839474	-0.0910402610898018	-0.254364967346191	
0.0490257553756237	-0.0373922362923622	-0.136847496032715	-0.316384553909302	
0.0455885231494904	-0.0441218502819538	-0.159936308860779	-0.353044062852859	
0.0405042394995689	-0.0543509796261787	-0.158549547195435	-0.358118116855621	
0.0352144166827202	-0.0665804892778397	-0.133591637015343	-0.328847944736481	
0.0309929754585028	-0.0789648592472076	-0.0885178223252296	-0.266534030437469	
0.028758741915226	-0.0896648243069649	-0.0289184283465147	-0.176553666591644	
0.0289473570883274	-0.0971760228276253	0.038139671087265	-0.0677877441048622	
-0.0275986678898335	0.0947510674595833	-0.0391266830265522	0.0711378455162048	
-0.0299760028719902	0.0980290248990059	-0.106120266020298	-0.0446463860571384	
-0.0339683964848518	0.0969149246811867	-0.165338575839996	-0.155843317508698	
-0.0386031977832317	0.0919020846486092	-0.210197448730469	-0.250841408967972	
-0.0426754355430603	0.0840175524353981	-0.235733777284622	-0.320123553276062	
-0.0449397601187229	0.0745623558759689	-0.239026993513107	-0.357447862625122	
-0.0443141609430313	0.0648100972175598	-0.219367444515228	-0.360554724931717	
-0.0400683581829071	0.055726982653141	-0.178172394633293	-0.331307947635651	
-0.0319710299372673	0.0477709583938122	-0.118682324886322	-0.275266617536545	
-0.0203741770237684	0.0408111773431301	-0.0454928800463676	-0.20076821744442	
-0.00622016889974475	0.034184642136097	0.0360075458884239	-0.117675170302391	
0.00903375819325447	0.0268789473921061	0.120222188532352	-0.0359796658158302	
0.0235682893544436	0.0178043786436319	0.201886177062988	0.0355258993804455	
0.0354162491858006	0.0060999016277492	0.276510745286942	0.0903269946575165	
0.0427132174372673	-0.00859035179018974	0.340697914361954	0.124875783920288	
0.0439530126750469	-0.0259293355047703	0.392311245203018	0.138819798827171	
0.0382137298583984	-0.0448313765227795	0.430506855249405	0.134773209691048	
0.025321826338768	-0.0635572671890259	0.45564129948616	0.117700718343258	
0.00592820718884468	-0.0799503698945045	0.469083428382874	0.0940365567803383	
-0.0185192693024874	-0.0917764082551003	0.472959846258163	0.0706889480352402	
-0.0459088943898678	-0.0971089079976082	0.469865143299103	0.0540836006402969	
-0.0736912861466408	-0.0946913883090019	0.462563544511795	0.0493782423436642	
-0.0991723388433456	-0.0842096656560898	0.453705847263336	0.0599401667714119	
-0.119836039841175	-0.0664217174053192	0.445580631494522	0.0871289670467377	
-0.133654281497002	-0.0431164912879467	0.439913690090179	0.130375415086746	
-0.13934101164341	-0.0169027466326952	0.437728226184845	0.187504008412361	
-0.136514440178871	0.00914137251675129	0.439272940158844	0.25521719455719	
-0.125742986798286	0.031902801245451	0.444023370742798	0.329646617174149	
-0.108466908335686	0.048681728541851	0.450756579637527	0.406881600618362	
-0.086805060505867	0.0575803816318512	0.45769390463829	0.483403086662292	
-0.0632731318473816	0.0577692314982414	0.462700724601746	0.556379377841949	
-0.0404527895152569	0.0495880618691444	0.463524371385574	0.623809099197388	
-0.0206587761640549	0.0344673879444599	0.458046674728394	0.684524834156036	
-0.00565097900107503	0.0146855534985662	0.44452241063118	0.73808890581131	
0.00356797012500465	-0.00699602393433452	0.421775609254837	0.784624695777893	
0.00684227049350739	-0.027757877483964	0.389328062534332	0.82462477684021	
0.00482958229258657	-0.0451378673315048	0.347442120313644	0.858770787715912	
-0.0011466700816527	-0.0573707222938538	0.297071009874344	0.887787163257599	
-0.00933350808918476	-0.0636005476117134	0.239721775054932	0.912337362766266	
-0.0178343839943409	-0.0639380440115929	0.177250146865845	0.932959377765656	
-0.0248995944857597	-0.0593614801764488	0.111615784466267	0.950032114982605	
-0.0291765257716179	-0.0514861978590488	0.0446342900395393	0.963760375976563	
-0.0298829544335604	-0.0422486066818237	-0.0222373120486736	0.974170804023743	
-0.0268802214413881	-0.0335622243583202	-0.0880491882562637	0.981114745140076	
-0.0206400025635958	-0.0270048882812262	-0.152419373393059	0.984280228614807	
-0.0121158342808485	-0.0235874932259321	-0.215498328208923	0.983218252658844	
-0.0025455211289227	-0.0236374884843826	-0.277844667434692	0.977389752864838	
0.00677925581112504	-0.0268085617572069	-0.340234279632568	0.966234266757965	
0.0147361671552062	-0.0322053730487823	-0.403435349464417	0.949258029460907	
0.0205514449626207	-0.0385929867625237	-0.467988252639771	0.926129698753357	
0.023907482624054	-0.0446479059755802	-0.534027338027954	0.896767616271973	
0.0249647554010153	-0.049203485250473	-0.601175010204315	0.861400008201599	
0.0242993179708719	-0.0514467619359493	-0.668525755405426	0.820580780506134	
0.0227716118097305	-0.0510356649756432	-0.734722137451172	0.775151252746582	
0.0213532540947199	-0.0481220446527004	-0.798110127449036	0.72614848613739	
0.0209444426000118	-0.0432838872075081	-0.856946408748627	0.674672186374664	
0.0222143866121769	-0.0373862907290459	-0.909622251987457	0.621733129024506	
0.0254914332181215	-0.0314020402729511	-0.954868137836456	0.568113446235657	
0.030719269067049	-0.0262275524437428	-0.991903424263	0.514267861843109	
0.0374830402433872	-0.0225279275327921	-1.02050912380219	0.460291266441345	
0.04509661719203	-0.0206368155777454	-1.04101312160492	0.405964225530624	
0.0527319088578224	-0.0205246098339558	-1.05419278144836	0.350873112678528	
0.0595648214221001	-0.0218347925692797	-1.06111335754395	0.294584780931473	
0.0649111494421959	-0.0239757485687733	-1.06293225288391	0.236842289566994	
0.0683291852474213	-0.0262462142854929	-1.06070125102997	0.177740752696991	
0.0696734488010406	-0.0279682632535696	-1.05520081520081	0.117843486368656	
0.0690939128398895	-0.0286027882248163	-1.04683172702789	0.058207631111145	
0.0669853612780571	-0.027828112244606	-1.03558111190796	0.000305552792269737	
0.0639002397656441	-0.0255711544305086	-1.02106285095215	-0.0541512258350849	
0.060444101691246	-0.0219907015562057	-1.00262463092804	-0.103457778692245	
0.0571742095053196	-0.0174214020371437	-0.979499340057373	-0.146187052130699	
0.0545195713639259	-0.0122937522828579	-0.950974702835083	-0.181434035301208	
0.0527348071336746	-0.00704825250431895	-0.916551768779755	-0.208981975913048	
0.0518926344811916	-0.00206092069856822	-0.87606817483902	-0.229352056980133	
0.0519116036593914	0.00240692915394902	-0.829767227172852	-0.243718862533569	
0.0526090227067471	0.00622823182493448	-0.778305530548096	-0.253699451684952	
0.0537647940218449	0.00939971953630447	-0.722700953483582	-0.26104936003685	
0.0551810339093208	0.0120083475485444	-0.664233207702637	-0.267318993806839	
0.0567245632410049	0.0141855413094163	-0.604313790798187	-0.273534506559372	
0.0583444237709045	0.0160614810883999	-0.54434734582901	-0.27996551990509	
0.0600627511739731	0.0177301224321127	-0.485603421926498	-0.286028683185577	
0.0619436465203762	0.0192318558692932	-0.429115414619446	-0.290352046489716	
0.0640496388077736	0.0205557439476252	-0.3756163418293	-0.290995210409164	
0.0663977563381195	0.0216583125293255	-0.325514256954193	-0.285791426897049	
0.0689270570874214	0.0224919654428959	-0.278904587030411	-0.272752434015274	
0.0714863315224648	0.0230342391878366	-0.235610693693161	-0.250463932752609	
0.0738459378480911	0.0233093369752169	-0.195242196321487	-0.218399092555046	
0.0757318884134293	0.0233958065509796	-0.15726026892662	-0.177089855074883	
0.0768752470612526	0.0234178863465786	-0.121040247380733	-0.128122508525848	
0.0770660191774368	0.0235222484916449	-0.0859257578849792	-0.073953665792942	
0.0761997848749161	0.0238455161452293	-0.0512713007628918	-0.0175770353525877	
-0.0743065401911736	-0.0244801715016365	0.0164735745638609	-0.0379016883671284	
-0.0715550482273102	-0.0254469588398933	-0.0190061461180449	-0.0897074788808823	
-0.0682311058044434	-0.0266804564744234	-0.0556255914270878	-0.135778456926346	
-0.0646937862038612	-0.0280315428972244	-0.0937483683228493	-0.175021708011627	
-0.0613181963562965	-0.0292868316173553	-0.133632764220238	-0.207399696111679	
-0.058436319231987	-0.0302014779299498	-0.175422593951225	-0.233835503458977	
-0.0562875494360924	-0.0305390097200871	-0.219141438603401	-0.25595885515213	
-0.0549885742366314	-0.0301105137914419	-0.264692574739456	-0.275743007659912	
-0.0545278862118721	-0.0288058500736952	-0.311866223812103	-0.295101910829544	
-0.0547849498689175	-0.0266114436089993	-0.360354781150818	-0.315521717071533	
-0.055568765848875	-0.0236121080815792	-0.409775912761688	-0.337792694568634	
-0.0566665902733803	-0.0199775490909815	-0.459700495004654	-0.361885488033295	
-0.057891521602869	-0.0159371364861727	-0.509682595729828	-0.386987656354904	
-0.0591184161603451	-0.0117482794448733	-0.559287190437317	-0.411684393882751	
-0.0603003241121769	-0.00766442669555545	-0.608112752437592	-0.434240996837616	
-0.0614625625312328	-0.00390784768387675	-0.655805468559265	-0.452926218509674	
-0.0626766383647919	-0.000650639471132308	-0.702065825462341	-0.466310948133469	
-0.0640212744474411	0.00199486897327006	-0.746648073196411	-0.473484545946121	
-0.0655407905578613	0.00397727591916919	-0.789354264736176	-0.474150687456131	
-0.0672120004892349	0.00530127622187138	-0.830027461051941	-0.468590676784515	
-0.0689289197325706	0.00601980509236455	-0.868544578552246	-0.457511305809021	
-0.0705104768276215	0.00622564228251576	-0.904811322689056	-0.441816180944443	
-0.0717308521270752	0.00604375544935465	-0.938758254051208	-0.42235603928566	
-0.0723666325211525	0.00562415784224868	-0.970336496829987	-0.39971449971199	
-0.0722500830888748	0.00513384258374572	-0.999509513378143	-0.374076634645462	
-0.0713158026337624	0.0047458685003221	-1.02623987197876	-0.345208287239075	
-0.0696284547448158	0.00462418654933572	-1.0504686832428	-0.312548071146011	
-0.0673826858401299	0.00490424735471606	-1.07208907604218	-0.27538937330246	
-0.0648721903562546	0.00567145738750696	-1.09091889858246	-0.233108550310135	
-0.0624319352209568	0.00694158254191279	-1.1066769361496	-0.185386717319489	
-0.0603638775646687	0.00864849239587784	-1.11897194385529	-0.132372260093689	
-0.0588617101311684	0.0106446826830506	-1.12731075286865	-0.0747461095452309	
-0.0579517409205437	0.0127184092998505	-1.13113081455231	-0.013672236353159	
-0.0574653670191765	0.0146281747147441	-1.12985587120056	0.0493576787412167	
-0.0570531785488129	0.0161511432379484	-1.12297177314758	0.11275265365839	
-0.0562427677214146	0.0171378087252378	-1.11010956764221	0.175074189901352	
-0.0545331314206123	0.0175618473440409	-1.09112274646759	0.235255554318428	
-0.0515098460018635	0.0175527092069387	-1.06613922119141	0.292738974094391	
-0.0469591654837132	0.0173996705561876	-1.03557550907135	0.347498655319214	
-0.0409568957984447	0.0175202339887619	-1.00010025501251	0.399942874908447	
-0.0339102484285831	0.0183922201395035	-0.960547506809235	0.450714915990829	
-0.0265379697084427	0.0204568151384592	-0.917786121368408	0.500437557697296	
-0.0197845380753279	0.0240075066685677	-0.872565090656281	0.5494584441185	
-0.0146765345707536	0.0290857031941414	-0.825360894203186	0.597657203674316	
-0.0121412575244904	0.0354062020778656	-0.776258647441864	0.644362270832062	
-0.0128167765215039	0.042333610355854	-0.724895238876343	0.688402831554413	
-0.0168871767818928	0.0489240698516369	-0.670488059520721	0.728292286396027	
-0.0239754803478718	0.0540359169244766	-0.611956775188446	0.76250821352005	
-0.0331195220351219	0.056499969214201	-0.54813289642334	0.789810061454773	
-0.0428437665104866	0.055327046662569	-0.478030532598495	0.80952513217926	
-0.051324687898159	0.0499199032783508	-0.40113964676857	0.821733117103577	
-0.0566311925649643	0.0402513593435287	-0.317691117525101	0.827300250530243	
-0.0570078007876873	0.026971323415637	-0.228842616081238	0.82774156332016	
-0.0511588044464588	0.0114137185737491	-0.136740043759346	0.824929356575012	
-0.0384889058768749	-0.00451125996187329	-0.044426217675209	0.820696890354156	
-0.0192600507289171	-0.0185353551059961	0.0444090664386749	0.816418051719666	
0.00536483898758888	-0.0283368304371834	0.125816836953163	0.812650859355927	
0.0334043428301811	-0.0318897850811481	0.19606851041317	0.808929085731506	
0.0622615702450275	-0.0278047751635313	0.252160578966141	0.803760588169098	
0.0890236794948578	-0.0156040145084262	0.292267143726349	0.794852137565613	
0.11081850528717	0.00411940319463611	0.316064208745956	0.779534578323364	
0.125179603695869	0.0296931937336922	0.324863284826279	0.755318760871887	
0.130368769168854	0.0585208833217621	0.321517735719681	0.72048020362854	
0.12561047077179	0.0873862653970718	0.310098111629486	0.674554049968719	
0.11120518296957	0.11286810785532	0.295369803905487	0.618633270263672	
0.088505320250988	0.131805613636971	0.282139003276825	0.555390000343323	
0.0597574524581432	0.141744375228882	0.274558454751968	0.488790601491928	
0.0278326533734798	0.14129239320755	0.275495797395706	0.42353144288063	
-0.00411765510216355	0.130328252911568	0.286063969135284	0.364279359579086	
-0.0330336168408394	0.110025353729725	0.305392622947693	0.314844608306885	
-0.0562972538173199	0.0826853513717651	0.330686926841736	0.277436971664429	
-0.0720163285732269	0.0514044240117073	0.357577562332153	0.252151966094971	
-0.0792074203491211	0.0196235310286283	0.380722910165787	0.236801147460938	
-0.0778589099645615	-0.00936685316264629	0.394583016633987	0.227146089076996	
-0.0688715800642967	-0.0328894145786762	0.394258320331573	0.217525094747543	
-0.0538906306028366	-0.0492372661828995	0.376271635293961	0.201790332794189	
-0.0350569561123848	-0.0578706376254559	0.339177787303925	0.174411594867706	
-0.0147141590714455	-0.0594247728586197	0.283908098936081	0.131564259529114	
0.00488837575539947	-0.0555324628949165	0.213793143630028	0.0720110014081001	
0.0218582171946764	-0.0484954863786697	0.134253621101379	-0.00238889618776739	
0.0348571762442589	-0.0408639535307884	0.0521965250372887	-0.0866530537605286	
0.043212465941906	-0.0349967703223228	-0.0248038172721863	-0.173166662454605	
0.0469335280358791	-0.0326777696609497	-0.089429959654808	-0.252638846635818	
0.0466388836503029	-0.0348504409193993	-0.135526031255722	-0.315393328666687	
0.0434085913002491	-0.0415116623044014	-0.158862203359604	-0.35280168056488	
0.0385861471295357	-0.0517757646739483	-0.157658725976944	-0.358636975288391	
0.0335587486624718	-0.0640896484255791	-0.132804498076439	-0.330132126808167	
0.0295456144958735	-0.0765534639358521	-0.0877473428845406	-0.268568515777588	
0.0274217426776886	-0.0872838422656059	-0.0280784945935011	-0.179291412234306	
0.0275986678898335	-0.0947510674595833	0.0391266830265522	-0.0711378455162048	
-0.0262163523584604	0.0922106727957726	-0.0400660298764706	0.0744012743234634	
-0.0284468047320843	0.0953339859843254	-0.107264310121536	-0.0409154817461967	
-0.0321946367621422	0.0940209031105042	-0.16673281788826	-0.151830524206161	
-0.0365331992506981	0.0888103917241096	-0.211869060993195	-0.246778801083565	
-0.0403134189546108	0.080786868929863	-0.237693816423416	-0.316275060176849	
-0.0423442833125591	0.0713098794221878	-0.241274565458298	-0.354087203741074	
-0.0415853448212147	0.0617012642323971	-0.221894502639771	-0.357938915491104	
-0.037326492369175	0.05295480042696	-0.180968046188354	-0.329650163650513	
-0.0293307825922966	0.0455278307199478	-0.121734909713268	-0.274712532758713	
-0.0179197303950787	0.0392575785517693	-0.048789270222187	-0.201380431652069	
-0.00398641265928745	0.0334197282791138	0.0324858538806438	-0.119428098201752	
0.0110698854550719	0.0269181132316589	0.116505645215511	-0.0387668460607529	
0.025484150275588	0.0185679625719786	0.198025211691856	0.03187295794487	
0.0373277924954891	0.00741560151800513	0.272583484649658	0.0860106572508812	
0.0447498597204685	-0.00697089685127139	0.336815714836121	0.120098933577538	
0.0462276674807072	-0.0243015494197607	0.388620287179947	0.133752316236496	
0.0407937206327915	-0.0435001328587532	0.427184700965881	0.129523426294327	
0.0282064378261566	-0.0627959594130516	0.452888339757919	0.112296514213085	
0.00903759337961674	-0.0799626633524895	0.467109501361847	0.0884190574288368	
-0.0153410602360964	-0.0926664397120476	0.471968561410904	0.0647201761603355	
-0.0428765341639519	-0.0988645479083061	0.470037370920181	0.0475671142339706	
-0.0710488259792328	-0.0971833467483521	0.464043408632278	0.0420897267758846	
-0.0971565619111061	-0.0872068032622337	0.456591665744781	0.051663551479578	
-0.118638657033443	-0.0696205124258995	0.449921995401382	0.0776926800608635	
-0.133389383554459	-0.0461805090308189	0.445716321468353	0.119683474302292	
-0.140023604035378	-0.019506411626935	0.444965064525604	0.175557419657707	
-0.138053894042969	0.00727103324607015	0.44790056347847	0.242122679948807	
-0.127952888607979	0.0309524089097977	0.454000473022461	0.315611779689789	
-0.111089795827866	0.0487304888665676	0.462061375379562	0.392197370529175	
-0.0895482376217842	0.0585944578051567	0.470337420701981	0.468416541814804	
-0.0658496841788292	0.0596118755638599	0.476733177900314	0.541461169719696	
-0.0426212474703789	0.0520435012876987	0.479033201932907	0.609320282936096	
-0.0222549233585596	0.0372743979096413	0.47514620423317	0.670787811279297	
-0.00660696718841791	0.0175753645598888	0.463336288928986	0.725366413593292	
0.00321999285370111	-0.00426333164796233	0.442415028810501	0.773109257221222	
0.0069821011275053	-0.0253638606518507	0.411868572235107	0.814439117908478	
0.00527396472170949	-0.0431870929896832	0.371903359889984	0.849978446960449	
-0.000610603136010468	-0.0558852143585682	0.323401987552643	0.880410611629486	
-0.00891221594065428	-0.0625272542238235	0.267794758081436	0.90637993812561	
-0.0176953803747892	-0.0631672814488411	0.206863403320313	0.928427338600159	
-0.0251475777477026	-0.058752566576004	0.14250536262989	0.946952879428864	
-0.0298416540026665	-0.0508957020938396	0.076492540538311	0.962194800376892	
-0.0309224631637335	-0.0415563620626926	0.0102608352899551	0.97421669960022	
-0.0281922295689583	-0.0326909720897675	-0.0552379824221134	0.982902646064758	
-0.0220862794667482	-0.025930805131793	-0.119599796831608	0.98796147108078	
-0.0135489264503121	-0.0223404802381992	-0.182938262820244	0.988948404788971	
-0.0038351824041456	-0.0222920030355453	-0.245767876505852	0.985309183597565	
0.0057250102981925	-0.0254672896116972	-0.308820486068726	0.97644966840744	
0.0139587400481105	-0.0309791695326567	-0.37282720208168	0.961827099323273	
0.0200396534055471	-0.0375809371471405	-0.438302546739578	0.941050946712494	
0.0236054565757513	-0.0439210869371891	-0.50536835193634	0.913976490497589	
0.024787500500679	-0.0487951003015041	-0.573646724224091	0.880771100521088	
0.0241524744778872	-0.0513500273227692	-0.642240643501282	0.841935634613037	
0.0225712824612856	-0.0512093082070351	-0.709805309772491	0.798269987106323	
0.0210421178489923	-0.0485018528997898	-0.774697661399841	0.750783562660217	
0.020501222461462	-0.0437977574765682	-0.835178434848785	0.700562298297882	
0.0216552596539259	-0.0379696674644947	-0.889633357524872	0.648615598678589	
0.0248635560274124	-0.0320107154548168	-0.936775386333466	0.595733940601349	
0.0300881490111351	-0.0268454980105162	-0.975795865058899	0.542386770248413	
0.0369165949523449	-0.0231688097119331	-1.00643968582153	0.488686770200729	
0.0446492545306683	-0.0213391799479723	-1.02899491786957	0.434432566165924	
0.0524318069219589	-0.0213419105857611	-1.04419922828674	0.379226595163345	
0.0594068765640259	-0.0228224284946918	-1.05308330059052	0.322648763656616	
0.0648567378520966	-0.0251777432858944	-1.05677688121796	0.264451861381531	
0.0683126300573349	-0.0276842173188925	-1.05631279945374	0.204738199710846	
0.0696137249469757	-0.0296350121498108	-1.05246043205261	0.144076704978943	
0.068909153342247	-0.0304612815380096	-1.04561626911163	0.083529956638813	
0.0666073188185692	-0.0298165734857321	-1.0357654094696	0.024577034637332	
0.0632859990000725	-0.0276128295809031	-1.02252066135406	-0.0310614798218012	
0.0595828592777252	-0.0240065325051546	-1.00522589683533	-0.0816684439778328	
0.0560880973935127	-0.0193431619554758	-0.983107507228851	-0.125801131129265	
0.0532585754990578	-0.0140751572325826	-0.95544296503067	-0.162535488605499	
0.0513669848442078	-0.00867194961756468	-0.921721994876862	-0.191632866859436	
0.0504915975034237	-0.00354010262526572	-0.881771922111511	-0.21359047293663	
0.0505437068641186	0.00103254185523838	-0.835829973220825	-0.229557856917381	
0.0513225868344307	0.00490123219788074	-0.784553647041321	-0.241127118468285	
0.0525831691920757	0.00805697590112686	-0.72897070646286	-0.250030070543289	
0.0541005022823811	0.0105938343331218	-0.670379817485809	-0.257795602083206	
0.0557171702384949	0.0126616461202502	-0.610219836235046	-0.265431433916092	
0.0573648102581501	0.0144167253747582	-0.549928069114685	-0.273192495107651	
0.0590574890375137	0.0159819088876247	-0.490808755159378	-0.280484825372696	
0.060861200094223	0.0174237973988056	-0.433928102254868	-0.28592973947525	
0.0628490746021271	0.0187501441687346	-0.380046308040619	-0.287583738565445	
0.0650547817349434	0.0199252124875784	-0.329590946435928	-0.283279836177826	
0.0674365311861038	0.0208968203514814	-0.282667994499207	-0.271031379699707	
0.069861151278019	0.0216264575719833	-0.239103347063065	-0.249426618218422	
0.0721128880977631	0.022113773971796	-0.198503196239471	-0.217941030859947	
0.0739255771040916	0.0224086754024029	-0.160322472453117	-0.1771080493927	
0.0750313848257065	0.0226077679544687	-0.123930983245373	-0.128513932228088	
0.0752154141664505	0.0228359363973141	-0.0886705070734024	-0.0746137648820877	
0.0743640214204788	0.023217560723424	-0.0538994036614895	-0.0183985251933336	
-0.0724959224462509	-0.0238443668931723	0.0190245229750872	-0.0370294004678726	
-0.0697688087821007	-0.0247477013617754	-0.0164774525910616	-0.0888980105519295	
-0.0664595738053322	-0.0258819609880447	-0.0530459582805634	-0.135147303342819	
-0.0629216581583023	-0.0271233655512333	-0.0910266786813736	-0.174684375524521	
-0.0595282651484013	-0.0282848235219717	-0.130663827061653	-0.207469433546066	
-0.0566127523779869	-0.0291441306471825	-0.172094032168388	-0.234421119093895	
-0.054418321698904	-0.0294799786061049	-0.215342596173286	-0.257162868976593	
-0.0530668050050735	-0.0291087683290243	-0.260323911905289	-0.277660757303238	
-0.0525521636009216	-0.0279152598232031	-0.306847780942917	-0.297821491956711	
-0.0527590103447437	-0.025871692225337	-0.354632437229156	-0.319125205278397	
-0.0535008870065212	-0.0230424739420414	-0.40332442522049	-0.342357814311981	
-0.0545690730214119	-0.0195746421813965	-0.45252326130867	-0.367487877607346	
-0.0557804852724075	-0.0156768187880516	-0.501808404922485	-0.393702954053879	
-0.0570138357579708	-0.0115913925692439	-0.550764918327332	-0.4195896089077	
-0.0582261234521866	-0.00756518356502056	-0.599005222320557	-0.443414837121964	
-0.0594463497400284	-0.00382336624898016	-0.646183788776398	-0.463447958230972	
-0.0607487633824348	-0.00054993003141135	-0.692005395889282	-0.478258103132248	
-0.0622128844261169	0.00212402199395001	-0.736226320266724	-0.486929267644882	
-0.0638809353113174	0.00412469264119864	-0.778651595115662	-0.489155381917953	
-0.0657240077853203	0.00543458992615342	-0.819129049777985	-0.485203742980957	
-0.0676265582442284	0.00608842121437192	-0.85754406452179	-0.475762963294983	
-0.0693946033716202	0.00616775453090668	-0.893814265727997	-0.461715549230576	
-0.0707873553037643	0.00579524831846356	-0.927884817123413	-0.443889260292053	
-0.0715661570429802	0.00512798083946109	-0.959722220897675	-0.42284420132637	
-0.0715499147772789	0.00434841448441148	-0.989304542541504	-0.39874267578125	
-0.0706638693809509	0.00365130184218287	-1.016606092453	-0.371329456567764	
-0.0689689666032791	0.00322551350109279	-1.04157555103302	-0.340024322271347	
-0.0666625946760178	0.00323132798075676	-1.06410932540894	-0.304104119539261	
-0.0640476271510124	0.00377576169557869	-1.08402407169342	-0.262931078672409	
-0.0614735074341297	0.00489046750590205	-1.10103416442871	-0.216174200177193	
-0.0592601783573627	0.00651789316907525	-1.11474204063416	-0.163971722126007	
-0.0576205365359783	0.00851125549525023	-1.12464714050293	-0.106996349990368	
-0.0565990097820759	0.0106521137058735	-1.13017892837524	-0.0464059934020042	
-0.0560421161353588	0.0126860700547695	-1.13075220584869	0.0163111034780741	
-0.0556112788617611	0.0143729140982032	-1.12584149837494	0.0795644000172615	
-0.0548401549458504	0.0155431795865297	-1.11506223678589	0.141912624239922	
-0.0532292574644089	0.0161498170346022	-1.09824526309967	0.202283278107643	
-0.0503618121147156	0.0163022857159376	-1.07548701763153	0.26011073589325	
-0.0460187271237373	0.016271760687232	-1.04716324806213	0.315360754728317	
-0.0402680486440659	0.0164603069424629	-1.01389288902283	0.368434488773346	
-0.0335069969296455	0.0173335447907448	-0.976453602313995	0.419971942901611	
-0.0264417361468077	0.0193241387605667	-0.935656130313873	0.470598310232162	
-0.0200008079409599	0.0227212570607662	-0.892194807529449	0.520670831203461	
-0.0151907131075859	0.0275668539106846	-0.846501767635345	0.570085883140564	
-0.0129141770303249	0.0335819013416767	-0.798633217811584	0.618194460868835	
-0.0137807875871658	0.0401436164975166	-0.748217403888702	0.663850724697113	
-0.0179441310465336	0.0463277734816074	-0.694484710693359	0.705590963363647	
-0.0249980371445417	0.0510195307433605	-0.636389017105103	0.7419074177742	
-0.0339569784700871	0.0530831143260002	-0.572812378406525	0.771560728549957	
-0.043333075940609	0.0515677928924561	-0.502829253673553	0.793860018253326	
-0.0513063743710518	0.0459173060953617	-0.42599093914032	0.808844447135925	
-0.0559689961373806	0.0361443907022476	-0.342581480741501	0.817316651344299	
-0.0556096695363522	0.022933604195714	-0.253795146942139	0.820707201957703	
-0.0489962883293629	0.00764367869123816	-0.161791682243347	0.8207888007164	
-0.0356116145849228	-0.00780449295416474	-0.0696020796895027	0.819288432598114	
-0.0158020444214344	-0.0211494583636522	0.0191205143928528	0.817476987838745	
0.00918890163302422	-0.0300956889986992	0.100483983755112	0.8158238530159	
0.0373142175376415	-0.0326628051698208	0.170829057693481	0.813798367977142	
0.0659367591142654	-0.0275238715112209	0.227224200963974	0.80987548828125	
0.0921365097165108	-0.0142759969457984	0.26790788769722	0.801764607429504	
0.11307093501091	0.0064070001244545	0.292603313922882	0.786834061145782	
0.126338735222816	0.0327741913497448	0.302644848823547	0.762662827968597	
0.130295887589455	0.0621609725058079	0.300880461931229	0.727616012096405	
0.124279074370861	0.0913014560937881	0.291346788406372	0.681329071521759	
0.108704939484596	0.116749569773674	0.278750151395798	0.624993622303009	
0.0850308835506439	0.135348588228226	0.267818599939346	0.561367154121399	
0.0555833615362644	0.144677877426147	0.262615978717804	0.494478821754456	
0.0232777893543243	0.143406510353088	0.265918970108032	0.429059624671936	
-0.00873091816902161	0.131495475769043	0.278755784034729	0.369781374931335	
-0.0374195501208305	0.110213525593281	0.300184071063995	0.320432394742966	
-0.0602402091026306	0.0819601863622665	0.327354192733765	0.283180236816406	
-0.0753925442695618	0.0499211549758911	0.355861037969589	0.258066684007645	
-0.0819922238588333	0.0176085606217384	0.380345672369003	0.242847770452499	
-0.0801186636090279	-0.011642238125205	0.395267099142075	0.233236744999886	
-0.0707421973347664	-0.0351399704813957	0.395737648010254	0.223537504673004	
-0.0555468499660492	-0.051195502281189	0.378301322460175	0.207585483789444	
-0.0366777405142784	-0.0593152604997158	0.34154012799263	0.179851606488228	
-0.0164502952247858	-0.0602022148668766	0.286415964365005	0.136527329683304	
0.00293902214616537	-0.0555687993764877	0.216291725635529	0.0764010176062584	
0.0196638852357864	-0.0477974005043507	0.136621251702309	0.00136112305335701	
0.0324520654976368	-0.0395089387893677	0.0543451085686684	-0.0835833624005318	
0.0406839735805988	-0.033114317804575	-0.0229287575930357	-0.170797914266586	
0.0443998277187347	-0.0304246582090855	-0.0878498330712318	-0.25098067522049	
0.0442215539515018	-0.0323840342462063	-0.134230822324753	-0.314452260732651	
0.0412056967616081	-0.0389654450118542	-0.157813683152199	-0.352585643529892	
0.0366510935127735	-0.0492409653961658	-0.156795516610146	-0.359154641628265	
0.0318887792527676	-0.0616057813167572	-0.132048889994621	-0.3313869535923	
0.0280821062624454	-0.0741091817617416	-0.0870134085416794	-0.270548045635223	
0.0260619428008795	-0.0848277807235718	-0.0272806007415056	-0.18195429444313	
0.0262163523584604	-0.0922106727957726	0.0400660298764706	-0.0744012743234634	
-0.0248020980507135	0.0895579382777214	-0.0409565605223179	0.0775740593671799	
-0.0268726646900177	0.0924923196434975	-0.108352966606617	-0.0372799932956696	
-0.0303624887019396	0.0909541323781013	-0.168064936995506	-0.147907704114914	
-0.034393310546875	0.0855294018983841	-0.213471651077271	-0.242791324853897	
-0.0378743074834347	0.0773601233959198	-0.239577814936638	-0.31247940659523	
-0.0396707653999329	0.0678635239601135	-0.243439361453056	-0.350752621889114	
-0.0387850664556026	0.0584081336855888	-0.224333241581917	-0.355321109294891	
-0.0345275737345219	0.0500133857131004	-0.183672085404396	-0.327964156866074	
-0.0266549959778786	0.0431341156363487	-0.124696381390095	-0.274108499288559	
-0.0154565926641226	0.037574015557766	-0.0520003512501717	-0.201926901936531	
-0.00177355343475938	0.0325462557375431	0.0290370509028435	-0.121105827391148	
0.0130559094250202	0.0268701985478401	0.112842157483101	-0.0414747260510921	
0.0273243524134159	0.0192656479775906	0.194189980626106	0.0282999631017447	
0.0391447655856609	0.00868606846779585	0.268647968769073	0.0817739889025688	
0.0466819517314434	-0.00537680787965655	0.332886278629303	0.11540313065052	
0.0483980141580105	-0.0226805731654167	0.384840548038483	0.128770992159843	
0.0432799831032753	-0.0421592742204666	0.423732548952103	0.124369725584984	
0.0310171190649271	-0.0620118491351604	0.449967116117477	0.107002839446068	
0.012099870480597	-0.0799433961510658	0.46493461728096	0.0829293802380562	
-0.0121790915727615	-0.0935216397047043	0.470750451087952	0.05889642983675	
-0.0398288518190384	-0.100588209927082	0.469964116811752	0.0412089265882969	
-0.0683620572090149	-0.0996522381901741	0.465265572071075	0.0349647402763367	
-0.0950728133320808	-0.090194933116436	0.459211707115173	0.0435438975691795	
-0.117356762290001	-0.0728277117013931	0.45399084687233	0.0683922469615936	
-0.133031278848648	-0.0492711961269379	0.451237499713898	0.109090454876423	
-0.140611603856087	-0.022152965888381	0.451906234025955	0.163657456636429	
-0.139503061771393	0.00534654455259442	0.456210553646088	0.229009345173836	
-0.130079999566078	0.0299439765512943	0.463629007339478	0.30148309469223	
-0.11363772302866	0.0487262085080147	0.47297802567482	0.377339154481888	
-0.0922217667102814	0.0595696680247784	0.482546538114548	0.453175604343414	
-0.0683570504188538	0.0614379569888115	0.490281611680984	0.52621203660965	
-0.0447146035730839	0.0545105040073395	0.494009464979172	0.594431042671204	
-0.0237633027136326	0.0401236787438393	0.491670370101929	0.656589448451996	
-0.00745655549690127	0.0205370094627142	0.481542527675629	0.7121302485466	
0.00300116674043238	-0.00143403641413897	0.462428599596024	0.761034727096558	
0.00727533083409071	-0.0228562261909246	0.433781504631042	0.803653120994568	
0.00589448399841785	-0.0411152839660645	0.395752340555191	0.840545535087585	
0.000119891366921365	-0.0542812496423721	0.34915217757225	0.872351050376892	
-0.00828507822006941	-0.0613469816744328	0.295331865549088	0.899692535400391	
-0.0173475407063961	-0.0623074807226658	0.235995605587959	0.923112750053406	
-0.0251926369965076	-0.0580756738781929	0.17297451198101	0.943033754825592	
-0.0303179994225502	-0.0502576567232609	0.107992894947529	0.959729015827179	
-0.0317938737571239	-0.0408328212797642	0.042462345212698	0.973302662372589	
-0.0293609257787466	-0.0317977331578732	-0.0226654466241598	0.983675539493561	
-0.0234153233468533	-0.0248355083167553	-0.086964875459671	0.990581572055817	
-0.0148894060403109	-0.0210643373429775	-0.150512188673019	0.993583738803864	
-0.00505307735875249	-0.0209019966423512	-0.213775992393494	0.992115259170532	
0.00472700782120228	-0.0240610092878342	-0.27744197845459	0.985549449920654	
0.013227959163487	-0.0296654775738716	-0.342201739549637	0.973293960094452	
0.0195704586803913	-0.0364602208137512	-0.408542275428772	0.954897046089172	
0.0233462788164616	-0.0430686734616756	-0.476571947336197	0.930147767066956	
0.024655794724822	-0.0482505895197392	-0.545912861824036	0.899149000644684	
0.0240541584789753	-0.0511140525341034	-0.615678310394287	0.862344801425934	
0.0224206447601318	-0.0512478277087212	-0.684538602828979	0.820490717887878	
0.0207782909274101	-0.0487565696239471	-0.750864803791046	0.774566352367401	
0.0200982876121998	-0.044200349599123	-0.812925577163696	0.72564297914505	
0.0211244020611048	-0.0384567864239216	-0.869104146957397	0.674728989601135	
0.0242473594844341	-0.0325368568301201	-0.918098628520966	0.622624337673187	
0.0294486302882433	-0.0273912493139505	-0.959073722362518	0.569815099239349	
0.0363197140395641	-0.0237431526184082	-0.991738677024841	0.516433596611023	
0.0441492013633251	-0.0219756104052067	-1.01634049415588	0.462298005819321	
0.0520582497119904	-0.0220893807709217	-1.03357565402985	0.407027542591095	
0.0591575913131237	-0.023733127862215	-1.04443728923798	0.350214958190918	
0.0646969676017761	-0.0262942425906658	-1.05002522468567	0.291621714830399	
0.0681809931993484	-0.0290285851806402	-1.05135083198547	0.231355339288712	
0.0694334208965302	-0.0312020573765039	-1.04917097091675	0.169987976551056	
0.0686020329594612	-0.0322172157466412	-1.04387593269348	0.108585320413113	
0.0661080628633499	-0.0317033417522907	-1.03544914722443	0.0486310496926308	
0.0625536441802979	-0.0295572187751532	-1.02350223064423	-0.00814655516296625	
0.0586076304316521	-0.0259322710335255	-1.0073766708374	-0.0600186623632908	
0.0548923537135124	-0.0211836826056242	-0.986292481422424	-0.105526506900787	
0.0518919415771961	-0.015784565359354	-0.959518194198608	-0.143725872039795	
0.0498967915773392	-0.0102321403101087	-0.926532387733459	-0.174354612827301	
0.0489905811846256	-0.00496269064024091	-0.887151777744293	-0.19788421690464	
0.0490773729979992	-0.000290198426228017	-0.841606676578522	-0.215437650680542	
0.0499384962022305	0.00362282036803663	-0.790554106235504	-0.228580951690674	
0.0513040535151958	0.0067611807025969	-0.735030055046082	-0.239021703600883	
0.0529221519827843	0.00922532659024	-0.676350593566895	-0.248267456889153	
0.0546112060546875	0.011182714253664	-0.61598014831543	-0.257308274507523	
0.0562855005264282	0.0128150871023536	-0.555387854576111	-0.266385465860367	
0.057951096445322	0.0142736863344908	-0.495912194252014	-0.274895578622818	
0.0596759431064129	0.0156511459499598	-0.438652187585831	-0.281454145908356	
0.0615439228713512	0.0169740170240402	-0.384396135807037	-0.284115105867386	
0.0636055693030357	0.0182146374136209	-0.333592087030411	-0.280711114406586	
0.0658385381102562	0.0193166863173246	-0.286357939243317	-0.26925665140152	
0.0681280195713043	0.0202260483056307	-0.242523327469826	-0.248341456055641	
0.0702725052833557	0.0209181308746338	-0.201692059636116	-0.217442080378532	
0.0720139071345329	0.0214143227785826	-0.163313493132591	-0.177092134952545	
0.073085643351078	0.0217835195362568	-0.126752093434334	-0.128876864910126	
0.0732679069042206	0.022128576412797	-0.0913476124405861	-0.0752492845058441	
0.072437658905983	0.0225613173097372	-0.0564618371427059	-0.0191975980997086	
-0.0706019774079323	-0.0231724437326193	0.0215111766010523	-0.0361785553395748	
-0.0679070502519608	-0.0240037608891726	-0.0140128144994378	-0.0881092250347137	
-0.0646203011274338	-0.0250295717269182	-0.0505316033959389	-0.134535029530525	
-0.0610890835523605	-0.0261517614126205	-0.0883729755878448	-0.174361795186996	
-0.0576842427253723	-0.0272100530564785	-0.127766758203506	-0.207546383142471	
-0.0547402426600456	-0.0280055236071348	-0.16884171962738	-0.235002174973488	
-0.0525039695203304	-0.0283326804637909	-0.211623981595039	-0.258346080780029	
-0.0511024184525013	-0.0280137490481138	-0.256038039922714	-0.27953714132309	
-0.0505352020263672	-0.0269286818802357	-0.301912277936935	-0.300475478172302	
-0.0506923124194145	-0.0250354986637831	-0.348989874124527	-0.32263594865799	
-0.0513921082019806	-0.0223778896033764	-0.39694556593895	-0.346801102161407	
-0.0524301342666149	-0.019079627469182	-0.445407092571259	-0.372938364744186	
-0.053627286106348	-0.0153278652578592	-0.493979156017303	-0.400235921144485	
-0.0548661947250366	-0.0113492272794247	-0.54226690530777	-0.427282214164734	
-0.0561077557504177	-0.00738328881561756	-0.58989679813385	-0.45234602689743	
-0.0573845393955708	-0.0036577598657459	-0.63653177022934	-0.473697334527969	
-0.0587733201682568	-0.000368459965102375	-0.68188089132309	-0.489903271198273	
-0.0603542290627956	0.00233448692597449	-0.725702881813049	-0.50004243850708	
-0.0621671825647354	0.0043543903157115	-0.767805278301239	-0.503799140453339	
-0.0641773641109467	0.00565093941986561	-0.808041095733643	-0.501426935195923	
-0.0662595629692078	0.00623998930677772	-0.846304059028625	-0.493597000837326	
-0.0682068318128586	0.00619142083451152	-0.882523953914642	-0.481171429157257	
-0.0697633922100067	0.00562537834048271	-0.916660964488983	-0.464956045150757	
-0.0706753730773926	0.00470612524077296	-0.948697686195374	-0.445488512516022	
-0.0707484558224678	0.00363203859888017	-0.978627800941467	-0.422909498214722	
-0.0698987022042274	0.00262026209384203	-1.00643837451935	-0.396943598985672	
-0.068183608353138	0.00188540446106344	-1.03208696842194	-0.366992443799973	
-0.0658037289977074	0.00161335081793368	-1.05547451972961	-0.332316964864731	
-0.0630716606974602	0.00193329993635416	-1.07641732692719	-0.292265564203262	
-0.0603520050644875	0.00289301783777773	-1.09462666511536	-0.246495276689529	
-0.0579834990203381	0.00444332417100668	-1.10969889163971	-0.195134311914444	
-0.0561990737915039	0.00643749861046672	-1.12112653255463	-0.138847097754478	
-0.0550620630383492	0.00864935107529163	-1.12833058834076	-0.0787853747606277	
-0.0544346794486046	0.0108102718368173	-1.13071691989899	-0.0164336729794741	
-0.0539894253015518	0.0126612624153495	-1.12774801254272	0.0466184131801128	
-0.0532658286392689	0.0140116102993488	-1.1190230846405	0.108927622437477	
-0.0517651624977589	0.0147925540804863	-1.10434985160828	0.169416889548302	
-0.049067035317421	0.0150930676609278	-1.08379364013672	0.227514281868935	
-0.044945202767849	0.0151663105934858	-1.05768942832947	0.283179014921188	
-0.0394578538835049	0.0153996599838138	-1.02660727500916	0.336807399988174	
-0.0329900197684765	0.0162478778511286	-0.991269826889038	0.389038503170013	
-0.0262332838028669	0.0181369911879301	-0.952431321144104	0.440502136945724	
-0.020098777487874	0.0213540904223919	-0.910733580589294	0.491567015647888	
-0.0155722666531801	0.025944072753191	-0.866566121578217	0.542147517204285	
-0.013532280921936	0.0316364243626595	-0.819958209991455	0.591617584228516	
-0.0145614398643374	0.0378229953348637	-0.770530700683594	0.638856053352356	
-0.0187854450196028	0.0436006970703602	-0.71752792596817	0.682420611381531	
-0.0257724486291409	0.0478822700679302	-0.659937679767609	0.720816552639008	
-0.0345176532864571	0.0495652332901955	-0.596691489219666	0.752802908420563	
-0.0435250177979469	0.047736257314682	-0.526922225952148	0.777668356895447	
-0.0509819984436035	0.0418780073523521	-0.450239449739456	0.795409381389618	
-0.0550068356096745	0.0320402719080448	-0.366976588964462	0.806763112545013	
-0.0539340786635876	0.0189386755228043	-0.278360217809677	0.813075244426727	
-0.0465952567756176	0.00395279657095671	-0.186559334397316	0.816018998622894	
-0.0325494855642319	-0.0109897647053003	-0.0945888310670853	0.817216277122498	
-0.0122243175283074	-0.0236379764974117	-0.00606143660843372	0.817837476730347	
0.0130607588216662	-0.0317253246903419	0.0751904472708702	0.818266272544861	
0.0411986224353313	-0.0333185829222202	0.145578488707542	0.817910671234131	
0.069517619907856	-0.0271534807980061	0.202243492007256	0.815215945243835	
0.0950959846377373	-0.012900548055768	0.243487134575844	0.807896852493286	
0.1151252835989	0.00868874043226242	0.269077509641647	0.793361365795135	
0.127272427082062	0.0357892587780952	0.280368566513062	0.769257426261902	
0.1299889087677	0.0656736716628075	0.280198961496353	0.734039783477783	
0.122723177075386	0.0950322300195694	0.272567421197891	0.68744307756424	
0.106005795300007	0.120399609208107	0.262117296457291	0.630755245685577	
0.0813954994082451	0.138627767562866	0.25349560379982	0.56681627035141	
0.0512940026819706	0.147333025932312	0.250675141811371	0.499714612960815	
0.0186560023576021	0.1452466994524	0.256340891122818	0.4342120885849	
-0.0133650228381157	0.132411375641823	0.271436631679535	0.374981760978699	
-0.0417867489159107	0.11018817871809	0.294949531555176	0.325786650180817	
-0.0641345083713531	0.0810698568820953	0.323977261781693	0.288749247789383	
-0.0787016376852989	0.0483259260654449	0.354081481695175	0.263855516910553	
-0.0847032070159912	0.0155335385352373	0.379888474941254	0.24880476295948	
-0.0823086276650429	-0.0139327421784401	0.395858377218246	0.239261671900749	
-0.0725556612014771	-0.0373722314834595	0.397116869688034	0.229496523737907	
-0.0571642331779003	-0.0531163513660431	0.38022968173027	0.213329687714577	
-0.0382804684340954	-0.060718446969986	0.343805730342865	0.185235634446144	
-0.0181885324418545	-0.0609478168189526	0.288836389780045	0.141424849629402	
0.000970615190453827	-0.0555933080613613	0.218715250492096	0.080714724957943	
0.0174385197460651	-0.0471133179962635	0.138927429914474	0.00502600474283099	
0.0300097074359655	-0.0381943471729755	0.0564452484250069	-0.0806029289960861	
0.0381175577640533	-0.0312941931188107	-0.0210912451148033	-0.168515771627426	
0.0418319702148438	-0.0282469764351845	-0.0862994566559792	-0.249398648738861	
0.04177650436759	-0.029994485899806	-0.132961109280586	-0.313569188117981	
0.0389821119606495	-0.0364847294986248	-0.156789794564247	-0.352402895689011	
0.0347008667886257	-0.0467482060194016	-0.155958965420723	-0.359676748514175	
0.0302059389650822	-0.0591306909918785	-0.13132406771183	-0.332616120576859	
0.026603726670146	-0.0716341137886047	-0.0863157138228416	-0.272473990917206	
0.0246807057410479	-0.082299180328846	-0.0265250876545906	-0.184541046619415	
0.0248020980507135	-0.0895579382777214	0.0409565605223179	-0.0775740593671799	
-0.0233576260507107	0.0867960825562477	-0.0417971909046173	0.0806523263454437	
-0.0252558663487434	0.089508056640625	-0.109384313225746	-0.0337462462484837	
-0.0284748934209347	0.0877193734049797	-0.169332176446915	-0.144083201885223	
-0.0321871004998684	0.0820644497871399	-0.21500164270401	-0.23888872563839	
-0.0353621728718281	0.073742963373661	-0.241381585597992	-0.308747082948685	
-0.0369235686957836	0.064228929579258	-0.245516777038574	-0.347454398870468	
-0.035917729139328	0.0549359582364559	-0.226678639650345	-0.352710753679276	
-0.0316758155822754	0.0469072423875332	-0.186279281973839	-0.326257914304733	
-0.0239474978297949	0.0405932739377022	-0.127561315894127	-0.27346059679985	
-0.0129881333559752	0.0357626937329769	-0.0551204904913902	-0.202411696314812	
0.000415461516240612	0.0315651521086693	0.0256670415401459	-0.12271036952734	
0.014989179559052	0.026734983548522	0.109237983822823	-0.0441035144031048	
0.0290863495320082	0.0198963657021523	0.190387189388275	0.0248082019388676	
0.0408645048737526	0.00990980491042137	0.264711439609528	0.0776194185018539	
0.0485065467655659	-0.00380950723774731	0.328917384147644	0.110791653394699	
0.0504607707262039	-0.0210672449320555	0.380980372428894	0.12387976795435	
0.0456689447164536	-0.040808629244566	0.420159071683884	0.119316712021828	
0.0337502062320709	-0.0612034387886524	0.446886718273163	0.101825140416622	
0.0151116186752915	-0.0798896476626396	0.462567895650864	0.0775741636753082	
-0.00903612654656172	-0.0943377986550331	0.469314634799957	0.0532259903848171	
-0.0367675274610519	-0.102274715900421	0.469654470682144	0.0350194722414017	
-0.0656312108039856	-0.102092444896698	0.466238796710968	0.0280163735151291	
-0.0929196253418922	-0.093168593943119	0.461574405431747	0.0355973802506924	
-0.115987189114094	-0.0760386809706688	0.457795053720474	0.059247188270092	
-0.132575258612633	-0.0523853562772274	0.456484526395798	0.0986193120479584	
-0.141099154949188	-0.024841072037816	0.458558291196823	0.151830419898033	
-0.140855461359024	0.00336713879369199	0.464208394289017	0.215906545519829	
-0.132117941975594	0.0288746524602175	0.472912967205048	0.28729259967804	
-0.116105049848557	0.0486642010509968	0.483508557081223	0.362341314554214	
-0.0948213264346123	0.0604999735951424	0.494320601224899	0.43771630525589	
-0.0707925856113434	0.0632406920194626	0.503341972827911	0.51066929101944	
-0.0467320457100868	0.0569822192192078	0.508444845676422	0.579179584980011	
-0.0251848064363003	0.0430089347064495	0.507606089115143	0.641968667507172	
-0.00820196885615587	0.0235652439296246	0.499122381210327	0.698419809341431	
0.00290850293822587	0.00148799957241863	0.481791526079178	0.748440861701965	
0.00771887833252549	-0.0202373676002026	0.455035775899887	0.792307078838348	
0.0066886399872601	-0.0389234907925129	0.418951809406281	0.830512702465057	
0.00104347243905067	-0.0525588616728783	0.374278217554092	0.863649427890778	
-0.007451883982867	-0.0600591897964478	0.322284162044525	0.892316222190857	
-0.0167889483273029	-0.0613580346107483	0.264592856168747	0.917056739330292	
-0.0250312425196171	-0.0573305860161781	0.20296511054039	0.938315153121948	
-0.0306007452309132	-0.0495725907385349	0.139073759317398	0.95640230178833	
-0.032491572201252	-0.040079440921545	0.0743028447031975	0.971466064453125	
-0.0303804781287909	-0.0308848954737186	0.00960185751318932	0.983468115329742	
-0.0246216524392366	-0.0237221550196409	-0.0545829050242901	0.992171704769135	
-0.0161326117813587	-0.0197626482695341	-0.118289738893509	0.997151374816895	
-0.00619567278772593	-0.0194710679352283	-0.181939870119095	0.997830331325531	
0.00378754362463951	-0.0225928910076618	-0.246170565485954	0.993550539016724	
0.0125449690967798	-0.0282666385173798	-0.311631709337234	0.983669698238373	
0.0191441122442484	-0.0352320484817028	-0.378780871629715	0.967673063278198	
0.0231296755373478	-0.042090579867363	-0.447712033987045	0.9452805519104	
0.0245692282915115	-0.0475685372948647	-0.518047630786896	0.916526973247528	
0.0240041986107826	-0.0507362186908722	-0.588912546634674	0.88179624080658	
0.0223200228065252	-0.051147598773241	-0.658994734287262	0.841796398162842	
0.0205627270042896	-0.0488818436861038	-0.726682841777802	0.797475397586823	
0.0197371989488602	-0.0444868579506874	-0.790256917476654	0.749888896942139	
0.0206238385289907	-0.0388426519930363	-0.848100900650024	0.700044572353363	
0.0236451011151075	-0.0329754203557968	-0.898900747299194	0.648753225803375	
0.0288029313087463	-0.027859803289175	-0.941796123981476	0.59651917219162	
0.0356943421065807	-0.0242459997534752	-0.976460814476013	0.543496370315552	
0.0435979701578617	-0.0225411187857389	-1.00310015678406	0.489523649215698	
0.0516122505068779	-0.0227618981152773	-1.02236747741699	0.43423792719841	
0.0588175654411316	-0.0245615281164646	-1.03521645069122	0.377244502305984	
0.0644321590662003	-0.0273195691406727	-1.04271376132965	0.318312376737595	
0.0679345577955246	-0.0302733033895493	-1.04584753513336	0.257552355527878	
0.0691330283880234	-0.0326630771160126	-1.04535984992981	0.195537492632866	
0.0681734755635262	-0.0338640660047531	-1.04163420200348	0.133334174752235	
0.0654890537261963	-0.0334818251430988	-1.03465163707733	0.0724287107586861	
0.0617052353918552	-0.031397819519043	-1.02402329444885	0.0145557001233101	
0.0575209930539131	-0.0277616530656815	-1.00908863544464	-0.038544837385416	
0.0535899065434933	-0.0229370426386595	-0.989062905311584	-0.0853977426886559	
0.0504227019846439	-0.0174164585769176	-0.963206052780151	-0.12503756582737	
0.0483271032571793	-0.011723704636097	-0.930985927581787	-0.157177120447159	
0.0473920851945877	-0.00632390240207314	-0.892208397388458	-0.18226046860218	
0.0475145429372787	-0.00155675120186061	-0.847096085548401	-0.20138256251812	
0.0484580807387829	0.00239740894176066	-0.796304225921631	-0.216082379221916	
0.0499281994998455	0.00551672093570232	-0.74087518453598	-0.228042855858803	
0.0516462847590446	0.0079072592779994	-0.682140707969666	-0.238750502467155	
0.0534067302942276	0.00975325051695108	-0.621589541435242	-0.249178513884544	
0.0551065653562546	0.0112611120566726	-0.560721158981323	-0.259555697441101	
0.0567438639700413	0.0126099605113268	-0.500907957553864	-0.269270241260529	
0.0583885721862316	0.0139182489365339	-0.443281888961792	-0.276932865381241	
0.0601353980600834	0.0152314212173223	-0.388659983873367	-0.280595391988754	
0.0620518662035465	0.0165302380919456	-0.33751192688942	-0.2780901491642	
0.0641352757811546	0.017754714936018	-0.28996878862381	-0.267432034015656	
0.0662894994020462	0.0188356172293425	-0.245865270495415	-0.247211217880249	
0.0683275312185287	0.0197244752198458	-0.204803764820099	-0.21690408885479	
0.069999635219574	0.020414337515831	-0.166228726506233	-0.177043125033379	
0.0710406899452209	0.020946342498064	-0.129499435424805	-0.129211589694023	
0.0712260082364082	0.0214011054486036	-0.0939534530043602	-0.0758598074316978	
0.0704230442643166	0.0218775887042284	-0.058955479413271	-0.0199732817709446	
-0.0686269626021385	-0.0224651638418436	0.0239308401942253	-0.0353505946695805	
-0.0659720152616501	-0.0232159495353699	-0.0116146290674806	-0.0873429104685783	
-0.0627157017588615	-0.0241241864860058	-0.0480848215520382	-0.133943662047386	
-0.0591987557709217	-0.0251177046447992	-0.0857896879315376	-0.174056112766266	
-0.055789228528738	-0.0260635353624821	-0.124944351613522	-0.207632660865784	
-0.0528223477303982	-0.0267866589128971	-0.165669113397598	-0.235580727458	
-0.0505485013127327	-0.0270980186760426	-0.20798996090889	-0.259510368108749	
-0.0490998402237892	-0.026826199144125	-0.251840502023697	-0.281373798847198	
-0.048481747508049	-0.025846628472209	-0.29706659913063	-0.303065121173859	
-0.048589825630188	-0.0241031181067228	-0.34343546628952	-0.326054722070694	
-0.0492475107312202	-0.0216183308511972	-0.390649408102036	-0.351122856140137	
-0.0502548739314079	-0.0184922162443399	-0.438363909721375	-0.378236502408981	
-0.0514369793236256	-0.0148897441104054	-0.486208647489548	-0.406585276126862	
-0.0526804700493813	-0.0110210375860333	-0.533808946609497	-0.434759765863419	
-0.0539501309394836	-0.00711781205609441	-0.580805361270905	-0.461030781269073	
-0.0552819669246674	-0.00340993190184236	-0.62686949968338	-0.483668833971024	
-0.0567551180720329	-0.000104964383353945	-0.671714901924133	-0.501239061355591	
-0.0584500804543495	0.00262771872803569	-0.715102553367615	-0.512814462184906	
-0.0604042448103428	0.00466806022450328	-0.756842732429504	-0.518069863319397	
-0.0625767111778259	0.00595231866464019	-0.796793401241302	-0.517245531082153	
-0.0648324266076088	0.00647688796743751	-0.834856748580933	-0.51099556684494	
-0.0669514462351799	0.0062994989566505	-0.870974957942963	-0.500162780284882	
-0.068662978708744	0.00553757511079311	-0.905123472213745	-0.485532015562057	
-0.0696980506181717	0.00436267629265785	-0.937301754951477	-0.467619687318802	
-0.0698492377996445	0.00298952031880617	-0.967519700527191	-0.44654580950737	
-0.0690236762166023	0.00165830447804183	-0.995778381824493	-0.422015786170959	
-0.0672757551074028	0.000610150280408561	-1.02204549312592	-0.393413960933685	
-0.0648096576333046	5.72739845665637E-5	-1.04622745513916	-0.359985858201981	
-0.0619482360780239	0.000151568397996016	-1.06814181804657	-0.321066439151764	
-0.0590719692409039	0.000957077543716878	-1.0874969959259	-0.276301085948944	
-0.056539099663496	0.00243273051455617	-1.10388398170471	-0.225807934999466	
-0.0546033605933189	0.00443117413669825	-1.11678838729858	-0.170243188738823	
-0.053347647190094	0.00671740155667067	-1.12562310695648	-0.110752277076244	
-0.0526503212749958	0.0090072862803936	-1.12978398799896	-0.0488157086074352	
-0.0521951206028461	0.0110216923058033	-1.12872135639191	0.0139783630147576	
-0.0515271201729774	0.0125474529340863	-1.12201750278473	0.0761855244636536	
-0.0501475781202316	0.0134932352229953	-1.1094571352005	0.136725306510925	
-0.0476311668753624	0.0139271654188633	-1.09107422828674	0.19502104818821	
-0.0437427759170532	0.0140846371650696	-1.06716370582581	0.251027315855026	
-0.0385287180542946	0.0143392095342278	-1.03824770450592	0.3051378428936	
-0.0323597975075245	0.015136256814003	-1.00499546527863	0.357992827892303	
-0.025911208242178	0.0168970953673124	-0.96810644865036	0.410228848457336	
-0.0200754012912512	0.0199089851230383	-0.92817211151123	0.462227702140808	
-0.0158169381320477	0.0242220927029848	-0.885541260242462	0.513922929763794	
-0.0139906900003552	0.0295766144990921	-0.840218007564545	0.564711511135101	
-0.0151539370417595	0.0353808701038361	-0.791817128658295	0.613496482372284	
-0.0194071568548679	0.0407541692256927	-0.739597499370575	0.658855736255646	
-0.0262963138520718	0.0446373522281647	-0.682580411434174	0.699305415153503	
-0.0348013080656528	0.0459608845412731	-0.619745790958405	0.733600854873657	
-0.0434219725430012	0.0438475832343102	-0.550282418727875	0.761007785797119	
-0.0503567494452	0.0378168970346451	-0.473855078220367	0.7814781665802	
-0.0537526533007622	0.0279527176171541	-0.390842825174332	0.795682609081268	
-0.0519914142787457	0.0149982208386064	-0.302500158548355	0.804881155490875	
-0.0439679361879826	0.000350013899151236	-0.211001187562943	0.810648381710052	
-0.0293157901614904	-0.0140613820403814	-0.119340442121029	0.814502894878387	
-0.00854024570435286	-0.0259987041354179	-0.0310868322849274	0.8175168633461	
0.0169679094105959	-0.0332269854843616	0.0499894842505455	0.819991290569305	
0.0450468733906746	-0.0338615030050278	0.120372511446476	0.821276187896729	
0.0729961022734642	-0.0267005693167448	0.177275404334068	0.819790303707123	
0.0978972613811493	-0.0114864828065038	0.219061896204948	0.813256025314331	
0.116980224847794	0.0109547944739461	0.245542570948601	0.799122929573059	
0.127982884645462	0.038728404790163	0.258087784051895	0.775108575820923	
0.129453331232071	0.0690496414899826	0.259523093700409	0.739757061004639	
0.12095095962286	0.0985705628991127	0.253805488348007	0.692900717258453	
0.103117890655994	0.123811982572079	0.245511919260025	0.635921776294708	
0.0776104107499123	0.14163900911808	0.239205494523048	0.571739494800568	
0.046900849789381	0.149707868695259	0.238766357302666	0.504498243331909	
0.0139782000333071	0.146813124418259	0.246787041425705	0.438987135887146	
-0.0180102549493313	0.133077889680862	0.264127492904663	0.379876792430878	
-0.0461271107196808	0.109952636063099	0.289705842733383	0.330901861190796	
-0.067973829805851	0.080018661916256	0.320569336414337	0.294137001037598	
-0.0819389820098877	0.0466234944760799	0.352248966693878	0.269510388374329	
-0.0873371884226799	0.0134032592177391	0.379358768463135	0.254663437604904	
-0.0844266787171364	-0.0162339191883802	0.396362096071243	0.245212003588676	
-0.0743104219436646	-0.0395823866128922	0.398399382829666	0.235393434762955	
-0.0587413758039474	-0.0549968034029007	0.382058709859848	0.219014525413513	
-0.0398635268211365	-0.0620780512690544	0.345975488424301	0.190555617213249	
-0.019926818087697	-0.0616602785885334	0.291169553995132	0.14624910056591	
-0.0010142793180421	-0.055605411529541	0.221063509583473	0.0849445015192032	
0.015185134485364	-0.0464432425796986	0.141171827912331	0.00859808269888163	
0.027533371001482	-0.0369205921888351	0.058496717363596	-0.0777195692062378	
0.0355165153741837	-0.0295370481908321	-0.0192912332713604	-0.166328206658363	
0.0392330326139927	-0.0261455085128546	-0.0847784653306007	-0.247900724411011	
0.0393064096570015	-0.0276826601475477	-0.131716191768646	-0.312751680612564	
0.0367400050163269	-0.0340704582631588	-0.155789643526077	-0.352260291576385	
0.0327371656894684	-0.0442985966801643	-0.155148133635521	-0.360208779573441	
0.0285115800797939	-0.0566657930612564	-0.130629286170006	-0.333823293447495	
0.0251116957515478	-0.0691301301121712	-0.0856539383530617	-0.274347722530365	
0.0232793800532818	-0.0797005295753479	-0.025812266394496	-0.187050446867943	
0.0233576260507107	-0.0867960825562477	0.0417971909046173	-0.0806523263454437	
-0.0218846965581179	0.0839284881949425	-0.0425868965685368	0.0836323350667953	
-0.0235987920314074	0.0863855108618736	-0.110356494784355	-0.0303204040974379	
-0.0265349354594946	0.0843218341469765	-0.170531898736954	-0.140365198254585	
-0.0299183279275894	0.0784214362502098	-0.216455727815628	-0.235080599784851	
-0.0327812768518925	0.0699416846036911	-0.243101194500923	-0.30508828163147	
-0.0341072306036949	0.060412410646677	-0.247502371668816	-0.344202697277069	
-0.0329878591001034	0.0512906573712826	-0.228925988078117	-0.350117117166519	
-0.0287754628807306	0.0436414815485477	-0.188784688711166	-0.324539363384247	
-0.0212120767682791	0.037909273058176	-0.13032454252243	-0.272774934768677	
-0.0105175916105509	0.0338262468576431	-0.0581442788243294	-0.202838897705078	
0.00257791369222105	0.0304776709526777	0.0223815683275461	-0.124243855476379	
0.0168673526495695	0.0265124849975109	0.105699308216572	-0.04665357619524	
0.0307679530233145	0.0204591955989599	0.186623573303223	0.0213987547904253	
0.042484737932682	0.0110854059457779	0.260781228542328	0.0735491290688515	
0.0502210892736912	-0.00227036024443805	0.324917107820511	0.106267496943474	
0.0524129718542099	-0.0194623582065105	0.377048432826996	0.119082286953926	
0.0479572787880898	-0.0394479408860207	0.416473597288132	0.114368624985218	
0.0364022105932236	-0.0603691227734089	0.443656831979752	0.0967684686183929	
0.0180695056915283	-0.0797983407974243	0.460019290447235	0.0723596215248108	
-0.0059149106964469	-0.0951104536652565	0.467671155929565	0.0477166883647442	
-0.0336942672729492	-0.103918574750423	0.469118297100067	0.029008774086833	
-0.0628565549850464	-0.10449792444706	0.466972708702087	0.0212573762983084	
-0.0906955897808075	-0.0961218848824501	0.463689029216766	0.0278399214148521	
-0.114526756107807	-0.0792483240365982	0.461343586444855	0.0502769127488136	
-0.132016554474831	-0.0555193088948727	0.461465924978256	0.0882930904626846	
-0.141480267047882	-0.0275689605623484	0.464929044246674	0.140102922916412	
-0.142104536294937	0.00133241200819612	0.471901059150696	0.202844232320786	
-0.134060174226761	0.0277418382465839	0.481858134269714	0.27307316660881	
-0.118486039340496	0.0485399216413498	0.49365696310997	0.347239106893539	
-0.0973425582051277	0.0613793171942234	0.505661189556122	0.422075986862183	
-0.0731537416577339	0.0650131404399872	0.515912711620331	0.49487179517746	
-0.0486730150878429	0.0594515055418015	0.522333920001984	0.563605904579163	
-0.0265207644551992	0.0459234789013863	0.522942960262299	0.626966238021851	
-0.0088460510596633	0.0266543813049793	0.516060054302216	0.684276580810547	
0.0029382249340415	0.00449844170361757	0.500482082366943	0.735369920730591	
0.00830874126404524	-0.0175101310014725	0.475603312253952	0.780443727970123	
0.00765292998403311	-0.0366131700575352	0.44146716594696	0.819923341274261	
0.00215776776894927	-0.0507184080779552	0.398739367723465	0.854349732398987	
-0.00641342252492905	-0.0586635768413544	0.348605155944824	0.884295523166656	
-0.0160186048597097	-0.0603184849023819	0.292603552341461	0.910303831100464	
-0.0246606674045324	-0.0565171763300896	0.232421144843102	0.932841420173645	
-0.0306857377290726	-0.0488410778343678	0.169675424695015	0.952258169651031	
-0.0330104678869247	-0.039297740906477	0.105719663202763	0.968748927116394	
-0.0312454514205456	-0.0299549587070942	0.0414988994598389	0.982320010662079	
-0.0257000848650932	-0.0225940737873316	-0.0225208047777414	0.992768347263336	
-0.0172741170972586	-0.0184392798691988	-0.0863394364714622	0.999683499336243	
-0.00725964829325676	-0.018003212288022	-0.150329396128654	1.00248169898987	
0.00290868990123272	-0.0210666116327047	-0.215077430009842	1.00047481060028	
0.0119106601923704	-0.0267855897545815	-0.281189441680908	0.99297034740448	
0.0187605600804091	-0.0338982827961445	-0.349091738462448	0.979388952255249	
0.0229550190269947	-0.0409873835742474	-0.41886293888092	0.959378600120544	
0.0245270170271397	-0.0467481873929501	-0.490125775337219	0.932902872562408	
0.0240020342171192	-0.0502144955098629	-0.562018156051636	0.900282084941864	
0.0222693812102079	-0.0509055256843567	-0.633248150348663	0.862174034118652	
0.0203960724174976	-0.0488737635314465	-0.702225029468536	0.819492995738983	
0.0194192994385958	-0.0446528382599354	-0.767243802547455	0.77327835559845	
0.0201554801315069	-0.0391225181519985	-0.826692402362823	0.724537312984467	
0.0230590347200632	-0.0333215743303299	-0.879247307777405	0.674092650413513	
0.0281533934175968	-0.028246346861124	-0.924024820327759	0.622468590736389	
0.035042654722929	-0.0246725752949715	-0.960663795471191	0.569842398166656	
0.0429974012076855	-0.0230309329926968	-0.989327132701874	0.516075193881989	
0.0510952360928059	-0.023354597389698	-1.01062345504761	0.460822016000748	
0.0583878234028816	-0.0253025740385056	-1.02546441555023	0.403700530529022	
0.0640631020069122	-0.0282483994960785	-1.03488183021545	0.344486057758331	
0.0675740838050842	-0.0314127393066883	-1.03983747959137	0.283290803432465	
0.0687135085463524	-0.0340121537446976	-1.04105734825134	0.220686480402946	
0.0676248222589493	-0.0353957042098045	-1.03891694545746	0.157737776637077	
0.0647521764039993	-0.0351458080112934	-1.03339469432831	0.0959316715598106	
0.0607432089745998	-0.0331284701824188	-1.0241014957428	0.0370077937841415	
0.056325875222683	-0.0294887106865644	-1.0103759765625	-0.0172831807285547	
0.0521839894354343	-0.024597579613328	-0.991429269313812	-0.0654493346810341	
0.0488541796803474	-0.0189655404537916	-0.966513812541962	-0.106502950191498	
0.0466610752046108	-0.0131417214870453	-0.935086905956268	-0.140130311250687	
0.0456988625228405	-0.00761914998292923	-0.896943688392639	-0.166746526956558	
0.0458574220538139	-0.00276277726516128	-0.852297961711884	-0.187417075037956	
0.0468829199671745	0.00122919003479183	-0.801801979541779	-0.203652992844582	
0.0484566129744053	0.00432774005457759	-0.746502816677094	-0.217112347483635	
0.0502734631299973	0.00664379773661494	-0.687746107578278	-0.229260921478271	
0.052104078233242	0.00837747287005186	-0.627043008804321	-0.241055876016617	
0.0538283325731754	0.00975904613733292	-0.565922677516937	-0.252714723348618	
0.0554363466799259	0.0109949419274926	-0.50579047203064	-0.263618379831314	
0.0570000633597374	0.0122291753068566	-0.447811543941498	-0.272373765707016	
0.058624979108572	0.0135261677205563	-0.392832219600677	-0.277031034231186	
0.060395672917366	0.0148754483088851	-0.341344863176346	-0.275422036647797	
0.0623292252421379	0.0162138808518648	-0.293495148420334	-0.265561461448669	
0.0643483698368073	0.0174576304852962	-0.249123990535736	-0.246038809418678	
0.0662809163331985	0.0185347739607096	-0.207833468914032	-0.216328993439674	
0.067885734140873	0.0194102358072996	-0.169063672423363	-0.17696213722229	
0.0688993632793427	0.0200974084436893	-0.132168993353844	-0.129518404603004	
0.069092370569706	0.0206544660031796	-0.0964845195412636	-0.076444998383522	
0.068322628736496	0.021167203783989	-0.0613772943615913	-0.0207246318459511	
-0.0665731877088547	-0.021723372861743	0.0262808986008167	-0.0345469377934933	
-0.0639660209417343	-0.0223851948976517	-0.00928521063178778	-0.0866008549928665	
-0.060748215764761	-0.0231668651103973	-0.0457077994942665	-0.133375242352486	
-0.0572533756494522	-0.0240223873406649	-0.0832790955901146	-0.173769503831863	
-0.053846288472414	-0.0248465538024902	-0.122199259698391	-0.207730501890182	
-0.0508625693619251	-0.0254888348281384	-0.162579476833344	-0.236158922314644	
-0.0485558770596981	-0.025777243077755	-0.204444736242294	-0.260657757520676	
-0.0470634438097477	-0.0255472231656313	-0.247736588120461	-0.283172518014908	
-0.0463964976370335	-0.0246700011193752	-0.292317420244217	-0.305591940879822	
-0.0464564673602581	-0.0230751987546682	-0.33797749876976	-0.32938277721405	
-0.0470721237361431	-0.0207641776651144	-0.384445935487747	-0.355323731899261	
-0.048048347234726	-0.0178125239908695	-0.431405484676361	-0.383382380008698	
-0.0492145791649818	-0.0143623342737556	-0.478510677814484	-0.412750214338303	
-0.0504616126418114	-0.0106065031141043	-0.525406897068024	-0.44202047586441	
-0.0517581254243851	-0.00676826993003488	-0.571749091148376	-0.469466030597687	
-0.0531434714794159	-0.00307925813831389	-0.617217540740967	-0.493357926607132	
-0.0546989627182484	0.000241315967286937	-0.661530375480652	-0.512259066104889	
-0.0565052255988121	0.00300463428720832	-0.704450905323029	-0.525236785411835	
-0.058596882969141	0.00506682693958282	-0.745792150497437	-0.531956732273102	
-0.0609267242252827	0.00634013535454869	-0.785416781902313	-0.53264594078064	
-0.0633497387170792	0.00680090580135584	-0.823235690593719	-0.527942359447479	
-0.0656328648328781	0.00649426691234112	-0.859203338623047	-0.518670260906219	
-0.0674903467297554	0.00553471315652132	-0.893310844898224	-0.505594611167908	
-0.0686381980776787	0.0041012023575604	-0.925574958324432	-0.489211678504944	
-0.0688561126589775	0.00242518936283886	-0.9560227394104	-0.469622105360031	
-0.0680426061153412	0.000770547601860017	-0.984670341014862	-0.446513056755066	
-0.0662493333220482	-0.000594366108998656	-1.01149654388428	-0.41925236582756	
-0.0636845901608467	-0.00143034057691693	-1.03641450405121	-0.387070804834366	
-0.0606820806860924	-0.00156234111636877	-1.05924391746521	-0.349290281534195	
-0.0576387792825699	-0.000909941445570439	-1.07969105243683	-0.30554473400116	
-0.0549331456422806	0.000493585248477757	-1.09734237194061	-0.255942404270172	
-0.0528403595089912	0.00249952403828502	-1.11167633533478	-0.201131224632263	
-0.0514634251594543	0.00486298138275743	-1.12209737300873	-0.142250195145607	
-0.050697211176157	0.00728304078802466	-1.12799143791199	-0.0807754546403885	
-0.0502366833388805	0.00945913698524237	-1.12879574298859	-0.0182932037860155	
-0.0496320985257626	0.0111545389518142	-1.12407565116882	0.0437518358230591	
-0.0483838580548763	0.0122546069324017	-1.11359226703644	0.104276977479458	
-0.0460604019463062	0.0128063997253776	-1.09734880924225	0.162702366709709	
-0.0424160920083523	0.0130279315635562	-1.07560098171234	0.218979850411415	
-0.037483487278223	0.0132799437269568	-1.04882383346558	0.27350252866745	
-0.0316172763705254	0.0139999771490693	-1.01763522624969	0.326913923025131	
-0.0254746451973915	0.0156066175550222	-0.98268187046051	0.379859268665314	
-0.0199282895773649	0.018389506265521	-0.944506585597992	0.432734906673431	
-0.0159212872385979	0.0224063284695148	-0.903419971466064	0.485494256019592	
-0.0142855392768979	0.0274100340902805	-0.859402418136597	0.537557721138	
-0.0155547000467777	0.0328270457684994	-0.812063932418823	0.587851583957672	
-0.0198067054152489	0.0378001034259796	-0.760678112506866	0.63497257232666	
-0.0265687648206949	0.0412984266877174	-0.704299449920654	0.677445769309998	
-0.034809336066246	0.042284868657589	-0.641954660415649	0.714020669460297	
-0.0430279560387135	0.0399169586598873	-0.572886049747467	0.743938088417053	
-0.0494373887777328	0.0337486751377583	-0.496810466051102	0.767103612422943	
-0.0522158369421959	0.0238950606435537	-0.414148688316345	0.784120500087738	
-0.0497932657599449	0.0111234020441771	-0.32617911696434	0.796163141727448	
-0.0411274842917919	-0.00315634231083095	-0.235076650977135	0.80470860004425	
-0.025924438610673	-0.017014293000102	-0.143811762332916	0.811173975467682	
-0.00476354826241732	-0.0282300431281328	-0.0559062957763672	0.816535890102386	
0.0208977982401848	-0.0346024222671986	0.0249340031296015	0.82101583480835	
0.0488484799861908	-0.0342962965369225	0.0952665656805038	0.823909044265747	
0.0763645395636559	-0.0261722449213266	0.152376785874367	0.823610484600067	
0.10053601115942	-0.0100425351411104	0.194689095020294	0.817852914333344	
0.118635043501854	0.0131956432014704	0.222054243087769	0.804128646850586	
0.128472954034805	0.0415821634232998	0.235855743288994	0.780225455760956	
0.128695160150528	0.07228022813797	0.238902643322945	0.74477618932724	
0.118971057236195	0.101909264922142	0.235106468200684	0.697709441184998	
0.100051693618298	0.126981407403946	0.228974685072899	0.64049905538559	
0.0736870691180229	0.144379168748856	0.22498394548893	0.576140761375427	
0.0424154549837112	0.151801362633705	0.226920187473297	0.508831560611725	
0.00925526022911072	0.148106724023819	0.237283155322075	0.443384230136871	
-0.0226570144295692	0.133497640490532	0.256849586963654	0.384463787078857	
-0.0504326932132244	0.109510771930218	0.284470170736313	0.335773229598999	
-0.0717520341277122	0.0788112208247185	0.31714403629303	0.299337029457092	
-0.0851001515984535	0.0448188036680222	0.350374042987823	0.275023609399796	
-0.0898911654949188	0.0112225553020835	0.378764420747757	0.260415434837341	
-0.0864708125591278	-0.0185413882136345	0.396783918142319	0.251079142093658	
-0.0760050266981125	-0.0417667329311371	0.399589031934738	0.241219714283943	
-0.0602769143879414	-0.0568339638411999	0.383790731430054	0.224631801247597	
-0.0414253026247025	-0.0633920058608055	0.348050653934479	0.195803731679916	
-0.0216630809009075	-0.0623382851481438	0.293415874242783	0.150992512702942	
-0.00301306694746017	-0.0556044168770313	0.223336428403854	0.0890829265117645	
0.0129067581146955	-0.0457869209349155	0.143354192376137	0.0120699061080813	
0.025026336312294	-0.035687692463398	0.0604993216693401	-0.0749408602714539	
0.0328841209411621	-0.0278430469334126	-0.0175287015736103	-0.164242923259735	
0.0366060361266136	-0.0241204686462879	-0.0832865014672279	-0.246494606137276	
0.0368138588964939	-0.025448814034462	-0.13049541413784	-0.312007129192352	
0.0344814509153366	-0.031723003834486	-0.154812380671501	-0.352164447307587	
0.0307615790516138	-0.0418927483260632	-0.154362112283707	-0.360756099224091	
0.0268069580197334	-0.054212111979723	-0.129963830113411	-0.335012078285217	
0.0236071702092886	-0.0665988773107529	-0.0850277617573738	-0.276170581579208	
0.0218592956662178	-0.0770342797040939	-0.0251424163579941	-0.189481317996979	
0.0218846965581179	-0.0839284881949425	0.0425868965685368	-0.0836323350667953	
-0.0203851033002138	0.0809586346149445	-0.0433247201144695	0.086510457098484	
-0.021903907880187	0.083129309117794	-0.111267797648907	-0.027008444070816	
-0.0245458334684372	0.0807671546936035	-0.171661615371704	-0.136761635541916	
-0.0275909006595612	0.0746068060398102	-0.217830717563629	-0.231376275420189	
-0.0301360581070185	0.0659632235765457	-0.244732901453972	-0.301513075828552	
-0.0312264375388622	0.0564209334552288	-0.249392047524452	-0.341007471084595	
-0.0300000905990601	0.0474787801504135	-0.23107086122036	-0.347549468278885	
-0.0258308202028275	0.0402218140661716	-0.191183626651764	-0.322816342115402	
-0.0184524822980165	0.0350866205990314	-0.132981196045876	-0.272057592868805	
-0.00804806593805552	0.0317677557468414	-0.0610665492713451	-0.203212648630142	
0.00471131876111031	0.0292854122817516	0.0191861912608147	-0.125708520412445	
0.0186883993446827	0.0262029636651278	0.102232232689857	-0.0491254255175591	
0.0323673412203789	0.020953381434083	0.182905927300453	0.0180725157260895	
0.0440035760402679	0.0122115630656481	0.256864935159683	0.0695650801062584	
0.0518233850598335	-0.000760675640776753	0.320893794298172	0.101833388209343	
0.0542519874870777	-0.0178666580468416	0.373053848743439	0.114381857216358	
0.0501419268548489	-0.0380769111216068	0.412685811519623	0.109529376029968	
0.038969811052084	-0.0595072023570538	0.4402876496315	0.0918374881148338	
0.0209702905267477	-0.0796662345528603	0.457299321889877	0.0672915130853653	
-0.00281817535869777	-0.095834918320179	0.465830594301224	0.0423759184777737	
-0.0306108146905899	-0.105513967573643	0.468366146087646	0.0231864117085934	
-0.0600384287536144	-0.106862284243107	0.467477738857269	0.0147000961005688	
-0.0883993208408356	-0.0990484654903412	0.465565830469131	0.0202871449291706	
-0.112972304224968	-0.0824510753154755	0.464646309614182	0.0415006875991821	
-0.131350353360176	-0.0586688965559006	0.466191112995148	0.0781348571181297	
-0.141748920083046	-0.0303344167768955	0.471027553081512	0.128501817584038	
-0.143243566155434	-0.000757662521209568	0.479296922683716	0.189852803945541	
-0.135900095105171	0.0265432130545378	0.490471869707108	0.258858442306519	
-0.12077485024929	0.0483489595353603	0.503429174423218	0.33206894993782	
-0.0997810885310173	0.062201663851738	0.516572117805481	0.406293123960495	
-0.0754380822181702	0.0667482390999794	0.527994692325592	0.478859782218933	
-0.0505372174084187	0.0619109533727169	0.53567373752594	0.547751486301422	
-0.0277729388326406	0.0488602556288242	0.537673592567444	0.611624777317047	
-0.00939226150512695	0.0297982934862375	0.532342851161957	0.66974401473999	
0.00308577436953783	0.00759248994290829	0.518481492996216	0.721866130828857	
0.00903999991714954	-0.0146778123453259	0.495458960533142	0.768108248710632	
0.00878284033387899	-0.0341861732304096	0.463266909122467	0.80882340669632	
0.00345935835503042	-0.0487605594098568	0.422497749328613	0.844498813152313	
-0.00517151225358248	-0.0571600683033466	0.374251067638397	0.87567800283432	
-0.0150364683941007	-0.0591885074973106	0.319978564977646	0.902902185916901	
-0.0240790285170078	-0.0556353628635406	0.261288851499557	0.926660716533661	
-0.0305695366114378	-0.0480637103319168	0.199740305542946	0.947344243526459	
-0.0333460420370102	-0.0384892486035824	0.136652052402496	0.965197563171387	
-0.0319508463144302	-0.0290104802697897	0.0729624032974243	0.980275452136993	
-0.0266457665711641	-0.0214547384530306	0.00915608741343021	0.992412567138672	
-0.0183097533881664	-0.0170983467251062	-0.0547283738851547	1.00121748447418	
-0.00824190396815538	-0.0165027901530266	-0.119013227522373	1.00610196590424	
0.00209229532629251	-0.0194863341748714	-0.184232711791992	1.00634932518005	
0.0113256657496095	-0.0252258535474539	-0.250946551561356	1.00121700763702	
0.0184194557368755	-0.0324614457786083	-0.319547861814499	0.990059494972229	
0.0228213369846344	-0.0397603623569012	-0.3900987803936	0.972450494766235	
0.0245279967784882	-0.0457894615828991	-0.462222427129745	0.948279023170471	
0.0240467190742493	-0.0495475009083748	-0.535070776939392	0.91779887676239	
0.0222683101892471	-0.0505190715193748	-0.607374370098114	0.881614744663239	
0.0202786512672901	-0.0487288869917393	-0.677566170692444	0.840605497360229	
0.0191456787288189	-0.0446942150592804	-0.743959546089172	0.795793473720551	
0.019721083343029	-0.0392919518053532	-0.804949760437012	0.748185634613037	
0.0224913842976093	-0.0335707291960716	-0.859206438064575	0.698617815971375	
0.0275024436414242	-0.0285462774336338	-0.905824303627014	0.647635936737061	
0.0343670286238194	-0.0250183194875717	-0.944407880306244	0.595442056655884	
0.0423496179282665	-0.0234405137598515	-0.975077152252197	0.541921019554138	
0.0505089797079563	-0.0238628946244717	-0.998394668102264	0.486746460199356	
0.0578698180615902	-0.0259515419602394	-1.01522779464722	0.429548233747482	
0.0635910332202911	-0.0290757827460766	-1.02657079696655	0.370106726884842	
0.0671007707715034	-0.0324416756629944	-1.03335750102997	0.308533728122711	
0.0681762248277664	-0.0352438017725945	-1.03629577159882	0.245397314429283	
0.0669578164815903	-0.0368064343929291	-1.03575193881989	0.181758269667625	
0.0638996735215187	-0.0366894789040089	-1.0317018032074	0.119102276861668	
0.0596703365445137	-0.0347433798015118	-1.02375650405884	0.0591726899147034	
0.0550254993140697	-0.0311077982187271	-1.0112544298172	0.00373040488921106	
0.0506781339645386	-0.0261599067598581	-0.993403732776642	-0.0457155965268612	
0.0471899621188641	-0.0204267594963312	-0.969450175762177	-0.0881543308496475	
0.0449021235108376	-0.0144814942032099	-0.938841223716736	-0.123244144022465	
0.0439139269292355	-0.00884406268596649	-0.901360690593719	-0.151369675993919	
0.0441084615886211	-0.00390416290611029	-0.857213199138641	-0.173565730452538	
0.0452148541808128	0.000122112105600536	-0.807046413421631	-0.191314563155174	
0.0468905493617058	0.00319811352528632	-0.751910507678986	-0.206249177455902	
0.0488045066595078	0.0054388171993196	-0.69316303730011	-0.219815075397491	
0.0507038310170174	0.00705928960815072	-0.632336258888245	-0.23295433819294	
0.0524513907730579	0.00831282418221235	-0.570987462997437	-0.245874285697937	
0.0540293753147125	0.00943253096193075	-0.510554552078247	-0.257949888706207	
0.0555116385221481	0.0105877025052905	-0.452235728502274	-0.267785012722015	
0.0570144057273865	0.0118618002161384	-0.396907359361649	-0.273428648710251	
0.0586392544209957	0.0132534774020314	-0.345085591077805	-0.272712051868439	
0.060423094779253	0.0146969687193632	-0.296931833028793	-0.263649016618729	
0.0623076781630516	0.016094408929348	-0.252294510602951	-0.244827270507813	
0.06413584202528	0.0173508822917938	-0.210776448249817	-0.215718880295753	
0.0656753554940224	0.0184034667909145	-0.171814039349556	-0.17685030400753	
0.0666646733880043	0.0192378461360931	-0.13475689291954	-0.129797711968422	
0.0668697655200958	0.0198895893990994	-0.0989373773336411	-0.0770045146346092	
0.066138967871666	0.0204310286790133	-0.0637243315577507	-0.0214507319033146	
-0.0644430667161942	-0.0209479760378599	0.0285588167607784	-0.0337689779698849	
-0.0618914216756821	-0.0215125400573015	-0.00702678877860308	-0.0858848094940186	
-0.0587202869355679	-0.0221588239073753	-0.0434026271104813	-0.132831752300262	
-0.0552556253969669	-0.0228672046214342	-0.0808433666825294	-0.17350409924984	
-0.0518584661185741	-0.0235606413334608	-0.119533970952034	-0.207842066884041	
-0.0488643795251846	-0.0241136569529772	-0.159575909376144	-0.236738964915276	
-0.0465300045907497	-0.0243719276040792	-0.200992226600647	-0.261790364980698	
-0.0449975319206715	-0.0241782907396555	-0.243731424212456	-0.28493532538414	
-0.0442840829491615	-0.0234000813215971	-0.287671238183975	-0.308057695627213	
-0.0442970804870129	-0.0219527818262577	-0.332624047994614	-0.332621484994888	
-0.0448709167540073	-0.0198162030428648	-0.37834495306015	-0.359404802322388	
-0.0458155460655689	-0.0170410703867674	-0.424543619155884	-0.388376474380493	
-0.0469650514423847	-0.0137459244579077	-0.470899105072021	-0.418730556964874	
-0.0482145212590694	-0.0101057263091207	-0.517076909542084	-0.449063211679459	
-0.04953658208251	-0.00633462099358439	-0.562746345996857	-0.477649539709091	
-0.0509738549590111	-0.00266558793373406	-0.607596755027771	-0.502760887145996	
-0.0526096299290657	0.000670634093694389	-0.651350677013397	-0.522957861423492	
-0.0545244328677654	0.00346560985781252	-0.693774044513702	-0.537302136421204	
-0.0567498505115509	0.00555124366655946	-0.734682321548462	-0.545450091362	
-0.0592321306467056	0.00681520812213421	-0.773943066596985	-0.547616004943848	
-0.061816118657589	0.00721323536708951	-0.811475455760956	-0.544422447681427	
-0.0642555877566338	0.00677741365507245	-0.847246468067169	-0.536675989627838	
-0.06624985486269	0.00561910308897495	-0.881262958049774	-0.525122821331024	
-0.0675000548362732	0.00392474001273513	-0.91355973482132	-0.510240375995636	
-0.0677732676267624	0.00194287998601794	-0.944181680679321	-0.492110908031464	
-0.0669597163796425	-3.835072129732E-5	-0.973160684108734	-0.470404505729675	
-0.0651087686419487	-0.00172269868198782	-1.00048804283142	-0.444473296403885	
-0.0624333620071411	-0.00284335971809924	-1.02608454227448	-0.413533926010132	
-0.0592786185443401	-0.00320177618414164	-1.04977285861969	-0.376895725727081	
-0.0560586266219616	-0.00270109483972192	-1.0712583065033	-0.334181487560272	
-0.0531726628541946	-0.00136714731343091	-1.09012258052826	-0.285489648580551	
-0.05091792345047	0.000649239460472018	-1.10583734512329	-0.231459826231003	
-0.0494179576635361	0.00309222191572189	-1.11779844760895	-0.173224419355392	
-0.0485843382775784	0.00564286112785339	-1.12538123130798	-0.112254977226257	
-0.0481231957674026	0.00797794293612242	-1.12800967693329	-0.0501350983977318	
-0.0475895069539547	0.00983617082238197	-1.1252316236496	0.0116909919306636	
-0.0464819334447384	0.0110789854079485	-1.11678504943848	0.0721395835280418	
-0.0443614348769188	0.0117322998121381	-1.10264241695404	0.130629152059555	
-0.0409702472388744	0.0119972657412291	-1.08302092552185	0.187110617756844	
-0.0363254360854626	0.0122229205444455	-1.05835068225861	0.241978406906128	
-0.0307638552039862	0.0128405978903174	-1.02919924259186	0.295881330966949	
-0.024923263117671	0.0142681505531073	-0.996163129806519	0.349474966526031	
-0.0196557249873877	0.0167997814714909	-0.959738850593567	0.403171479701996	
-0.0158827230334282	0.0205028355121613	-0.920200407505035	0.456944853067398	
-0.0144140003249049	0.0251449048519135	-0.87750655412674	0.510238766670227	
-0.0157613772898912	0.0301719438284636	-0.831263244152069	0.562002062797546	
-0.0199829284101725	0.0347509197890759	-0.780759215354919	0.610848665237427	
-0.0265904739499092	0.0378794893622398	-0.725081324577332	0.655310869216919	
-0.0345447286963463	0.0385521277785301	-0.663301348686218	0.694130301475525	
-0.042348574846983	0.0359594933688641	-0.594712734222412	0.726520836353302	
-0.0482321977615356	0.0296877697110176	-0.519081115722656	0.752340614795685	
-0.0504071153700352	0.0198801960796118	-0.436865150928497	0.772124588489532	
-0.0473523549735546	0.00732480501756072	-0.349363058805466	0.786962270736694	
-0.0380879305303097	-0.00655859569087625	-0.258746594190598	0.798234224319458	
-0.0223899073898792	-0.01984410174191	-0.167958676815033	0.807258367538452	
-0.000908212328795344	-0.0303309895098209	-0.0804712474346161	0.814918696880341	
0.0248378701508045	-0.0358538515865803	7.63134303269908E-5	0.821360290050507	
0.0525931939482689	-0.0346279814839363	0.0703156739473343	0.82582676410675	
0.0796156600117683	-0.0255757085978985	0.127604112029076	0.826692283153534	
0.103008449077606	-0.00857730582356453	0.170425325632095	0.821701765060425	
0.120089575648308	0.0154021261259913	0.198667854070663	0.808391749858856	
0.128746002912521	0.0443416461348534	0.213725402951241	0.784620404243469	
0.127720922231674	0.0753575414419174	0.218387052416801	0.74910843372345	
0.116792507469654	0.105041995644569	0.216515615582466	0.701878845691681	
0.0968179702758789	0.129903510212898	0.212546050548553	0.644495010375977	
0.0696370601654053	0.146845981478691	0.210866436362267	0.580025911331177	
0.0378493964672089	0.153613388538361	0.215167194604874	0.51271790266037	
0.0044979932717979	0.149129241704941	0.227855041623116	0.44740417599678	
-0.0272958446294069	0.133673891425133	0.249624356627464	0.38874089717865	
-0.0546957440674305	0.108866937458515	0.279260069131851	0.340396732091904	
-0.0754631832242012	0.0774525105953217	0.313715428113937	0.304343461990356	
-0.0881809070706367	0.0429169721901417	0.34846767783165	0.280387997627258	
-0.0923622846603394	0.00899628736078739	0.378113865852356	0.266052663326263	
-0.0884391516447067	-0.0208508353680372	0.397129982709885	0.256854712963104	
-0.0776380896568298	-0.043921697884798	0.400690078735352	0.246967047452927	
-0.0617695339024067	-0.0586250722408295	0.385428488254547	0.230173453688622	
-0.0429642014205456	-0.0646583363413811	0.350032687187195	0.200972244143486	
-0.0233952309936285	-0.062980517745018	0.295575976371765	0.155647665262222	
-0.00502312975004315	-0.055589497089386	0.225534066557884	0.0931227654218674	
0.0106064397841692	-0.0451438426971436	0.145474329590797	0.0154342632740736	
0.0224918760359287	-0.0344952940940857	0.0624528639018536	-0.0722741112112999	
0.0302236136049032	-0.0262118652462959	-0.0158036537468433	-0.162267342209816	
0.0339539498090744	-0.0221715196967125	-0.0818232968449593	-0.245187655091286	
0.0343013629317284	-0.023292625322938	-0.129298225045204	-0.311342597007751	
0.0322084166109562	-0.0294421762228012	-0.153857201337814	-0.35212168097496	
0.0287755932658911	-0.0395307838916779	-0.153600096702576	-0.361323863267899	
0.0250932388007641	-0.0517703108489513	-0.129326999187469	-0.336185812950134	
0.0220912471413612	-0.0640417858958244	-0.0844368785619736	-0.277943849563599	
0.020421763882041	-0.0743028223514557	-0.0245157983154058	-0.191832542419434	
0.0203851033002138	-0.0809586346149445	0.0433247201144695	-0.086510457098484	
-0.0188606753945351	0.0778901427984238	-0.0440097562968731	0.0892831683158875	
-0.0201737638562918	0.079744353890419	-0.112116597592831	-0.0238161459565163	
-0.0225109327584505	0.0770614147186279	-0.172718986868858	-0.133280217647552	
-0.025208892300725	0.0706275627017021	-0.219123646616936	-0.22778482735157	
-0.0274311117827892	0.0618150904774666	-0.246273279190063	-0.298031210899353	
-0.0282860305160284	0.0522621013224125	-0.251181930303574	-0.337878465652466	
-0.026959165930748	0.0435075052082539	-0.233109131455421	-0.345016747713089	
-0.0228462181985378	0.0366545170545578	-0.193471744656563	-0.321096569299698	
-0.0156724080443382	0.0321303270757198	-0.135526657104492	-0.27131462097168	
-0.00558250723406672	0.0295907184481621	-0.0638823881745338	-0.203537136316299	
0.00681342789903283	0.0279903095215559	0.0160862877964973	-0.127106666564941	
0.0204505976289511	0.0258069206029177	0.0988427475094795	-0.0515196956694126	
0.0338830538094044	0.0213783290237188	0.179240986704826	0.0148302149027586	
0.04541951790452	0.0132870664820075	0.252970159053802	0.0656690299510956	
0.053311612457037	0.000718292663805187	0.316855996847153	0.0974917933344841	
0.0559755191206932	-0.016280859708786	0.369006097316742	0.109781488776207	
0.0522200874984264	-0.0366951934993267	0.408805996179581	0.104802504181862	
0.0414498709142208	-0.0586159005761147	0.436790019273758	0.0870364382863045	
0.0238108206540346	-0.0794899612665176	0.454419195652008	0.0623751729726791	
0.000251361925620586	-0.0965063273906708	0.463804364204407	0.0372106060385704	
-0.0275189634412527	-0.107054829597473	0.467409402132034	0.0175615102052689	
-0.0571772418916225	-0.10917878895998	0.467765063047409	0.00835646316409111	
-0.0860295444726944	-0.101941585540771	0.467215716838837	0.0129543263465166	
-0.111320719122887	-0.0856408923864365	0.467713922262192	0.0329375378787518	
-0.130571886897087	-0.0618295073509216	0.470670700073242	0.068167619407177	
-0.141899034380913	-0.0331347733736038	0.476864039897919	0.117054089903831	
-0.14426577091217	-0.00290271965786815	0.486405730247498	0.176963075995445	
-0.137630969285965	0.0252767596393824	0.498763203620911	0.244682624936104	
-0.122965589165688	0.0480870977044106	0.512832939624786	0.31686794757843	
-0.10213253647089	0.0629610046744347	0.527059376239777	0.390407353639603	
-0.0776432603597641	0.0684388056397438	0.539591312408447	0.462674707174301	
-0.0523245967924595	0.0643529295921326	0.548464238643646	0.531659424304962	
-0.0289435107260942	0.0518118590116501	0.55179351568222	0.59598845243454	
-0.00984465610235929	0.0329904295504093	0.547960937023163	0.654867351055145	
0.0033458243124187	0.010764891281724	0.535774111747742	0.707975745201111	
0.00990682188421488	-0.0117441471666098	0.514580845832825	0.755347788333893	
0.0100728468969464	-0.0316447354853153	0.484322547912598	0.7972611784935	
0.00494376849383116	-0.046686302870512	0.445518493652344	0.834145963191986	
-0.00372901721857488	-0.0555487908422947	0.399180918931961	0.866514027118683	
-0.0138434814289212	-0.0579678937792778	0.346671372652054	0.894902944564819	
-0.023285323753953	-0.0546851195394993	0.289516985416412	0.919824659824371	
-0.0302494373172522	-0.0472410805523396	0.229213103652	0.941712081432343	
-0.0334943681955338	-0.0376554876565933	0.167041435837746	0.960862517356873	
-0.0324921309947968	-0.0280540306121111	0.103931099176407	0.977383255958557	
-0.0274541918188334	-0.0203077159821987	0.0403842814266682	0.991150438785553	
-0.0192356258630753	-0.0157441664487123	-0.0235219430178404	1.00179541110992	
-0.00913957320153713	-0.0149744935333729	-0.0880585312843323	1.00872850418091	
0.00133998179808259	-0.0178566686809063	-0.153705298900604	1.01120603084564	
0.0107903713360429	-0.0235915165394545	-0.220973625779152	1.00843560695648	
0.0181201547384262	-0.0309246983379126	-0.29022154211998	0.999704301357269	
0.0227273218333721	-0.0384114645421505	-0.361493438482285	0.984509229660034	
0.024570619687438	-0.0446929670870304	-0.434412717819214	0.962662220001221	
0.0241368990391493	-0.0487344861030579	-0.508146524429321	0.93434727191925	
0.0223160069435835	-0.0499862767755985	-0.581449806690216	0.900113761425018	
0.0202104300260544	-0.0484442561864853	-0.652782320976257	0.860803186893463	
0.0189171526581049	-0.0446073152124882	-0.720478951931	0.817420065402985	
0.0193222351372242	-0.0393468365073204	-0.78294575214386	0.770971477031708	
0.0219443086534739	-0.0337185598909855	-0.838848173618317	0.722307503223419	
0.0268525574356318	-0.0287552271038294	-0.887261152267456	0.671997129917145	
0.0336700081825256	-0.0252789054065943	-0.92775571346283	0.620268821716309	
0.0416570119559765	-0.0237655825912952	-0.960408508777618	0.567032277584076	
0.04985561221838	-0.0242825038731098	-0.985734522342682	0.511980473995209	
0.0572654008865356	-0.0265040602535009	-1.00455510616302	0.45475497841835	
0.0630176141858101	-0.0297971777617931	-1.01782464981079	0.395140200853348	
0.0665162280201912	-0.0333553291857243	-1.02644681930542	0.333245724439621	
0.0675229728221893	-0.0363529920578003	-1.03110957145691	0.269633680582047	
0.0661745965480804	-0.0380910076200962	-1.03216910362244	0.205358803272247	
0.062934122979641	-0.0381074622273445	-1.02959871292114	0.141903609037399	
0.0584897063672543	-0.0362371504306793	-1.02300977706909	0.0810139328241348	
0.0536233857274055	-0.0326136276125908	-1.01174139976501	0.0244604237377644	
0.0490761213004589	-0.0276189558207989	-0.995000064373016	-0.0262305587530136	
0.0454338863492012	-0.021795341745019	-0.972025513648987	-0.0700238198041916	
0.0430538915097713	-0.0157385803759098	-0.942255854606628	-0.106548443436623	
0.0420405268669128	-0.00999451335519552	-0.905463755130768	-0.136157229542732	
0.0422703586518764	-0.00497704464942217	-0.861843585968018	-0.159853100776672	
0.0434559546411037	-0.000920144084375352	-0.812037289142609	-0.179088905453682	
0.0452315136790276	0.00213142670691013	-0.757096290588379	-0.195472493767738	
0.0472404882311821	0.00429587904363871	-0.698388457298279	-0.210429564118385	
0.0492068342864513	0.00580227933824062	-0.637465238571167	-0.22488808631897	
0.0509765930473804	0.00692603969946504	-0.575910925865173	-0.239046469330788	
0.0525240264832973	0.00792629644274712	-0.51519513130188	-0.252274841070175	
0.0539247915148735	0.00899729784578085	-0.456549286842346	-0.26317498087883	
0.0553056746721268	0.0102415857836604	-0.400880247354507	-0.269795119762421	
0.0567851215600967	0.011667288839817	-0.3487289249897	-0.269965708255768	
0.0584198385477066	0.0132065657526255	-0.300273776054382	-0.261698991060257	
0.0601706728339195	0.0147481150925159	-0.255372047424316	-0.243579745292664	
0.0618956945836544	0.0161745436489582	-0.213628202676773	-0.215075880289078	
0.0633718520402908	0.0173954013735056	-0.174475640058517	-0.176708891987801	
0.0643397942185402	0.0183687470853329	-0.137259364128113	-0.130049914121628	
0.064561128616333	0.0191074069589376	-0.101308725774288	-0.0775380656123161	
0.0638747364282608	0.0196699630469084	-0.0659937262535095	-0.0221506971865892	
-0.0622390583157539	-0.0201399605721235	0.0307621397078037	-0.0330180712044239	
-0.0597506016492844	-0.0205991398543119	-0.0048415120691061	-0.0851964801549911	
-0.0566343627870083	-0.0211014412343502	-0.0411712974309921	-0.132315143942833	
-0.0532081723213196	-0.0216537583619356	-0.0784845426678658	-0.173262014985085	
-0.0498287528753281	-0.0222075823694468	-0.116950832307339	-0.207969576120377	
-0.0468311756849289	-0.0226630195975304	-0.156661331653595	-0.23732303082943	
-0.0444747060537338	-0.0228839870542288	-0.197636231780052	-0.262910336256027	
-0.0429063178598881	-0.0227212272584438	-0.239829868078232	-0.286664247512817	
-0.0421490333974361	-0.022038521245122	-0.283134281635284	-0.310464352369308	
-0.0421164222061634	-0.0207372922450304	-0.327382922172546	-0.335772663354874	
-0.0426487512886524	-0.0187755767256022	-0.37235614657402	-0.36336749792099	
-0.043561365455389	-0.0161787662655115	-0.417789936065674	-0.393219769001007	
-0.044693261384964	-0.0130412075668573	-0.463387727737427	-0.424526661634445	
-0.0459440238773823	-0.00951922778040171	-0.508835017681122	-0.455887526273727	
-0.047290276736021	-0.00581726618111134	-0.553815722465515	-0.485579669475555	
-0.048777848482132	-0.00216923910193145	-0.598028182983398	-0.511874794960022	
-0.0504918470978737	0.00118273950647563	-0.641199707984924	-0.533330917358398	
-0.0525124333798885	0.00401048315688968	-0.683098673820496	-0.549004077911377	
-0.0548678711056709	0.00612129550427198	-0.723542928695679	-0.558541417121887	
-0.0574976280331612	0.00737776141613722	-0.76240473985672	-0.562144994735718	
-0.0602362230420113	0.00771446665748954	-0.799611568450928	-0.560422480106354	
-0.0628241971135139	0.00715003348886967	-0.835142731666565	-0.554163753986359	
-0.0649459809064865	0.00579247856512666	-0.86902129650116	-0.544097542762756	
-0.0662880465388298	0.00383577751927078	-0.901300191879272	-0.53068345785141	
-0.0666051357984543	0.00154591316822916	-0.932042837142944	-0.513986766338348	
-0.0657795891165733	-0.000764216354582459	-0.961298048496246	-0.493661314249039	
-0.0638589859008789	-0.00276986486278474	-0.989070355892181	-0.469044536352158	
-0.061061404645443	-0.00417610909789801	-1.01528918743134	-0.439339637756348	
-0.0577439665794373	-0.00476055685430765	-1.0397812128067	-0.403843820095062	
-0.0543384402990341	-0.00440993998199701	-1.06225109100342	-0.362168908119202	
-0.051265474408865	-0.0031430444214493	-1.08227634429932	-0.314403772354126	
-0.0488447211682796	-0.00111357180867344	-1.09932196140289	-0.261179685592651	
-0.047220591455698	0.00141063961200416	-1.11277484893799	-0.203622281551361	
-0.0463214665651321	0.00409144721925259	-1.12199914455414	-0.143198117613792	
-0.0458644442260265	0.00658185733482242	-1.12640559673309	-0.0814877077937126	
-0.045408695936203	0.00859511271119118	-1.12552416324615	-0.0199338756501675	
-0.0444502718746662	0.00996825564652681	-1.11906957626343	0.0403797999024391	
-0.0425414070487022	0.0107061062008142	-1.10698425769806	0.098871611058712	
-0.0394107475876808	0.0109935952350497	-1.08944833278656	0.155493229627609	
-0.0350582413375378	0.0111692659556866	-1.06684792041779	0.21064230799675	
-0.0298013836145401	0.0116599276661873	-1.03970289230347	0.2649747133255	
-0.0242572836577892	0.0128847025334835	-1.00856137275696	0.319157868623734	
-0.0192566812038422	0.0151444701477885	-0.973875939846039	0.373620867729187	
-0.015699515119195	0.0185182671993971	-0.935886263847351	0.428358763456345	
-0.0143742971122265	0.0227900445461273	-0.894530773162842	0.482838243246078	
-0.015772856771946	0.0274265129119158	-0.849412381649017	0.536029636859894	
-0.0199360642582178	0.0316194482147694	-0.799834966659546	0.586562871932983	
-0.0263636168092489	0.034394770860672	-0.744916796684265	0.632975459098816	
-0.0340120419859886	0.0347776487469673	-0.683773040771484	0.673999130725861	
-0.0413909740746021	0.0319901406764984	-0.615745604038239	0.708819448947906	
-0.0467508845031261	0.0256482493132353	-0.5406454205513	0.737245798110962	
-0.0483384802937508	0.0159204881638288	-0.458965450525284	0.759745061397552	
-0.0446824319660664	0.00361237954348326	-0.372019797563553	0.777321994304657	
-0.0348640605807304	-0.00984975416213274	-0.281973391771317	0.791262686252594	
-0.018727146089077	-0.0225470848381519	-0.191738322377205	0.802788138389587	
0.00301158730871975	-0.032301127910614	-0.10473407804966	0.812692761421204	
0.0287756510078907	-0.0369839482009411	-0.0245320685207844	0.821048557758331	
0.0562710464000702	-0.0348618514835835	0.0455741472542286	0.827050685882568	
0.0827426686882973	-0.0249182060360909	0.103013217449188	0.829054892063141	
0.105311304330826	-0.00709921028465033	0.146326616406441	0.824820458889008	
0.121344245970249	0.0175654888153076	0.175438269972801	0.811928868293762	
0.128805935382843	0.0469985567033291	0.191749185323715	0.788308799266815	
0.12653760612011	0.0782744437456131	0.198025315999985	0.7527676820755	
0.11442469805479	0.10796333104372	0.198077708482742	0.705421268939972	
0.0934276953339577	0.132574871182442	0.196266159415245	0.647919714450836	
0.0654720962047577	0.149038180708885	0.196888193488121	0.583402514457703	
0.0332142449915409	0.155144691467285	0.203537777066231	0.516162037849426	
-0.000282902474282309	0.149883210659027	0.218528538942337	0.451048880815506	
-0.0319174639880657	0.133610561490059	0.242473378777504	0.392707347869873	
-0.0589087344706059	0.108025968074799	0.274093240499496	0.344769090414047	
-0.0791015699505806	0.0759477987885475	0.310297816991806	0.309150964021683	
-0.091177225112915	0.0409232452511787	0.346541285514832	0.28559672832489	
-0.0947478860616684	0.00672932574525476	0.377415865659714	0.271567493677139	
-0.0903299599885941	-0.0231580398976803	0.397406846284866	0.262530595064163	
-0.0792083144187927	-0.0460438504815102	0.401707142591476	0.252627313137054	
-0.0632179528474808	-0.0603675097227097	0.386974990367889	0.235631629824638	
-0.0444786138832569	-0.0658751353621483	0.351923376321793	0.206053659319878	
-0.0251211673021317	-0.0635856539011002	0.297650665044785	0.160207375884056	
-0.00704182870686054	-0.0555597245693207	0.227656632661819	0.0970570147037506	
0.00828724261373281	-0.0445132702589035	0.147532105445862	0.0186841990798712	
0.0199332609772682	-0.0333426780998707	0.0643571466207504	-0.0697263404726982	
0.0275382082909346	-0.0246427077800035	-0.0141161438077688	-0.160408541560173	
0.0312796831130981	-0.0202977806329727	-0.0803886353969574	-0.243986934423447	
0.0317713432013988	-0.0212132036685944	-0.128124117851257	-0.310764849185944	
0.0299227833747864	-0.027227234095335	-0.152923420071602	-0.352138072252274	
0.0267805960029364	-0.0372123494744301	-0.152861297130585	-0.361916959285736	
0.0233715027570724	-0.0493406914174557	-0.128718182444572	-0.337347835302353	
0.0205649640411139	-0.0614600740373135	-0.0838809981942177	-0.279668718576431	
0.0189680829644203	-0.0715085119009018	-0.0239326469600201	-0.194103002548218	
0.0188606753945351	-0.0778901427984238	0.0440097562968731	-0.0892831683158875	
-0.0173132680356503	0.0747267529368401	-0.0446411743760109	0.0919471085071564	
-0.0184109881520271	0.0762358158826828	-0.112901374697685	-0.0207490716129541	
-0.0204336903989315	0.073211096227169	-0.173701852560043	-0.129928350448608	
-0.0227765142917633	0.0664912015199661	-0.220331788063049	-0.224314987659454	
-0.0246711876243353	0.0575053952634335	-0.247719079256058	-0.294652104377747	
-0.0252909697592258	0.0479441210627556	-0.252868473529816	-0.334825128316879	
-0.0238699149340391	0.0393846184015274	-0.235036984086037	-0.342527806758881	
-0.0198260117322206	0.0329464487731457	-0.195645034313202	-0.319387584924698	
-0.012875490821898	0.0290459077805281	-0.137956663966179	-0.270551979541779	
-0.00312371854670346	0.0272990576922894	-0.0665871351957321	-0.203816473484039	
0.00888223014771938	0.0265946239233017	0.0130870305001736	-0.128440633416176	
0.0221525467932224	0.025325108319521	0.0955367311835289	-0.0538371205329895	
0.035314004868269	0.0217336118221283	0.175635516643524	0.0116724325343966	
0.0467314459383488	0.0143108051270247	0.249104678630829	0.0618625245988369	
0.0546843409538269	0.00216534431092441	0.31281253695488	0.0932449474930763	
0.0575815960764885	-0.014705641195178	0.364914923906326	0.105283915996552	
0.0541892275214195	-0.0353024043142796	0.404844790697098	0.100191205739975	
0.0438394285738468	-0.0576933845877647	0.43317523598671	0.0823691934347153	
0.026588037610054	-0.0792660415172577	0.451390624046326	0.0576154999434948	
0.0032909968867898	-0.0971196070313454	0.461604326963425	0.0322272032499313	
-0.0244205500930548	-0.108534827828407	0.466259956359863	0.0121427020058036	
-0.0542734861373901	-0.111440345644951	0.467846542596817	0.00223794346675277	
-0.0835850611329079	-0.10479411482811	0.468650430440903	0.00585635006427765	
-0.109568975865841	-0.0888113155961037	0.470558047294617	0.0246062111109495	
-0.129676386713982	-0.0649960488080978	0.474916011095047	0.0584142468869686	
-0.141924485564232	-0.0359669215977192	0.482449740171432	0.105786792933941	
-0.145164340734482	-0.00510199181735516	0.493238508701324	0.164206057786942	
-0.139245986938477	0.0239407755434513	0.506742596626282	0.230580389499664	
-0.12505230307579	0.0477503091096878	0.521877825260162	0.301673978567123	
-0.104392535984516	0.0636514127254486	0.537130892276764	0.37445917725563	
-0.0797670483589172	0.0700775980949402	0.55070823431015	0.446359217166901	
-0.0540353432297707	0.0667695701122284	0.560707867145538	0.515373945236206	
-0.0300350673496723	0.0547705627977848	0.565301060676575	0.580102920532227	
-0.0102078709751368	0.0362238325178623	0.562907636165619	0.639693319797516	
0.00371229788288474	0.0140099469572306	0.552347481250763	0.693746507167816	
0.0109024792909622	-0.00871331058442593	0.532950103282928	0.74221134185791	
0.0115164220333099	-0.0289914831519127	0.504608750343323	0.785286962985992	
0.00660546217113733	-0.0444969199597836	0.467769682407379	0.82334291934967	
-0.00208986434154212	-0.0538300909101963	0.423356652259827	0.85685658454895	
-0.0124415960162878	-0.0566565319895744	0.372638344764709	0.886360287666321	
-0.0222794618457556	-0.0536664202809334	0.317056894302368	0.912388205528259	
-0.0297235324978828	-0.0463737286627293	0.258040994405746	0.935416698455811	
-0.0334521792829037	-0.0367979109287262	0.196831524372101	0.955798387527466	
-0.0328652784228325	-0.0270881652832031	0.134345889091492	0.973696231842041	
-0.0281212478876114	-0.0191566236317158	0.0711023360490799	0.98903226852417	
-0.0200481340289116	-0.0143812131136656	0.00721634831279516	1.00146400928497	
-0.00995003432035446	-0.0134232994168997	-0.0575307346880436	1.0104033946991	
0.000653141818474978	-0.0161826517432928	-0.123562537133694	1.01508164405823	
0.0103049147874117	-0.0218871980905533	-0.191339954733849	1.01465666294098	
0.0178617276251316	-0.0292918272316456	-0.261184006929398	1.00834739208221	
0.0226713251322508	-0.0369433350861073	-0.333120137453079	0.995572328567505	
0.0246529635041952	-0.0434599965810776	-0.406771600246429	0.976063430309296	
0.0242708250880241	-0.0477753728628159	-0.481321543455124	0.949932217597961	
0.0224112719297409	-0.0493057817220688	-0.555551409721375	0.91767019033432	
0.0201910175383091	-0.0480174385011196	-0.627950370311737	0.880079984664917	
0.0187342334538698	-0.0443888977169991	-0.69687819480896	0.838147640228271	
0.018960302695632	-0.0392834059894085	-0.760754823684692	0.792880535125732	
0.0214198660105467	-0.0337610393762589	-0.818244397640228	0.745143830776215	
0.026206236332655	-0.0288690887391567	-0.868404030799866	0.695531129837036	
0.0329542607069016	-0.0254502650350332	-0.91077196598053	0.64429897069931	
0.0409222207963467	-0.0240021403878927	-0.94538140296936	0.59138286113739	
0.0491375774145126	-0.0246094688773155	-0.97269868850708	0.536495685577393	
0.0565767884254456	-0.0269561298191547	-0.993497133255005	0.479290425777435	
0.0623448900878429	-0.0304084587842226	-1.00868928432465	0.419554352760315	
0.0658225044608116	-0.0341493859887123	-1.01914632320404	0.357393026351929	
0.066755935549736	-0.0373351760208607	-1.02553498744965	0.293360650539398	
0.0652776584029198	-0.0392446666955948	-1.028200507164	0.2285036444664	
0.0618584677577019	-0.0393948443233967	-1.02711272239685	0.164299637079239	
0.0572046935558319	-0.0376048199832439	-1.02188432216644	0.102495744824409	
0.0521233007311821	-0.0340012945234776	-1.01185607910156	0.0448718927800655	
0.0473819635808468	-0.028969993814826	-0.996233463287354	-0.00702787144109607	
0.0435900092124939	-0.0230668149888515	-0.974251449108124	-0.052143257111311	
0.0411202423274517	-0.0169088114053011	-0.945339262485504	-0.0900728702545166	
0.040082111954689	-0.0110666453838348	-0.909258186817169	-0.121136352419853	
0.0403460152447224	-0.00597783317789435	-0.866191923618317	-0.146303743124008	
0.0416085310280323	-0.00189418741501868	-0.816775143146515	-0.166997894644737	
0.0434812568128109	0.00113095180131495	-0.762059032917023	-0.184801489114761	
0.0455827303230762	0.00321820960380137	-0.703419804573059	-0.20112107694149	
0.047614187002182	0.00460967049002647	-0.642426371574402	-0.216871529817581	
0.0494050495326519	0.00560193322598934	-0.580688714981079	-0.232243523001671	
0.0509216487407684	0.00647945888340473	-0.519707560539246	-0.246603593230247	
0.0522412694990635	0.00746109755709767	-0.460747331380844	-0.258552312850952	
0.0535010322928429	0.00866849161684513	-0.404745876789093	-0.266137510538101	
0.0548360273241997	0.0101195927709341	-0.352269947528839	-0.267188727855682	
0.056322630494833	0.0117450458928943	-0.303516179323196	-0.259715795516968	
0.0579408183693886	0.0134207466617227	-0.258351981639862	-0.242299512028694	
0.0595640502870083	0.0150073766708374	-0.216384395956993	-0.214402228593826	
0.0609787367284298	0.0163873285055161	-0.177044495940208	-0.176539182662964	
0.0619280412793159	0.0174911599606276	-0.139672800898552	-0.130275443196297	
0.0621694885194302	0.0183088425546885	-0.103595368564129	-0.0780453979969025	
0.0615326724946499	0.0188849326223135	-0.0681827217340469	-0.0228236764669418	
-0.0599636919796467	-0.0193003714084625	0.0328884944319725	-0.032295536249876	
-0.0575459860265255	-0.0196462590247393	-0.00273144454695284	-0.0845375433564186	
-0.0544929094612598	-0.0199962481856346	-0.039015706628561	-0.131827369332314	
-0.0511136613786221	-0.0203838497400284	-0.0762045532464981	-0.173045322299004	
-0.0477600991725922	-0.020789410918951	-0.11445202678442	-0.208115205168724	
-0.0447662845253944	-0.0211391020566225	-0.15383842587471	-0.237913355231285	
-0.0423937141895294	-0.0213156472891569	-0.194380238652229	-0.264019876718521	
-0.0407939180731773	-0.0211782064288855	-0.236036583781242	-0.288361489772797	
-0.0399957671761513	-0.0205873493105173	-0.278712600469589	-0.312813997268677	
-0.0399191193282604	-0.0194305349141359	-0.322261780500412	-0.338838189840317	
-0.0404103808104992	-0.0176438502967358	-0.366488993167877	-0.367213487625122	
-0.0412906035780907	-0.0152269201353192	-0.411155968904495	-0.397913545370102	
-0.0424039922654629	-0.0122492760419846	-0.455990225076675	-0.430139243602753	
-0.0436548441648483	-0.00884794071316719	-0.500697374343872	-0.462493360042572	
-0.0450238846242428	-0.00521703902631998	-0.544975817203522	-0.493255525827408	
-0.0465601123869419	-0.00159099255688488	-0.588533163070679	-0.520697474479675	
-0.0483502671122551	0.00177688477560878	-0.631101548671722	-0.543374717235565	
-0.0504738800227642	0.0046385582536459	-0.672451734542847	-0.56033730506897	
-0.0529556162655354	0.00677640130743384	-0.712403953075409	-0.571223437786102	
-0.0557278767228127	0.00802743434906006	-0.750834941864014	-0.576223313808441	
-0.0586146898567677	0.00830459129065275	-0.787680268287659	-0.57593047618866	
-0.0613432861864567	0.00761262280866504	-0.82293164730072	-0.571119070053101	
-0.0635833069682121	0.00605599069967866	-0.856628239154816	-0.56250137090683	
-0.0650067552924156	0.00383624713867903	-0.88884162902832	-0.550520658493042	
-0.0653564184904099	0.00123708136379719	-0.919654369354248	-0.535226106643677	
-0.0645071715116501	-0.00140337820630521	-0.949132859706879	-0.516256749629974	
-0.0625053271651268	-0.00373136950656772	-0.977295696735382	-0.492936134338379	
-0.0595746673643589	-0.00542340101674199	-1.00408208370209	-0.464454621076584	
-0.0560848563909531	-0.00623300345614552	-1.02932345867157	-0.430097818374634	
-0.0524858646094799	-0.00603056512773037	-1.05272424221039	-0.389466911554337	
-0.0492201559245586	-0.0048282528296113	-1.07385838031769	-0.342641234397888	
-0.0466301925480366	-0.00278340978547931	-1.09218370914459	-0.290243774652481	
-0.0448814332485199	-0.000176883782842197	-1.10707807540894	-0.23339319229126	
-0.0439190492033958	0.00263286288827658	-1.11789464950562	-0.173550724983215	
-0.0434708259999752	0.00527401734143496	-1.12402963638306	-0.112293176352978	
-0.0430995635688305	0.00743359001353383	-1.12499558925629	-0.0510611571371555	
-0.0422977954149246	0.00892387330532074	-1.12048399448395	0.00906304642558098	
-0.0406078733503819	0.00972877629101276	-1.11040818691254	0.0674989596009254	
-0.0377434715628624	0.0100177647545934	-1.09491229057312	0.124200642108917	
-0.0336859710514545	0.0101201795041561	-1.07434034347534	0.179570659995079	
-0.0287321675568819	0.0104600228369236	-1.04916656017303	0.234273537993431	
-0.0234774835407734	0.0114596709609032	-1.01989281177521	0.288989961147308	
-0.0187308266758919	0.0134287318214774	-0.9869304895401	0.344166785478592	
-0.0153708029538393	0.0164598245173693	-0.950486540794373	0.399820357561111	
-0.0141657134518027	0.0203548073768616	-0.910480737686157	0.455440044403076	
-0.015589258633554	0.0246021598577499	-0.866513609886169	0.510016739368439	
-0.0196677297353745	0.0284188333898783	-0.81790417432785	0.56219470500946	
-0.0258918553590775	0.0308586526662111	-0.763801038265228	0.610514938831329	
-0.0332173407077789	0.0309763513505459	-0.703360795974731	0.653697609901428	
-0.0401637814939022	0.0280235875397921	-0.635971009731293	0.690898597240448	
-0.045004528015852	0.0216437429189682	-0.561484754085541	0.721877753734589	
-0.0460231155157089	0.0120277190580964	-0.480425357818604	0.747033774852753	
-0.0417982041835785	-4.60838055005297E-6	-0.394119292497635	0.767288088798523	
-0.0314713381230831	-0.0130235403776169	-0.304721176624298	0.783833861351013	
-0.0149514954537153	-0.0251201931387186	-0.215109243988991	0.797798156738281	
0.00698156375437975	-0.0341406166553497	-0.128648340702057	0.80988883972168	
0.0326987951993942	-0.0379957966506481	-0.0488406307995319	0.820107936859131	
0.0598724149167538	-0.0350034162402153	0.0210954211652279	0.827605307102203	
0.0857392176985741	-0.0242069810628891	0.0786591544747353	0.830720901489258	
0.107441879808903	-0.00561643578112125	0.122448168694973	0.827229917049408	
0.122400015592575	0.0196774303913116	0.152419567108154	0.81475967168808	
0.128657191991806	0.0495452471077442	0.16997879743576	0.791308760643005	
0.125152602791786	0.0810246020555496	0.177865773439407	0.75577050447464	
0.11187731474638	0.110668711364269	0.179836943745613	0.708351194858551	
0.0898920148611069	0.134993001818657	0.180174618959427	0.650785207748413	
0.0612039119005203	0.150955379009247	0.18308413028717	0.5862797498703	
0.0285214968025684	0.156396880745888	0.192062109708786	0.519170165061951	
-0.00507687916979194	0.150371909141541	0.209329321980476	0.454321444034576	
-0.036512803286314	0.133312165737152	0.235418230295181	0.396363228559494	
-0.0630643516778946	0.106993146240711	0.268987596035004	0.348887741565704	
-0.0826617181301117	0.0743026286363602	0.306905776262283	0.313754856586456	
-0.0940852910280228	0.0388430096209049	0.344606518745422	0.290643483400345	
-0.0970454812049866	0.00442653940990567	0.376679509878159	0.276952534914017	
-0.0921416059136391	-0.0254588704556227	0.397621393203735	0.268098950386047	
-0.0807144865393639	-0.048129890114069	0.402645230293274	0.258192598819733	
-0.0646209195256233	-0.0620587840676308	0.38843360543251	0.24099862575531	
-0.0459669530391693	-0.0670406147837639	0.353724718093872	0.211040645837784	
-0.0268387719988823	-0.0641523972153664	0.299640953540802	0.164664641022682	
-0.0090665090829134	-0.0555140674114227	0.229704394936562	0.100878901779652	
0.00595223437994719	-0.0438942275941372	0.149527415633202	0.0218130331486464	
0.017353743314743	-0.0322287790477276	0.066211961209774	-0.0673042386770248	
0.0248310808092356	-0.0231343377381563	-0.012466280721128	-0.158673241734505	
0.028586070984602	-0.0184978526085615	-0.0789824053645134	-0.242899090051651	
0.0292261391878128	-0.0192091166973114	-0.126972705125809	-0.310280203819275	
0.0276263244450092	-0.0250769220292568	-0.152010411024094	-0.352219343185425	
0.0247778743505478	-0.0349366366863251	-0.15214504301548	-0.362539976835251	
0.0216427464038134	-0.0469231978058815	-0.128136798739433	-0.338501214981079	
0.0190293062478304	-0.0588547401130199	-0.0833598524332047	-0.281346380710602	
0.0174995306879282	-0.0686536505818367	-0.023393178358674	-0.196291625499725	
0.0173132680356503	-0.0747267529368401	0.0446411743760109	-0.0919471085071564	
-0.0157447662204504	0.0714723244309425	-0.0452182069420815	0.0944990217685699	
-0.016618276014924	0.0726091638207436	-0.113620735704899	-0.0178125593811274	
-0.0183176789432764	0.0692230835556984	-0.174608200788498	-0.126713156700134	
-0.0202981121838093	0.062205720692873	-0.221452593803406	-0.220975205302238	
-0.0218611657619476	0.0530428104102612	-0.249067351222038	-0.291384905576706	
-0.0222463421523571	0.0434757955372334	-0.254448443651199	-0.331856608390808	
-0.0207372345030308	0.0351184830069542	-0.236850932240486	-0.340091109275818	
-0.0167745687067509	0.0291050113737583	-0.197699785232544	-0.317696779966354	
-0.0100652975961566	0.0258393697440624	-0.140267223119736	-0.269775450229645	
-0.000674350594636053	0.0248971115797758	-0.0691764205694199	-0.20405475795269	
0.0109159518033266	0.0251009576022625	0.0101933917030692	-0.129712790250778	
0.0237931478768587	0.0247585214674473	0.0923199653625488	-0.0560785047709942	
0.0366594530642033	0.0220189690589905	0.172096282243729	0.00859962869435549	
0.047938633710146	0.0152817703783512	0.245276361703873	0.058146957308054	
0.0559404939413071	0.00357932993210852	0.308772385120392	0.089094877243042	
0.0590685866773129	-0.0131416628137231	0.360790461301804	0.100891590118408	
0.0560470782220364	-0.0338981486856937	0.40081325173378	0.0956983640789986	
0.0461357198655605	-0.0567377805709839	0.429455101490021	0.0778392255306244	
0.0292989797890186	-0.0789909288287163	0.448225855827332	0.0530169494450092	
0.00629803631454706	-0.0976695790886879	0.459243029356003	0.0274316854774952	
-0.021317470818758	-0.109947428107262	0.464930385351181	0.00693812873214483	
-0.0513277612626553	-0.113639608025551	0.467734605073929	-0.00364448223263025	
-0.0810647755861282	-0.107598535716534	0.469882249832153	-0.000992339802905917	
-0.107714146375656	-0.0919554531574249	0.47319084405899	0.016525112092495	
-0.128659173846245	-0.0681629851460457	0.478939265012741	0.0488974079489708	
-0.141819223761559	-0.0388272851705551	0.48779684305191	0.0947269275784492	
-0.14593243598938	-0.00735429814085364	0.499807327985764	0.151612967252731	
-0.140738323330879	0.0225338935852051	0.514421939849854	0.21658681333065	
-0.127028986811638	0.0473348088562489	0.530575096607208	0.286525458097458	
-0.106556721031666	0.0642670392990112	0.546796679496765	0.358489811420441	
-0.0818073078989983	0.0716573148965836	0.561353385448456	0.42995685338974	
-0.0556698739528656	0.0691528469324112	0.572409629821777	0.49894043803215	
-0.0310505721718073	0.0577283352613449	0.578197240829468	0.564014971256256	
-0.0104870991781354	0.0394911617040634	0.577179253101349	0.624270141124725	
0.00417839223518968	0.0173215307295322	0.568192303180695	0.679227828979492	
0.0120193660259247	-0.00558990053832531	0.550551176071167	0.728749632835388	
0.0131060453131795	-0.0262294225394726	0.524103343486786	0.772952914237976	
0.00843784213066101	-0.0421939939260483	0.489222675561905	0.812143266201019	
-0.000259053253103048	-0.0520044900476933	0.446743279695511	0.846760809421539	
-0.0108337970450521	-0.0552544072270393	0.397838711738586	0.877330780029297	
-0.0210622977465391	-0.0525792427361012	0.34386271238327	0.904409050941467	
-0.0289907306432724	-0.0454621389508247	0.286173790693283	0.928516387939453	
-0.0332168713212013	-0.0359179005026817	0.225968569517136	0.950062990188599	
-0.0330667980015278	-0.0261153690516949	0.164150059223175	0.969271242618561	
-0.0286432299762964	-0.0180050823837519	0.101251035928726	0.986112356185913	
-0.0207439959049225	-0.0130140734836459	0.0374250933527946	1.00027430057526	
-0.0106709199026227	-0.01185442507267	-0.0274933371692896	1.01117324829102	
3.29352733388077E-5	-0.0144696934148669	-0.0938700214028358	1.01801729202271	
0.00986918993294239	-0.0201180279254913	-0.162113338708878	1.01991522312164	
0.0176429655402899	-0.0275672320276499	-0.232505336403847	1.0160174369812	
0.0226513780653477	-0.0353592708706856	-0.30505108833313	1.00566172599792	
0.0247727353125811	-0.04209253937006	-0.37937331199646	0.988497853279114	
0.024446340277791	-0.0466707535088062	-0.454671859741211	0.964562594890594	
0.0225524939596653	-0.0484768375754356	-0.529756247997284	0.934287190437317	
0.0202196314930916	-0.0474465452134609	-0.603147804737091	0.898433864116669	
0.0185971055179834	-0.0440361835062504	-0.673234283924103	0.857969462871552	
0.018636416643858	-0.0390982814133167	-0.738452672958374	0.813901841640472	
0.0209199730306864	-0.0336944498121738	-0.797468543052673	0.767112255096436	
0.0255659557878971	-0.0288840420544147	-0.849323153495789	0.718220353126526	
0.0322225652635098	-0.025528609752655	-0.893523156642914	0.667511940002441	
0.0401480756700039	-0.024146493524313	-0.930058062076569	0.614949524402618	
0.0483576133847237	-0.024840172380209	-0.959344625473022	0.560266375541687	
0.0558065548539162	-0.0273041520267725	-0.982106566429138	0.503126442432404	
0.0615753047168255	-0.0309059526771307	-0.999212384223938	0.443318903446198	
0.0650220215320587	-0.0348200164735317	-1.01149892807007	0.380943566560745	
0.06587765365839	-0.0381863154470921	-1.01961004734039	0.316544622182846	
0.0642698183655739	-0.0402631610631943	-1.02387928962708	0.251158207654953	
0.0606759078800678	-0.0405472069978714	-1.02427291870117	0.186255276203156	
0.0558189377188683	-0.0388418734073639	-1.02040505409241	0.123583093285561	
0.0505292452871799	-0.0352663137018681	-1.01161909103394	0.0649304389953613	
0.0455998815596104	-0.0302086621522903	-0.997120678424835	0.0118592903017998	
0.0416625663638115	-0.0242370404303074	-0.976141035556793	-0.0345441251993179	
0.0391052141785622	-0.0179883316159248	-0.948100924491882	-0.0738467872142792	
0.0380423367023468	-0.0120568946003914	-0.912750482559204	-0.106334030628204	
0.038338553160429	-0.00690323486924171	-0.87026184797287	-0.132942080497742	
0.0396751128137112	-0.00279693864285946	-0.821261346340179	-0.155063331127167	
0.0416417680680752	0.000199628921109252	-0.766798138618469	-0.174255430698395	
0.0438328124582767	0.00220868200995028	-0.708254873752594	-0.191906422376633	
0.0459272563457489	0.00348432129248977	-0.647216379642487	-0.208919167518616	
0.0477381385862827	0.00434336997568607	-0.585316836833954	-0.225477904081345	
0.0492238365113735	0.00509487604722381	-0.524087369441986	-0.240946710109711	
0.0504630692303181	0.00598189933225513	-0.464825123548508	-0.253925859928131	
0.0516029633581638	0.00714517990127206	-0.408499479293823	-0.2624631524086	
0.052794948220253	0.00861283577978611	-0.355703920125961	-0.264386981725693	
0.0541348718106747	0.0103145688772202	-0.306654512882233	-0.257704079151154	
0.0556217804551125	0.0121141327545047	-0.261229932308197	-0.240989983081818	
0.0571446791291237	0.013850879855454	-0.219040930271149	-0.213700219988823	
0.0584996975958347	0.0153804598376155	-0.179516807198524	-0.176342487335205	
0.0594328865408897	0.0166060905903578	-0.141993761062622	-0.13047482073307	
0.0596980191767216	0.0174948126077652	-0.105794250965118	-0.0785262659192085	
0.0591156482696533	0.0180768948048353	-0.0702886432409286	-0.0234688464552164	
-0.0576195754110813	-0.0184303261339664	0.0349355936050415	-0.0316026546061039	
-0.0552800297737122	-0.0186552684754133	-0.000698568124789745	-0.0839096158742905	
-0.0522983856499195	-0.0188449267297983	-0.0369376540184021	-0.131370261311531	
-0.0489746928215027	-0.0190594773739576	-0.0740051865577698	-0.172856077551842	
-0.0456553846597672	-0.0193083956837654	-0.11203957349062	-0.208281084895134	
-0.0426729433238506	-0.019544368609786	-0.151109740138054	-0.23851215839386	
-0.0402906499803066	-0.0196694601327181	-0.191227599978447	-0.265121281147003	
-0.0386643074452877	-0.0195517428219318	-0.232355937361717	-0.290029317140579	
-0.0378285646438599	-0.0190489441156387	-0.274411886930466	-0.315108865499496	
-0.0377096757292747	-0.0180346835404634	-0.317268013954163	-0.341820240020752	
-0.0381604321300983	-0.0164229553192854	-0.360752761363983	-0.370944738388062	
-0.0390079244971275	-0.0141872158274055	-0.404653072357178	-0.402459532022476	
-0.0401018895208836	-0.011371610686183	-0.448720306158066	-0.435569554567337	
-0.0413515903055668	-0.00809320248663425	-0.492679953575134	-0.468881338834763	
-0.042741984128952	-0.00453519728034735	-0.536245286464691	-0.50067675113678	
-0.0443251915276051	-0.000932083174120635	-0.579133033752441	-0.529227614402771	
-0.0461894273757935	0.00245183426886797	-0.62108039855957	-0.553086459636688	
-0.0484133288264275	0.00534861674532294	-0.661860525608063	-0.571297526359558	
-0.0510176531970501	0.00751542393118143	-0.701295852661133	-0.583490014076233	
-0.0539274662733078	0.00876328069716692	-0.739267349243164	-0.589842855930328	
-0.0569561049342155	0.00898300390690565	-0.775718569755554	-0.590935945510864	
-0.0598174482584	0.00816508196294308	-0.810653448104858	-0.587528884410858	
-0.062166441231966	0.00641020713374019	-0.844127357006073	-0.580318689346313	
-0.0636608973145485	0.00392751675099134	-0.876230657100677	-0.569733381271362	
-0.0640320032835007	0.00101863651070744	-0.907065689563751	-0.555807590484619	
-0.0631477013230324	-0.00195268483366817	-0.93671703338623	-0.538166463375092	
-0.0610535591840744	-0.00460322573781013	-0.965218365192413	-0.516120433807373	
-0.0579796172678471	-0.00658055813983083	-0.992519319057465	-0.488847970962524	
-0.0543086118996143	-0.00761396577581763	-1.01845669746399	-0.455623477697372	
-0.0505091771483421	-0.00755761656910181	-1.04273545742035	-0.416037857532501	
-0.0470459498465061	-0.00641751429066062	-1.06492590904236	-0.370160967111588	
-0.0442844480276108	-0.00435540452599525	-1.08447897434235	-0.318607449531555	
-0.0424112379550934	-0.00166611792519689	-1.10076320171356	-0.262488901615143	
-0.0413881465792656	0.0012705217814073	-1.11311984062195	-0.203260764479637	
-0.0409532971680164	0.00405694870278239	-1.12093126773834	-0.14249561727047	
-0.0406724810600281	0.00635328888893127	-1.12369179725647	-0.0816309675574303	
-0.0400338433682919	0.00794686656445265	-1.12107050418854	-0.0217467341572046	
-0.0385687574744225	0.0088009862229228	-1.11295235157013	0.0365791916847229	
-0.0359746478497982	0.00907050725072622	-1.09944665431976	0.0933047905564308	
-0.0322130657732487	0.0090769212692976	-1.08085751533508	0.148839101195335	
-0.0275589469820261	0.00924316886812449	-1.05761551856995	0.203856781125069	
-0.0225851871073246	0.00999682396650314	-1.03017902374268	0.259052872657776	
-0.0180785413831472	0.0116581795737147	-0.998920083045959	0.314892679452896	
-0.0148966079577804	0.0143351973965764	-0.964015305042267	0.371414035558701	
-0.0137885874137282	0.0178490001708269	-0.925366997718811	0.428128302097321	
-0.0152119304984808	0.0217106565833092	-0.882574081420898	0.48404598236084	
-0.0191809013485909	0.0251624491065741	-0.83497029542923	0.537824034690857	
-0.0251802839338779	0.0272855553776026	-0.781733453273773	0.588005363941193	
-0.0321681499481201	0.0271630119532347	-0.722059488296509	0.633297026157379	
-0.0386770181357861	0.0240741707384586	-0.655378758907318	0.672824025154114	
-0.0430054813623428	0.0176873467862606	-0.581583201885223	0.70629620552063	
-0.0434752851724625	0.00821300968527794	-0.501223087310791	0.73404449224472	
-0.0387152247130871	-0.0035176204983145	-0.41563355922699	0.756908357143402	
-0.0279258023947477	-0.0160744115710258	-0.326955795288086	0.775990307331085	
-0.0110785961151123	-0.0275610536336899	-0.238031446933746	0.792326092720032	
0.0109873935580254	-0.0358501747250557	-0.152168914675713	0.806540429592133	
0.0365951545536518	-0.0388928838074207	-0.0728000402450562	0.818568825721741	
0.0633880347013474	-0.0350583717226982	-0.00306816911324859	0.82751852273941	
0.0885994657874107	-0.0234492383897305	0.0545958802103996	0.831716239452362	
0.109397992491722	-0.00413689389824867	0.0988442301750183	0.82895439863205	
0.123258404433727	0.0217301342636347	0.129664838314056	0.816906690597534	
0.128304675221443	0.0519747473299503	0.148465007543564	0.793641328811646	
0.123573698103428	0.0836024805903435	0.15795587003231	0.758135914802551	
0.1091603115201	0.113154485821724	0.16183677315712	0.710685253143311	
0.0862222164869308	0.137156337499619	0.164310425519943	0.653105497360229	
0.0568442530930042	0.15259812772274	0.169488593935966	0.588668465614319	
0.0237825494259596	0.157372429966927	0.180770024657249	0.52174985408783	
-0.00987357646226883	0.150599345564842	0.200282901525497	0.457226037979126	
-0.041073027998209	0.132783830165863	0.228480443358421	0.399709582328796	
-0.0671555623412132	0.10577417165041	0.263961046934128	0.352750897407532	
-0.0861384049057961	0.0725228115916252	0.303554117679596	0.318150997161865	
-0.096901498734951	0.0366817526519299	0.3426753282547	0.295522451400757	
-0.0992527306079865	0.00209277984686196	0.37591427564621	0.282200843095779	
-0.0938725993037224	-0.0277493000030518	0.397780865430832	0.273552268743515	
-0.0821554586291313	-0.0501766763627529	0.403509557247162	0.26365527510643	
-0.0659772232174873	-0.0636965557932854	0.389807909727097	0.246267005801201	
-0.047427624464035	-0.0681530758738518	0.35543891787529	0.215926051139832	
-0.0285459123551846	-0.0646794512867928	0.301547944545746	0.169012680649757	
-0.0110944993793964	-0.0554513894021511	0.231677740812302	0.104581907391548	
0.00360448728315532	-0.0432855300605297	0.151460185647011	0.0248143821954727	
0.0147565668448806	-0.0311521925032139	0.0680170729756355	-0.0650141537189484	
0.022105360403657	-0.0216850787401199	-0.0108542386442423	-0.157067820429802	
0.0258758962154388	-0.0167698431760073	-0.0776045545935631	-0.241930395364761	
0.0266680009663105	-0.0172784086316824	-0.125843673944473	-0.309894680976868	
0.0253207199275494	-0.0229894798249006	-0.151117667555809	-0.352370798587799	
0.0227686241269112	-0.0327024087309837	-0.151450708508492	-0.363197237253189	
0.0199078861624002	-0.0445174612104893	-0.127582311630249	-0.33964878320694	
0.01748519949615	-0.0562266111373901	-0.0828731805086136	-0.282977849245071	
0.0160173755139112	-0.0657404959201813	-0.0228975918143988	-0.198397383093834	
0.0157447662204504	-0.0714723244309425	0.0452182069420815	-0.0944990217685699	
-0.0141570819541812	0.0681308209896088	-0.0457401461899281	0.0969358012080193	
-0.0147983944043517	0.0688700750470161	-0.114273421466351	-0.0150116998702288	
-0.0161665622144938	0.0651046335697174	-0.175436213612556	-0.123641423881054	
-0.0177781451493502	0.0577795878052711	-0.222483769059181	-0.217773512005806	
-0.0190060529857874	0.0484365299344063	-0.250315457582474	-0.288238346576691	
-0.0191573314368725	0.0388664901256561	-0.255918860435486	-0.328981667757034	
-0.0175660941749811	0.0307180304080248	-0.238547831773758	-0.337714940309525	
-0.0136962598189712	0.0251381397247314	-0.199632614850998	-0.31603130698204	
-0.00724532967433333	0.0225171986967325	-0.142454698681831	-0.268990695476532	
0.00176309829112142	0.0223896279931068	-0.0716461390256882	-0.204255983233452	
0.0129130491986871	0.0235122311860323	0.00741011835634708	-0.130925476551056	
0.0253716018050909	0.0241084005683661	0.0891980528831482	-0.0582446977496147	
0.0379190258681774	0.0222343038767576	0.168629959225655	0.00561215961351991	
0.0490407198667526	0.0161990523338318	0.241493090987206	0.0545235611498356	
0.0570793747901917	0.00495914882048965	0.304744750261307	0.0850433856248856	
0.0604351907968521	-0.0115895662456751	0.356643080711365	0.0966067165136337	
0.057791642844677	-0.032482024282217	0.396722733974457	0.0913265570998192	
0.0483361519873142	-0.0557471960783005	0.425641775131226	0.0734496563673019	
0.0319407768547535	-0.0786610171198845	0.444937646389008	0.0485835410654545	
0.00926979538053274	-0.0981509238481522	0.456733405590057	0.0228295437991619	
-0.0182116832584143	-0.111285902559757	0.463433712720871	0.00195541675202549	
-0.0483407638967037	-0.115768946707249	0.467442244291306	-0.00928034633398056	
-0.0784677341580391	-0.110347002744675	0.470924109220505	-0.00757777271792293	
-0.105753406882286	-0.0950660109519958	0.475625216960907	0.00871224794536829	
-0.127515643835068	-0.0713243409991264	0.482753396034241	0.0396394841372967	
-0.14157722890377	-0.0417118519544601	0.492918431758881	0.0839013680815697	
-0.146563217043877	-0.00965803489089012	0.506125450134277	0.139215067028999	
-0.142101123929024	0.0210551060736179	0.521814346313477	0.202737182378769	
-0.128889679908752	0.0468370616436005	0.538937449455261	0.27146127820015	
-0.108620762825012	0.0648021847009659	0.556068539619446	0.342541128396988	
-0.0837619975209236	0.0731706395745277	0.571536839008331	0.41351193189621	
-0.0572288185358047	0.0714945569634438	0.58357697725296	0.482405126094818	
-0.031993355602026	0.0606768690049648	0.59048593044281	0.547772467136383	
-0.0106880590319633	0.0427847094833851	0.590775012969971	0.608646929264069	
0.00473660742864013	0.02069310285151	0.583302199840546	0.664470374584198	
0.0132490266114473	-0.00237893220037222	0.567371726036072	0.715014696121216	
0.014833222143352	-0.0233619324862957	0.542787432670593	0.760312557220459	
0.0104332603514194	-0.0397794023156166	0.509851932525635	0.800602436065674	
0.00175733829382807	-0.0500727072358131	0.469308912754059	0.836284101009369	
-0.00902412086725235	-0.0537615679204464	0.422234654426575	0.86787348985672	
-0.019635658711195	-0.0514235347509384	0.369891494512558	0.895947515964508	
-0.0280507989227772	-0.0445066913962364	0.313564091920853	0.92107230424881	
-0.0327865779399872	-0.035016693174839	0.254401415586472	0.94371771812439	
-0.0330937877297401	-0.0251380186527967	0.193289399147034	0.96416848897934	
-0.0290168859064579	-0.0168566722422838	0.130773589015007	0.982449114322662	
-0.0213202685117722	-0.0116473957896233	0.0670451670885086	0.998281180858612	
-0.0113001316785812	-0.0102732814848423	0.00199230597354472	1.01108860969543	
-0.000519713561516255	-0.0127235371619463	-0.064691387116909	1.02005815505981	
0.00948285311460495	-0.0182895977050066	-0.133359804749489	1.02425062656403	
0.017462395131588	-0.0257558822631836	-0.204254046082497	1.02274680137634	
0.0226651877164841	-0.0336632318794727	-0.277357369661331	1.01480305194855	
0.0249272771179676	-0.0405932627618313	-0.352291345596313	0.999984741210938	
0.0246608909219503	-0.0454218834638596	-0.428272932767868	0.978251159191132	
0.0227376446127892	-0.0474993325769901	-0.504141330718994	0.949971616268158	
0.0202950891107321	-0.0467302352190018	-0.578452408313751	0.915866315364838	
0.0185055993497372	-0.0435468703508377	-0.649624824523926	0.876882255077362	
0.0183514300733805	-0.0387884862720966	-0.716115772724152	0.834027945995331	
0.0204463824629784	-0.0335154347121716	-0.776595056056976	0.788201689720154	
0.0249341353774071	-0.0287965796887875	-0.830090165138245	0.740050196647644	
0.0314777530729771	-0.0255104582756758	-0.876077115535736	0.689890086650848	
0.0393375754356384	-0.0241952743381262	-0.914502203464508	0.637711822986603	
0.0475187040865421	-0.0249713622033596	-0.945731461048126	0.583269238471985	
0.0549575798213482	-0.0275449380278587	-0.970437526702881	0.52623724937439	
0.060711644589901	-0.0312864482402802	-0.989443182945251	0.466405719518661	
0.0641175359487534	-0.035363893955946	-1.00354897975922	0.403867095708847	
0.0648910254240036	-0.0389029085636139	-1.01337468624115	0.339153617620468	
0.0631542354822159	-0.0411427728831768	-1.01924061775208	0.273289203643799	
0.0593899488449097	-0.0415606461465359	-1.02110970020294	0.207736492156982	
0.0543363057076931	-0.0399442911148071	-1.0185980796814	0.144241824746132	
0.0488454140722752	-0.0364046283066273	-1.01105225086212	0.084602378308773	
0.0437342673540115	-0.0313309952616692	-0.997679710388184	0.0303983185440302	
0.0396559610962868	-0.0253022331744432	-0.977708399295807	-0.0172574520111084	
0.0370130203664303	-0.0189736075699329	-0.950551569461823	-0.0578992404043674	
0.035925030708313	-0.0129620134830475	-0.915948092937469	-0.0917770117521286	
0.0362512841820717	-0.00775027507916093	-0.87405788898468	-0.119792386889458	
0.0376584418118	-0.00362564972601831	-0.825497984886169	-0.143306955695152	
0.0397152565419674	-0.000659952987916768	-0.771313607692719	-0.163853570818901	
0.041992548853159	0.0012697980273515	-0.712892115116119	-0.182802498340607	
0.044147651642561	0.00242870626971126	-0.651832520961761	-0.201045662164688	
0.0459774844348431	0.00315282843075693	-0.589791774749756	-0.218762204051018	
0.0474324487149715	0.00377502641640604	-0.528330445289612	-0.235314935445786	
0.0485924333333969	0.00456214509904385	-0.468778282403946	-0.24930465221405	
0.0496141836047173	0.00567399431020021	-0.41213658452034	-0.258779495954514	
0.0506650805473328	0.00714918691664934	-0.359026402235031	-0.261566489934921	
0.0518601536750793	0.0089170653373003	-0.309684425592422	-0.255668461322784	
0.0532174147665501	0.0108299246057868	-0.264001756906509	-0.239654615521431	
0.0546415075659752	0.0127064222469926	-0.221593886613846	-0.21297225356102	
0.0559385754168034	0.0143759176135063	-0.181888908147812	-0.176120221614838	
0.0568579286336899	0.0157144982367754	-0.144218906760216	-0.130648553371429	
0.0571499988436699	0.0166662260890007	-0.10790241509676	-0.0789804831147194	
0.0566265992820263	0.0172468312084675	-0.0723089352250099	-0.0240854248404503	
-0.0552093610167503	-0.0175310093909502	0.036901231855154	-0.0309406630694866	
-0.0529552213847637	-0.0176276452839375	0.00125521665904671	-0.0833142772316933	
-0.050053246319294	-0.0176493041217327	-0.0349388532340527	-0.130945652723312	
-0.0467938371002674	-0.0176828280091286	-0.0718881338834763	-0.172696232795715	
-0.0435174144804478	-0.0177670400589705	-0.109715364873409	-0.208469301462173	
-0.0405542813241482	-0.0178815517574549	-0.148477613925934	-0.239121600985527	
-0.0381690040230751	-0.0179482698440552	-0.188181400299072	-0.266216784715652	
-0.0365213342010975	-0.017844682559371	-0.228792101144791	-0.291670024394989	
-0.0356515645980835	-0.0174260381609201	-0.270237743854523	-0.317351281642914	
-0.0354924350976944	-0.0165522713214159	-0.312408775091171	-0.344721108675003	
-0.0359033681452274	-0.0151151837781072	-0.355156481266022	-0.374563425779343	
-0.0367178358137608	-0.0130617106333375	-0.398292422294617	-0.406859576702118	
-0.0377914607524872	-0.0104100713506341	-0.441591382026672	-0.44081911444664	
-0.039038747549057	-0.00725674070417881	-0.484798789024353	-0.475052446126938	
-0.0404490120708942	-0.00377341290004551	-0.527642667293549	-0.507843673229218	
-0.0420775040984154	-0.00019418669398874	-0.56984931230545	-0.537464380264282	
-0.0440137423574924	0.00320587679743767	-0.611160695552826	-0.56246417760849	
-0.0463352128863335	0.00613892776891589	-0.651352524757385	-0.581881284713745	
-0.0490584410727024	0.0083366809412837	-0.690249264240265	-0.595336139202118	
-0.0521008744835854	0.00958378612995148	-0.727735996246338	-0.602996528148651	
-0.0552649796009064	0.00974851381033659	-0.763763904571533	-0.605429828166962	
-0.0582512356340885	0.00880672223865986	-0.798348963260651	-0.603381872177124	
-0.0607000216841698	0.00685511156916618	-0.831562757492065	-0.597535610198975	
-0.0622552484273911	0.00411038612946868	-0.86351478099823	-0.588305234909058	
-0.0626369565725327	0.000892281357664615	-0.894327342510223	-0.575711846351624	
-0.0617066733539104	-0.00240951869636774	-0.924103915691376	-0.559368014335632	
-0.0595097839832306	-0.00538197392597795	-0.952893972396851	-0.538572013378143	
-0.0562831535935402	-0.0076434351503849	-0.980658352375031	-0.512491166591644	
-0.052423071116209	-0.00889884401112795	-1.007239818573	-0.480389058589935	
-0.0484172366559505	-0.00898632127791643	-1.03234434127808	-0.441846609115601	
-0.044752724468708	-0.00790618732571602	-1.05553865432739	-0.396924376487732	
-0.0418182201683521	-0.00582533283159137	-1.07626676559448	-0.346228569746017	
-0.0398213528096676	-0.00305349612608552	-1.09388756752014	-0.290863484144211	
-0.038740374147892	7.18182809578138E-6	-1.10773050785065	-0.232278481125832	
-0.0383232869207859	0.00293255993165076	-1.11716318130493	-0.172041207551956	
-0.0381382293999195	0.0053553581237793	-1.12166237831116	-0.111585333943367	
-0.0376681126654148	0.00703784311190248	-1.12087512016296	-0.0519872903823853	
-0.0364322811365128	0.00792314019054174	-1.11465871334076	0.00617886474356055	
-0.0341108217835426	0.00815244577825069	-1.10308933258057	0.062876433134079	
-0.0306443218141794	0.00804081652313471	-1.08643329143524	0.118522338569164	
-0.026284895837307	0.00801186449825764	-1.06507968902588	0.173802614212036	
-0.0215822774916887	0.00850026309490204	-1.03944611549377	0.229427605867386	
-0.0173009037971497	0.0098388409242034	-1.00986731052399	0.285881608724594	
-0.0142778269946575	0.0121525032445788	-0.976491630077362	0.343223750591278	
-0.0132443094626069	0.0152828199788928	-0.93920511007309	0.400986909866333	
-0.0146434241905808	0.0187640618532896	-0.897605657577515	0.458199828863144	
-0.0184798799455166	0.0218638014048338	-0.851041197776794	0.513530910015106	
-0.0242353938519955	0.0236898455768824	-0.798717498779297	0.565523147583008	
-0.0308733806014061	0.0233521480113268	-0.739867568016052	0.612869262695313	
-0.0369420275092125	0.0201557856053114	-0.673961877822876	0.654662251472473	
-0.0407672822475433	0.013791561126709	-0.600927889347076	0.690562069416046	
-0.0407102443277836	0.00448676664382219	-0.521339297294617	0.720832526683807	
-0.0354497879743576	-0.00691888760775328	-0.436536818742752	0.746232509613037	
-0.0242439825087786	-0.018997585400939	-0.348644942045212	0.767776548862457	
-0.00712429918348789	-0.0298679824918509	-0.260466635227203	0.786412119865417	
0.0150147890672088	-0.0374310724437237	-0.175252124667168	0.802684009075165	
0.0404528193175793	-0.039679042994976	-0.096362330019474	0.81646454334259	
0.0668090507388115	-0.0350325480103493	-0.02686557918787	0.826821327209473	
0.0913180708885193	-0.0226520840078592	0.030876150354743	0.832069754600525	
0.111178025603294	-0.00266817794181406	0.0755678117275238	0.830021142959595	
0.123921424150467	0.0237163100391626	0.107226021587849	0.818395495414734	
0.127753749489784	0.0542807765305042	0.127257496118546	0.795330047607422	
0.121809020638466	0.0860033929347992	0.138342052698135	0.759885251522064	
0.106283836066723	0.115417920053005	0.144119694828987	0.712442219257355	
0.0824296474456787	0.139064252376556	0.148711755871773	0.654896140098572	
0.0524048134684563	0.153967887163162	0.15613529086113	0.590581059455872	
0.0190086420625448	0.158074572682381	0.169690832495689	0.523909866809845	
-0.0146628590300679	0.150570243597031	0.191414460539818	0.459767907857895	
-0.0455895699560642	0.132031202316284	0.221681401133537	0.402748286724091	
-0.0711755901575089	0.104375146329403	0.259031534194946	0.356357485055923	
-0.0895266458392143	0.0706143900752068	0.300257623195648	0.322335839271545	
-0.0996224731206894	0.0344450511038303	0.340759783983231	0.300228238105774	
-0.101367481052876	-0.000267131312284619	0.375129789113998	0.287305802106857	
-0.095521554350853	-0.0300254169851542	0.397892683744431	0.278883278369904	
-0.0835301429033279	-0.0521812103688717	0.404305696487427	0.269007921218872	
-0.0672856718301773	-0.0652786418795586	0.391101747751236	0.251429468393326	
-0.0488590337336063	-0.0692109167575836	0.357068419456482	0.220702946186066	
-0.0302404500544071	-0.0651655495166779	0.303372889757156	0.173244893550873	
-0.0131231192499399	-0.0553704835474491	0.233577087521553	0.108159758150578	
0.00124707305803895	-0.04268579185009	0.153330340981483	0.0276821702718735	
0.0121449455618858	-0.030111214146018	0.0697721913456917	-0.0628620758652687	
0.0193641372025013	-0.0202928595244884	-0.00928027275949717	-0.155598178505898	
0.0231518652290106	-0.0151113923639059	-0.0762551724910736	-0.241086661815643	
0.0240990966558456	-0.0154186328873038	-0.124736867845058	-0.309613764286041	
0.0230075530707836	-0.0209626723080873	-0.150244802236557	-0.352597385644913	
0.0207539461553097	-0.0305080078542233	-0.1507778018713	-0.363892763853073	
0.0181677602231503	-0.0421227887272835	-0.127054274082184	-0.34079322218895	
0.0159335285425186	-0.0535763055086136	-0.0824207663536072	-0.284564018249512	
0.0145228635519743	-0.0627712681889534	-0.022446071729064	-0.200419202446938	
0.0141570819541812	-0.0681308209896088	0.0457401461899281	-0.0969358012080193	
-0.0125521495938301	0.0647063031792641	-0.0462063550949097	0.0992544814944267	
-0.0129541633650661	0.0650245025753975	-0.114858262240887	-0.0123513247817755	
-0.013984096236527	0.0608633495867252	-0.176184251904488	-0.120719626545906	
-0.0152211803942919	0.0532217137515545	-0.22342324256897	-0.214717581868172	
-0.0161109566688538	0.0436962693929672	-0.251460939645767	-0.285220742225647	
-0.0160292126238346	0.0341261066496372	-0.257277071475983	-0.326208740472794	
-0.0143615081906319	0.0261927284300327	-0.240124836564064	-0.335407137870789	
-0.0105954501777887	0.0210542734712362	-0.201440513134003	-0.314397990703583	
-0.00441901013255119	0.0190863404422998	-0.144515722990036	-0.268203258514404	
0.00418628146871924	0.0197817478328943	-0.0739924684166908	-0.20442408323288	
0.014872208237648	0.0218316894024611	0.00474173575639725	-0.132080987095833	
0.0268874131143093	0.0233762301504612	0.0861764699220657	-0.0603365823626518	
0.0390926748514175	0.0223796926438808	0.165243193507195	0.00271030166186392	
0.0500377118587494	0.0170618407428265	0.237762823700905	0.0509934425354004	
0.0581006482243538	0.00630374578759074	0.300738871097565	0.0810921266674995	
0.0616804249584675	-0.0100499838590622	0.352483332157135	0.0924312844872475	
0.059421181678772	-0.0310536324977875	0.392584949731827	0.0870780572295189	
0.0504383184015751	-0.0547197423875332	0.421747803688049	0.069203220307827	
0.0345106571912766	-0.0782726481556892	0.44153904914856	0.0443188883364201	
0.0122035956010222	-0.0985582619905472	0.454088926315308	0.0184257887303829	
-0.0151052102446556	-0.112543389201164	0.461783409118652	-0.00279832701198757	
-0.0453133285045624	-0.117820501327515	0.466982871294022	-0.0146597120910883	
-0.0757931470870972	-0.11303136497736	0.471789330244064	-0.0138864889740944	
-0.103684104979038	-0.0981353223323822	0.477874547243118	0.00118517817463726	
-0.126241356134415	-0.0744737014174461	0.48637193441391	0.0306625235825777	
-0.141192585229874	-0.0446161516010761	0.497828245162964	0.0733368024230003	
-0.14704991877079	-0.0120111657306552	0.51220691204071	0.127043560147285	
-0.143327593803406	0.0195037815719843	0.528934180736542	0.189066961407661	
-0.130628362298012	0.0462538041174412	0.546979129314423	0.256520628929138	
-0.11058034747839	0.0652512907981873	0.564960062503815	0.32665553689003	
-0.0856291875243187	0.0746102929115295	0.5812708735466	0.397069424390793	
-0.0587130002677441	0.0737864002585411	0.59421980381012	0.465815037488937	
-0.0328670814633369	0.0636076107621193	0.602173686027527	0.531424164772034	
-0.0108169633895159	0.0460964217782021	0.603697001934052	0.592873930931091	
0.0053787836804986	0.024117723107338	0.597674012184143	0.649525701999664	
0.0145821869373322	0.000914175703655928	0.583402395248413	0.701059758663177	
0.0166885107755661	-0.0203927494585514	0.560645222663879	0.747420907020569	
0.0125830294564366	-0.0372552983462811	0.529635071754456	0.788777351379395	
0.00395215535536408	-0.0480356439948082	0.491024792194366	0.825485229492188	
-0.00701766321435571	-0.0521781370043755	0.445791482925415	0.858049273490906	
-0.0180023685097694	-0.0501992106437683	0.395103216171265	0.887066304683685	
-0.0269043929874897	-0.0435076467692852	0.340167284011841	0.913148283958435	
-0.0321601778268814	-0.0340953879058361	0.282081693410873	0.936826646327972	
-0.0329439453780651	-0.0241583436727524	0.221712306141853	0.958451449871063	
-0.0292394310235977	-0.0157148838043213	0.159615680575371	0.978104054927826	
-0.0217743702232838	-0.0102858385071158	0.0960198417305946	0.995543360710144	
-0.0118358517065644	-0.00868542119860649	0.0308671314269304	1.01020395755768	
-0.0010041194036603	-0.0109502179548144	-0.0360881239175797	1.02125346660614	
0.00914532598108053	-0.0164079312235117	-0.105143405497074	1.02770578861237	
0.0173182766884565	-0.023863298818469	-0.176496937870979	1.02857232093811	
0.0227101687341928	-0.0318598039448261	-0.250108569860458	1.02302634716034	
0.0251135714352131	-0.0389655157923698	-0.32559797167778	1.01054704189301	
0.02491151727736	-0.0440307110548019	-0.402199417352676	0.99101459980011	
0.0229642745107412	-0.0463737994432449	-0.478783190250397	0.964734077453613	
0.0204157922416925	-0.0458677634596825	-0.55394172668457	0.932382464408875	
0.0184591710567474	-0.0429191589355469	-0.62612771987915	0.894886255264282	
0.0181058887392282	-0.0383514687418938	-0.693821251392365	0.853254795074463	
0.0200006272643805	-0.0332209952175617	-0.755699217319489	0.808404147624969	
0.0243130959570408	-0.0286035295575857	-0.810777604579926	0.761009335517883	
0.0307226702570915	-0.025392659008503	-0.858503043651581	0.711418747901917	
0.0384938456118107	-0.0241454541683197	-0.898778736591339	0.659651935100555	
0.046624056994915	-0.0250001698732376	-0.931919515132904	0.605483651161194	
0.0540330372750759	-0.0276757311075926	-0.958545625209808	0.548599362373352	
0.0597570240497589	-0.0315472148358822	-0.979432344436646	0.488788634538651	
0.0631121695041656	-0.0357782132923603	-0.995342373847961	0.426135063171387	
0.0637992694973946	-0.0394819863140583	-1.00686955451965	0.361157149076462	
0.0619343370199203	-0.0418803431093693	-1.01432085037231	0.294864654541016	
0.0580043159425259	-0.0424317941069603	-1.01765513420105	0.228710398077965	
0.052760872989893	-0.0409085564315319	-1.01649081707001	0.164438724517822	
0.0470761694014072	-0.0374126620590687	-1.01017916202545	0.103854827582836	
0.0417896583676338	-0.0323334448039532	-0.997929811477661	0.0485572591423988	
0.0375747345387936	-0.0262589957565069	-0.978969037532806	-0.000313727796310559	
0.0348480045795441	-0.019861463457346	-0.952702939510345	-0.0422588214278221	
0.0337341614067554	-0.0137790953740478	-0.918859302997589	-0.0774916857481003	
0.0340876840054989	-0.00851632002741098	-0.877585530281067	-0.106878682971001	
0.0355614610016346	-0.00437792437151074	-0.8294877409935	-0.131750375032425	
0.0377041660249233	-0.00144557363819331	-0.775605976581573	-0.153615117073059	
0.0400639995932579	0.00040367356268689	-0.717330455780029	-0.173826172947884	
0.0422772355377674	0.00144490075763315	-0.656272351741791	-0.193265780806541	
0.0441249646246433	0.00203238497488201	-0.594110131263733	-0.212109193205833	
0.0455495826900005	0.00252199778333306	-0.532432854175568	-0.229719176888466	
0.0466318279504776	0.00320391124114394	-0.472602605819702	-0.244697913527489	
0.047537624835968	0.0042569488286972	-0.415652900934219	-0.255094200372696	
0.0484498217701912	0.00573053536936641	-0.36223316192627	-0.258733421564102	
0.0495022572577	0.00755423726513982	-0.312601804733276	-0.253613829612732	
0.050731748342514	0.00956959556788206	-0.266663521528244	-0.238297000527382	
0.0520586334168911	0.0115752406418324	-0.224039554595947	-0.212220728397369	
0.0532993525266647	0.0133747393265367	-0.184157386422157	-0.175873771309853	
0.0542069040238857	0.0148172993212938	-0.146345138549805	-0.130797192454338	
0.054528821259737	0.0158239845186472	-0.109917052090168	-0.0794078633189201	
0.0540685579180717	0.0163957551121712	-0.0742411240935326	-0.0246726591140032	
-0.0527357794344425	-0.0166036635637283	0.0387832932174206	-0.0303107500076294	
-0.0505740754306316	-0.0165649689733982	0.0031280901748687	-0.082753024995327	
-0.047759935259819	-0.0164113491773605	-0.0330209210515022	-0.130555257201195	
-0.0445736199617386	-0.0162562690675259	-0.0698549747467041	-0.172567695379257	
-0.0413489192724228	-0.0161680690944195	-0.107481136918068	-0.208681881427765	
-0.0384133271872997	-0.0161536447703838	-0.145944222807884	-0.239743798971176	
-0.0360321439802647	-0.0161552242934704	-0.185244515538216	-0.267308622598648	
-0.0343686826527119	-0.0160601902753115	-0.225348979234695	-0.293285936117172	
-0.03346873447299	-0.015721695497632	-0.266195356845856	-0.319543600082397	
-0.0332715660333633	-0.0149861788377166	-0.307690978050232	-0.347543150186539	
-0.0336434915661812	-0.0137231843546033	-0.34970897436142	-0.378071904182434	
-0.0344246961176395	-0.0118528213351965	-0.392084926366806	-0.411115944385529	
-0.0354770645499229	-0.00936688296496868	-0.43461674451828	-0.445889830589294	
-0.0367206260561943	-0.00634066294878721	-0.477069705724716	-0.48100808262825	
-0.038149256259203	-0.00293375691398978	-0.519186615943909	-0.514756977558136	
-0.0398213118314743	0.000620593782514334	-0.560703277587891	-0.545407772064209	
-0.0418274775147438	0.00403684191405773	-0.601366817951202	-0.571506798267365	
-0.0442438088357449	0.00700726499781013	-0.6409552693367	-0.592086136341095	
-0.0470822863280773	0.00923796091228724	-0.679295063018799	-0.606757760047913	
-0.0502524487674236	0.0104868775233626	-0.716275095939636	-0.615678727626801	
-0.0535457096993923	0.0105993533506989	-0.751853942871094	-0.619404494762421	
-0.0566491261124611	0.00953626912087202	-0.786059439182281	-0.61866819858551	
-0.0591886565089226	0.00739010889083147	-0.818979322910309	-0.614139974117279	
-0.0607946552336216	0.00438508670777082	-0.850742220878601	-0.606221437454224	
-0.061176486313343	0.000859163235872984	-0.88149082660675	-0.59492164850235	
-0.0601898096501827	-0.00277180667035282	-0.911347985267639	-0.579841315746307	
-0.0578804276883602	-0.00606469577178359	-0.940379559993744	-0.560267984867096	
-0.0544925704598427	-0.0086084371432662	-0.968558251857758	-0.535358130931854	
-0.0504365377128124	-0.0100836073979735	-0.995733380317688	-0.504365265369415	
-0.0462194047868252	-0.0103125078603625	-1.0216121673584	-0.466860592365265	
-0.0423508659005165	-0.00929026026278734	-1.04575800895691	-0.422895431518555	
-0.0392427667975426	-0.00718963146209717	-1.06760799884796	-0.373067528009415	
-0.0371236279606819	-0.00433612335473299	-1.08651101589203	-0.31847357749939	
-0.0359877869486809	-0.00115505664143711	-1.10178422927856	-0.260556489229202	
-0.0355926156044006	0.00190214975737035	-1.11278092861176	-0.200878411531448	
-0.035507932305336	0.00444041844457388	-1.11895990371704	-0.140868335962296	
-0.0352105759084225	0.0061969980597496	-1.11994683742523	-0.0815982446074486	
-0.0342069528996944	0.00709536951035261	-1.11557269096375	-0.0236371494829655	
-0.0321588143706322	0.00726409535855055	-1.10588228702545	0.0329848229885101	
-0.0289848521351814	0.00701323617249727	-1.09110581874847	0.088693730533123	
-0.0249136053025723	0.00676880311220884	-1.07159388065338	0.144188061356544	
-0.0204711798578501	0.0069743930362165	-1.0477249622345	0.200194224715233	
-0.0163996946066618	0.00797710195183754	-1.01979959011078	0.257215738296509	
-0.0135162249207497	0.00992022547870874	-0.987939298152924	0.315332889556885	
-0.0125353056937456	0.0126667683944106	-0.952015280723572	0.374099135398865	
-0.0138874677941203	0.0157746244221926	-0.911624610424042	0.432560473680496	
-0.0175702460110188	0.0185364279896021	-0.866128921508789	0.489394992589951	
-0.023064998909831	0.0200857371091843	-0.814760506153107	0.543144643306732	
-0.0293432679027319	0.0195579379796982	-0.756787180900574	0.592486262321472	
-0.0349713936448097	0.0162818003445864	-0.691716730594635	0.636480450630188	
-0.0383045524358749	0.00996821187436581	-0.619508743286133	0.674737215042114	
-0.0377441346645355	0.000858630868606269	-0.540757358074188	0.707454323768616	
-0.0320188403129578	-0.0102014439180493	-0.456805348396301	0.735311985015869	
-0.0204427856951952	-0.0217890497297049	-0.369758278131485	0.759239315986633	
-0.00310458824969828	-0.0320399589836597	-0.282378166913986	0.780098736286163	
0.0190495699644089	-0.0388850905001163	-0.197855949401855	0.798358678817749	
0.0442601926624775	-0.040358442813158	-0.119481049478054	0.813831329345703	
0.0701270624995232	-0.0349318869411945	-0.0502472221851349	0.825547516345978	
0.0938902124762535	-0.021822502836585	0.00755128171294928	0.831813395023346	
0.112780883908272	-0.00121752673294395	0.052670530974865	0.830460071563721	
0.124391607940197	0.0256292279809713	0.0851537212729454	0.819254159927368	
0.127010151743889	0.0564577803015709	0.106404639780521	0.796400964260101	
0.119866974651814	0.0882234796881676	0.119069576263428	0.76104199886322	
0.103258199989796	0.117457173764706	0.126727163791656	0.713642656803131	
0.078525684773922	0.140717074275017	0.133415892720222	0.656174600124359	
0.0478971861302853	0.155066967010498	0.143057197332382	0.592031180858612	
0.0142108267173171	0.158507406711578	0.158853307366371	0.525660157203674	
-0.0194348488003016	0.150289967656136	0.182748779654503	0.461953341960907	
-0.0500541441142559	0.131060481071472	0.215042218565941	0.405482083559036	
-0.0751179531216621	0.102802522480488	0.254216909408569	0.359707087278366	
-0.0928217396140099	0.0685836151242256	0.297031253576279	0.32630643248558	
-0.102245047688484	0.0321385599672794	0.338872134685516	0.304755866527557	
-0.103387758135796	-0.00264841434545815	0.374335914850235	0.292261183261871	
-0.0970871970057487	-0.032283429056406	0.397964596748352	0.284085035324097	
-0.0848375335335732	-0.0541406571865082	0.405039370059967	0.274243354797363	
-0.0685451105237007	-0.0668030008673668	0.392319113016129	0.25647896528244	
-0.0502595864236355	-0.0702126398682594	0.358615696430206	0.225364595651627	
-0.0319202207028866	-0.0656094402074814	0.305117160081863	0.177354976534843	
-0.0151496725156903	-0.0552700571715832	0.235402941703796	0.11160646378994	
-0.00111693842336535	-0.0420934371650219	0.155137822031975	0.0304106418043375	
0.00952207762748003	-0.0291038360446692	0.0714769959449768	-0.0608536079525948	
0.016610449180007	-0.0189552176743746	-0.00774472905322909	-0.154269844293594	
0.0204166192561388	-0.0135196940973401	-0.0749344229698181	-0.240373253822327	
0.0215215068310499	-0.0136268772184849	-0.123652219772339	-0.309442520141602	
0.020688321441412	-0.0189938228577375	-0.149391517043114	-0.352903604507446	
0.0187348555773497	-0.0283513907343149	-0.15012589097023	-0.364630103111267	
0.0164231359958649	-0.0397381968796253	-0.126552298665047	-0.341936826705933	
0.0143751250579953	-0.0509042888879776	-0.0820024311542511	-0.28610572218895	
0.0130172343924642	-0.0597481690347195	-0.0220387876033783	-0.202356055378914	
0.0125521495938301	-0.0647063031792641	0.0462063550949097	-0.0992544814944267	
-0.0109319249168038	0.0612029582262039	-0.0466162711381912	0.101452238857746	
-0.0110884588211775	0.0610786005854607	-0.115374252200127	-0.00983599852770567	
-0.0117741115391254	0.0565071813762188	-0.176850855350494	-0.117953829467297	
-0.0126318782567978	0.048541434109211	-0.224269181489944	-0.211814641952515	
-0.013181078247726	0.0388322100043297	-0.252501755952835	-0.282339990139008	
-0.0128673333674669	0.0292650535702705	-0.258520811796188	-0.323545783758163	
-0.0111285327002406	0.021552549675107	-0.241579487919807	-0.333175241947174	
-0.00747649418190122	0.0168623439967632	-0.203120797872543	-0.312803417444229	
-0.00158968602772802	0.0155541766434908	-0.146447315812111	-0.267418324947357	
0.00659300247207284	0.0170789957046509	-0.0762118995189667	-0.204562798142433	
0.0167923364788294	0.0200628936290741	0.00219253310933709	-0.133181601762772	
0.0283403620123863	0.0225637350231409	0.0832605436444283	-0.0623550415039063	
0.0401806980371475	0.0224553737789392	0.161942556500435	-0.000105725237517618	
0.0509299710392952	0.0178694259375334	0.234093531966209	0.047557607293129	
0.0590043179690838	0.00761210778728127	0.296764224767685	0.0772425755858421	
0.0628036335110664	-0.0085235508158803	0.348322033882141	0.0883670449256897	
0.0609342232346535	-0.0296125970780849	0.388411909341812	0.0829548835754395	
0.0524400025606155	-0.0536535456776619	0.417786091566086	0.0651023536920547	
0.0370059385895729	-0.0778221935033798	0.438043594360352	0.0402261763811111	
0.0150967640802264	-0.0988861471414566	0.451323270797729	0.0142249623313546	
-0.0120001565665007	-0.113712884485722	0.459993273019791	-0.00731651950627565	
-0.0422464124858379	-0.119786217808723	0.466370284557343	-0.0197731945663691	
-0.0730403661727905	-0.115643195807934	0.472491681575775	-0.0199055671691895	
-0.101503767073154	-0.101155355572701	0.479952573776245	-0.00603903038427234	
-0.124832004308701	-0.0776042491197586	0.489808857440948	0.0219881646335125	
-0.140659496188164	-0.0475352741777897	0.502540707588196	0.0630596205592155	
-0.147385835647583	-0.0144112203270197	0.518066644668579	0.115129545331001	
-0.14441092312336	0.0178796742111444	0.535796701908112	0.17561163008213	
-0.1322390884161	0.0455820932984352	0.554715573787689	0.241742894053459	
-0.112431220710278	0.0656089931726456	0.573486387729645	0.310875743627548	
-0.0874070227146149	0.0759690329432487	0.59056943655014	0.380674690008163	
-0.060123436152935	0.0760199725627899	0.604350090026855	0.449217766523361	
-0.0336757227778435	0.066511794924736	0.613269448280334	0.515019357204437	
-0.010880483314395	0.0494179353117943	0.615950047969818	0.577002108097076	
0.00609614048153162	0.0275880787521601	0.611307561397552	0.634446263313293	
0.0160087924450636	0.00428361352533102	0.598637104034424	0.686938762664795	
0.0186615493148565	-0.0173259768635035	0.577664315700531	0.73433393239975	
0.0148774450644851	-0.0346241258084774	0.548553049564362	0.776725947856903	
0.00631717359647155	-0.0458943694829941	0.511865377426147	0.814424514770508	
-0.00482059083878994	-0.0505042895674706	0.468477666378021	0.847920596599579	
-0.0161662679165602	-0.0489061214029789	0.419460892677307	0.877829849720001	
-0.0255530923604965	-0.0424651242792606	0.365941762924194	0.90481024980545	
-0.0313373431563377	-0.033154871314764	0.308963775634766	0.929456353187561	
-0.0326156243681908	-0.0231783874332905	0.249369949102402	0.952186465263367	
-0.0293085966259241	-0.0145830661058426	0.187725678086281	0.973141968250275	
-0.0221041087061167	-0.0089340191334486	0.124294951558113	0.992122709751129	
-0.0122765591368079	-0.00709648616611958	0.0590745061635971	1.00857710838318	
-0.00141983944922686	-0.00915600173175335	-0.00811940804123878	1.02165615558624	
0.00885580386966467	-0.0144794331863523	-0.0775260701775551	1.03032767772675	
0.0172086283564568	-0.0218955110758543	-0.14929886162281	1.03353416919708	
0.0227834340184927	-0.0299541875720024	-0.223372608423233	1.03036487102509	
0.0253282617777586	-0.0372133031487465	-0.29936408996582	1.02021145820618	
0.025194875895977	-0.0424998439848423	-0.376524955034256	1.00287282466888	
0.0232295133173466	-0.0451014079153538	-0.453757584095001	0.978588461875916	
0.0205797236412764	-0.0448589697480202	-0.529693126678467	0.947990775108337	
0.0184568781405687	-0.0421517826616764	-0.602820634841919	0.911985039710999	
0.0179000068455935	-0.0377851463854313	-0.671646356582642	0.871581614017487	
0.0195840001106262	-0.0328085422515869	-0.734856843948364	0.82771497964859	
0.0237050205469131	-0.0283020790666342	-0.791458785533905	0.78108936548233	
0.0299601405858994	-0.0251724030822515	-0.84087085723877	0.73208624124527	
0.0376200936734676	-0.0239943731576204	-0.882953584194183	0.680754840373993	
0.0456770434975624	-0.0249241255223751	-0.917970299720764	0.626891434192657	
0.0530363321304321	-0.027694221585989	-0.946487605571747	0.570191502571106	
0.0587148331105709	-0.0316860228776932	-0.969231724739075	0.510443568229675	
0.0620093196630478	-0.0360607095062733	-0.986925959587097	0.447720855474472	
0.0626058578491211	-0.0399211645126343	-1.00013709068298	0.382526308298111	
0.0606137923896313	-0.0424732752144337	-1.00915741920471	0.315853953361511	
0.0565229579806328	-0.0431578457355499	-1.01394188404083	0.249145239591599	
0.0510968752205372	-0.0417316779494286	-1.01411211490631	0.184141576290131	
0.0452260076999664	-0.0382873192429543	-1.0090240240097	0.122655764222145	
0.0397707000374794	-0.0332129262387753	-0.997891247272491	0.0663048848509789	
0.0354235284030437	-0.0271043330430984	-0.979939222335815	0.0162571705877781	
0.0326146259903908	-0.0206490997225046	-0.954567670822144	-0.0269536264240742	
0.0314738489687443	-0.0145055940374732	-0.921493411064148	-0.0635040700435638	
0.0318513996899128	-0.00919909309595823	-0.880850791931152	-0.0942247062921524	
0.0333872996270657	-0.00505173299461603	-0.833234071731567	-0.120414979755878	
0.0356111489236355	-0.00215539638884366	-0.77967643737793	-0.143559142947197	
0.0380494631826878	-0.000387975829653442	-0.721569061279297	-0.164994344115257	
0.0403181202709675	0.00053456868045032	-0.660533785820007	-0.185594290494919	
0.0421827100217342	0.000983704579994082	-0.598268866539001	-0.205531716346741	
0.0435775704681873	0.00133747921790928	-0.536391019821167	-0.224170476198196	
0.0445839576423168	0.00190890056546777	-0.476294189691544	-0.240115001797676	
0.045376431196928	0.0028957228641957	-0.419044405221939	-0.251415014266968	
0.0461527593433857	0.00435848021879792	-0.365320205688477	-0.255894124507904	
0.0470651388168335	0.00622754823416471	-0.315402776002884	-0.251545071601868	
0.048168957233429	0.00833443459123373	-0.26921159029007	-0.236920773983002	
0.0494002923369408	0.0104584395885468	-0.226374462246895	-0.211448132991791	
0.0505861528217793	0.0123778758570552	-0.186319008469582	-0.175604596734047	
0.0514836683869362	0.0139153599739075	-0.148369446396828	-0.13092128932476	
0.0518379881978035	0.0149689773097634	-0.111835494637489	-0.0798082575201988	
0.0514446422457695	0.0155247040092945	-0.0760828629136086	-0.0252298321574926	
-0.0502016022801399	-0.0156495943665504	0.0405797436833382	-0.0297140534967184	
-0.0481391325592995	-0.0154689103364944	0.00491831265389919	-0.0822273045778275	
-0.0454208850860596	-0.0151331648230553	-0.0311853922903538	-0.130200728774071	
-0.0423165112733841	-0.0147823439911008	-0.0679071694612503	-0.172472268342972	
-0.0391525328159332	-0.0145144211128354	-0.105338498950005	-0.208920761942863	
-0.0362529717385769	-0.0143638905137777	-0.143511533737183	-0.240380853414536	
-0.0338832661509514	-0.0142937432974577	-0.182419613003731	-0.26839891076088	
-0.0322098657488823	-0.0142017342150211	-0.222030222415924	-0.29487931728363	
-0.0312838517129421	-0.013939306139946	-0.262289702892303	-0.321688234806061	
-0.0310510583221912	-0.0133396200835705	-0.30312117934227	-0.350288867950439	
-0.0313849113881588	-0.0122499447315931	-0.344418704509735	-0.381472587585449	
-0.0321326740086079	-0.0105633083730936	-0.386041224002838	-0.415230959653854	
-0.0331628620624542	-0.00824462529271841	-0.427809476852417	-0.450783848762512	
-0.0344013869762421	-0.00534744234755635	-0.46950826048851	-0.486750036478043	
-0.035846833139658	-0.00201868312433362	-0.510895371437073	-0.52141797542572	
-0.0375607125461102	0.00150974525604397	-0.551716208457947	-0.553058266639709	
-0.0396347194910049	0.0049421158619225	-0.591723084449768	-0.580213785171509	
-0.0421432144939899	0.00795092526823282	-0.63069623708725	-0.601910531520844	
-0.0450933165848255	0.0102165415883064	-0.668464064598083	-0.617751955986023	
-0.0483863726258278	0.0114699443802238	-0.70491898059845	-0.627884864807129	
-0.0518025532364845	0.0115331979468465	-0.740026593208313	-0.63285356760025	
-0.0550154894590378	0.0103518813848495	-0.773826420307159	-0.633379578590393	
-0.0576369129121304	0.00801403261721134	-0.806422114372253	-0.630121409893036	
-0.059283971786499	0.00475128367543221	-0.837961614131927	-0.623469352722168	
-0.0596558675169945	0.000919871381483972	-0.868608176708221	-0.613421559333801	
-0.0586029998958111	-0.00303802895359695	-0.898504376411438	-0.599568486213684	
-0.0561721734702587	-0.0066490275785327	-0.927733063697815	-0.581187427043915	
-0.0526155009865761	-0.00947253406047821	-0.956279277801514	-0.557425141334534	
-0.0483577102422714	-0.0111648142337799	-0.983999311923981	-0.527525365352631	
-0.0439254939556122	-0.0115326168015599	-1.01060199737549	-0.491049826145172	
-0.039851225912571	-0.0105663705617189	-1.03564763069153	-0.448040723800659	
-0.0365697890520096	-0.00844540446996689	-1.05856585502625	-0.399087250232697	
-0.0343303233385086	-0.00551177840679884	-1.07869565486908	-0.345278322696686	
-0.0331428088247776	-0.0022147495765239	-1.09534168243408	-0.288049876689911	
-0.0327734239399433	0.000966409570537508	-1.10784244537354	-0.228958025574684	
-0.0327929630875587	0.00360856694169343	-1.11563968658447	-0.169426292181015	
-0.0326714403927326	0.00542412046343088	-1.11833798885345	-0.110521264374256	
-0.0319014862179756	0.00631754519417882	-1.11574339866638	-0.0528058484196663	
-0.030125679448247	0.00640586111694574	-1.10787105560303	0.00369754084385931	
-0.0272400807589293	0.00599559629335999	-1.09491729736328	0.0594251602888107	
-0.0234490688890219	0.0055168503895402	-1.0771963596344	0.115088820457458	
-0.0192548576742411	0.00542388577014208	-1.05505084991455	0.171431541442871	
-0.0153773864731193	0.00607966398820281	-1.02874863147736	0.228976175189018	
-0.0126144252717495	0.00764714507386088	-0.99838662147522	0.287823706865311	
-0.011665009893477	0.0100115761160851	-0.963822066783905	0.347547441720963	
-0.012948933057487	0.0127546936273575	-0.924651443958282	0.407209187746048	
-0.0164588093757629	0.0151938050985336	-0.880249619483948	0.465495496988297	
-0.0216781850904226	0.0164871998131275	-0.829873621463776	0.520945727825165	
-0.0275892708450556	0.0157941151410341	-0.772823870182037	0.572219967842102	
-0.0327788293361664	0.0124649805948138	-0.708642542362213	0.618346035480499	
-0.0356329008936882	0.00622838921844959	-0.637318432331085	0.658884167671204	
-0.0345938727259636	-0.00266257394105196	-0.55946272611618	0.693967342376709	
-0.0284398663789034	-0.0133591536432505	-0.476417720317841	0.72419947385788	
-0.0165394078940153	-0.0244455710053444	-0.390267431735992	0.750427007675171	
0.000964512699283659	-0.0340766422450542	-0.303731322288513	0.773430705070496	
0.0230777319520712	-0.040214516222477	-0.219940021634102	0.793605804443359	
0.0480060204863548	-0.040935542434454	-0.142111375927925	0.810707867145538	
0.0733341202139854	-0.0347623936831951	-0.073165126144886	0.823733508586884	
0.096311591565609	-0.0209673047065735	-0.0153290005400777	0.830981552600861	
0.11420601606369	0.000208212586585432	0.0302024688571692	0.83030366897583	
0.124671943485737	0.0274627413600683	0.0634970143437386	0.819513142108917	
0.126080051064491	0.058500949293375	0.0859533846378326	0.796882152557373	
0.117756225168705	0.0902597159147263	0.100182332098484	0.761631667613983	
0.100093819200993	0.119271300733089	0.109699405729771	0.714308977127075	
0.0745216757059097	0.142115950584412	0.11845900863409	0.656959712505341	
0.0433328300714493	0.155898526310921	0.130286380648613	0.593033909797668	
0.00939991977065802	0.158675730228424	0.148285463452339	0.527011871337891	
-0.0241799559444189	0.149764522910118	0.174310117959976	0.463789463043213	
-0.0544587895274162	0.129878312349319	0.208583682775497	0.40791442990303	
-0.0789764821529388	0.10106310993433	0.24953481554985	0.362799972295761	
-0.0960192531347275	0.0664369314908981	0.293889790773392	0.330060303211212	
-0.104766294360161	0.0297679733484983	0.337024718523026	0.309100866317749	
-0.10531172901392	-0.00504634343087673	0.373542606830597	0.297061085700989	
-0.0985683724284172	-0.0345196649432182	0.39800438284874	0.28915086388588	
-0.0860766693949699	-0.0560523346066475	0.405716449022293	0.279354602098465	
-0.0697543770074844	-0.0682677328586578	0.393464177846909	0.261408716440201	
-0.0516276806592941	-0.0711568593978882	0.360083431005478	0.229904502630234	
-0.0335830599069595	-0.0660099163651466	0.306782215833664	0.181336805224419	
-0.0171714574098587	-0.0551487542688847	0.237155795097351	0.114916294813156	
-0.00348448241129518	-0.0415067225694656	0.156882524490356	0.0329943858087063	
0.00689113093540072	-0.0281277876347303	0.0731310695409775	-0.0589939542114735	
0.013847291469574	-0.0176693424582481	-0.0062480503693223	-0.153087854385376	
0.0176727268844843	-0.01199153624475	-0.0736426264047623	-0.239795029163361	
0.0189372319728136	-0.0118997981771827	-0.122589804232121	-0.309385508298874	
0.0183644313365221	-0.0170798376202583	-0.148557677865028	-0.353293478488922	
0.0167122855782509	-0.0262301601469517	-0.149494707584381	-0.365412533283234	
0.0146747156977654	-0.0373624339699745	-0.126076087355614	-0.343081712722778	
0.0128107806667686	-0.0482108592987061	-0.0816180258989334	-0.287603586912155	
0.0115017117932439	-0.0566733442246914	-0.0216758958995342	-0.204206898808479	
0.0109319249168038	-0.0612029582262039	0.0466162711381912	-0.101452238857746	
-0.00929838139563799	0.0576250404119492	-0.0469693951308727	0.103526391088963	
-0.00920420046895742	0.0570387542247772	-0.115820489823818	-0.00747000193223357	
-0.0095405075699091	0.0520443841814995	-0.177434742450714	-0.115349739789963	
-0.0100149754434824	0.0437484718859196	-0.225019991397858	-0.209071457386017	
-0.0102216955274343	0.0338549837470055	-0.253436028957367	-0.279603511095047	
-0.00967710185796022	0.0242942124605179	-0.259648114442825	-0.321000337600708	
-0.00787224899977446	0.0168079473078251	-0.242909654974937	-0.331026375293732	
-0.00434372201561928	0.0125717371702194	-0.204671114683151	-0.311253845691681	
0.00123937707394361	0.0119285155087709	-0.148246809840202	-0.266640990972519	
0.00898121111094952	0.0142872603610158	-0.0783011913299561	-0.204675734043121	
0.0186725556850433	0.0182097069919109	-0.000233441664022394	-0.134229466319084	
0.0297305081039667	0.021672872826457	0.0804554000496864	-0.0643009319901466	
0.0411837063729763	0.0224617570638657	0.158734500408173	-0.0028357352130115	
0.0517182089388371	0.0186211951076984	0.230493187904358	0.0442169643938541	
0.0597907416522503	0.00888326019048691	0.292830288410187	0.0734960809350014	
0.0638044700026512	-0.00701090646907687	0.344170153141022	0.0844155848026276	
0.0623295493423939	-0.0281585827469826	0.384215742349625	0.0789587795734406	
0.054339163005352	-0.0525467805564404	0.413769781589508	0.0611491352319717	
0.0394240394234657	-0.0773060321807861	0.434464991092682	0.0363082103431225	
0.0179466269910336	-0.0991291329264641	0.448450535535812	0.0102311372756958	
-0.00889870617538691	-0.114787325263023	0.458077520132065	-0.0115931043401361	
-0.0391411371529102	-0.121657893061638	0.465618550777435	-0.0246119685471058	
-0.0702089667320251	-0.11817380040884	0.473045170307159	-0.02562265843153	
-0.0992101281881332	-0.104117751121521	0.481873422861099	-0.012943847104907	
-0.123283475637436	-0.0807087570428848	0.49307855963707	0.0136375771835446	
-0.139972314238548	-0.0504638738930225	0.50707072019577	0.0530958622694016	
-0.147564426064491	-0.0168552827090025	0.52372008562088	0.103503867983818	
-0.145344436168671	0.0161829516291618	0.54241806268692	0.162406548857689	
-0.133715957403183	0.044819314032793	0.562163412570953	0.227167516946793	
-0.114169180393219	0.0658701732754707	0.581664025783539	0.295244604349136	
-0.0890937373042107	0.0772397145628929	0.599448382854462	0.364373505115509	
-0.0614612922072411	0.0781868398189545	0.613982081413269	0.432661324739456	
-0.0344235189259052	0.0693804770708084	0.62378466129303	0.498607933521271	
-0.0108857015147805	0.0527405962347984	0.627541780471802	0.56108283996582	
0.00687932316213846	0.0310964994132519	0.624205470085144	0.619285106658936	
0.0175180565565825	0.00772319547832012	0.61307281255722	0.672706604003906	
0.0207411032170057	-0.0141660571098328	0.593835294246674	0.721108257770538	
0.017305813729763	-0.0318886004388332	0.566589951515198	0.764507174491882	
0.00884311087429523	-0.0436501279473305	0.531808316707611	0.803163290023804	
-0.00244014081545174	-0.0487402528524399	0.490264683961868	0.837551236152649	
-0.0141322277486324	-0.0475440546870232	0.442930549383163	0.868304193019867	
-0.0239994190633297	-0.0413790866732597	0.390848785638809	0.896125912666321	
-0.0303185731172562	-0.032195832580328	0.335004985332489	0.921675682067871	
-0.0321078523993492	-0.0221999604254961	0.276216268539429	0.945442259311676	
-0.0292226485908031	-0.0134643856436014	0.215054646134377	0.96763026714325	
-0.0223076976835728	-0.00759646063670516	0.151818946003914	0.988084077835083	
-0.0126210413873196	-0.00551215186715126	0.0865603387355804	1.0062689781189	
-0.00176667689811438	-0.0073473397642374	0.0191580038517714	1.02132189273834	
0.00861325673758984	-0.0125108398497105	-0.0505674406886101	1.03216636180878	
0.0171312317252159	-0.019859017804265	-0.122722581028938	1.03767573833466	
0.0228818319737911	-0.0279521495103836	-0.197215467691422	1.03685534000397	
0.0255676656961441	-0.035341277718544	-0.273658901453018	1.02900779247284	
0.0255072396248579	-0.0408325716853142	-0.351321786642075	1.01384937763214	
0.0235300734639168	-0.0436839945614338	-0.429139286279678	0.991552174091339	
0.0207844264805317	-0.0437043085694313	-0.505783021450043	0.962702929973602	
0.0184973664581776	-0.0412440113723278	-0.579780995845795	0.928185403347015	
0.017733633518219	-0.03708790615201	-0.649668276309967	0.889010727405548	
0.0191975124180317	-0.0322759002447128	-0.714143931865692	0.846132278442383	
0.0231119133532047	-0.0278898067772388	-0.772207319736481	0.800284802913666	
0.0291929189115763	-0.0248472597450018	-0.823251068592072	0.751883506774902	
0.0367195717990398	-0.0237397532910109	-0.8670933842659	0.701008200645447	
0.0446811877191067	-0.0247411727905273	-0.903945982456207	0.64747679233551	
0.0519710853695869	-0.0275985617190599	-0.93432092666626	0.590994715690613	
0.0575887113809586	-0.0317011438310146	-0.958893954753876	0.531348466873169	
0.0608126521110535	-0.0362096801400185	-0.978347480297089	0.468599557876587	
0.061314545571804	-0.0402186252176762	-0.993220090866089	0.403233855962753	
0.0591965094208717	-0.04291957244277	-1.0037887096405	0.336227893829346	
0.0549500025808811	-0.0437365807592869	-1.01000416278839	0.269010543823242	
0.0493486970663071	-0.0424112267792225	-1.01149129867554	0.203319266438484	
0.0432995297014713	-0.0390260219573975	-1.00761234760284	0.140974104404449	
0.0376821272075176	-0.0339668020606041	-0.997585415840149	0.083610787987709	
0.0332070626318455	-0.0278356857597828	-0.980636298656464	0.0324260592460632	
0.03031743504107	-0.0213341228663921	-0.956159293651581	-0.0120111769065261	
0.029148306697607	-0.015139346010983	-0.923860430717468	-0.0498397089540958	
0.029546219855547	-0.0097966967150569	-0.883860528469086	-0.0818538516759872	
0.0311392582952976	-0.00564543111249804	-0.836740970611572	-0.109321929514408	
0.0334390662610531	-0.00278798141516745	-0.783526599407196	-0.133704587817192	
0.0359514541924	-0.00110384577419609	-0.725607812404633	-0.156323820352554	
0.0382726527750492	-0.000301046151435003	-0.664615094661713	-0.178046017885208	
0.0401530861854553	8.0320905908593E-6	-0.602265357971191	-0.199042677879333	
0.0415189862251282	0.000222752380068414	-0.540201604366302	-0.218679994344711	
0.042451735585928	0.000678436073940247	-0.479849398136139	-0.235565394163132	
0.0431339405477047	0.0015916534466669	-0.422307342290878	-0.247749909758568	
0.0437776520848274	0.00303432834334671	-0.368283808231354	-0.253054976463318	
0.0445529110729694	0.00493822200223804	-0.318083763122559	-0.249467194080353	
0.0455333776772022	0.00712554203346372	-0.271642476320267	-0.235529616475105	
0.0466708615422249	0.00935698486864567	-0.228595361113548	-0.210656985640526	
0.0478032156825066	0.0113861868157983	-0.188370704650879	-0.175314173102379	
0.0486921817064285	0.0130095016211271	-0.150289043784142	-0.131021440029144	
0.0490810908377171	0.0141020845621824	-0.11365519464016	-0.0801815316081047	
0.0487580485641956	0.01463473867625	-0.0778319090604782	-0.0257562678307295	
-0.04760966822505	-0.0146701661869884	0.0422886498272419	-0.0291516557335854	
-0.0456529557704926	-0.0143412370234728	0.00662422319874167	-0.0817384868860245	
-0.0430385172367096	-0.0138169843703508	-0.0294337142258883	-0.129883661866188	
-0.0400249250233173	-0.0132637601345778	-0.0660460814833641	-0.172411665320396	
-0.0369308032095432	-0.0128092365339398	-0.103288911283016	-0.209187790751457	
-0.0340759865939617	-0.0125157674774528	-0.141181394457817	-0.24103470146656	
-0.0317254178225994	-0.0123675195500255	-0.179709166288376	-0.269489824771881	
-0.0300482138991356	-0.0122730741277337	-0.218839287757874	-0.296452462673187	
-0.0291004981845617	-0.0120825693011284	-0.258525520563126	-0.323787569999695	
-0.0288346894085407	-0.0116161275655031	-0.298705697059631	-0.352960735559464	
-0.0291315354406834	-0.0106987776234746	-0.339293926954269	-0.384768098592758	
-0.0298457350581884	-0.0091962618753314	-0.380171775817871	-0.419207125902176	
-0.030852846801281	-0.00704621244221926	-0.421182304620743	-0.455503523349762	
-0.032084982842207	-0.00427989847958088	-0.462129861116409	-0.492280393838882	
-0.0335456728935242	-0.00103101262357086	-0.502787113189697	-0.52782815694809	
-0.0352996103465557	0.00247036409564316	-0.542909145355225	-0.560416758060455	
-0.0374393612146378	0.0059186639264226	-0.582253515720367	-0.588585376739502	
-0.0400373302400112	0.00896675139665604	-0.620602786540985	-0.611353635787964	
-0.0430954620242119	0.011269211769104	-0.657786965370178	-0.628316640853882	
-0.0465066246688366	0.012529855594039	-0.693701803684235	-0.639611542224884	
-0.0500395894050598	0.0125471791252494	-0.728319704532623	-0.645772099494934	
-0.0533545613288879	0.0112511608749628	-0.761691510677338	-0.647509276866913	
-0.0560492500662804	0.00872515607625246	-0.793936550617218	-0.645471096038818	
-0.0577280223369598	0.0052080824971199	-0.825222015380859	-0.640037953853607	
-0.0580804497003555	0.00107443681918085	-0.855731904506683	-0.631198465824127	
-0.0569522678852081	-0.00320722302421927	-0.885628938674927	-0.618533730506897	
-0.0543919019401073	-0.00713316816836596	-0.915013134479523	-0.601312041282654	
-0.050659853965044	-0.010233273729682	-0.943882465362549	-0.578670918941498	
-0.0461956188082695	-0.0121396211907268	-0.972100496292114	-0.549845039844513	
-0.0415456704795361	-0.0126437181606889	-0.999378085136414	-0.514386832714081	
-0.0372650139033794	-0.0117318062111735	-1.02527189254761	-0.472329467535019	
-0.0338113531470299	-0.00959042925387621	-1.04920470714569	-0.424253404140472	
-0.0314540341496468	-0.00657891482114792	-1.07050490379333	-0.371239453554153	
-0.0302181523293257	-0.00317110307514668	-1.08846485614777	-0.314716249704361	
-0.0298780743032694	0.000125435122754425	-1.10240805149078	-0.256233274936676	
-0.0300048999488354	0.00285939266905189	-1.11175942420959	-0.197207823395729	
-0.0300610829144716	0.00471860636025667	-1.1161036491394	-0.13870020210743	
-0.029524764046073	0.00558928027749062	-1.1152229309082	-0.081266276538372	
-0.0280186887830496	0.00557803781703115	-1.10910451412201	-0.0249197520315647	
-0.0254157092422247	0.00498934043571353	-1.09791326522827	0.0307867117226124	
-0.0218956712633371	0.00425901729613543	-1.08192980289459	0.0865789130330086	
-0.0179367959499359	0.00385363586246967	-1.0614629983902	0.143216818571091	
-0.0142371337860823	0.00415347842499614	-1.03675043582916	0.201242551207542	
-0.0115758860483766	0.0053422711789608	-1.00786602497101	0.260777235031128	
-0.0106378430500627	0.00732811586931348	-0.974654138088226	0.32141301035881	
-0.0118337888270617	0.00971663929522038	-0.936710834503174	0.382226288318634	
-0.0151535524055362	0.0118492590263486	-0.893423140048981	0.441910684108734	
-0.0200852155685425	0.0129078635945916	-0.844071447849274	0.499001711606979	
-0.0256239976733923	0.0120738986879587	-0.787986397743225	0.552142024040222	
-0.030379094183445	0.00871740840375423	-0.724741637706757	0.600326180458069	
-0.0327688083052635	0.00258238497190177	-0.654352247714996	0.643065571784973	
-0.0312770493328571	-0.00606888113543391	-0.577443540096283	0.680429995059967	
-0.0247307848185301	-0.0163867361843586	-0.495354652404785	0.71294903755188	
-0.012551243416965	-0.0269647035747766	-0.410146057605743	0.741389751434326	
0.00506701646372676	-0.0359783358871937	-0.324493229389191	0.766454517841339	
0.0270855091512203	-0.041422113776207	-0.241465851664543	0.788469016551971	
0.0516794510185719	-0.0414150580763817	-0.164210319519043	0.807135283946991	
0.0764227956533432	-0.0345300920307636	-0.0955730825662613	0.821418285369873	
0.0985784605145454	-0.0200930945575237	-0.0377167128026485	0.82961118221283	
0.115453377366066	0.00160261557903141	0.00821196287870407	0.829586982727051	
0.124765887856483	0.0292113069444895	0.0423033013939857	0.819205164909363	
0.124969892203808	0.0604062080383301	0.0659490823745728	0.796803891658783	
0.115485616028309	0.0921099409461021	0.0817227214574814	0.76168155670166	
0.096801184117794	0.120860248804092	0.0930752977728844	0.714465081691742	
0.0704289078712463	0.143262952566147	0.103876151144505	0.65727162361145	
0.0387230142951012	0.156466543674469	0.117853939533234	0.593605518341064	
0.00458646705374122	0.158585086464882	0.138014584779739	0.527976989746094	
-0.0288889147341251	0.149000510573387	0.166122153401375	0.465284287929535	
-0.0587958693504333	0.128491848707199	0.20232617855072	0.410049587488174	
-0.0827453136444092	0.0991640090942383	0.245002642273903	0.365637004375458	
-0.0991150289773941	0.0641809403896332	0.290847957134247	0.333595603704453	
-0.107183493673801	0.0273390356451273	0.335229754447937	0.313259273767471	
-0.107137739658356	-0.00745625607669353	0.372759908437729	0.30170002579689	
-0.0999640077352524	-0.0367305912077427	0.398020029067993	0.294074445962906	
-0.0872466266155243	-0.0579137280583382	0.406343013048172	0.284335047006607	
-0.0709123387932777	-0.0696711167693138	0.394541233778	0.26621201634407	
-0.0529616996645927	-0.0720422938466072	0.361474424600601	0.234316363930702	
-0.0352267697453499	-0.0663658007979393	0.308369487524033	0.185184508562088	
-0.0191857554018497	-0.0550051741302013	0.238836169242859	0.118083819746971	
-0.00585249904543161	-0.0409237556159496	0.158564314246178	0.0354283377528191	
0.00425524916499853	-0.0271805450320244	0.0747339576482773	-0.0572878941893578	
0.0110776051878929	-0.0164320971816778	-0.00479079084470868	-0.152056753635406	
0.0149226943030953	-0.0105233257636428	-0.0723802223801613	-0.239356324076653	
0.0163481961935759	-0.0102336537092924	-0.121549844741821	-0.309446781873703	
0.0160372070968151	-0.015217237174511	-0.14774326980114	-0.353770583868027	
0.014687092974782	-0.0241415798664093	-0.148884057998657	-0.366242855787277	
0.0129231391474605	-0.0349939912557602	-0.125625416636467	-0.344229698181152	
0.0112412488088012	-0.0454961657524109	-0.0812674537301064	-0.289058059453964	
0.00997751206159592	-0.0535489283502102	-0.0213575474917889	-0.205970704555511	
0.00929838139563799	-0.0576250404119492	0.0469693951308727	-0.103526391088963	
-0.00765350833535194	0.0539769195020199	-0.0472652912139893	0.105474404990673	
-0.00730434898287058	0.0529115311801434	-0.11619620770216	-0.00525732384994626	
-0.00728723872452974	0.0474834963679314	-0.17793482542038	-0.112912654876709	
-0.00737527152523398	0.0388529151678085	-0.225674360990524	-0.206494361162186	
-0.0072381473146379	0.0287756342440844	-0.254262298345566	-0.277018219232559	
-0.00646397192031145	0.0192249063402414	-0.260657250881195	-0.318579435348511	
-0.00459775375202298	0.0119698150083423	-0.244113549590111	-0.328967243432999	
-0.0012014388339594	0.0081922672688961	-0.20608951151371	-0.309755176305771	
0.0040649943985045	0.00821756199002266	-0.14991183578968	-0.265875935554504	
0.0113489981740713	0.0114127872511744	-0.080257423222065	-0.204766288399696	
0.0205121878534555	0.0162762850522995	-0.00253238785080612	-0.135226622223854	
0.0310581643134356	0.0207058377563953	0.077766016125679	-0.0661750659346581	
0.042102612555027	0.0223994106054306	0.155625432729721	-0.00547955418005586	
0.0524034537374973	0.0193166323006153	0.226969704031944	0.0409723781049252	
0.0604605972766876	0.0101162642240524	0.288946628570557	0.0698538795113564	
0.0646828860044479	-0.00551270879805088	0.340038686990738	0.0805783122777939	
0.0636061877012253	-0.0266913026571274	0.380008816719055	0.0750912949442863	
0.0561339370906353	-0.0513976886868477	0.409712165594101	0.0573453679680824	
0.0417624600231647	-0.0767206028103828	0.430817246437073	0.0325674153864384	
0.0207505151629448	-0.0992817804217339	0.445485025644302	0.00644793082028627	
-0.00580313242971897	-0.11575960367918	0.456050395965576	-0.0156225468963385	
-0.035998772829771	-0.123427197337151	0.464741945266724	-0.0291677862405777	
-0.0672987177968025	-0.120614312589169	0.473464012145996	-0.0310260001569986	
-0.0968011543154716	-0.107013866305351	0.483651429414749	-0.0195133164525032	
-0.121591910719872	-0.0837796404957771	0.496195673942566	0.00563141237944365	
-0.139125630259514	-0.0533961765468121	0.511433482170105	0.0434711202979088	
-0.147579237818718	-0.0193399973213673	0.529183328151703	0.0921970680356026	
-0.146121516823769	0.0144142005592585	0.548815190792084	0.149486944079399	
-0.135053142905235	0.0439632125198841	0.569340229034424	0.212833881378174	
-0.115790069103241	0.06602992862463	0.589510858058929	0.279805064201355	
-0.0906876623630524	0.0784153416752815	0.607925176620483	0.348211735486984	
-0.0627278760075569	0.0802785381674767	0.62313175201416	0.416193932294846	
-0.035114947706461	0.0722045749425888	0.633732855319977	0.482239991426468	
-0.0108400722965598	0.0560554973781109	0.638482213020325	0.545167982578278	
0.0077184559777379	0.0346349850296974	0.636373102664948	0.604095637798309	
0.0190985091030598	0.011226374655962	0.626709342002869	0.658418357372284	
0.0229150988161564	-0.0109177781268954	0.609151840209961	0.707801043987274	
0.0198564864695072	-0.0290517117828131	0.583733022212982	0.752180516719818	
0.0115196499973536	-0.0413043312728405	0.550834357738495	0.791763663291931	
0.000115384376840666	-0.0468863062560558	0.511127233505249	0.827005982398987	
-0.0119061637669802	-0.0461127310991287	0.465481370687485	0.858556509017944	
-0.0222468618303537	-0.0402493178844452	0.414852678775787	0.88716459274292	
-0.0291052144020796	-0.0312187019735575	0.360165536403656	0.913555026054382	
-0.0314203798770905	-0.0212246142327785	0.302208006381989	0.93828934431076	
-0.0289804171770811	-0.0123617826029658	0.241556391119957	0.961638629436493	
-0.0223837848752737	-0.00627754302695394	0.178543001413345	0.983494758605957	
-0.0128684090450406	-0.00393807236105204	0.113273173570633	1.00334334373474	
-0.00204468448646367	-0.00553080718964338	0.0456898994743824	1.02030968666077	
0.00841643940657377	-0.0105091696605086	-0.0243247132748365	1.03327476978302	
0.0170836467295885	-0.0177607405930758	-0.0968285351991653	1.04104387760162	
0.0230019427835941	-0.025859996676445	-0.171701058745384	1.04253768920898	
0.0258277878165245	-0.0333547070622444	-0.248549818992615	1.03696918487549	
0.0258445143699646	-0.0390328280627728	-0.326660484075546	1.02397048473358	
0.0238622520118952	-0.0421240366995335	-0.405001670122147	1.00364542007446	
0.0210270099341869	-0.0424048416316509	-0.482286989688873	0.976533770561218	
0.0185788553208113	-0.0401956923305988	-0.557085514068604	0.943497002124786	
0.0176062379032373	-0.0362586416304111	-0.627963840961456	0.905547261238098	
0.0188418626785278	-0.0316213481128216	-0.693636119365692	0.863657355308533	
0.0225355587899685	-0.0273646898567677	-0.753097057342529	0.818592965602875	
0.0284236539155245	-0.0244151875376701	-0.805714309215546	0.770804286003113	
0.0357955247163773	-0.023379722610116	-0.851265132427216	0.720402121543884	
0.0436400920152664	-0.0244496930390596	-0.889909267425537	0.667226433753967	
0.0508410856127739	-0.0273873805999756	-0.922103583812714	0.610992312431335	
0.0563825145363808	-0.0315913818776608	-0.948472321033478	0.551483333110809	
0.0595260560512543	-0.0362239703536034	-0.969655573368073	0.488748162984848	
0.0599292926490307	-0.0403731502592564	-0.986162424087524	0.423254102468491	
0.0576865784823895	-0.0432178378105164	-0.99825394153595	0.355958789587021	
0.0532897263765335	-0.0441663637757301	-1.00587666034698	0.288277119398117	
0.0475208275020123	-0.0429453328251839	-1.0086590051651	0.221941828727722	
0.0413014180958271	-0.0396267250180244	-1.00597023963928	0.158779755234718	
0.0355287231504917	-0.0345929488539696	-0.997034311294556	0.100445434451103	
0.0309301074594259	-0.0284509435296059	-0.981078505516052	0.0481645092368126	
0.0279610380530357	-0.0219145491719246	-0.957492232322693	0.00254165404476225	
0.0267618522047997	-0.0156785883009434	-0.925971150398254	-0.0365236029028893	
0.0271760504692793	-0.010307626798749	-0.886622190475464	-0.0697890669107437	
0.0288208108395338	-0.00615777121856809	-0.840013027191162	-0.0984920635819435	
0.0311909709125757	-0.00334229739382863	-0.78715854883194	-0.124070212244987	
0.0337727218866348	-0.00174305227119476	-0.729446709156036	-0.147831305861473	
0.0361434146761894	-0.00106112787034363	-0.668515026569366	-0.170635730028152	
0.0380386970937252	-0.000893813848961145	-0.606097102165222	-0.192655056715012	
0.0393766239285469	-0.000821312714833766	-0.543861508369446	-0.21325895190239	
0.0402382835745811	-0.000486543984152377	-0.483264774084091	-0.231058672070503	
0.040813684463501	0.000345733831636608	-0.425438195466995	-0.244106829166412	
0.0413284376263618	0.00175908906385303	-0.371120482683182	-0.250222504138947	
0.0419698320329189	0.00368723878636956	-0.320641398429871	-0.247385263442993	
0.0428294613957405	0.00594383152201772	-0.27395299077034	-0.234127268195152	
0.0438748262822628	0.00827171094715595	-0.230699226260185	-0.209849804639816	
0.0449548922479153	0.0104004452005029	-0.190309673547745	-0.175003975629807	
0.0458365231752396	0.0121004972606897	-0.152101308107376	-0.131098255515099	
0.0462618209421635	0.013224177993834	-0.115373767912388	-0.08052758872509	
0.0460120514035225	0.0137269431725144	-0.0794861242175102	-0.0262513216584921	
-0.0449628569185734	-0.013666795566678	0.0439081527292728	-0.0286245830357075	
-0.0431181229650974	-0.0131838032975793	0.00824423879384995	-0.0812878608703613	
-0.0406152345240116	-0.0124651594087481	-0.0277672559022903	-0.129605501890182	
-0.0377012267708778	-0.0117033822461963	-0.0642729848623276	-0.172387525439262	
-0.0346861705183983	-0.0110558457672596	-0.101333722472191	-0.209484711289406	
-0.0318849943578243	-0.0106129795312881	-0.138955429196358	-0.241707220673561	
-0.0295614674687386	-0.010380495339632	-0.17711541056633	-0.270583391189575	
-0.0278868563473225	-0.0102782463654876	-0.215779304504395	-0.298007518053055	
-0.0269220490008593	-0.0101554719731212	-0.254907220602036	-0.325843989849091	
-0.0266260225325823	-0.00981953833252192	-0.294450610876083	-0.355561286211014	
-0.0268870554864407	-0.00907330680638552	-0.334342539310455	-0.387961000204086	
-0.0275676418095827	-0.00775508675724268	-0.374486595392227	-0.423047125339508	
-0.0285507887601852	-0.00577487982809544	-0.414747714996338	-0.460051417350769	
-0.0297751743346453	-0.00314118224196136	-0.454949587583542	-0.497601449489594	
-0.0312495026737452	2.6088127924595E-5	-0.49487966299057	-0.533989608287811	
-0.0330416969954967	0.00349917658604681	-0.534302890300751	-0.567484796047211	
-0.0352450795471668	0.00696305325254798	-0.5729820728302	-0.596622288227081	
-0.0379298403859138	0.0100511517375708	-0.610701978206635	-0.620415329933167	
-0.041092436760664	0.0123922973871231	-0.647294282913208	-0.638450741767883	
-0.0446169823408127	0.0136629864573479	-0.682657599449158	-0.65085643529892	
-0.0482606999576092	0.0136379115283489	-0.716770946979523	-0.658156335353851	
-0.0516703985631466	0.0122311739251018	-0.74969607591629	-0.66105180978775	
-0.0544300265610218	0.00952120404690504	-0.781567871570587	-0.660181820392609	
-0.0561315752565861	0.00575403589755297	-0.812572479248047	-0.655918061733246	
-0.0564555674791336	0.00132233556360006	-0.842914700508118	-0.648240864276886	
-0.0552437230944633	-0.00327898608520627	-0.872777581214905	-0.636723279953003	
-0.0525466613471508	-0.00751588679850101	-0.90227884054184	-0.620625495910645	
-0.0486337542533875	-0.0108887897804379	-0.931429386138916	-0.599076628684998	
-0.0439595505595207	-0.013005793094635	-0.960100591182709	-0.571302533149719	
-0.0390903912484646	-0.0136435152962804	-0.9880051612854	-0.53684675693512	
-0.0346037484705448	-0.0127845136448741	-1.01469671726227	-0.495733439922333	
-0.0309797953814268	-0.0106231532990932	-1.03959035873413	-0.448534160852432	
-0.0285075847059488	-0.00753665389493108	-1.06200408935547	-0.396321386098862	
-0.0272267200052738	-0.00402396358549595	-1.08121752738953	-0.34051588177681	
-0.0269190929830074	-0.00062126072589308	-1.09653985500336	-0.282659947872162	
-0.0271554291248322	0.00219198828563094	-1.10737919807434	-0.224164009094238	
-0.0273899789899588	0.00407946994528174	-1.11330115795135	-0.166081264615059	
-0.0270857959985733	0.00490993726998568	-1.11406576633453	-0.108959697186947	
-0.0258452780544758	0.00478080613538623	-1.10963451862335	-0.0528034828603268	
-0.0235176924616098	0.00399592705070972	-1.10014283657074	0.00284649198874831	
-0.0202581603080034	0.00299843307584524	-1.08584010601044	0.0587304942309856	
-0.0165209919214249	0.00226872111670673	-1.06700420379639	0.115625560283661	
-0.0129827484488487	0.00220569502562284	-1.04384458065033	0.174092799425125	
-0.010404878295958	0.00301476730965078	-1.01641368865967	0.234272807836533	
-0.0094591686502099	0.00462732370942831	-0.984543979167938	0.295775532722473	
-0.0105490535497665	0.00667274789884686	-0.94783091545105	0.357690662145615	
-0.013663562014699	0.00851586740463972	-0.905672967433929	0.41871765255928	
-0.0182974692434072	0.00936092995107174	-0.857371926307678	0.4773870408535	
-0.0234611034393311	0.0084099043160677	-0.802286505699158	0.53232330083847	
-0.0277878735214472	0.0050504207611084	-0.740019083023071	0.582488000392914	
-0.0297295264899731	-0.000960357836447656	-0.67060798406601	0.627344489097595	
-0.0278118103742599	-0.0093532158061862	-0.594690084457397	0.666900932788849	
-0.02090984582901	-0.0192797780036926	-0.51359897851944	0.701615512371063	
-0.00849578157067299	-0.0293447803705931	-0.42936971783638	0.732178747653961	
0.00918705388903618	-0.0377459861338139	-0.344632893800735	0.759218335151672	
0.0310594346374273	-0.0425110869109631	-0.262396812438965	0.782993853092194	
0.0552700608968735	-0.0418019331991673	-0.18573671579361	0.803156793117523	
0.0793861448764801	-0.0342410020530224	-0.11742676794529	0.818642973899841	
0.100687608122826	-0.0192062351852655	-0.059565756469965	0.827741384506226	
0.116523422300816	0.00295970938168466	-0.0132544999942183	0.828346967697144	
0.124677285552025	0.0308700148016214	0.0216181743890047	0.818364977836609	
0.123686455190182	0.062170248478651	0.0464353300631046	0.796198129653931	
0.11306419223547	0.0937728136777878	0.0637315511703491	0.761220574378967	
0.0933907926082611	0.122224815189838	0.076892264187336	0.714136362075806	
0.0662585273385048	0.144161000847816	0.0897010415792465	0.657131791114807	
0.0340787768363953	0.156775802373886	0.105789862573147	0.593763113021851	
-0.000219288340304047	0.15824168920517	0.128067046403885	0.52856856584549	
-0.0335528030991554	0.148005127906799	0.158207848668098	0.466446667909622	
-0.063058115541935	0.126908630132675	0.196289584040642	0.41189244389534	
-0.0864189267158508	0.0971125885844231	0.240637496113777	0.368219673633575	
-0.10210520029068	0.0618223808705807	0.287920325994492	0.336910933256149	
-0.109494157135487	0.0248575024306774	0.33349946141243	0.317227423191071	
-0.108864285051823	-0.00987356435507536	0.371997833251953	0.306172877550125	
-0.101273141801357	-0.0389128066599369	0.398019522428513	0.298849701881409	
-0.088346540927887	-0.0597224831581116	0.406925141811371	0.289178222417831	
-0.0720178708434105	-0.0710115507245064	0.395554631948471	0.270882576704025	
-0.0542600192129612	-0.072867788374424	0.362791448831558	0.238594099879265	
-0.0368491411209106	-0.066675953567028	0.309880584478378	0.188892483711243	
-0.0211898442357779	-0.0548378601670265	0.240444585680962	0.121103912591934	
-0.00821793638169765	-0.0403425060212612	0.160183027386665	0.037707794457674	
0.00161754642613232	-0.0262593664228916	0.0762850865721703	-0.0557397827506065	
0.00830428767949343	-0.015240048058331	-0.00337362149730325	-0.151180639863014	
0.01216896250844	-0.0091111296787858	-0.0711477845907211	-0.239060953259468	
0.0137562416493893	-0.00862434320151806	-0.120532713830471	-0.309629797935486	
0.013707896694541	-0.0134022021666169	-0.146948412060738	-0.354337960481644	
0.0126600665971637	-0.0220826230943203	-0.148293897509575	-0.367123395204544	
0.0111689902842045	-0.0326311476528645	-0.125200167298317	-0.345382183790207	
0.00966724939644337	-0.0427602417767048	-0.080950640141964	-0.290469467639923	
0.00844583939760923	-0.0503770336508751	-0.021083876490593	-0.207646399736404	
0.00765350833535194	-0.0539769195020199	0.0472652912139893	-0.105474404990673	
-0.00599931133911014	0.0502630323171616	-0.0475036017596722	0.107293926179409	
-0.00539189437404275	0.0487036816775799	-0.116500787436962	-0.00320164789445698	
-0.00501830549910665	0.0428333319723606	-0.178350254893303	-0.110647432506084	
-0.00471762055531144	0.0338651724159718	-0.226231187582016	-0.204089149832726	
-0.00423581944778562	0.023605577647686	-0.254979282617569	-0.274590462446213	
-0.0032334269490093	0.0140688559040427	-0.261546969413757	-0.316289603710175	
-0.00131014885846525	0.00704945856705308	-0.245189756155014	-0.327004015445709	
0.00194608513265848	0.00373414880596101	-0.207374349236488	-0.308312833309174	
0.00688406219705939	0.004429891705513	-0.151440426707268	-0.265127658843994	
0.01369459182024	0.0084621524438262	-0.0820779651403427	-0.204837679862976	
0.0223107486963272	0.014267073944211	-0.00470075802877545	-0.136174991726875	
0.0323238894343376	0.0196650438010693	0.075197160243988	-0.0679781958460808	
0.0429386086761951	0.0222690626978874	0.152621567249298	-0.00803699810057878	
0.0529870465397835	0.0199553165584803	0.223531007766724	0.0378246568143368	
0.0610148794949055	0.0113102085888386	0.285122781991959	0.0663171336054802	
0.0654391273856163	-0.00402963859960437	0.335938811302185	0.0768565014004707	
0.0647634267807007	-0.0252105332911015	0.375803649425507	0.0713537409901619	
0.0578226484358311	-0.0502045936882496	0.405626773834229	0.0536925718188286	
0.0440187975764275	-0.0760624334216118	0.427114486694336	0.0290058609098196	
0.0235057473182678	-0.0993387177586555	0.442441165447235	0.00287852180190384	
-0.00271580344997346	-0.116622611880302	0.45392644405365	-0.019399831071496	
-0.0328207686543465	-0.125085726380348	0.463754832744598	-0.0334329716861248	
-0.0643096268177032	-0.122955657541752	0.473762542009354	-0.0361044481396675	
-0.094275064766407	-0.109834775328636	0.485300987958908	-0.0257320962846279	
-0.119753688573837	-0.0868089571595192	0.499175012111664	-0.00201025744900107	
-0.138114243745804	-0.0563259944319725	0.515644490718842	0.0342104844748974	
-0.147424086928368	-0.0218615550547838	0.534472763538361	0.0812392681837082	
-0.14673575758934	0.0125744445249438	0.555005490779877	0.136887699365616	
-0.136244893074036	0.0430119149386883	0.576264321804047	0.198781162500381	
-0.117289818823338	0.066083699464798	0.59704577922821	0.264600038528442	
-0.0921871811151505	0.079489067196846	0.61601847410202	0.332235246896744	
-0.0639246180653572	0.082286648452282	0.631816864013672	0.399863868951797	
-0.0357546880841255	0.0749748721718788	0.643129706382751	0.465965807437897	
-0.0107513647526503	0.0593535043299198	0.648783683776855	0.529309332370758	
0.00860319659113884	0.038195226341486	0.647818565368652	0.588931322097778	
0.0207380503416061	0.0147862592712045	0.639549493789673	0.644129276275635	
0.025170685723424	-0.0075862561352551	0.62361067533493	0.694469630718231	
0.0225168950855732	-0.0261167157441378	0.599972426891327	0.739805698394775	
0.0143354628235102	-0.0388585664331913	0.56892728805542	0.78028792142868	
0.0028366269543767	-0.0449427627027035	0.531042993068695	0.816349983215332	
-0.00949503295123577	-0.0446117781102657	0.487085461616516	0.848654747009277	
-0.0202998928725719	-0.0390754044055939	0.437920689582825	0.877996444702148	
-0.0276994947344065	-0.0302236545830965	0.384408563375473	0.905166149139404	
-0.0305536966770887	-0.0202536061406136	0.327304840087891	0.930800080299377	
-0.0285813380032778	-0.011277923360467	0.267187565565109	0.955238401889801	
-0.0223314724862576	-0.00498145073652267	0.20442096889019	0.978424072265625	
-0.0130181107670069	-0.00237982324324548	0.139164224267006	0.999866127967834	
-0.00225416827015579	-0.00371305109001696	0.0714246928691864	1.01868081092834	
0.0082638980820775	-0.00848166644573212	0.00114744156599045	1.0337085723877	
0.0170632228255272	-0.0156079791486263	-0.0716747790575027	1.04368758201599	
0.0231401193886995	-0.0236845463514328	-0.146891012787819	1.04745435714722	
0.026104336604476	-0.0312594473361969	-0.2241021245718	1.0441312789917	
0.0262022521346807	-0.0371051877737045	-0.302609860897064	1.03326559066772	
0.0242219381034374	-0.0404246635735035	-0.381416618824005	1.0148913860321	
0.0213041454553604	-0.0409622639417648	-0.459279179573059	0.989500761032104	
0.0186991188675165	-0.0390072353184223	-0.534809768199921	0.957932353019714	
0.0175168737769127	-0.0352967642247677	-0.606608986854553	0.921199202537537	
0.0185174010694027	-0.0308436285704374	-0.67340874671936	0.880293905735016	
0.0219774898141623	-0.0267251413315535	-0.73420125246048	0.836013853549957	
0.0276548378169537	-0.0238745603710413	-0.78833132982254	0.788844704627991	
0.0348511524498463	-0.0229128170758486	-0.835535883903503	0.738929152488708	
0.042557418346405	-0.0240485072135925	-0.875923097133636	0.6861292719841	
0.0496502369642258	-0.0270597860217094	-0.909894049167633	0.63016951084137	
0.0551002696156502	-0.0313560627400875	-0.938020408153534	0.570830047130585	
0.0581536181271076	-0.036103006452322	-0.96089905500412	0.508145451545715	
0.0584542453289032	-0.040384117513895	-0.979008436203003	0.442563086748123	
0.0560882464051247	-0.0433672927320004	-0.992592930793762	0.375020384788513	
0.0515465252101421	-0.0444461815059185	-1.00159478187561	0.306917130947113	
0.0456178337335587	-0.0433327294886112	-1.00564622879028	0.239980459213257	
0.0392363928258419	-0.0400879345834255	-1.00412452220917	0.17604373395443	
0.0333153046667576	-0.035089734941721	-0.996260821819305	0.116780243813992	
0.0285974647849798	-0.0289484672248363	-0.981284558773041	0.0634449347853661	
0.025550089776516	-0.022388843819499	-0.958581387996674	0.0166787058115005	
0.024318864569068	-0.0161219742149115	-0.927836894989014	-0.0235801730304956	
0.0247449111193419	-0.0107307843863964	-0.889143824577332	-0.0580528415739536	
0.0264355726540089	-0.00658791465684772	-0.843055248260498	-0.0879458710551262	
0.0288701057434082	-0.00381773035041988	-0.790574908256531	-0.114674501121044	
0.031516220420599	-0.00230513792484999	-0.733086347579956	-0.139533385634422	
0.0339332222938538	-0.00174529326613992	-0.672232389450073	-0.163378149271011	
0.0358423665165901	-0.00172144395764917	-0.609762072563171	-0.186381801962852	
0.0371534898877144	-0.00179426069371402	-0.547367990016937	-0.207918629050255	
0.0379469245672226	-0.00158548762556165	-0.48653718829155	-0.226604476571083	
0.0384193547070026	-0.000841390050482005	-0.428433626890182	-0.24049386382103	
0.0388091914355755	0.000533474783878773	-0.37382698059082	-0.247403204441071	
0.0393202975392342	0.00247533619403839	-0.323072522878647	-0.245304390788078	
0.0400617867708206	0.00479002809152007	-0.276140183210373	-0.232717499136925	
0.0410167910158634	0.00720331212505698	-0.232683286070824	-0.209029138088226	
0.0420456454157829	0.00942133460193872	-0.192133277654648	-0.174675494432449	
0.0429208502173424	0.0111890723928809	-0.153803795576096	-0.131152331829071	
0.0433839522302151	0.0123361153528094	-0.116988971829414	-0.0808463469147682	
0.0432099960744381	0.012802422977984	-0.081043504178524	-0.0267143938690424	
-0.0422641113400459	-0.0126409539952874	0.0454364940524101	-0.0281338058412075	
-0.0405372455716133	-0.011998544447124	0.00977685488760471	-0.0808766484260559	
-0.0381534211337566	-0.0110801560804248	-0.0261873081326485	-0.129367649555206	
-0.0353477112948895	-0.0101042212918401	-0.0625890418887138	-0.172401323914528	
-0.0324209704995155	-0.00925775896757841	-0.0994741395115852	-0.209813132882118	
-0.0296824760735035	-0.00865943916141987	-0.136835142970085	-0.242400169372559	
-0.0273941066116095	-0.00833685137331486	-0.174640402197838	-0.271681487560272	
-0.0257287193089724	-0.00822154618799686	-0.212853223085403	-0.299546629190445	
-0.0247516538947821	-0.00816227961331606	-0.251438975334167	-0.327859789133072	
-0.024428391829133	-0.00795397255569696	-0.290361553430557	-0.358092963695526	
-0.0246549360454082	-0.00737744569778442	-0.329572141170502	-0.391053915023804	
-0.0253019295632839	-0.00624348549172282	-0.36899545788765	-0.426753580570221	
-0.0262602474540472	-0.00443416368216276	-0.408517897129059	-0.464430153369904	
-0.0274755079299212	-0.00193475477863103	-0.447982132434845	-0.502715706825256	
-0.0289618317037821	0.00114912656135857	-0.487190544605255	-0.539904534816742	
-0.0307904463261366	0.00459256302565336	-0.525917887687683	-0.574264168739319	
-0.0330553166568279	0.00807147659361362	-0.563932180404663	-0.604325830936432	
-0.035824179649353	0.0112001327797771	-0.601020634174347	-0.629096210002899	
-0.0390876941382885	0.0135816847905517	-0.637016117572784	-0.648153960704803	
-0.0427209734916687	0.0148652456700802	-0.671820163726807	-0.661618113517761	
-0.0464695394039154	0.0148015134036541	-0.70541775226593	-0.670003592967987	
-0.0499668791890144	0.0132884718477726	-0.737881362438202	-0.67400324344635	
-0.0527834333479404	0.0103993723168969	-0.769361019134521	-0.674247980117798	
-0.0544992946088314	0.00638715550303459	-0.800061762332916	-0.671102166175842	
-0.0547865442931652	0.00166249449830502	-0.830209076404572	-0.664539277553558	
-0.0534835048019886	-0.00325347483158112	-0.86000645160675	-0.654125511646271	
-0.0506435856223106	-0.00779652455821633	-0.889589309692383	-0.63911372423172	
-0.046545471996069	-0.0114378072321415	-0.918981969356537	-0.618625462055206	
-0.041658990085125	-0.0137617075815797	-0.948063552379608	-0.591878414154053	
-0.0365703143179417	-0.0145303495228291	-0.976548850536346	-0.558407187461853	
-0.0318791382014751	-0.0137230977416039	-1.00398814678192	-0.518226981163025	
-0.0280876308679581	-0.0115426927804947	-1.02978920936584	-0.471900403499603	
-0.0255039483308792	-0.00838477537035942	-1.05325925350189	-0.420491069555283	
-0.0241815224289894	-0.00477380352094769	-1.07366502285004	-0.365411549806595	
-0.0239090658724308	-0.0012747315922752	-1.09030139446259	-0.308196395635605	
-0.0242562871426344	0.00160496775060892	-1.10256052017212	-0.250248402357101	
-0.0246686525642872	0.00350535637699068	-1.10999000072479	-0.192613080143929	
-0.0245936587452888	0.0042786356061697	-1.11232912540436	-0.135829716920853	
-0.0236130133271217	0.00401423312723637	-1.10951542854309	-0.0798923522233963	
-0.0215522050857544	0.00301681458950043	-1.10165762901306	-0.0243295803666115	
-0.0185416359454393	0.00173831463325769	-1.08897638320923	0.0316135808825493	
-0.0150119261816144	0.000674355658702552	-1.07172071933746	0.0887311771512032	
-0.0116186812520027	0.000243598260567524	-1.05007433891296	0.147602871060371	
-0.00910645350813866	0.000673881208058447	-1.02406942844391	0.208387896418571	
-0.00813525449484587	0.00192011671606451	-0.993527472019196	0.27071288228035	
-0.00910273566842079	0.00363514758646488	-0.958043277263641	0.333679616451263	
-0.011998956091702	0.00520637491717935	-0.917025566101074	0.395992010831833	
-0.0163273364305496	0.00585909141227603	-0.869795978069305	0.456174790859222	
-0.0211151894181967	0.00481407111510634	-0.81573873758316	0.512833833694458	
-0.0250216796994209	0.00147454359102994	-0.754482388496399	0.564897954463959	
-0.0265329517424107	-0.00439128978177905	-0.686085820198059	0.611783504486084	
-0.0242167487740517	-0.012509424239397	-0.611194849014282	0.653439164161682	
-0.0169955287128687	-0.0220347512513399	-0.531135559082031	0.690254330635071	
-0.00439051864668727	-0.0315849147737026	-0.447916150093079	0.722846388816833	
0.0133089497685432	-0.0393811538815498	-0.364121377468109	0.751771807670593	
0.0349864065647125	-0.0434850603342056	-0.28269824385643	0.777227461338043	
0.0587679073214531	-0.0421012975275517	-0.206651404500008	0.79881739616394	
0.0822177976369858	-0.0339010953903198	-0.1386838555336	0.815450549125671	
0.102636337280273	-0.0183128137141466	-0.0808320343494415	0.825413227081299	
0.117417097091675	0.00427399622276425	-0.0341524295508862	0.826622486114502	
0.124410398304462	0.0324345864355564	0.00148527894634753	0.817028999328613	
0.122236780822277	0.0637905225157738	0.0274538900703192	0.795098602771759	
0.110501080751419	0.095247820019722	0.0462478771805763	0.76027899980545	
0.0898731127381325	0.12336665391922	0.0611861236393452	0.713349342346191	
0.0620215460658073	0.144813790917397	0.0759660378098488	0.656562685966492	
0.029410894960165	0.156831815838814	0.0941229462623596	0.593524992465973	
-0.00500744115561247	0.157652422785759	0.118468195199966	0.528800368309021	
-0.0381630696356297	0.146786034107208	0.150589391589165	0.467286080121994	
-0.0672386139631271	0.125136569142342	0.190493196249008	0.413448631763458	
-0.0899921432137489	0.0949164927005768	0.236456021666527	0.370550006628036	
-0.104986183345318	0.0593681074678898	0.285121113061905	0.340005367994308	
-0.111696012318134	0.0223291348665953	0.331845879554749	0.321002155542374	
-0.110490009188652	-0.0122937643900514	0.371266394853592	0.310474812984467	
-0.102494888007641	-0.0410630516707897	0.398010909557343	0.30347090959549	
-0.0893755853176117	-0.0614763982594013	0.407469004392624	0.293877989053726	
-0.073069840669632	-0.0722876191139221	0.396508812904358	0.275414139032364	
-0.0555209927260876	-0.0736322700977325	0.364037394523621	0.242731884121895	
-0.0384479500353336	-0.0669392943382263	0.311316967010498	0.192455351352692	
-0.0231809858232737	-0.054645337164402	0.24198155105114	0.123971730470657	
-0.0105777466669679	-0.0397608280181885	0.161738410592079	0.0398284159600735	
-0.00101888901554048	-0.0253613125532866	0.0777838155627251	-0.0543535314500332	
0.0055301864631474	-0.0140895005315542	-0.00199733721092343	-0.150463059544563	
0.00941390730440617	-0.00775070488452911	-0.0699460357427597	-0.238912165164948	
0.0111631480976939	-0.00706744007766247	-0.119538925588131	-0.309937477111816	
0.0113776810467243	-0.0116306003183126	-0.146173372864723	-0.354998052120209	
0.0106319319456816	-0.0200499892234802	-0.14772430062294	-0.368056148290634	
0.00941280927509069	-0.0302719697356224	-0.124800309538841	-0.346540361642838	
0.00808947253972292	-0.0400029979646206	-0.0806675925850868	-0.291837930679321	
0.00690789148211479	-0.0471597611904144	-0.0208550188690424	-0.209232926368713	
0.00599931133911014	-0.0502630323171616	0.0475036017596722	-0.107293926179409	
-0.00433780485764146	0.0464879125356674	-0.0476840361952782	0.108982719480991	
-0.00346985482610762	0.0444221198558807	-0.116733729839325	-0.00130634556990117	
-0.00273774284869432	0.038102924823761	-0.178680315613747	-0.108558528125286	
-0.00204691081307828	0.0287959575653076	-0.226689636707306	-0.201861128211021	
-0.00122012884821743	0.0183565691113472	-0.255586087703705	-0.272326111793518	
9.03088766790461E-6	0.00883814878761768	-0.262316226959229	-0.314136832952499	
0.00198547076433897	0.00205855444073677	-0.246137171983719	-0.325142443180084	
0.0050946194678545	-0.000792037171777338	-0.208524346351624	-0.30693194270134	
0.00969356019049883	0.000574426783714443	-0.152830883860588	-0.26440018415451	
0.0160163473337889	0.00544224586337805	-0.083760492503643	-0.204892829060555	
0.0240679308772087	0.0121867815032601	-0.00673526292666793	-0.137076333165169	
0.0335284695029259	0.0185531210154295	0.0727533847093582	-0.0697109773755074	
0.0436931662261486	0.0220715999603271	0.149729028344154	-0.0105078527703881	
0.0534706190228462	0.0205369163304567	0.220184877514839	0.0347745977342129	
0.0614548735320568	0.0124642131850123	0.281368285417557	0.0628869235515594	
0.0660737231373787	-0.00256241066381335	0.331881701946259	0.0732513144612312	
0.0658007636666298	-0.0237161349505186	0.371612787246704	0.0677472949028015	
0.0594037733972073	-0.0489659309387207	0.4015271961689	0.0501920245587826	
0.0461907312273979	-0.0753281489014626	0.423370957374573	0.0256252773106098	
0.0262096431106329	-0.0992946401238441	0.439333498477936	-0.000474334810860455	
0.000360811216523871	-0.117369279265404	0.451720178127289	-0.022920448333025	
-0.0296087637543678	-0.126625031232834	0.462671667337418	-0.0374004319310188	
-0.0612419471144676	-0.125188663601875	0.473955065011978	-0.0408474765717983	
-0.0916303843259811	-0.112571343779564	0.486836522817612	-0.0315854884684086	
-0.117765516042709	-0.0897884294390678	0.50203138589859	-0.00926798488944769	
-0.136933222413063	-0.0592467337846756	0.519719302654266	0.0253384821116924	
-0.147092968225479	-0.0244157053530216	0.539605021476746	0.0706600919365883	
-0.1471808552742	0.0106651587411761	0.561006724834442	0.124643303453922	
-0.137285605072975	0.041963953524828	0.58295464515686	0.185048252344131	
-0.118664413690567	0.0660272017121315	0.604288518428802	0.249672159552574	
-0.0935907587409019	0.0804542452096939	0.623748421669006	0.316489845514297	
-0.0650530233979225	0.0842028185725212	0.640056729316711	0.383719354867935	
-0.036347571760416	0.0776821300387383	0.651992857456207	0.449835509061813	
-0.0106276152655482	0.0626252964138985	0.658460915088654	0.513558804988861	
0.00952279940247536	0.041768629103899	0.658552289009094	0.573845624923706	
0.0224240235984325	0.0183956325054169	0.651598572731018	0.629894554615021	
0.0274942852556705	-0.00417693052440882	0.637211263179779	0.681171357631683	
0.0252736117690802	-0.0230871364474297	0.615301549434662	0.727442443370819	
0.0172782465815544	-0.0363145805895329	0.586074113845825	0.76879870891571	
0.00571319134905934	-0.042909998446703	0.549992799758911	0.805648744106293	
-0.00690683955326676	-0.0430407524108887	0.507718026638031	0.838667213916779	
-0.0181639827787876	-0.0378567464649677	0.460023105144501	0.868692278862	
-0.0261045470833778	-0.0292105786502361	0.407700061798096	0.896581590175629	
-0.0295090656727552	-0.019287871196866	0.351469188928604	0.923047721385956	
-0.0280254632234573	-0.0102151688188314	0.291907548904419	0.948502600193024	
-0.022150345146656	-0.00371212279424071	0.229409545660019	0.972943127155304	
-0.0130699435248971	-0.00084284960757941	0.164187431335449	0.995904922485352	
-0.00239569065161049	-0.00190072716213763	0.0963134616613388	1.01649844646454	
0.00815397221595049	-0.00643574399873614	0.0257969722151756	1.03352546691895	
0.0170671213418245	-0.01340835634619	-0.0473168231546879	1.04565858840942	
0.0232924893498421	-0.021433062851429	-0.122844561934471	1.05165028572083	
0.0263927578926086	-0.0290619265288115	-0.200378865003586	1.05053222179413	
0.0265756733715534	-0.0350548550486565	-0.279236674308777	1.0417662858963	
0.0246046297252178	-0.0385896563529968	-0.358454138040543	1.02531564235687	
0.0216120723634958	-0.0393789000809193	-0.436832189559937	1.00162398815155	
0.0188554879277945	-0.0376796461641788	-0.513028085231781	0.971506536006927	
0.0174641702324152	-0.0342022217810154	-0.585678696632385	0.935977041721344	
0.0182241108268499	-0.0299419704824686	-0.653536260128021	0.896048247814178	
0.02143894135952	-0.0259700231254101	-0.715592861175537	0.85254979133606	
0.0268887747079134	-0.0232241787016392	-0.771172285079956	0.806003451347351	
0.0338895730674267	-0.0223380159586668	-0.819972395896912	0.756584167480469	
0.0414368249475956	-0.023536890745163	-0.862050116062164	0.704176306724548	
0.0484025329351425	-0.026615384966135	-0.897750556468964	0.648513793945313	
0.0537461377680302	-0.0309950541704893	-0.927592098712921	0.589372456073761	
0.0566995814442635	-0.0358467921614647	-0.95212709903717	0.526771903038025	
0.0568936988711357	-0.0402515232563019	-0.971802592277527	0.461138427257538	
0.0544058829545975	-0.0433677807450294	-0.986845731735229	0.393387943506241	
0.0497248880565166	-0.0445756278932095	-0.997194111347198	0.324904054403305	
0.0436443351209164	-0.0435727313160896	-1.00248444080353	0.257407635450363	
0.037109199911356	-0.0404087267816067	-1.00210285186768	0.192738145589828	
0.031046686694026	-0.0354560725390911	-0.995288193225861	0.132587641477585	
0.0262139271944761	-0.029327105730772	-0.981273889541626	0.0782406255602837	
0.0230892617255449	-0.0227559208869934	-0.959442317485809	0.0303745958954096	
0.0218237768858671	-0.0164685919880867	-0.929469525814056	-0.0110331801697612	
0.0222569182515144	-0.01106549333781	-0.891433954238892	-0.0466671399772167	
0.0239872988313437	-0.00693544186651707	-0.845873236656189	-0.0777034237980843	
0.0264798905700445	-0.0042140893638134	-0.793778538703918	-0.10553565621376	
0.0291851125657558	-0.00279007642529905	-0.736527562141418	-0.131446436047554	
0.0316450968384743	-0.00235359347425401	-0.675766587257385	-0.156287893652916	
0.0335671491920948	-0.00247489893808961	-0.613258302211761	-0.180235832929611	
0.0348528064787388	-0.00269605033099651	-0.550718426704407	-0.202670305967331	
0.0355811603367329	-0.00261822901666164	-0.489663690328598	-0.222212508320808	
0.0359548144042492	-0.00196941802278161	-0.431290656328201	-0.23691913485527	
0.0362241268157959	-0.000642099417746067	-0.376400351524353	-0.244603708386421	
0.0366088077425957	0.00130300782620907	-0.325374335050583	-0.243229731917381	
0.0372350327670574	0.0036646684166044	-0.278201341629028	-0.231304094195366	
0.0381014421582222	0.00615234952419996	-0.234544977545738	-0.208197563886642	
0.0390800125896931	0.00844945013523102	-0.193839132785797	-0.174330219626427	
0.0399494208395481	0.0102759078145027	-0.155394241213799	-0.131184294819832	
0.0404513478279114	0.0114387469366193	-0.118498705327511	-0.0811377316713333	
0.0403552986681461	0.0118623049929738	-0.0825021415948868	-0.027144918218255	
-0.0395164079964161	-0.0115941623225808	0.0468720011413097	-0.0276802275329828	
-0.0379129350185394	-0.0107874749228358	0.0112206386402249	-0.0805059596896172	
-0.0356554388999939	-0.00966454949229956	-0.0246950890868902	-0.1291713565588	
-0.032966610044241	-0.00846942141652107	-0.0609953552484512	-0.172454446554184	
-0.0301374308764935	-0.00741865206509829	-0.0977112799882889	-0.210174560546875	
-0.0274707581847906	-0.00665925350040197	-0.134821876883507	-0.243115186691284	
-0.0252258349210024	-0.0062409876845777	-0.17228601872921	-0.272785902023315	
-0.0235765110701323	-0.00610750867053866	-0.210063755512238	-0.301071763038635	
-0.0225922260433435	-0.00610751612111926	-0.248124659061432	-0.329837113618851	
-0.0222448892891407	-0.00602382095530629	-0.28644397854805	-0.360558211803436	
-0.0224384013563395	-0.00561538385227323	-0.324989944696426	-0.394049406051636	
-0.0230518989264965	-0.00466543762013316	-0.363707721233368	-0.430329173803329	
-0.0239845458418131	-0.00302788452245295	-0.402504533529282	-0.468642443418503	
-0.0251892935484648	-0.000664367864374071	-0.441241919994354	-0.507625877857208	
-0.0266859401017427	0.00233430718071759	-0.479736894369125	-0.545575439929962	
-0.0285490974783897	0.00574658112600446	-0.517774105072021	-0.580757141113281	
-0.030873280018568	0.00923977978527546	-0.555127024650574	-0.611697793006897	
-0.0337235294282436	0.0124093238264322	-0.591584980487823	-0.637397468090057	
-0.0370844416320324	0.0148328533396125	-0.626982152462006	-0.657426834106445	
-0.0408218614757061	0.0161320995539427	-0.661222577095032	-0.67189621925354	
-0.0446695163846016	0.0160336382687092	-0.694297015666962	-0.681312501430511	
-0.0482476465404034	0.0144191132858396	-0.726288080215454	-0.686360776424408	
-0.0511134825646877	0.011356346309185	-0.757360637187958	-0.687665343284607	
-0.05283572524786	0.00710492767393589	-0.78773832321167	-0.685584485530853	
-0.0530786141753197	0.00209329975768924	-0.817667305469513	-0.680086076259613	
-0.0516777373850346	-0.00313140056096017	-0.847371280193329	-0.670730590820313	
-0.0486898645758629	-0.00797499530017376	-0.87700355052948	-0.656764805316925	
-0.0444033704698086	-0.0118796424940228	-0.906601905822754	-0.637303173542023	
-0.0393035300076008	-0.0144063606858253	-0.936053395271301	-0.611555576324463	
-0.0339962281286716	-0.0153031991794705	-0.965074777603149	-0.579048216342926	
-0.029103010892868	-0.0145468171685934	-0.99321311712265	-0.539787113666534	
-0.0251474715769291	-0.0123488232493401	-1.01986825466156	-0.494325518608093	
-0.0224561598151922	-0.00912370532751083	-1.04433691501617	-0.443718135356903	
-0.0210955869406462	-0.00542170461267233	-1.06587302684784	-0.389368742704391	
-0.0208605770021677	-0.00183657801244408	-1.08375716209412	-0.332803517580032	
-0.0213191863149405	0.00109648483339697	-1.09736633300781	-0.275417178869247	
-0.0219076126813889	0.00299455807544291	-1.10623121261597	-0.218246772885323	
-0.0220574550330639	0.00369426049292088	-1.11007177829742	-0.161822408437729	
-0.0213295593857765	0.00327826500870287	-1.10880398750305	-0.106127463281155	
-0.0195256303995848	0.00205344473943114	-1.10251212120056	-0.0506779588758945	
-0.0167515203356743	0.000481935712741688	-1.09139037132263	0.0052958820015192	
-0.0134145496413112	-0.000924157095141709	-1.07566154003143	0.0626048296689987	
-0.0101499939337373	-0.00172545167151839	-1.05548560619354	0.121846482157707	
-0.00768641103059053	-0.00167113018687814	-1.03087604045868	0.183197811245918	
-0.00667322520166636	-0.000782690709456801	-1.00164365768433	0.246300935745239	
-0.00750377029180527	0.000615714525338262	-0.967382371425629	0.310268431901932	
-0.0101708043366671	0.00193310983013362	-0.927510380744934	0.373807668685913	
-0.0141881369054317	0.00241444795392454	-0.881367146968842	0.435436636209488	
-0.0186017006635666	0.0012975933495909	-0.828360199928284	0.493742406368256	
-0.0220977291464806	-0.00200055981986225	-0.768141508102417	0.547621607780457	
-0.0231975205242634	-0.00770279346033931	-0.700788199901581	0.596444964408875	
-0.0205107983201742	-0.0155322896316648	-0.626952528953552	0.640103757381439	
-0.0130064319819212	-0.0246490072458982	-0.547951340675354	0.678921520709991	
-0.000252868281677365	-0.0336849875748158	-0.465764880180359	0.713445901870728	
0.0174172930419445	-0.040886003524065	-0.382931619882584	0.744165599346161	
0.0388537235558033	-0.0443480499088764	-0.302337437868118	0.771218359470367	
0.0621635541319847	-0.0423184372484684	-0.226917266845703	0.794163644313812	
0.0849118903279305	-0.0335162654519081	-0.159304082393646	0.811885714530945	
0.104422509670258	-0.0174186173826456	-0.101473547518253	0.822669327259064	
0.118135809898376	0.00554047571495175	-0.0544394254684448	0.824454128742218	
0.123969830572605	0.0339014045894146	-0.0180537961423397	0.815235197544098	
0.120628118515015	0.0652652308344841	0.00904453825205564	0.793540060520172	
0.107805497944355	0.0965352728962898	0.0293089151382446	0.758888244628906	
0.0862585380673409	0.124288246035576	0.0459910444915295	0.71213161945343	
0.0577287599444389	0.14522585272789	0.062701977789402	0.655587673187256	
0.0247298441827297	0.156640782952309	0.0828807055950165	0.59290999174118	
-0.00976845435798168	0.156824737787247	0.109242379665375	0.528686881065369	
-0.0427115634083748	0.145351380109787	0.143288150429726	0.467812687158585	
-0.0713308528065681	0.123183958232403	0.184955641627312	0.414724171161652	
-0.0934601202607155	0.092583529651165	0.232474386692047	0.372630566358566	
-0.107754677534103	0.0568250678479671	0.282464265823364	0.342878490686417	
-0.113787017762661	0.0197596792131662	0.330280900001526	0.324580699205399	
-0.112013705074787	-0.014712443575263	0.370575457811356	0.314601480960846	
-0.103628449141979	-0.043178204447031	0.398002117872238	0.307932585477829	
-0.0903329476714134	-0.0631734430789948	0.407980740070343	0.298428386449814	
-0.0740671157836914	-0.0734980329871178	0.397408217191696	0.279800862073898	
-0.0567429549992085	-0.0743348151445389	0.365215122699738	0.246724054217339	
-0.040020938962698	-0.0671547874808311	0.312680214643478	0.195868000388145	
-0.025156432762742	-0.0544261001050472	0.243447512388229	0.126682743430138	
-0.0129288900643587	-0.0391764752566814	0.163230195641518	0.0417862460017204	
-0.0036509963683784	-0.0244832746684551	0.0792293772101402	-0.0531325861811638	
0.00275810435414314	-0.012976530008018	-0.000662865291815251	-0.149907037615776	
0.00665984768420458	-0.00643754051998258	-0.0687758475542068	-0.238912627100945	
0.00857062451541424	-0.00555823463946581	-0.118569158017635	-0.310372173786163	
0.00904767401516438	-0.00989803019911051	-0.145418614149094	-0.355752855539322	
0.0086033595725894	-0.0180401466786861	-0.147175461053848	-0.369042485952377	
0.00765509158372879	-0.0279143657535315	-0.124425910413265	-0.347704976797104	
0.00650858599692583	-0.0372242592275143	-0.0804183334112167	-0.293163388967514	
0.00536486133933067	-0.043899193406105	-0.0206710956990719	-0.210729211568832	
0.00433780485764146	-0.0464879125356674	0.0476840361952782	-0.108982719480991	
-0.00267101358622313	0.0426561497151852	-0.0478063747286797	0.110538735985756	
-0.00154126493725926	0.0400739125907421	-0.11689468473196	0.000425532984081656	
-0.0004496073233895	0.0333015359938145	-0.178924530744553	-0.106649920344353	
0.000631946604698896	0.0236562322825193	-0.227049142122269	-0.199815034866333	
0.00180349114816636	0.013040660880506	-0.256082057952881	-0.270230442285538	
0.00325789698399603	0.00354519253596663	-0.262964427471161	-0.312126576900482	
0.00528402719646692	-0.00299088773317635	-0.246955066919327	-0.323387712240219	
0.00823997892439365	-0.00537537969648838	-0.20953856408596	-0.305617123842239	
0.012490545399487	-0.00333959329873323	-0.154081895947456	-0.263697355985641	
0.0183127429336309	0.00236024847254157	-0.0853029862046242	-0.204934448003769	
0.0257835946977139	0.0100403754040599	-0.00863287597894669	-0.13793221116066	
0.0346728973090649	0.0173729099333286	0.0704390555620193	-0.0713739544153214	
0.0443679839372635	0.0218080580234528	0.146953761577606	-0.0128918504342437	
0.0538560748100281	0.0210611876100302	0.216939046978951	0.0318230018019676	
0.0617821514606476	0.0135774174705148	0.277692705392838	0.0595642924308777	
0.0665874630212784	-0.00111177947837859	0.327878534793854	0.0697638168931007	
0.0667179599404335	-0.022208059206605	0.367448776960373	0.064272940158844	
0.0608759634196758	-0.0476802624762058	0.397427082061768	0.046844769269228	
0.0482760332524776	-0.0745145455002785	0.419600903987885	0.0224270913749933	
0.0288595072925091	-0.0991443991661072	0.436176538467407	-0.00360828754492104	
0.00342413526959717	-0.117992617189884	0.449446141719818	-0.0261803902685642	
-0.0263645891100168	-0.128036677837372	0.46150678396225	-0.0410636588931084	
-0.0580962039530277	-0.127304047346115	0.474055826663971	-0.0452452152967453	
-0.0888659432530403	-0.115214206278324	0.488272309303284	-0.0370594710111618	
-0.115624397993088	-0.0927094966173172	0.504779517650604	-0.0161229968070984	
-0.135577991604805	-0.0621514208614826	0.523673355579376	0.0168789811432362	
-0.146580174565315	-0.0269977543503046	0.544596672058105	0.0604885816574097	
-0.147450774908066	0.00868827477097511	0.566837012767792	0.112787753343582	
-0.138169810175896	0.0408183038234711	0.589430630207062	0.171673640608788	
-0.119909957051277	0.0658565536141396	0.611259579658508	0.235063761472702	
-0.0948968976736069	0.0813045129179955	0.631135821342468	0.301020920276642	
-0.06611467897892	0.0860188156366348	0.647872030735016	0.367808312177658	
-0.0368985496461391	0.0803170427680016	0.660341382026672	0.433898985385895	
-0.0104770669713616	0.065861389040947	0.667530357837677	0.497967898845673	
0.0104661788791418	0.0453463606536388	0.668587028980255	0.558891654014587	
0.0241432748734951	0.0220469664782286	0.662864446640015	0.61576908826828	
0.029871666803956	-0.000695551396347582	0.649955868721008	0.667963027954102	
0.0281123947352171	-0.0199667643755674	0.629716396331787	0.71515017747879	
0.0203347653150558	-0.0336743071675301	0.602264583110809	0.757358193397522	
0.0087336702272296	-0.040788434445858	0.567960321903229	0.794967532157898	
-0.00415062438696623	-0.0413991287350655	0.52735710144043	0.828662216663361	
-0.0158456061035395	-0.0365925393998623	0.481132954359055	0.859323024749756	
-0.0243244152516127	-0.0281790643930435	0.430008888244629	0.887874364852905	
-0.0282885432243347	-0.018327996134758	0.374666333198547	0.915106296539307	
-0.027313495054841	-0.00917552970349789	0.31567856669426	0.941504836082458	
-0.0218404792249203	-0.0024732097517699	0.253468096256256	0.967123925685883	
-0.0130240693688393	0.000667591404635459	0.188299477100372	0.991529047489166	
-0.00247007398866117	-0.000100445162388496	0.120310008525848	1.01382744312286	
0.00808480847626925	-0.0043789274059236	0.0495745129883289	1.03278505802155	
0.0170923266559839	-0.0111697632819414	-0.0238075368106365	1.04701018333435	
0.023454986512661	-0.0191132314503193	-0.0996183902025223	1.05517220497131	
0.0266882479190826	-0.0267690848559141	-0.177440658211708	1.05621254444122	
0.0269596837460995	-0.0328876301646233	-0.256605327129364	1.04950642585754	
0.0250054486095905	-0.0366234183311462	-0.336182087659836	1.03494608402252	
0.0219465959817171	-0.0376577004790306	-0.415016770362854	1.0129257440567	
0.019044840708375	-0.0362145304679871	-0.491813063621521	0.984236776828766	
0.0174463149160147	-0.0329755283892155	-0.56524646282196	0.949893534183502	
0.0179615709930658	-0.0289161149412394	-0.634091854095459	0.910929024219513	
0.020920829847455	-0.0250986646860838	-0.697343707084656	0.868205428123474	
0.0261275321245193	-0.0224632937461138	-0.754306674003601	0.822281181812286	
0.0329137556254864	-0.0216547418385744	-0.804640889167786	0.773364007472992	
0.0402819365262985	-0.0229145865887403	-0.848352789878845	0.721360802650452	
0.0471020042896271	-0.0260542780160904	-0.885731339454651	0.666014492511749	
0.052324365824461	-0.0305087622255087	-0.917240917682648	0.607096254825592	
0.0551682971417904	-0.035455908626318	-0.943388700485229	0.544609844684601	
0.0552520640194416	-0.0399759635329247	-0.964589536190033	0.47895935177803	
0.0526439547538757	-0.043219767510891	-0.981052577495575	0.411038160324097	
0.04782934486866	-0.0445549339056015	-0.992710709571838	0.342212796211243	
0.041604969650507	-0.043665274977684	-0.999205589294434	0.274197101593018	
0.0349245667457581	-0.0405887514352798	-0.999932706356049	0.208836287260056	
0.0287276543676853	-0.0356914065778255	-0.994140326976776	0.147841140627861	
0.0237842742353678	-0.0295862145721912	-0.981066346168518	0.0925258547067642	
0.0205832198262215	-0.0230151657015085	-0.960091114044189	0.043604776263237	
0.0192810613662004	-0.0167179685086012	-0.930881500244141	0.00109432998578995	
0.0197162609547377	-0.0113115077838302	-0.89350163936615	-0.0356533266603947	
0.0214798711240292	-0.00720035843551159	-0.848472952842712	-0.06778434664011	
0.0240239091217518	-0.00453161261975765	-0.79677277803421	-0.096671536564827	
0.026782751083374	-0.00319827394559979	-0.739771544933319	-0.123586565256119	
0.0292822849005461	-0.00288651371374726	-0.679117023944855	-0.149379417300224	
0.0312163066118956	-0.00315464800223708	-0.616584181785583	-0.174230009317398	
0.0324779897928238	-0.00352705200202763	-0.553910493850708	-0.197525218129158	
0.0331446751952171	-0.00358498585410416	-0.492641597986221	-0.217892438173294	
0.0334240719676018	-0.00303839379921556	-0.434006482362747	-0.233390778303146	
0.0335775837302208	-0.00176751369144768	-0.378837823867798	-0.241830632090569	
0.0338399708271027	0.000170506376889534	-0.327544212341309	-0.241166397929192	
0.0343539528548717	0.00256810220889747	-0.28013402223587	-0.229890838265419	
0.0351335518062115	0.00511924829334021	-0.236282005906105	-0.207357600331306	
0.0360626131296158	0.00748530076816678	-0.195425033569336	-0.173969641327858	
0.0369265638291836	0.00936163682490587	-0.156870573759079	-0.13119475543499	
0.0374679304659367	0.0105329090729356	-0.119901038706303	-0.0814016908407211	
0.0374514311552048	0.0109077347442508	-0.0838602632284164	-0.0275423713028431	
-0.0367227829992771	-0.010527984239161	0.0482130981981754	-0.0272646844387054	
-0.0352478362619877	-0.00955268088728189	0.0125742349773645	-0.080176830291748	
-0.0331236347556114	-0.00822100788354874	-0.0232917442917824	-0.129017800092697	
-0.0305600892752409	-0.00680225482210517	-0.0594929233193398	-0.17254813015461	
-0.0278376694768667	-0.00554235279560089	-0.0960461348295212	-0.210570305585861	
-0.0252520143985748	-0.00461670802906156	-0.132916837930679	-0.243853718042374	
-0.0230589564889669	-0.0040975078009069	-0.170053899288177	-0.273898333311081	
-0.0214327163994312	-0.00394089473411441	-0.207413345575333	-0.302584767341614	
-0.0204464420676231	-0.00399594148620963	-0.244967862963676	-0.331778109073639	
-0.0200783647596836	-0.00403372291475534	-0.282702922821045	-0.362959295511246	
-0.0202404242008924	-0.00379156623966992	-0.320602893829346	-0.396949976682663	
-0.0208206027746201	-0.00302518275566399	-0.358632415533066	-0.433776587247849	
-0.0217267740517855	-0.00156012491788715	-0.396719068288803	-0.472691059112549	
-0.0229196138679981	0.00066595763200894	-0.43474280834198	-0.512334704399109	
-0.0244248677045107	0.00357755459845066	-0.472535312175751	-0.551004946231842	
-0.0263206399977207	0.00695699267089367	-0.509891152381897	-0.586966156959534	
-0.0287019070237875	0.0104634910821915	-0.546589136123657	-0.618740379810333	
-0.0316308103501797	0.0136740077286959	-0.582420825958252	-0.645320892333984	
-0.0350855961441994	0.0161409061402082	-0.617221534252167	-0.66627037525177	
-0.0389226377010345	0.0174586102366447	-0.65089750289917	-0.681691229343414	
-0.0428637713193893	0.0173294991254807	-0.683444917201996	-0.692082464694977	
-0.0465160943567753	0.0156186930835247	-0.714956164360046	-0.698122799396515	
-0.0494239814579487	0.0123883225023746	-0.745610594749451	-0.700430989265442	
-0.0511452369391918	0.00790432840585709	-0.775650024414063	-0.699360609054565	
-0.051336906850338	0.00261260895058513	-0.805340945720673	-0.694875180721283	
-0.049832496792078	-0.00291402311995625	-0.834927201271057	-0.686530709266663	
-0.0466926619410515	-0.00805178191512823	-0.864580035209656	-0.673568665981293	
-0.0422158390283585	-0.0122142033651471	-0.894350528717041	-0.655097365379333	
-0.0369028113782406	-0.0149393584579229	-0.924133777618408	-0.63031929731369	
-0.0313789695501328	-0.0159616768360138	-0.953648388385773	-0.59875226020813	
-0.026287229731679	-0.0152555759996176	-0.982437968254089	-0.56039297580719	
-0.0221719294786453	-0.0130419628694654	-1.00989472866058	-0.515785455703735	
-0.0193772185593843	-0.00975449662655592	-1.03530430793762	-0.465974748134613	
-0.0179818794131279	-0.00596933672204614	-1.05790793895721	-0.412355482578278	
-0.0177861135452986	-0.00230892561376095	-1.07697260379791	-0.356444925069809	
-0.0183557439595461	0.000664253835566342	-1.09186065196991	-0.299629062414169	
-0.0191172957420349	0.00254502915777266	-1.10208690166473	-0.242936104536057	
-0.0194862708449364	0.00315546663478017	-1.10735416412354	-0.186886429786682	
-0.0190026443451643	0.00257272599264979	-1.10755860805511	-0.13145250082016	
-0.0174445156008005	0.00110722403042018	-1.10276234149933	-0.0761376246809959	
-0.0148935364559293	-0.000767406658269465	-1.09313607215881	-0.0201574098318815	
-0.0117342555895448	-0.00252147205173969	-1.07887840270996	0.0373151823878288	
-0.00858233124017715	-0.00369408167898655	-1.06012713909149	0.0968949124217033	
-0.00615125335752964	-0.00401107268407941	-1.0368789434433	0.158775433897972	
-0.00508100586012006	-0.00347046484239399	-1.00893402099609	0.222613155841827	
-0.00576195307075977	-0.00237400573678315	-0.975885450839996	0.287530273199081	
-0.00819104444235563	-0.00129209947772324	-0.937159359455109	0.352236449718475	
-0.0118940128013492	-0.000961561396252364	-0.892111480236053	0.415242433547974	
-0.0159368142485619	-0.00212914007715881	-0.84017014503479	0.475116431713104	
-0.0190338380634785	-0.00536613771691918	-0.78100860118866	0.530723512172699	
-0.0197420883923769	-0.010888216085732	-0.714719414710999	0.581390380859375	
-0.016713110730052	-0.018417552113533	-0.641959667205811	0.626953363418579	
-0.00896118022501469	-0.0271207764744759	-0.564035177230835	0.667673051357269	
0.00389992515556514	-0.0356456227600574	-0.482897490262985	0.704030811786652	
0.0214970111846924	-0.0422632619738579	-0.401038646697998	0.736451268196106	
0.0426491498947144	-0.0451044104993343	-0.321283847093582	0.765016257762909	
0.065448097884655	-0.0424587614834309	-0.246499285101891	0.789243459701538	
0.0874631404876709	-0.0330922827124596	-0.179249376058578	0.807994544506073	
0.106044493615627	-0.0165291018784046	-0.121450513601303	0.819553852081299	
0.118681408464909	0.00675465958192945	-0.0740752890706062	0.821883618831635	
0.123360514640808	0.0352674946188927	-0.0369596108794212	0.813022613525391	
0.11886790394783	0.0665933340787888	-0.00875500962138176	0.791558623313904	
0.104986675083637	0.0976362600922585	0.0129499388858676	0.757080852985382	
0.0825573578476906	0.124992832541466	0.0313393995165825	0.71051162481308	
0.0533907301723957	0.145402416586876	0.0499381422996521	0.654230892658234	
0.0200457647442818	0.156209588050842	0.0720892995595932	0.591937780380249	
-0.0144931832328439	0.155766665935516	0.100412756204605	0.528243124485016	
-0.0471905432641506	0.143709793686867	0.136324524879456	0.468037128448486	
-0.0753287002444267	0.121059358119965	0.179694816470146	0.41572567820549	
-0.0968183726072311	0.0901217311620712	0.228708252310753	0.374464333057404	
-0.110407672822475	0.0542002692818642	0.279963374137878	0.345530271530151	
-0.115765318274498	0.0171548556536436	0.328816086053848	0.327960699796677	
-0.113434299826622	-0.0171252880245447	0.36993470788002	0.318548709154129	
-0.104673102498055	-0.045255284756422	0.398001074790955	0.312229573726654	
-0.0912178531289101	-0.0648117437958717	0.408466428518295	0.302823752164841	
-0.0750085338950157	-0.0746416598558426	0.398257225751877	0.284036964178085	
-0.0579242072999477	-0.0749745741486549	0.366327494382858	0.250565260648727	
-0.041565828025341	-0.0673214644193649	0.313971787691116	0.199125573039055	
-0.0271134190261364	-0.054178636521101	0.244842886924744	0.129232734441757	
-0.0152683313935995	-0.0385871268808842	0.164657965302467	0.043577715754509	
-0.00627574045211077	-0.0236219968646765	0.0806209221482277	-0.0520799458026886	
-9.19931881071534E-6	-0.011897012591362	0.000628730747848749	-0.149515092372894	
0.00390904722735286	-0.00516689429059625	-0.0676382631063461	-0.239064455032349	
0.00598032493144274	-0.00409177411347628	-0.117624267935753	-0.310935616493225	
0.00671893544495106	-0.0081998547539115	-0.144684687256813	-0.356603771448135	
0.00657497346401215	-0.0160493720322847	-0.146647736430168	-0.370083391666412	
0.00589630147442222	-0.0255560893565416	-0.124077133834362	-0.348876446485519	
0.00492523843422532	-0.0344237647950649	-0.0802029669284821	-0.2944455742836	
0.00381793733686209	-0.0405974201858044	-0.020532226189971	-0.212134122848511	
0.00267101358622313	-0.0426561497151852	0.0478063747286797	-0.110538735985756	
-0.00100096804089844	0.0387724190950394	-0.0478704683482647	0.11196007579565	
0.000390828849049285	0.0356662459671497	-0.11698342859745	0.00199126661755145	
0.00184203160461038	0.028438588604331	-0.179082632064819	-0.104925125837326	
0.00331403152085841	0.018457192927599	-0.227309376001358	-0.197955086827278	
0.00482960604131222	0.00767016503959894	-0.256466925144196	-0.268308103084564	
0.00650767702609301	-0.00179732509423047	-0.263491153717041	-0.31026366353035	
0.00858047045767307	-0.00808656588196754	-0.247643068432808	-0.321744561195374	
0.0113780265673995	-0.010004673153162	-0.210416421294212	-0.304372519254684	
0.0152721544727683	-0.0073026423342526	-0.155192449688911	-0.263022482395172	
0.0205823667347431	-0.000776389671955258	-0.0867037326097488	-0.204964950680733	
0.0274577494710684	0.00783305987715721	-0.0103908348828554	-0.138744011521339	
0.0357583537697792	0.0161274485290051	0.0682583078742027	-0.0729675590991974	
0.044964998960495	0.0214796178042889	0.144301533699036	-0.0151886530220509	
0.0541455671191216	0.021527973935008	0.213801085948944	0.0289706997573376	
0.0619985312223434	0.0146489767357707	0.274105399847031	0.0563502684235573	
0.0669813826680183	0.000321451399940997	0.323940455913544	0.0663950145244598	
0.0675149634480476	-0.0206863656640053	0.363324224948883	0.0609315671026707	
0.0622380375862122	-0.0463463068008423	0.393340021371841	0.0436516553163528	
0.0502725504338741	-0.0736185535788536	0.41581866145134	0.0194124411791563	
0.0314526371657848	-0.0988829880952835	0.43298476934433	-0.00652136746793985	
0.00647147977724671	-0.118485748767853	0.447118699550629	-0.0291761253029108	
-0.023090286180377	-0.129312291741371	0.460274368524551	-0.0444167070090771	
-0.0548732131719589	-0.129292502999306	0.474078804254532	-0.0492884293198586	
-0.0859809145331383	-0.117753878235817	0.489622443914413	-0.0421407148241997	
-0.113327719271183	-0.0955633148550987	0.507433772087097	-0.0225572381168604	
-0.134044289588928	-0.0650327056646347	0.527521967887878	0.00885515939444304	
-0.145880311727524	-0.0296025723218918	0.549464285373688	0.0507531277835369	
-0.147539690136909	0.00664619402959943	0.572514295578003	0.10135443508625	
-0.138892203569412	0.0395743772387505	0.595711886882782	0.158695250749588	
-0.121022626757622	0.0655682235956192	0.617979943752289	0.220816656947136	
-0.0961041748523712	0.0820337533950806	0.638202548027039	0.285873532295227	
-0.0671111866831779	0.0877265706658363	0.655284404754639	0.352178275585175	
-0.0374126359820366	0.0828703492879868	0.668195962905884	0.418205738067627	
-0.0103081101551652	0.0690521970391273	0.676010370254517	0.482587724924088	
0.0114219794049859	0.0489193499088287	0.677937686443329	0.544122040271759	
0.0258822254836559	0.0257324520498514	0.673357427120209	0.601807177066803	
0.0322880037128925	0.00285182916559279	0.661849319934845	0.654901087284088	
0.0310182478278875	-0.016759654507041	0.643215775489807	0.702987670898438	
0.0234908927232027	-0.0309398509562016	0.617491245269775	0.746027946472168	
0.0118856737390161	-0.0385785587131977	0.584932148456573	0.784371078014374	
-0.00123645097482949	-0.0396863147616386	0.545983612537384	0.818707644939423	
-0.0133522422984242	-0.0352817699313164	0.501226246356964	0.849959492683411	
-0.0223640874028206	-0.0271284021437168	0.451306700706482	0.879117369651794	
-0.0268950052559376	-0.0173741988837719	0.396864324808121	0.907049953937531	
-0.0264468118548393	-0.00816064234822989	0.338465511798859	0.934319257736206	
-0.0214024744927883	-0.00126802746672183	0.27655878663063	0.961039304733276	
-0.0128810293972492	0.00214648130349815	0.211459755897522	0.986808359622955	
-0.0024784030392766	0.00168129103258252	0.143370866775513	1.01073384284973	
0.00805436260998249	-0.00231879367493093	0.0724334195256233	1.03154802322388	
0.0171356610953808	-0.0089003061875701	-0.00119710003491491	1.04779732227325	
0.0236233677715063	-0.0167330987751484	-0.0772665143013	1.05806887149811	
0.0269857794046402	-0.02438835054636	-0.155345514416695	1.06121397018433	
0.0273489058017731	-0.0306098759174347	-0.234777852892876	1.05652177333832	
0.0254191588610411	-0.0345309711992741	-0.314666152000427	1.04381239414215	
0.0223031118512154	-0.0358022414147854	-0.393901526927948	1.02343022823334	
0.0192636027932167	-0.0346141010522842	-0.471235573291779	0.996142446994781	
0.0174610428512096	-0.0316177494823933	-0.545384168624878	0.962963581085205	
0.0177289415150881	-0.0277663264423609	-0.615147531032562	0.924946844577789	
0.0204237103462219	-0.0241108853369951	-0.679524540901184	0.882987439632416	
0.0253729075193405	-0.0215916205197573	-0.737803041934967	0.837680816650391	
0.0319265127182007	-0.0208628755062819	-0.789606928825378	0.789267718791962	
0.0390962995588779	-0.0221818163990974	-0.834892868995667	0.737677752971649	
0.0457526743412018	-0.0253770761191845	-0.873893916606903	0.682662785053253	
0.0508392602205276	-0.0298981368541718	-0.907020151615143	0.62398886680603	
0.0535642057657242	-0.0349315218627453	-0.934732794761658	0.561643183231354	
0.0535338334739208	-0.0395586602389812	-0.957413613796234	0.496006667613983	
0.0508069917559624	-0.0429243557155132	-0.975253522396088	0.427949279546738	
0.0458644740283489	-0.0443849638104439	-0.988180577754974	0.358819633722305	
0.0395043641328812	-0.0436109118163586	-0.995841562747955	0.290323913097382	
0.0326871909201145	-0.0406282618641853	-0.997642278671265	0.224312663078308	
0.0263629481196404	-0.0357957407832146	-0.992841184139252	0.162515327334404	
0.0213132295757532	-0.0297256633639336	-0.980682015419006	0.106275871396065	
0.0180366113781929	-0.0231664460152388	-0.960544049739838	0.0563455894589424	
0.0166951958090067	-0.0168700944632292	-0.932085454463959	0.0127800796180964	
0.0171271953731775	-0.0114690186455846	-0.895356059074402	-0.0250321254134178	
0.018917279317975	-0.0073831002227962	-0.85086053609848	-0.0582077316939831	
0.0215059015899897	-0.00477096624672413	-0.799561321735382	-0.0880995988845825	
0.0243126805871725	-0.00353056727908552	-0.742819666862488	-0.115969642996788	
0.0268482286483049	-0.00334497028961778	-0.682283639907837	-0.142667040228844	
0.0287932995706797	-0.00376158417202532	-0.619738459587097	-0.168377056717873	
0.0300326459109783	-0.00428804336115718	-0.556942105293274	-0.192494586110115	
0.0306413117796183	-0.00448635360226035	-0.495468467473984	-0.213653922080994	
0.0308312699198723	-0.00404869951307774	-0.436578541994095	-0.229916900396347	
0.0308740045875311	-0.00284293899312615	-0.381136894226074	-0.239090576767921	
0.031018478795886	-0.000922153587453067	-0.329579770565033	-0.239119559526443	
0.0314233861863613	0.00150049652438611	-0.281936049461365	-0.228481471538544	
0.0321179553866386	0.00410430366173387	-0.237892270088196	-0.206511795520782	
0.0329981409013271	0.00652930932119489	-0.196889013051987	-0.17359521985054	
0.0338566713035107	0.00844684895128012	-0.158230930566788	-0.131184324622154	
0.0344377011060715	0.00961942877620459	-0.121194183826447	-0.0816382020711899	
0.0345019362866879	0.00993987545371056	-0.0851162150502205	-0.0279062669724226	
-0.0338863059878349	-0.00944402813911438	0.0494582988321781	-0.0268879514187574	
-0.03254459425807	-0.00829631183296442	0.0138363614678383	-0.079890213906765	
-0.0305603239685297	-0.00675229215994477	-0.0219783559441566	-0.128907978534698	
-0.0281302537769079	-0.00510610453784466	-0.0580826736986637	-0.172683507204056	
-0.0255236867815256	-0.00363282556645572	-0.0944796204566956	-0.211001604795456	
-0.0230282582342625	-0.00253625167533755	-0.131121084094048	-0.244617104530334	
-0.0208955835551023	-0.00191120058298111	-0.167945578694344	-0.275020211935043	
-0.0192995984107256	-0.00172666984144598	-0.204904243350029	-0.304087340831757	
-0.0183167345821857	-0.00183253828436136	-0.241971924901009	-0.333684653043747	
-0.017931405454874	-0.00198854762129486	-0.279143214225769	-0.365298390388489	
-0.0180637277662754	-0.0019106735708192	-0.316417515277863	-0.399758040904999	
-0.0186108481138945	-0.00132719893008471	-0.353778123855591	-0.437098413705826	
-0.0194897707551718	-3.52095848938916E-5	-0.391172379255295	-0.476578712463379	
-0.0206692963838577	0.00205195439048111	-0.428498268127441	-0.516844928264618	
-0.0221814084798098	0.00487453863024712	-0.46560201048851	-0.556195855140686	
-0.0241078045219183	0.00821929052472115	-0.502288043498993	-0.592893838882446	
-0.0265438724309206	0.0117378486320376	-0.538340508937836	-0.625455975532532	
-0.0295486487448215	0.0149891544133425	-0.573553323745728	-0.652868628501892	
-0.0330937914550304	0.0175006035715342	-0.607762634754181	-0.67468649148941	
-0.0370259955525398	0.0188394654542208	-0.640876770019531	-0.69100421667099	
-0.0410551503300667	0.0186839066445827	-0.672897040843964	-0.702314078807831	
-0.0447753593325615	0.0168823692947626	-0.703925013542175	-0.709288954734802	
-0.0477184876799583	0.0134910317137837	-0.734154045581818	-0.712543427944183	
-0.0494320057332516	0.00878184288740158	-0.763843834400177	-0.712427735328674	
-0.0495664067566395	0.00321776396594942	-0.793280780315399	-0.7089022397995	
-0.0479537434875965	-0.00260314159095287	-0.822728753089905	-0.701519668102264	
-0.0446590930223465	-0.00802792981266975	-0.852376520633698	-0.689517259597778	
-0.0399912260472775	-0.0124419862404466	-0.882288634777069	-0.671997845172882	
-0.0344664454460144	-0.0153609188273549	-0.912367761135101	-0.648156881332397	
-0.0287293400615454	-0.0165060218423605	-0.942334592342377	-0.617503881454468	
-0.0234436001628637	-0.0158499144017696	-0.971729040145874	-0.58002644777298	
-0.0191735327243805	-0.0136231631040573	-0.999935209751129	-0.536258637905121	
-0.0162800084799528	-0.0102788088843226	-1.02622807025909	-0.48723566532135	
-0.014853217639029	-0.00641893362626433	-1.04983615875244	-0.434342414140701	
-0.0146980062127113	-0.00269439932890236	-1.07001328468323	-0.379086762666702	
-0.0153774190694094	0.000305572175420821	-1.08610785007477	-0.322845488786697	
-0.0163080096244812	0.00215440383180976	-1.09762036800385	-0.266637444496155	
-0.0168891213834286	0.0026606903411448	-1.10423791408539	-0.210973113775253	
-0.016640018671751	0.00189731293357909	-1.10583901405334	-0.155813798308372	
-0.0153155513107777	0.000179505906999111	-1.10246646404266	-0.100650236010551	
-0.01297368388623	-0.00200642575509846	-1.09426927566528	-0.0446837916970253	
-0.00997684989124537	-0.00411225156858563	-1.08142459392548	0.0129282092675567	
-0.00692188274115324	-0.00565496785566211	-1.06404995918274	0.0728167518973351	
-0.00450814422219992	-0.00633688643574715	-1.0421257019043	0.135191023349762	
-0.00336726475507021	-0.00613283086568117	-1.0154424905777	0.19972051680088	
-0.00388786243274808	-0.00532287731766701	-0.983591794967651	0.265535801649094	
-0.00607239501550794	-0.00445799622684717	-0.946006536483765	0.33134800195694	
-0.00945982988923788	-0.00425822613760829	-0.902056872844696	0.395660072565079	
-0.0131373275071383	-0.0054566003382206	-0.851189851760864	0.457021534442902	
-0.0158482976257801	-0.00861438829451799	-0.793097496032715	0.514266848564148	
-0.0161858201026917	-0.0139418886974454	-0.727885782718658	0.566680490970612	
-0.0128429578617215	-0.0211619101464748	-0.656214654445648	0.614046216011047	
-0.00487831840291619	-0.0294491704553366	-0.579377770423889	0.656564891338348	
0.00805087015032768	-0.037468183785677	-0.49929741024971	0.694655060768127	
0.0255334265530109	-0.0435161888599396	-0.41841933131218	0.728680849075317	
0.0463609583675861	-0.0457588322460651	-0.339508861303329	0.758671462535858	
0.0686131939291954	-0.0425277575850487	-0.265364587306976	0.784105598926544	
0.0898668244481087	-0.0326347798109055	-0.198483854532242	0.803824186325073	
0.107501178979874	-0.0156493727117777	-0.140725389122963	0.816111981868744	
0.119056172668934	0.0079125864431262	-0.0930221080780029	0.818953812122345	
0.122587665915489	0.0365305468440056	-0.0551949664950371	0.81043142080307	
0.116963714361191	0.0677745118737221	-0.025909187272191	0.78919118642807	
0.102053850889206	0.0985526591539383	-0.00279579171910882	0.754889905452728	
0.0787796899676323	0.125484451651573	0.0172617267817259	0.708518505096436	
0.0490177348256111	0.145349428057671	0.0377021431922913	0.652516961097717	
0.0153684262186289	0.155545711517334	0.0617734342813492	0.590628385543823	
-0.0191729012876749	0.15448671579361	0.092001274228096	0.527484655380249	
-0.0515927001833916	0.141870215535164	0.129717901349068	0.46797052025795	
-0.0792264565825462	0.118771612644196	0.174727842211723	0.41646021604538	
-0.100062780082226	0.0875392556190491	0.225172594189644	0.376054763793945	
-0.112942457199097	0.0515007674694061	0.277631491422653	0.347961097955704	
-0.117629297077656	0.0145203405991197	0.327462702989578	0.331140071153641	
-0.114750869572163	-0.0195280928164721	0.369353652000427	0.322312742471695	
-0.105628184974194	-0.0472914688289165	0.398015469312668	0.316356956958771	
-0.0920295193791389	-0.0663895905017853	0.408932119607925	0.307058691978455	
-0.075892947614193	-0.0757175013422966	0.399060219526291	0.28811702132225	
-0.0590630248188972	-0.0755508318543434	0.367377310991287	0.254250317811966	
-0.0430803149938583	-0.0674384087324142	0.315193176269531	0.202223464846611	
-0.0290491711348295	-0.0539014488458633	0.24616801738739	0.131617814302444	
-0.017593041062355	-0.0379904024302959	0.166021257638931	0.0451996400952339	
-0.00889011099934578	-0.0227741096168756	0.0819574519991875	-0.0511981248855591	
-0.00276900525204837	-0.0108466669917107	0.00187624618411064	-0.149289160966873	
0.00116372015327215	-0.00393383204936981	-0.0665344670414925	-0.239369139075279	
0.00339384796097875	-0.0026629043277353	-0.116705253720284	-0.311628937721252	
0.0043924767524004	-0.00653125066310167	-0.143972381949425	-0.357551544904709	
0.00454735942184925	-0.0140737723559141	-0.146141588687897	-0.37117937207222	
0.00413687573745847	-0.0231947861611843	-0.123754248023033	-0.350054830312729	
0.00334006478078663	-0.0316012017428875	-0.0800216272473335	-0.295684009790421	
0.00226830621249974	-0.0372565388679504	-0.0204385202378035	-0.213446542620659	
0.00100096804089844	-0.0387724190950394	0.0478704683482647	-0.11196007579565	
0.0006702970713377	0.0348414480686188	-0.0478762425482273	0.113245010375977	
0.00232337648048997	0.0312064234167337	-0.116999872028828	0.00338846957311034	
0.00413310434669256	0.0235236790031195	-0.179154515266418	-0.103387206792831	
0.005994429346174	0.013210223056376	-0.227470263838768	-0.196284934878349	
0.00785279460251331	0.0022576074115932	-0.256740599870682	-0.266563147306442	
0.00975290033966303	-0.00717647979035974	-0.263896495103836	-0.308552324771881	
0.0118697853758931	-0.0132159302011132	-0.248201087117195	-0.32021701335907	
0.0145046794787049	-0.0146684572100639	-0.211157664656639	-0.303201854228973	
0.0180355980992317	-0.0113049410283566	-0.156161844730377	-0.262378573417664	
0.0228239092975855	-0.00395997567102313	-0.0879613161087036	-0.204986408352852	
0.0290905348956585	0.00557026127353311	-0.0120066497474909	-0.13951288163662	
0.0367861911654472	0.0148199591785669	0.0662150382995605	-0.074492059648037	
0.0454863421618938	0.0210876055061817	0.141777962446213	-0.0173978358507156	
0.0543414689600468	0.0219371970742941	0.210778445005417	0.0262185540050268	
0.0621060915291309	0.0156780648976564	0.270615696907043	0.0532458834350109	
0.0672567561268806	0.00173642241861671	0.320078462362289	0.0631458535790443	
0.0681919381022453	-0.0191512331366539	0.359251588582993	0.0577239543199539	
0.0634889602661133	-0.0449629463255405	0.389279574155807	0.0406133718788624	
0.0521782077848911	-0.0726373270153999	0.412038296461105	0.0165822096168995	
0.0339863114058971	-0.0985055938363075	0.429772555828094	-0.00921196490526199	
0.00950003881007433	-0.118841968476772	0.444752126932144	-0.0319045968353748	
-0.0197881124913692	-0.130443543195724	0.458988398313522	-0.0474542118608952	
-0.0515740960836411	-0.131144672632217	0.474037796258926	-0.0529685541987419	
-0.0829748511314392	-0.120180726051331	0.490900665521622	-0.0468166247010231	
-0.110873259603977	-0.0983408018946648	0.51000839471817	-0.0285534113645554	
-0.132328256964684	-0.0678829029202461	0.531280159950256	0.00128942367155105	
-0.144988283514977	-0.0322245918214321	0.554224073886871	0.041481364518404	
-0.147442042827606	0.00454179383814335	0.578056514263153	0.0903760492801666	
-0.139447659254074	0.0382320694625378	0.601818025112152	0.146150350570679	
-0.121998712420464	0.0651591420173645	0.624470770359039	0.20697209239006	
-0.0972111895680428	0.0826362073421478	0.644970893859863	0.271092087030411	
-0.0680441930890083	0.0893181934952736	0.662316501140594	0.336876183748245	
-0.0378948748111725	0.0853328332304955	0.675578415393829	0.402804613113403	
-0.0101292226463556	0.0721880570054054	0.683920860290527	0.467468708753586	
0.0123786525800824	0.0524783469736576	0.686620891094208	0.529588639736176	
0.02762695774436	0.0294440090656281	0.683089911937714	0.588062345981598	
0.0347279608249664	0.0064588668756187	0.672898709774017	0.642040908336639	
0.033975500613451	-0.013470122590661	0.655800998210907	0.691012740135193	
0.026731675490737	-0.0281135067343712	0.631749391555786	0.734868764877319	
0.0151558704674244	-0.0362809300422668	0.600897431373596	0.773923277854919	
0.00182461692020297	-0.0379016436636448	0.56358128786087	0.808870553970337	
-0.0106923719868064	-0.0339232385158539	0.520281672477722	0.84067165851593	
-0.020229484885931	-0.0260575693100691	0.471567898988724	0.870383024215698	
-0.0253321565687656	-0.0164263211190701	0.418033868074417	0.898952543735504	
-0.0254274792969227	-0.00717173609882593	0.360236018896103	0.927020132541656	
-0.0208374671638012	-9.95186492218636E-5	0.298646420240402	0.954762279987335	
-0.0126417493447661	0.00358909089118242	0.233630374073982	0.981813490390778	
-0.00242202752269804	0.00343813956715167	0.165455281734467	1.007284283638	
0.00806041155010462	-0.000262910412857309	0.094329796731472	1.02987635135651	
0.0171938072890043	-0.00660824775695801	0.0204670764505863	1.04807591438293	
0.0237932503223419	-0.014301017858088	-0.0558401942253113	1.06038999557495	
0.0272801406681538	-0.0219276025891304	-0.134148776531219	1.0655802488327	
0.0277376975864172	-0.0282285064458847	-0.213813588023186	1.06284964084625	
0.0258401855826378	-0.0323179364204407	-0.293969392776489	1.05194592475891	
0.022676607593894	-0.0338167175650597	-0.373552799224854	1.03316354751587	
0.0195077545940876	-0.0328811779618263	-0.451364159584045	1.00724458694458	
0.0175056289881468	-0.0301305428147316	-0.526161849498749	0.975203633308411	
0.0175249502062798	-0.0264934077858925	-0.596773266792297	0.938114106655121	
0.0199477579444647	-0.0230070073157549	-0.662204504013062	0.896904289722443	
0.0246263947337866	-0.0206093527376652	-0.721728503704071	0.852206945419312	
0.030930433422327	-0.0199627727270126	-0.774934768676758	0.80429595708847	
0.0378833301365376	-0.0213392805308104	-0.821731090545654	0.753123939037323	
0.0443585254251957	-0.0245848949998617	-0.862295091152191	0.698451578617096	
0.0492951311171055	-0.0291646681725979	-0.896982312202454	0.640039384365082	
0.051891777664423	-0.0342753753066063	-0.926207542419434	0.577857375144958	
0.0517435483634472	-0.0390014313161373	-0.950318932533264	0.51226270198822	
0.0488995425403118	-0.0424832813441753	-0.969488561153412	0.444101065397263	
0.0438348427414894	-0.0440672039985657	-0.983639597892761	0.374702304601669	
0.0373471193015575	-0.0434108190238476	-0.992424249649048	0.305764436721802	
0.0304017085582018	-0.0405280888080597	-0.995259463787079	0.239143028855324	
0.0239572338759899	-0.0357696376740932	-0.991414904594421	0.176585987210274	
0.0188054610043764	-0.0297458507120609	-0.980141282081604	0.119467012584209	
0.0154540380463004	-0.0232101231813431	-0.960817754268646	0.0685743317008018	
0.01407066360116	-0.0169254131615162	-0.933094441890717	0.0240026116371155	
0.0144940232858062	-0.0115386601537466	-0.897006928920746	-0.0148235689848661	
0.0163036175072193	-0.00748453615233302	-0.853042602539063	-0.0489921048283577	
0.0189297497272491	-0.00493324548006058	-0.802147924900055	-0.079836867749691	
0.0217786263674498	-0.00378822116181254	-0.745673775672913	-0.108611196279526	
0.0243465676903725	-0.00373030360788107	-0.685266315937042	-0.136164769530296	
0.0263017900288105	-0.00429701618850231	-0.622719824314117	-0.162689536809921	
0.0275205578655005	-0.00498020090162754	-0.559811413288116	-0.18758949637413	
0.028075072914362	-0.00532329874113202	-0.498142033815384	-0.209506571292877	
0.0281806774437428	-0.00500105042010546	-0.439004510641098	-0.226505592465401	
0.0281179342418909	-0.00386883178725839	-0.383295327425003	-0.236390113830566	
0.0281491000205278	-0.00197519059292972	-0.331478923559189	-0.237094312906265	
0.0284482296556234	0.00046183803351596	-0.283605396747589	-0.2270797342062	
0.0290595423430204	0.00310768117196858	-0.239373952150345	-0.20566263794899	
0.0298913307487965	0.00558181805536151	-0.198229312896729	-0.173208400607109	
0.0307441968470812	0.00753209041431546	-0.159473612904549	-0.131153613328934	
0.0313647203147411	0.00869912281632423	-0.122376509010792	-0.0818472430109978	
0.0315104052424431	0.00895990524441004	-0.086268462240696	-0.0282361637800932	
-0.0310100913047791	-0.00834394246339798	0.0506062135100365	-0.0265507288277149	
-0.0298058856278658	-0.00702057918533683	0.0150058064609766	-0.0796469375491142	
-0.0279678106307983	-0.00526124052703381	-0.0207559429109097	-0.12884284555912	
-0.0256791394203901	-0.00338445580564439	-0.056765478104353	-0.172861531376839	
-0.0231973752379417	-0.00169415969867259	-0.0930125489830971	-0.211469456553459	
-0.0208013392984867	-0.000422477751271799	-0.129435583949089	-0.245406478643417	
-0.0187376253306866	0.00031297851819545	-0.165962353348732	-0.27615287899971	
-0.0171791836619377	0.000530015619006008	-0.202538475394249	-0.305581003427505	
-0.0162052810192108	0.000377511634724215	-0.239139884710312	-0.335558533668518	
-0.0158063434064388	0.000106624276668299	-0.275769263505936	-0.367577522993088	
-0.0159107688814402	2.23966544581344E-5	-0.312439948320389	-0.4024758040905	
-0.0164251793175936	0.00042381530511193	-0.3491530418396	-0.440297096967697	
-0.0172761231660843	0.00154231558553874	-0.385874927043915	-0.480308026075363	
-0.0184409245848656	0.00348913087509573	-0.4225212931633	-0.52115935087204	
-0.0199580974876881	0.00622069882228971	-0.458952605724335	-0.561151027679443	
-0.0219130646437407	0.00952872633934021	-0.494983106851578	-0.598543107509613	
-0.0244015734642744	0.0130578335374594	-0.530402481555939	-0.631847500801086	
-0.0274793859571218	0.0163494516164064	-0.565006792545319	-0.660043239593506	
-0.031111354008317	0.0189063977450132	-0.598633110523224	-0.682677507400513	
-0.035134319216013	0.0202690083533525	-0.631191492080688	-0.699837207794189	
-0.0392462015151978	0.0200912933796644	-0.662687838077545	-0.712008535861969	
-0.0430282838642597	0.0182048957794905	-0.693232774734497	-0.719859778881073	
-0.0460003167390823	0.0146597698330879	-0.72303307056427	-0.724002242088318	
-0.0476999878883362	0.00973348971456289	-0.75236564874649	-0.724784195423126	
-0.0477719008922577	0.00390560925006866	-0.781536519527435	-0.722164213657379	
-0.0460472889244556	-0.0022010812535882	-0.810829162597656	-0.715692937374115	
-0.0425961352884769	-0.00790503807365894	-0.840449690818787	-0.70460432767868	
-0.037737775593996	-0.0125640640035272	-0.870475709438324	-0.6879962682724	
-0.0320039503276348	-0.0156718585640192	-0.900817573070526	-0.665057778358459	
-0.0260580256581306	-0.0169370826333761	-0.931197464466095	-0.635290086269379	
-0.0205837972462177	-0.0163309890776873	-0.961151599884033	-0.598671495914459	
-0.0161646455526352	-0.0140940835699439	-0.990056037902832	-0.555725812911987	
-0.013177209533751	-0.0106988875195384	-1.01717483997345	-0.507477998733521	
-0.0117221903055906	-0.00677326740697026	-1.0417240858078	-0.455302655696869	
-0.0116083435714245	-0.00299609731882811	-1.06294476985931	-0.400697737932205	
-0.0123954489827156	1.73449534486281E-5	-1.08017253875732	-0.345030456781387	
-0.013489886187017	0.00182001327630132	-1.09289491176605	-0.289309918880463	
-0.0142749166116118	0.0022081546485424	-1.10078501701355	-0.234036475419998	
-0.0142494291067123	0.00125159125309438	-1.10370600223541	-0.179160460829735	
-0.0131455417722464	-0.000728428829461336	-1.1016833782196	-0.124160267412663	
-0.0109982090070844	-0.00323187978938222	-1.09484732151031	-0.0682235881686211	
-0.00814852118492126	-0.00569121353328228	-1.08335518836975	-0.0104929767549038	
-0.00517534743994474	-0.00760089559480548	-1.06730628013611	0.0496777258813381	
-0.0027648585382849	-0.00863971654325724	-1.04666566848755	0.112512022256851	
-0.00154134968761355	-0.00875974725931883	-1.02121472358704	0.17769119143486	
-0.00189278437756002	-0.00822024885565042	-0.990542411804199	0.244353100657463	
-0.00382825895212591	-0.00755396485328674	-0.954087674617767	0.311209470033646	
-0.00690107513219118	-0.00746562471613288	-0.911233067512512	0.376755207777023	
-0.0102205472066998	-0.00867616478353739	-0.8614422082901	0.439521431922913	
-0.0125597594305873	-0.0117384884506464	-0.804423749446869	0.498313218355179	
-0.012548060156405	-0.0168591421097517	-0.740295052528381	0.552374660968781	
-0.00891961250454187	-0.023763021454215	-0.669717371463776	0.601439654827118	
-0.000776220171246678	-0.0316341482102871	-0.593971371650696	0.645652532577515	
0.0121833067387342	-0.0391547232866287	-0.514949798583984	0.685372591018677	
0.0295123215764761	-0.044648565351963	-0.435052514076233	0.720906794071198	
0.0499779544770718	-0.0463162772357464	-0.35698589682579	0.752235054969788	
0.0716510713100433	-0.0425309687852859	-0.283482432365417	0.778799653053284	
0.0921187773346901	-0.0321492217481136	-0.216973915696144	0.799422442913055	
0.108791947364807	-0.014784162864089	-0.159262984991074	0.812389612197876	
0.119262754917145	0.00901082903146744	-0.111244268715382	0.81570839881897	
0.121656760573387	0.0376889035105705	-0.0727249681949615	0.807502448558807	
0.114923238754272	0.0688091889023781	-0.0423846505582333	0.78647518157959	
0.0990161970257759	0.0992870628833771	-0.0178971067070961	0.752349197864532	
0.0749354660511017	0.125767812132835	0.00378663651645184	0.706181645393372	
0.0446197427809238	0.145073488354683	0.0260198824107647	0.650470912456512	
0.0107072060927749	0.154657244682312	0.0519563183188438	0.589002251625061	
-0.0237993262708187	0.152993902564049	0.0840285941958427	0.526427268981934	
-0.0559111684560776	0.139841988682747	0.123486638069153	0.467624336481094	
-0.0830188170075417	0.116329781711102	0.170070931315422	0.41693514585495	
-0.103189572691917	0.0848443657159805	0.221881777048111	0.37740558385849	
-0.115356586873531	0.0487336367368698	0.275481134653091	0.350171715021133	
-0.119377516210079	0.0118617489933968	0.326231598854065	0.33411717414856	
-0.115962587296963	-0.021916763857007	0.368841469287872	0.325890123844147	
-0.106493085622787	-0.0492840632796288	0.398052841424942	0.320310145616531	
-0.0927672013640404	-0.0679054036736488	0.409383654594421	0.311127990484238	
-0.076719157397747	-0.0767247155308723	0.399821400642395	0.292035758495331	
-0.0601576492190361	-0.076062984764576	0.368367314338684	0.257774323225021	
-0.0445620566606522	-0.067504771053791	0.316345751285553	0.205157369375229	
-0.0309608951210976	-0.0535930320620537	0.24742317199707	0.133834391832352	
-0.0198999904096127	-0.0373838804662228	0.167319521307945	0.046649232506752	
-0.0114911189302802	-0.0219361558556557	0.0832378640770912	-0.0504891611635685	
-0.00551863014698029	-0.00982108060270548	0.00307833263650537	-0.149230644106865	
-0.00157396413851529	-0.0027332694735378	-0.0654658079147339	-0.239827573299408	
0.000812749785836786	-0.00126631197053939	-0.115813300013542	-0.312452673912048	
0.00206927047111094	-0.00488724233582616	-0.143282577395439	-0.358596444129944	
0.00252107414416969	-0.0121093364432454	-0.145657673478127	-0.372330367565155	
0.00237723416648805	-0.0208280105143785	-0.123457632958889	-0.351239830255508	
0.00175369344651699	-0.0287562180310488	-0.0798745304346085	-0.296878010034561	
0.000717154995072633	-0.0338786467909813	-0.020390085875988	-0.214665308594704	
-0.0006702970713377	-0.0348414480686188	0.0478762425482273	-0.113245010375977	
0.0023407454136759	0.0308680310845375	-0.0478236824274063	0.114391975104809	
0.00425333110615611	0.0267018377780914	-0.116944082081318	0.00461509544402361	
0.0064195510931313	0.0185665115714073	-0.179140284657478	-0.102038726210594	
0.00866824481636286	0.00792685337364674	-0.227531999349594	-0.19480761885643	
0.0108676645904779	-0.00318431248888373	-0.256903350353241	-0.264999032020569	
0.0129881324246526	-0.0125791570171714	-0.264180690050125	-0.306996136903763	
0.0151470042765141	-0.0183662213385105	-0.248629435896873	-0.318808674812317	
0.0176159124821424	-0.0193550530821085	-0.211762383580208	-0.302108287811279	
0.0207781586796045	-0.0153364883735776	-0.156989738345146	-0.261768221855164	
0.0250361524522305	-0.00718259951099753	-0.0890746116638184	-0.205000638961792	
0.0306822098791599	0.00325760967098176	-0.0134780993685126	-0.140239745378494	
0.0377579033374786	0.0134538421407342	0.0643129050731659	-0.0759475752711296	
0.0459343269467354	0.0206334758549929	0.139388397336006	-0.0195188634097576	
0.0544463694095612	0.0222888551652431	0.20787838101387	0.0235674977302551	
0.062107115983963	0.0166638605296612	0.267232775688171	0.0502521879971027	
0.0674150884151459	0.00313221081160009	0.316303491592407	0.0600172840058804	
0.0687492564320564	-0.0176029782742262	0.355243265628815	0.054650817066431	
0.0646278485655785	-0.0435292609035969	0.385259121656418	0.0377304553985596	
0.0539910160005093	-0.0715682432055473	0.408273816108704	0.0139370495453477	
0.0364577993750572	-0.0980076566338539	0.426554054021835	-0.0116788037121296	
0.0125068863853812	-0.119054779410362	0.442360430955887	-0.0343631878495216	
-0.0164605546742678	-0.131422311067581	0.457662582397461	-0.0501713678240776	
-0.0482002906501293	-0.132851272821426	0.473946154117584	-0.056277684867382	
-0.0798476710915565	-0.122485056519508	0.492120295763016	-0.0510753467679024	
-0.108259223401546	-0.101032689213753	0.512516975402832	-0.0340950191020966	
-0.130426451563835	-0.0706939920783043	0.53496241569519	-0.00579663645476103	
-0.14389942586422	-0.0348578356206417	0.558891952037811	0.0327001214027405	
-0.147152602672577	0.00237843091599643	0.583481132984161	0.0798844769597054	
-0.139831274747849	0.036791767925024	0.607768416404724	0.134075492620468	
-0.122834622859955	0.064626656472683	0.630753338336945	0.1935705691576	
-0.0982165783643723	0.0831064805388451	0.651463389396667	0.256720364093781	
-0.0689152851700783	0.0907860770821571	0.668991446495056	0.321948260068893	
-0.0383502840995789	0.0876953974366188	0.682511508464813	0.38774374127388	
-0.0099489064887166	0.0752592608332634	0.691283047199249	0.452660501003265	
0.0133245242759585	0.0560139343142509	0.694655001163483	0.515342533588409	
0.0293632913380861	0.0331733152270317	0.692076146602631	0.574587047100067	
0.0371757782995701	0.0101189371198416	0.683113396167755	0.629436910152435	
0.0369678661227226	-0.0101027488708496	0.667475759983063	0.679282069206238	
0.0300413873046637	-0.0251977629959583	0.64503675699234	0.723940074443817	
0.0185300298035145	-0.0338961854577065	0.615848124027252	0.763686716556549	
0.00502054113894701	-0.0360444188117981	0.58013641834259	0.799216866493225	
-0.00787546392530203	-0.0325155593454838	0.538280487060547	0.831528544425964	
-0.017927473410964	-0.0249652415513992	0.490769445896149	0.861742854118347	
-0.0236045513302088	-0.0154838059097528	0.4381482899189	0.890887141227722	
-0.0242582727223635	-0.00620961142703891	0.380960315465927	0.919680893421173	
-0.0201471447944641	0.00102978374343365	0.319698393344879	0.948365569114685	
-0.0123075544834137	0.00499102799221873	0.25477609038353	0.976614773273468	
-0.00230256444774568	0.00516397692263126	0.186525210738182	1.00354552268982	
0.00810055807232857	0.00178122078068554	0.115222491323948	1.02783191204071	
0.0172633230686188	-0.00430194707587361	0.0411403775215149	1.04790270328522	
0.0239601191133261	-0.0118256062269211	-0.0353878811001778	1.06218612194061	
0.0275659523904324	-0.0193951074033976	-0.113902941346169	1.06935560703278	
0.0281201917678118	-0.0257509369403124	-0.193769112229347	1.068528175354	
0.0262626484036446	-0.0299905184656382	-0.274152249097824	1.05937933921814	
0.023061690852046	-0.0317059420049191	-0.354034215211868	1.04215288162231	
0.0197728369385004	-0.0310191921889782	-0.432265073060989	1.01756572723389	
0.0175768844783306	-0.028516149148345	-0.507647037506104	0.986631870269775	
0.0173478685319424	-0.0250987131148577	-0.579037129878998	0.950444877147675	
0.0194927398115397	-0.0217878688126802	-0.645450949668884	0.909966111183167	
0.0238891541957855	-0.0195171739906073	-0.706148684024811	0.865865707397461	
0.0299278572201729	-0.0189552661031485	-0.760687291622162	0.818451046943665	
0.0366462878882885	-0.0203881617635489	-0.808927059173584	0.767697751522064	
0.0429234579205513	-0.0236793588846922	-0.850990533828735	0.713375270366669	
0.047696266323328	-0.0283103883266449	-0.887179017066956	0.655238389968872	
0.0501554980874062	-0.0334897860884666	-0.917860388755798	0.593239486217499	
0.0498857535421848	-0.038306713104248	-0.94334876537323	0.527711391448975	
0.0469261631369591	-0.0418988950550556	-0.963796973228455	0.459474623203278	
0.0417449921369553	-0.0436037890613079	-0.979123115539551	0.389839917421341	
0.0351377800107002	-0.0430667884647846	-0.988985240459442	0.320496439933777	
0.0280726775527	-0.0402896851301193	-0.992812097072601	0.253304451704025	
0.0215150881558657	-0.0356142371892929	-0.989885568618774	0.190030097961426	
0.0162655431777239	-0.0296477023512125	-0.979464530944824	0.132076680660248	
0.0128400474786758	-0.023147052153945	-0.960928916931152	0.0802692770957947	
0.0114119285717607	-0.0168848447501659	-0.933921575546265	0.0347413457930088	
0.011821080930531	-0.0115215126425028	-0.89846396446228	-0.00504694553092122	
0.0136430617421865	-0.00750596541911364	-0.855025887489319	-0.0401553958654404	
0.0162994749844074	-0.00501996977254748	-0.804536819458008	-0.071899875998497	
0.0191844720393419	-0.003972920589149	-0.748335659503937	-0.101526372134686	
0.0217811241745949	-0.00404427107423544	-0.688065409660339	-0.129886388778687	
0.0237456187605858	-0.00476265978068113	-0.625527501106262	-0.157179862260818	
0.024945680052042	-0.00560508901253343	-0.562516748905182	-0.182820931077003	
0.0254500992596149	-0.00609714910387993	-0.500660300254822	-0.205459877848625	
0.0254766773432493	-0.00589648447930813	-0.441282242536545	-0.223164886236191	
0.0253139957785606	-0.00484592607244849	-0.38531106710434	-0.233735755085945	
0.0252366550266743	-0.00298904976807535	-0.333239793777466	-0.235095709562302	
0.0254334155470133	-0.000548060867004097	-0.285140365362167	-0.225689321756363	
0.0259632486850023	0.0021294227335602	-0.240725442767143	-0.204812571406364	
0.0267469715327024	0.0046430891379714	-0.199444428086281	-0.172810614109039	
0.0275936480611563	0.00661786692216992	-0.160597115755081	-0.131103217601776	
0.0282530914992094	0.00777279725298285	-0.123446561396122	-0.0820288062095642	
0.0284804832190275	0.00796901993453503	-0.0873156115412712	-0.0285316593945026	
-0.028097290545702	-0.00722940778359771	0.0516555458307266	-0.0262536462396383	
-0.0270343907177448	-0.00572774652391672	0.0160814318805933	-0.0794477462768555	
-0.0253483727574348	-0.00375076406635344	-0.0196254625916481	-0.128823161125183	
-0.0232087168842554	-0.00164088152814656	-0.055542130023241	-0.173083007335663	
-0.0208605080842972	0.000269447715254501	-0.0916456505656242	-0.211974769830704	
-0.0185729544609785	0.00171989086084068	-0.127861171960831	-0.2462228089571	
-0.0165867917239666	0.00256992527283728	-0.164105430245399	-0.27729743719101	
-0.0150732714682817	0.00282384525053203	-0.200317859649658	-0.307067096233368	
-0.0141140092164278	0.0026288463268429	-0.236474573612213	-0.337401300668716	
-0.0137052461504936	0.00224652257747948	-0.272585213184357	-0.369798511266708	
-0.0137837408110499	0.00200255098752677	-0.30867600440979	-0.405105382204056	
-0.0142658790573478	0.00222296360880136	-0.344764947891235	-0.443374961614609	
-0.0150881558656693	0.00316770537756383	-0.380836725234985	-0.483881562948227	
-0.0162368211895227	0.00497279595583677	-0.416824221611023	-0.525280654430389	
-0.017757210880518	0.00761127145960927	-0.452602058649063	-0.565873265266418	
-0.0197386182844639	0.0108803398907185	-0.487994164228439	-0.603916883468628	
-0.0222771260887384	0.0144182005897164	-0.522795736789703	-0.637917757034302	
-0.0254250708967447	0.0177493412047625	-0.556804955005646	-0.666847765445709	
-0.0291403029114008	0.020352466031909	-0.5898597240448	-0.690246045589447	
-0.0332496799528599	0.021741284057498	-0.621871590614319	-0.708192646503448	
-0.0374391600489616	0.0215457603335381	-0.652850925922394	-0.721167981624603	
-0.0412774123251438	0.0195806510746479	-0.682916641235352	-0.729836642742157	
-0.0442724861204624	0.0158894211053848	-0.712288498878479	-0.734808087348938	
-0.0459528788924217	0.0107548395171762	-0.74126011133194	-0.736429691314697	
-0.0459579676389694	0.00467250915244222	-0.770156562328339	-0.734659671783447	
-0.0441187657415867	-0.00171067961491644	-0.7992804646492	-0.729047536849976	
-0.040510606020689	-0.00768524687737226	-0.828854918479919	-0.718825101852417	
-0.0354635678231716	-0.0125820776447654	-0.85897022485733	-0.703086078166962	
-0.0295246616005898	-0.0158735793083906	-0.889544010162354	-0.681013166904449	
-0.0233755316585302	-0.0172563157975674	-0.920299887657166	-0.652099668979645	
-0.0177192743867636	-0.0167005583643913	-0.950770020484924	-0.616314113140106	
-0.0131573732942343	-0.01445696875453	-0.980322360992432	-0.574169993400574	
-0.0100812166929245	-0.0110175311565399	-1.00820994377136	-0.526681244373322	
-0.00860108155757189	-0.007035615388304	-1.03363704681396	-0.475211799144745	
-0.00852890964597464	-0.00321756093762815	-1.05583214759827	-0.421249210834503	
-0.00942078884691	-0.000203889343538322	-1.07411921024323	-0.366150617599487	
-0.0106728235259652	0.00153890484943986	-1.08797407150269	-0.310915261507034	
-0.0116524193435907	0.00179587921593338	-1.09705793857574	-0.256033360958099	
-0.0118385767564178	0.000634989875834435	-1.10122072696686	-0.201444432139397	
-0.0109413769096136	-0.00161539111286402	-1.10047292709351	-0.146615087985992	
-0.00897357799112797	-0.00444060610607266	-1.09492826461792	-0.0907201170921326	
-0.006255810149014	-0.00725318072363734	-1.08472645282745	-0.0328882820904255	
-0.00334989256225526	-0.00952482037246227	-1.06994998455048	0.0275405142456293	
-0.000929729838389903	-0.0109109794721007	-1.0505496263504	0.0908027961850166	
0.000386778672691435	-0.0113415746018291	-1.02629745006561	0.15659037232399	
0.000211371530895121	-0.0110560217872262	-0.99677973985672	0.224047318100929	
-0.00147263030521572	-0.0105700949206948	-0.961439847946167	0.291885286569595	
-0.00423374585807323	-0.0105746742337942	-0.91967099905014	0.358590930700302	
-0.0072041735984385	-0.0117801539599895	-0.870951414108276	0.422677665948868	
-0.0091871228069067	-0.0147326206788421	-0.815004169940948	0.482922375202179	
-0.00884823687374592	-0.0196363143622875	-0.751956343650818	0.538530886173248	
-0.00496225291863084	-0.0262194946408272	-0.682469248771667	0.589190006256104	
0.0033270032145083	-0.0336765125393867	-0.607809960842133	0.634990811347961	
0.0162809789180756	-0.0407079719007015	-0.529841542243958	0.676236808300018	
0.033419992774725	-0.0456646308302879	-0.450918853282928	0.713181376457214	
0.0534895285964012	-0.046781949698925	-0.373690485954285	0.745758175849915	
0.0745545700192451	-0.042473953217268	-0.30082431435585	0.773375451564789	
0.0942153856158257	-0.0316408611834049	-0.234688222408295	0.794837772846222	
0.109916664659977	-0.0139378113672137	-0.17703041434288	0.80843323469162	
0.119304187595844	0.0100465025752783	-0.128708586096764	0.812191486358643	
0.120573498308659	0.038741547614336	-0.0895170643925667	0.804276943206787	
0.112754210829735	0.0696984753012657	-0.0581503286957741	0.78344851732254	
0.0958827957510948	0.0998428016901016	-0.0323249846696854	0.749492585659027	
0.0710343942046165	0.125848338007927	-0.00905923545360565	0.703530788421631	
0.0402063839137554	0.144581824541092	0.0149154737591743	0.648117959499359	
0.00607106229290366	0.153552740812302	0.0426595918834209	0.587080001831055	
-0.0283646266907454	0.151297599077225	0.0765140205621719	0.525086998939514	
-0.0601395405828953	0.137634724378586	0.117647908627987	0.467010259628296	
-0.0867009162902832	0.113743118941784	0.165739387273788	0.417158156633377	
-0.106195345520973	0.0820454284548759	0.218849331140518	0.378520935773849	
-0.117647916078568	0.0459059439599514	0.273524343967438	0.352163195610046	
-0.121008761227131	0.00918462779372931	0.325133234262466	0.336890637874603	
-0.117068774998188	-0.0242873262614012	0.368407070636749	0.329277694225311	
-0.107267260551453	-0.0512305311858654	0.398120522499084	0.32408481836319	
-0.0934301391243935	-0.0693577751517296	0.409826755523682	0.315026730298996	
-0.0774859637022018	-0.0776625871658325	0.400544941425323	0.295788139104843	
-0.0612062886357307	-0.0765105187892914	0.369300127029419	0.261132568120956	
-0.0460086837410927	-0.0675197765231133	0.317430794239044	0.207923218607903	
-0.0328457802534103	-0.0532519295811653	0.248608529567719	0.135879203677177	
-0.02218615449965	-0.0367651246488094	0.168552055954933	0.0479241050779819	
-0.0140757942572236	-0.0211046189069748	0.0844609439373016	-0.0499546267092228	
-0.00825542490929365	-0.00881575420498848	0.00423349579796195	-0.149340406060219	
-0.00430187443271279	-0.00156001094728708	-0.0644337981939316	-0.240440040826797	
-0.00176145182922482	0.00010343190660933	-0.114949755370617	-0.313406735658646	
-0.000249741337029263	-0.00326274754479527	-0.142616361379623	-0.359738081693649	
0.000496653607115149	-0.0101519636809826	-0.145196720957756	-0.373535811901093	
0.000617786659859121	-0.0184532646089792	-0.123187758028507	-0.352430731058121	
0.000166750382049941	-0.0258884355425835	-0.079761914908886	-0.29802668094635	
-0.000834327714983374	-0.0304658710956573	-0.0203870255500078	-0.215789273381233	
-0.0023407454136759	-0.0308680310845375	0.0478236824274063	-0.114391975104809	
0.00400834204629064	0.0268570054322481	-0.0477128587663174	0.115399569272995	
0.00617765542119741	0.0221599619835615	-0.116816245019436	0.00566944433376193	
0.00869733467698097	0.0135768968611956	-0.179040268063545	-0.100881762802601	
0.011330614797771	0.00261872750706971	-0.227495014667511	-0.19352562725544	
0.0138688636943698	-0.00864276755601168	-0.256955772638321	-0.263618558645248	
0.0162079874426126	-0.0179920960217714	-0.264344394207001	-0.305598139762878	
0.0184072125703096	-0.0235245265066624	-0.24892869591713	-0.317522466182709	
0.0207077581435442	-0.0240526124835014	-0.21223096549511	-0.301094472408295	
0.023497186601162	-0.0193870980292559	-0.157676085829735	-0.261193543672562	
0.0272179581224918	-0.0104361614212394	-0.090042807161808	-0.205009087920189	
0.0322331376373768	0.000900916929822415	-0.0148032372817397	-0.140925288200378	
0.0386751070618629	0.0120326606556773	0.0625553354620934	-0.07733403891325	
0.0463114082813263	0.0201188083738089	0.137137994170189	-0.0215510874986649	
0.0544630289077759	0.0225830245763063	0.205107942223549	0.0210185367614031	
0.0620040893554688	0.0176055524498224	0.263965576887131	0.0473702773451805	
0.0674580633640289	0.00450782477855682	0.312626272439957	0.0570102483034134	
0.0691874623298645	-0.0160420536994934	0.351311385631561	0.0517128109931946	
0.065653957426548	-0.0420445315539837	0.38129186630249	0.0350033305585384	
0.0557090491056442	-0.0704089254140854	0.4045390188694	0.011477411724627	
0.0388643406331539	-0.0973848551511765	0.423343151807785	-0.0139209181070328	
0.0154889672994614	-0.119117900729179	0.439957231283188	-0.0365497171878815	
-0.0131103340536356	-0.13224059343338	0.456310123205185	-0.0525639206171036	
-0.0447535775601864	-0.134403124451637	0.473816752433777	-0.0592085793614388	
-0.0765997320413589	-0.12465713173151	0.493294060230255	-0.0549057796597481	
-0.105484277009964	-0.103629507124424	0.514972627162933	-0.0391663983464241	
-0.128335878252983	-0.073457658290863	0.538582563400269	-0.0123823089525104	
-0.142609477043152	-0.0374959036707878	0.563483059406281	0.0244353283196688	
-0.14666648209095	0.000159944174811244	0.588805258274078	0.0699107348918915	
-0.140038385987282	0.0352543666958809	0.613582253456116	0.122506305575371	
-0.123526878654957	0.0639686211943626	0.636848628520966	0.180651724338531	
-0.0991190075874329	0.0834395736455917	0.657702684402466	0.24280121922493	
-0.0697260349988937	0.0921228677034378	0.675332903862	0.307439863681793	
-0.0387838035821915	0.0899490863084793	0.689018785953522	0.373070299625397	
-0.00977561715990305	0.0782561004161835	0.698119044303894	0.438211679458618	
0.0142478831112385	0.0595165751874447	0.702059686183929	0.501433551311493	
0.031076867133379	0.0369118228554726	0.70033210515976	0.561432540416718	
0.0396153405308723	0.0138251455500722	0.692504644393921	0.617142021656036	
0.0399785451591015	-0.00666237995028496	0.678245902061462	0.667850911617279	
0.0334035977721214	-0.0221953149884939	0.657353401184082	0.713299810886383	
0.0219930782914162	-0.0314250774681568	0.629778385162354	0.753722488880157	
0.00833834521472454	-0.0341138914227486	0.595637679100037	0.7898108959198	
-0.00491196056827903	-0.031057171523571	0.555206477642059	0.822597622871399	
-0.0154658677056432	-0.0238497890532017	0.508890807628632	0.853266954421997	
-0.0217175967991352	-0.0145457042381167	0.457183450460434	0.882925808429718	
-0.0229426920413971	-0.00527462316676974	0.400611042976379	0.912374198436737	
-0.0193337593227625	0.00211778772063553	0.339684695005417	0.941921055316925	
-0.0118801789358258	0.00634827977046371	0.274864196777344	0.971282243728638	
-0.0021218981128186	0.00685294950380921	0.206545233726501	0.999584317207336	
0.00817224197089672	0.00380622502416372	0.135073110461235	1.02547705173492	
0.0173406600952148	-0.00198980141431093	0.060781005769968	1.04733443260193	
0.0241193696856499	-0.0093156797811389	-0.0159551315009594	1.06350839138031	
0.0278377067297697	-0.0167994890362024	-0.0946575924754143	1.072585105896	
0.0284903235733509	-0.0231850538402796	-0.174698084592819	1.07359647750854	
0.0266803875565529	-0.0275554656982422	-0.25527223944664	1.0661461353302	
0.0234526097774506	-0.0294753145426512	-0.335406720638275	1.05042672157288	
0.020053967833519	-0.0290321838110685	-0.414001792669296	1.02712941169739	
0.0176711678504944	-0.0267774015665054	-0.489905059337616	0.997267484664917	
0.0171955097466707	-0.0235841646790504	-0.562005043029785	0.961954355239868	
0.0190580002963543	-0.0204548351466656	-0.629329085350037	0.922184228897095	
0.0231619775295258	-0.0183162707835436	-0.691127181053162	0.878664672374725	
0.0289208386093378	-0.017841674387455	-0.74692565202713	0.83173668384552	
0.0353882275521755	-0.0193301383405924	-0.796538650989532	0.781399011611938	
0.0414512380957603	-0.0226625949144363	-0.84003472328186	0.727429866790771	
0.0460468903183937	-0.0273378640413284	-0.877660810947418	0.669578075408936	
0.0483598262071609	-0.0325776375830173	-0.909737944602966	0.607778131961823	
0.0479649864137173	-0.0374775268137455	-0.936545670032501	0.542337894439697	
0.0448913872241974	-0.0411741770803928	-0.95821738243103	0.474052608013153	
0.0395994186401367	-0.0429974645376205	-0.974665999412537	0.404212951660156	
0.0328808017075062	-0.0425812415778637	-0.985555708408356	0.334499001502991	
0.0257045514881611	-0.0399150922894478	-0.990327656269073	0.266775250434875	
0.0190409757196903	-0.0353312455117702	-0.988277077674866	0.202825844287872	
0.0136979557573795	-0.0294326897710562	-0.978671967983246	0.144083470106125	
0.0101991118863225	-0.0229785889387131	-0.960894227027893	0.091409757733345	
0.0087234266102314	-0.0167497713118792	-0.934580087661743	0.0449766144156456	
0.00911272689700127	-0.0114190988242626	-0.899737179279327	0.0042792484164238	
0.0109398681670427	-0.00744911609217525	-0.856817305088043	-0.031714852899313	
0.0136192161589861	-0.00503307720646262	-0.806732177734375	-0.0643046200275421	
0.0165342707186937	-0.00408676266670227	-0.750807464122772	-0.0947299003601074	
0.0191558972001076	-0.00428903382271528	-0.690681338310242	-0.123845361173153	
0.0211288016289473	-0.00516062555834651	-0.628160655498505	-0.151860162615776	
0.0223121233284473	-0.00616464950144291	-0.565056622028351	-0.178199648857117	
0.0227706674486399	-0.00680958107113838	-0.503021478652954	-0.20152322947979	
0.0227237474173307	-0.00673635210841894	-0.443409889936447	-0.219902664422989	
0.0224668812006712	-0.00577522441744804	-0.387182295322418	-0.231133937835693	
0.0222860164940357	-0.00396439572796226	-0.33486071228981	-0.23312871158123	
0.0223839189857244	-0.00152955634985119	-0.286539524793625	-0.224313840270042	
0.0228340271860361	0.00116944988258183	-0.241945371031761	-0.20396400988102	
0.0235698763281107	0.00371330720372498	-0.200533017516136	-0.172403231263161	
0.0244095679372549	0.00570464367046952	-0.161600142717361	-0.131033718585968	
0.0251069758087397	0.00684124836698174	-0.124403037130833	-0.0821828916668892	
0.0254158638417721	0.00696842465549707	-0.088256374001503	-0.0287923943251371	
-0.0251510925590992	-0.00610213773325086	0.0526050962507725	-0.0259972624480724	
-0.0242328029125929	-0.00442012399435043	0.0170621685683727	-0.0792932733893394	
-0.0227042678743601	-0.00222383323125541	-0.0185878146439791	-0.12884958088398	
-0.0207208953797817	0.000120967371913139	-0.054413378238678	-0.173348605632782	
-0.0185147542506456	0.00225370656698942	-0.0903795883059502	-0.212518200278282	
-0.0163446441292763	0.00388602074235678	-0.126398548483849	-0.247066900134087	
-0.0144445914775133	0.00485440716147423	-0.162375837564468	-0.278454840183258	
-0.0129834245890379	0.00514935702085495	-0.198244005441666	-0.308546721935272	
-0.0120445908978581	0.00491594430059195	-0.233978495001793	-0.339214354753494	
-0.0116299167275429	0.00442570773884654	-0.269594848155975	-0.371962994337082	
-0.011684569530189	0.00402452098205686	-0.305131107568741	-0.407648682594299	
-0.012134968303144	0.00406517228111625	-0.340621143579483	-0.446334153413773	
-0.0129279401153326	0.00483603775501251	-0.376067221164703	-0.487301647663116	
-0.0140590500086546	0.00649808114394546	-0.411418974399567	-0.529211461544037	
-0.0155807640403509	0.00904131401330233	-0.446564733982086	-0.570365369319916	
-0.0175863970071077	0.0122689874842763	-0.481338202953339	-0.60901802778244	
-0.0201723594218493	0.0158135108649731	-0.515539944171906	-0.643669843673706	
-0.0233874432742596	0.0191830545663834	-0.548970401287079	-0.673285186290741	
-0.0271823424845934	0.0218327548354864	-0.581468105316162	-0.697395324707031	
-0.0313738323748112	0.0232500713318586	-0.612946093082428	-0.716073513031006	
-0.0356359370052814	0.0230411030352116	-0.643418610095978	-0.729795098304749	
-0.0395249761641026	0.0210036784410477	-0.673012435436249	-0.739221930503845	
-0.0425377264618874	0.0171744897961617	-0.701959788799286	-0.744962632656097	
-0.0441941134631634	0.0118410447612405	-0.730570435523987	-0.74736499786377	
-0.0441289208829403	0.00551436981186271	-0.759187817573547	-0.74638819694519	
-0.0421735607087612	-0.00113526824861765	-0.788133203983307	-0.741581916809082	
-0.0384091027081013	-0.00737122446298599	-0.817645967006683	-0.732176542282104	
-0.0331764742732048	-0.012498221360147	-0.84782886505127	-0.717262327671051	
-0.0270376969128847	-0.0159680563956499	-0.87860631942749	-0.696016252040863	
-0.0206920970231295	-0.0174657497555017	-0.909703075885773	-0.667923390865326	
-0.0148611869663	-0.0169609561562538	-0.940647125244141	-0.632942616939545	
-0.0101634934544563	-0.0147146228700876	-0.970797955989838	-0.591576337814331	
-0.00700406590476632	-0.0112380627542734	-0.999397933483124	-0.544827222824097	
-0.00550180021673441	-0.00720973312854767	-1.02563941478729	-0.494047850370407	
-0.0054711177945137	-0.0033627434168011	-1.04873943328857	-0.440714925527573	
-0.00646405387669802	-0.000361931713996455	-1.0680114030838	-0.386175185441971	
-0.00786644592881203	0.00130786164663732	-1.08292078971863	-0.331417918205261	
-0.00903020426630974	0.0014216888230294	-1.09311878681183	-0.276923358440399	
-0.0094150910153985	4.67966565338429E-5	-1.09844422340393	-0.222620576620102	
-0.00870999973267317	-0.00248030317015946	-1.0988951921463	-0.167965099215508	
-0.00690644374117255	-0.00562955439090729	-1.09457075595856	-0.112119771540165	
-0.00430557318031788	-0.00879312679171562	-1.08559513092041	-0.0542007796466351	
-0.00145310896914452	-0.0114199230447412	-1.07203531265259	0.00646459823474288	
0.000988406827673316	-0.0131424274295568	-1.05382883548737	0.0701245218515396	
0.00240661739371717	-0.0138691458851099	-1.03073847293854	0.136480093002319	
0.00241215596906841	-0.0138207115232944	-1.00234711170197	0.204680562019348	
0.000980005017481744	-0.0134972333908081	-0.968101143836975	0.273436963558197	
-0.00147424184251577	-0.0135771762579679	-0.927402675151825	0.341227829456329	
-0.00410618307068944	-0.0147618651390076	-0.879742622375488	0.406549423933029	
-0.00574941048398614	-0.0175919830799103	-0.824856638908386	0.468152016401291	
-0.0051057399250567	-0.0222707502543926	-0.762880027294159	0.525205433368683	
-0.000989857246167958	-0.0285308733582497	-0.694473087787628	0.577352285385132	
0.00741359125822783	-0.0355778746306896	-0.620888829231262	0.624633610248566	
0.0203281100839376	-0.0421313047409058	-0.543961226940155	0.667300701141357	
0.0372432991862297	-0.0465690568089485	-0.466000884771347	0.705556690692902	
0.0568856783211231	-0.0471612736582756	-0.389600098133087	0.739291906356812	
0.0773171111941338	-0.0423622466623783	-0.317363768815994	0.767883002758026	
0.0961536094546318	-0.0311147347092628	-0.251597762107849	0.790118634700775	
0.110875651240349	-0.0131142595782876	-0.193997249007225	0.804289519786835	
0.119183823466301	0.0110172620043159	-0.145384281873703	0.808447301387787	
0.119343765079975	0.0396881029009819	-0.105541117489338	0.800796151161194	
0.11046439409256	0.0704441517591476	-0.0731774717569351	0.780148983001709	
0.0926626175642014	0.100223861634731	-0.0460525900125504	0.746354162693024	
0.067085899412632	0.125732079148293	-0.0212512779980898	0.700595736503601	
0.0357869118452072	0.14388220012188	0.00441120471805334	0.645483434200287	
0.00146850768942386	0.152241230010986	0.0339032635092735	0.584882318973541	
-0.0328614488244057	0.149407565593719	0.0694754719734192	0.523480176925659	
-0.0642718821763992	0.135258302092552	0.112217731773853	0.466140151023865	
-0.0902682915329933	0.111021019518375	0.161747500300407	0.417137145996094	
-0.109077051281929	0.0791508480906487	0.21608804166317	0.379405170679092	
-0.119814567267895	0.0430247336626053	0.271772414445877	0.35393688082695	
-0.122521989047527	0.00649443687871099	0.324177503585815	0.339459359645844	
-0.118068851530552	-0.0266359318047762	0.368058919906616	0.332472562789917	
-0.107950195670128	-0.053128469735384	0.398225516080856	0.327676862478256	
-0.0940175652503967	-0.0707454457879066	0.41026696562767	0.318750202655792	
-0.0781921073794365	-0.0785305351018906	0.401234835386276	0.299369424581528	
-0.0622070990502834	-0.0768930464982986	0.370178312063217	0.264320611953735	
-0.0474177971482277	-0.0674827173352242	0.318449527025223	0.210517212748528	
-0.0347009971737862	-0.052876703441143	0.249724149703979	0.137749329209328	
-0.0244485083967447	-0.0361316911876202	0.169718101620674	0.0490222610533237	
-0.0166411846876144	-0.0202759504318237	0.0856253281235695	-0.0495955944061279	
-0.010976767167449	-0.00782612804323435	0.00534009467810392	-0.149618744850159	
-0.00701791234314442	-0.000408791296649724	-0.0634401217103004	-0.241206228733063	
-0.00432726787403226	0.00145182909909636	-0.114116132259369	-0.31449031829834	
-0.00256363721564412	-0.00165261898655444	-0.141974970698357	-0.360975533723831	
-0.00152537610847503	-0.00819750595837831	-0.14475966989994	-0.374794691801071	
-0.00114105874672532	-0.0160680208355188	-0.122945219278336	-0.353626489639282	
-0.00142013444565237	-0.022997485473752	-0.0796841010451317	-0.299128949642181	
-0.00238494877703488	-0.0270203612744808	-0.0204294342547655	-0.21681721508503	
-0.00400834204629064	-0.0268570054322481	0.0477128587663174	-0.115399569272995	
0.00567105505615473	0.0228132586926222	-0.0475439056754112	0.116266563534737	
0.00809333007782698	0.0175883192569017	-0.116616681218147	0.0065501625649631	
0.0109624490141869	0.00856470037251711	-0.178854957222939	-0.0999179035425186	
0.0139767220243812	-0.00270243594422936	-0.227359980344772	-0.192440837621689	
0.0168510973453522	-0.0141048450022936	-0.256898641586304	-0.26242384314537	
0.0194071438163519	-0.0234019421041012	-0.264388531446457	-0.304360628128052	
0.0216455608606339	-0.028677811846137	-0.249099805951118	-0.316360712051392	
0.02377631329	-0.0287491474300623	-0.212564155459404	-0.300162523984909	
0.0261900965124369	-0.023446436971426	-0.158221140503883	-0.260656267404556	
0.0293682590126991	-0.013712402433157	-0.0908653736114502	-0.205012857913971	
0.0337437503039837	-0.00149384269025177	-0.0159803926944733	-0.141569942235947	
0.0395395271480083	0.0105601251125336	0.0609454698860645	-0.0786512047052383	
0.046620175242424	0.0195453017950058	0.135031685233116	-0.0234937202185392	
0.0543943643569946	0.0228198412805796	0.202473968267441	0.0185727775096893	
0.0617996752262115	0.0185023248195648	0.260822892189026	0.0446013063192368	
0.0673875734210014	0.00586219551041722	0.309057295322418	0.0541257224977016	
0.0695072710514069	-0.0144690768793225	0.34746789932251	0.0489105880260468	
0.0665666833519936	-0.0405082739889622	0.377390801906586	0.0324323438107967	
0.0573304556310177	-0.0691572725772858	0.400847375392914	0.00920357368886471	
0.0412031672894955	-0.0966331958770752	0.420153379440308	-0.0159376226365566	
0.0184431038796902	-0.119025357067585	0.437555819749832	-0.0384624041616917	
-0.00974041689187288	-0.132890641689301	0.454943805932999	-0.0546281524002552	
-0.0412360765039921	-0.135791152715683	0.473661929368973	-0.0617546662688255	
-0.0732318162918091	-0.126687228679657	0.494434088468552	-0.0582976154983044	
-0.102547571063042	-0.106121681630611	0.517387568950653	-0.0437527447938919	
-0.12605407834053	-0.0761653035879135	0.542153716087341	-0.0184478107839823	
-0.141114622354507	-0.0401320084929466	0.568011939525604	0.0167119596153498	
-0.145979151129723	-0.00210934435017407	0.594045221805573	0.0604848600924015	
-0.140064597129822	0.0336212776601315	0.619277894496918	0.111477486789227	
-0.124072164297104	0.0631833896040916	0.642777383327484	0.168254256248474	
-0.0999171510338783	0.0836309418082237	0.663711369037628	0.229376569390297	
-0.0704779326915741	0.0933215692639351	0.6813645362854	0.293395340442657	
-0.0392002649605274	0.0920851454138756	0.69512414932251	0.358830451965332	
-0.00961770303547382	0.0811689347028732	0.70445191860199	0.424169719219208	
0.0151370530948043	0.0629766434431076	0.708855807781219	0.487910270690918	
0.0327532403171062	0.0406507924199104	0.707875370979309	0.548648715019226	
0.0420302823185921	0.0175703372806311	0.701085567474365	0.605207681655884	
0.0429902784526348	-0.00315412343479693	0.688119351863861	0.656772673130035	
0.0368012599647045	-0.0191090703010559	0.668701589107513	0.703004002571106	
0.0255291573703289	-0.0288684628903866	0.642684876918793	0.744089543819427	
0.011764157563448	-0.0321093238890171	0.610076189041138	0.780714988708496	
-0.00181324896402657	-0.0295463595539331	0.571045815944672	0.813944339752197	
-0.0128534063696861	-0.0227093007415533	0.525913894176483	0.845023572444916	
-0.0196775570511818	-0.0136106694117188	0.47511750459671	0.875138580799103	
-0.0214849654585123	-0.00436666840687394	0.419163376092911	0.905171155929565	
-0.0184001438319683	0.00316286878660321	0.358577698469162	0.935499489307404	
-0.0113617703318596	0.00765725458040833	0.293864578008652	0.965884625911713	
-0.00188218138646334	0.00849952641874552	0.225482583045959	0.995466351509094	
0.00827274937182665	0.00580491032451391	0.153845936059952	1.02287328243256	
0.0174221843481064	0.000319814193062484	0.0793499797582626	1.0464278459549	
0.0242663249373436	-0.00678020063787699	0.00241541559807956	1.06440782546997	
0.0280897971242666	-0.0141496695578098	-0.0764593109488487	1.07531404495239	
0.0288418680429459	-0.0205391719937325	-0.156651124358177	1.07809436321259	
0.0270869974046946	-0.0250200554728508	-0.237383842468262	1.0722804069519	
0.02384327724576	-0.0271308235824108	-0.317728221416473	1.05801403522491	
0.0203458648175001	-0.0269247945398092	-0.39663502573967	1.03596007823944	
0.0177843794226646	-0.0249177254736423	-0.472998261451721	1.00713086128235	
0.0170652270317078	-0.0219522472470999	-0.545740008354187	0.972658812999725	
0.0186424423009157	-0.0190098118036985	-0.613901734352112	0.933571100234985	
0.022445272654295	-0.01700833812356	-0.676725506782532	0.890612542629242	
0.0279111228883266	-0.0166238136589527	-0.733709037303925	0.844157874584198	
0.0341119766235352	-0.0181673727929592	-0.784622251987457	0.794228792190552	
0.0399454869329929	-0.0215372387319803	-0.829480350017548	0.74061244726181	
0.0443511232733727	-0.0262501835823059	-0.868476748466492	0.683051764965057	
0.0465091466903687	-0.0315423756837845	-0.901885390281677	0.621463060379028	
0.0459857322275639	-0.0365174897015095	-0.929951131343842	0.556129038333893	
0.0427996851503849	-0.0403127074241638	-0.952787578105927	0.487818956375122	
0.0374025367200375	-0.0422516129910946	-0.970302402973175	0.417803317308426	
0.0305805560201406	-0.0419572181999683	-0.982166230678558	0.347752571105957	
0.0233016684651375	-0.0394069515168667	-0.987833261489868	0.279535114765167	
0.0165392365306616	-0.0349229350686073	-0.986613035202026	0.214952722191811	
0.0111070610582829	-0.0291028115898371	-0.977783739566803	0.155467122793198	
0.00753561686724424	-0.0227065961807966	-0.960730314254761	0.101976163685322	
0.00600954703986645	-0.0165220480412245	-0.935083150863647	0.0546897165477276	
0.00637333188205957	-0.0112333875149488	-0.90083646774292	0.0131373535841703	
0.00819835532456636	-0.00731613859534264	-0.858423888683319	-0.0236870311200619	
0.0108932284638286	-0.00497491378337145	-0.808738470077515	-0.0570665039122105	
0.0138322114944458	-0.00413224333897233	-0.753091514110565	-0.0882360488176346	
0.0164750516414642	-0.00446714553982019	-0.693114578723907	-0.118054777383804	
0.0184555239975452	-0.00549340154975653	-0.630618751049042	-0.146742299199104	
0.0196241475641727	-0.00666118413209915	-0.567429721355438	-0.173736244440079	
0.0200411677360535	-0.00746260629966855	-0.505223870277405	-0.197705820202827	
0.0199264548718929	-0.00752230361104012	-0.445385724306107	-0.216726705431938	
0.0195813402533531	-0.00665798597037792	-0.388907492160797	-0.228590965270996	
0.0193020887672901	-0.00490210251882672	-0.33634027838707	-0.231198236346245	
0.0193047262728214	-0.00248316559009254	-0.287801563739777	-0.222956821322441	
0.0196768548339605	0.000227570082643069	-0.243032604455948	-0.203119292855263	
0.0203648861497641	0.00279258680529892	-0.201493993401527	-0.171987593173981	
0.0211965311318636	0.00479285046458244	-0.162481591105461	-0.130945667624474	
0.0219305735081434	0.00590526405721903	-0.125244796276093	-0.0823095291852951	
0.0223202779889107	0.00595933943986893	-0.08908960968256	-0.029018048197031	
-0.022174721583724	-0.00496387435123324	0.0534537583589554	-0.0257820598781109	
-0.0214038379490376	-0.00310006272047758	0.0179470144212246	-0.0791840553283691	
-0.0200377404689789	-0.000683471385855228	-0.0176438502967358	-0.128922626376152	
-0.0182175263762474	0.00189737707842141	-0.053379911929369	-0.173658832907677	
-0.0161616764962673	0.00425424892455339	-0.0892149582505226	-0.213100269436836	
-0.014117787592113	0.00607098499312997	-0.125048384070396	-0.247939303517342	
-0.0123123433440924	0.00716108083724976	-0.160774439573288	-0.279625773429871	
-0.0109109822660685	0.00750096328556538	-0.196318343281746	-0.310020804405212	
-0.00999845005571842	0.00723314471542835	-0.231653943657875	-0.34099879860878	
-0.00958189554512501	0.00663859071210027	-0.266801685094833	-0.374072343111038	
-0.00961491651833057	0.00608288310468197	-0.30181023478508	-0.410107344388962	
-0.0100342035293579	0.00594521081075072	-0.336728453636169	-0.449176579713821	
-0.0107972826808691	0.00654223561286926	-0.371575355529785	-0.490570515394211	
-0.0119094187393785	0.00805996544659138	-0.406316697597504	-0.532954156398773	
-0.0134305115789175	0.0105057321488857	-0.440854370594025	-0.57463002204895	
-0.0154580604285002	0.0136893708258867	-0.475031495094299	-0.613849580287933	
-0.0180888213217258	0.0172381605952978	-0.508654117584229	-0.649106979370117	
-0.0213679559528828	0.0206446461379528	-0.541524946689606	-0.679358899593353	
-0.0252388697117567	0.0233410038053989	-0.573483109474182	-0.704128801822662	
-0.0295081939548254	0.0247889179736376	-0.604442775249481	-0.723483204841614	
-0.0338381230831146	0.0245708581060171	-0.634421825408936	-0.737893164157867	
-0.0377728752791882	0.0224677082151175	-0.663554608821869	-0.748018562793732	
-0.0407984592020512	0.0185091346502304	-0.692084908485413	-0.754468202590942	
-0.042426809668541	0.0129868667572737	-0.720338106155396	-0.757591784000397	
-0.0422888025641441	0.00642666360363364	-0.748675405979156	-0.757350564002991	
-0.040216788649559	-0.000478653382742777	-0.777435898780823	-0.753295540809631	
-0.0362979471683502	-0.00696614757180214	-0.806874752044678	-0.744656801223755	
-0.0308840684592724	-0.0123152257874608	-0.837106466293335	-0.730521678924561	
-0.0245518609881401	-0.0159578230232	-0.8680619597435	-0.71006166934967	
-0.0180176328867674	-0.0175679810345173	-0.899466574192047	-0.68275386095047	
-0.0120203262194991	-0.0171150714159012	-0.930843889713287	-0.648546934127808	
-0.00719437748193741	-0.0148703819140792	-0.961544930934906	-0.607932031154633	
-0.00395735818892717	-0.0113643007352948	-0.990801334381104	-0.561899840831757	
-0.00243580737151206	-0.00729981530457735	-1.01779413223267	-0.511791050434113	
-0.00244594924151897	-0.00343597703613341	-1.0417298078537	-0.459071040153503	
-0.00353546859696507	-0.000460894400021061	-1.06191182136536	-0.405075997114182	
-0.00508005544543266	0.00112342264037579	-1.07779717445374	-0.350785136222839	
-0.00641662394627929	0.00108322186861187	-1.08902907371521	-0.296668916940689	
-0.00698649929836392	-0.00051384576363489	-1.09543740749359	-0.24264669418335	
-0.00645838305354118	-0.0033222169149667	-1.09700965881348	-0.188163757324219	
-0.0048036202788353	-0.00679582171142101	-1.09383296966553	-0.132372140884399	
-0.0023049465380609	-0.0103062223643064	-1.08601784706116	-0.0743768140673637	
0.000507035118062049	-0.0132796689867973	-1.07361686229706	-0.0134938899427652	
0.00298027298413217	-0.0153262093663216	-1.05655515193939	0.0505350232124329	
0.00450719380751252	-0.0163338221609592	-1.03458595275879	0.11741903424263	
0.00469666672870517	-0.0165055096149445	-1.00728821754456	0.186311706900597	
0.0035147680900991	-0.0163270365446806	-0.974109888076782	0.255923002958298	
0.00136074190959334	-0.0164658538997173	-0.934460461139679	0.324723452329636	
-0.000944719417020679	-0.0176155883818865	-0.887841582298279	0.391193211078644	
-0.00226566358469427	-0.0203127972781658	-0.833999752998352	0.454057604074478	
-0.00133981520775706	-0.0247607883065939	-0.773077249526978	0.512452721595764	
0.00297889462672174	-0.0306976139545441	-0.705732524394989	0.565979957580566	
0.0114662172272801	-0.037340622395277	-0.633204579353333	0.614633679389954	
0.0243094619363546	-0.0434286892414093	-0.55729877948761	0.658616304397583	
0.0409697145223618	-0.047366913408041	-0.480282753705978	0.698084115982056	
0.0601570345461369	-0.0474598370492458	-0.404694080352783	0.732886970043182	
0.0799327492713928	-0.0422013476490974	-0.333076596260071	0.762372016906738	
0.0979309380054474	-0.0305756293237209	-0.267675757408142	0.785313427448273	
0.111669681966305	-0.0123170297592878	-0.210135400295258	0.80000501871109	
0.118905320763588	0.0119213033467531	-0.161242991685867	0.804519951343536	
0.11797358840704	0.0405288003385067	-0.120769403874874	0.797101378440857	
0.10806155949831	0.0710486769676208	-0.0874396711587906	0.776614427566528	
0.0893644392490387	0.100434876978397	-0.05905532091856	0.74296772480011	
0.063099130988121	0.125425636768341	-0.0327669456601143	0.697406113147736	
0.031370185315609	0.14298290014267	-0.00547250965610147	0.642592430114746	
-0.00309240492060781	0.150732204318047	0.0257056932896376	0.582429885864258	
-0.0372829288244247	0.147333860397339	0.0629293918609619	0.521622836589813	
-0.0683027133345604	0.132722765207291	0.107210867106915	0.465025991201401	
-0.0937169268727303	0.108172968029976	0.158108547329903	0.416880130767822	
-0.111832000315189	0.076169066131115	0.213609829545021	0.380062878131866	
-0.121854931116104	0.0400969982147217	0.270235985517502	0.355494350194931	
-0.1239163428545	0.00379653833806515	0.323373764753342	0.341822564601898	
-0.118962325155735	-0.0289588607847691	0.36780509352684	0.335472106933594	
-0.108541429042816	-0.0549756288528442	0.398374527692795	0.331082463264465	
-0.0945287197828293	-0.0720672756433487	0.410709470510483	0.322293967008591	
-0.0788363143801689	-0.0793281048536301	0.401894897222519	0.302774995565414	
-0.063158206641674	-0.0772102773189545	0.371004223823547	0.267334222793579	
-0.0487869568169117	-0.067392960190773	0.319403052330017	0.212935835123062	
-0.0365236960351467	-0.0524659678339958	0.250770032405853	0.139442160725594	
-0.0266840234398842	-0.0354811623692513	0.170816749334335	0.0499421134591103	
-0.0191843546926975	-0.0194465927779675	0.086729533970356	-0.049412664026022	
-0.0136800585314631	-0.00684762420132756	0.00639634393155575	-0.150065362453461	
-0.00972000509500504	0.000725683639757335	-0.0624866001307964	-0.242125228047371	
-0.00688323052600026	0.00278441072441638	-0.113314114511013	-0.315702140331268	
-0.00487150717526674	-5.16862637596205E-5	-0.14135979115963	-0.362307220697403	
-0.00354449055157602	-0.00624180398881435	-0.144347533583641	-0.376105427742004	
-0.00289888703264296	-0.0136697571724653	-0.122730694711208	-0.354825586080551	
-0.00300632137805223	-0.0200830101966858	-0.0796414390206337	-0.300183445215225	
-0.00393350888043642	-0.0235443022102118	-0.0205173995345831	-0.217747911810875	
-0.00567105505615473	-0.0228132586926222	0.0475439056754112	-0.116266563534737	
0.00732685904949903	0.0187417156994343	-0.0473170280456543	0.11699190735817	
0.00999735947698355	0.0129944700747728	-0.11634586751461	0.00725624710321426	
0.0132109308615327	0.00353982904925942	-0.178585067391396	-0.0991482436656952	
0.0166018083691597	-0.00802488531917334	-0.227127805352211	-0.191554501652718	
0.0198091398924589	-0.0195575971156359	-0.256733059883118	-0.261416435241699	
0.022580349817872	-0.028795288875699	-0.264314323663712	-0.303285300731659	
0.0248572677373886	-0.0338129810988903	-0.249143987894058	-0.315325140953064	
0.0268177390098572	-0.0334325917065144	-0.212762981653214	-0.299314081668854	
0.0288543570786715	-0.0275040585547686	-0.158625483512878	-0.260157644748688	
0.0314860418438911	-0.0170029308646917	-0.0915420725941658	-0.20501272380352	
0.0352145545184612	-0.00392055558040738	-0.0170081686228514	-0.142173856496811	
0.0403529666364193	0.00904008001089096	0.0594862103462219	-0.0798986330628395	
0.0468633286654949	0.0189147647470236	0.13307411968708	-0.0253458321094513	
0.054243415594101	0.0229995083063841	0.199983030557632	0.0162314288318157	
0.061496689915657	0.0193533655256033	0.257813155651093	0.0419465117156506	
0.0672056674957275	0.00719417491927743	0.305606782436371	0.051364716142416	
0.0697095841169357	-0.0128848236054182	0.343724519014359	0.0462447926402092	
0.0673655569553375	-0.0389202386140823	0.373568564653397	0.0300177782773972	
0.0588534586131573	-0.0678115040063858	0.397212028503418	0.00711566675454378	
0.0434714816510677	-0.0957489833235741	0.416997909545898	-0.0177284888923168	
0.0213659834116697	-0.118771500885487	0.435168921947479	-0.0400998555123806	
-0.00635401764884591	-0.133364975452423	0.453575849533081	-0.056360874325037	
-0.0376502871513367	-0.13700644671917	0.473493337631226	-0.063910037279129	
-0.069745160639286	-0.128565654158592	0.495551735162735	-0.0612413324415684	
-0.0994487628340721	-0.108499526977539	0.519773483276367	-0.0478401705622673	
-0.123579055070877	-0.0788080915808678	0.545688152313232	-0.0239743366837502	
-0.13941153883934	-0.0427589863538742	0.572492182254791	0.00955395773053169	
-0.145086467266083	-0.00442463299259543	0.599216461181641	0.0516358353197575	
-0.139905765652657	0.0318944528698921	0.624873161315918	0.101022638380527	
-0.124467276036739	0.0622698627412319	0.648559510707855	0.156415745615959	
-0.100609704852104	0.0836765170097351	0.669511497020721	0.216487184166908	
-0.0711723491549492	0.0943755581974983	0.6871098279953	0.279857903718948	
-0.0396043173968792	0.0940950587391853	0.700851738452911	0.345069080591202	
-0.0094833355396986	0.0839881971478462	0.710305273532867	0.410580694675446	
0.0159804802387953	0.066384457051754	0.715065121650696	0.47481980919838	
0.0343779772520065	0.0443813130259514	0.714724481105804	0.536283671855927	
0.0444040894508362	0.0213471166789532	0.708870589733124	0.593683421611786	
0.0459854677319527	0.000416645139921457	0.697105586528778	0.646098852157593	
0.0402167700231075	-0.0159421693533659	0.679085373878479	0.693106591701508	
0.0291216913610697	-0.0262273512780666	0.65456610918045	0.73484480381012	
0.0152832577005029	-0.0300299767404795	0.623445272445679	0.771989107131958	
0.00140836671926081	-0.0279812850058079	0.585786819458008	0.805631935596466	
-0.0100997490808368	-0.0215415880084038	0.541822731494904	0.83707869052887	
-0.0174915473908186	-0.0126769682392478	0.491930931806564	0.8675936460495	
-0.0198900606483221	-0.00348517810925841	0.436594665050507	0.898140788078308	
-0.0173497125506401	0.00416389154270291	0.376352161169052	0.929169774055481	
-0.0107549000531435	0.00891481526196003	0.311749458312988	0.960489511489868	
-0.0015858345432207	0.0100985448807478	0.24330697953701	0.991256296634674	
0.00839921925216913	0.0077703227289021	0.171507954597473	1.02008140087128	
0.0175041947513819	0.00261860410682857	0.0968111306428909	1.04523885250092	
0.0243962705135345	-0.00422821892425418	0.0196840707212687	1.06493496894836	
0.0283165592700243	-0.0114548206329346	-0.0593516156077385	1.07758736610413	
0.0291684735566378	-0.0178219992667437	-0.139675706624985	1.08206105232239	
0.027475867420435	-0.0223920587450266	-0.22053836286068	1.07781648635864	
0.0242273099720478	-0.0246790144592524	-0.301053494215012	1.06494414806366	
0.0206428598612547	-0.0247022565454245	-0.380222231149673	1.04408276081085	
0.0179119873791933	-0.0229411423206329	-0.456986129283905	1.01624262332916	
0.0169539116322994	-0.0202060230076313	-0.53030252456665	0.982575297355652	
0.0182445161044598	-0.0174552481621504	-0.599229156970978	0.944140017032623	
0.0217390432953835	-0.0155955832451582	-0.663002729415894	0.901718974113464	
0.0269001089036465	-0.0153039880096912	-0.721094489097595	0.855720400810242	
0.0328200869262218	-0.0169025175273418	-0.77323192358017	0.806189179420471	
0.0384096242487431	-0.0203064139932394	-0.819378435611725	0.752921462059021	
0.0426129586994648	-0.0250509567558765	-0.859674274921417	0.695654094219208	
0.0446077659726143	-0.030387980863452	-0.894346475601196	0.634285390377045	
0.043952401727438	-0.0354307889938354	-0.92360520362854	0.569072663784027	
0.0406554527580738	-0.0393186658620834	-0.947544038295746	0.50075900554657	
0.035158671438694	-0.0413702055811882	-0.966065406799316	0.430594325065613	
0.0282412879168987	-0.0411983504891396	-0.978846549987793	0.360239028930664	
0.0208682343363762	-0.0387685000896454	-0.985355377197266	0.291565090417862	
0.0140140736475587	-0.0343921594321728	-0.98491644859314	0.226391464471817	
0.00849709566682577	-0.0286606084555387	-0.976819574832916	0.16620859503746	
0.00485384976491332	-0.0223334301263094	-0.960453510284424	0.111950010061264	
0.003274628194049	-0.016203997656703	-0.935443878173828	0.0638629570603371	
0.00360726262442768	-0.0109667796641588	-0.90177184343338	0.0215105917304754	
0.00542289670556784	-0.00710959732532501	-0.85985267162323	-0.0160877238959074	
0.00812586955726147	-0.00484822271391749	-0.810560166835785	-0.0502003207802773	
0.0110826287418604	-0.00411224318668246	-0.755190074443817	-0.0820585638284683	
0.0137429060414433	-0.00458153197541833	-0.695366024971008	-0.112527303397655	
0.0157301221042871	-0.00576383806765079	-0.632901310920715	-0.141837820410728	
0.0168861504644156	-0.00709733832627535	-0.569634974002838	-0.169441044330597	
0.0172661077231169	-0.00805855356156826	-0.507266044616699	-0.194016665220261	
0.0170894432812929	-0.00825627520680428	-0.447208315134048	-0.21364463865757	
0.0166621673852205	-0.00749571528285742	-0.390485256910324	-0.22611303627491	
0.0162897948175669	-0.0058032451197505	-0.337677329778671	-0.229309037327766	
0.0162008330225945	-0.00340955890715122	-0.288925498723984	-0.221621721982956	
0.0164967104792595	-0.000696517352480441	-0.243986234068871	-0.202280685305595	
0.0171368476003408	0.0018809731118381	-0.202326461672783	-0.171564981341362	
0.0179591346532106	0.00388288078829646	-0.163240537047386	-0.130839601159096	
0.0187281109392643	0.00496562290936708	-0.125970870256424	-0.0824087336659431	
0.0191974975168705	0.00494299409911036	-0.089814305305481	-0.0292083490639925	
-0.0191714316606522	-0.00381638086400926	0.0542005300521851	-0.0256084408611059	
-0.018550219014287	-0.00176994572393596	0.0187350418418646	-0.079120509326458	
-0.0173510126769543	0.000867257302161306	-0.0167943686246872	-0.129042685031891	
-0.015700401738286	0.00368458242155612	-0.0524423867464066	-0.174014016985893	
-0.0138027314096689	0.0062666442245245	-0.0881523042917252	-0.213721334934235	
-0.0118936244398355	0.00826978124678135	-0.123811222612858	-0.248840421438217	
-0.0101911695674062	0.00948451366275549	-0.159302026033401	-0.28081077337265	
-0.00885705463588238	0.0098729720339179	-0.194542109966278	-0.311490029096603	
-0.00797675922513008	0.00957466941326857	-0.229502961039543	-0.342755556106567	
-0.00756246317178011	0.0088794557377696	-0.264208823442459	-0.37612771987915	
-0.00757617596536875	0.00817208178341389	-0.2987180352211	-0.412482768297195	
-0.00796507578343153	0.00785771477967501	-0.333093285560608	-0.451903969049454	
-0.00869773142039776	0.00828108936548233	-0.367369532585144	-0.493690103292465	
-0.0097894761711359	0.00965330097824335	-0.401528060436249	-0.5365110039711	
-0.0113079445436597	0.0119993081316352	-0.43548384308815	-0.578669786453247	
-0.0133549990132451	0.0151360686868429	-0.469089478254318	-0.618414282798767	
-0.0160277783870697	0.0186864193528891	-0.502156317234039	-0.654232263565063	
-0.0193677544593811	0.022128026932478	-0.534489274024963	-0.685072302818298	
-0.0233109630644321	0.0248707998543978	-0.565928101539612	-0.710449993610382	
-0.0276538748294115	0.0263511817902327	-0.596388041973114	-0.730425477027893	
-0.0320469699800014	0.0261283311992884	-0.625890135765076	-0.745465874671936	
-0.0360226929187775	0.0239662136882544	-0.654575884342194	-0.756230056285858	
-0.039056770503521	0.0198871996253729	-0.682700097560883	-0.76332813501358	
-0.0406537912786007	0.0141867035999894	-0.710602939128876	-0.767112731933594	
-0.0404413416981697	0.00740445218980312	-0.738662600517273	-0.767548620700836	
-0.0382532775402069	0.000254906190093607	-0.767235159873962	-0.764189302921295	
-0.0341831520199776	-0.00647368095815182	-0.796591103076935	-0.756265342235565	
-0.0285936091095209	-0.0120363384485245	-0.826855838298798	-0.742862105369568	
-0.0220756083726883	-0.0158459395170212	-0.857966125011444	-0.723145663738251	
-0.0153616489842534	-0.0175661351531744	-0.889647722244263	-0.696585178375244	
-0.00920704286545515	-0.0171663146466017	-0.921419203281403	-0.663118898868561	
-0.0042609185911715	-0.0149280782788992	-0.952623307704926	-0.623226165771484	
-0.000952192291151732	-0.011400518938899	-0.982481062412262	-0.577885031700134	
0.000585940841119736	-0.00731046358123422	-1.0101625919342	-0.52842378616333	
0.000536102801561356	-0.00344193982891738	-1.03486430644989	-0.476296126842499	
-0.000644819461740553	-0.000505171716213226	-1.05588138103485	-0.422827333211899	
-0.00232259393669665	0.000981903169304132	-1.07266414165497	-0.368986636400223	
-0.00381977390497923	0.000777940615080297	-1.0848491191864	-0.315235316753387	
-0.00456019351258874	-0.00104794406797737	-1.09225988388062	-0.261483609676361	
-0.00419349456205964	-0.00414033280685544	-1.09487557411194	-0.207167655229568	
-0.00267204875126481	-0.00793668255209923	-1.09277307987213	-0.151430085301399	
-0.000261306733591482	-0.0117878811433911	-1.08605098724365	-0.0933661386370659	
0.00252224248833954	-0.0150978555902839	-1.07474899291992	-0.0322822816669941	
0.00503620831295848	-0.0174549277871847	-1.05878007411957	0.0320886000990868	
0.00667714141309261	-0.0187275521457195	-1.03788805007935	0.0994624197483063	
0.00705163832753897	-0.0191023256629705	-1.01164674758911	0.168996214866638	
0.00611648801714182	-0.0190520081669092	-0.979504764080048	0.239398568868637	
0.00425432482734323	-0.0192343723028898	-0.940877079963684	0.309132426977158	
0.00226202257908881	-0.0203366242349148	-0.89527440071106	0.376662850379944	
0.00124517432413995	-0.0228923093527555	-0.842452645301819	0.440692067146301	
0.00243053864687681	-0.027105750516057	-0.782559812068939	0.500324964523315	
0.00692571187391877	-0.0327210612595081	-0.716252207756042	0.555124640464783	
0.0154680656269193	-0.0389678850769997	-0.644754946231842	0.605042099952698	
0.0282103903591633	-0.0446046516299248	-0.569845616817474	0.650234460830688	
0.0445873513817787	-0.048063613474369	-0.493750333786011	0.690814137458801	
0.063294880092144	-0.0476833581924438	-0.41895380616188	0.726593255996704	
0.0823961347341537	-0.0419966652989388	-0.347940623760223	0.75689160823822	
0.0995453968644142	-0.0300280619412661	-0.282897770404816	0.780469954013824	
0.112299926578999	-0.0115492241457105	-0.22541917860508	0.795625746250153	
0.118472620844841	0.0127573581412435	-0.176258832216263	0.800453305244446	
0.116469100117683	0.0412644818425179	-0.13517664372921	0.793233394622803	
0.105553410947323	0.0715150982141495	-0.100912898778915	0.772882163524628	
0.0859968587756157	0.100481070578098	-0.0713108107447624	0.739366769790649	
0.0590828917920589	0.12493621557951	-0.0435857772827148	0.69399106502533	
0.0269646365195513	0.141892641782761	-0.0147171569988132	0.639469742774963	
-0.00760410167276859	0.149035438895226	0.0180835332721472	0.579743087291718	
-0.0416226908564568	0.14508680999279	0.0568907596170902	0.519531071186066	
-0.0722270533442497	0.130038350820541	0.10264078527689	0.463679671287537	
-0.0970432236790657	0.105208538472652	0.154834687709808	0.416395276784897	
-0.114457845687866	0.0731084793806076	0.211425676941872	0.380498707294464	
-0.123767673969269	0.0371296592056751	0.268924921751022	0.356837421655655	
-0.125191152095795	0.00109618378337473	0.32273080945015	0.34397965669632	
-0.119748815894127	-0.0312525220215321	0.36765319108963	0.338273942470551	
-0.109040513634682	-0.0567698925733566	0.398573875427246	0.334298014640808	
-0.0949628129601479	-0.0733222886919975	0.411159306764603	0.32565376162529	
-0.0794172734022141	-0.0800549685955048	0.402528673410416	0.306000560522079	
-0.0640576928853989	-0.0774620249867439	0.371780097484589	0.270169407129288	
-0.0501136817038059	-0.0672499686479568	0.320292294025421	0.215175822377205	
-0.0383110120892525	-0.0520184002816677	0.251746028661728	0.140955418348312	
-0.028889674693346	-0.0348111502826214	0.171846985816956	0.0506824813783169	
-0.0217023771256208	-0.0186130162328482	0.0877719596028328	-0.0494059547781944	
-0.0163627229630947	-0.00587567919865251	0.00740031478926539	-0.150679484009743	
-0.0124060977250338	0.00184869684744626	-0.0615752302110195	-0.243195474147797	
-0.00942788366228342	0.0041066943667829	-0.112545549869537	-0.317040205001831	
-0.00717244297266006	0.00154520140495151	-0.140772387385368	-0.363730996847153	
-0.00556015642359853	-0.00428072409704328	-0.143961504101753	-0.377465933561325	
-0.00465526804327965	-0.0112559851258993	-0.122544974088669	-0.356026232242584	
-0.00459115533158183	-0.0171446949243546	-0.079634353518486	-0.301188677549362	
-0.00547880167141557	-0.0200399179011583	-0.0206510052084923	-0.218580111861229	
-0.00732685904949903	-0.0187417156994343	0.0473170280456543	-0.11699190735817	
0.00897373631596565	0.0146473404020071	-0.0470324978232384	0.117574714124203	
0.0118867782875896	0.00838599726557732	-0.116004377603531	0.00778704648837447	
0.0154388723894954	-0.00148781039752066	-0.178231462836266	-0.0985733643174171	
0.0192011892795563	-0.0133368745446205	-0.2267996519804	-0.190867334604263	
0.0227378495037556	-0.024988079443574	-0.256460458040237	-0.260597169399261	
0.0257224384695292	-0.0341587290167809	-0.264123320579529	-0.302373141050339	
0.028037628158927	-0.0389169231057167	-0.249062761664391	-0.314416855573654	
0.0298282615840435	-0.0380908250808716	-0.212828755378723	-0.298550188541412	
0.0314874984323978	-0.031549446284771	-0.158889934420586	-0.259698480367661	
0.0335703454911709	-0.0202992614358664	-0.0920729488134384	-0.205009058117867	
0.0366460978984833	-0.00637299101799726	-0.0178854446858168	-0.14273689687252	
0.0411172769963741	0.00747648952528834	0.0581801794469357	-0.0810756683349609	
0.0470436289906502	0.0182291083037853	0.131269678473473	-0.0271063335239887	
0.0540133453905582	0.0231222901493311	0.19764144718647	0.0139958206564188	
0.0610980838537216	0.0201578568667173	0.254944622516632	0.0394072234630585	
0.0669145509600639	0.00850252900272608	0.302284747362137	0.0487283207476139	
0.0697954222559929	-0.0112902438268065	0.340092539787292	0.0437160991132259	
0.0680502206087112	-0.0372804403305054	0.369837433099747	0.0277598816901445	
0.0602763369679451	-0.0663701370358467	0.39364567399025	0.00521370675414801	
0.0456664673984051	-0.0947289168834686	0.41388937830925	-0.0192933175712824	
0.0242541618645191	-0.118351019918919	0.432808816432953	-0.0414610393345356	
-0.00295460410416126	-0.133656427264214	0.452217847108841	-0.0577593967318535	
-0.0339990667998791	-0.138040348887444	0.473321944475174	-0.0656694397330284	
-0.0661414787173271	-0.13028284907341	0.496657580137253	-0.0637282058596611	
-0.0961880460381508	-0.110753312706947	0.522140800952911	-0.0514157004654408	
-0.120909422636032	-0.0813769847154617	0.549197137355804	-0.0289441123604774	
-0.137497410178185	-0.0453693084418774	0.5769362449646	0.00298416102305055	
-0.143984749913216	-0.00678064534440637	0.604333400726318	0.0433914884924889	
-0.139558076858521	0.030076390132308	0.630384683609009	0.0911742076277733	
-0.12470917403698	0.0612274780869484	0.654214322566986	0.145172581076622	
-0.101195357739925	0.0835727453231812	0.67512446641922	0.204172641038895	
-0.0718105584383011	0.0952786430716515	0.692592084407806	0.266869425773621	
-0.0400004126131535	0.095970593392849	0.706225574016571	0.33182966709137	
-0.00938044581562281	0.0867044627666473	0.715702831745148	0.397489219903946	
0.0167668145149946	0.0697303116321564	0.720709979534149	0.462207615375519	
0.0359367281198502	0.0480943210422993	0.720899164676666	0.524383783340454	
0.0467201694846153	0.0251478515565395	0.715875625610352	0.582616806030273	
0.0489462614059448	0.00404428457841277	0.705215871334076	0.635878622531891	
0.0436320789158344	-0.0126979891210794	0.688510835170746	0.683659076690674	
0.0327534601092339	-0.0235029105097055	0.66542261838913	0.726042568683624	
0.0188801381736994	-0.0278751626610756	0.635740160942078	0.763690710067749	
0.00473970640450716	-0.0263600032776594	0.599420011043549	0.797720849514008	
-0.00721545005217195	-0.0203442182391882	0.556603491306305	0.82949560880661	
-0.0151675306260586	-0.0117424903437495	0.507606327533722	0.860356390476227	
-0.0181636791676283	-0.00262911757454276	0.452884495258331	0.891349852085114	
-0.0161864701658487	0.0051202243193984	0.392985075712204	0.922998666763306	
-0.0100625595077872	0.0101183103397489	0.328493475914001	0.955162346363068	
-0.00123554363381118	0.0116452528163791	0.259990602731705	0.987017214298248	
0.00854865834116936	0.00969580002129078	0.188028737902641	1.01716065406799	
0.0175829418003559	0.00489841029047966	0.113131083548069	1.04382216930389	
0.0245044771581888	-0.00166881585028023	0.035814106464386	1.06513965129852	
0.0285122953355312	-0.00872431043535471	-0.0433748960494995	1.07944965362549	
0.0294637065380812	-0.0150425778701901	-0.123816050589085	1.0855358839035	
0.0278402119874954	-0.0196797009557486	-0.20478381216526	1.08278846740723	
0.0245980583131313	-0.022126967087388	-0.285433918237686	1.07124662399292	
0.0209389291703701	-0.0223703794181347	-0.364817708730698	1.05152237415314	
0.0180490370839834	-0.0208522621542215	-0.441924929618835	1.0246239900589	
0.0168580003082752	-0.0183491259813309	-0.51574981212616	0.991721093654633	
0.0178622268140316	-0.0157941393554211	-0.585368633270264	0.953904807567596	
0.0210428684949875	-0.0140807358548045	-0.650014996528625	0.911994218826294	
0.0258888341486454	-0.0138850007206202	-0.709136486053467	0.866430938243866	
0.0315148271620274	-0.0155387101694942	-0.762419700622559	0.81728321313858	
0.0368468426167965	-0.0189737360924482	-0.809777855873108	0.764356136322021	
0.0408362187445164	-0.0237442944198847	-0.851298809051514	0.707380831241608	
0.0426598563790321	-0.0291189644485712	-0.88716334104538	0.64623749256134	
0.0418693050742149	-0.0342221520841122	-0.917546629905701	0.581158101558685	
0.0384629890322685	-0.0381968095898628	-0.94252210855484	0.512859463691711	
0.0328720360994339	-0.0403578169643879	-0.961987018585205	0.44257053732872	
0.0258671194314957	-0.040308877825737	-0.975625455379486	0.371941566467285	
0.0184083059430122	-0.0380035564303398	-0.98291951417923	0.302847504615784	
0.0114695401862264	-0.0337423235177994	-0.983209788799286	0.237124174833298	
0.00587215786799788	-0.0281091500073671	-0.975798606872559	0.176290109753609	
0.00215799128636718	-0.0218619424849749	-0.960079848766327	0.121313981711864	
0.000522943737450987	-0.0157983936369419	-0.935675144195557	0.0724796801805496	
0.000818876840639859	-0.0106221064925194	-0.902553021907806	0.0293831080198288	
0.00261790980584919	-0.00683245621621609	-0.86111056804657	-0.00893193017691374	
0.0053215860389173	-0.00465612998232245	-0.812201797962189	-0.0437201857566833	
0.00828998256474733	-0.0040300115942955	-0.757105648517609	-0.0762106478214264	
0.0109639232978225	-0.00463547511026263	-0.697436451911926	-0.107275173068047	
0.0129570728167892	-0.0059751276858151	-0.635008096694946	-0.137157917022705	
0.0141026554629207	-0.00747608160600066	-0.571671426296234	-0.165324062108994	
0.0144500844180584	-0.00860005244612694	-0.509146809577942	-0.190464526414871	
0.0142174195498228	-0.00894047040492296	-0.448876291513443	-0.210663884878159	
0.0137141915038228	-0.00829014740884304	-0.391914397478104	-0.223706156015396	
0.0132540669292212	-0.0066690850071609	-0.338870882987976	-0.227465733885765	
0.0130772339180112	-0.00430955039337277	-0.289910525083542	-0.220311865210533	
0.0132985673844814	-0.00160321418661624	-0.244805574417114	-0.201450362801552	
0.0138906138017774	0.000978449243120849	-0.203029781579971	-0.171136617660522	
0.0147019876167178	0.00297509878873825	-0.163876265287399	-0.130716040730476	
0.015503847040236	0.00402309605851769	-0.126580446958542	-0.0824805423617363	
0.0160513296723366	0.00392062589526176	-0.0904295742511749	-0.0293630640953779	
-0.0161445122212172	-0.00266144168563187	0.0548444986343384	-0.0254767369478941	
-0.0156746879220009	-0.00043218323844485	0.0194253865629435	-0.079102948307991	
-0.0146462991833687	0.00242525618523359	-0.0160401184111834	-0.129210010170937	
-0.0131712649017572	0.00547878025099635	-0.0516014061868191	-0.174414336681366	
-0.0114392805844545	0.00828641559928656	-0.0871921256184578	-0.214381515979767	
-0.00967324618250132	0.0104773491621017	-0.122687548398972	-0.249770447611809	
-0.0080820107832551	0.0118192033842206	-0.15795923769474	-0.282010108232498	
-0.00682253716513515	0.0122596062719822	-0.192916393280029	-0.312954813241959	
-0.00598045065999031	0.0119346445426345	-0.22752733528614	-0.344485253095627	
-0.00557264173403382	0.0111424792557955	-0.261819183826447	-0.378129988908768	
-0.00556948408484459	0.0102864457294345	-0.29585874080658	-0.414776116609573	
-0.00592881999909878	0.00979720521718264	-0.329721540212631	-0.454517662525177	
-0.00663057807832956	0.0100472774356604	-0.363457530736923	-0.496662139892578	
-0.0077005154453218	0.011272830888629	-0.397062987089157	-0.539884090423584	
-0.00921429973095655	0.0135167241096497	-0.430465430021286	-0.582486987113953	
-0.0112783405929804	0.0166035629808903	-0.463526695966721	-0.622714877128601	
-0.0139902234077454	0.0201524626463652	-0.496063530445099	-0.659048795700073	
-0.0173876993358135	0.0236270055174828	-0.527882993221283	-0.690428853034973	
-0.0213993992656469	0.0264156013727188	-0.558825492858887	-0.716362714767456	
-0.025811655446887	0.0279300753027201	-0.588806986808777	-0.736904323101044	
-0.0302634071558714	0.0277066417038441	-0.617851674556732	-0.752517402172089	
-0.0342756807804108	0.0254924278706312	-0.646107494831085	-0.763860404491425	
-0.0373144336044788	0.0213022455573082	-0.673839747905731	-0.771546065807343	
-0.0388775430619717	0.0154346209019423	-0.701402604579926	-0.775931119918823	
-0.0385899506509304	0.00844241585582495	-0.729190349578857	-0.776984930038452	
-0.036287497729063	0.00106072367634624	-0.757575452327728	-0.774264812469482	
-0.0320703834295273	-0.00589795643463731	-0.786842405796051	-0.767002761363983	
-0.026311969384551	-0.0116652986034751	-0.817127168178558	-0.754282653331757	
-0.0196169689297676	-0.0156359765678644	-0.848371624946594	-0.735265731811523	
-0.0127331987023354	-0.0174638479948044	-0.880301237106323	-0.709412932395935	
-0.00643118238076568	-0.0171185918152332	-0.912429630756378	-0.676651954650879	
-0.00137347169220448	-0.0148920072242618	-0.944090783596039	-0.637449562549591	
0.0020008955616504	-0.0113514121621847	-0.974495470523834	-0.59277069568634	
0.00355305406264961	-0.00724664563313127	-1.00280344486237	-0.543930649757385	
0.00346508319489658	-0.0033856185618788	-1.02820205688477	-0.492370963096619	
0.00219858950003982	-0.000499410205520689	-1.04997944831848	-0.439405888319016	
0.000397391821024939	0.000879416766110808	-1.06758069992065	-0.38599494099617	
-0.00124746386427432	0.000503140094224364	-1.08063793182373	-0.332590609788895	
-0.00214340467937291	-0.00155665772035718	-1.08897006511688	-0.279095053672791	
-0.00192227528896183	-0.00493401754647493	-1.09255051612854	-0.224936589598656	
-0.000518763321451843	-0.00904962047934532	-1.0914478302002	-0.169249832630157	
0.00181776809040457	-0.0132337957620621	-1.08574998378754	-0.111121952533722	
0.00458393758162856	-0.0168686658143997	-1.07548522949219	-0.0498514883220196	
0.00714623322710395	-0.0195216853171587	-1.06055438518524	0.0148359453305602	
0.00890477653592825	-0.0210429187864065	-1.04069209098816	0.0826618522405624	
0.0094635309651494	-0.0216038413345814	-1.01546597480774	0.15278597176075	
0.0087698008865118	-0.0216655302792788	-0.984323978424072	0.223915442824364	
0.00718954764306545	-0.0218773689121008	-0.946684956550598	0.294506043195724	
0.00549590401351452	-0.0229212827980518	-0.902067065238953	0.3630091547966	
0.0047643631696701	-0.025328766554594	-0.850234508514404	0.428105682134628	
0.00618667108938098	-0.0293059088289738	-0.791339933872223	0.488871961832047	
0.0108327828347683	-0.0346034020185471	-0.726037383079529	0.544835925102234	
0.0194029007107019	-0.0404634922742844	-0.655538499355316	0.595908522605896	
0.0320169143378735	-0.045664232224226	-0.581594347953796	0.642204642295837	
0.0480850115418434	-0.0486648753285408	-0.506391048431396	0.683796107769012	
0.0662911757826805	-0.0478376522660255	-0.432362347841263	0.720459818840027	
0.0847025513648987	-0.0417535081505775	-0.361935764551163	0.75149005651474	
0.100995533168316	-0.0294762663543224	-0.297241568565369	0.775635480880737	
0.112767964601517	-0.0108135156333447	-0.239825308322906	0.791197180747986	
0.117889896035194	0.0135246803984046	-0.190408334136009	0.796290278434753	
0.114836528897285	0.0418965630233288	-0.148739978671074	0.789232313632965	
0.102947577834129	0.071847066283226	-0.113575488328934	0.768988907337189	
0.0825682505965233	0.100368224084377	-0.0827989727258682	0.735584080219269	
0.0550456568598747	0.12427144497633	-0.0536894239485264	0.690379321575165	
0.0225782673805952	0.140620589256287	-0.0233061518520117	0.636139869689941	
-0.01205949857831	0.147161081433296	0.0110517079010606	0.576841831207275	
-0.0458748675882816	0.142676934599876	0.0513730086386204	0.517220735549927	
-0.0760403871536255	0.127215400338173	0.0985196307301521	0.46211302280426	
-0.100244008004665	0.102137312293053	0.151936963200569	0.415690660476685	
-0.116952605545521	0.0699774846434593	0.209545612335205	0.380717575550079	
-0.125551715493202	0.0341295562684536	0.267848342657089	0.357968091964722	
-0.126345902681351	-0.00160149706061929	0.322256743907928	0.345930308103561	
-0.120428048074245	-0.0335134714841843	0.367610275745392	0.340875953435898	
-0.109447039663792	-0.058509286493063	0.398829489946365	0.337320178747177	
-0.095319040119648	-0.0745096132159233	0.411621153354645	0.32882559299469	
-0.0799336209893227	-0.0807109102606773	0.403139591217041	0.309042006731033	
-0.0649035945534706	-0.0776481851935387	0.372508019208908	0.272822469472885	
-0.0513954721391201	-0.0670532733201981	0.321118056774139	0.217234209179878	
-0.0400600545108318	-0.0515327341854572	0.25265184044838	0.142287164926529	
-0.0310624279081821	-0.0341193303465843	0.172807693481445	0.05124257132411	
-0.0241923350840807	-0.017771739512682	0.0887508541345596	-0.0495751053094864	
-0.0190221928060055	-0.00490577705204487	0.00834993924945593	-0.151459708809853	
-0.015074148774147	0.00296547985635698	-0.0607081577181816	-0.244414880871773	
-0.0119597744196653	0.00542414141818881	-0.111812442541122	-0.31850191950798	
-0.00946552865207195	0.00314313359558582	-0.140214443206787	-0.365244179964066	
-0.00757182156667113	-0.0023101984988898	-0.143602892756462	-0.378873705863953	
-0.00640974752604961	-0.00882427953183651	-0.122388936579227	-0.357226192951202	
-0.00617396086454391	-0.0141822826117277	-0.0796633064746857	-0.302142888307571	
-0.00701960921287537	-0.0165094789117575	-0.0208303276449442	-0.219312563538551	
-0.00897373631596565	-0.0146473404020071	0.0470324978232384	-0.117574714124203	
0.0106096798554063	0.0105351191014051	-0.0466906689107418	0.118014276027679	
0.0137586612254381	0.00377047876827419	-0.115592949092388	0.00814225990325212	
0.0176424272358418	-0.00650833640247583	-0.177795216441154	-0.0981933623552322	
0.0217702612280846	-0.0186267048120499	-0.226376891136169	-0.19037938117981	
0.0256321765482426	-0.0303834024816751	-0.25608241558075	-0.259966194629669	
0.0288283415138721	-0.0394789054989815	-0.263817310333252	-0.301624536514282	
0.0311820283532143	-0.0439765527844429	-0.248857945203781	-0.313636362552643	
0.0328041724860668	-0.0427117422223091	-0.212763100862503	-0.297871291637421	
0.0340870879590511	-0.0355720482766628	-0.159015640616417	-0.259279102087021	
0.0356202237308025	-0.0235928352922201	-0.0924583226442337	-0.205001890659332	
0.0380389578640461	-0.0088448254391551	-0.0186113808304071	-0.143258661031723	
0.0418343506753445	0.00587342027574778	0.0570297092199326	-0.0821814462542534	
0.047163899987936	0.0174903273582458	0.129622474312782	-0.0287739839404821	
0.0537073761224747	0.0231884997338057	0.195455193519592	0.0118674086406827	
0.0606069229543209	0.0209149699658155	0.252225160598755	0.0369848683476448	
0.0665165483951569	0.00978593435138464	0.29910072684288	0.0462176948785782	
0.0697659552097321	-0.00968647189438343	0.33658292889595	0.0413252338767052	
0.0686204358935356	-0.035589162260294	0.366209268569946	0.0256588980555534	
0.0615974329411983	-0.0648320466279984	0.390160590410233	0.00349761778488755	
0.0477852933108807	-0.0935700684785843	0.410839915275574	-0.0206321086734533	
0.0271040685474873	-0.117759011685848	0.430487126111984	-0.042545273900032	
0.000454096938483417	-0.133758202195168	0.45088067650795	-0.0588215440511703	
-0.0302856657654047	-0.138884454965591	0.473157852888107	-0.0670282915234566	
-0.062422975897789	-0.131829351186752	0.497761219739914	-0.0657503455877304	
-0.0927661955356598	-0.112873278558254	0.524499177932739	-0.0544673204421997	
-0.118044346570969	-0.0838627517223358	0.55269068479538	-0.0333404317498207	
-0.1353699862957	-0.047955110669136	0.581355512142181	-0.00297575118020177	
-0.142670765519142	-0.00917163770645857	0.609409213066101	0.0357784293591976	
-0.139018043875694	0.0281701348721981	0.635828077793121	0.0819633528590202	
-0.124795004725456	0.0600562766194344	0.659759819507599	0.134559884667397	
-0.101672783493996	0.0833166241645813	0.680570900440216	0.192471146583557	
-0.0723936557769775	0.0960250645875931	0.697833716869354	0.254470378160477	
-0.0403927266597748	0.0977038666605949	0.711269378662109	0.319154262542725	
-0.00931665394455194	0.0893084853887558	0.720668494701385	0.384938299655914	
0.0174849852919579	0.0730045288801193	0.725813031196594	0.450117349624634	
0.0374153479933739	0.0517806448042393	0.726419687271118	0.512993454933167	
0.0489619821310043	0.028964689001441	0.722117483615875	0.572053134441376	
0.0518546439707279	0.00772288721054792	0.712462604045868	0.626158833503723	
0.0470287576317787	-0.009380167350173	0.696985304355621	0.674710214138031	
0.0364066772162914	-0.0206964910030365	0.675256669521332	0.717734158039093	
0.0225385650992393	-0.0256442669779062	0.64695793390274	0.755874037742615	
0.00816676020622253	-0.0246805008500814	0.611937642097473	0.79026859998703	
-0.00421192729845643	-0.0191145353019238	0.570244312286377	0.82233464717865	
-0.0127142984420061	-0.0108047667890787	0.522128164768219	0.853489398956299	
-0.0163122564554214	-0.00179699202999473	0.468014478683472	0.884862244129181	
-0.0149150127544999	0.00603175023570657	0.408455461263657	0.917050123214722	
-0.00928816944360733	0.0112656019628048	0.344073385000229	0.949966073036194	
-0.000834257167298347	0.0131353503093123	0.27550807595253	0.982809782028198	
0.00871794763952494	0.0115750189870596	0.203380420804024	1.01416873931885	
0.0176546480506659	0.00715126842260361	0.128279209136963	1.04223132133484	
0.024586234241724	0.000888953742105514	0.0507717579603195	1.06507039070129	
0.0286713242530823	-0.00596764776855707	-0.0285663940012455	1.08094441890717	
0.0297210924327374	-0.0122102499008179	-0.109113074839115	1.08855748176575	
0.0281731225550175	-0.0168916303664446	-0.190164729952812	1.08722984790802	
0.0249486491084099	-0.0194822773337364	-0.270917415618896	1.07695055007935	
0.0212277378886938	-0.0199355408549309	-0.350472182035446	1.05830419063568	
0.0181901827454567	-0.0186562724411488	-0.427867501974106	1.03229629993439	
0.0167734883725643	-0.016385767608881	-0.502135813236237	1.00011396408081	
0.0174931213259697	-0.0140300309285522	-0.572374224662781	0.962879657745361	
0.0203559044748545	-0.0124670434743166	-0.637815833091736	0.92144900560379	
0.0248779598623514	-0.012370147742331	-0.697886645793915	0.876296758651733	
0.0301981382071972	-0.0140795661136508	-0.752234935760498	0.82751452922821	
0.0352600961923599	-0.0175432972609997	-0.800725102424622	0.774916589260101	
0.0390245392918587	-0.0223347917199135	-0.843393921852112	0.718228578567505	
0.0406694486737251	-0.0277403462678194	-0.880376100540161	0.657312750816345	
0.0397406257688999	-0.0328968614339828	-0.911812245845795	0.592375755310059	
0.036226462572813	-0.036952443420887	-0.937755525112152	0.524108111858368	
0.0305467117577791	-0.0392195880413055	-0.958097875118256	0.453717947006226	
0.0234620217233896	-0.039293609559536	-0.972530543804169	0.382844686508179	
0.0159257892519236	-0.0371165126562119	-0.980550348758698	0.313366085290909	
0.00890953280031681	-0.0329773761332035	-0.981514692306519	0.247134193778038	
0.00323620229028165	-0.0274520181119442	-0.974739551544189	0.185695126652718	
-0.000547894276678562	-0.0212954729795456	-0.959624946117401	0.130051925778389	
-0.00224130460992455	-0.01530846580863	-0.935789465904236	0.0805243104696274	
-0.00198748731054366	-0.0102026127278805	-0.903189718723297	0.0367400050163269	
-0.000212154845939949	-0.00648806849494576	-0.862204611301422	-0.00223381235264242	
0.00248490972444415	-0.0044021257199347	-0.813667893409729	-0.0376394912600517	
0.00545884668827057	-0.00388914486393332	-0.75884073972702	-0.0707048922777176	
0.00814270321279764	-0.00463259080424905	-0.699326753616333	-0.102310128509998	
0.0101409945636988	-0.00613078102469444	-0.6369389295578	-0.132713362574577	
0.0112783042714	-0.00780068524181843	-0.573538184165955	-0.161394998431206	
0.0115977916866541	-0.00909001007676125	-0.510864973068237	-0.187057912349701	
0.0113151501864195	-0.00957734137773514	-0.450388580560684	-0.207791611552238	
0.0107422629371285	-0.00904323253780603	-0.393193989992142	-0.221376165747643	
0.0101998364552855	-0.00750105921179056	-0.339920192956924	-0.225672841072083	
0.00993890129029751	-0.00518408743664622	-0.290756076574326	-0.219030454754829	
0.0100873773917556	-0.00249301549047232	-0.245490148663521	-0.200630411505699	
0.010631020180881	8.49401039886288E-5	-0.203603461384773	-0.170703679323196	
0.0114297065883875	0.00206983834505081	-0.164388239383698	-0.130575478076935	
0.0122620556503534	0.00307844858616591	-0.127072885632515	-0.0825249925255775	
0.0128856049850583	0.00289348163641989	-0.0909346714615822	-0.0294820051640272	
-0.0130972731858492	-0.00150085624773055	0.0553848594427109	-0.0253871977329254	
-0.0127800004556775	0.00091079535195604	0.0200172550976276	-0.0791315734386444	
-0.0119258016347885	0.00398740684613585	-0.0153818093240261	-0.129424676299095	
-0.0106318108737469	0.00727614155039191	-0.0508575439453125	-0.174859806895256	
-0.00907259806990623	0.0103090554475784	-0.0863348618149757	-0.215080782771111	
-0.00745761021971703	0.0126885902136564	-0.12167777121067	-0.250729322433472	
-0.00598563021048903	0.0141595937311649	-0.156746610999107	-0.283223807811737	
-0.00480811204761267	0.0146550256758928	-0.191442087292671	-0.314415365457535	
-0.00401022098958492	0.0143071161583066	-0.225728645920753	-0.346188306808472	
-0.00361320632509887	0.0134217524901032	-0.259635239839554	-0.380079805850983	
-0.0035957214422524	0.0124202175065875	-0.293236166238785	-0.416988223791122	
-0.00392641546204686	0.0117581123486161	-0.326618611812592	-0.457018852233887	
-0.00459686480462551	0.0118353925645351	-0.359846651554108	-0.499487996101379	
-0.00564358290284872	0.0129132214933634	-0.392930686473846	-0.543075025081635	
-0.00715056248009205	0.0150525886565447	-0.425810515880585	-0.586083710193634	
-0.00922895409166813	0.0180862713605165	-0.458356857299805	-0.626753926277161	
-0.0119768772274256	0.021630397066474	-0.490391761064529	-0.663559436798096	
-0.0154283689334989	0.0251353159546852	-0.5217245221138	-0.695431888103485	
-0.0195046588778496	0.0279687829315662	-0.552196085453033	-0.721870720386505	
-0.0239820145070553	0.0295186899602413	-0.581723213195801	-0.742923855781555	
-0.0284880474209785	0.0292987618595362	-0.610332787036896	-0.759052038192749	
-0.0325327515602112	0.0270393956452608	-0.638178706169128	-0.770914137363434	
-0.0355728752911091	0.0227475892752409	-0.665536224842072	-0.779126346111298	
-0.0371002107858658	0.0167243853211403	-0.692772686481476	-0.784050822257996	
-0.0367376729846001	0.00953488051891327	-0.720297455787659	-0.785662829875946	
-0.0343235656619072	0.00193371018394828	-0.748498499393463	-0.783524572849274	
-0.0299649070948362	-0.00524354726076126	-0.777673542499542	-0.776870489120483	
-0.0240455996245146	-0.0112063158303499	-0.807968080043793	-0.764783620834351	
-0.0171835124492645	-0.0153319872915745	-0.839328467845917	-0.746420562267303	
-0.0101408185437322	-0.0172652378678322	-0.871479332447052	-0.721234142780304	
-0.00370203028433025	-0.0169762670993805	-0.903928816318512	-0.689140915870667	
0.0014582093572244	-0.0147668933495879	-0.936002314090729	-0.650594651699066	
0.00489198928698897	-0.0112220579758286	-0.966900408267975	-0.606546461582184	
0.00645575718954206	-0.00711365975439548	-0.995773136615753	-0.558298110961914	
0.0063316198065877	-0.00327227427624166	-1.02179992198944	-0.507278442382813	
0.00498597370460629	-0.000448478327598423	-1.04426300525665	-0.454790741205215	
0.00307178520597517	0.000811895879451185	-1.0626038312912	-0.401785016059875	
0.00129281193949282	0.000255958817433566	-1.07645225524902	-0.348705679178238	
0.000256822968367487	-0.00204130192287266	-1.08562481403351	-0.295447915792465	
0.0003483931068331	-0.00570281827822328	-1.09009075164795	-0.241433545947075	
0.00164913781918585	-0.0101323565468192	-1.08991241455078	-0.185790970921516	
0.00392453977838159	-0.0146399801596999	-1.08516907691956	-0.12760104238987	
0.00668331747874618	-0.0185867045074701	-1.07587778568268	-0.0661560818552971	
0.00930011458694935	-0.0215201377868652	-1.06192803382874	-0.00117598928045481	
0.0111781731247902	-0.0232731867581606	-1.04304456710815	0.0670651718974113	
0.0119186192750931	-0.024003529921174	-1.01878833770752	0.1377292573452	
0.0114592490717769	-0.0241618901491165	-0.988604843616486	0.20952183008194	
0.0101494770497084	-0.0243904571980238	-0.951915800571442	0.280892342329025	
0.00873895082622766	-0.0253668855875731	-0.908245265483856	0.350279718637466	
0.00827346835285425	-0.0276214182376862	-0.857364296913147	0.416345864534378	
0.00991037394851446	-0.0313624665141106	-0.799429953098297	0.478141099214554	
0.0146828535944223	-0.0363476350903511	-0.735093772411346	0.535161197185516	
0.0232551395893097	-0.0418319180607796	-0.665554702281952	0.58728039264679	
0.0357157476246357	-0.0466129332780838	-0.59253865480423	0.634574592113495	
0.051452212035656	-0.0491766892373562	-0.518193662166595	0.677077829837799	
0.0691385492682457	-0.047928586602211	-0.44490459561348	0.714534342288971	
0.0868478715419769	-0.0414770431816578	-0.375043928623199	0.74621456861496	
0.102280393242836	-0.0289241727441549	-0.310687154531479	0.770855903625488	
0.113075718283653	-0.0101121487095952	-0.253332823514938	0.786763608455658	
0.117161527276039	0.0142230428755283	-0.203670471906662	0.792073011398315	
0.113082133233547	0.0424270108342171	-0.16143898665905	0.785137355327606	
0.100251562893391	0.0720487684011459	-0.125408157706261	0.764970362186432	
0.0790867134928703	0.100102618336678	-0.0935019701719284	0.731651604175568	
0.0509955063462257	0.123439431190491	-0.0630616471171379	0.686598777770996	
0.0182186122983694	0.139176219701767	-0.0312248468399048	0.632626414299011	
-0.0164520163089037	0.145119473338127	0.00462339166551828	0.573745846748352	
-0.0500340983271599	0.140114888548851	0.0463880151510239	0.514707267284393	
-0.0797386765480042	0.124264284968376	0.094858206808567	0.460337668657303	
-0.103316523134708	0.0989688560366631	0.149425223469734	0.414774388074875	
-0.119314610958099	0.0667843669652939	0.207978680729866	0.380724281072617	
-0.127206206321716	0.0311034079641104	0.267014473676682	0.358888447284698	
-0.12738025188446	-0.00429150834679604	0.321958988904953	0.347674310207367	
-0.120999790728092	-0.0357383973896503	0.367682874202728	0.34327620267868	
-0.109760627150536	-0.0601919740438461	0.399146854877472	0.340145826339722	
-0.0955965965986252	-0.0756285190582275	0.412099331617355	0.331805735826492	
-0.0803839638829231	-0.0812958255410194	0.403730720281601	0.311895400285721	
-0.0656938850879669	-0.0777687877416611	0.373189806938171	0.275289922952652	
-0.0526297762989998	-0.0668024867773056	0.321881055831909	0.219108298420906	
-0.0417679138481617	-0.0510077886283398	0.253487110137939	0.143435776233673	
-0.0331992469727993	-0.0334034450352192	0.173697605729103	0.0516219958662987	
-0.026651319116354	-0.016919357702136	0.0896643698215485	-0.049919281154871	
-0.0216559134423733	-0.00393348466604948	0.00924301519989967	-0.152404144406319	
-0.0177221205085516	0.004081173799932	-0.0598876662552357	-0.24578070640564	
-0.0144774448126554	0.00674211606383324	-0.1111169308424	-0.320084154605865	
-0.0117498291656375	0.00474709831178188	-0.139687836170197	-0.366843461990356	
-0.00957890693098307	-0.000326259090797976	-0.143273144960403	-0.380325615406036	
-0.00816184096038342	-0.00637231022119522	-0.122263565659523	-0.358422935009003	
-0.00775403575971723	-0.0111955916509032	-0.0797288045287132	-0.303044140338898	
-0.00855470355600119	-0.0129553154110909	-0.0210554283112288	-0.219943970441818	
-0.0106096798554063	-0.0105351191014051	0.0466906689107418	-0.118014276027679	
0.0122326975688338	0.00641006277874112	-0.0462919548153877	0.118310056626797	
0.0156101230531931	-0.000844524533022195	-0.11511243134737	0.00832193531095982	
0.0198178254067898	-0.0115119237452745	-0.177277579903603	-0.0980078279972076	
0.0243045203387737	-0.0238827560096979	-0.225861132144928	-0.190090134739876	
0.0284871831536293	-0.03573077917099	-0.255600839853287	-0.259523093700409	
0.0318930931389332	-0.0447425581514835	-0.263398319482803	-0.301039159297943	
0.0342859402298927	-0.0489788614213467	-0.248531639575958	-0.31298354268074	
0.0357418395578861	-0.0472832769155502	-0.212567925453186	-0.297277361154556	
0.0366507507860661	-0.0395613238215446	-0.159004032611847	-0.258899420499802	
0.0376347750425339	-0.0268750619143248	-0.09269879758358	-0.20499087870121	
0.039393711835146	-0.0113296685740352	-0.0191854070872068	-0.143738478422165	
0.0425060912966728	0.00423502502962947	0.0560368672013283	-0.0832148864865303	
0.0472269915044308	0.016700504347682	0.128136307001114	-0.030347365885973	
0.0533288009464741	0.0231985040009022	0.193429961800575	0.00984778814017773	
0.0600263476371765	0.0216238684952259	0.249662294983864	0.0346809960901737	
0.0660141184926033	0.0110429767519236	0.296063929796219	0.0438341051340103	
0.0696224942803383	-0.00807482283562422	0.33320626616478	0.0390729866921902	
0.0690760761499405	-0.0338469631969929	0.36269548535347	0.0237150862812996	
0.0628151595592499	-0.0631964802742004	0.386768490076065	0.00196726061403751	
0.0498250983655453	-0.0922699198126793	0.407861113548279	-0.021745041012764	
0.0299119930714369	-0.116991013288498	0.428214758634567	-0.0433521755039692	
0.00386809883639216	-0.133663862943649	0.449574440717697	-0.0595456063747406	
-0.02651372179389	-0.139530688524246	0.473010271787643	-0.0679826587438583	
-0.0585923530161381	-0.13319593667984	0.498871237039566	-0.0673006623983383	
-0.0891845375299454	-0.114849716424942	0.526856958866119	-0.0569840110838413	
-0.11498361825943	-0.0862560123205185	0.556177735328674	-0.0371477156877518	
-0.133027583360672	-0.0505082197487354	0.585759997367859	-0.0083053270354867	
-0.141141787171364	-0.0115914130583405	0.614455819129944	0.0288219563663006	
-0.138282522559166	0.026179289445281	0.641217470169067	0.0734198689460754	
-0.124722063541412	0.0587568804621696	0.665212869644165	0.124611280858517	
-0.102040685713291	0.0829057320952415	0.685870230197906	0.181419432163239	
-0.0729225724935532	0.0966096073389053	0.702856421470642	0.242699757218361	
-0.0407851412892342	0.0992873534560204	0.716006219387054	0.30708321928978	
-0.00929920841008425	0.0917912274599075	0.725225687026978	0.372969120740891	
0.0181242991238832	0.0761974900960922	0.730397045612335	0.438590675592422	
0.0387999713420868	0.0554310046136379	0.731306910514832	0.50215470790863	
0.0511131249368191	0.0327895730733871	0.727613806724548	0.562035322189331	
0.054692555218935	0.0114462776109576	0.718859255313873	0.616983532905579	
0.0503881201148033	-0.00599260721355677	0.704517602920532	0.666305899620056	
0.0400630831718445	-0.0178096666932106	0.684071958065033	0.709967851638794	
0.0262416452169418	-0.0233367793262005	0.657097280025482	0.748590230941772	
0.0116747403517365	-0.0229407288134098	0.623333811759949	0.783329010009766	
-0.00110143038909882	-0.0178496968001127	0.582735121250153	0.815652430057526	
-0.0101414518430829	-0.00986099615693092	0.535482943058014	0.847051680088043	
-0.0143429562449455	-0.0009868573397398	0.48196804523468	0.878738343715668	
-0.0135405249893665	0.00689887022599578	0.422744423151016	0.911385178565979	
-0.00843557249754667	0.0123550789430737	0.358468174934387	0.94496101140976	
-0.000385181891033426	0.0145650207996368	0.289836168289185	0.978692352771759	
0.00890385452657938	0.0134020438417792	0.217537626624107	1.01116073131561	
0.0177155323326588	0.00936946086585522	0.142227604985237	1.04051756858826	
0.0246368795633316	0.00343611859716475	0.0645262151956558	1.06477427482605	
0.0287880077958107	-0.00319442874751985	-0.0149601753801107	1.08211398124695	
0.0299341566860676	-0.00933460146188736	-0.095604307949543	1.09116303920746	
0.028467608615756	-0.0140368742868304	-0.176722154021263	1.09117376804352	
0.0252720210701227	-0.0167530179023743	-0.257548332214355	1.08208441734314	
0.0215026587247849	-0.017404654994607	-0.337232768535614	1.06445264816284	
0.0183297097682953	-0.0163589362055063	-0.414862990379333	1.03928017616272	
0.0166959501802921	-0.0143207218497992	-0.489511072635651	1.00777125358582	
0.0171343069523573	-0.0121670151129365	-0.560296833515167	0.971078753471375	
0.0196768678724766	-0.010758270509541	-0.626455366611481	0.930094182491302	
0.0238677468150854	-0.0107632149010897	-0.68739378452301	0.885325491428375	
0.028871638700366	-0.0125291692093015	-0.742724239826202	0.836887419223785	
0.0336520560085773	-0.0160196516662836	-0.792264223098755	0.784603774547577	
0.0371813401579857	-0.020827516913414	-0.836000621318817	0.728194892406464	
0.0386403985321522	-0.0262576323002577	-0.874022901058197	0.667505383491516	
0.0375704020261765	-0.0314606949687004	-0.906437039375305	0.602717101573944	
0.0339499190449715	-0.0355914160609245	-0.933276295661926	0.53449422121048	
0.0281866379082203	-0.0379612110555172	-0.954427242279053	0.464023768901825	
0.0210298206657171	-0.0381579101085663	-0.969588220119476	0.392934322357178	
0.013424426317215	-0.0361123010516167	-0.978271424770355	0.323105901479721	
0.00633778376504779	-0.0321018099784851	-0.979851961135864	0.256406307220459	
0.000593033968470991	-0.026693306863308	-0.973660230636597	0.194408401846886	
-0.00325986230745912	-0.0206378269940615	-0.959103763103485	0.13814888894558	
-0.00501399347558618	-0.0147378742694855	-0.9357990026474	0.0879823789000511	
-0.00480751879513264	-0.00971194356679916	-0.903691232204437	0.0435673855245113	
-0.00306281982921064	-0.00608015572652221	-0.863141536712646	0.00399334589019418	
-0.000379557168344036	-0.00409004604443908	-0.814962804317474	-0.0319708772003651	
0.00259390473365784	-0.00369356502778828	-0.760397791862488	-0.0655532553792	
0.00528396526351571	-0.00457680411636829	-0.70103794336319	-0.0976433455944061	
0.00728662172332406	-0.00623460346832871	-0.638693809509277	-0.12851445376873	
0.00841784384101629	-0.00807469710707664	-0.575234651565552	-0.157663181424141	
0.00871399510651827	-0.0095315920189023	-0.512419641017914	-0.183804973959923	
0.0083874398842454	-0.0101695731282234	-0.451744228601456	-0.205034777522087	
0.00775124225765467	-0.00975711550563574	-0.394323229789734	-0.219128668308258	
0.00713202077895403	-0.00830076634883881	-0.340824693441391	-0.223934635519981	
0.00679078698158264	-0.00603424059227109	-0.291461765766144	-0.217780575156212	
0.00686806906014681	-0.00336650153622031	-0.24603970348835	-0.199822813272476	
0.00736289145424962	-0.000799681234639138	-0.204047277569771	-0.170267283916473	
0.00814690254628658	0.00116740935482085	-0.164776131510735	-0.130418360233307	
0.00900702551007271	0.00213243858888745	-0.127447709441185	-0.0825421437621117	
0.00970418099313974	0.00186281173955649	-0.0913289785385132	-0.0295650269836187	
-0.0100330570712686	-0.000336434954078868	0.0558208972215652	-0.0253399927169085	
-0.00986892729997635	0.00225654803216457	0.0205099191516638	-0.0792064815759659	
-0.00919171329587698	0.0055505782365799	-0.0148201026022434	-0.129686683416367	
-0.00808369182050228	0.00907282531261444	-0.0502113439142704	-0.17535026371479	
-0.00670387269929051	0.0123300403356552	-0.0855809450149536	-0.215818911790848	
-0.00524755101650953	0.0148983811959624	-0.120782256126404	-0.251716822385788	
-0.00390262552537024	0.0165000986307859	-0.155664622783661	-0.284451693296432	
-0.00281426031142473	0.0170533452183008	-0.190119966864586	-0.31587165594101	
-0.00206654029898345	0.0166860800236464	-0.224108219146729	-0.347864806652069	
-0.00168468954507262	0.0157113019376993	-0.257659286260605	-0.381977438926697	
-0.00165552098769695	0.0145675633102655	-0.29085373878479	-0.41911968588829	
-0.00195859465748072	0.0137347942218184	-0.323789417743683	-0.459408313035965	
-0.00259738811291754	0.0136399585753679	-0.356543481349945	-0.502168774604797	
-0.00361948227509856	0.0145690785720944	-0.389139711856842	-0.546085357666016	
-0.00511747691780329	0.0166014656424522	-0.421529650688171	-0.589461743831635	
-0.00720746489241719	0.0195785705000162	-0.453592628240585	-0.630533576011658	
-0.00998820457607508	0.0231142975389957	-0.485155940055847	-0.667766988277435	
-0.0134900705888867	0.0266466625034809	-0.516031086444855	-0.700084686279297	
-0.0176269337534904	0.0295236688107252	-0.546059489250183	-0.72697776556015	
-0.02216512337327	0.0311100520193577	-0.575158715248108	-0.748488247394562	
-0.0267211850732565	0.0308975521475077	-0.603358030319214	-0.765074193477631	
-0.0307945050299168	0.0285999979823828	-0.630816876888275	-0.777395784854889	
-0.0338331945240498	0.0242163389921188	-0.657819747924805	-0.786073505878448	
-0.0353235974907875	0.0180494952946901	-0.684746265411377	-0.791476190090179	
-0.0348872132599354	0.0106758493930101	-0.7120201587677	-0.793586194515228	
-0.0323652140796185	0.00286840344779193	-0.740043580532074	-0.791971802711487	
-0.0278715770691633	-0.00451544020324945	-0.769126653671265	-0.785870850086212	
-0.0218004863709211	-0.0106640420854092	-0.799423336982727	-0.774366140365601	
-0.0147822890430689	-0.0149384755641222	-0.830883681774139	-0.756609916687012	
-0.0075924783013761	-0.0169748645275831	-0.86323094367981	-0.732046782970428	
-0.00102825649082661	-0.0167441312223673	-0.895967423915863	-0.700581848621368	
0.00422502169385552	-0.0145578477531672	-0.92840975522995	-0.662655234336853	
0.00771184172481298	-0.01101787481457	-0.9597487449646	-0.619203567504883	
0.00928493682295084	-0.00691709201782942	-0.989125311374664	-0.571514368057251	
0.00912696402519941	-0.00310740433633327	-1.01571178436279	-0.521003603935242	
0.00770910270512104	-0.000357435521436855	-1.03878617286682	-0.468963265419006	
0.00569292576983571	0.000775114400312304	-1.05778789520264	-0.416334390640259	
0.00379389873705804	3.33892967319116E-5	-1.0723465681076	-0.363554149866104	
0.00263365707360208	-0.00250334944576025	-1.08227825164795	-0.310511946678162	
0.00261171301826835	-0.00644647935405374	-1.08755028247833	-0.256624758243561	
0.00382452784106135	-0.0111828725785017	-1.08822047710419	-0.201016545295715	
0.00605115061625838	-0.0160028021782637	-1.08436048030853	-0.142763793468475	
0.00881140679121017	-0.020247045904398	-1.07597708702087	-0.0811543837189674	
0.0114874290302396	-0.023444527760148	-1.06294906139374	-0.0159040689468384	
0.0134852463379502	-0.0254123285412788	-1.04499042034149	0.0527164191007614	
0.0144030824303627	-0.0262957029044628	-1.02165460586548	0.123870462179184	
0.0141693791374564	-0.0265362989157438	-0.99238383769989	0.196262255311012	
0.0131173096597195	-0.0267702247947454	-0.956600606441498	0.268335729837418	
0.0119734536856413	-0.0276717469096184	-0.913833975791931	0.3385189473629	
0.0117544606328011	-0.0297704711556435	-0.863860785961151	0.405456960201263	
0.0135839702561498	-0.0332775041460991	-0.806842148303986	0.46817684173584	
0.0184593107551336	-0.0379575304687023	-0.743427276611328	0.526145339012146	
0.0270099081099033	-0.0430782437324524	-0.674803614616394	0.579203009605408	
0.0392943508923054	-0.0474566705524921	-0.602673292160034	0.627390027046204	
0.0546792075037956	-0.0496052429080009	-0.52914834022522	0.670705437660217	
0.0718303397297859	-0.0479620471596718	-0.456567078828812	0.708862900733948	
0.0888285934925079	-0.0411722771823406	-0.387249022722244	0.741110682487488	
0.103399507701397	-0.0283753965049982	-0.323216736316681	0.766175985336304	
0.113225467503071	-0.0094469403848052	-0.265923082828522	0.782368123531342	
0.116292059421539	0.0148527128621936	-0.216026589274406	0.787842333316803	
0.111212186515331	0.0428583174943924	-0.173255667090416	0.780986487865448	
0.0974727272987366	0.0721249133348465	-0.136393964290619	0.760861277580261	
0.0755600705742836	0.0996909961104393	-0.103404223918915	0.727600395679474	
0.0469401367008686	0.122448645532131	-0.0716883391141891	0.682676434516907	
0.0138927428051829	0.137569323182106	-0.0384605452418327	0.628952324390411	
-0.020775580778718	0.142921179533005	-0.00119000615086406	0.570473909378052	
-0.0540955290198326	0.137411460280418	0.0419460944831371	0.512005686759949	
-0.0833183526992798	0.121195420622826	0.0916659012436867	0.458364933729172	
-0.106258414685726	0.0957126915454865	0.147308126091957	0.413654357194901	
-0.121542528271675	0.0635373294353485	0.206732884049416	0.38052374124527	
-0.128730565309525	0.0280578043311834	0.266430705785751	0.359600752592087	
-0.128294005990028	-0.00696899928152561	0.321844279766083	0.349211722612381	
-0.121463924646378	-0.0379241369664669	0.367876887321472	0.345472991466522	
-0.109980881214142	-0.0618162527680397	0.399530977010727	0.342772036790848	
-0.0957946255803108	-0.0766783952713013	0.412597835063934	0.334590554237366	
-0.0807668566703796	-0.0818097218871117	0.404304921627045	0.314557164907455	
-0.0664265304803848	-0.0778239145874977	0.373827159404755	0.277568489313126	
-0.0538140200078487	-0.0664973109960556	0.322581768035889	0.220795661211014	
-0.0434316694736481	-0.050442460924387	0.254251301288605	0.144399985671043	
-0.0352970883250237	-0.0326613336801529	0.174515351653099	0.0518207661807537	
-0.0290764216333628	-0.0160525683313608	0.0905105248093605	-0.0504371821880341	
-0.024261336773634	-0.00295448349788785	0.0100772120058537	-0.153510347008705	
-0.0203479714691639	0.00520079210400581	-0.0591161884367466	-0.247289672493935	
-0.0169794205576181	0.00806584302335978	-0.110461331903934	-0.321783065795898	
-0.0140243824571371	0.00636193994432688	-0.139194548130035	-0.36852502822876	
-0.0115807950496674	0.00167492381297052	-0.142973825335503	-0.381818145513535	
-0.00991102214902639	-0.00389786600135267	-0.122169941663742	-0.359613478183746	
-0.00933064427226782	-0.00818454008549452	-0.0798314139246941	-0.303890317678452	
-0.0100828427821398	-0.00937981531023979	-0.0213263649493456	-0.220473036170006	
-0.0122326975688338	-0.00641006277874112	0.0462919548153877	-0.118310056626797	
0.0138408113270998	0.00227719638496637	-0.0458368398249149	0.118461690843105	
0.0174383334815502	-0.00545149063691497	-0.114563807845116	0.00832647085189819	
0.0219613760709763	-0.0164888352155685	-0.176679983735085	-0.0980158820748329	
0.0267995689064264	-0.0290935393422842	-0.22525417804718	-0.18999844789505	
0.0312980450689793	-0.0410175621509552	-0.255017876625061	-0.25926673412323	
0.0349118411540985	-0.0499365739524364	-0.262868732213974	-0.300616085529327	
0.0373449362814426	-0.0539109818637371	-0.248086169362068	-0.312457591295242	
0.0386376902461052	-0.0517934560775757	-0.212245360016823	-0.296767801046371	
0.0391761288046837	-0.0435067787766457	-0.158856764435768	-0.258558839559555	
0.0396130904555321	-0.0301373563706875	-0.092795230448246	-0.204975336790085	
0.0407109409570694	-0.0138210859149694	-0.0196072291582823	-0.144175365567207	
0.0431343838572502	0.00256552523933351	0.0552034080028534	-0.084174707531929	
0.0472357608377934	0.0158617924898863	0.126814633607864	-0.0318249017000198	
0.0528809428215027	0.0231527108699083	0.191571071743965	0.00793869327753782	
0.0593595765531063	0.0222837030887604	0.247263208031654	0.0324972867965698	
0.0654098019003868	0.0122721493244171	0.293183177709579	0.0415789261460304	
0.0693664327263832	-0.00645680818706751	0.329972594976425	0.0369602292776108	
0.0694171264767647	-0.0320547036826611	0.359306961297989	0.0219287425279617	
0.063927985727787	-0.0614630579948425	0.383480548858643	0.000622454157564789	
0.0517830029129982	-0.0908264219760895	0.404963850975037	-0.0226324442774057	
0.0326741002500057	-0.116043008863926	0.426001965999603	-0.0438816733658314	
0.00728315394371748	-0.13336743414402	0.448308378458023	-0.0599303431808949	
-0.0226872712373734	-0.139971330761909	0.472887575626373	-0.0685292482376099	
-0.0546528324484825	-0.134373590350151	0.499995142221451	-0.0683729276061058	
-0.0854450315237045	-0.116672977805138	0.529221415519714	-0.0589557439088821	
-0.111727647483349	-0.0885473042726517	0.559665739536285	-0.040351539850235	
-0.130469143390656	-0.0530201718211174	0.59015828371048	-0.0129854045808315	
-0.139395579695702	-0.014033330604434	0.619483470916748	0.0225459784269333	
-0.137348741292953	0.0241080112755299	0.646565556526184	0.0655720829963684	
-0.124487839639187	0.057330533862114	0.670588850975037	0.115358941257	
-0.102297708392143	0.0823382511734962	0.691040456295013	0.171052664518356	
-0.0733980312943459	0.0970275551080704	0.707680642604828	0.231594830751419	
-0.0411811769008636	0.100713953375816	0.720458328723907	0.295655131340027	
-0.00933492090553045	0.0941439345479012	0.729397475719452	0.361620932817459	
0.0186745058745146	0.079299658536911	0.734484612941742	0.427667170763016	
0.0400771237909794	0.0590360723435879	0.735581755638123	0.4919074177742	
0.0531574338674545	0.0366142615675926	0.732382774353027	0.552603602409363	
0.0574419870972633	0.0152080142870545	0.724420249462128	0.608393907546997	
0.0536913089454174	-0.00253949756734073	0.711117684841156	0.658488929271698	
0.0437040217220783	-0.0148442415520549	0.691873490810394	0.702788412570953	
0.0299719125032425	-0.0209523309022188	0.666158378124237	0.741886556148529	
0.015248142182827	-0.0211386438459158	0.633604049682617	0.776952385902405	
0.00210300507023931	-0.01654670573771	0.594067454338074	0.809502005577087	
-0.00745937554165721	-0.00890807062387466	0.547658681869507	0.841098487377167	
-0.0122636444866657	-0.000196337539819069	0.494730532169342	0.873035073280334	
-0.0120687689632177	0.00772250164300203	0.435834884643555	0.906061291694641	
-0.00750903366133571	0.0133856777101755	0.371658712625504	0.940203964710236	
0.000108223117422312	0.0159309636801481	0.302953988313675	0.974720120429993	
0.00910304766148329	0.0151713658124208	0.230477392673492	1.00818932056427	
0.0177618190646172	0.01154556684196	0.15495103597641	1.03872990608215	
0.024651825428009	0.00596384517848492	0.0770496055483818	1.06429612636566	
0.0288567971438169	-0.000414282374549657	-0.00258710002526641	1.0829986333847	
0.0300964657217264	-0.00642541656270623	-0.0833238512277603	1.09338879585266	
0.0287166442722082	-0.0111247999593616	-0.16449348628521	1.09465157985687	
0.025560986250639	-0.0139477085322142	-0.245367228984833	1.08667576313019	
0.0217568296939135	-0.0147851584479213	-0.325142800807953	1.06999146938324	
0.0184615664184093	-0.0139665650203824	-0.402956873178482	1.04559624195099	
0.0166205614805222	-0.0121593261137605	-0.477922290563583	1.01471018791199	
0.0167824551463127	-0.0102097261697054	-0.54918360710144	0.978516042232513	
0.019004050642252	-0.00895869452506304	-0.615980386734009	0.937940716743469	
0.0228580627590418	-0.00906846858561039	-0.677703380584717	0.893524765968323	
0.0275365840643644	-0.0108920633792877	-0.733931243419647	0.845406353473663	
0.0320251062512398	-0.0144078005105257	-0.784436523914337	0.793418884277344	
0.0353098064661026	-0.0192279908806086	-0.829157531261444	0.737277805805206	
0.036576371639967	-0.0246767979115248	-0.868139445781708	0.676810741424561	
0.0353625081479549	-0.0299199149012566	-0.901454091072083	0.612174689769745	
0.0316372439265251	-0.034120075404644	-0.929114639759064	0.544008016586304	
0.0257956068962812	-0.0365889072418213	-0.951002418994904	0.473476469516754	
0.0185741782188416	-0.0369076915085316	-0.96682333946228	0.402197659015656	
0.0109077906236053	-0.034996397793293	-0.976105034351349	0.332053393125534	
0.00375786074437201	-0.0311206262558699	-0.978241205215454	0.2649265229702	
-0.00205369456671178	-0.0258376002311707	-0.972577810287476	0.202416002750397	
-0.00597409252077341	-0.0198932718485594	-0.958530724048615	0.145591169595718	
-0.00779108144342899	-0.0140907000750303	-0.935715436935425	0.0948405638337135	
-0.00763694057241082	-0.00915412697941065	-0.904066681861877	0.0498523861169815	
-0.00592959066852927	-0.0056127910502255	-0.863927841186523	0.0097371768206358	
-0.00326714897528291	-0.00372404884546995	-0.816090941429138	-0.0267261918634176	
-0.000300065614283085	-0.00344749563373625	-0.761779308319092	-0.0607669986784458	
0.0023925460409373	-0.00447232462465763	-0.702571034431458	-0.0932854488492012	
0.00439880462363362	-0.00629066955298185	-0.640272617340088	-0.124571047723293	
0.00552611611783504	-0.00830192025750875	-0.576760172843933	-0.154137507081032	
0.00580352963879704	-0.0099281957373023	-0.5138099193573	-0.180713593959808	
0.00543913012370467	-0.0107200564816594	-0.452942430973053	-0.202400013804436	
0.00474599516019225	-0.0104341227561235	-0.395301520824432	-0.216969072818756	
0.00405551586300135	-0.00906994845718145	-0.341583997011185	-0.222255244851112	
0.00363780301995575	-0.00686118938028812	-0.292027473449707	-0.216565132141113	
0.00364553020335734	-0.0042243292555213	-0.246454179286957	-0.199029445648193	
0.00409101834520698	-0.00167558761313558	-0.20436118543148	-0.169828429818153	
0.00485817436128855	0.000268099247477949	-0.165039792656898	-0.130245119333267	
0.0057430500164628	0.00118581997230649	-0.127704605460167	-0.0825320407748222	
0.00651093386113644	0.000829872442409396	-0.0916120111942291	-0.0296120271086693	
-0.00695522781461477	0.000830004457384348	0.0561520084738731	-0.0253352168947458	
-0.00694425869733095	0.00360262743197381	0.0209027193486691	-0.0793276429176331	
-0.00644622649997473	0.00711163831874728	-0.0143556203693151	-0.129995822906494	
-0.00552852917462587	0.0108649907633662	-0.0496633276343346	-0.175885394215584	
-0.00433422066271305	0.0143448458984494	-0.0849307626485825	-0.216595456004143	
-0.0030437835957855	0.0171015970408916	-0.120001323521137	-0.252732485532761	
-0.00183343689423054	0.0188351217657328	-0.15471363067627	-0.285693377256393	
-0.0008412737515755	0.019448658451438	-0.188950628042221	-0.317323297262192	
-0.000149662984767929	0.0190654918551445	-0.222667217254639	-0.349514573812485	
0.000212606522836722	0.018005108460784	-0.255893260240555	-0.383822947740555	
0.000250721699558198	0.0167226027697325	-0.288714528083801	-0.421170681715012	
-2.58520303759724E-5	0.0157215557992458	-0.321238398551941	-0.461686551570892	
-0.000632710347417742	0.0154554545879364	-0.35355406999588	-0.504705309867859	
-0.00162878492847085	0.0162349734455347	-0.385697931051254	-0.548916161060333	
-0.00311555410735309	0.0181578919291496	-0.417632579803467	-0.592622697353363	
-0.00521425902843475	0.0210748296231031	-0.449245810508728	-0.634055912494659	
-0.00802442710846663	0.0245982352644205	-0.480369865894318	-0.671673893928528	
-0.0115728555247188	0.0281547401100397	-0.510818541049957	-0.704390227794647	
-0.0157661475241184	0.0310735665261745	-0.540433883666992	-0.731687486171722	
-0.0203608721494675	0.032697144895792	-0.569133937358856	-0.753601610660553	
-0.0249628182500601	0.032495804131031	-0.596950173377991	-0.770588517189026	
-0.0290612261742353	0.0301670059561729	-0.624047338962555	-0.783310115337372	
-0.032096154987812	0.0257014259696007	-0.650718331336975	-0.792392432689667	
-0.0335491597652435	0.0194032154977322	-0.677354216575623	-0.798211932182312	
-0.0330408774316311	0.0118590332567692	-0.704392075538635	-0.800759375095367	
-0.0304157622158527	0.00385899725370109	-0.732247114181519	-0.799610197544098	
-0.0257947966456413	-0.0037190078292042	-0.761240780353546	-0.794006705284119	
-0.01958211325109	-0.0100435381755233	-0.79153448343277	-0.78303200006485	
-0.0124197965487838	-0.0144603680819273	-0.823081135749817	-0.765834331512451	
-0.00509553542360663	-0.0165977068245411	-0.855601847171783	-0.741849958896637	
0.00158213137183338	-0.0164273623377085	-0.888592779636383	-0.71097207069397	
0.00691856071352959	-0.014270331710577	-0.921361804008484	-0.67362654209137	
0.0104519184678793	-0.0107445819303393	-0.953090131282806	-0.630734801292419	
0.0120321772992611	-0.00666277948766947	-0.982910215854645	-0.583569526672363	
0.0118430200964212	-0.00289670587517321	-1.00998854637146	-0.533533275127411	
0.0103603275492787	-0.000231501398957334	-1.03360021114349	-0.48190701007843	
0.00825363490730524	0.000764709489885718	-1.05318450927734	-0.42962309718132	
0.00624900357797742	-0.000167710692039691	-1.06837272644043	-0.37711238861084	
0.0049804993905127	-0.00294443126767874	-1.07898223400116	-0.324259966611862	
0.00486099720001221	-0.00716495420783758	-1.08498072624207	-0.270479708909988	
0.00600028317421675	-0.0121994372457266	-1.08642280101776	-0.214893087744713	
0.00818966794759035	-0.0173190180212259	-1.0833740234375	-0.156574234366417	
0.0109591074287891	-0.0218452662229538	-1.07583177089691	-0.0948085188865662	
0.013697630725801	-0.0252897255122662	-1.06366360187531	-0.0293090548366308	
0.015813821926713	-0.0274550635367632	-1.04657280445099	0.0396556705236435	
0.0169030912220478	-0.0284755136817694	-1.02410435676575	0.111250154674053	
0.0168848391622305	-0.028784891590476	-0.995695531368256	0.184177473187447	
0.0160764660686255	-0.0290142372250557	-0.960768938064575	0.25687700510025	
0.0151820704340935	-0.029835157096386	-0.918856978416443	0.327767759561539	
0.0151898106560111	-0.0317770652472973	-0.869741857051849	0.395480126142502	
0.0171904005110264	-0.0350539498031139	-0.813588261604309	0.459020763635635	
0.0221462436020374	-0.0394375510513783	-0.751043915748596	0.517830431461334	
0.0306530948728323	-0.0442080982029438	-0.683285653591156	0.571719288825989	
0.0427409708499908	-0.0482017211616039	-0.611993849277496	0.620694518089294	
0.0577570050954819	-0.0499569028615952	-0.539246618747711	0.664722919464111	
0.0743605569005013	-0.0479438975453377	-0.467337906360626	0.703489661216736	
0.0906417816877365	-0.0408440269529819	-0.398536711931229	0.736222386360168	
0.104352869093418	-0.027833228930831	-0.334814488887787	0.761638700962067	
0.113219782710075	-0.0088192792609334	-0.277579724788666	0.7780522108078	
0.115286193788052	0.0154144419357181	-0.227460414171219	0.783637464046478	
0.109232939779758	0.0431934781372547	-0.184174358844757	0.776816248893738	
0.0946182683110237	0.072080671787262	-0.1465183198452	0.756694912910461	
0.0719958245754242	0.0991405174136162	-0.112492389976978	0.723460078239441	
0.0428868234157562	0.121307894587517	-0.0795574709773064	0.678638219833374	
0.00960723869502544	0.135809883475304	-0.0450024977326393	0.625139772891998	
-0.0250246338546276	0.140576899051666	-0.00637885089963675	0.567044317722321	
-0.0580548122525215	0.134577438235283	0.038055956363678	0.509130477905273	
-0.0867763236165047	0.118019171059132	0.0889506861567497	0.456205785274506	
-0.109067730605602	0.0923782512545586	0.14559306204319	0.41233828663826	
-0.123635359108448	0.0602444559335709	0.205815136432648	0.380120784044266	
-0.130124419927597	0.0249991826713085	0.266103476285934	0.360107243061066	
-0.129087120294571	-0.00962927285581827	0.321918517351151	0.350542664527893	
-0.121820382773876	-0.0400676727294922	0.368197649717331	0.347464770078659	
-0.110107459127903	-0.063380554318428	0.399986386299133	0.345196127891541	
-0.0959122702479362	-0.0776587501168251	0.413120239973068	0.33717679977417	
-0.0810808315873146	-0.0822527036070824	0.404864698648453	0.31702384352684	
-0.067099429666996	-0.0778137594461441	0.37442147731781	0.279655188322067	
-0.054945595562458	-0.0661375373601913	0.323220551013947	0.222294181585312	
-0.0450483784079552	-0.0498357452452183	0.254943758249283	0.145178809762001	
-0.0373529121279716	-0.0318909361958504	0.175259470939636	0.0518392734229565	
-0.0314647406339645	-0.0151681918650866	0.091287225484848	-0.0511270500719547	
-0.0268359128385782	-0.00196460215374827	0.0108500812202692	-0.154775366187096	
-0.0229496564716101	0.00632918160408735	-0.0583962723612785	-0.248937919735909	
-0.0194642078131437	0.00940036866813898	-0.10984805971384	-0.323594361543655	
-0.0162881892174482	0.00799232255667448	-0.138736695051193	-0.37028443813324	
-0.0135768204927444	0.00369700789451599	-0.142706602811813	-0.38334733247757	
-0.0116567173972726	-0.00139888748526573	-0.122109197080135	-0.360794603824615	
-0.0109030166640878	-0.00514915678650141	-0.0799717232584953	-0.304679036140442	
-0.0116027686744928	-0.00578543683513999	-0.0216431822627783	-0.22089846432209	
-0.0138408113270998	-0.00227719638496637	0.0458368398249149	-0.118461690843105	
0.0154320625588298	-0.00185844441875815	-0.0453258790075779	0.118469007313251	
0.0192405134439468	-0.0100429551675916	-0.113948166370392	0.00815660506486893	
0.024069482460618	-0.0214294474571943	-0.176004022359848	-0.0982161313295364	
0.0292511228471994	-0.0342477262020111	-0.224558055400848	-0.190102636814117	
0.034060075879097	-0.0462312996387482	-0.254335820674896	-0.259195357561111	
0.0378798618912697	-0.0550480373203754	-0.262231051921844	-0.300353705883026	
0.0403546877205372	-0.0587602108716965	-0.247524157166481	-0.312057137489319	
0.0414882302284241	-0.0562304481863976	-0.211797818541527	-0.296341449022293	
0.0416609197854996	-0.0473980084061623	-0.158575758337975	-0.25825634598732	
0.0415542647242546	-0.0333711579442024	-0.0927487388253212	-0.204954162240028	
0.0419911928474903	-0.0163126271218061	-0.0198768302798271	-0.144568085670471	
0.0437210910022259	0.000869193172547966	0.0545308068394661	-0.0850593969225883	
0.0471930392086506	0.0149763990193605	0.125660642981529	-0.033204834908247	
0.052367128431797	0.0230515692383051	0.18988348543644	0.00614200346171856	
0.0586098730564117	0.02289361320436	0.245034620165825	0.0304355379194021	
0.0647062361240387	0.0134718483313918	0.290466755628586	0.0394536480307579	
0.0689992979168892	-0.00483412947505713	0.326891422271729	0.0349879376590252	
0.0696436539292336	-0.0302135422825813	0.356053978204727	0.0203002188354731	
0.0649344399571419	-0.0596317872405052	0.380307257175446	-0.000536999315954745	
0.0536561198532581	-0.0892379730939865	0.402158349752426	-0.0232947804033756	
0.0353864282369614	-0.114911496639252	0.423858165740967	-0.0441339612007141	
0.0106947552412748	-0.132863447070122	0.447090893983841	-0.0599749647080898	
-0.0188107434660196	-0.140199050307274	0.472796946763992	-0.0686654224991798	
-0.0506081655621529	-0.135353550314903	0.501139342784882	-0.0689617320895195	
-0.081550233066082	-0.118333540856838	0.531598389148712	-0.0603735372424126	
-0.108277522027493	-0.0907270684838295	0.563160836696625	-0.0429386869072914	
-0.127694234251976	-0.0554822534322739	0.594557285308838	-0.0169981662184	
-0.137430474162102	-0.0164903253316879	0.624500811100006	0.0169729497283697	
-0.136214330792427	0.0219610091298819	0.651883363723755	0.058446791023016	
-0.124090038239956	0.0557790994644165	0.675901472568512	0.106833383440971	
-0.102442525327206	0.0816130042076111	0.696098208427429	0.16140428185463	
-0.0738205462694168	0.0972747951745987	0.712325632572174	0.221191063523293	
-0.0415839813649654	0.101977027952671	0.724646866321564	0.284906685352325	
-0.00943010859191418	0.0963581427931786	0.733206033706665	0.350930958986282	
0.0191258806735277	0.0823016539216042	0.738097965717316	0.417384177446365	
0.04123380407691	0.0625864788889885	0.739265084266663	0.482288867235184	
0.0550791099667549	0.0404303297400475	0.736442744731903	0.543795466423035	
0.0600850954651833	0.0190013907849789	0.729160606861115	0.600428104400635	
0.0569194070994854	0.000974674941971898	0.716796219348907	0.651298463344574	
0.0473105572164059	-0.0118022924289107	0.698667526245117	0.696237087249756	
0.0337114036083221	-0.0184907298535109	0.674142777919769	0.735806524753571	
0.018870810046792	-0.0192722510546446	0.642745435237885	0.771184802055359	
0.00538760516792536	-0.0152024580165744	0.604234337806702	0.803932070732117	
-0.00467920256778598	-0.00794261507689953	0.558645129203796	0.835680842399597	
-0.0100828791037202	0.000577351893298328	0.506288766860962	0.867805123329163	
-0.0105060813948512	0.00850406754761934	0.447711527347565	0.901131808757782	
-0.00651323003694415	0.0143568851053715	0.383627861738205	0.935748219490051	
0.000642253900878131	0.0172304138541222	0.314842611551285	0.970944941043854	
0.00931210350245237	0.016877943649888	0.242179065942764	1.00530385971069	
0.0177897736430168	0.0136725129559636	0.166426867246628	1.03691482543945	
0.0246265940368176	0.0084634916856885	0.0883169621229172	1.06367838382721	
0.0288722664117813	0.00236318469978869	0.00852517038583755	1.08363687992096	
0.0302016828209162	-0.00349262286908925	-0.0723023414611816	1.09526872634888	
0.0289132166653872	-0.00816506706178188	-0.153512477874756	1.09769368171692	
0.02580825984478	-0.0110752824693918	-0.234410792589188	1.09075117111206	
0.0219831913709641	-0.0120849814265966	-0.314241617918015	1.07494354248047	
0.0185794122517109	-0.011486011557281	-0.392190665006638	1.0512638092041	
0.016542125493288	-0.00990746263414621	-0.467412382364273	1.02094721794128	
0.0164338275790215	-0.00816332921385765	-0.539078056812286	0.985205113887787	
0.0183353181928396	-0.00707309786230326	-0.606433987617493	0.944999217987061	
0.0218483693897724	-0.00729065062478185	-0.668857634067535	0.900902450084686	
0.0261938776820898	-0.00917323958128691	-0.725896418094635	0.853076100349426	
0.0303813237696886	-0.0127131780609488	-0.777280211448669	0.801363706588745	
0.0334128700196743	-0.0175421573221684	-0.822900474071503	0.745476245880127	
0.0344808325171471	-0.0230042468756437	-0.862758934497833	0.685224771499634	
0.0331206470727921	-0.0282812509685755	-0.896893918514252	0.62074202299118	
0.0292921606451273	-0.0325452573597431	-0.925298631191254	0.552640795707703	
0.0233772471547127	-0.0351093895733356	-0.947849214076996	0.482065767049789	
0.0160985924303532	-0.0355493538081646	-0.964259147644043	0.410623222589493	
0.00837928988039494	-0.0337747745215893	-0.974072158336639	0.340196311473846	
0.00117316388059407	-0.0300393253564835	-0.976701021194458	0.272682309150696	
-0.00470048375427723	-0.024889949709177	-0.971508264541626	0.20970530807972	
-0.00868689175695181	-0.0190665051341057	-0.957919418811798	0.152366325259209	
-0.0105686150491238	-0.0133714256808162	-0.935549795627594	0.10108670592308	
-0.0104715144261718	-0.00853355415165424	-0.904324650764465	0.0555832050740719	
-0.00880796369165182	-0.00509037496522069	-0.864569842815399	0.0149862635880709	
-0.00617314642295241	-0.00330859189853072	-0.817056477069855	-0.0219164304435253	
-0.00321820029057562	-0.00315543543547392	-0.762987792491913	-0.0563566610217094	
-0.000526618445292115	-0.00432361708953977	-0.703927159309387	-0.0892464071512222	
0.00148249324411154	-0.00630329363048077	-0.641675591468811	-0.120892435312271	
0.00260804826393723	-0.0084863780066371	-0.578114330768585	-0.150826439261436	
0.00287128821946681	-0.0102834235876799	-0.515035271644592	-0.177791193127632	
0.00247508753091097	-0.0112318685278296	-0.453982591629028	-0.199893668293953	
0.00173137872479856	-0.0110767399892211	-0.396128445863724	-0.214902490377426	
0.000975186005234718	-0.00981047842651606	-0.342197984457016	-0.220638543367386	
0.000484817806864157	-0.00766621250659227	-0.292453229427338	-0.215386867523193	
0.000424604455474764	-0.00506722228601575	-0.246733769774437	-0.198252037167549	
0.000820157933048904	-0.00254299165681005	-0.204545304179192	-0.169388070702553	
0.00156810111366212	-0.000627822300884873	-0.165179267525673	-0.130056127905846	
0.00247442116960883	0.000239342174609192	-0.12784343957901	-0.0824947506189346	
0.00330975465476513	-0.000204077950911596	-0.0917834341526031	-0.0296229515224695	
-0.00386717007495463	0.00199664128012955	0.056377686560154	-0.0253728814423084	
-0.0040087983943522	0.00494658714160323	0.0211950670927763	-0.0794949308037758	
-0.00369153241626918	0.00866746064275503	-0.013988945633173	-0.130351781845093	
-0.00296791270375252	0.0126488097012043	-0.0492139831185341	-0.176464691758156	
-0.00196469435468316	0.0163489636033773	-0.0843846872448921	-0.217409819364548	
-0.000846921058837324	0.0192931219935417	-0.119335249066353	-0.253775626420975	
0.000221638474613428	0.021159065887332	-0.153893917798996	-0.286948204040527	
0.00111073337029666	0.0218350533396006	-0.187934592366219	-0.318769812583923	
0.00174035900272429	0.0214392971247435	-0.221406534314156	-0.351137220859528	
0.00207859929651022	0.0202971287071705	-0.25433874130249	-0.385616064071655	
0.00212283828295767	0.0188794229179621	-0.286821156740189	-0.423141151666641	
0.00187154626473784	0.017712676897645	-0.318969428539276	-0.463853716850281	
0.00129683222621679	0.0172763355076313	-0.350883841514587	-0.507097959518433	
0.000328159716445953	0.0179054643958807	-0.382612347602844	-0.551568150520325	
-0.0011450843885541	0.0197164099663496	-0.414128184318542	-0.59556770324707	
-0.00324949994683266	0.0225694309920073	-0.445327043533325	-0.637322545051575	
-0.00608553737401962	0.0260763075202703	-0.476046204566956	-0.67528247833252	
-0.00967653375118971	0.029653275385499	-0.506101548671722	-0.708351492881775	
-0.0139219723641872	0.0326118133962154	-0.535335779190063	-0.736003339290619	
-0.0185688845813274	0.0342729538679123	-0.563667476177216	-0.758267939090729	
-0.023212656378746	0.0340862683951855	-0.591130256652832	-0.775599420070648	
-0.0273328889161348	0.0317330993711948	-0.61789333820343	-0.788662016391754	
-0.0303622037172318	0.0271956417709589	-0.644257605075836	-0.798088073730469	
-0.0317779965698719	0.0207786113023758	-0.670624732971191	-0.804262936115265	
-0.0312006138265133	0.0130778839811683	-0.697443902492523	-0.807186961174011	
-0.0284781102091074	0.00489937234669924	-0.725142478942871	-0.806443870067596	
-0.0237384922802448	-0.0028599773067981	-0.754051804542542	-0.80128139257431	
-0.0173954404890537	-0.00935024861246347	-0.784339785575867	-0.790783643722534	
-0.0101019414141774	-0.0139029799029231	-0.815961182117462	-0.774095118045807	
-0.00265669845975935	-0.0161391161382198	-0.848634302616119	-0.750643610954285	
0.00412182603031397	-0.0160314906388521	-0.881848752498627	-0.720309853553772	
0.00953115709125996	-0.0139101147651672	-0.914903461933136	-0.683504939079285	
0.0131044313311577	-0.0104081593453884	-0.946970522403717	-0.641134262084961	
0.0146897938102484	-0.00635676505044103	-0.977174639701843	-0.594455063343048	
0.0144723784178495	-0.00264603900723159	-1.00467753410339	-0.544856250286102	
0.0129326023161411	-7.60246839490719E-5	-1.02875304222107	-0.493607640266418	
0.0107472343370318	0.000776203989516944	-1.04884195327759	-0.441633462905884	
0.00865171477198601	-0.000350606511346996	-1.06457901000977	-0.389359444379807	
0.00729100732132792	-0.00336633622646332	-1.07578539848328	-0.336667746305466	
0.00708969542756677	-0.00785841513425112	-1.08243048191071	-0.282971054315567	
0.00816931575536728	-0.0131806265562773	-1.08456766605377	-0.227390557527542	
0.0103321243077517	-0.0185857899487019	-1.08225691318512	-0.169000089168549	
0.0131172575056553	-0.0233774706721306	-1.07548725605011	-0.107084453105927	
0.015920115634799	-0.0270512476563454	-1.06411516666412	-0.0413556657731533	
0.0181517228484154	-0.0293968804180622	-1.04783236980438	0.0279190242290497	
0.0194048937410116	-0.0305389780551195	-1.0261744260788	0.0999048873782158	
0.0195904634892941	-0.0309047307819128	-0.998572885990143	0.173304304480553	
0.0190106946974993	-0.0311210155487061	-0.964448750019073	0.246553227305412	
0.0183479115366936	-0.0318573527038097	-0.923336923122406	0.31806343793869	
0.0185625702142715	-0.0336432345211506	-0.875024497509003	0.386453121900558	
0.0207132957875729	-0.0366955250501633	-0.819679737091064	0.450711339712143	
0.0257285144180059	-0.0407928265631199	-0.757949531078339	0.510255813598633	
0.0341714024543762	-0.0452275946736336	-0.691001653671265	0.564869344234467	
0.0460446588695049	-0.0488546751439571	-0.62049663066864	0.614529132843018	
0.0606773942708969	-0.0502381473779678	-0.548480868339539	0.659171998500824	
0.0767239257693291	-0.0478799492120743	-0.477206707000732	0.698456764221191	
0.0922851040959358	-0.0404968932271004	-0.408894598484039	0.731591582298279	
0.105140887200832	-0.0273006223142147	-0.345466822385788	0.757285177707672	
0.113061517477036	-0.00823013577610254	-0.288288593292236	0.773855566978455	
0.114148743450642	0.0159094408154488	-0.237957954406738	0.779496014118195	
0.107150584459305	0.0434359312057495	-0.19418178498745	0.772661566734314	
0.0916951596736908	0.0719216391444206	-0.155768930912018	0.752503037452698	
0.0684011653065681	0.0984586924314499	-0.120755359530449	0.719259023666382	
0.0388424098491669	0.120026253163815	-0.0866591259837151	0.67450875043869	
0.0053681954741478	0.133908092975616	-0.0508419014513493	0.621209561824799	
-0.0291941333562136	0.138097390532494	-0.0109352823346853	0.563474297523499	
-0.0619081035256386	0.131623655557632	0.0347247123718262	0.506095409393311	
-0.0901099517941475	0.114745855331421	0.0867191329598427	0.45387077331543	
-0.111742928624153	0.088974840939045	0.144286185503006	0.410833746194839	
-0.125592395663261	0.0569136515259743	0.205231264233589	0.379520118236542	
-0.131387621164322	0.0219338182359934	0.266038298606873	0.360410243272781	
-0.129759654402733	-0.0122677972540259	0.322186857461929	0.351667404174805	
-0.122069157660007	-0.0421661362051964	0.368649750947952	0.349250197410583	
-0.11014000326395	-0.0648834332823753	0.400517046451569	0.347415596246719	
-0.0959486439824104	-0.0785691738128662	0.41366970539093	0.339561343193054	
-0.0813243612647057	-0.0826249495148659	0.405412316322327	0.31929224729538	
-0.0677104517817497	-0.0777385979890823	0.374973982572556	0.281547248363495	
-0.0560218617320061	-0.0657230541110039	0.323797553777695	0.223601996898651	
-0.0466150790452957	-0.0491867400705814	0.255563735961914	0.145771637558937	
-0.0393636673688889	-0.031090322881937	0.175928369164467	0.0516783148050308	
-0.0338133685290813	-0.0142632005736232	0.0919922813773155	-0.0519866719841957	
-0.0293770879507065	-0.000959846132900566	0.0115590626373887	-0.156195729970932	
-0.0255251098424196	0.00747098866850138	-0.0577306002378464	-0.25072106719017	
-0.0219302773475647	0.0107505237683654	-0.109279692173004	-0.325513154268265	
-0.0185402017086744	0.00964269042015076	-0.13831652700901	-0.37211686372757	
-0.0155662624165416	0.00574344396591187	-0.14247328042984	-0.384908705949783	
-0.0133982989937067	0.00112650776281953	-0.122082583606243	-0.361962705850601	
-0.0124703384935856	-0.00208960589952767	-0.0801503658294678	-0.305407881736755	
-0.0131132090464234	-0.00217471155337989	-0.0220059081912041	-0.221218943595886	
-0.0154320625588298	0.00185844441875815	0.0453258790075779	-0.118469007313251	
0.0170045122504234	-0.0059918207116425	-0.0447596944868565	0.118331976234913	
0.021013954654336	-0.0146115254610777	-0.113266736268997	0.00781341921538115	
0.0261386521160603	-0.0263242851942778	-0.175251439213753	-0.0986067280173302	
0.0316550359129906	-0.0393341854214668	-0.223774969577789	-0.190400421619415	
0.0367687232792377	-0.0513597689568996	-0.253557324409485	-0.259306579828262	
0.040792565792799	-0.0600642710924149	-0.261488109827042	-0.300249725580215	
0.0433109849691391	-0.0635140836238861	-0.246848434209824	-0.311780273914337	
0.0442900322377682	-0.0605826191604137	-0.211227938532829	-0.295996636152267	
0.0441028289496899	-0.051224734634161	-0.158163174986839	-0.257990390062332	
0.0434573814272881	-0.0365679785609245	-0.0925606936216354	-0.204925939440727	
0.0432349778711796	-0.0187978483736515	-0.0199944600462914	-0.144915089011192	
0.0442680194973946	-0.000849664444103837	0.0540202185511589	-0.0858672335743904	
0.0471016243100166	0.0140465907752514	0.124677106738091	-0.0344852469861507	
0.051790677011013	0.0228955633938313	0.188371747732162	0.00445974292233586	
0.0577805265784264	0.0234527233988047	0.242982804775238	0.0284976977854967	
0.0639061108231544	0.0146403796970844	0.287922471761703	0.0374598950147629	
0.0685226917266846	-0.00320868589915335	0.323971807956696	0.0331571996212006	
0.0697558224201202	-0.0283249355852604	0.352946251630783	0.0188299436122179	
0.0658330991864204	-0.0577031001448631	0.377258479595184	-0.0015112953260541	
0.0554415360093117	-0.0875034555792809	0.399453997612	-0.0237326100468636	
0.0380448922514915	-0.113593496382236	0.421791940927505	-0.0441094934940338	
0.0140981376171112	-0.132146880030632	0.445929437875748	-0.0596791096031666	
-0.0148889739066362	-0.140206977725029	0.472744643688202	-0.0683891624212265	
-0.0464626289904118	-0.136127442121506	0.502308964729309	-0.0690625235438347	
-0.0775033235549927	-0.119822032749653	0.53399246931076	-0.0612294599413872	
-0.104634985327721	-0.0927857384085655	0.566667497158051	-0.0448971837759018	
-0.12470306456089	-0.0578855201601982	0.598962366580963	-0.0203271992504597	
-0.135245338082314	-0.0189549289643764	0.629514753818512	0.0121237840503454	
-0.134877324104309	0.0197435393929482	0.657179951667786	0.0520691312849522	
-0.123526558279991	0.0541050843894482	0.681162536144257	0.0990633964538574	
-0.102473758161068	0.0807294473052025	0.701058208942413	0.152505934238434	
-0.0741903930902481	0.097347803413868	0.716808795928955	0.211522102355957	
-0.0419962666928768	0.103070445358753	0.728591561317444	0.274872601032257	
-0.00959053356200457	0.0984257459640503	0.736672580242157	0.340934246778488	
0.0194693095982075	0.0851942375302315	0.741258561611176	0.407776594161987	
0.0422575734555721	0.0660728588700294	0.742377519607544	0.473333775997162	
0.0568627901375294	0.0442292056977749	0.73981237411499	0.535645425319672	
0.0626043006777763	0.022819435223937	0.733095705509186	0.593120872974396	
0.0600535459816456	0.00454511260613799	0.721564829349518	0.644770383834839	
0.0508635565638542	-0.00868618860840797	0.704461097717285	0.690351009368896	
0.0374417454004288	-0.015952005982399	0.681052982807159	0.730389535427094	
0.0225260145962238	-0.0173396412283182	0.650756180286407	0.766068041324615	
0.00873791612684727	-0.013813778758049	0.613230109214783	0.798986911773682	
-0.00181277608498931	-0.00696102203801274	0.568433225154877	0.830845236778259	
-0.00780988298356533	0.00133737490978092	0.516631186008453	0.863096714019775	
-0.0088593503460288	0.0092454832047224	0.45836067199707	0.896645963191986	
-0.00545324385166168	0.0152687411755323	0.394360244274139	0.931642830371857	
0.00121297093573958	0.0184611640870571	0.325485169887543	0.967414915561676	
0.00952752586454153	0.0185172352939844	0.252624303102493	1.00255048274994	
0.0177957080304623	0.015743613243103	0.176635026931763	1.03511536121368	
0.0245568379759789	0.0109266601502895	0.0983061939477921	1.06296098232269	
0.0288291499018669	0.00512844184413552	0.018352173268795	1.08406472206116	
0.0302436016499996	-0.000546242168638855	-0.0625669211149216	1.09683513641357	
0.0290503837168217	-0.00516758020967245	-0.14380906522274	1.10032832622528	
0.0260065328329802	-0.00814504269510508	-0.224711805582047	1.0943351984024	
0.0221745409071445	-0.00931251421570778	-0.304564565420151	1.07933044433594	
0.0186766553670168	-0.0089246379211545	-0.382601678371429	1.05630159378052	
0.0164551138877869	-0.00757154496386647	-0.458020120859146	1.02649796009064	
0.0160842947661877	-0.00603351276367903	-0.530019521713257	0.991158902645111	
0.0176681317389011	-0.00510675646364689	-0.597855687141418	0.951279938220978	
0.0208377279341221	-0.00543496198952198	-0.660895049571991	0.907465875148773	
0.0248440578579903	-0.0073781181126833	-0.718656837940216	0.859901428222656	
0.0287224669009447	-0.0109416265040636	-0.770830512046814	0.808440148830414	
0.0314931906759739	-0.0157763659954071	-0.817262411117554	0.752789378166199	
0.0323570072650909	-0.021246800199151	-0.857912123203278	0.692744076251984	
0.0308483242988586	-0.0265518464148045	-0.892784833908081	0.628413498401642	
0.0269182287156582	-0.0308742299675941	-0.921854197978973	0.560385048389435	
0.0209350250661373	-0.0335298366844654	-0.944991290569305	0.48978254199028	
0.0136063965037465	-0.0340897850692272	-0.961917161941528	0.418200761079788	
0.00584216183051467	-0.032453890889883	-0.972192108631134	0.347523748874664	
-0.00141307117883116	-0.0288638733327389	-0.975248575210571	0.279662400484085	
-0.00734398560598493	-0.0238558501005173	-0.970466673374176	0.216264992952347	
-0.0113946907222271	-0.0181626472622156	-0.957282543182373	0.158463150262833	
-0.0133427288383245	-0.0125849088653922	-0.935312628746033	0.106709837913513	
-0.0133070461452007	-0.00785495433956385	-0.90447324514389	0.0607491284608841	
-0.0116934310644865	-0.00451760971918702	-0.865073561668396	0.0197301749140024	
-0.00909278634935617	-0.00284840352833271	-0.817863464355469	-0.0175517257302999	
-0.00615555979311466	-0.00282212859019637	-0.764025449752808	-0.052332017570734	
-0.0034684999845922	-0.00413537304848433	-0.70510721206665	-0.085535541176796	
-0.00145727093331516	-0.00627700006589293	-0.642902731895447	-0.117487341165543	
-0.000331356888636947	-0.0086322920396924	-0.579296708106995	-0.147737950086594	
-7.77891909820028E-5	-0.0106010595336556	-0.516094982624054	-0.175044849514961	
-0.000499807298183441	-0.0117082446813583	-0.454864203929901	-0.197521686553955	
-0.00128776452038437	-0.0116875888779759	-0.396803736686707	-0.212933734059334	
-0.00210414524190128	-0.0105243427678943	-0.342666625976563	-0.219088226556778	
-0.00266335415653884	-0.00845067203044891	-0.292739242315292	-0.2142483741045	
-0.00278992112725973	-0.00589596107602119	-0.246878802776337	-0.197492212057114	
-0.00244497950188816	-0.00340213882736862	-0.204600006341934	-0.168947085738182	
-0.00171876593958586	-0.00152010004967451	-0.165194749832153	-0.12985172867775	
-0.0007945760153234	-0.000706247927155346	-0.127864226698875	-0.082430325448513	
0.000104542647022754	-0.00123777973931283	-0.0918430313467979	-0.0295977834612131	
-0.000772288767620921	0.00316165620461106	0.0564975216984749	-0.025452921167016	
-0.00106537039391696	0.00628598919138312	0.0213864389806986	-0.0797080993652344	
-0.000929826812352985	0.0102149378508329	-0.0137206194922328	-0.130754128098488	
-0.000403413432650268	0.0144204776734114	-0.0488637909293175	-0.177087500691414	
0.000403709098463878	0.0183379147201777	-0.0839430764317513	-0.218261212110519	
0.00134251720737666	0.021467873826623	-0.118784293532372	-0.254845440387726	
0.00226243329234421	0.0234663635492325	-0.153205737471581	-0.288215309381485	
0.00304181035608053	0.0242066364735365	-0.187072217464447	-0.320210337638855	
0.00360366329550743	0.0238014459609985	-0.2203269302845	-0.352731972932816	
0.00391341187059879	0.0225813165307045	-0.252997159957886	-0.38735619187355	
0.00396087486296892	0.0210321024060249	-0.285175859928131	-0.425030738115311	
0.00373354996554554	0.019702423363924	-0.316985964775085	-0.465909570455551	
0.00319111649878323	0.0190970506519079	-0.348537534475327	-0.509346783161163	
0.00225121178664267	0.0195751171559095	-0.379889339208603	-0.554041743278503	
0.000793848186731339	0.0212715826928616	-0.411024421453476	-0.598297536373138	
-0.00131314480677247	0.0240567978471518	-0.44184610247612	-0.640334725379944	
-0.0041713141836226	0.027542669326067	-0.472196310758591	-0.678594589233398	
-0.00780069548636675	0.0311360582709312	-0.501893281936646	-0.711970865726471	
-0.0120938448235393	0.0341317914426327	-0.530780255794525	-0.739928424358368	
-0.0167885310947895	0.0358304977416992	-0.558776319026947	-0.762491166591644	
-0.0214701499789953	0.0356617011129856	-0.585916936397552	-0.780111253261566	
-0.0256091896444559	0.0332909189164639	-0.612375736236572	-0.793456256389618	
-0.0286314692348242	0.0286916811019182	-0.638460695743561	-0.803165435791016	
-0.0300108660012484	0.0221685841679573	-0.664583206176758	-0.809634268283844	
-0.0293679665774107	0.0143256289884448	-0.691203534603119	-0.812873780727386	
-0.02655472420156	0.00598313007503748	-0.718759834766388	-0.812477231025696	
-0.0217061098664999	-0.00194439699407667	-0.747592329978943	-0.807698667049408	
-0.0152448713779449	-0.00858996249735355	-0.777874052524567	-0.797623932361603	
-0.00783401168882847	-0.0132719790562987	-0.809560656547546	-0.781394124031067	
-0.00028199446387589	-0.0156047875061631	-0.842366874217987	-0.75842821598053	
0.00658425455912948	-0.0155623527243733	-0.875775277614594	-0.728594303131104	
0.0120559092611074	-0.0134832346811891	-0.909075975418091	-0.692287802696228	
0.015662370249629	-0.0100148031488061	-0.941432118415833	-0.65039736032486	
0.0172508582472801	-0.00600526016205549	-0.971961677074432	-0.604164123535156	
0.0170083288103342	-0.0023613884113729	-0.999822616577148	-0.554962992668152	
0.0154195055365562	0.000103547608887311	-1.02428889274597	-0.504052758216858	
0.0131675628945231	0.000805028539616615	-1.04480493068695	-0.452350199222565	
0.0109960185363889	-0.000518674147315323	-1.06101071834564	-0.400276899337769	
0.00955911260098219	-0.00377100962214172	-1.07273304462433	-0.34771391749382	
0.00929141789674759	-0.00852726399898529	-1.07994484901428	-0.294074773788452	
0.0103246085345745	-0.0141253368929029	-1.0826997756958	-0.238482460379601	
0.0124705610796809	-0.0198007188737392	-1.08105337619781	-0.180012837052345	
0.0152766807004809	-0.0248403139412403	-1.074986577034	-0.117952048778534	
0.0181442871689796	-0.0287252850830555	-1.06434452533722	-0.0520126335322857	
0.0204868335276842	-0.0312340389937162	-1.04880714416504	0.0175385009497404	
0.0218948982656002	-0.0324829779565334	-1.02789974212646	0.0898671671748161	
0.0222713705152273	-0.0328938029706478	-1.00104641914368	0.163675576448441	
0.0219041500240564	-0.0330900177359581	-0.967665910720825	0.237397581338882	
0.0214546378701925	-0.0337394848465919	-0.927294790744781	0.30943962931633	
0.0218564588576555	-0.0353718474507332	-0.879724383354187	0.378410220146179	
0.0241370536386967	-0.0382066778838634	-0.825127005577087	0.443283677101135	
0.0291918162256479	-0.0420290790498257	-0.764149606227875	0.50345766544342	
0.0375523902475834	-0.0461432784795761	-0.697952508926392	0.558690547943115	
0.0491953119635582	-0.0494223646819592	-0.628178417682648	0.608932256698608	
0.063432939350605	-0.0504555366933346	-0.556844711303711	0.654092013835907	
0.0789158344268799	-0.0477759093046188	-0.486164420843124	0.69380384683609	
0.0937567725777626	-0.040135245770216	-0.418311923742294	0.727257788181305	
0.105764418840408	-0.0267801862210035	-0.355161935091019	0.753154277801514	
0.11275377124548	-0.00768007012084126	-0.298037737607956	0.769815564155579	
0.11288458108902	0.0163393635302782	-0.247507527470589	0.775453507900238	
0.10497123003006	0.0435895659029484	-0.203266933560371	0.768555283546448	
0.088710144162178	0.0716537907719612	-0.164135739207268	0.748315632343292	
0.0647829100489616	0.0976533442735672	-0.12818418443203	0.715023815631866	
0.0348133072257042	0.118613019585609	-0.0929854586720467	0.670311391353607	
0.00118120724800974	0.131874293088913	-0.0559718646109104	0.617181539535522	
-0.0332795493304729	0.135493487119675	-0.0148532083258033	0.559780240058899	
-0.0656520575284958	0.128560855984688	0.0319578647613525	0.5029137134552	
-0.0933170467615128	0.111385650932789	0.0849763453006744	0.451369911432266	
-0.114282824099064	0.0855115875601768	0.143392369151115	0.40914785861969	
-0.127413228154182	0.0535526536405087	0.204985976219177	0.37872639298439	
-0.132520243525505	0.0188677944242954	0.266239732503891	0.36051207780838	
-0.130311846733093	-0.014880214817822	0.322653621435165	0.352586299180984	
-0.122210316359997	-0.0442168153822422	0.369237214326859	0.3508280813694	
-0.110078178346157	-0.0663235709071159	0.401126444339752	0.349428176879883	
-0.0959028303623199	-0.0794094055891037	0.41424897313118	0.341741263866425	
-0.0814959108829498	-0.0829267576336861	0.405949681997299	0.32135945558548	
-0.0682574361562729	-0.0775987878441811	0.375485628843307	0.283242225646973	
-0.0570401698350906	-0.065253809094429	0.324312835931778	0.224717512726784	
-0.0481288097798824	-0.0484946444630623	0.256110280752182	0.146178156137466	
-0.0413263067603111	-0.0302576944231987	0.176520332694054	0.0513390563428402	
-0.0361194089055061	-0.0133347371593118	0.0926234051585197	-0.0530133955180645	
-0.0318823009729385	6.3573221268598E-5	0.0122014954686165	-0.157767489552498	
-0.0280722435563803	0.00863062497228384	-0.0571219548583031	-0.252634167671204	
-0.0243760626763105	0.0121208857744932	-0.108758889138699	-0.327533960342407	
-0.0207793172448874	0.0113172326236963	-0.137936398386955	-0.374016851186752	
-0.0175483357161283	0.00781744439154863	-0.142275720834732	-0.386497408151627	
-0.0151350740343332	0.00367999891750515	-0.12209140509367	-0.363113820552826	
-0.0140317501500249	0.000993801048025489	-0.0803680121898651	-0.306074112653732	
-0.0146128702908754	0.00144974747672677	-0.022414555773139	-0.221433162689209	
-0.0170045122504234	0.0059918207116425	0.0447596944868565	-0.118331976234913	
0.0185562446713448	-0.0101178977638483	-0.0441389791667461	0.118050783872604	
0.0227560084313154	-0.0191499050706625	-0.112520843744278	0.00729832798242569	
0.0281654968857765	-0.0311640463769436	-0.174424156546593	-0.0991853326559067	
0.0340072959661484	-0.0443420335650444	-0.222907349467278	-0.190888926386833	
0.0394195877015591	-0.0563910342752934	-0.252685099840164	-0.259597390890121	
0.0436455048620701	-0.0649728998541832	-0.260642886161804	-0.300301343202591	
0.0462097190320492	-0.0681603997945786	-0.246062040328979	-0.311624377965927	
0.0470397397875786	-0.0648385509848595	-0.21053858101368	-0.295731127262115	
0.0464995987713337	-0.054976861923933	-0.157621413469315	-0.257759094238281	
0.0453214943408966	-0.039719432592392	-0.0922327041625977	-0.204888880252838	
0.0444427467882633	-0.0212703477591276	-0.0199606418609619	-0.145214602351189	
0.0447769053280354	-0.00258672633208334	0.0536725074052811	-0.0865962877869606	
0.0469642393290997	0.0130746681243181	0.123866491019726	-0.0356640554964542	
0.0511548742651939	0.0226852055639029	0.187040030956268	0.00289407907985151	
0.0568748377263546	0.0239601414650679	0.241113573312759	0.0266858395189047	
0.0630121678113937	0.0157759543508291	0.285557627677917	0.0355994291603565	
0.0679383054375648	-0.00158257025759667	0.321222096681595	0.0314692258834839	
0.0697539076209068	-0.0263906568288803	0.349992781877518	0.0175184328109026	
0.0666226148605347	-0.0556778386235237	0.374343305826187	-0.0023006082046777	
0.0571363307535648	-0.0856222733855247	0.396859467029572	-0.0239465888589621	
0.040645282715559	-0.112086571753025	0.419811010360718	-0.0438089556992054	
0.017488282173872	-0.131213337182999	0.444830417633057	-0.0590428523719311	
-0.0109271965920925	-0.139988720417023	0.472735732793808	-0.0676991194486618	
-0.0422210395336151	-0.136687204241753	0.503507852554321	-0.0686716213822365	
-0.0733081474900246	-0.121129311621189	0.536406695842743	-0.0615166574716568	
-0.10080248862505	-0.0947137549519539	0.570188701152802	-0.0462163388729095	
-0.12149653583765	-0.0602208413183689	0.603377103805542	-0.0229575540870428	
-0.132839649915695	-0.0214192941784859	0.634530305862427	0.00801779143512249	
-0.133336171507835	0.0174613930284977	0.662462472915649	0.0464625284075737	
-0.122795522212982	0.0523116178810596	0.686381995677948	0.0920759588479996	
-0.1023900359869	0.079687736928463	0.705933392047882	0.144387394189835	
-0.0745075792074203	0.0972437113523483	0.721145987510681	0.202619537711143	
-0.0424202904105186	0.103988595306873	0.732310652732849	0.265585422515869	
-0.00982134975492954	0.100339017808437	0.739817023277283	0.331663578748703	
0.0196963530033827	0.0879684016108513	0.743986904621124	0.398876905441284	
0.0431366711854935	0.0694858506321907	0.744939148426056	0.46507403254509	
0.058493684977293	0.0480021722614765	0.74250990152359	0.528185129165649	
0.0649824067950249	0.0266549196094275	0.736241102218628	0.586503863334656	
0.0630750134587288	0.00816669408231974	0.725435316562653	0.638936579227448	
0.0543438084423542	-0.00549862114712596	0.709262132644653	0.68516343832016	
0.0411442555487156	-0.013336444273591	0.686892569065094	0.725670456886292	
0.0261965245008469	-0.0153390467166901	0.657635688781738	0.761639177799225	
0.0121388649567962	-0.0123774781823158	0.621050417423248	0.794705986976624	
0.00112739752512425	-0.00595949683338404	0.577015459537506	0.826633393764496	
-0.0054545090533793	0.00208724057301879	0.52574759721756	0.858953356742859	
-0.00713600032031536	0.00994913745671511	0.467770099639893	0.892648279666901	
-0.00433454755693674	0.0161218363791704	0.403842151165009	0.927932500839233	
0.00181620963849127	0.0196215715259314	0.334866732358932	0.964173913002014	
0.009745754301548	0.0200852192938328	0.261796921491623	0.999971389770508	
0.0177760142832994	0.0177526157349348	0.185557961463928	1.03337132930756	
0.0244383756071329	0.013345243409276	0.106998063623905	1.06218063831329	
0.0287223886698484	0.00787208694964647	0.0268726404756308	1.08431553840637	
0.0302162021398544	0.00240366393700242	-0.0541412010788918	1.09811782836914	
0.0291213151067495	-0.00214244588278234	-0.135409459471703	1.10258185863495	
0.0261485073715448	-0.00516662653535604	-0.216299027204514	1.0974508523941	
0.02232357673347	-0.00647657597437501	-0.296142756938934	1.083172082901	
0.0187464989721775	-0.00629029888659716	-0.374223113059998	1.06072664260864	
0.0163537003099918	-0.00515849841758609	-0.449780136346817	1.03137695789337	
0.015729371458292	-0.00382647034712136	-0.522043466567993	0.996389389038086	
0.0169995557516813	-0.00306542776525021	-0.590280711650848	0.95679235458374	
0.0198248159140348	-0.00350705091841519	-0.653850376605988	0.913222253322601	
0.0234872940927744	-0.00551253417506814	-0.712246060371399	0.865886807441711	
0.0270499717444181	-0.00909937918186188	-0.765119254589081	0.814650297164917	
0.0295531582087278	-0.0139373447746038	-0.812273263931274	0.759216785430908	
0.0302079059183598	-0.0194116551429033	-0.853626668453217	0.699365973472595	
0.0285488534718752	-0.0247392449527979	-0.889152407646179	0.635184288024902	
0.0245188251137733	-0.0291146840900183	-0.918804883956909	0.567234218120575	
0.0184722356498241	-0.0318578630685806	-0.942450106143951	0.496618866920471	
0.0111007578670979	-0.0325363203883171	-0.959816992282867	0.42492139339447	
0.00329947913996875	-0.0310406517237425	-0.970482587814331	0.354026198387146	
-0.00399777013808489	-0.0276006758213043	-0.973899722099304	0.285856932401657	
-0.00998100079596043	-0.022741224616766	-0.969466865062714	0.222085133194923	
-0.0140940453857183	-0.01718720048666	-0.956631898880005	0.163871765136719	
-0.0161096472293139	-0.0117363603785634	-0.93501353263855	0.11170019954443	
-0.0161393880844116	-0.00712337205186486	-0.904520153999329	0.0653405711054802	
-0.0145814903080463	-0.00389947462826967	-0.865444600582123	0.0239594951272011	
-0.0120212696492672	-0.00234845513477921	-0.818515658378601	-0.0136412968859077	
-0.00910713989287615	-0.00245253532193601	-0.764894604682922	-0.0487020313739777	
-0.00642798980697989	-0.00391247915104032	-0.706112325191498	-0.0821614786982536	
-0.00441536726430058	-0.00621649250388145	-0.643954277038574	-0.114363886415958	
-0.00328703317791224	-0.00874404795467854	-0.580307006835938	-0.144879475235939	
-0.00303872395306826	-0.01088503934443	-0.516988694667816	-0.172481149435043	
-0.0034806658513844	-0.0121525600552559	-0.455586940050125	-0.195289716124535	
-0.00430661672726274	-0.0122694093734026	-0.397327274084091	-0.211067333817482	
-0.00517770135775208	-0.0112136183306575	-0.342990100383759	-0.217607706785202	
-0.00580195989459753	-0.00921600125730038	-0.292885959148407	-0.213152006268501	
-0.0059933215379715	-0.00671137310564518	-0.246889814734459	-0.196751460433006	
-0.00569973699748516	-0.00425330083817244	-0.204525828361511	-0.168506249785423	
-0.00499791093170643	-0.00240848935209215	-0.165086686611176	-0.129632249474525	
-0.00405967142432928	-0.00165020523127168	-0.127767145633698	-0.082338847219944	
-0.00310079660266638	-0.00226997351273894	-0.0917907357215881	-0.0295365545898676	
0.00232599396258593	0.00432323524728417	0.0565112195909023	-0.025575190782547	
0.0018831827910617	0.00761841097846627	0.0214763805270195	-0.0799667984247208	
0.00183668558020145	0.0117509877309203	-0.01355114672333	-0.131202235817909	
0.00216341088525951	0.0161762293428183	-0.0486132018268108	-0.177753031253815	
0.00277003552764654	0.0203072633594275	-0.0836062729358673	-0.219148635864258	
0.00352409039624035	0.0236208122223616	-0.118348658084869	-0.255940765142441	
0.00428889598697424	0.0257514920085669	-0.152649223804474	-0.289493560791016	
0.004952154122293	0.026557544246316	-0.186363756656647	-0.321643799543381	
0.00544056063517928	0.0261459089815617	-0.219428941607475	-0.354297906160355	
0.00571735994890332	0.0248516406863928	-0.251869559288025	-0.389042437076569	
0.00576507765799761	0.0231747291982174	-0.283780574798584	-0.426838636398315	
0.0055603114888072	0.021685067564249	-0.315290868282318	-0.467853605747223	
0.00505021959543228	0.020912067964673	-0.346519321203232	-0.511451542377472	
0.00414042733609676	0.021238524466753	-0.377534419298172	-0.556336939334869	
0.00270135165192187	0.0228180233389139	-0.408328354358673	-0.600812613964081	
0.000595040444750339	0.0255314242094755	-0.438811510801315	-0.643093466758728	
-0.00228134403005242	0.0289915576577187	-0.468830466270447	-0.681611716747284	
-0.00594473211094737	0.0325969643890858	-0.498205482959747	-0.715250611305237	
-0.010280990973115	0.0356269776821136	-0.526780664920807	-0.743465721607208	
-0.015018961392343	0.0373628735542297	-0.554475545883179	-0.766274690628052	
-0.0197344962507486	0.0372148975729942	-0.581327199935913	-0.784128248691559	
-0.0238895509392023	0.0348330959677696	-0.607513308525085	-0.797697365283966	
-0.0269037839025259	0.0301821660250425	-0.633348226547241	-0.807629466056824	
-0.0282481927424669	0.023565910756588	-0.659252345561981	-0.814330875873566	
-0.0275441091507673	0.0155953038483858	-0.685695767402649	-0.81782466173172	
-0.024647630751133	0.00710362568497658	-0.713126182556152	-0.817714750766754	
-0.0197005830705166	-0.000978603842668235	-0.741891384124756	-0.813262462615967	
-0.0131342392414808	-0.00776878325268626	-0.772168278694153	-0.803556144237518	
-0.00562065187841654	-0.0125733520835638	-0.803912341594696	-0.787733495235443	
0.00202325731515884	-0.0150007158517838	-0.836834013462067	-0.765204966068268	
0.00896360259503126	-0.0150260580703616	-0.870408296585083	-0.735825181007385	
0.01448670681566	-0.0129959546029568	-0.903916418552399	-0.699973285198212	
0.0181195214390755	-0.0095708854496479	-0.936513066291809	-0.658520460128784	
0.0197092164307833	-0.0056146034039557	-0.967310130596161	-0.612691104412079	
0.0194448847323656	-0.00204882817342877	-0.995463252067566	-0.563845634460449	
0.0178152490407228	0.000301700783893466	-1.02024793624878	-0.513231992721558	
0.0155089888721704	0.000846544571686536	-1.04111409187317	-0.461760193109512	
0.0132763097062707	-0.000675387505907565	-1.05770897865295	-0.409849047660828	
0.0117790391668677	-0.00416055042296648	-1.06986665725708	-0.357380121946335	
0.0114599587395787	-0.00917213503271341	-1.07756543159485	-0.30376997590065	
0.0124592436477542	-0.0150328017771244	-1.08086037635803	-0.248145759105682	
0.0145970685407519	-0.0209618527442217	-1.07980394363403	-0.189587607979774	
0.0174282398074865	-0.0262310244143009	-1.07436883449554	-0.127385094761848	
0.0203596167266369	-0.0303087141364813	-1.06438910961151	-0.0612527243793011	
0.0228071790188551	-0.0329635888338089	-1.04953217506409	0.0085420198738575	
0.0243597533553839	-0.0343052521348	-1.02931189537048	0.0811653807759285	
0.024913040921092	-0.0347509942948818	-1.00314426422119	0.155320078134537	
0.0247414857149124	-0.0349216088652611	-0.97044426202774	0.229439273476601	
0.0244865342974663	-0.0354835651814938	-0.930749714374542	0.301926136016846	
0.0250559374690056	-0.0369665697216988	-0.883855879306793	0.371382087469101	
0.0274468939751387	-0.0395925343036652	-0.829939663410187	0.43676945567131	
0.0325227193534374	-0.0431525558233261	-0.76964920759201	0.497468918561935	
0.0407845042645931	-0.0469620600342751	-0.704139053821564	0.553217172622681	
0.0521836914122105	-0.0499118193984032	-0.635036587715149	0.603939354419708	
0.0660170018672943	-0.0506156459450722	-0.564332604408264	0.649519324302673	
0.0809323862195015	-0.0476373732089996	-0.494203448295593	0.689567923545837	
0.0950555577874184	-0.0397632010281086	-0.426779597997665	0.723258078098297	
0.106224678456783	-0.0262741856276989	-0.363890111446381	0.749282419681549	
0.112299866974354	-0.00716923968866467	-0.306817173957825	0.765967488288879	
0.111498646438122	0.0167062729597092	-0.256099581718445	0.771543264389038	
0.102700874209404	0.0436586439609528	-0.211421027779579	0.764528453350067	
0.0856697335839272	0.0712834447622299	-0.171610981225967	0.744160711765289	
0.0611475184559822	0.0967325568199158	-0.134772092103958	0.710779547691345	
0.0308054648339748	0.11707765609026	-0.098530650138855	0.666067719459534	
-0.00294862897135317	0.129718825221062	-0.0603874176740646	0.61307418346405	
-0.0372768603265285	0.132775947451591	-0.0181282982230186	0.555977523326874	
-0.0692838132381439	0.125399708747864	0.0297593139111996	0.499597579240799	
-0.0963958501815796	0.107948571443558	0.0837259814143181	0.448712676763535	
-0.116686604917049	0.081997461616993	0.142915174365044	0.407287508249283	
-0.129097744822502	0.0501689799129963	0.205082818865776	0.377744019031525	
-0.133522540330887	0.0158069916069508	0.266711324453354	0.360415041446686	
-0.130744010210037	-0.0174623522907495	0.323322236537933	0.353299826383591	
-0.122243970632553	-0.046217143535614	0.369963228702545	0.352197408676147	
-0.109921641647816	-0.0676997900009155	0.401817381381989	0.351231724023819	
-0.0957739129662514	-0.0801792368292809	0.414860367774963	0.343713909387589	
-0.08159389346838	-0.083158478140831	0.406478315591812	0.323222726583481	
-0.0687381997704506	-0.0773947685956955	0.375957131385803	0.284737855195999	
-0.0579978376626968	-0.0647298842668533	0.32476618885994	0.225639492273331	
-0.0495865978300571	-0.0477587766945362	0.256582379341125	0.146398425102234	
-0.0432377755641937	-0.0293914061039686	0.177033603191376	0.0508230440318584	
-0.0383799485862255	-0.0123801380395889	0.0931782126426697	-0.0542041398584843	
-0.0343489795923233	0.0011092108907178	0.01277463324368	-0.159486189484596	
-0.0305889453738928	0.00981223396956921	-0.056573212146759	-0.254671782255173	
-0.0267999488860369	0.0135157434269786	-0.108288437128067	-0.329650908708572	
-0.0230043698102236	0.0130198476836085	-0.137598782777786	-0.375978499650955	
-0.0195221789181232	0.00992195028811693	-0.142115920782089	-0.388108134269714	
-0.0168662834912539	0.00626303721219301	-0.122137024998665	-0.364243775606155	
-0.01558633800596	0.00410058675333858	-0.0806253626942635	-0.306674927473068	
-0.0161004420369864	0.00508524151518941	-0.0228691212832928	-0.221539810299873	
-0.0185562446713448	0.0101178977638483	0.0441389791667461	-0.118050783872604	
0.0200853683054447	-0.0142316464334726	-0.0434644892811775	0.117625758051872	
0.0244641061872244	-0.0236509051173925	-0.11171193420887	0.00661307340487838	
0.0301467496901751	-0.0359396301209927	-0.173524230718613	-0.0999491736292839	
0.0363040417432785	-0.0492606498301029	-0.221957743167877	-0.191564783453941	
0.0420084334909916	-0.0613134764134884	-0.251722157001495	-0.260064214468002	
0.0464343763887882	-0.0697618722915649	-0.259698629379272	-0.300505012273788	
0.0490469112992287	-0.0726872906088829	-0.24516823887825	-0.311586320400238	
0.0497340708971024	-0.0689871236681938	-0.209732815623283	-0.2955422103405	
0.0488489791750908	-0.0586444959044456	-0.156953081488609	-0.257560104131699	
0.0471456311643124	-0.0428172685205936	-0.0917666330933571	-0.20484085381031	
0.0456148833036423	-0.0237237773835659	-0.0197761617600918	-0.145464554429054	
0.0452493987977505	-0.00433767447248101	0.0534882172942162	-0.08724445104599	
0.0467835441231728	0.0120629640296102	0.123230881989002	-0.0367390215396881	
0.0504629462957382	0.0224210415035486	0.185892045497894	0.00144731753971428	
0.0558960884809494	0.0244149658828974	0.239432260394096	0.0250021815299988	
0.0620272047817707	0.0168766975402832	0.283378928899765	0.0338741429150105	
0.0672478973865509	4.19296920881607E-5	0.31865006685257	0.0299253594130278	
0.069638229906559	-0.0244127903133631	0.347201943397522	0.0163663029670715	
0.0673016831278801	-0.0535572692751884	0.371570110321045	-0.00290507567115128	
0.0587375834584236	-0.083594337105751	0.39438259601593	-0.023937439545989	
0.0431832857429981	-0.110388875007629	0.417922168970108	-0.0432332567870617	
0.0208599269390106	-0.13005892932415	0.443799287080765	-0.0580666586756706	
-0.00693103950470686	-0.139538437128067	0.472774147987366	-0.0665945261716843	
-0.0378887467086315	-0.137025251984596	0.504738688468933	-0.0677861869335175	
-0.0689691752195358	-0.122246466577053	0.538842678070068	-0.0612293817102909	
-0.0967831686139107	-0.0965016186237335	0.573725700378418	-0.0468867793679237	
-0.118076242506504	-0.0624789334833622	0.607803106307983	-0.0248757936060429	
-0.130213513970375	-0.0238752122968435	0.639550387859344	0.00467260554432869	
-0.131589815020561	0.0151208909228444	0.667735993862152	0.0416485965251923	
-0.121895298361778	0.0504024811089039	0.691567540168762	0.0858961492776871	
-0.102189972996712	0.0784887000918388	0.710734486579895	0.137076362967491	
-0.074771873652935	0.0969602987170219	0.725350916385651	0.194512873888016	
-0.0428578145802021	0.10472647100687	0.735820591449738	0.257075488567352	
-0.0101270517334342	0.102090679109097	0.742657661437988	0.32314932346344	
0.0197993218898773	0.0906153917312622	0.746302425861359	0.390714973211288	
0.0438600666821003	0.0728161782026291	0.746969163417816	0.457538723945618	
0.0599576532840729	0.0517404042184353	0.74455326795578	0.521442770957947	
0.0672027245163918	0.0305003561079502	0.738612353801727	0.58060485124588	
0.065965361893177	0.0118339639157057	0.72842013835907	0.633825242519379	
0.0577321276068687	-0.00224263174459338	0.713078916072845	0.680703222751617	
0.0448000505566597	-0.0106446212157607	0.691665887832642	0.7216796875	
0.0298647023737431	-0.0132688796147704	0.663384199142456	0.757930517196655	
0.015574830584228	-0.0108903972432017	0.627691805362701	0.791123688220978	
0.00412820093333721	-0.0049341069534421	0.584385275840759	0.823081910610199	
-0.00302720698527992	0.00283076311461627	0.533629059791565	0.855413317680359	
-0.00534396851435304	0.0106178605929017	0.475929111242294	0.889178276062012	
-0.00316298892721534	0.0169172994792461	0.412061482667923	0.924657166004181	
0.0024475937243551	0.0207105726003647	0.342974185943604	0.961261391639709	
0.00996318273246288	0.0215784274041653	0.269682854413986	0.997604668140411	
0.017727168276906	0.0196937285363674	0.193180531263351	1.03171873092651	
0.0242672190070152	0.0157114714384079	0.114376127719879	1.06137073040009	
0.0285471528768539	0.0105848982930183	0.0340684726834297	1.08441960811615	
0.0301136914640665	0.00534704513847828	-0.0470452792942524	1.09914398193359	
0.0291193537414074	0.000900081708095968	-0.12833596765995	1.10447824001312	
0.026226969435811	-0.00214995723217726	-0.209197133779526	1.10011923313141	
0.0224229656159878	-0.00358638097532094	-0.289003163576126	1.08648657798767	
0.0187819935381413	-0.00359130604192615	-0.367083787918091	1.06455445289612	
0.0162318106740713	-0.00267573771998286	-0.442722678184509	1.03559744358063	
0.0153642436489463	-0.00154888269025832	-0.515181064605713	1.00090754032135	
0.0163262952119112	-0.000955331837758422	-0.583740532398224	0.961545288562775	
0.0188079308718443	-0.00151299394201487	-0.647754490375519	0.918178021907806	
0.0221234038472176	-0.00358271435834467	-0.706693887710571	0.871036529541016	
0.0253649558871984	-0.00719303078949451	-0.760174870491028	0.819996118545532	
0.0275948848575354	-0.0120321670547128	-0.807959675788879	0.764758229255676	
0.0280362963676453	-0.0175063535571098	-0.849927365779877	0.705088257789612	
0.0262253433465958	-0.0228513423353434	-0.886019587516785	0.641050279140472	
0.022097148001194	-0.0272746775299311	-0.916171789169312	0.573182582855225	
0.0159920118749142	-0.0301014631986618	-0.940245091915131	0.502567887306213	
0.00858468096703291	-0.030896695330739	-0.957976341247559	0.430777370929718	
0.000754154520109296	-0.0295423697680235	-0.968959629535675	0.359695315361023	
-0.00657801423221827	-0.0262565463781357	-0.972668766975403	0.291257381439209	
-0.0126084722578526	-0.0215523764491081	-0.968521475791931	0.227157071232796	
-0.0167816318571568	-0.0161460340023041	-0.955978393554688	0.168583557009697	
-0.018865680322051	-0.0108313169330359	-0.934661507606506	0.116049259901047	
-0.0189644452184439	-0.0063441339880228	-0.904472410678864	0.069349080324173	
-0.0174676477909088	-0.00324119534343481	-0.865688145160675	0.0276658572256565	
-0.0149537678807974	-0.00181392987724394	-0.819016635417938	-0.010193420574069	
-0.0120678804814816	-0.00205180002376437	-0.765597343444824	-0.0454748421907425	
-0.00939991045743227	-0.00365998386405408	-0.706943452358246	-0.0791320949792862	
-0.00738660572096705	-0.00612661940976977	-0.644830405712128	-0.111529543995857	
-0.00625385949388146	-0.00882616546005011	-0.581145048141479	-0.142257943749428	
-0.00600650859996676	-0.0111394179984927	-0.51771605014801	-0.170106217265129	
-0.00646260101348162	-0.0125682959333062	-0.456150561571121	-0.193202957510948	
-0.00732039054855704	-0.0128250336274505	-0.397699117660522	-0.209307476878166	
-0.00824076123535633	-0.0118804620578885	-0.343168765306473	-0.216200113296509	
-0.00892631523311138	-0.00996368937194347	-0.292893946170807	-0.212099954485893	
-0.00918094348162413	-0.00751432171091437	-0.246767550706863	-0.196031123399734	
-0.00893951766192913	-0.00509676756337285	-0.204323470592499	-0.168066263198853	
-0.00826486106961966	-0.00329275173135102	-0.164855614304543	-0.129397943615913	
-0.00731661589816213	-0.00259178527630866	-0.127552539110184	-0.0822203829884529	
-0.00630235811695457	-0.00329940160736442	-0.0916265994310379	-0.0294393412768841	
0.00542424106970429	0.00547957373782992	0.0564185827970505	-0.0257394649088383	
0.00483399908989668	0.00894145015627146	0.0214645117521286	-0.0802705585956573	
0.00460578687489033	0.013272562995553	-0.0134809911251068	-0.131695404648781	
0.00473100738599896	0.0179123468697071	-0.0484626553952694	-0.178460299968719	
0.00513336341828108	0.0222526304423809	-0.0833746045827866	-0.220070943236351	
0.00569742266088724	0.0257469639182091	-0.118028566241264	-0.257060378789902	
0.00630107382312417	0.0280089825391769	-0.152224525809288	-0.290781646966934	
0.00684209354221821	0.0288819707930088	-0.18580935895443	-0.323068886995316	
0.0072515201754868	0.028466708958149	-0.218712911009789	-0.35583370923996	
0.00749093294143677	0.0271021034568548	-0.250956743955612	-0.390673637390137	
0.00753587950021029	0.025301419198513	-0.282636702060699	-0.428563833236694	
0.0073521719314158	0.023654917255044	-0.313886553049088	-0.46968486905098	
0.00687440484762192	0.0227158851921558	-0.344832688570023	-0.513411402702332	
0.00599604193121195	0.0228903349488974	-0.375552386045456	-0.558453381061554	
0.00457770936191082	0.0243504121899605	-0.406046062707901	-0.603112876415253	
0.00247546122409403	0.0269878879189491	-0.436230838298798	-0.645599186420441	
-0.000415042362874374	0.0304173119366169	-0.465957522392273	-0.684334933757782	
-0.00410785898566246	0.0340299941599369	-0.495048612356186	-0.718192517757416	
-0.00848245434463024	0.037090964615345	-0.523348867893219	-0.746617674827576	
-0.0132591240108013	0.0388632714748383	-0.550778269767761	-0.769621789455414	
-0.0180046763271093	0.0387387201189995	-0.577375710010529	-0.787654221057892	
-0.0221731476485729	0.0363522879779339	-0.603322207927704	-0.801389813423157	
-0.0251786969602108	0.0316596962511539	-0.628938257694244	-0.811484813690186	
-0.0264900736510754	0.024963267147541	-0.654651880264282	-0.818357586860657	
-0.0257298331707716	0.0168797895312309	-0.680942177772522	-0.822044372558594	
-0.0227584224194288	0.00825400277972221	-0.708265066146851	-0.822160959243774	
-0.0177243426442146	3.08125563606154E-5	-0.736974358558655	-0.817976891994476	
-0.0110667934641242	-0.006893090903759	-0.767249763011932	-0.808583617210388	
-0.00346585107035935	-0.0118133630603552	-0.799045324325562	-0.79311591386795	
0.00425446126610041	-0.0143331605941057	-0.832066237926483	-0.770975410938263	
0.0112548330798745	-0.0144289443269372	-0.86577969789505	-0.742002904415131	
0.0168182495981455	-0.0124547183513641	-0.899457812309265	-0.706560492515564	
0.0204704850912094	-0.0090829087421298	-0.932247281074524	-0.665501058101654	
0.0220594964921474	-0.00519121950492263	-0.963254809379578	-0.620031535625458	
0.021776782348752	-0.00171448441687971	-0.991634845733643	-0.571497678756714	
0.0201146844774485	0.000512882659677416	-1.01666629314423	-0.52113676071167	
0.0177664160728455	0.000896066194400191	-1.03780615329742	-0.469852596521378	
0.0154874073341489	-0.000824304355774075	-1.05471074581146	-0.418062567710876	
0.01394531596452	-0.00453720521181822	-1.06722354888916	-0.365650773048401	
0.0135893197730184	-0.00979389995336533	-1.07532966136932	-0.31203892827034	
0.0145664354786277	-0.0159025974571705	-1.07908689975739	-0.25636088848114	
0.0167038328945637	-0.0220677051693201	-1.07854521274567	-0.197703331708908	
0.01956289075315	-0.0275474153459072	-1.07366967201233	-0.135361284017563	
0.022555710747838	-0.031799104064703	-1.06428289413452	-0.0690527781844139	
0.0251009948551655	-0.0345833636820316	-1.05003905296326	0.000953350390773267	
0.0267864260822535	-0.0360043905675411	-1.03043949604034	0.0738237649202347	
0.0275013986974955	-0.0364760644733906	-1.00489127635956	0.148262456059456	
0.0275079309940338	-0.0366170220077038	-0.972804963588715	0.222703501582146	
0.0274285860359669	-0.0370924286544323	-0.93371856212616	0.295548915863037	
0.0281462706625462	-0.0384317934513092	-0.887431621551514	0.365395605564117	
0.0306289233267307	-0.0408588349819183	-0.834126055240631	0.431196808815002	
0.0357087142765522	-0.0441699735820293	-0.774452567100525	0.492319077253342	
0.0438571125268936	-0.0476911477744579	-0.709562063217163	0.548480093479156	
0.0550014302134514	-0.0503301993012428	-0.641068756580353	0.59958279132843	
0.0684237331151962	-0.0507250390946865	-0.570939779281616	0.645487427711487	
0.0827703326940536	-0.0474697574973106	-0.501317203044891	0.685783207416534	
0.0961807519197464	-0.0393845997750759	-0.434290051460266	0.719626784324646	
0.106523253023624	-0.0257845371961594	-0.371643304824829	0.745703399181366	
0.1117033213377	-0.00669741397723556	-0.314619094133377	0.762343943119049	
0.109995894134045	0.0170126277953386	-0.263726800680161	0.767796099185944	
0.100345388054848	0.0436477921903133	-0.218637511134148	0.760609567165375	
0.0825801342725754	0.0708172097802162	-0.178188964724541	0.740064263343811	
0.0575010553002357	0.0957046225667	-0.140514388680458	0.706549167633057	
0.026824377477169	0.115429744124413	-0.103290900588036	0.661797881126404	
-0.0070167169906199	0.127452120184898	-0.0640854686498642	0.608904540538788	
-0.0411825589835644	0.129955500364304	-0.0207579620182514	0.552080273628235	
-0.0728009939193726	0.122150711715221	0.0281313639134169	0.496158480644226	
-0.0993450433015823	0.104444466531277	0.0829702541232109	0.445907950401306	
-0.118953816592693	0.0784411653876305	0.142856866121292	0.405259102582932	
-0.13064606487751	0.0467699244618416	0.205524191260338	0.376577258110046	
-0.134394973516464	0.0127570750191808	0.267455607652664	0.360121369361877	
-0.131056606769562	-0.0200102236121893	0.324195325374603	0.353808462619781	
-0.12217029184103	-0.0481647178530693	0.370830357074738	0.353357225656509	
-0.109670080244541	-0.0690110102295876	0.402592152357101	0.35282438993454	
-0.0955609306693077	-0.0808785855770111	0.415505707263947	0.345476865768433	
-0.0816166996955872	-0.0833205655217171	0.406999468803406	0.324879616498947	
-0.069150522351265	-0.0771270468831062	0.376388996839523	0.286032199859619	
-0.0588921830058098	-0.0641514137387276	0.325157284736633	0.22636690735817	
-0.0509854666888714	-0.0469785816967487	0.256978899240494	0.146432787179947	
-0.0450950302183628	-0.0284899789839983	0.1774662733078	0.0501321963965893	
-0.040592085570097	-0.0113969501107931	0.0936542525887489	-0.0555554106831551	
-0.0367745347321033	0.00218036235310137	0.0132756531238556	-0.161346957087517	
-0.0330730676651001	0.0110196629539132	-0.0560873374342918	-0.256828039884567	
-0.0292002651840448	0.0149390650913119	-0.107871189713478	-0.331857562065125	
-0.0252141170203686	0.0147541118785739	-0.137306228280067	-0.377995550632477	
-0.0214868541806936	0.0120596019551158	-0.141995921730995	-0.389735251665115	
-0.0185910873115063	0.00887682102620602	-0.122220866382122	-0.365348100662231	
-0.0171331353485584	0.00723009370267391	-0.0809231325984001	-0.307207375764847	
-0.0175745952874422	0.00872898101806641	-0.0233695823699236	-0.221537619829178	
-0.0200853683054447	0.0142316464334726	0.0434644892811775	-0.117625758051872	
0.0215900223702192	-0.0183280576020479	-0.042737040668726	0.117057427763939	
0.0261357557028532	-0.0281074624508619	-0.110841557383537	0.00575971882790327	
0.0320792682468891	-0.0406421609222889	-0.172553867101669	-0.100895024836063	
0.0385415591299534	-0.0540797300636768	-0.22092892229557	-0.192424029111862	
0.0445311851799488	-0.0661158412694931	-0.250671654939651	-0.260702818632126	
0.0491550415754318	-0.0744195356965065	-0.258658736944199	-0.300856709480286	
0.0518186986446381	-0.0770832523703575	-0.244170486927032	-0.311662435531616	
0.0523698143661022	-0.0730175077915192	-0.208813905715942	-0.295426696538925	
0.0511487387120724	-0.0622179955244064	-0.156160995364189	-0.25739061832428	
0.0489287748932838	-0.0458534024655819	-0.0911645442247391	-0.204779416322708	
0.0467516854405403	-0.0261518843472004	-0.0194420702755451	-0.145662650465965	
0.0456870459020138	-0.00609821081161499	0.0534675791859627	-0.0878094062209129	
0.0465620830655098	0.0110138272866607	0.122771978378296	-0.0377077534794807	
0.0497180558741093	0.0221036337316036	0.184931069612503	0.000121897232020274	
0.0548475421965122	0.0248162783682346	0.237943649291992	0.0234490670263767	
0.0609540157020092	0.0179406404495239	0.281392484903336	0.0322860702872276	
0.066453292965889	0.00166233675554395	0.316262781620026	0.0285270772874355	
0.0694092139601707	-0.0223937295377254	0.344581305980682	0.0153742795810103	
0.0678690820932388	-0.0513431020081043	0.368946433067322	-0.00332478550262749	
0.0602423660457134	-0.0814201012253761	0.392030268907547	-0.0237059369683266	
0.0456544868648052	-0.108499146997929	0.416131168603897	-0.0423835106194019	
0.0242075640708208	-0.12868045270443	0.442840367555618	-0.0567514076828957	
-0.00290652271360159	-0.138850837945938	0.472862601280212	-0.0650752782821655	
-0.0334716439247131	-0.137134402990341	0.50600254535675	-0.0664042606949806	
-0.0644915401935577	-0.123164914548397	0.541300475597382	-0.0603629909455776	
-0.0925809070467949	-0.0981399342417717	0.577278017997742	-0.0469004921615124	
-0.114444464445114	-0.0646504014730453	0.612240254878998	-0.0260700471699238	
-0.127367600798607	-0.0263141561299562	0.644575953483582	0.0021041149739176	
-0.129637628793716	0.0127288522198796	0.673003315925598	0.0376470685005188	
-0.120824493467808	0.0483820885419846	0.696724593639374	0.0805470272898674	
-0.10187216848135	0.0771338641643524	0.715469896793365	0.130598515272141	
-0.0749827399849892	0.096496045589447	0.729435205459595	0.187229380011559	
-0.0433100908994675	0.105279646813869	0.739135801792145	0.249370828270912	
-0.0105114318430424	0.10367389768362	0.745211243629456	0.315419375896454	
0.0197713393718004	0.0931267142295837	0.748223125934601	0.383317947387695	
0.0444175750017166	0.0760546326637268	0.748485863208771	0.450753927230835	
0.0612413100898266	0.0554349608719349	0.745959877967834	0.515443444252014	
0.0692491382360458	0.0343480110168457	0.740224778652191	0.575448155403137	
0.0687065422534943	0.0155411195009947	0.730531573295593	0.629460394382477	
0.0610094629228115	0.00107836606912315	0.715920329093933	0.676994860172272	
0.048390120267868	-0.00787745136767626	0.695377767086029	0.718442738056183	
0.0335125923156738	-0.0111277913674712	0.668002903461456	0.754969239234924	
0.0190297197550535	-0.00934946350753307	0.633151948451996	0.788269221782684	
0.0071759638376534	-0.00388083327561617	0.590537369251251	0.820221960544586	
-0.000538980064447969	0.00357201765291393	0.540267884731293	0.852509617805481	
-0.00349167175590992	0.0112548973411322	0.482828259468079	0.886270225048065	
-0.00194477254990488	0.0176567789167166	0.419007658958435	0.921851754188538	
0.0031025493517518	0.0217276718467474	0.349796086549759	0.958712100982666	
0.0101761687546968	0.0229939576238394	0.276270031929016	0.995484054088593	
0.0176457688212395	0.0215616598725319	0.199490025639534	1.03018951416016	
0.0240395981818438	0.0180179569870234	0.120426721870899	1.06056070327759	
0.028298893943429	0.0132578834891319	0.0399247296154499	1.08440399169922	
0.0299305506050587	0.00827391538769007	-0.0412957221269608	1.09993755817413	
0.029038067907095	0.00394964870065451	-0.122607089579105	1.10603880882263	
0.0262348316609859	0.000894799362868071	-0.203426674008369	1.10235905647278	
0.0224653966724873	-0.000651494890917093	-0.283168315887451	1.08929014205933	
0.0187761001288891	-0.000836399558465928	-0.361208140850067	1.06779909133911	
0.0160831678658724	-0.000131139619043097	-0.436873614788055	1.03917121887207	
0.0149838179349899	0.000792103470303118	-0.509458899497986	1.004723072052	
0.0156447160989046	0.00121686654165387	-0.578262090682983	0.965546488761902	
0.0177850183099508	0.000540723616722971	-0.642634153366089	0.922339022159576	
0.0207518525421619	-0.00159525661729276	-0.702026307582855	0.875354528427124	
0.0236682146787643	-0.00522951781749725	-0.756022095680237	0.824479579925537	
0.0256201978772879	-0.0100682266056538	-0.804344892501831	0.769413828849792	
0.0258447043597698	-0.01553875207901	-0.846835911273956	0.709909081459045	
0.023880697786808	-0.0208963509649038	-0.883406400680542	0.646008133888245	
0.0196562185883522	-0.0253626015037298	-0.913973331451416	0.578225553035736	
0.0134973200038075	-0.0282689984887838	-0.938393115997314	0.507623851299286	
0.00606101704761386	-0.0291790161281824	-0.956410706043243	0.435762226581573	
-0.00179105158895254	-0.0279667433351278	-0.967637419700623	0.364524215459824	
-0.00915103126317263	-0.0248386729508638	-0.971568465232849	0.295856535434723	
-0.015223478898406	-0.020295973867178	-0.967641651630402	0.231473535299301	
-0.0194542445242405	-0.0150453457608819	-0.955331563949585	0.172591224312782	
-0.021607231348753	-0.00987560860812664	-0.934264600276947	0.119749739766121	
-0.0217781718820333	-0.00552282435819507	-0.904336333274841	0.0727673768997192	
-0.0203474219888449	-0.0025482124183327	-0.865808963775635	0.0308419596403837	
-0.017885435372591	-0.00125019089318812	-0.819369554519653	-0.00721539976075292	
-0.0150326769798994	-0.00162521691527218	-0.766135513782501	-0.042657695710659	
-0.0123790241777897	-0.00338306371122599	-0.707601428031921	-0.0764544755220413	
-0.0103657394647598	-0.00601234287023544	-0.645531356334686	-0.108991101384163	
-0.00922667142003775	-0.00888326484709978	-0.581810593605042	-0.139879614114761	
-0.00897611491382122	-0.0113683445379138	-0.518276810646057	-0.167925670742989	
-0.00944073498249054	-0.0129590146243572	-0.4565549492836	-0.191266164183617	
-0.0103243365883827	-0.0133573664352298	-0.397919446229935	-0.207658037543297	
-0.0112886652350426	-0.0125270839780569	-0.343203097581863	-0.214868366718292	
-0.0120318112894893	-0.0106952656060457	-0.292763978242874	-0.211094200611115	
-0.0123482095077634	-0.00830569583922625	-0.246512904763222	-0.195332378149033	
-0.0121597917750478	-0.00593284144997597	-0.203993871808052	-0.167627722024918	
-0.011515193618834	-0.00417265202850103	-0.164502322673798	-0.129149064421654	
-0.0105611868202686	-0.00353024341166019	-0.127220913767815	-0.0820750147104263	
-0.00949624087661505	-0.00432480964809656	-0.091350831091404	-0.029306260868907	
0.00851900409907103	0.00662887981161475	0.0562195181846619	-0.0259454417973757	
0.007784194778651	0.0102527337148786	0.021350521594286	-0.08061882853508	
0.0073752417229116	0.0147766629233956	-0.0135105773806572	-0.132232770323753	
0.00729781994596124	0.0196251701563597	-0.0484125800430775	-0.179208174347878	
0.00749279046431184	0.0241697151213884	-0.0832484066486359	-0.221026793122292	
0.00786218885332346	0.0278414282947779	-0.117824204266071	-0.258202791213989	
0.0082990974187851	0.0302334502339363	-0.151931703090668	-0.292078018188477	
0.00871207006275654	0.0311741810292006	-0.185409069061279	-0.324484020471573	
0.00903714913874865	0.0307579208165407	-0.218179047107697	-0.357337862253189	
0.00923477951437235	0.0293267611414194	-0.250259220600128	-0.39224836230278	
0.00927388016134501	0.0274063348770142	-0.281745404005051	-0.430204898118973	
0.00910964328795671	0.0256063193082809	-0.312774926424026	-0.471402138471603	
0.00866410322487354	0.0245030615478754	-0.34348052740097	-0.515225410461426	
0.00781845580786467	0.0245252549648285	-0.37394717335701	-0.560390114784241	
0.00642336113378406	0.0258635170757771	-0.4041827917099	-0.605197906494141	
0.00432867463678122	0.0284208822995424	-0.43411049246788	-0.647851943969727	
0.00142832507845014	0.0318144112825394	-0.46358522772789	-0.68676483631134	
-0.00228913873434067	0.0354292877018452	-0.492431491613388	-0.720797777175903	
-0.00669711641967297	0.0385174937546253	-0.520494818687439	-0.749386310577393	
-0.0115077923983335	0.0403250232338905	-0.547695934772491	-0.77253532409668	
-0.0162794813513756	0.0402261428534985	-0.574074983596802	-0.790692627429962	
-0.020458934828639	0.0378412082791328	-0.599816381931305	-0.804537653923035	
-0.0234554968774319	0.0331168696284294	-0.625245928764343	-0.814735949039459	
-0.0247362963855267	0.0263532735407352	-0.650798618793488	-0.821719110012054	
-0.0239255614578724	0.0181718412786722	-0.676961183547974	-0.825537621974945	
-0.0208882484585047	0.00942723080515862	-0.704196512699127	-0.825820207595825	
-0.0157793052494526	0.00107704568654299	-0.732863008975983	-0.821845889091492	
-0.00904519204050303	-0.00596950296312571	-0.763141751289368	-0.812709748744965	
-0.00137292954605073	-0.0109985200688243	-0.79498428106308	-0.797544062137604	
0.00640775822103024	-0.0136086028069258	-0.828089654445648	-0.775741338729858	
0.01345369592309	-0.0137775354087353	-0.861916720867157	-0.747128307819366	
0.0190460495650768	-0.011866114102304	-0.895728409290314	-0.712049007415771	
0.0227106753736734	-0.00855746958404779	-0.928663969039917	-0.671337425708771	
0.0242971200495958	-0.00474158115684986	-0.959825754165649	-0.62618225812912	
0.0239994879812002	-0.00136450072750449	-0.988368272781372	-0.577914297580719	
0.0223133154213428	0.000731533102225512	-1.01357543468475	-0.527760148048401	
0.0199352912604809	0.000948882894590497	-1.03491306304932	-0.476618528366089	
0.0176245551556349	-0.000969052314758301	-1.0520486831665	-0.424906671047211	
0.0160527937114239	-0.00490336352959275	-1.06483674049377	-0.372513115406036	
0.0156737305223942	-0.0103936698287725	-1.07327079772949	-0.318867146968842	
0.0166395604610443	-0.016734654083848	-1.07741236686707	-0.263111710548401	
0.0187831707298756	-0.0231172610074282	-1.07730984687805	-0.204342603683472	
0.0216717291623354	-0.028787886723876	-1.07292068004608	-0.141862258315086	
0.0247223656624556	-0.0331947207450867	-1.06405580043793	-0.0753937214612961	
0.0273567941039801	-0.036091972142458	-1.05035555362701	-0.00520791066810489	
0.0291622690856457	-0.0375798158347607	-1.03130781650543	0.067862331867218	
0.030022881925106	-0.0380696281790733	-1.00630974769592	0.142523229122162	
0.0301893632858992	-0.0381783097982407	-0.974766433238983	0.217211335897446	
0.0302665457129478	-0.0385696776211262	-0.936216056346893	0.290329843759537	
0.0311135947704315	-0.0397725813090801	-0.890462338924408	0.360473781824112	
0.0336701832711697	-0.0420118607580662	-0.837693214416504	0.426590114831924	
0.0387382544577122	-0.0450884401798248	-0.778563261032104	0.488034039735794	
0.0467605330049992	-0.0483379885554314	-0.714221954345703	0.544506967067719	
0.0576410479843616	-0.0506847500801086	-0.646272957324982	0.595891654491425	
0.0706480741500854	-0.0507901981472969	-0.576662242412567	0.642026543617249	
0.0844270959496498	-0.0472783036530018	-0.507500469684601	0.68248063325882	
0.09713214635849	-0.0390029959380627	-0.440837293863297	0.716395080089569	
0.106662079691887	-0.02531280182302	-0.378415375947952	0.742448091506958	
0.110967800021172	-0.00626398716121912	-0.321437567472458	0.75897479057312	
0.108381278812885	0.0172612462192774	-0.27038386464119	0.764240264892578	
0.0979104563593864	0.0435619503259659	-0.224911913275719	0.756824731826782	
0.0794472843408585	0.0702619403600693	-0.183866202831268	0.736049890518188	
0.0538492053747177	0.0945779755711555	-0.145408436655998	0.702353775501251	
0.0228750705718994	0.1136789098382	-0.1072643622756	0.657520174980164	
-0.0110189570114017	0.12508450448513	-0.0670647621154785	0.604688167572021	
-0.0449936240911484	0.127042725682259	-0.0227413307875395	0.548101425170898	
-0.0762016773223877	0.118824198842049	0.0270747318863869	0.492606908082962	
-0.102163709700108	0.100882910192013	0.0827099233865738	0.442963838577271	
-0.121084325015545	0.0748511701822281	0.143218398094177	0.403068661689758	
-0.132058620452881	0.0433625243604183	0.206311345100403	0.375230044126511	
-0.135138139128685	0.00972347147762775	0.268474072217941	0.359633237123489	
-0.13125017285347	-0.0225200466811657	0.325274616479874	0.35411274433136	
-0.121989488601685	-0.0500572957098484	0.371840357780457	0.354306787252426	
-0.109323181211948	-0.0702562853693962	0.403452426195145	0.354204416275024	
-0.0952629446983337	-0.0815074294805527	0.416186332702637	0.347027897834778	
-0.081562727689743	-0.0834135189652443	0.407514005899429	0.326327919960022	
-0.0694921910762787	-0.0767962038516998	0.376781433820724	0.287123560905457	
-0.059720516204834	-0.0635186359286308	0.325485587120056	0.226899102330208	
-0.052322443574667	-0.0461536273360252	0.257298529148102	0.146281912922859	
-0.0468950308859348	-0.027552105486393	0.177816405892372	0.0492687933146954	
-0.0427529141306877	-0.0103829521685839	0.0940490141510963	-0.0570633038878441	
-0.0391563698649406	0.00328004057519138	0.0137016717344522	-0.163344457745552	
-0.0355224199593067	0.0122564295306802	-0.0556673593819141	-0.259096533060074	
-0.0315752811729908	0.0163944680243731	-0.107510089874268	-0.334147036075592	
-0.0274072419852018	0.0165232457220554	-0.137061342597008	-0.380061209201813	
-0.0234413295984268	0.0142327137291431	-0.141917854547501	-0.391372740268707	
-0.0203085653483868	0.011522276327014	-0.122344404459	-0.366422027349472	
-0.0186711177229881	0.0103814695030451	-0.081262044608593	-0.30766835808754	
-0.0190339740365744	0.0123780807480216	-0.0239158868789673	-0.22142530977726	
-0.0215900223702192	0.0183280576020479	0.042737040668726	-0.117057427763939	
0.0230683721601963	-0.0224021375179291	-0.0419575273990631	0.116346478462219	
0.0277685485780239	-0.0325126610696316	-0.109911367297173	0.00474063958972692	
0.0339600406587124	-0.0452630296349525	-0.171515390276909	-0.102019228041172	
0.0407163165509701	-0.0587893202900887	-0.219823762774467	-0.193462237715721	
0.0469839498400688	-0.0707872733473778	-0.249536886811256	-0.261508464813232	
0.0518035218119621	-0.0789346545934677	-0.257526785135269	-0.301351815462112	
0.0545213520526886	-0.0813371986150742	-0.243072405457497	-0.311848491430283	
0.0549438372254372	-0.0769192799925804	-0.207785308361053	-0.295380860567093	
0.0533966608345509	-0.0656880289316177	-0.155248150229454	-0.257247507572174	
0.0506698600947857	-0.0488199628889561	-0.0904287323355675	-0.204701811075211	
0.0478533543646336	-0.0285485256463289	-0.0189596824347973	-0.145806342363358	
0.0460912697017193	-0.00786407850682735	0.0536105073988438	-0.0882886648178101	
0.0463022850453854	0.00992961879819632	0.122491098940372	-0.0385677218437195	
0.0489232689142227	0.0217335671186447	0.184159874916077	-0.00107961893081665	
0.0537324137985706	0.0251631569117308	0.236651957035065	0.0220289751887321	
0.0597954243421555	0.0189657416194677	0.279603779315948	0.0308373868465424	
0.0655563697218895	0.00327598839066923	0.314066648483276	0.0272759944200516	
0.0690673664212227	-0.020336177200079	0.342137694358826	0.0145432082936168	
0.068323627114296	-0.0490374676883221	0.366478949785233	-0.00355976587161422	
0.0616477578878403	-0.0791005492210388	0.389808535575867	-0.0232528988271952	
0.048054363578558	-0.106416761875153	0.414442896842957	-0.0412610173225403	
0.0275254640728235	-0.127075299620628	0.441956907510757	-0.0550983622670174	
0.00113995233550668	-0.137921243906021	0.473002642393112	-0.0631418824195862	
-0.0289761442691088	-0.137008011341095	0.507299363613129	-0.06452476978302	
-0.0598810128867626	-0.123876392841339	0.543778657913208	-0.0589140020310879	
-0.0882002636790276	-0.099619448184967	0.580843448638916	-0.0462508536875248	
-0.110604241490364	-0.0667257681488991	0.616686344146729	-0.0265300590544939	
-0.124303288757801	-0.0287273023277521	0.649605631828308	0.00032640143763274	
-0.12747947871685	0.0102925859391689	0.678265035152435	0.0344757065176964	
-0.119581982493401	0.0462554767727852	0.701856195926666	0.0760495662689209	
-0.101435214281082	0.0756254717707634	0.720145702362061	0.124977275729179	
-0.0751393884420395	0.0958501398563385	0.733408093452454	0.180794090032578	
-0.0437778308987617	0.105644337832928	0.742268621921539	0.242496997117996	
-0.0109775355085731	0.105082340538502	0.747492611408234	0.308499038219452	
0.0196064058691263	0.0954942181706429	0.749765574932098	0.376710146665573	
0.0447999127209187	0.0791921392083168	0.749506294727325	0.444742679595947	
0.062332134693861	0.0590768456459045	0.746746182441711	0.510208785533905	
0.0711062625050545	0.0381899103522301	0.741093218326569	0.571054339408875	
0.0712809935212135	0.0192820094525814	0.731781899929047	0.625861883163452	
0.0641570165753365	0.00446055922657251	0.717795491218567	0.674058318138123	
0.0518954694271088	-0.00503622414544225	0.69803375005722	0.715980291366577	
0.0371220074594021	-0.00891471188515425	0.671493530273438	0.752777397632599	
0.0224870443344116	-0.00775174796581268	0.637429237365723	0.786166369915009	
0.0102565279230475	-0.00279562408104539	0.595467269420624	0.818079173564911	
0.0019986629486084	0.00431529153138399	0.545657455921173	0.850269615650177	
-0.00158797833137214	0.0118638668209314	0.488459378480911	0.883952915668488	
-0.000686435785610229	0.0183424204587936	0.424671560525894	0.919545769691467	
0.00377632165327668	0.0226729456335306	0.355322808027267	0.956555664539337	
0.0103810569271445	0.0243294816464186	0.281548470258713	0.993638515472412	
0.0175285413861275	0.0233516432344913	0.204476028680801	1.02881145477295	
0.023751987144351	0.020257730036974	0.125138908624649	1.05977654457092	
0.0279733724892139	0.0158823262900114	0.0444296002388	1.08429205417633	
0.0296615809202194	0.011174401268363	-0.0369055718183517	1.1005197763443	
0.0288712996989489	0.00699585396796465	-0.118237428367138	1.10728204250336	
0.0261652078479528	0.00395728321745992	-0.199004024267197	1.10418629646301	
0.0224436391144991	0.00231820484623313	-0.278656452894211	1.09159672260284	
0.0187217388302088	0.00196528993546963	-0.356616050004959	1.07047235965729	
0.0159013457596302	0.00246698525734246	-0.432254195213318	1.04210829734802	
0.0145827597007155	0.00318890158087015	-0.504899322986603	1.0078444480896	
0.0149508863687515	0.003444081870839	-0.573868095874786	0.968802630901337	
0.016753688454628	0.00264723040163517	-0.638511955738068	0.925710260868073	
0.0193717777729034	0.000442895339801908	-0.698265254497528	0.878844022750854	
0.0219602286815643	-0.00321608479134738	-0.752681910991669	0.828102290630341	
0.0236306507140398	-0.00805320311337709	-0.801448702812195	0.773183584213257	
0.0236354190856218	-0.0135169820860028	-0.844370722770691	0.713827013969421	
0.0215176176279783	-0.0188827663660049	-0.881329894065857	0.650055050849915	
0.0171988811343908	-0.0233871452510357	-0.912225186824799	0.582359194755554	
0.0109909707680345	-0.0263691302388906	-0.936908662319183	0.511781990528107	
0.00353246508166194	-0.027391716837883	-0.955133318901062	0.439870595932007	
-0.00433352217078209	-0.0263218022882938	-0.966527998447418	0.368507206439972	
-0.0117141855880618	-0.0233545787632465	-0.970609784126282	0.299648493528366	
-0.0178232248872519	-0.01897899992764	-0.966837346553802	0.235028564929962	
-0.0221087820827961	-0.0138916242867708	-0.95470005273819	0.175888806581497	
-0.0243307817727327	-0.00887532718479633	-0.933829963207245	0.122795604169369	
-0.0245765745639801	-0.00466524669900537	-0.904117703437805	0.0755893513560295	
-0.0232163537293673	-0.00182614824734628	-0.865811288356781	0.0334816016256809	
-0.020811416208744	-0.000662746839225292	-0.81957733631134	-0.00471353763714433	
-0.0179963894188404	-0.00117819628212601	-0.766510963439941	-0.0402569472789764	
-0.0153600489720702	-0.00308698904700577	-0.708087146282196	-0.0741349309682846	
-0.0133474720641971	-0.00587870227172971	-0.646057307720184	-0.106754653155804	
-0.0122002679854631	-0.00892003439366817	-0.582303583621979	-0.137750178575516	
-0.0119425030425191	-0.0115760276094079	-0.518670797348022	-0.165944620966911	
-0.0124102057889104	-0.0133283352479339	-0.456800162792206	-0.189483717083931	
-0.0133137507364154	-0.0138693563640118	-0.397988587617874	-0.20612245798111	
-0.0143168205395341	-0.013155734166503	-0.343093752861023	-0.213615015149117	
-0.0151139190420508	-0.0114122843369842	-0.292496979236603	-0.210136458277702	
-0.0154906250536442	-0.00908639933913946	-0.246126964688301	-0.194656267762184	
-0.0153561076149344	-0.00676182843744755	-0.203538075089455	-0.167191118001938	
-0.0147445406764746	-0.00504795275628567	-0.164027735590935	-0.128885790705681	
-0.0137891937047243	-0.00446483260020614	-0.126772925257683	-0.0819028243422508	
-0.0126785542815924	-0.00534494919702411	-0.0909637734293938	-0.0291374735534191	
0.0116068217903376	0.00776938116177917	0.055914044380188	-0.0261927470564842	
0.010730866342783	0.011549923568964	0.0211341716349125	-0.0810109153389931	
0.0101427920162678	0.0162603389471769	-0.0136402882635593	-0.132813334465027	
0.00986228045076132	0.021311117336154	-0.048463374376297	-0.179995387792587	
0.00984742492437363	0.0260542929172516	-0.0832280069589615	-0.222014665603638	
0.0100180990993977	0.0298994034528732	-0.117735750973225	-0.25936633348465	
0.010283162817359	0.0324195995926857	-0.151770800352097	-0.293380916118622	
0.0105626210570335	0.033428531140089	-0.185162872076035	-0.325887441635132	
0.0107981767505407	0.0330137126147747	-0.217827379703522	-0.358808577060699	
0.0109496871009469	0.031519740819931	-0.249777302145958	-0.393764764070511	
0.0109798321500421	0.0294837038964033	-0.281107366085052	-0.431760162115097	
0.0108333937823772	0.0275336895138025	-0.311957329511642	-0.473003774881363	
0.0104199014604092	0.0262682177126408	-0.342465043067932	-0.516892075538635	
0.00960821565240622	0.0261380840092897	-0.372721999883652	-0.562146067619324	
0.00823888555169106	0.027352211996913	-0.402742713689804	-0.607066810131073	
0.00615536794066429	0.0298252254724503	-0.432455778121948	-0.649851262569427	
0.00324961775913835	0.0331774801015854	-0.461719870567322	-0.688901662826538	
-0.000487510173115879	0.0367891564965248	-0.490361452102661	-0.723067343235016	
-0.00492373062297702	0.0399004779756069	-0.518226981163025	-0.751773297786713	
-0.00976359937340021	0.0417416207492352	-0.545237720012665	-0.775017499923706	
-0.0145575301721692	0.0416702702641487	-0.571435391902924	-0.793246567249298	
-0.0187456663697958	0.0392926707863808	-0.597007274627686	-0.807144403457642	
-0.0217332355678082	0.034546323120594	-0.622283816337585	-0.817386984825134	
-0.0229863580316305	0.027728533372283	-0.64770632982254	-0.824419677257538	
-0.0221313629299402	0.0194641388952732	-0.673767864704132	-0.828308701515198	
-0.0190378315746784	0.0106161385774612	-0.700936913490295	-0.828696846961975	
-0.0138668790459633	0.00215310952626169	-0.729575157165527	-0.824873387813568	
-0.00707150250673294	-0.00500484090298414	-0.759863495826721	-0.815938055515289	
0.00065546267433092	-0.0101355314254761	-0.791749775409698	-0.801020741462708	
0.00848002731800079	-0.0128337079659104	-0.82492607831955	-0.779504954814911	
0.0155567331239581	-0.0130785033106804	-0.858842253684998	-0.751202523708344	
0.0211664438247681	-0.0112368259578943	-0.892752170562744	-0.716439068317413	
0.0248363297432661	-0.00800121575593948	-0.925787925720215	-0.676028549671173	
0.0264182910323143	-0.00427216943353415	-0.957048356533051	-0.631141006946564	
0.0261091981083155	-0.00100500311236829	-0.985689640045166	-0.583091735839844	
0.0244072768837214	0.000952113186940551	-1.01100218296051	-0.533097088336945	
0.0220116004347801	0.00100028177257627	-1.03246235847473	-0.482051223516464	
0.0196834318339825	-0.00111331371590495	-1.04975080490112	-0.430372923612595	
0.0180966556072235	-0.00526154832914472	-1.06273460388184	-0.377957135438919	
0.0177076701074839	-0.0109727904200554	-1.07141721248627	-0.324243128299713	
0.0186721924692392	-0.0175292491912842	-1.07586526870728	-0.268385618925095	
0.0208275690674782	-0.024109972640872	-1.07612574100494	-0.209491744637489	
0.0237460490316153	-0.029951423406601	-1.07214903831482	-0.146873578429222	
0.026849627494812	-0.034494511783123	-1.06373369693756	-0.0802605524659157	
0.0295634288340807	-0.037488792091608	-1.05050551891327	-0.00992635078728199	
0.0314750969409943	-0.0390317477285862	-1.03193843364716	0.0632969066500664	
0.0324645154178143	-0.0395331010222435	-1.00741815567017	0.138118654489517	
0.0327723696827888	-0.0396083071827888	-0.976344168186188	0.2129797488451	
0.0329869985580444	-0.0399196110665798	-0.938254296779633	0.2862868309021	
0.0339449606835842	-0.0409945994615555	-0.892956852912903	0.356635749340057	
0.0365586876869202	-0.0430583581328392	-0.84064656496048	0.422969967126846	
0.0416007824242115	-0.0459153838455677	-0.781983911991119	0.484636068344116	
0.0494860410690308	-0.0489102080464363	-0.718118786811829	0.541321635246277	
0.0600959584116936	-0.0509827397763729	-0.650647103786469	0.592891335487366	
0.0726857408881187	-0.0508175082504749	-0.581496596336365	0.639163613319397	
0.0859007313847542	-0.0470680184662342	-0.512748837471008	0.679688096046448	
0.0979100316762924	-0.0386216416954994	-0.446416616439819	0.71359121799469	
0.10664339363575	-0.0248601958155632	-0.384201735258102	0.739544272422791	
0.110097110271454	-0.00586799578741193	-0.3272685110569	0.755886912345886	
0.106659702956676	0.0174552779644728	-0.276067465543747	0.760901212692261	
0.0954016149044037	0.0434063374996185	-0.230241820216179	0.753197550773621	
0.0762768015265465	0.0696246773004532	-0.188641205430031	0.732139050960541	
0.0501972362399101	0.0933611616492271	-0.149453639984131	0.698212146759033	
0.0189621113240719	0.111834786832333	-0.110451109707355	0.653250873088837	
-0.0149517431855202	0.122626267373562	-0.0693258717656136	0.600439071655273	
-0.0487075261771679	0.124048039317131	-0.0240792278200388	0.544052720069885	
-0.0794844031333923	0.115430258214474	0.0265885647386312	0.488952308893204	
-0.104851312935352	0.0972732305526733	0.082944318652153	0.439887791872025	
-0.123078338801861	0.0712356567382813	0.143999427556992	0.400721698999405	
-0.133336037397385	0.0399535372853279	0.207444310188293	0.373706161975861	
-0.135752856731415	0.00671136379241943	0.269767194986343	0.358952671289444	
-0.131325364112854	-0.0249882414937019	0.326560884714127	0.354213297367096	
-0.121701829135418	-0.0518927872180939	0.372994273900986	0.355045467615128	
-0.108880631625652	-0.0714347809553146	0.404399275779724	0.355370312929153	
-0.0948789939284325	-0.0820658579468727	0.416903138160706	0.348365038633347	
-0.0814303308725357	-0.0834379196166992	0.408022433519363	0.327565640211105	
-0.0697609707713127	-0.0764028951525688	0.377134382724762	0.288010478019714	
-0.0604801550507545	-0.0628318935632706	0.325750440359116	0.22723563015461	
-0.0535945817828178	-0.0452836081385612	0.257539957761765	0.145946815609932	
-0.0486347526311874	-0.026576666161418	0.178081974387169	0.0482354685664177	
-0.0448595285415649	-0.00933616980910301	0.0943599343299866	-0.0587235391139984	
-0.0414918623864651	0.00441095186397433	0.014049761928618	-0.165472939610481	
-0.0379347801208496	0.0135257029905915	-0.0553163513541222	-0.261470466852188	
-0.0339231938123703	0.0178851876407862	-0.107208132743835	-0.336512058973312	
-0.0295823328197002	0.018330093473196	-0.136866822838783	-0.38216832280159	
-0.0253844801336527	0.016443245112896	-0.141883879899979	-0.393014252185822	
-0.0220177136361599	0.0142000336199999	-0.122509159147739	-0.367460578680038	
-0.0201991926878691	0.0135536529123783	-0.0816428512334824	-0.308054655790329	
-0.0204772092401981	0.0160295572131872	-0.0245079658925533	-0.221201658248901	
-0.0230683721601963	0.0224021375179291	0.0419575273990631	-0.116346478462219	
0.0245186146348715	-0.0264489240944386	-0.0411268919706345	0.115493781864643	
0.0293601676821709	-0.0368597358465195	-0.108923114836216	0.00355851300992072	
0.0357861928641796	-0.0497938916087151	-0.170411258935928	-0.103317715227604	
0.0428249388933182	-0.0633798390626907	-0.218645319342613	-0.194674447178841	
0.0493630170822144	-0.0753173828125	-0.248321354389191	-0.262475878000259	
0.0543760061264038	-0.083296462893486	-0.25630646944046	-0.301985114812851	
0.0571512654423714	-0.0854384899139404	-0.241877779364586	-0.312139719724655	
0.0574530735611916	-0.0806823968887329	-0.206650614738464	-0.295400559902191	
0.055590532720089	-0.0690455660223961	-0.154217749834061	-0.257127225399017	
0.0523677729070187	-0.051709309220314	-0.089561715722084	-0.204604983329773	
0.0489199906587601	-0.0309076998382807	-0.0183305609971285	-0.145892903208733	
0.0464633665978909	-0.0096310768276453	0.0539165921509266	-0.0886795967817307	
0.0460064597427845	0.00881269481033087	0.122389167547226	-0.0393162816762924	
0.0480815544724464	0.0213114451617002	0.183580815792084	-0.00215455517172813	
0.052553866058588	0.0254546608775854	0.235560864210129	0.0207444969564676	
0.0585542432963848	0.0199498794972897	0.278017610311508	0.0295303929597139	
0.0645590573549271	0.00488004321232438	0.312067329883575	0.0261738635599613	
0.0686132535338402	-0.0182431396096945	0.339877098798752	0.0138740539550781	
0.0686642080545425	-0.0466429442167282	0.36417356133461	-0.00360997742973268	
0.0629508495330811	-0.0766372382640839	0.387722492218018	-0.0225791782140732	
0.0503783188760281	-0.104141712188721	0.412861168384552	-0.0398672707378864	
0.0308076720684767	-0.125241532921791	0.441151082515717	-0.0531091652810574	
0.00520161353051662	-0.136745601892471	0.473194509744644	-0.0607954524457455	
-0.0244091898202896	-0.136639982461929	0.508627593517303	-0.0621475167572498	
-0.0551440268754959	-0.124373055994511	0.546274125576019	-0.0568800792098045	
-0.0836465582251549	-0.100931115448475	0.584417939186096	-0.0449326634407043	
-0.106559298932552	-0.0686955377459526	0.621137142181396	-0.0262472443282604	
-0.121022552251816	-0.0311055704951286	0.654636085033417	-0.000648322980850935	
-0.125115722417831	0.00781986396759748	0.683519184589386	0.0321502424776554	
-0.118166901171207	0.04402831569314	0.706962943077087	0.0724225789308548	
-0.100877717137337	0.0739664658904076	0.724765539169312	0.120233811438084	
-0.0752407312393188	0.0950224921107292	0.737276494503021	0.175229594111443	
-0.0442611835896969	0.105817444622517	0.745229065418243	0.236477091908455	
-0.0115276267752051	0.106310240924358	0.749514520168304	0.302410930395126	
0.0192994493991137	0.0977101027965546	0.750944375991821	0.370913118124008	
0.0449987910687923	0.0822197645902634	0.750046193599701	0.43952488899231	
0.0632185414433479	0.0626569986343384	0.746927857398987	0.505756974220276	
0.0727595165371895	0.0420178510248661	0.74123215675354	0.567440092563629	
0.0736717656254768	0.0230501182377338	0.732183337211609	0.623045444488525	
0.0671563595533371	0.00789971463382244	0.718713462352753	0.671908915042877	
0.0552972108125687	-0.00212263572029769	0.699639618396759	0.714308023452759	
0.0406746491789818	-0.00662890588864684	0.673858463764191	0.751371502876282	
0.0259300135076046	-0.00609451485797763	0.6405228972435	0.784833133220673	
0.0133553156629205	-0.00167445361148566	0.59917151927948	0.816673338413239	
0.00457376008853316	0.0050650299526751	0.549792170524597	0.848715007305145	
0.000357832905137911	0.0124487178400159	0.492815434932709	0.882249414920807	
0.000605176028329879	0.0189768392592669	0.429045408964157	0.917763292789459	
0.00446399347856641	0.0235470235347748	0.35954624414444	0.954816401004791	
0.0105741871520877	0.0255832523107529	0.285510033369064	0.992092192173004	
0.0173723604530096	0.0250594578683376	0.208130463957787	1.02760767936707	
0.0234011355787516	0.0224242750555277	0.128504425287247	1.05903995037079	
0.0275666918605566	0.0184498336166143	0.0475743822753429	1.08410382270813	
0.0293019469827414	0.0140387965366244	-0.0338843613862991	1.10090827941895	
0.0286132227629423	0.0100282989442348	-0.115237697958946	1.10822379589081	
0.0260114558041096	0.00702698947861791	-0.195941358804703	1.10561454296112	
0.0223506074398756	0.00531257363036275	-0.275481313467026	1.0934180021286	
0.018611853942275	0.00480427918955684	-0.353322833776474	1.07258415222168	
0.0156798288226128	0.00510992622002959	-0.428881108760834	1.04441690444946	
0.0141555462032557	0.00563351344317198	-0.501519918441772	1.01027822494507	
0.0142406104132533	0.00571883376687765	-0.570576667785645	0.971319079399109	
0.0157112572342157	0.0047992947511375	-0.635406076908112	0.928295731544495	
0.0179820042103529	0.00252447882667184	-0.695428729057312	0.881507813930511	
0.0202411878854036	-0.00116025772877038	-0.750171542167664	0.830865681171417	
0.0216275285929441	-0.00599502772092819	-0.799287378787994	0.776067554950714	
0.0214105006307364	-0.0114494124427438	-0.842546939849854	0.716840982437134	
0.0191386081278324	-0.0168193206191063	-0.879804074764252	0.653188824653625	
0.0147278113290668	-0.0213572438806295	-0.910940408706665	0.585580468177795	
0.00847562216222286	-0.0244107935577631	-0.935803711414337	0.515038669109344	
0.00100158678833395	-0.0255435165017843	-0.954155266284943	0.443098396062851	
-0.00687077129259706	-0.0246158707886934	-0.965641617774963	0.371639847755432	
-0.0142649691551924	-0.0218120813369751	-0.969802021980286	0.302628755569458	
-0.0204050354659557	-0.0176087245345116	-0.966116786003113	0.237817570567131	
-0.0247422475367785	-0.0126916235312819	-0.95409107208252	0.178471609950066	
-0.02703289501369	-0.00783678889274597	-0.933363676071167	0.125182092189789	
-0.0273557137697935	-0.00377739407122135	-0.903821408748627	0.0778101161122322	
-0.0260700080543756	-0.0010807728394866	-0.865698873996735	0.0355796962976456	
-0.0237268451601267	-5.72173266846221E-5	-0.819642603397369	-0.00269310898147523	
-0.0209538526833057	-0.000716228620149195	-0.766725122928619	-0.0382780134677887	
-0.0183376614004374	-0.00277708726935089	-0.708401262760162	-0.0721789076924324	
-0.0163264740258455	-0.00573077937588096	-0.646408379077911	-0.104825511574745	
-0.0151694277301431	-0.00894119404256344	-0.582623898983002	-0.135874673724175	
-0.0149006303399801	-0.011766703799367	-0.518897950649261	-0.164167568087578	
-0.015366175211966	-0.0136799020692706	-0.456886321306229	-0.187859445810318	
-0.016283979639411	-0.0143639771267772	-0.397906988859177	-0.204703852534294	
-0.0173207074403763	-0.013768675737083	-0.342841535806656	-0.212442383170128	
-0.0181681979447603	-0.0121163129806519	-0.292093992233276	-0.209228292107582	
-0.0186037886887789	-0.00985733512789011	-0.245610967278481	-0.1940036714077	
-0.0185240898281336	-0.00758403167128563	-0.202957361936569	-0.166756883263588	
-0.0179485995322466	-0.0059184106066823	-0.163432940840721	-0.128608256578445	
-0.0169964861124754	-0.00539480475708842	-0.126209393143654	-0.081703893840313	
-0.0158454217016697	-0.00635857600718737	-0.0904658809304237	-0.0289331879466772	
0.0146842272952199	0.00889932364225388	0.055502288043499	-0.0264809224754572	
0.0136710861697793	0.0128307202830911	0.020815297961235	-0.0814460590481758	
0.0129061546176672	0.017720703035593	-0.0138704655691981	-0.133435994386673	
0.0124228009954095	0.022966681048274	-0.0486154370009899	-0.180820509791374	
0.0121963676065207	0.0279022436589003	-0.0833137184381485	-0.223032906651497	
0.0121648833155632	0.0319161862134933	-0.117763370275497	-0.260549157857895	
0.0122535144910216	0.0345622450113297	-0.151741802692413	-0.294688403606415	
0.0123943602666259	0.035639476031065	-0.185070618987083	-0.32727712392807	
0.0125354314222932	0.0352283380925655	-0.217657759785652	-0.360243797302246	
0.0126365646719933	0.0336752608418465	-0.24951097369194	-0.395220875740051	
0.0126546202227473	0.0315278358757496	-0.280722975730896	-0.433227598667145	
0.0125242276117206	0.0294315218925476	-0.311434686183929	-0.474487841129303	
0.0121425176039338	0.0280060674995184	-0.341787815093994	-0.518409490585327	
0.011365994811058	0.0277237221598625	-0.371879279613495	-0.56371945142746	
0.0100249769166112	0.0288114957511425	-0.401729136705399	-0.608718276023865	
0.00795633625239134	0.03119589202106	-0.431270867586136	-0.651596307754517	
0.00504979491233826	0.0345013216137886	-0.460366487503052	-0.690745115280151	
0.00129818508867174	0.0381041094660759	-0.48884442448616	-0.725001573562622	
-0.00316094746813178	0.0412340350449085	-0.516551971435547	-0.753779709339142	
-0.00802506413310766	0.0431067496538162	-0.543411135673523	-0.777070283889771	
-0.0128373112529516	0.0430643782019615	-0.569465041160583	-0.79531854391098	
-0.0170319341123104	0.0406996123492718	-0.594903647899628	-0.80921334028244	
-0.0200107507407665	0.035940770059824	-0.620061695575714	-0.819441437721252	
-0.02123948559165	0.0290816519409418	-0.645385682582855	-0.826463341712952	
-0.0203469693660736	0.0207493044435978	-0.671373903751373	-0.830361664295197	
-0.01720748282969	0.0118134524673223	-0.698499143123627	-0.83079469203949	
-0.0119879730045795	0.0032518757507205	-0.727124691009521	-0.827063024044037	
-0.00514720566570759	-0.00400608777999878	-0.757430076599121	-0.818271696567535	
0.00261734146624804	-0.00923126749694347	-0.789357960224152	-0.803548693656921	
0.0104688834398985	-0.0120152812451124	-0.822592675685883	-0.782268226146698	
0.0175612717866898	-0.0123386224731803	-0.856574475765228	-0.754226982593536	
0.0231765769422054	-0.0105736004188657	-0.89054811000824	-0.719731271266937	
0.0268444940447807	-0.00742080342024565	-0.923638880252838	-0.679574251174927	
0.0284199956804514	-0.00378943746909499	-0.954943299293518	-0.634906530380249	
0.0281028263270855	-0.000642066763248295	-0.983620226383209	-0.587027668952942	
0.0263933502137661	0.00116913334932178	-1.00896835327148	-0.537143886089325	
0.0239918660372496	0.00104557001031935	-1.0304764509201	-0.486145883798599	
0.0216601546853781	-0.00126080948393792	-1.04783999919891	-0.434455275535583	
0.0200724247843027	-0.00561440689489245	-1.0609405040741	-0.381975561380386	
0.0196858812123537	-0.011532835662365	-1.06979274749756	-0.328158587217331	
0.0206581205129623	-0.0182870086282492	-1.07446932792664	-0.272173285484314	
0.022829731926322	-0.0250457674264908	-1.07501649856567	-0.213140785694122	
0.0257773753255606	-0.0310375932604074	-1.07137727737427	-0.150384739041328	
0.0289278477430344	-0.0356981046497822	-1.06333792209625	-0.0836423859000206	
0.0317101553082466	-0.0387739315629005	-1.05050873756409	-0.0131907491013408	
0.0337132401764393	-0.0403611809015274	-1.0323486328125	0.060139037668705	
0.0348139777779579	-0.0408686697483063	-1.00823175907135	0.135060787200928	
0.0352443233132362	-0.0409105643630028	-0.977550566196442	0.210021480917931	
0.0355774089694023	-0.0411471724510193	-0.939842820167542	0.283433616161346	
0.0366283878684044	-0.0421040318906307	-0.894921720027924	0.353896528482437	
0.039283461868763	-0.0440054722130299	-0.842990159988403	0.42035299539566	
0.0442867651581764	-0.0466585010290146	-0.784715950489044	0.482143610715866	
0.0520258881151676	-0.0494155287742615	-0.721252143383026	0.538944363594055	
0.0623604692518711	-0.0512313954532146	-0.65418940782547	0.590603947639465	
0.0745332464575768	-0.0508131943643093	-0.58543986082077	0.636921942234039	
0.0871899500489235	-0.0468436554074287	-0.517059087753296	0.677429795265198	
0.0985151529312134	-0.0382434651255608	-0.451024740934372	0.711239755153656	
0.106469705700874	-0.0244275871664286	-0.388999462127686	0.737016618251801	
0.109095171093941	-0.00550813367590308	-0.332109719514847	0.753104090690613	
0.104836031794548	0.0175981801003218	-0.280776262283325	0.757801353931427	
0.0928241610527039	0.0431864149868488	-0.234626859426498	0.749748766422272	
0.0730739757418633	0.0689126253128052	-0.192514479160309	0.728350341320038	
0.0465500093996525	0.0920628011226654	-0.152651309967041	0.69414097070694	
0.0150895956903696	0.10990697145462	-0.112853087484837	0.649004578590393	
-0.0188119541853666	0.120087526738644	-0.0708711370825768	0.596169590950012	
-0.0523222051560879	0.120981633663177	-0.0247741416096687	0.539944410324097	
-0.0826481282711029	0.111978694796562	0.0266704708337784	0.485203146934509	
-0.107407711446285	0.0936244353652	0.0836713463068008	0.436686515808105	
-0.12493634968996	0.0676024854183197	0.145198315382004	0.398223251104355	
-0.134479194879532	0.0365494228899479	0.208921998739243	0.372009009122849	
-0.136240050196648	0.00372567144222558	0.271334409713745	0.358081668615341	
-0.131282925605774	-0.0274114441126585	0.328054070472717	0.35411074757576	
-0.121307618916035	-0.0536692664027214	0.374292343854904	0.355572760105133	
-0.108342155814171	-0.0725457668304443	0.405433118343353	0.356320708990097	
-0.0944081097841263	-0.0825540125370026	0.417656511068344	0.349486470222473	
-0.0812178924679756	-0.0833944007754326	0.40852490067482	0.328591108322144	
-0.0699546635150909	-0.0759478285908699	0.377447575330734	0.288691848516464	
-0.0611684359610081	-0.0620915964245796	0.325950980186462	0.22737643122673	
-0.0547989383339882	-0.0443683676421642	0.25770166516304	0.145428821444511	
-0.0503111779689789	-0.0255627371370792	0.178260907530785	0.0470352023839951	
-0.0469090268015862	-0.00825488939881325	0.0945844128727913	-0.0605314522981644	
-0.043778371065855	0.0055754785425961	0.0143169667571783	-0.167726278305054	
-0.0403078719973564	0.0148302726447582	-0.0550374314188957	-0.263942658901215	
-0.0362421348690987	0.0194140560925007	-0.106968358159065	-0.338944911956787	
-0.0317378900945187	0.0201770849525928	-0.136725395917892	-0.384309381246567	
-0.0273150783032179	0.0186927802860737	-0.14189624786377	-0.394653171300888	
-0.0237174276262522	0.0169104095548391	-0.122716665267944	-0.36845862865448	
-0.0217162109911442	0.0167453661561012	-0.0820662975311279	-0.308363020420074	
-0.0219029039144516	0.0196803193539381	-0.0251457169651985	-0.220865458250046	
-0.0245186146348715	0.0264489240944386	0.0411268919706345	-0.115493781864643	
0.0259389877319336	-0.0304634869098663	-0.0402461513876915	0.114500366151333	
0.0309083834290504	-0.0411421097815037	-0.107878632843494	0.00221631000749767	
0.0375550016760826	-0.0542267151176929	-0.169244050979614	-0.104786023497581	
0.0448642410337925	-0.0678421035408974	-0.217396751046181	-0.19605527818203	
0.051664873957634	-0.0796962231397629	-0.247028648853302	-0.263599276542664	
0.0568688660860062	-0.0874947234988213	-0.255001664161682	-0.302750915288925	
0.0597049780189991	-0.0893769934773445	-0.240590527653694	-0.312530934810638	
0.0598945394158363	-0.084297277033329	-0.205413579940796	-0.295481264591217	
0.05772814899683	-0.0722819641232491	-0.153073132038116	-0.257025897502899	
0.0540213249623775	-0.0545140653848648	-0.0885661840438843	-0.204485595226288	
0.0499515719711781	-0.0332235768437386	-0.0175565294921398	-0.14591933786869	
0.0468044802546501	-0.0113950809463859	0.0543851144611835	-0.0889794155955315	
0.0456767566502094	0.00766540365293622	0.122466705739498	-0.0399506688117981	
0.0471957586705685	0.0208378806710243	0.183195695281029	-0.00310013559646904	
0.0513149909675121	0.0256898570805788	0.234673470258713	0.0195983350276947	
0.057233277708292	0.0208908636122942	0.276638180017471	0.0283675137907267	
0.0634633302688599	0.00647149002179503	0.310269713401794	0.0252225697040558	
0.0680475160479546	-0.0161179229617119	0.337804734706879	0.0133679015561938	
0.0688897967338562	-0.0441625341773033	0.362035155296326	-0.0034753093495965	
0.0641487538814545	-0.0740322694182396	0.385776281356812	-0.0216856505721807	
0.0526216812431812	-0.101674638688564	0.411388754844666	-0.0382039286196232	
0.0340480357408524	-0.123177915811539	0.440423905849457	-0.0507858358323574	
0.00927133020013571	-0.13532055914402	0.47343721985817	-0.0580377392470837	
-0.0197782330214977	-0.136024802923203	0.509984195232391	-0.0592732019722462	
-0.0502876490354538	-0.124647475779057	0.548782229423523	-0.0542600639164448	
-0.0789258033037186	-0.102066121995449	0.587995767593384	-0.0429421775043011	
-0.102314122021198	-0.0705502182245255	0.625586450099945	-0.0252147205173969	
-0.117528066039085	-0.0334396585822105	0.659661471843719	-0.000809775607194752	
-0.122547246515751	0.0053188893944025	0.688761591911316	0.0306843034923077	
-0.116578683257103	0.0417068600654602	0.712042808532715	0.0696826279163361	
-0.100198283791542	0.0721605122089386	0.72933030128479	0.11638692766428	
-0.0752853825688362	0.0940137505531311	0.741044580936432	0.170556023716927	
-0.0447597280144691	0.105796530842781	0.748024702072144	0.231331616640091	
-0.012163158506155	0.107352368533611	0.751287460327148	0.297175019979477	
0.0188463795930147	0.0997669547796249	0.751772403717041	0.365945369005203	
0.0450069755315781	0.0851287618279457	0.750119686126709	0.435117244720459	
0.0638899728655815	0.0661663189530373	0.746519267559052	0.502102732658386	
0.0741952434182167	0.0458234064280987	0.74065500497818	0.564618110656738	
0.0758626386523247	0.0268385782837868	0.731747567653656	0.621022403240204	
0.0699895322322845	0.0113911600783467	0.718683481216431	0.670557141304016	
0.0585766695439816	0.000861169712152332	0.700201451778412	0.713436365127563	
0.0441521853208542	-0.00427001621574163	0.675100564956665	0.750762760639191	
0.02934162132442	-0.00437528407201171	0.642432749271393	0.784281969070435	
0.0164574068039656	-0.000513380276970565	0.601647317409515	0.816018521785736	
0.00717395404353738	0.00582578266039491	0.552667319774628	0.847861289978027	
0.00233611301518977	0.0130136841908097	0.495890647172928	0.881176888942719	
0.0019229386234656	0.019563090056181	0.432122737169266	0.916522681713104	
0.00516050541773438	0.0243510771542788	0.362459897994995	0.953513443470001	
0.0107519160956144	0.026754105463624	0.288148492574692	0.990864038467407	
0.0171742755919695	0.0266814436763525	0.210447490215302	1.0265965461731	
0.0229840856045485	0.0245115626603365	0.130517691373825	1.05836808681488	
0.0270753335207701	0.0209523756057024	0.0493534468114376	1.08385503292084	
0.0288472194224596	0.0168576091527939	-0.032238133251667	1.10111737251282	
0.028258390724659	0.0130366403609514	-0.11361475288868	1.10887622833252	
0.0257672499865294	0.0100933182984591	-0.19424669444561	1.10665452480316	
0.0221794229000807	0.00832124799489975	-0.273652285337448	1.09476292133331	
0.0184394791722298	0.00767077319324017	-0.351339221000671	1.07414197921753	
0.0154120707884431	0.00778861017897725	-0.426766335964203	1.04610347747803	
0.0136965177953243	0.00811756122857332	-0.499333709478378	1.01202988624573	
0.0135094821453094	0.00803327560424805	-0.568401575088501	0.973099946975708	
0.0146547723561525	0.00698935193940997	-0.633330464363098	0.930098533630371	
0.0165810715407133	0.00464194128289819	-0.693530380725861	0.883347809314728	
0.0185109991580248	0.000930189096834511	-0.748504221439362	0.832770645618439	
0.0196118578314781	-0.00390184787102044	-0.797873377799988	0.778065800666809	
0.0191717781126499	-0.00934461038559675	-0.84137624502182	0.718950033187866	
0.0167459771037102	-0.0147149385884404	-0.878839731216431	0.655407905578613	
0.012245518155396	-0.0192820318043232	-0.910128891468048	0.587887048721313	
0.00595379155129194	-0.0224031377583742	-0.935087502002716	0.51739114522934	
-0.00152918312232941	-0.0236433632671833	-0.953485250473022	0.445442616939545	
-0.00940043292939663	-0.0228575207293034	-0.964986264705658	0.373919010162354	
-0.0168009866029024	-0.0202192459255457	-0.969152629375458	0.304794102907181	
-0.0229663364589214	-0.0161926597356796	-0.965486824512482	0.239837244153023	
-0.0273517388850451	-0.0114523135125637	-0.953510761260986	0.180336281657219	
-0.0297102108597755	-0.00676649995148182	-0.932870984077454	0.126905724406242	
-0.0301117058843374	-0.00286540854722261	-0.903451681137085	0.0794259607791901	
-0.0289039760828018	-0.000317967729642987	-0.865474879741669	0.0371322929859161	
-0.0266268644481897	0.000560703803785145	-0.819567441940308	-0.00115834001917392	
-0.0238998867571354	-0.000244848226429895	-0.76677942276001	-0.0367253534495831	
-0.0213065184652805	-0.0024587067309767	-0.708544433116913	-0.0705909952521324	
-0.0192973893135786	-0.00557366292923689	-0.646584868431091	-0.103208258748055	
-0.0181289110332727	-0.0089514683932066	-0.58277153968811	-0.134257435798645	
-0.0178454611450434	-0.0119446106255054	-0.518958270549774	-0.162598475813866	
-0.0183038376271725	-0.0140173574909568	-0.456813633441925	-0.18639674782753	
-0.0192304216325283	-0.0148441977798939	-0.397675186395645	-0.203404903411865	
-0.0202958844602108	-0.0143681718036532	-0.342447370290756	-0.211352422833443	
-0.0211902968585491	-0.0128089087083936	-0.291556298732758	-0.208370983600616	
-0.0216833874583244	-0.0106194019317627	-0.244966313242912	-0.193375319242477	
-0.021659454330802	-0.00839974358677864	-0.202253118157387	-0.166325315833092	
-0.0211231354624033	-0.0067837736569345	-0.162719190120697	-0.128316566348076	
-0.0201789606362581	-0.00631940551102161	-0.125531300902367	-0.0814783200621605	
-0.0189929828047752	-0.00736445654183626	-0.089857779443264	-0.0286936517804861	
0.0177477486431599	0.0100169824436307	0.0549844726920128	-0.0268094409257174	
0.0166019052267075	0.0140928728505969	0.0203938186168671	-0.0819233804941177	
0.0156630128622055	0.019154941663146	-0.0142014045268297	-0.134099498391151	
0.0149777634069324	0.0245884470641613	-0.0488691367208958	-0.181681975722313	
0.0145387062802911	0.0297095514833927	-0.0835058689117432	-0.224079683423042	
0.0143022760748863	0.0338872037827969	-0.117907240986824	-0.261749237775803	
0.0142104243859649	0.0366563312709332	-0.151844710111618	-0.295998275279999	
0.0142079563811421	0.0378016047179699	-0.18513211607933	-0.328650802373886	
0.0142498258501291	0.0373961739242077	-0.217669904232025	-0.361641228199005	
0.0142964217811823	0.035787645727396	-0.249460026621819	-0.396614342927933	
0.0142992408946157	0.0335331410169601	-0.280592203140259	-0.43460488319397	
0.0141830677166581	0.031294409185648	-0.311207354068756	-0.475852012634277	
0.0138327889144421	0.0297114290297031	-0.341449797153473	-0.519775450229645	
0.0130925746634603	0.0292771868407726	-0.371420562267303	-0.565108358860016	
0.0117824301123619	0.0302365105599165	-0.401144355535507	-0.610150516033173	
0.00973245874047279	0.0325280204415321	-0.430558770895004	-0.653085649013519	
0.00682989088818431	0.0357809364795685	-0.459528803825378	-0.692294180393219	
0.0030691740103066	0.0393688641488552	-0.487884670495987	-0.726600170135498	
-0.00140734948217869	0.0425125025212765	-0.515474617481232	-0.755406022071838	
-0.00629062531515956	0.0444143116474152	-0.542221486568451	-0.778694987297058	
-0.0111172115430236	0.044401939958334	-0.568169772624969	-0.796910643577576	
-0.015316192060709	0.0420551300048828	-0.593511998653412	-0.810747087001801	
-0.0182866957038641	0.0372930243611336	-0.618586480617523	-0.820902645587921	
-0.0194946639239788	0.0304052904248238	-0.643844187259674	-0.827853500843048	
-0.0185717940330505	0.0220199506729841	-0.669787585735321	-0.831700146198273	
-0.015397110953927	0.0130118345841765	-0.696892201900482	-0.832117438316345	
-0.0101430090144277	0.00436611194163561	-0.725521564483643	-0.828418254852295	
-0.00327320955693722	-0.00298035074956715	-0.755852282047272	-0.819713830947876	
0.00451137963682413	-0.00829272344708443	-0.78782069683075	-0.805130541324615	
0.0123726679012179	-0.0111602302640676	-0.821102142333984	-0.784033358097076	
0.0194654166698456	-0.0115647334605455	-0.855126798152924	-0.756203293800354	
0.0250743962824345	-0.00988319981843233	-0.889130353927612	-0.72192656993866	
0.0287330094724894	-0.00682286266237497	-0.92223185300827	-0.681974828243256	
0.0302999839186668	-0.00329977390356362	-0.953526079654694	-0.637478351593018	
0.0299779884517193	-0.000281684042420238	-0.982176244258881	-0.589720845222473	
0.0282689332962036	0.0013771808007732	-1.0074907541275	-0.539898574352264	
0.0258731432259083	0.00108009623363614	-1.028972864151	-0.488899499177933	
0.0235512722283602	-0.00141528283711523	-1.04633438587189	-0.437149852514267	
0.0219759773463011	-0.00596469780430198	-1.05947303771973	-0.384563803672791	
0.0216033942997456	-0.0120756030082703	-1.06841623783112	-0.330608159303665	
0.0225913841277361	-0.0190089046955109	-1.0732433795929	-0.274468839168549	
0.024782607331872	-0.0259250272065401	-1.07400047779083	-0.215283393859863	
0.0277575235813856	-0.0320465341210365	-1.07062327861786	-0.152389109134674	
0.0309477336704731	-0.036805771291256	-1.06288516521454	-0.0855323746800423	
0.0337866805493832	-0.0399482101202011	-1.05038058757782	-0.0149940699338913	
0.0358656011521816	-0.0415698364377022	-1.03255224227905	0.0583960600197315	
0.0370596423745155	-0.0420792326331139	-1.00876176357269	0.133357435464859	
0.0375934019684792	-0.04208929464221	-0.978394627571106	0.208345085382462	
0.0380261726677418	-0.0422578752040863	-0.940988183021545	0.281779825687408	
0.0391528978943825	-0.0431075282394886	-0.896361291408539	0.352267116308212	
0.0418345667421818	-0.0448606722056866	-0.844726085662842	0.418751865625381	
0.0467876829206944	-0.0473256446421146	-0.786759912967682	0.480571150779724	
0.054373312741518	-0.0498617142438889	-0.723621010780334	0.537391602993011	
0.0644297823309898	-0.0514378696680069	-0.656897783279419	0.58904755115509	
0.0761878564953804	-0.0507832765579224	-0.588489711284637	0.635321140289307	
0.0882940515875816	-0.046609703451395	-0.520428657531738	0.675726473331451	
0.0989486873149872	-0.0378710739314556	-0.45465961098671	0.709362030029297	
0.106143802404404	-0.024015499278903	-0.392807215452194	0.734886169433594	
0.107965990900993	-0.00518277194350958	-0.33596071600914	0.750646889209747	
0.102915048599243	0.0176936816424131	-0.284510761499405	0.754960238933563	
0.0901831910014153	0.0429078340530396	-0.238068535923958	0.746496260166168	
0.0698437690734863	0.068133108317852	-0.195488482713699	0.724699974060059	
0.0429119691252708	0.0906914919614792	-0.155004650354385	0.690154492855072	
0.0112611604854465	0.107904970645905	-0.114474065601826	0.644793629646301	
-0.0225969403982162	0.117478236556053	-0.071704626083374	0.591890394687653	
-0.05583605915308	0.117853462696075	-0.0248301867395639	0.535785436630249	
-0.0856922492384911	0.108479022979736	0.0273165311664343	0.481366842985153	
-0.109833098948002	0.0899452045559883	0.0848874896764755	0.433365941047668	
-0.126659139990807	0.0639591813087463	0.146812111139297	0.395577818155289	
-0.135489165782928	0.033156331628561	0.210742115974426	0.37014177441597	
-0.136600807309151	0.000771041319239885	0.27317413687706	0.357022047042847	
-0.131123661994934	-0.0297865103930235	0.329753190279007	0.353805691003799	
-0.120807215571404	-0.0553849712014198	0.375734061002731	0.355888247489929	
-0.107707485556602	-0.073588639497757	0.406553745269775	0.357054471969604	
-0.09384935349226	-0.0829721242189407	0.418446391820908	0.350390702486038	
-0.0809237957000732	-0.0832836553454399	0.40902116894722	0.32940286397934	
-0.0700710564851761	-0.0754317864775658	0.377720504999161	0.289166808128357	
-0.0617827214300632	-0.0612982660531998	0.326086223125458	0.227321684360504	
-0.0559326112270355	-0.0434078723192215	0.257782131433487	0.14472958445549	
-0.0519213266670704	-0.0245096012949944	0.178351074457169	0.0456713140010834	
-0.0488985180854797	-0.00713767483830452	0.0947198495268822	-0.0624820291996002	
-0.046013243496418	0.0067756581120193	0.014500318095088	-0.170097962021828	
-0.0426393710076809	0.016172531992197	-0.0548337250947952	-0.266505539417267	
-0.0385301522910595	0.0209834706038237	-0.106793828308582	-0.341437578201294	
-0.0338723100721836	0.0220662225037813	-0.136639833450317	-0.3864766061306	
-0.0292317923158407	0.0209825020283461	-0.14195716381073	-0.396282583475113	
-0.0254065152257681	0.0196533910930157	-0.122968479990959	-0.369410753250122	
-0.0232209451496601	0.0199550967663527	-0.0825331211090088	-0.308590084314346	
-0.023309638723731	0.0233271773904562	-0.0258290078490973	-0.22041554749012	
-0.0259389877319336	0.0304634869098663	0.0402461513876915	-0.114500366151333	
0.0273277554661036	-0.0344409346580505	-0.0393163785338402	0.113367460668087	
0.0324110686779022	-0.0453533791005611	-0.106779858469963	0.000717282469850034	
0.0392638854682446	-0.0585537888109684	-0.168016448616982	-0.106419317424297	
0.0468312203884125	-0.0721673965454102	-0.216081380844116	-0.197598844766617	
0.0538861900568008	-0.0839143991470337	-0.245662540197372	-0.264872342348099	
0.0592786446213722	-0.091519720852375	-0.25361642241478	-0.303643077611923	
0.0621791630983353	-0.0931431278586388	-0.239214718341827	-0.313016414642334	
0.0622653216123581	-0.0877548158168793	-0.204078122973442	-0.295617997646332	
0.0598073080182076	-0.075388990342617	-0.151817828416824	-0.256939291954041	
0.0556292720139027	-0.0572271645069122	-0.0874450355768204	-0.204340100288391	
0.0509479679167271	-0.0354905053973198	-0.0166396535933018	-0.145882561802864	
0.0471156053245068	-0.0131520563736558	0.0550150200724602	-0.0891852080821991	
0.0453151762485504	0.0064900703728199	0.122723810374737	-0.0404680296778679	
0.0462685935199261	0.0203135050833225	0.183005854487419	-0.00391349941492081	
0.0500187948346138	0.0258678011596203	0.233992233872414	0.0185932870954275	
0.0558353140950203	0.0217864457517862	0.275468915700912	0.0273512937128544	
0.0622711889445782	0.00804715603590012	0.308677911758423	0.0244241282343864	
0.0673708692193031	-0.0139641212299466	0.335924953222275	0.0130259534344077	
0.0689994245767593	-0.0415996685624123	0.360067784786224	-0.00315557885915041	
0.0652386024594307	-0.0712883025407791	0.383973032236099	-0.0205732136964798	
0.0547797158360481	-0.099016860127449	0.410027414560318	-0.0362728275358677	
0.037240207195282	-0.120883919298649	0.439775258302689	-0.0481307692825794	
0.0133416308090091	-0.13364340364933	0.473728597164154	-0.0548711121082306	
-0.0150912255048752	-0.135157555341721	0.511364936828613	-0.0559034310281277	
-0.0453195758163929	-0.124692730605602	0.551296651363373	-0.0510540045797825	
-0.0740447491407394	-0.103015936911106	0.591569185256958	-0.0402771420776844	
-0.0978739112615585	-0.0722803846001625	0.63002598285675	-0.023427365347743	
-0.113823153078556	-0.0357200913131237	0.664673924446106	-0.000149658822920173	
-0.11977544426918	0.00279826810583472	0.693985402584076	0.0300893317908049	
-0.114817067980766	0.0392979644238949	0.717091202735901	0.0678439512848854	
-0.0993955507874489	0.0702119618654251	0.733838200569153	0.113452985882759	
-0.0752716958522797	0.0928253084421158	0.744713962078094	0.166791006922722	
-0.0452724695205688	0.105579882860184	0.750660479068756	0.227078393101692	
-0.0128847463056445	0.10820409655571	0.7528195977211	0.292808353900909	
0.0182441268116236	0.101657800376415	0.752260446548462	0.361822515726089	
0.0448183417320251	0.0879106000065804	0.749739348888397	0.431533217430115	
0.0643370077013969	0.0695957392454147	0.745533645153046	0.499257117509842	
0.075400784611702	0.0495979562401772	0.739374577999115	0.562597393989563	
0.0778382197022438	0.0306401532143354	0.730485916137695	0.619799792766571	
0.0726391822099686	0.0149297649040818	0.717714548110962	0.670008778572083	
0.0617155246436596	0.00391256995499134	0.69972550868988	0.713370680809021	
0.0475363917648792	-0.00183811306487769	0.675223231315613	0.750956833362579	
0.0327047407627106	-0.00259188446216285	0.643159329891205	0.784519374370575	
0.0195476152002811	0.000691392051521689	0.602892816066742	0.816122531890869	
0.00978655554354191	0.00660214154049754	0.554279267787933	0.847718119621277	
0.00433688890188932	0.0135632315650582	0.497680157423019	0.880746483802795	
0.00325948093086481	0.0201046206057072	0.433898448944092	0.915836334228516	
0.00586067792028189	0.0250867903232574	0.36405885219574	0.952659964561462	
0.0109106348827481	0.0278414525091648	0.289459526538849	0.98996776342392	
0.0169315151870251	0.0282145105302334	0.211423441767693	1.02579152584076	
0.0224981978535652	0.0265140756964684	0.131175741553307	1.05777394771576	
0.02649618498981	0.0233823247253895	0.0497642159461975	1.08355748653412	
0.0282934177666903	0.0196216031908989	-0.0319694504141808	1.1011575460434	
0.0278017930686474	0.0160106401890516	-0.113371565937996	1.10924851894379	
0.0254266336560249	0.0131456265226007	-0.193923786282539	1.10731399059296	
0.0219234805554152	0.0113336918875575	-0.273174196481705	1.09563803672791	
0.0181978046894073	0.0105547113344073	-0.350671350955963	1.07515144348145	
0.0150915551930666	0.0104936389252543	-0.425917208194733	1.04717230796814	
0.0131999375298619	0.0106323212385178	-0.498349070549011	1.01310253143311	
0.0127529231831431	0.0103792250156403	-0.567351818084717	0.974147796630859	
0.0135810561478138	0.00920953508466482	-0.632294595241547	0.93112051486969	
0.0151672633364797	0.00678747054189444	-0.692579686641693	0.884365200996399	
0.0167693123221397	0.00304726557806134	-0.747689187526703	0.833817780017853	
0.0175844226032495	-0.00178199191577733	-0.797215521335602	0.779178142547607	
0.0169208701699972	-0.00721130194142461	-0.840866804122925	0.720153570175171	
0.0143418582156301	-0.0125786997377872	-0.878444492816925	0.656711041927338	
0.00975436251610518	-0.0171708092093468	-0.909797728061676	0.589277565479279	
0.0034278673119843	-0.0203554853796959	-0.934766709804535	0.518837749958038	
-0.0040575242601335	-0.0217004045844078	-0.953129351139069	0.446901381015778	
-0.0119202462956309	-0.0210555270314217	-0.964567899703979	0.375342786312103	
-0.0193199384957552	-0.0185843482613564	-0.968667268753052	0.306142598390579	
-0.0255046505481005	-0.0147385131567717	-0.964952647686005	0.241085663437843	
-0.0299344379454851	-0.0101808458566666	-0.952963769435883	0.181480795145035	
-0.0323594398796558	-0.00567111559212208	-0.932355999946594	0.127964287996292	
-0.0328407175838947	-0.00193554582074285	-0.903011918067932	0.0804344266653061	
-0.0317138768732548	0.000456311769085005	-0.865141928195953	0.0381365902721882	
-0.0295066293329	0.00118528481107205	-0.819353818893433	-0.000112388312118128	
-0.0268293060362339	0.000230403427849524	-0.766674876213074	-0.0356024466454983	
-0.0242612585425377	-0.00213718181475997	-0.708517253398895	-0.0693748965859413	
-0.0222548451274633	-0.00541241373866796	-0.646586775779724	-0.101906664669514	
-0.0210734754800797	-0.00895554199814796	-0.582746505737305	-0.132902130484581	
-0.0207719691097736	-0.0121139492839575	-0.51885187625885	-0.161240696907043	
-0.0212184190750122	-0.014344310387969	-0.456582427024841	-0.185098499059677	
-0.0221485458314419	-0.0153129631653428	-0.397293865680695	-0.202227920293808	
-0.0232379920780659	-0.0149564612656832	-0.341912299394608	-0.210346788167953	
-0.0241759642958641	-0.0134916109964252	-0.290885239839554	-0.207565575838089	
-0.0247252136468887	-0.0113734761252999	-0.244194552302361	-0.192771762609482	
-0.0247580036520958	-0.00920923799276352	-0.201426923274994	-0.165896654129028	
-0.0242639873176813	-0.00764377601444721	-0.161887913942337	-0.128010824322701	
-0.0233325622975826	-0.00723787862807512	-0.124739766120911	-0.0812262073159218	
-0.0221174024045467	-0.00836136378347874	-0.0891401916742325	-0.0284191574901342	
0.0207939110696316	0.0111206565052271	0.0543609485030174	-0.0271777044981718	
0.0195203516632318	0.0153341814875603	0.0198697224259377	-0.0824419036507607	
0.0184110160917044	0.0205603130161762	-0.014633352868259	-0.134802520275116	
0.0175255127251148	0.0261731054633856	-0.0492248199880123	-0.18257811665535	
0.0168734975159168	0.0314723253250122	-0.0838047564029694	-0.225153014063835	
0.0164299979805946	0.0358080118894577	-0.118167512118816	-0.262964397668839	
0.0161541793495417	0.0386969372630119	-0.152079433202744	-0.29730823636055	
0.016004117205739	0.0399096384644508	-0.185347095131874	-0.330006092786789	
0.0159423314034939	0.0395117290318012	-0.217863380908966	-0.362998425960541	
0.0159303471446037	0.0378513410687447	-0.249623984098434	-0.397942632436752	
0.0159147847443819	0.0354941450059414	-0.280714690685272	-0.435889422893524	
0.0158109366893768	0.0331170558929443	-0.311275273561478	-0.477093726396561	
0.0154916467145085	0.0313792377710342	-0.341451287269592	-0.520987510681152	
0.0147888259962201	0.0307936333119869	-0.371346682310104	-0.566310226917267	
0.013512110337615	0.031622551381588	-0.40098974108696	-0.61136132478714	
0.0114846751093864	0.033816933631897	-0.430321395397186	-0.654317498207092	
0.00859098602086306	0.0370115302503109	-0.459209203720093	-0.693547666072845	
0.00482672266662121	0.040578369051218	-0.487485021352768	-0.727862536907196	
0.000338519574142992	0.0437304563820362	-0.514998137950897	-0.756652235984802	
-0.00455867359414697	0.0456584468483925	-0.541672170162201	-0.779892146587372	
-0.0093955472111702	0.0456766448915005	-0.567553222179413	-0.79802417755127	
-0.0135967889800668	0.0433525033295155	-0.592836022377014	-0.811747789382935	
-0.016559574753046	0.0385960452258587	-0.617862224578857	-0.821773052215576	
-0.0177506562322378	0.0316921807825565	-0.64308625459671	-0.828593134880066	
-0.0168049614876509	0.0232687145471573	-0.669013738632202	-0.832327306270599	
-0.013606246560812	0.0142039181664586	-0.696121454238892	-0.832668125629425	
-0.00833194144070148	0.00548852002248168	-0.724771738052368	-0.828942120075226	
-0.00144986330997199	-0.00193482090253383	-0.755136728286743	-0.820267260074615	
0.00633688969537616	-0.00732697546482086	-0.787145137786865	-0.805768728256226	
0.014190430752933	-0.010275524109602	-0.820462346076965	-0.784802436828613	
0.0212680250406265	-0.0107637010514736	-0.854507923126221	-0.757133185863495	
0.0268586296588182	-0.00917236600071192	-0.888508260250092	-0.723026275634766	
0.0305004976689816	-0.0062139593064785	-0.921576619148254	-0.683230996131897	
0.0320567451417446	-0.00280946842394769	-0.952807247638702	-0.638856947422028	
0.0317329913377762	7.02664110576734E-5	-0.981368780136108	-0.591171145439148	
0.0300320331007242	0.00157094595488161	-1.00658118724823	-0.54136049747467	
0.027653006836772	0.00109927298035473	-1.02796375751495	-0.490311056375504	
0.0253537707030773	-0.00158048199955374	-1.04524672031403	-0.438455164432526	
0.0238035414367914	-0.00631527975201607	-1.05834543704987	-0.385719865560532	
0.0234555378556252	-0.0126031003892422	-1.06730115413666	-0.33158951997757	
0.024466298520565	-0.0196962337940931	-1.07220089435577	-0.275269716978073	
0.0266794208437204	-0.0267485864460468	-1.07309103012085	-0.215916886925697	
0.0296786315739155	-0.032978929579258	-1.06990015506744	-0.152883946895599	
0.0329003967344761	-0.0378184244036675	-1.06238770484924	-0.0859277546405792	
0.035783227533102	-0.0410131253302097	-1.05013179779053	-0.0153334522619843	
0.0379217229783535	-0.0426601320505142	-1.03255844116211	0.0580710582435131	
0.0391906388103962	-0.0431683361530304	-1.00901579856873	0.133012115955353	
0.0398086756467819	-0.043149296194315	-0.978882014751434	0.207954838871956	
0.0403226539492607	-0.043257724493742	-0.94169420003891	0.281330823898315	
0.0415085405111313	-0.0440121106803417	-0.897277593612671	0.351754397153854	
0.044203132390976	-0.0456316731870174	-0.845854878425598	0.41817519068718	
0.0490960776805878	-0.0479247942566872	-0.788114905357361	0.479929149150848	
0.0565225258469582	-0.0502565018832684	-0.725223779678345	0.536675751209259	
0.0662999749183655	-0.0516091547906399	-0.658770322799683	0.588236391544342	
0.0776475816965103	-0.0507335476577282	-0.590644121170044	0.634377062320709	
0.0892129242420197	-0.0463703349232674	-0.522856056690216	0.67459511756897	
0.0992122516036034	-0.0375067442655563	-0.457320302724838	0.707975506782532	
0.10566870868206	-0.0236241277307272	-0.395625025033951	0.733170509338379	
0.106713622808456	-0.00488997856155038	-0.33882263302803	0.74853241443634	
0.100901417434216	0.0177457574754953	-0.287273287773132	0.752393960952759	
0.0874835699796677	0.0425764210522175	-0.240570217370987	0.743454992771149	
0.066590815782547	0.0672934874892235	-0.197567507624626	0.721201479434967	
0.0392871499061584	0.089255802333355	-0.156518712639809	0.686264753341675	
0.00747998477891088	0.105838134884834	-0.115319564938545	0.640628397464752	
-0.0263045243918896	0.114808112382889	-0.0718320906162262	0.587610304355621	
-0.0592479333281517	0.114673160016537	-0.0242530647665262	0.531583428382874	
-0.0886165425181389	0.104940384626389	0.0285213440656662	0.477449685335159	
-0.112128019332886	0.0862438380718231	0.0865878686308861	0.429931163787842	
-0.128247767686844	0.060312919318676	0.148836612701416	0.392789334058762	
-0.136367216706276	0.0297800805419683	0.212901219725609	0.368107229471207	
-0.136836349964142	-0.00214816303923726	0.275283724069595	0.355775535106659	
-0.13084851205349	-0.0321105197072029	0.33165630698204	0.353298783302307	
-0.120201006531715	-0.0570383034646511	0.377318203449249	0.355991691350937	
-0.106976382434368	-0.0745629072189331	0.407760351896286	0.357570618391037	
-0.0932017937302589	-0.0833204910159111	0.419272154569626	0.351076483726501	
-0.0805464535951614	-0.0831064283847809	0.40951070189476	0.329999715089798	
-0.070107989013195	-0.0748556032776833	0.377952367067337	0.289434760808945	
-0.0623204074800014	-0.0604524947702885	0.326155006885529	0.22707188129425	
-0.05699273198843	-0.0424022488296032	0.257779717445374	0.143851056694984	
-0.0534622371196747	-0.0234167519956827	0.17835034430027	0.0441474467515945	
-0.0508251152932644	-0.00598337594419718	0.0947636216878891	-0.064569927752018	
-0.0481938049197197	0.0080131683498621	0.0145968561992049	-0.172581136226654	
-0.0449269041419029	0.0175544563680887	-0.0547083579003811	-0.269151151180267	
-0.0407852157950401	0.0225953832268715	-0.106687605381012	-0.34398165345192	
-0.0359838902950287	0.0239990558475256	-0.13661290705204	-0.388661861419678	
-0.0311331767588854	0.0233131777495146	-0.142068922519684	-0.397895336151123	
-0.0270836744457483	0.0224286187440157	-0.123266160488129	-0.370311498641968	
-0.0247121080756187	0.0231810957193375	-0.0830440670251846	-0.308732360601425	
-0.0246959738433361	0.0269668269902468	-0.026557669043541	-0.219850853085518	
-0.0273277554661036	0.0344409346580505	0.0393163785338402	-0.113367460668087	
0.0286832302808762	-0.0383764207363129	-0.0383387021720409	0.112096428871155	
0.0338661968708038	-0.0494873486459255	-0.105628788471222	-0.000935047282837331	
0.0409104190766811	-0.0627677515149117	-0.166731208562851	-0.108212403953075	
0.0487230569124222	-0.0763474255800247	-0.214702576398849	-0.199298888444901	
0.0560238547623158	-0.0879630371928215	-0.244226843118668	-0.26628839969635	
0.0616020821034908	-0.0953623428940773	-0.252154797315598	-0.304654955863953	
0.0645706355571747	-0.0967278704047203	-0.237754508852959	-0.313590079545975	
0.0645625963807106	-0.0910464525222778	-0.202648252248764	-0.295805394649506	
0.0618258118629456	-0.0783588364720345	-0.150455459952354	-0.256862908601761	
0.0571902990341187	-0.0598418600857258	-0.0862013623118401	-0.204164698719978	
0.0519089065492153	-0.0377030558884144	-0.0155822411179543	-0.145779252052307	
0.0473975799977779	-0.0148980803787708	0.0558049455285072	-0.0892939642071724	
0.0449235513806343	0.00528899114578962	0.123160190880299	-0.0408654324710369	
0.0453026443719864	0.0197389554232359	0.183012083172798	-0.0045917178504169	
0.0486682057380676	0.0259875562041998	0.233519017696381	0.0177322290837765	
0.0543631054461002	0.0226343236863613	0.274512559175491	0.0264843720942736	
0.0609846748411655	0.00960372108966112	0.307295262813568	0.0237806681543589	
0.0665841028094292	-0.0117856049910188	0.334241211414337	0.0128495246171951	
0.0689921900629997	-0.0389582067728043	0.358274579048157	-0.00265053263865411	
0.0662175863981247	-0.0684085488319397	0.382314920425415	-0.0192427840083838	
0.0568476431071758	-0.0961703360080719	0.408777803182602	-0.0340759679675102	
0.0403776690363884	-0.118359737098217	0.439203917980194	-0.0451467260718346	
0.0174047201871872	-0.131712228059769	0.474065154790878	-0.0512985549867153	
-0.0103565957397223	-0.134034022688866	0.512763917446136	-0.0520407147705555	
-0.0402481220662594	-0.124502390623093	0.553809702396393	-0.0472631566226482	
-0.0690108388662338	-0.10377237200737	0.595128893852234	-0.0369368158280849	
-0.0932446196675301	-0.073876716196537	0.634445607662201	-0.0208818465471268	
-0.109911821782589	-0.0379372499883175	0.66966313123703	0.00133828725665808	
-0.116802245378494	0.000266973627731204	0.699181497097015	0.0303745418787003	
-0.11288208514452	0.0368090346455574	0.722100794315338	0.0669183880090714	
-0.0984681770205498	0.0681258738040924	0.738284826278687	0.11144582927227	
-0.075197733938694	0.0914593264460564	0.748283445835114	0.163949474692345	
-0.0457978248596191	0.105166517198086	0.753138840198517	0.22373254597187	
-0.0136921526864171	0.108861446380615	0.754116773605347	0.28932523727417	
0.0174906812608242	0.103376112878323	0.752417147159576	0.358557015657425	
0.0444279536604881	0.0905570089817047	0.748915791511536	0.428782969713211	
0.0645513907074928	0.0729361772537231	0.7439826130867	0.497227668762207	
0.0763646066188812	0.0533326789736748	0.737402677536011	0.561382830142975	
0.0795840471982956	0.0344472527503967	0.728409111499786	0.619380235671997	
0.0750886723399162	0.0185099318623543	0.715815484523773	0.670264959335327	
0.0646958947181702	0.00702843489125371	0.698218166828156	0.714111089706421	
0.0508092269301414	0.000666262174490839	0.674229979515076	0.751953661441803	
0.0360022261738777	-0.000742510659620166	0.642703592777252	0.785546064376831	
0.0226105768233538	0.00194345298223197	0.602906823158264	0.816987335681915	
0.0123986080288887	0.00739868311211467	0.554625272750854	0.848288893699646	
0.00634991470724344	0.014102004468441	0.498180359601974	0.880963206291199	
0.00460721971467137	0.0206052251160145	0.434368640184402	0.915710806846619	
0.00655923550948501	0.0257563292980194	0.364339709281921	0.95226377248764	
0.0110467849299312	0.0288452673703432	0.28944057226181	0.989411771297455	
0.0166415199637413	0.0296561531722546	0.211056903004646	1.02520132064819	
0.0219411682337523	0.0284268278628588	0.130478158593178	1.0572657585144	
0.0258265752345324	0.0257324893027544	0.0488071367144585	1.08321893215179	
0.0276370421051979	0.0223218575119972	-0.0330774337053299	1.1010354757309	
0.0272388961166143	0.0189402215182781	-0.114507280290127	1.10934662818909	
0.0249840747565031	0.016173280775547	-0.194972231984138	1.1075975894928	
0.0215765126049519	0.0143392514437437	-0.274047464132309	1.09604704380035	
0.0178802367299795	0.0134458132088184	-0.351320594549179	1.0756151676178	
0.0147118624299765	0.0132153313606977	-0.426336228847504	1.04762554168701	
0.0126600489020348	0.0131687624379992	-0.498569488525391	1.01349806785583	
0.0119662461802363	0.0127482013776898	-0.567431747913361	0.974463939666748	
0.0124867483973503	0.0114517081528902	-0.632303297519684	0.931362450122833	
0.0137386461719871	0.00895302835851908	-0.692581832408905	0.884560465812683	
0.0150155415758491	0.0051828003488481	-0.747731506824493	0.834007084369659	
0.015545791015029	0.000356069736881182	-0.797318696975708	0.779404401779175	
0.0146591989323497	-0.00505832908675075	-0.84102326631546	0.72045111656189	
0.0119282118976116	-0.0104197878390551	-0.878622651100159	0.657097697257996	
0.00725656561553478	-0.0150329805910587	-0.909950971603394	0.589751183986664	
0.000900121871381998	-0.0182772818952799	-0.934845089912415	0.519377589225769	
-0.00658121518790722	-0.019723916426301	-0.953091442584991	0.447473913431168	
-0.0144280390813947	-0.0192188192158937	-0.964390218257904	0.375910490751266	
-0.0218196157366037	-0.0169158205389977	-0.968349516391754	0.306673586368561	
-0.0280175767838955	-0.0132541479542851	-0.964517831802368	0.2415621727705	
-0.0324875973165035	-0.00888450723141432	-0.952453434467316	0.181904420256615	
-0.0349773578345776	-0.00455740094184875	-0.931821703910828	0.128356859087944	
-0.0355389602482319	-0.000994135742075741	-0.902504622936249	0.0808342695236206	
-0.034495372325182	0.0012360739056021	-0.864701986312866	0.0385909453034401	
-0.0323613099753857	0.00181079376488924	-0.819002985954285	0.000442674150690436	
-0.0297369286417961	0.000704014615621418	-0.766412377357483	-0.0349117666482925	
-0.0271965153515339	-0.0018177944002673	-0.708319962024689	-0.0685333907604218	
-0.0251934695988894	-0.005252028349787	-0.646414339542389	-0.100923664867878	
-0.0239978842437267	-0.00895803701132536	-0.582548797130585	-0.131811678409576	
-0.0236751567572355	-0.0122788548469543	-0.518578886985779	-0.160096943378448	
-0.0241051968187094	-0.014664314687252	-0.456193178892136	-0.183967038989067	
-0.0250338781625032	-0.0157731659710407	-0.396763890981674	-0.20117475092411	
-0.026142755523324	-0.0155357411131263	-0.341237545013428	-0.209426820278168	
-0.0271210409700871	-0.0141659220680594	-0.290082335472107	-0.206812873482704	
-0.0277251601219177	-0.0121204014867544	-0.243297398090363	-0.192193388938904	
-0.0278156399726868	-0.0100127644836903	-0.200480505824089	-0.165471002459526	
-0.027367077767849	-0.00849813316017389	-0.160940676927567	-0.127691015601158	
-0.0264532919973135	-0.00814945995807648	-0.123836047947407	-0.0809476599097252	
-0.0252148769795895	-0.00934808515012264	-0.0883140042424202	-0.0281100366264582	
0.0238192398101091	0.0122086824849248	0.0536321625113487	-0.0275850407779217	
0.0224234294146299	0.0165525060147047	0.0192430876195431	-0.0830005705356598	
0.0211477745324373	0.021934162825346	-0.0151665061712265	-0.135543569922447	
0.0200643520802259	0.0277174543589354	-0.0496828146278858	-0.183507069945335	
0.0191997569054365	0.0331868045032024	-0.0842106938362122	-0.226250797510147	
0.0185477454215288	0.0376743115484715	-0.118544340133667	-0.264192253351212	
0.018085053190589	0.0406792983412743	-0.152445882558823	-0.298615753650665	
0.0177835617214441	0.0419584475457668	-0.185715198516846	-0.331340283155441	
0.0176139567047358	0.0415696576237679	-0.21823762357235	-0.364312589168549	
0.0175394900143147	0.0398609265685081	-0.25000211596489	-0.399202913045883	
0.0175024177879095	0.037405502051115	-0.281089723110199	-0.437078356742859	
0.0174089334905148	0.0348943024873734	-0.311637848615646	-0.478210031986237	
0.0171201005578041	0.0330045633018017	-0.341791957616806	-0.522042632102966	
0.0164556857198477	0.0322683602571487	-0.371657609939575	-0.567322313785553	
0.0152149386703968	0.0329650864005089	-0.401265621185303	-0.612348020076752	
0.0132139623165131	0.0350581519305706	-0.430559426546097	-0.655289530754089	
0.0103341825306416	0.0381885319948196	-0.459408700466156	-0.694503664970398	
0.00657210638746619	0.0417278259992599	-0.487646698951721	-0.728787243366241	
0.00207812199369073	0.0448827482759953	-0.515123724937439	-0.757517695426941	
-0.00282758823595941	0.0468335673213005	-0.541764557361603	-0.780662059783936	
-0.00767060229554772	0.0468824282288551	-0.567616641521454	-0.798660099506378	
-0.0118720047175884	0.0445852242410183	-0.592877089977264	-0.812216758728027	
-0.0148277673870325	0.0398429483175278	-0.617890179157257	-0.822054743766785	
-0.0160060469061136	0.0329351797699928	-0.643113195896149	-0.828684687614441	
-0.0150453271344304	0.0244882889091969	-0.669053673744202	-0.832245826721191	
-0.0118340691551566	0.0153823429718614	-0.696188449859619	-0.832449615001678	
-0.00655428040772676	0.00661177467554808	-0.724877178668976	-0.828637182712555	
0.000323018059134483	-0.000876735837664455	-0.755285739898682	-0.819934368133545	
0.00809380225837231	-0.00634114351123571	-0.787334024906158	-0.805465638637543	
0.0159219056367874	-0.00936815235763788	-0.820676505565643	-0.784577548503876	
0.0229686927050352	-0.0099423760548234	-0.854721486568451	-0.757018327713013	
0.0285287611186504	-0.00844778399914503	-0.888686001300812	-0.723031878471375	
0.0321463271975517	-0.00560055812820792	-0.921677947044373	-0.68334424495697	
0.0336894951760769	-0.0023246796336025	-0.95279198884964	-0.63904333114624	
0.0333667956292629	0.000408049119869247	-0.981203615665436	-0.591379642486572	
0.0316812545061111	0.00174524786416441	-1.00624597072601	-0.54153048992157	
0.0293295439332724	0.0010985981207341	-1.02745616436005	-0.490381211042404	
0.0270650610327721	-0.00176014169119298	-1.04458451271057	-0.438371807336807	
0.0255517084151506	-0.00666909292340279	-1.05756556987762	-0.385444343090057	
0.0252379588782787	-0.0131175303831697	-1.06645560264587	-0.331103324890137	
0.0262774731963873	-0.0203506071120501	-1.07135045528412	-0.274576663970947	
0.0285137221217155	-0.0275177005678415	-1.07229673862457	-0.215042173862457	
0.0315332040190697	-0.0338359922170639	-1.06921553611755	-0.151870355010033	
0.0347773917019367	-0.038737565279007	-1.06185269355774	-0.0848297625780106	
0.0376905649900436	-0.0419708155095577	-1.04976868629456	-0.0142101841047406	
0.0398718118667603	-0.0436351075768471	-1.03237223625183	0.059162899851799	
0.0411969013512135	-0.0441401414573193	-1.00899744033813	0.134024158120155	
0.0418801046907902	-0.0440959073603153	-0.979014933109283	0.208850845694542	
0.0424572080373764	-0.0441531613469124	-0.941961705684662	0.282087832689285	
0.0436864234507084	-0.0448251143097878	-0.897670090198517	0.352361053228378	
0.0463813468813896	-0.0463263615965843	-0.846375107765198	0.418627381324768	
0.0512055270373821	-0.0484639555215836	-0.788778901100159	0.480224102735519	
0.0584687367081642	-0.0506075508892536	-0.726058125495911	0.536805272102356	
0.0679680109024048	-0.0517520643770695	-0.659804821014404	0.588180899620056	
0.0789111778140068	-0.0506695210933685	-0.591901481151581	0.634101629257202	
0.0899470448493958	-0.0461294017732143	-0.524340391159058	0.674048662185669	
0.0993078202009201	-0.0371523946523666	-0.459007114171982	0.707094013690948	
0.105047650635242	-0.0232533309608698	-0.397454440593719	0.731883704662323	
0.105342164635658	-0.00462753605097532	-0.340698301792145	0.74677437543869	
0.0987997278571129	0.0177585929632187	-0.289067834615707	0.750115573406219	
0.0847299098968506	0.0421981140971184	-0.24213707447052	0.740637004375458	
0.0633193701505661	0.0664011687040329	-0.19875767827034	0.717865586280823	
0.0356791652739048	0.0877642408013344	-0.157200306653976	0.682481050491333	
0.00374880013987422	0.103715650737286	-0.115396827459335	0.63651716709137	
-0.0299329701811075	0.112086601555347	-0.0712609067559242	0.583336472511292	
-0.0625570937991142	0.111450038850307	-0.0230500232428312	0.527344465255737	
-0.0914211645722389	0.101371571421623	0.0302780549973249	0.473456799983978	
-0.114293321967125	0.0825282633304596	0.0887662395834923	0.426386475563049	
-0.129703521728516	0.056670468300581	0.15126633644104	0.389861255884171	
-0.137114822864532	0.0264261346310377	0.215394750237465	0.365907937288284	
-0.136948019266129	-0.0050278720445931	0.277659475803375	0.35434365272522	
-0.130458429455757	-0.0343807823956013	0.333760678768158	0.352590709924698	
-0.119489446282387	-0.0586278289556503	0.379042685031891	0.355882883071899	
-0.106148637831211	-0.0754681676626205	0.409051507711411	0.35786846280098	
-0.0924645289778709	-0.0835994780063629	0.420132726430893	0.351542711257935	
-0.0800843015313148	-0.0828635171055794	0.409992516040802	0.330380827188492	
-0.0700633451342583	-0.074220173060894	0.378142178058624	0.289495468139648	
-0.0627789497375488	-0.0595549792051315	0.326156079769135	0.226627856492996	
-0.0579764842987061	-0.0413517542183399	0.257692724466324	0.142795503139496	
-0.0549309924244881	-0.0222838968038559	0.178256556391716	0.0424675531685352	
-0.0526859574019909	-0.00479114148765802	0.0947131440043449	-0.0667894706130028	
-0.0503173619508743	0.00928931497037411	0.0146036446094513	-0.175168663263321	
-0.0471680499613285	0.0189775843173265	-0.0546644367277622	-0.271871328353882	
-0.0430052056908607	0.0242512710392475	-0.10665275156498	-0.346568524837494	
-0.0380708165466785	0.0259766597300768	-0.136647388339043	-0.390856742858887	
-0.0330176688730717	0.0256851390004158	-0.142233774065971	-0.399484127759933	
-0.0287475064396858	0.0252353772521019	-0.123611271381378	-0.371155172586441	
-0.0261883344501257	0.0264213643968105	-0.0835998430848122	-0.308786481618881	
-0.0260604508221149	0.0305958595126867	-0.0273314975202084	-0.219170346856117	
-0.0286832302808762	0.0383764207363129	0.0383387021720409	-0.112096428871155	
0.0300037581473589	-0.0422651506960392	-0.0373143181204796	0.1106888204813	
0.035271842032671	-0.0535380393266678	-0.104427516460419	-0.0027369000017643	
0.0424923375248909	-0.0668616145849228	-0.165391206741333	-0.110159754753113	
0.0505371429026127	-0.0803744345903397	-0.213263839483261	-0.201148748397827	
0.058074951171875	-0.0918338596820831	-0.242725521326065	-0.2678402364254	
0.0638361051678658	-0.0990141034126282	-0.250621020793915	-0.30577951669693	
0.0668763518333435	-0.100122809410095	-0.236214146018028	-0.314245462417603	
0.0667836144566536	-0.0941641703248024	-0.20112806558609	-0.296037822961807	
0.0637814700603485	-0.0811841636896133	-0.148989826440811	-0.256791949272156	
0.0587030239403248	-0.0623517669737339	-0.0848383978009224	-0.203955382108688	
0.0528339967131615	-0.0398560389876366	-0.0143868373706937	-0.145606011152267	
0.0476510673761368	-0.0166293513029814	0.0567532032728195	-0.0893025919795036	
0.0445035472512245	0.00406442303210497	0.123775109648705	-0.0411399006843567	
0.0443003363907337	0.0191148780286312	0.183214649558067	-0.00513181323185563	
0.0472660399973392	0.0260481964796782	0.233255043625832	0.0170181021094322	
0.0528193786740303	0.0234321542084217	0.27377113699913	0.025769479572773	
0.059605848044157	0.0111377257853746	0.306124240159988	0.0232944246381521	
0.0656880810856819	-0.00958651211112738	0.332756102085114	0.0128400335088372	
0.0688672885298729	-0.0362424105405807	0.356657683849335	-0.00195985217578709	
0.0670829266309738	-0.0653967708349228	0.380803167819977	-0.0176953058689833	
0.0588206499814987	-0.0931377038359642	0.407639622688293	-0.0316155143082142	
0.0434537567198277	-0.115606307983398	0.438707500696182	-0.0418368428945541	
0.0214524976909161	-0.129525810480118	0.474442213773727	-0.0473236851394176	
-0.00558323366567492	-0.132650628685951	0.514174163341522	-0.0476884841918945	
-0.0350822061300278	-0.124070629477501	0.556311964988708	-0.0428900085389614	
-0.0638322234153748	-0.104327626526356	0.598663687705994	-0.0329220034182072	
-0.0884329080581665	-0.0753300413489342	0.638832867145538	-0.0175766702741385	
-0.105798751115799	-0.0400814302265644	0.674616634845734	0.00365823530592024	
-0.11363010853529	-0.00226569175720215	0.704338133335114	0.0315468497574329	
-0.110774099826813	0.0342480130493641	0.727061808109283	0.066915325820446	
-0.0974148809909821	0.0659079700708389	0.742662906646729	0.110376715660095	
-0.0750613063573837	0.0899186879396439	0.751749157905579	0.162043750286102	
-0.0463336259126663	0.104556180536747	0.755459487438202	0.221306353807449	
-0.0145842721685767	0.109321050345898	0.755182206630707	0.286736935377121	
0.0165851227939129	0.104915849864483	0.752248883247375	0.356158345937729	
0.043832078576088	0.0930599868297577	0.747657895088196	0.426873326301575	
0.0645261257886887	0.0761786252260208	0.741876602172852	0.496018320322037	
0.0770763456821442	0.0570186004042625	0.734749853610992	0.560975313186646	
0.0810867175459862	0.0382519289851189	0.725527107715607	0.619762063026428	
0.0773221701383591	0.022125581279397	0.712994813919067	0.67132180929184	
0.067500464618206	0.0102050993591547	0.695685803890228	0.715652525424957	
0.0539529658854008	0.00324205541983247	0.672124922275543	0.753747761249542	
0.0392170138657093	0.00117422419134527	0.641067147254944	0.787356793880463	
0.0256308354437351	0.00324612483382225	0.601688861846924	0.818608641624451	
0.0149969626218081	0.00821990333497524	0.553703308105469	0.84957081079483	
0.00836472306400537	0.0146347638219595	0.497388601303101	0.881825923919678	
0.00595839880406857	0.0210690107196569	0.433530777692795	0.916146576404572	
0.00725083285942674	0.0263623166829348	0.363300532102585	0.952326714992523	
0.0111568747088313	0.0297660697251558	0.288090974092484	0.989198982715607	
0.0163019448518753	0.0310044456273317	0.209348618984222	1.02482950687408	
0.0213110577315092	0.030245391651988	0.128427177667618	1.05684733390808	
0.025064293295145	0.0279961507767439	0.0464856401085854	1.08284282684326	
0.0268751215189695	0.0249497909098864	-0.03555778414011	1.10075426101685	
0.0265656970441341	0.0218155067414045	-0.117017209529877	1.10917270183563	
0.02443453297019	0.0191657077521086	-0.197387471795082	1.10750722885132	
0.0211326461285353	0.0173272006213665	-0.276268064975739	1.09599101543427	
0.0174804665148258	0.0163336284458637	-0.353283822536469	1.07553386688232	
0.0142667377367616	0.0159437693655491	-0.428021222352982	1.04746329784393	
0.0120711391791701	0.015717588365078	-0.499993801116943	1.01321613788605	
0.0111447023227811	0.0151314586400986	-0.568641066551208	0.974047899246216	
0.011368352919817	0.0137074990198016	-0.633356988430023	0.930823922157288	
0.0122931003570557	0.0111303860321641	-0.693537652492523	0.883933186531067	
0.0132489036768675	0.00732847861945629	-0.748632371425629	0.83333820104599	
0.0134963244199753	0.00250376295298338	-0.798184037208557	0.778744220733643	
0.0123880030587316	-0.00289460923522711	-0.841846704483032	0.719842255115509	
0.00950684677809477	-0.0082474472001195	-0.879375219345093	0.656567573547363	
0.00475422153249383	-0.0128780100494623	-0.910589575767517	0.589307844638824	
-0.001627272577025	-0.0161780435591936	-0.935323774814606	0.519010841846466	
-0.00909811817109585	-0.0177232697606087	-0.953372776508331	0.447160601615906	
-0.0169217139482498	-0.0173564236611128	-0.964454770088196	0.375622630119324	
-0.0242978725582361	-0.015222204849124	-0.968201160430908	0.306387722492218	
-0.0305027849972248	-0.0117475343868136	-0.96418434381485	0.241267457604408	
-0.0350085385143757	-0.00757067883387208	-0.951981842517853	0.181607738137245	
-0.037560798227787	-0.00343218655325472	-0.931270062923431	0.128083780407906	
-0.0382027104496956	-4.75417145935353E-5	-0.901931583881378	0.080625481903553	
-0.0372441597282887	0.00201532943174243	-0.864156484603882	0.0384948886930943	
-0.0351861044764519	0.00243153609335423	-0.81851601600647	0.000505873293150216	
-0.0326175875961781	0.0011705404613167	-0.765992403030396	-0.0346547737717628	
-0.0301069337874651	-0.00150573893915862	-0.707952976226807	-0.0680683478713036	
-0.0281078945845366	-0.00509740365669131	-0.646067559719086	-0.100261390209198	
-0.0268969181925058	-0.00896346941590309	-0.582178592681885	-0.130988299846649	
-0.0265500489622355	-0.0124433673918247	-0.518139481544495	-0.159169316291809	
-0.026959490031004	-0.014980835840106	-0.455646365880966	-0.183004200458527	
-0.0278820190578699	-0.016227625310421	-0.396086096763611	-0.200246825814247	
-0.0290059950202703	-0.0161081422120333	-0.340424388647079	-0.208593502640724	
-0.0300214793533087	-0.0148332901299	-0.289149224758148	-0.206113487482071	
-0.030679227784276	-0.0128609826788306	-0.242276683449745	-0.191640436649323	
-0.0308283697813749	-0.010810537263751	-0.199415728449821	-0.165048405528069	
-0.0304284114390612	-0.00934654101729393	-0.159879207611084	-0.127357140183449	
-0.0295372139662504	-0.0090533783659339	-0.12282157689333	-0.0806427821516991	
-0.0282816309481859	-0.010323416441679	-0.0873802229762077	-0.0277666691690683	
0.0268202628940344	0.0132794296368957	0.0527986772358418	-0.0280307084321976	
0.0253081172704697	0.0177457667887211	0.018514072522521	-0.0835982337594032	
0.0238708555698395	0.0232739299535751	-0.0158010087907314	-0.136321112513542	
0.0225925259292126	0.0292184110730886	-0.0502434223890305	-0.184466943144798	
0.0215164497494698	0.0348493717610836	-0.0847239717841148	-0.227370738983154	
0.0206551663577557	0.0394819714128971	-0.119037859141827	-0.265430331230164	
0.0200032982975245	0.0425988174974918	-0.152943968772888	-0.29991814494133	
0.0195470098406076	0.0439430810511112	-0.186236009001732	-0.332650631666183	
0.0192657299339771	0.0435647778213024	-0.218791887164116	-0.365580826997757	
0.01912503503263	0.0418111495673656	-0.250593513250351	-0.400392174720764	
0.0190633535385132	0.0392620228230953	-0.281716227531433	-0.438168525695801	
0.0189782157540321	0.0366211272776127	-0.312293976545334	-0.47919774055481	
0.0187192168086767	0.0345826297998428	-0.342470794916153	-0.522937595844269	
0.0180941373109818	0.0336968339979649	-0.372352570295334	-0.568141341209412	
0.0168918669223785	0.0342597663402557	-0.401971429586411	-0.613107621669769	
0.0149213094264269	0.036247406154871	-0.431272506713867	-0.655998826026917	
0.0120605761185288	0.0393076166510582	-0.460126966238022	-0.695159733295441	
0.00830658059567213	0.0428127013146877	-0.4883693754673	-0.729372441768646	
0.00381289329379797	0.0459645017981529	-0.515851080417633	-0.758001267910004	
-0.00109576771501452	0.0479343608021736	-0.542497992515564	-0.781004071235657	
-0.00594065990298986	0.0480135008692741	-0.568359196186066	-0.798818528652191	
-0.0101400855928659	0.0457470268011093	-0.593633830547333	-0.81215500831604	
-0.0130895674228668	0.0410270504653454	-0.618668735027313	-0.821749091148376	
-0.01425926014781	0.0341272763907909	-0.643923103809357	-0.828129887580872	
-0.0132915135473013	0.0256714560091496	-0.669905424118042	-0.831457674503326	
-0.0100794350728393	0.0165397971868515	-0.697091162204742	-0.831463932991028	
-0.00480911787599325	0.00772856082767248	-0.725835621356964	-0.827505767345428	
0.00204612757079303	0.000186661214684136	-0.75629734992981	-0.818717360496521	
0.00978263653814793	-0.00534235127270222	-0.788385689258575	-0.804223120212555	
0.0175674855709076	-0.00844508875161409	-0.821743190288544	-0.783360421657562	
0.0245677158236504	-0.00910755526274443	-0.855766415596008	-0.755860507488251	
0.0300849955528975	-0.00771604292094707	-0.889662861824036	-0.72194516658783	
0.0336705856025219	-0.00498898979276419	-0.922535598278046	-0.682316184043884	
0.0351981334388256	-0.0018514038529247	-0.953480541706085	-0.638039350509644	
0.0348790101706982	0.000726099358871579	-0.9816814661026	-0.590348184108734	
0.0332157574594021	0.00189505890011787	-1.00648617744446	-0.540410816669464	
0.0309013314545155	0.00107367581222206	-1.02745163440704	-0.489112466573715	
0.0286829806864262	-0.00195796485058963	-1.04434990882874	-0.436902552843094	
0.0272174365818501	-0.00702914409339428	-1.05713593959808	-0.383740395307541	
0.0269466284662485	-0.0136212715879083	-1.06588268280029	-0.329153150320053	
0.0280198398977518	-0.0209739338606596	-1.07069492340088	-0.272393703460693	
0.0302793961018324	-0.0282340347766876	-1.07162034511566	-0.212663725018501	
0.0333141461014748	-0.034619428217411	-1.06857228279114	-0.149353221058846	
0.0365707688033581	-0.0395652614533901	-1.06128239631653	-0.0822436437010765	
0.0395000576972961	-0.042824000120163	-1.04929292201996	-0.0116296783089638	
0.0417067930102348	-0.0444983951747417	-1.03199434280396	0.0616662465035915	
0.0430691838264465	-0.0449993349611759	-1.00870656967163	0.136388599872589	
0.043798603117466	-0.0449349023401737	-0.978792130947113	0.211028918623924	
0.0444212220609188	-0.0449509657919407	-0.941788494586945	0.284047871828079	
0.0456787310540676	-0.0455540902912617	-0.897536039352417	0.354085564613342	
0.0483624972403049	-0.0469527132809162	-0.846283435821533	0.420108795166016	
0.0531106702983379	-0.0489511117339134	-0.788748562335968	0.481458276510239	
0.0602081120014191	-0.0509223602712154	-0.726121068000793	0.537784397602081	
0.0694317147135735	-0.0518731623888016	-0.659998953342438	0.588887155056	
0.0799781084060669	-0.0505964085459709	-0.592260420322418	0.634502649307251	
0.0904974341392517	-0.0458904169499874	-0.524881601333618	0.674096405506134	
0.0992377623915672	-0.0368096120655537	-0.45972141623497	0.706727504730225	
0.104284048080444	-0.0229026526212692	-0.398298263549805	0.731036007404327	
0.103855758905411	-0.00439296662807465	-0.341591984033585	0.745382845401764	
0.0966143980622292	0.0177365560084581	-0.289900094270706	0.748134613037109	
0.081926554441452	0.0417789407074451	-0.242775946855545	0.738050997257233	
0.0600333735346794	0.0654635205864906	-0.199066802859306	0.714700162410736	
0.0320912189781666	0.086225152015686	-0.157057896256447	0.67881053686142	
6.98978401487693E-5	0.101546466350555	-0.114714726805687	0.632466018199921	
-0.0334809832274914	0.109322838485241	-0.0700000375509262	0.579074263572693	
-0.0657632127404213	0.108193017542362	-0.0212298072874546	0.523073196411133	
-0.0941066294908524	0.0977809354662895	0.0325783938169479	0.469392269849777	
-0.116330161690712	0.078805960714817	0.0914150327444077	0.422735333442688	
-0.131027922034264	0.0530382171273232	0.154094621539116	0.386796414852142	
-0.137733593583107	0.0230996012687683	0.218216985464096	0.363546013832092	
-0.136937275528908	-0.00786431785672903	0.280296742916107	0.352727919816971	
-0.129954487085342	-0.0365948379039764	0.336062610149384	0.351682096719742	
-0.118673019111156	-0.060152281075716	0.380904763936996	0.355561852455139	
-0.105224080383778	-0.0763041377067566	0.410425126552582	0.357947379350662	
-0.0916367024183273	-0.0838095173239708	0.421026587486267	0.351788699626923	
-0.0795358344912529	-0.0825557559728622	0.41046541929245	0.330545544624329	
-0.0699350610375404	-0.0735264271497726	0.378288686275482	0.289348930120468	
-0.0631558671593666	-0.058606494218111	0.326088011264801	0.225990727543831	
-0.0588811188936234	-0.0402568057179451	0.257519423961639	0.141565501689911	
-0.0563247203826904	-0.0211109723895788	0.178067564964294	0.0406359024345875	
-0.0544781908392906	-0.00356042454950511	0.0945658385753632	-0.0691346898674965	
-0.0523812137544155	0.0106050176545978	0.0145177943632007	-0.177853062748909	
-0.0493603274226189	0.0204430110752583	-0.0547050163149834	-0.274657517671585	
-0.045187920331955	0.0259521305561066	-0.106692284345627	-0.349189221858978	
-0.0401311665773392	0.0279996264725924	-0.136746019124985	-0.393052726984024	
-0.0348835922777653	0.0280982684344053	-0.142453968524933	-0.401041477918625	
-0.0303965061903	0.028072576969862	-0.124005362391472	-0.371936112642288	
-0.0276481900364161	0.0296736527234316	-0.0842011421918869	-0.30874890089035	
-0.0274015832692385	0.0342107564210892	-0.0281502492725849	-0.21837306022644	
-0.0300037581473589	0.0422651506960392	0.0373143181204796	-0.1106888204813	
0.0312877334654331	-0.0461023896932602	-0.0362444706261158	0.109146364033222	
0.036626186221838	-0.0574996992945671	-0.103178180754185	-0.00468425173312426	
0.0440075471997261	-0.0708287581801414	-0.163999408483505	-0.112255521118641	
0.0522710531949997	-0.0842411518096924	-0.211768761277199	-0.203141406178474	
0.0600367821753025	-0.0955191776156425	-0.241162598133087	-0.269520342350006	
0.0659778267145157	-0.102467149496078	-0.249019339680672	-0.307009309530258	
0.0690934360027313	-0.103320203721523	-0.234597980976105	-0.314975678920746	
0.0689256936311722	-0.0971005484461784	-0.199521780014038	-0.296309292316437	
0.0656720995903015	-0.0838581547141075	-0.147424817085266	-0.256721407175064	
0.0601659864187241	-0.0647508949041367	-0.083359569311142	-0.203708007931709	
0.0537227056920528	-0.0419445186853409	-0.0130562167614698	-0.145359307527542	
0.047876562923193	-0.0183422118425369	0.0578577853739262	-0.0892079398036003	
0.0440566390752792	0.00281857792288065	0.124567434191704	-0.0412884131073952	
0.0432639457285404	0.018441928550601	0.183613330125809	-0.00553077785298228	
0.0458150207996368	0.0260488037019968	0.233200937509537	0.016453891992569	
0.0512068159878254	0.0241775624454021	0.27324590086937	0.0252094157040119	
0.0581367984414101	0.0126455910503864	0.30516654253006	0.0229677241295576	
0.0646837279200554	-0.00737122865393758	0.331471353769302	0.0129989916458726	
0.0686239972710609	-0.0334569439291954	0.355218321084976	-0.00108316296245903	
0.0678319111466408	-0.0622572973370552	0.379437953233719	-0.015931747853756	
0.0606939122080803	-0.0899222642183304	0.406611442565918	-0.0288938079029322	
0.0464616641402245	-0.112625300884247	0.438282579183578	-0.038204625248909	
0.0254765879362822	-0.127083718776703	0.474853873252869	-0.0429507419466972	
-0.000780465954449028	-0.131004571914673	0.515587210655212	-0.0428510904312134	
-0.0298313163220882	-0.123392201960087	0.558792531490326	-0.0379382930696011	
-0.0585177205502987	-0.104674316942692	0.602160632610321	-0.0282350685447454	
-0.08344616740942	-0.0766314044594765	0.643173635005951	-0.013512204401195	
-0.101489298045635	-0.0421428792178631	0.679519712924957	0.00681222602725029	
-0.11026206612587	-0.00479013798758388	0.709441184997559	0.0336108207702637	
-0.108493834733963	0.031623337417841	0.731961667537689	0.0678416341543198	
-0.0962344333529472	0.063564658164978	0.746962428092957	0.110254257917404	
-0.0748599469661713	0.0882070362567902	0.755104303359985	0.161083355545998	
-0.0468771383166313	0.103749372065067	0.757619261741638	0.219809308648109	
-0.0155591294169426	0.109580248594284	0.756016552448273	0.285051822662354	
0.0155276339501143	0.106271497905254	0.751759707927704	0.354632765054703	
0.0430282689630985	0.0954118445515633	0.745972514152527	0.425807893276215	
0.0642555505037308	0.0793141573667526	0.739224195480347	0.495629370212555	
0.0775269418954849	0.0606465935707092	0.731425642967224	0.561371862888336	
0.0823339447379112	0.0420458950102329	0.721849262714386	0.620939254760742	
0.0793247818946838	0.0257701482623816	0.709260702133179	0.673170864582062	
0.0701126158237457	0.0134383393451571	0.69213479757309	0.717984735965729	
0.0569503046572208	0.00588766159489751	0.66891223192215	0.756328046321869	
0.042332224547863	0.00315923639573157	0.638252198696136	0.789940536022186	
0.0285929311066866	0.00460240198299289	0.59923928976059	0.820976316928864	
0.0175683479756117	0.00907015334814787	0.551512539386749	0.851554930210114	
0.0103706829249859	0.015166332013905	0.495303362607956	0.883327484130859	
0.00730512803420424	0.0215003322809935	0.431383550167084	0.9171382188797	
0.00793008133769035	0.0269077867269516	0.360941022634506	0.9528449177742	
0.0112375039607286	0.0306049045175314	0.285411775112152	0.98932683467865	
0.0159106831997633	0.0322580300271511	0.206301495432854	1.02467429637909	
0.0206062961369753	0.031965896487236	0.125027522444725	1.05651760101318	
0.0242076143622398	0.0301670879125595	0.0428061373531818	1.08242833614349	
0.0260052345693111	0.0274972170591354	-0.0394028201699257	1.10031306743622	
0.0257787648588419	0.0246268790215254	-0.120892889797688	1.10872554779053	
0.0237734951078892	0.0221124533563852	-0.201160788536072	1.10704112052917	
0.020586472004652	0.0202868022024632	-0.279827535152435	1.0954681634903	
0.0169925466179848	0.0192075856029987	-0.356553167104721	1.07490539550781	
0.0137501554563642	0.0186688490211964	-0.430965274572372	1.04668354988098	
0.011427603662014	0.0182692799717188	-0.502616107463837	1.01225483417511	
0.0102835427969694	0.0175200290977955	-0.570974826812744	0.972897946834564	
0.0102222906425595	0.0159683395177126	-0.635451555252075	0.929503381252289	
0.0108283627778292	0.0133111570030451	-0.695443630218506	0.88248199224472	
0.0114684402942657	0.00947587750852108	-0.750388562679291	0.831810235977173	
0.0114362137392163	0.00465244986116886	-0.79980880022049	0.777196943759918	
0.010108363814652	-0.00072909117443487	-0.843334555625916	0.718326985836029	
0.00707943784072995	-0.00607093749567866	-0.880699872970581	0.65512090921402	
0.00224931864067912	-0.010715376585722	-0.911711573600769	0.587948203086853	
-0.004152228590101	-0.0140673089772463	-0.936201095581055	0.517738580703735	
-0.0116061642765999	-0.0157078672200441	-0.953972101211548	0.445962816476822	
-0.0193992294371128	-0.0154774216935039	-0.964760720729828	0.374480932950974	
-0.0267526190727949	-0.013512103818357	-0.968221962451935	0.305286914110184	
-0.0329579971730709	-0.0102267004549503	-0.963952422142029	0.240203514695168	
-0.037494633346796	-0.00624678563326597	-0.951549589633942	0.180592656135559	
-0.0401066467165947	-0.00230232812464237	-0.930701911449432	0.127146691083908	
-0.0408282764256001	0.000897879246622324	-0.901293635368347	0.0798092782497406	
-0.0399559736251831	0.00278813065961003	-0.863506138324738	0.0378491319715977	
-0.0379762388765812	0.0030418923124671	-0.817893385887146	7.73427163949236E-5	
-0.0354661419987679	0.00162463937886059	-0.76541543006897	-0.0348319001495838	
-0.0329871773719788	-0.0012060864828527	-0.707416296005249	-0.067980669438839	
-0.0309927742928267	-0.00495330384001136	-0.645546555519104	-0.0999210998415947	
-0.0297653768211603	-0.0089762257412076	-0.58163583278656	-0.130433425307274	
-0.0293917134404182	-0.0126114012673497	-0.517534017562866	-0.158459261059761	
-0.0297766774892807	-0.015297225676477	-0.454942643642426	-0.182211264967918	
-0.0306886453181505	-0.0166790597140789	-0.395261585712433	-0.199445173144341	
-0.0318236164748669	-0.0166757181286812	-0.33947429060936	-0.207847490906715	
-0.0328733325004578	-0.0154950981959701	-0.288087666034698	-0.205467700958252	
-0.0335835255682468	-0.013595967553556	-0.241134390234947	-0.191112980246544	
-0.0337923020124435	-0.011602733284235	-0.198234602808952	-0.164628803730011	
-0.0334440842270851	-0.0101886689662933	-0.158705368638039	-0.12700916826725	
-0.0325804576277733	-0.0099488589912653	-0.121697895228863	-0.0803117007017136	
-0.0313139297068119	-0.0112861702218652	-0.0863399729132652	-0.0273894723504782	
0.0297935158014297	0.0143313081935048	0.0518611744046211	-0.0285139009356499	
0.0281713772565126	0.0189119540154934	0.0176829230040312	-0.0842336416244507	
0.0265777800232172	0.0245771482586861	-0.0165369398891926	-0.137133479118347	
0.0251082237809896	0.0306730214506388	-0.0509068965911865	-0.18545563519001	
0.0238224733620882	0.0364565588533878	-0.0853448584675789	-0.228510513901711	
0.0227518547326326	0.0412270165979862	-0.119648195803165	-0.266676008701324	
0.0219091195613146	0.0444510765373707	-0.153573513031006	-0.30121260881424	
0.0212951526045799	0.0458587557077408	-0.186909019947052	-0.333934128284454	
0.0208986792713404	0.0454920791089535	-0.219525352120399	-0.366800040006638	
0.0206881873309612	0.0436969175934792	-0.251396954059601	-0.401507169008255	
0.0205988381057978	0.0410586632788181	-0.282592833042145	-0.439156621694565	
0.0205199811607599	0.0382926687598228	-0.313242137432098	-0.480053395032883	
0.0202900934964418	0.0361088141798973	-0.343486249446869	-0.523668944835663	
0.0197051893919706	0.0350746847689152	-0.373430013656616	-0.568763792514801	
0.0185438543558121	0.0355024300515652	-0.403105646371841	-0.613636553287506	
0.016607690602541	0.0373806431889534	-0.432459056377411	-0.656442284584045	
0.0137712294235826	0.0403647050261497	-0.461362421512604	-0.69551295042038	
0.0100313490256667	0.0438287332653999	-0.489651262760162	-0.729615807533264	
0.00554421124979854	0.0469711348414421	-0.517177999019623	-0.758101046085358	
0.000638334196992218	0.0489558130502701	-0.543869853019714	-0.780917108058929	
-0.00420404085889459	0.0490643568336964	-0.569777607917786	-0.79849898815155	
-0.00839927606284618	0.0468319058418274	-0.595102488994598	-0.811562657356262	
-0.0113432174548507	0.0421418994665146	-0.620193421840668	-0.820856869220734	
-0.0125086018815637	0.0352616459131241	-0.645510971546173	-0.826930046081543	
-0.0115419430658221	0.0268111284822226	-0.671563446521759	-0.829964399337769	
-0.00834090728312731	0.0176690500229597	-0.698823630809784	-0.829712927341461	
-0.00309516210108995	0.00883161276578903	-0.727641046047211	-0.825549483299255	
0.00372063368558884	0.00124815909657627	-0.758165240287781	-0.816617906093597	
0.0114044696092606	-0.00433768704533577	-0.79029381275177	-0.802042961120605	
0.019128181040287	-0.00751325068995357	-0.823656260967255	-0.781152844429016	
0.026066055521369	-0.00826594792306423	-0.857636630535126	-0.753661572933197	
0.0315282233059406	-0.00698360521346331	-0.89143306016922	-0.719767987728119	
0.0350740402936935	-0.00438541918992996	-0.924143970012665	-0.680149018764496	
0.0365832038223743	-0.00139544589910656	-0.954867660999298	-0.635847628116608	
0.0362698324024677	0.00101904920302331	-0.982797503471375	-0.588079869747162	
0.0346352569758892	0.00201552780345082	-1.00729775428772	-0.53800493478775	
0.0323674231767654	0.00102023791987449	-1.02794647216797	-0.486508995294571	
0.0302057769149542	-0.00217760261148214	-1.04453945159912	-0.434052318334579	
0.0287980474531651	-0.00739848520606756	-1.05705392360687	-0.380613654851913	
0.0285778604447842	-0.014116863720119	-1.06557989120483	-0.325745433568954	
0.0296886749565601	-0.0215683951973915	-1.07023239135742	-0.268728077411652	
0.0319707095623016	-0.0288996305316687	-1.07105994224548	-0.20878954231739	
0.0350148044526577	-0.0353314056992531	-1.06796824932098	-0.145341232419014	
0.0382730960845947	-0.0403040908277035	-1.06067419052124	-0.0781785994768143	
0.041203711181879	-0.0435759350657463	-1.04870128631592	-0.00760143389925361	
0.0434183366596699	-0.0452541373670101	-1.03142118453979	0.0655715987086296	
0.0447991117835045	-0.0457510687410831	-1.0081387758255	0.140096321702003	
0.0455560386180878	-0.045672457665205	-0.978208899497986	0.214480668306351	
0.0462071113288403	-0.0456582009792328	-0.941169440746307	0.287203669548035	
0.047478724271059	-0.0462067350745201	-0.896870076656342	0.356922298669815	
0.0501409433782101	-0.0475187301635742	-0.845574855804443	0.422615557909012	
0.0548071749508381	-0.0493941307067871	-0.788019359111786	0.483629822731018	
0.0617377907037735	-0.0512082315981388	-0.725408911705017	0.539613425731659	
0.0706897303462029	-0.0519787296652794	-0.659350216388702	0.59035736322403	
0.0808485448360443	-0.0505190715193748	-0.59171986579895	0.635583937168121	
0.0908656194806099	-0.0456565283238888	-0.524480402469635	0.674743413925171	
0.0990047976374626	-0.0364796258509159	-0.459465503692627	0.706881940364838	
0.103381484746933	-0.022571325302124	-0.398160606622696	0.730633854866028	
0.102258510887623	-0.0041835498996079	-0.341509521007538	0.744364380836487	
0.0943497195839882	0.017684169113636	-0.289777368307114	0.746457397937775	
0.0790776088833809	0.0413249805569649	-0.242495402693748	0.735702753067017	
0.056736383587122	0.0644878745079041	-0.198504358530045	0.711710453033447	
0.0285261049866676	0.0846467390656471	-0.156101658940315	0.675257682800293	
-0.00355485640466213	0.0993392691016197	-0.113283731043339	0.628479063510895	
-0.0369476824998856	0.106525614857674	-0.0680599585175514	0.574827253818512	
-0.0688663423061371	0.104910627007484	-0.0188026130199432	0.518772900104523	
-0.0966737791895866	0.0941764116287231	0.0354127138853073	0.465259104967117	
-0.11823995411396	0.0750839859247208	0.0945253819227219	0.418980449438095	
-0.132222697138786	0.0494221262633801	0.157313540577888	0.383597135543823	
-0.138225302100182	0.0198052208870649	0.221361100673676	0.361023366451263	
-0.136805668473244	-0.0106540434062481	0.283189833164215	0.35092955827713	
-0.129337802529335	-0.0387504771351814	0.338557511568069	0.350573688745499	
-0.117752268910408	-0.0616105571389198	0.38290086388588	0.355028659105301	
-0.104202583432198	-0.0770706459879875	0.411878526210785	0.357807070016861	
-0.0907175093889236	-0.0839510858058929	0.421951711177826	0.351813852787018	
-0.0788996145129204	-0.0821840241551399	0.410927712917328	0.330493599176407	
-0.0697211548686028	-0.0727753639221191	0.378390431404114	0.288995534181595	
-0.0634487569332123	-0.0576079115271568	0.325949281454086	0.225161895155907	
-0.059703953564167	-0.0391179621219635	0.257258057594299	0.14016392827034	
-0.0576406121253967	-0.0198981389403343	0.177781239151955	0.0386570505797863	
-0.0561989992856979	-0.00229099253192544	0.0943192020058632	-0.0715993493795395	
-0.0543826445937157	0.0119608007371426	0.0143364798277617	-0.18062661588192	
-0.0515012070536613	0.0219513680785894	-0.0548331029713154	-0.277501046657562	
-0.0473310723900795	0.0276984591037035	-0.106809176504612	-0.351834684610367	
-0.0421629063785076	0.0300680492073298	-0.136911541223526	-0.395241051912308	
-0.0367291495203972	0.0305519923567772	-0.142731726169586	-0.402559727430344	
-0.0320290625095367	0.0309387538582087	-0.12444993108511	-0.372648447751999	
-0.0290901660919189	0.0329354479908943	-0.0848486125469208	-0.308616191148758	
-0.0287178717553616	0.0378078818321228	-0.0290136355906725	-0.217458114027977	
-0.0312877334654331	0.0461023896932602	0.0362444706261158	-0.109146364033222	
0.032533586025238	-0.049883458763361	-0.035130463540554	0.10747092217207	
0.0379275232553482	-0.0613668113946915	-0.101883009076118	-0.00677284831181169	
0.0454540997743607	-0.0746629759669304	-0.162558779120445	-0.11449359357357	
0.0539225824177265	-0.0879408493638039	-0.210220962762833	-0.205269515514374	
0.0619068555533886	-0.0990119576454163	-0.239542156457901	-0.271320879459381	
0.0680245608091354	-0.105714321136475	-0.247354134917259	-0.308336555957794	
0.0712191388010979	-0.106312967836857	-0.232910424470901	-0.315773576498032	
0.070986270904541	-0.0998487994074821	-0.197833701968193	-0.296613574028015	
0.0674955174326897	-0.086374506354332	-0.14576444029808	-0.256646066904068	
0.0615776591002941	-0.0670336410403252	-0.0817684382200241	-0.203418269753456	
0.054574366658926	-0.0439638309180737	-0.0115933772176504	-0.145035535097122	
0.0480743870139122	-0.0200331546366215	0.0591163784265518	-0.0890068113803864	
0.0435841269791126	0.00155361264478415	0.12553559243679	-0.0413079522550106	
0.042195588350296	0.0177207682281733	0.184207335114479	-0.00578559841960669	
0.0443177558481693	0.0259884875267744	0.233356609940529	0.0160426069051027	
0.0495280511677265	0.024868156760931	0.272937417030334	0.0248070266097784	
0.0565796457231045	0.0141236269846559	0.304423034191132	0.0228029657155275	
0.0635720491409302	-0.00514437630772591	0.330387711524963	0.0133279850706458	
0.0682616978883743	-0.030606847256422	0.353956788778305	-2.00447575480212E-5	
0.0684618875384331	-0.0589949637651443	0.378218442201614	-0.0139531148597598	
0.0624626018106937	-0.0865279883146286	0.405690878629684	-0.0259133670479059	
0.0493944771587849	-0.109419159591198	0.437924563884735	-0.0342539586126804	
0.0294683575630188	-0.124386310577393	0.475293129682541	-0.0381846129894257	
0.00404197257012129	-0.129093781113625	0.516993343830109	-0.0375338308513165	
-0.0245054978877306	-0.122462518513203	0.561239182949066	-0.0324130021035671	
-0.0530768111348152	-0.104805536568165	0.605605244636536	-0.0228799693286419	
-0.0782924741506577	-0.0777720957994461	0.647451758384705	-0.00869071949273348	
-0.0969894826412201	-0.0441118516027927	0.684355556964874	0.010800126940012	
-0.106701672077179	-0.00729653192684054	0.714474141597748	0.0365686230361462	
-0.106042318046093	0.0289439205080271	0.736785233020782	0.0697015970945358	
-0.094925694167614	0.0611029490828514	0.751170754432678	0.111084371805191	
-0.0745909884572029	0.0863287597894669	0.758339405059814	0.161075010895729	
-0.0474250540137291	0.102747336030006	0.759612441062927	0.219247981905937	
-0.0166138801723719	0.109637022018433	0.756617903709412	0.28427529335022	
0.0143195288255811	0.107438080012798	0.75095134973526	0.353983521461487	
0.0420153550803661	0.0976052507758141	0.743864357471466	0.425586819648743	
0.0637353658676147	0.0823339521884918	0.736032485961914	0.496057540178299	
0.0777086466550827	0.0642074048519135	0.727438449859619	0.562565624713898	
0.0833146870136261	0.0458205342292786	0.717384099960327	0.622901499271393	
0.0810826495289803	0.0294365808367729	0.704621016979218	0.675798892974854	
0.0725165084004402	0.0167233571410179	0.68757164478302	0.721092462539673	
0.059784471988678	0.00860088877379894	0.664596498012543	0.75967800617218	
0.0453312732279301	0.00521292304620147	0.6342613697052	0.793280482292175	
0.0314815007150173	0.00601489283144474	0.595559120178223	0.824073910713196	
0.0200994517654181	0.00995358172804117	0.548052847385406	0.854226231575012	
0.0123570626601577	0.015701524913311	0.491924285888672	0.88545435667038	
0.00863942597061396	0.0219037383794785	0.427927017211914	0.918674111366272	
0.00859157834202051	0.0273961424827576	0.357262343168259	0.953808665275574	
0.0112853795289993	0.0313633121550083	0.281405985355377	0.98978728055954	
0.0154658760875463	0.0334161259233952	0.201920568943024	1.02472913265228	
0.0198257099837065	0.0335850454866886	0.120286487042904	1.05627083778381	
0.0232553221285343	0.0322396010160446	0.0377779603004456	1.08197033405304	
0.0250255446881056	0.0299563743174076	-0.0446015074849129	1.09970700740814	
0.0248752776533365	0.0273650232702494	-0.126122117042542	1.10800075531006	
0.0229970440268517	0.0250032227486372	-0.206279382109642	1.10619497299194	
0.0199331007897854	0.0232073571532965	-0.284713059663773	1.09447407722473	
0.0164109375327826	0.0220570489764214	-0.361116319894791	1.07372546195984	
0.0131563860923052	0.0213803201913834	-0.435156792402267	1.04528224468231	
0.0107240118086338	0.0208141338080168	-0.506425797939301	1.01061046123505	
0.00937807746231556	0.0199047606438398	-0.574423491954803	0.971010684967041	
0.00904494617134333	0.0182255022227764	-0.638578355312347	0.927398085594177	
0.0093420771881938	0.0154868401587009	-0.698291957378387	0.880204796791077	
0.00967306271195412	0.0116165028885007	-0.752993047237396	0.829421699047089	
0.00936550367623568	0.00679346872493625	-0.80218631029129	0.774762034416199	
0.007821224629879	0.0014292880659923	-0.845480680465698	0.71590518951416	
0.00464754179120064	-0.00389948510564864	-0.88259094953537	0.652758538722992	
-0.000256247614743188	-0.00855452194809914	-0.913311779499054	0.585673630237579	
-0.00667272694408894	-0.011954584158957	-0.937472522258759	0.51556271314621	
-0.0141033306717873	-0.0136870946735144	-0.95488566160202	0.443883061408997	
-0.0218585841357708	-0.0135908918455243	-0.965305209159851	0.372488290071487	
-0.0291818026453257	-0.0117941293865442	-0.968409776687622	0.303374379873276	
-0.0353809706866741	-0.00869968719780445	-0.963820576667786	0.238373577594757	
-0.0399433001875877	-0.0049202567897737	-0.951155841350555	0.178862318396568	
-0.042611837387085	-0.00117466214578599	-0.930116891860962	0.125548481941223	
-0.0434120297431946	0.00183581793680787	-0.900590777397156	0.0783881172537804	
-0.0426265932619572	0.0035486095584929	-0.862751066684723	0.0366555526852608	
-0.0407269820570946	0.00363635527901351	-0.817135334014893	-0.000841670378576964	
-0.0382774844765663	0.00206110929138958	-0.764681398868561	-0.0354425273835659	
-0.0358319357037544	-0.000923749641515315	-0.706710040569305	-0.0682703331112862	
-0.0338427871465683	-0.00482432497665286	-0.644851267337799	-0.0999032035470009	
-0.0325981006026268	-0.00900052208453417	-0.580920696258545	-0.130147725343704	
-0.0321952626109123	-0.0127867124974728	-0.516762912273407	-0.157967567443848	
-0.0325521975755692	-0.0156166953966022	-0.454082727432251	-0.181588962674141	
-0.03344951197505	-0.0171300675719976	-0.394291430711746	-0.198770314455032	
-0.0345916263759136	-0.0172404143959284	-0.33838877081871	-0.207189112901688	
-0.0356727614998817	-0.0161526463925838	-0.286899596452713	-0.204875633120537	
-0.036434281617403	-0.0143260424956679	-0.239872619509697	-0.190610930323601	
-0.0367036536335945	-0.0123894829303026	-0.196939289569855	-0.16421203315258	
-0.0364102944731712	-0.0110241584479809	-0.157421171665192	-0.126647010445595	
-0.0355792306363583	-0.0108351139351726	-0.120466709136963	-0.0799545496702194	
-0.0343080759048462	-0.0122351739555597	-0.0851945355534554	-0.0269789062440395	
0.0327355414628983	0.0153627693653107	0.0508204363286495	-0.0290337484329939	
0.0310101397335529	0.0200491324067116	0.0167499780654907	-0.0849054753780365	
0.029266020283103	0.0258414596319199	-0.0173743218183517	-0.137978881597519	
0.0276095606386662	0.0320784635841846	-0.0516734719276428	-0.18647101521492	
0.0261166486889124	0.0380050614476204	-0.0860736146569252	-0.229667589068413	
0.0248373299837112	0.0429056659340858	-0.120375461876392	-0.267926514148712	
0.0238026604056358	0.0462318509817123	-0.154334351420403	-0.302496165037155	
0.0230286382138729	0.0477009005844593	-0.18773365020752	-0.335187673568726	
0.0225138030946255	0.0473467521369457	-0.220436990261078	-0.367966949939728	
0.0222301427274942	0.0455133207142353	-0.252411097288132	-0.402544528245926	
0.0221101306378841	0.0427905730903149	-0.283717721700668	-0.440039068460464	
0.0220354441553354	0.0399042330682278	-0.31448033452034	-0.48077329993248	
0.021833848208189	0.0375786684453487	-0.34483614563942	-0.524232745170593	
0.0212898552417755	0.0363977365195751	-0.374887555837631	-0.569185793399811	
0.0201718471944332	0.0366891324520111	-0.404665768146515	-0.613931059837341	
0.0182740483433008	0.0384540520608425	-0.434116423130035	-0.65661609172821	
0.0154671436175704	0.0413559786975384	-0.463112056255341	-0.695560038089752	
0.0117475381121039	0.0447719506919384	-0.491488933563232	-0.729514360427856	
0.00727336248382926	0.0478983707726002	-0.519100487232208	-0.757814705371857	
0.00237617525272071	0.0498932264745235	-0.545875430107117	-0.78039938211441	
-0.0024591360706836	0.0500297956168652	-0.571866452693939	-0.79770040512085	
-0.0066478606313467	0.047834150493145	-0.597276747226715	-0.810439229011536	
-0.009586944244802	0.0431812815368176	-0.622457087039948	-0.819378197193146	
-0.0107522951439023	0.0363316647708416	-0.647868752479553	-0.825085639953613	
-0.00979487039148808	0.0279003791511059	-0.674018859863281	-0.827766954898834	
-0.00661679357290268	0.0187629833817482	-0.70137631893158	-0.827197670936584	
-0.00141077185980976	0.00991374906152487	-0.730283379554749	-0.822769701480865	
0.00534814270213246	0.00230061658658087	-0.760878920555115	-0.813637435436249	
0.0129608931019902	-0.00333416764624417	-0.793047606945038	-0.798926591873169	
0.0206055883318186	-0.00657946523278952	-0.826404750347137	-0.777956426143646	
0.0274652931839228	-0.00742414034903049	-0.860321342945099	-0.75042325258255	
0.0328599847853184	-0.00625677080824971	-0.89398580789566	-0.71650242805481	
0.0363580994307995	-0.00379581656306982	-0.926492631435394	-0.67684543132782	
0.0378458760678768	-0.000962391903158277	-0.956943213939667	-0.63247138261795	
0.0375400446355343	0.0012817521346733	-0.984541893005371	-0.584578692913055	
0.0359399728477001	0.00210200157016516	-1.00867092609406	-0.534317791461945	
0.0337273329496384	0.000934164330828935	-1.02893173694611	-0.482576698064804	
0.0316321067512035	-0.00242263521067798	-1.04514479637146	-0.429828107357025	
0.0302912294864655	-0.00778019474819303	-1.05731117725372	-0.376072287559509	
0.0301283150911331	-0.0146069806069136	-1.06553936004639	-0.320889443159103	
0.0312796086072922	-0.0221364125609398	-1.06995499134064	-0.263590216636658	
0.0335823222994804	-0.0295168738812208	-1.0706080198288	-0.203431099653244	
0.0366289839148521	-0.0359745174646378	-1.06739604473114	-0.139846801757813	
0.0398774966597557	-0.0409571081399918	-1.06002068519592	-0.0726477354764938	
0.0427941791713238	-0.0442303642630577	-1.0479861497879	-0.00213899370282888	
0.0449988916516304	-0.0459069423377514	-1.03064477443695	0.0708653405308723	
0.0463791899383068	-0.0464008972048759	-1.00728607177734	0.14513398706913	
0.0471452586352825	-0.0463150404393673	-0.977256953716278	0.219193533062935	
0.0478083454072475	-0.0462821163237095	-0.940096497535706	0.291543871164322	
0.0490807369351387	-0.0467908307909966	-0.895664632320404	0.360861361026764	
0.0517121180891991	-0.0480323545634747	-0.84424239397049	0.426139682531357	
0.056291751563549	-0.0498007200658321	-0.786585450172424	0.486732721328735	
0.0630558505654335	-0.0514721944928169	-0.723917186260223	0.542288362979889	
0.0717415660619736	-0.0520747043192387	-0.657855927944183	0.592589557170868	
0.0815233215689659	-0.0504420027136803	-0.590279102325439	0.637345314025879	
0.0910536646842957	-0.0454304963350296	-0.523137986660004	0.675990760326385	
0.0986119583249092	-0.0361633077263832	-0.458242833614349	0.707559525966644	
0.102343715727329	-0.022258285433054	-0.39704692363739	0.730679869651794	
0.100554548203945	-0.0039963461458683	-0.3404580950737	0.743721902370453	
0.0920098349452019	0.0176060739904642	-0.288708448410034	0.74508672952652	
0.0761868953704834	0.0408423207700253	-0.241305530071259	0.733595013618469	
0.0534316226840019	0.0634814351797104	-0.197081446647644	0.708898663520813	
0.0249862261116505	0.0830369889736176	-0.154343292117119	0.67182457447052	
-0.00712401093915105	0.0971024408936501	-0.111115828156471	0.62455803155899	
-0.0403325892984867	0.103703342378139	-0.0654526129364967	0.570597231388092	
-0.0718669071793556	0.101610966026783	-0.0157800354063511	0.514445304870605	
-0.0991237759590149	0.0905654802918434	0.0387700498104095	0.461059093475342	
-0.120024368166924	0.0713689401745796	0.0980871841311455	0.415123641490936	
-0.133289784193039	0.0458277277648449	0.160914033651352	0.380265176296234	
-0.138591855764389	0.016547342762351	0.224819228053093	0.358341544866562	
-0.136554837226868	-0.0133939068764448	0.286332100629807	0.348949790000916	
-0.128609582781792	-0.0408457145094872	0.341239988803864	0.349266141653061	
-0.116727791726589	-0.0630017295479774	0.385026723146439	0.354283541440964	
-0.103084079921246	-0.0777676030993462	0.413408488035202	0.357447415590286	
-0.0897062122821808	-0.0840247496962547	0.422905623912811	0.351617962121964	
-0.0781742855906487	-0.0817492455244064	0.411377549171448	0.330224961042404	
-0.0694197341799736	-0.0719680339097977	0.378445774316788	0.288435876369476	
-0.0636553093791008	-0.0565601773560047	0.325738281011581	0.224143117666245	
-0.0604424029588699	-0.0379359275102615	0.25690683722496	0.13859398663044	
-0.0588759146630764	-0.0186457876116037	0.17739549279213	0.0365358330309391	
-0.0578456036746502	-0.00098293018527329	0.0939708054065704	-0.0741769447922707	
-0.0563189350068569	0.0133567890152335	0.0140569610521197	-0.18348141014576	
-0.05358811840415	0.0235028211027384	-0.0550516061484814	-0.280392915010452	
-0.0494322814047337	0.0294902436435223	-0.107006333768368	-0.354495584964752	
-0.0441638864576817	0.0321815051138401	-0.137146562337875	-0.397412806749344	
-0.0385524183511734	0.0330452658236027	-0.143069207668304	-0.404031217098236	
-0.0336434505879879	0.0338320545852184	-0.124946467578411	-0.37328639626503	
-0.0305126868188381	0.0362039804458618	-0.0855428799986839	-0.308384925127029	
-0.030007790774107	0.0413835048675537	-0.0299213211983442	-0.216424748301506	
-0.032533586025238	0.049883458763361	0.035130463540554	-0.10747092217207	
0.0337398052215576	-0.0536037534475327	-0.0339736603200436	0.105664543807507	
0.0391742587089539	-0.0651341080665588	-0.100544273853302	-0.00899821985512972	
0.0468302369117737	-0.0783584713935852	-0.161072418093681	-0.116867579519749	
0.0554897151887417	-0.0914673581719398	-0.2086241543293	-0.207525417208672	
0.0636829137802124	-0.102305799722672	-0.237868338823318	-0.273233622312546	
0.0699738338589668	-0.108749151229858	-0.245629772543907	-0.309753239154816	
0.0732508897781372	-0.109094724059105	-0.231155917048454	-0.316631764173508	
0.0729628428816795	-0.102402783930302	-0.196068152785301	-0.296944171190262	
0.0692495480179787	-0.0887274667620659	-0.144012793898582	-0.256560504436493	
0.0629364475607872	-0.0691948682069778	-0.0800687149167061	-0.203081741929054	
0.0553881861269474	-0.0459096282720566	-0.0100015345960855	-0.144631057977676	
0.0482446849346161	-0.0216988436877728	0.0605263486504555	-0.0886960178613663	
0.0430871285498142	0.000271623284788802	0.126677617430687	-0.0411955043673515	
0.0410972163081169	0.0169520676136017	0.184995338320732	-0.00589327653869987	
0.0427767410874367	0.0258663780987263	0.233721375465393	0.0157872587442398	
0.047785684466362	0.0255015380680561	0.272845447063446	0.024565190076828	
0.0549365170300007	0.0155680580064654	0.303893744945526	0.0228026024997234	
0.0623541213572025	-0.00291079189628363	0.329505145549774	0.0138286622241139	
0.0677798539400101	-0.0276975352317095	0.352872401475906	0.00122995360288769	
0.0689703151583672	-0.05561513453722	0.377142935991287	-0.0117604583501816	
0.0641219243407249	-0.0829595029354095	0.404874503612518	-0.0226768851280212	
0.0522452034056187	-0.105991072952747	0.437627911567688	-0.0299891140311956	
0.0334189534187317	-0.121434763073921	0.475751787424088	-0.0330308079719543	
0.00887396745383739	-0.126916959881783	0.518381536006927	-0.0317429378628731	
-0.0191153194755316	-0.121277660131454	0.563638150691986	-0.0263204053044319	
-0.0475196167826653	-0.104714907705784	0.608981370925903	-0.0168622732162476	
-0.0729806125164032	-0.0787437036633492	0.651649236679077	-0.00311641138978302	
-0.0923060029745102	-0.0459786653518677	0.689105272293091	0.0156195973977447	
-0.102953054010868	-0.00977484416216612	0.719418108463287	0.0404199808835983	
-0.103420980274677	0.0262190978974104	0.74151486158371	0.0724968984723091	
-0.0934876129031181	0.0585304908454418	0.755272388458252	0.112870208919048	
-0.0742515102028847	0.0842889621853828	0.761442124843597	0.162022635340691	
-0.0479735285043716	0.101552091538906	0.761430501937866	0.219626039266586	
-0.0177448131144047	0.109490096569061	0.756981730461121	0.284409701824188	
0.0129632437601686	0.108411185443401	0.749823272228241	0.354210644960403	
0.0407935008406639	0.0996332243084908	0.741336286067963	0.426207035779953	
0.0629626959562302	0.0852293521165848	0.732306897640228	0.497296065092087	
0.0776151493191719	0.0676917061209679	0.722795307636261	0.564545869827271	
0.0840192064642906	0.0495669208467007	0.712139308452606	0.6256343126297	
0.0825830474495888	0.0331173427402973	0.699083209037781	0.679188132286072	
0.0746971964836121	0.0200547650456429	0.682002663612366	0.724955320358276	
0.0624393410980701	0.0113789290189743	0.659182608127594	0.763775706291199	
0.0481979660689831	0.00733511615544558	0.629097938537598	0.79735404253006	
0.0342813655734062	0.00748576177284122	0.590650200843811	0.827879369258881	
0.0225769989192486	0.0108740637078881	0.543325245380402	0.857563614845276	
0.0143130868673325	0.0162450950592756	0.487252086400986	0.888187170028687	
0.0099532688036561	0.0222839210182428	0.423162519931793	0.920736789703369	
0.00922993943095207	0.0278311092406511	0.352267265319824	0.955202579498291	
0.0112973311915994	0.0320433042943478	0.276078402996063	0.990566909313202	
0.0149659318849444	0.0344784930348396	0.196213111281395	1.024982213974	
0.0189685262739658	0.0351001285016537	0.114213868975639	1.05609667301178	
0.0222067292779684	0.0342085361480713	0.031413372606039	1.0814596414566	
0.0239348281174898	0.032319962978363	-0.0511395074427128	1.09892761707306	
0.0238530673086643	0.0300209671258926	-0.132688999176025	1.10699021816254	
0.0221018996089697	0.0278279483318329	-0.212726429104805	1.1049610376358	
0.0191682204604149	0.0260782595723867	-0.290907472372055	1.09300148487091	
0.0157305896282196	0.0248713698238134	-0.366956293582916	1.07198739051819	
0.0124800670892	0.0240678489208221	-0.440579563379288	1.04325294494629	
0.00995516963303089	0.0233423225581646	-0.511407554149628	1.00827717781067	
0.00842373818159103	0.0222763642668724	-0.57897275686264	0.968381404876709	
0.00783272832632065	0.0204701405018568	-0.642724215984344	0.924504101276398	
0.00783183053135872	0.0176488533616066	-0.702070415019989	0.877098798751831	
0.00786158349364996	0.01374183408916	-0.756434500217438	0.826170742511749	
0.00728412577882409	0.00891817454248667	-0.805306136608124	0.771438598632813	
0.00552741717547178	0.00357164558954537	-0.848275363445282	0.712577164173126	
0.00221262057311833	-0.00174223876092583	-0.885039508342743	0.649481475353241	
-0.00276065291836858	-0.00640479708090425	-0.915382027626038	0.582486271858215	
-0.00918679777532816	-0.00984929315745831	-0.939130842685699	0.512486219406128	
-0.0165876317769289	-0.0116702700033784	-0.956107139587402	0.440924912691116	
-0.0242977999150753	-0.0117058558389544	-0.96608293056488	0.36964875459671	
-0.0315833911299706	-0.0100768487900496	-0.968760550022125	0.300654470920563	
-0.0377694964408875	-0.00717449421063066	-0.963785886764526	0.235782206058502	
-0.0423519872128963	-0.00359847396612167	-0.950798571109772	0.176421195268631	
-0.0450733415782452	-5.59615218662657E-5	-0.929513692855835	0.123293310403824	
-0.0459503754973412	0.0027600540779531	-0.899822175502777	0.0763656795024872	
-0.0452518574893475	0.0042910180054605	-0.861890852451324	0.0349172204732895	
-0.0434336550533772	0.00420956686139107	-0.816241443157196	-0.00224880292080343	
-0.0410465449094772	0.00247492315247655	-0.763790130615234	-0.0364850126206875	
-0.0386359468102455	-0.000663449056446552	-0.705834031105042	-0.0689363181591034	
-0.0366526618599892	-0.00471486430615187	-0.643981695175171	-0.100207224488258	
-0.0353899747133255	-0.00904038082808256	-0.580033421516418	-0.130131140351295	
-0.0349558629095554	-0.0129728736355901	-0.515826463699341	-0.157694354653358	
-0.03528156504035	-0.0159422904253006	-0.453067421913147	-0.18113748729229	
-0.0361604578793049	-0.0175831038504839	-0.393176913261414	-0.198222383856773	
-0.0373061373829842	-0.0178040619939566	-0.337169498205185	-0.206618338823318	
-0.0384160466492176	-0.0168071370571852	-0.285586982965469	-0.204337105154991	
-0.0392278432846069	-0.0150518184527755	-0.238493621349335	-0.190134048461914	
-0.0395587608218193	-0.0131708616390824	-0.195532083511353	-0.163797855377197	
-0.0393233262002468	-0.0118526201695204	-0.156028732657433	-0.126270532608032	
-0.0385298021137714	-0.0117113487794995	-0.119129851460457	-0.0795714557170868	
-0.0372604206204414	-0.013169270940125	-0.0839453041553497	-0.0265354700386524	
0.0356428921222687	0.016372311860323	0.0496773682534695	-0.0295893158763647	
0.0338213220238686	0.0211554393172264	0.0157156642526388	-0.0856123492121696	
0.0319329984486103	0.0270646121352911	-0.0183131024241447	-0.138855487108231	
0.0300945863127708	0.0334320589900017	-0.0525433234870434	-0.187510833144188	
0.0283977165818214	0.03949174284935	-0.0869104638695717	-0.230839386582375	
0.0269110221415758	0.0445143207907677	-0.121219731867313	-0.269178986549377	
0.0256839897483587	0.0479371175169945	-0.15522626042366	-0.303765743970871	
0.0247480515390635	0.0494651347398758	-0.188709288835526	-0.336407989263535	
0.0241120606660843	0.0491241849958897	-0.221525698900223	-0.369078159332275	
0.0237520728260279	0.0472556538879871	-0.25363427400589	-0.403500646352768	
0.0235984735190868	0.0444530807435513	-0.285088896751404	-0.440812140703201	
0.0235258117318153	0.0414513163268566	-0.316006064414978	-0.481353521347046	
0.0233515910804272	0.0389879383146763	-0.346517592668533	-0.524625062942505	
0.0228491332381964	0.0376620031893253	-0.376722097396851	-0.569403231143951	
0.0217767562717199	0.0378161296248436	-0.406648337841034	-0.613986909389496	
0.0199212580919266	0.0394640490412712	-0.436240792274475	-0.656516313552856	
0.0171492360532284	0.0422778837382793	-0.465371638536453	-0.695297062397003	
0.0134561657905579	0.0456386767327785	-0.493877530097961	-0.729064583778381	
0.00900151394307613	0.0487422533333302	-0.521612942218781	-0.757139205932617	
0.0041190916672349	0.0507422350347042	-0.548508286476135	-0.779448509216309	
-0.000704443489667028	0.050904955714941	-0.574618101119995	-0.796421051025391	
-0.00488419225439429	0.0487483404576778	-0.600147843360901	-0.808783650398254	
-0.00781899504363537	0.0441392622888088	-0.62544971704483	-0.81731253862381	
-0.00898851174861193	0.0373309440910816	-0.650985240936279	-0.822596669197083	
-0.00804842077195644	0.0289324671030045	-0.677259504795074	-0.824865758419037	
-0.00490518333390355	0.0198146402835846	-0.704736053943634	-0.82391881942749	
0.000246004434302449	0.0109679130837321	-0.733748555183411	-0.81916731595993	
0.0069306599907577	0.00333700003102422	-0.764423847198486	-0.809777021408081	
0.0144539782777429	-0.00233870092779398	-0.796631991863251	-0.794875264167786	
0.0220018345862627	-0.00565043231472373	-0.829973220825195	-0.773772537708282	
0.0287675950676203	-0.00658856192603707	-0.863804817199707	-0.746147334575653	
0.0340824089944363	-0.00554164964705706	-0.897305369377136	-0.712150931358337	
0.03752476349473	-0.00322592724114656	-0.929565787315369	-0.672408282756805	
0.0389878787100315	-0.000557585153728724	-0.95969158411026	-0.627914428710938	
0.0386909507215023	0.00150930532254279	-0.986899375915527	-0.579849600791931	
0.0371306166052818	0.00215004710480571	-1.01059114933014	-0.529355585575104	
0.0349810011684895	0.000811503210570663	-1.03039276599884	-0.477323174476624	
0.0329610146582127	-0.00269654998555779	-1.04615187644958	-0.424238950014114	
0.0316950343549252	-0.00817735493183136	-1.05789422988892	-0.370126843452454	
0.0315950177609921	-0.0150944022461772	-1.0657479763031	-0.314597278833389	
0.0327886529266834	-0.0226806253194809	-1.06985020637512	-0.256993651390076	
0.03510931879282	-0.0300884582102299	-1.0702520608902	-0.196603342890739	
0.0381509847939014	-0.0365517400205135	-1.06684327125549	-0.132885992527008	
0.0413776859641075	-0.0415277853608131	-1.05930960178375	-0.0656680390238762	
0.0442648157477379	-0.0447914637625217	-1.04713547229767	0.00474010407924652	
0.046441700309515	-0.0464618131518364	-1.02965307235718	0.0775297433137894	
0.0478028245270252	-0.0469547063112259	-1.00613653659821	0.151484176516533	
0.0485601015388966	-0.0468693636357784	-0.975924730300903	0.225150808691978	
0.049219436943531	-0.0468300767242908	-0.9385586977005	0.297052890062332	
0.0504801981151104	-0.0473141446709633	-0.893909692764282	0.365888744592667	
0.0530725307762623	-0.0485014095902443	-0.842277407646179	0.430668950080872	
0.0575621277093887	-0.0501783676445484	-0.7844398021698	0.490756839513779	
0.0641613081097603	-0.0517209768295288	-0.721640944480896	0.545801103115082	
0.0725874975323677	-0.0521666705608368	-0.655513226985931	0.595577538013458	
0.0820039287209511	-0.0503693036735058	-0.587937712669373	0.639782249927521	
0.0910640954971313	-0.0452147088944912	-0.520856320858002	0.677835524082184	
0.098062589764595	-0.0358611829578876	-0.456057757139206	0.708758294582367	
0.101174607872963	-0.0219621807336807	-0.394963771104813	0.731173038482666	
0.0987479463219643	-0.0038282189052552	-0.338446348905563	0.74345463514328	
0.0895987078547478	0.0175070092082024	-0.286703646183014	0.744022071361542	
0.0732579603791237	0.0403370335698128	-0.239217981696129	0.731727182865143	
0.05012197047472	0.0624512992799282	-0.194810658693314	0.706264495849609	
0.021473590284586	0.0814036503434181	-0.151795983314514	0.668510854244232	
-0.010636511258781	0.0948440432548523	-0.108224466443062	0.620702922344208	
-0.0436356067657471	0.10086403042078	-0.0621913522481918	0.566384315490723	
-0.0747656598687172	0.0983016714453697	-0.0121750086545944	0.510090947151184	
-0.101458057761192	0.0869551151990891	0.0426381565630436	0.456793069839478	
-0.121685296297073	0.0676669329404831	0.102089107036591	0.411166042089462	
-0.134231254458427	0.0422601066529751	0.16488590836525	0.37680184841156	
-0.138835281133652	0.0133299296721816	0.228582412004471	0.355501770973206	
-0.136186510324478	-0.0160810872912407	0.28971591591835	0.346789658069611	
-0.127771064639091	-0.0428788214921951	0.344103753566742	0.347760200500488	
-0.115600250661373	-0.0643250271677971	0.387277364730835	0.353326916694641	
-0.101868577301502	-0.0783950462937355	0.415011137723923	0.356868505477905	
-0.0886021554470062	-0.0840310975909233	0.423885375261307	0.351201087236404	
-0.0773585811257362	-0.0812523812055588	0.411812603473663	0.329739958047867	
-0.0690290182828903	-0.0711055248975754	0.378452867269516	0.287670969963074	
-0.0637733414769173	-0.055464331060648	0.325453281402588	0.222936436533928	
-0.0610939748585224	-0.0367115624248981	0.256463944911957	0.136859118938446	
-0.0600279718637466	-0.0173545368015766	0.176908284425735	0.0342773459851742	
-0.0594152584671974	0.000363356521120295	0.0935182943940163	-0.0768607407808304	
-0.0581873655319214	0.0147926984354854	0.0136766042560339	-0.186409279704094	
-0.0556184388697147	0.02509705722332	-0.055363342165947	-0.283324062824249	
-0.0514890886843204	0.0313269607722759	-0.107286565005779	-0.357162535190582	
-0.0461318492889404	0.0343390665948391	-0.137453705072403	-0.399559050798416	
-0.0403513573110104	0.0355765633285046	-0.143468514084816	-0.405448168516159	
-0.0352378450334072	0.0367502421140671	-0.125496387481689	-0.373844116926193	
-0.0319140963256359	0.0394762046635151	-0.0862845107913017	-0.30805167555809	
-0.0312698036432266	0.044933769851923	-0.0308729205280542	-0.215272307395935	
-0.0337398052215576	0.0536037534475327	0.0339736603200436	-0.105664543807507	
0.0349049121141434	-0.0572587363421917	-0.0327754616737366	0.10372943431139	
0.0403649061918259	-0.0687965825200081	-0.099164292216301	-0.0113556934520602	
0.0481343567371368	-0.0819098800420761	-0.159543439745903	-0.119370847940445	
0.0569706559181213	-0.0948150902986526	-0.206982091069221	-0.209901213645935	
0.0653628930449486	-0.105394996702671	-0.236145347356796	-0.275250107049942	
0.071823351085186	-0.111565925180912	-0.243850693106651	-0.311250984668732	
0.0751862525939941	-0.111659824848175	-0.229338958859444	-0.317542523145676	
0.0748530104756355	-0.104757033288479	-0.194229528307915	-0.297294467687607	
0.0709320455789566	-0.0909118950366974	-0.142174020409584	-0.25645923614502	
0.0642406865954399	-0.0712298601865768	-0.0782642364501953	-0.202693969011307	
0.0561632327735424	-0.0477778576314449	-0.00828411057591438	-0.144142165780067	
0.0483874306082726	-0.0233361180871725	0.0620847679674625	-0.0882723778486252	
0.0425665751099586	-0.00102536077611148	0.127991110086441	-0.0409481003880501	
0.0399706177413464	0.0161365028470755	0.18597549200058	-0.00585085432976484	
0.0411943532526493	0.0256816446781158	0.234293892979622	0.0156908333301544	
0.0459822565317154	0.0260753128677607	0.272969007492065	0.0244867894798517	
0.0532095693051815	0.0169750303030014	0.303577840328217	0.0229691211134195	
0.0610311068594456	-0.000675507297273725	0.328822612762451	0.0145027078688145	
0.0671780481934547	-0.0247347634285688	0.351963579654694	0.00266729714348912	
0.0693547129631042	-0.0521236844360828	0.376208662986755	-0.00935489311814308	
0.065667100250721	-0.0792220905423164	0.404157876968384	-0.0191872604191303	
0.0550067760050297	-0.102345004677773	0.437385946512222	-0.0254147462546825	
0.0373193174600601	-0.118231043219566	0.476220577955246	-0.0274954922497272	
0.0137050542980433	-0.124473616480827	0.519739747047424	-0.025485597550869	
-0.0136718470603228	-0.119834437966347	0.565974354743958	-0.0196680519729853	
-0.0418568588793278	-0.104396596550941	0.612271368503571	-0.010189164429903	
-0.0675200149416924	-0.0795381888747215	0.655746459960938	0.00320457410998642	
-0.0874461978673935	-0.0477337390184402	0.693747878074646	0.0212660543620586	
-0.0990208834409714	-0.0122148999944329	0.724252104759216	0.0451621375977993	
-0.100631602108479	0.0234585832804441	0.746130406856537	0.076226532459259	
-0.0919192433357239	0.0558554977178574	0.759249329566956	0.115612134337425	
-0.0738384276628494	0.0820934325456619	0.76439756155014	0.16392719745636	
-0.048518180847168	0.100166380405426	0.763062119483948	0.22094415128231	
-0.0189473778009415	0.109138883650303	0.757100880146027	0.285454362630844	
0.0114623447880149	0.109187006950378	0.748372375965118	0.355311006307602	
0.0393641963601112	0.101489223539829	0.738389074802399	0.42766210436821	
0.0619361102581024	0.0879918411374092	0.728051245212555	0.499334573745728	
0.0772416144609451	0.071090079843998	0.717502117156982	0.567298054695129	
0.0844391584396362	0.0532758273184299	0.706121981143951	0.629118978977203	
0.0838144794106483	0.0368044227361679	0.692654252052307	0.683316230773926	
0.0766407549381256	0.0234265774488449	0.675434231758118	0.729548156261444	
0.0648995488882065	0.0142183341085911	0.652675807476044	0.768594026565552	
0.0509166195988655	0.00952504295855761	0.622765779495239	0.802133202552795	
0.0369776301085949	0.00901667680591345	0.584515273571014	0.832364618778229	
0.0249878317117691	0.0118351448327303	0.537331700325012	0.861540019512177	
0.0162280071526766	0.0168016608804464	0.481288850307465	0.891500532627106	
0.0112386336550117	0.0226456467062235	0.417092949151993	0.923303067684174	
0.00983982440084219	0.0282166860997677	0.345960289239883	0.957005739212036	
0.0112703396007419	0.0326473079621792	0.269435733556747	0.991647005081177	
0.0144095337018371	0.0354454293847084	0.189188525080681	1.02541697025299	
0.0180343892425299	0.0365089923143387	0.10682201385498	1.05598020553589	
0.0210616867989302	0.0360692925751209	0.0237275268882513	1.08088278770447	
0.0227324981242418	0.0345811806619167	-0.0589991994202137	1.09796249866486	
0.0227106455713511	0.0325861386954784	-0.140574008226395	1.10568261146545	
0.0210854578763247	0.0305768270045519	-0.220481112599373	1.10332858562469	
0.0182881485670805	0.028889050707221	-0.298389375209808	1.09104037284851	
0.0149469953030348	0.0276399422436953	-0.374051809310913	1.06968176364899	
0.0117162643000484	0.0267210602760315	-0.447212725877762	1.04058742523193	
0.00911618955433369	0.025843933224678	-0.517541468143463	1.00524795055389	
0.00741614121943712	0.0246254540979862	-0.584603786468506	0.965003907680511	
0.00658212322741747	0.0226933322846889	-0.647871494293213	0.920816600322723	
0.00629521114751697	0.0197885762900114	-0.706762611865997	0.873160362243652	
0.00603275932371616	0.0158433578908443	-0.760697603225708	0.822055220603943	
0.00519192824140191	0.0110179809853435	-0.809154033660889	0.767225682735443	
0.00322768953628838	0.00568919675424695	-0.851705372333527	0.708343267440796	
-0.000223935901885852	0.000391777488403022	-0.888033270835876	0.64529150724411	
-0.00526212621480227	-0.00427542114630342	-0.917911231517792	0.578388810157776	
-0.011692501604557	-0.00776072591543198	-0.941166043281555	0.508512794971466	
-0.0190570931881666	-0.00966658722609282	-0.957627892494202	0.437092959880829	
-0.0267149060964584	-0.00983123015612364	-0.967086613178253	0.365967601537704	
-0.0339553616940975	-0.00836873427033424	-0.969268202781677	0.297132819890976	
-0.0401213690638542	-0.0056590330787003	-0.963843524456024	0.232435196638107	
-0.0447181686758995	-0.00228872592560947	-0.950474143028259	0.173275023698807	
-0.0474881753325462	0.00104710762389004	-0.928889751434326	0.120386593043804	
-0.0484397672116756	0.00366449705325067	-0.898986101150513	0.0737468674778938	
-0.0478276424109936	0.00500976433977485	-0.860924303531647	0.0326383635401726	
-0.0460916236042976	0.0047563542611897	-0.815211117267609	-0.00414057774469256	
-0.0437683165073395	0.00286126229912043	-0.762741267681122	-0.0379566475749016	
-0.0413939915597439	-0.00042968025081791	-0.704788029193878	-0.0699766725301743	
-0.0394171737134457	-0.00462908810004592	-0.642937779426575	-0.100831836462021	
-0.038135938346386	-0.00909959804266691	-0.57897412776947	-0.130382806062698	
-0.0376687459647655	-0.0131732448935509	-0.51472532749176	-0.15763908624649	
-0.0379603542387486	-0.0162768661975861	-0.451897650957108	-0.180856466293335	
-0.0388174131512642	-0.0180404614657164	-0.39191934466362	-0.197801068425179	
-0.0399633496999741	-0.0183683540672064	-0.335818231105804	-0.206134855747223	
-0.0410995744168758	-0.0174596663564444	-0.284151941537857	-0.203851729631424	
-0.0419606640934944	-0.0157738234847784	-0.236999735236168	-0.18968191742897	
-0.0423540771007538	-0.0139468871057034	-0.194015353918076	-0.163385942578316	
-0.0421795807778835	-0.0126736285164952	-0.154530361294746	-0.125879630446434	
-0.0414285436272621	-0.0125767597928643	-0.117689274251461	-0.0791625902056694	
-0.0401673726737499	-0.0140873230993748	-0.0825937986373901	-0.0260597039014101	
0.038512147963047	0.0173584837466478	0.0484329909086227	-0.0301796142011881	
0.0366018116474152	0.0222290977835655	0.0145805096253753	-0.0863527879118919	
0.0345760770142078	0.0282444711774588	-0.0193531587719917	-0.139761373400688	
0.0325612612068653	0.0347312800586224	-0.0535165779292583	-0.188572719693184	
0.0306643173098564	0.0409136414527893	-0.0878555923700333	-0.23202320933342	
0.0289722625166178	0.0460495799779892	-0.122181072831154	-0.270430475473404	
0.0275530703365803	0.0495630614459515	-0.156248986721039	-0.305018126964569	
0.0264538954943419	0.0511473119258881	-0.189835205674171	-0.337591677904129	
0.0256943441927433	0.0508199892938137	-0.222790211439133	-0.370130091905594	
0.0252551082521677	0.0489194132387638	-0.255064696073532	-0.404371798038483	
0.0250650830566883	0.0460417158901691	-0.286703914403915	-0.44147190451622	
0.02499227412045	0.0429296083748341	-0.317816406488419	-0.481789976358414	
0.0248444117605686	0.040332555770874	-0.348527252674103	-0.524841487407684	
0.0243839845061302	0.0388637110590935	-0.378929764032364	-0.56941157579422	
0.0233594346791506	0.0388799086213112	-0.409049034118652	-0.613799571990967	
0.0215501189231873	0.0404073037207127	-0.438827276229858	-0.656138300895691	
0.0188183132559061	0.0431271493434906	-0.468135595321655	-0.694719731807709	
0.0151581158861518	0.0464255400002003	-0.496810674667358	-0.728262484073639	
0.0107296807691455	0.0494991540908813	-0.524708032608032	-0.756071031093597	
0.00586826726794243	0.0514988079667091	-0.551759779453278	-0.778061509132385	
0.00106140086427331	0.0516852997243404	-0.578022718429565	-0.794658541679382	
-0.0031067340169102	0.0495693981647491	-0.603704512119293	-0.806594133377075	
-0.00603767298161983	0.0450102128088474	-0.629158616065979	-0.814658761024475	
-0.00721541652455926	0.0382533594965935	-0.654846429824829	-0.819462597370148	
-0.00630063051357865	0.0299008823931217	-0.681269824504852	-0.821260511875153	
-0.00320398691110313	0.0208172407001257	-0.70888614654541	-0.819876611232758	
0.0018773868214339	0.0119872037321329	-0.738018810749054	-0.814742743968964	
0.00847054366022348	0.00435041869059205	-0.768781185150146	-0.805037319660187	
0.0158862192183733	-0.0013580498052761	-0.801027536392212	-0.789889931678772	
0.0233195386826992	-0.00473269168287516	-0.834341764450073	-0.768602609634399	
0.029975650832057	-0.00576545484364033	-0.868066787719727	-0.740835726261139	
0.0351981781423092	-0.00484413141384721	-0.90137130022049	-0.706716001033783	
0.0385765768587589	-0.00268124951981008	-0.93334299325943	-0.666841208934784	
0.0400114804506302	-0.000186102566658519	-0.963092386722565	-0.622181415557861	
0.0397243462502956	0.00169707043096423	-0.989849805831909	-0.573898553848267	
0.0382083468139172	0.00215547042898834	-1.01303815841675	-0.523125886917114	
0.036128792911768	0.00064849090995267	-1.03231012821198	-0.470757693052292	
0.034191932529211	-0.00300272111780941	-1.04754149913788	-0.41729599237442	
0.0330078862607479	-0.00859302561730146	-1.05878436565399	-0.362790375947952	
0.0329753458499908	-0.0155819933861494	-1.06618762016296	-0.306883901357651	
0.0342122055590153	-0.0232038535177708	-1.06990003585815	-0.248955130577087	
0.0365472212433815	-0.0306173469871283	-1.06997454166412	-0.188324570655823	
0.0395756177604198	-0.0370663702487946	-1.06629264354706	-0.12447851151228	
0.0427679680287838	-0.0420199632644653	-1.05852401256561	-0.0572602897882462	
0.0456096716225147	-0.045263759791851	-1.04613244533539	0.0130143845453858	
0.0477408170700073	-0.0469240732491016	-1.0284298658371	0.0855431035161018	
0.0490643344819546	-0.0474186204373837	-1.00467455387115	0.159125372767448	
0.049795389175415	-0.0473422892391682	-0.974197566509247	0.232331678271294	
0.0504359528422356	-0.0473095066845417	-0.936542451381683	0.303711086511612	
0.0516735911369324	-0.0477843694388866	-0.891593039035797	0.371986329555511	
0.0542197450995445	-0.0489335358142853	-0.839669525623322	0.436187088489532	
0.0586170181632042	-0.0505342558026314	-0.781574249267578	0.495687901973724	
0.0650540739297867	-0.0519609339535236	-0.718574404716492	0.550139427185059	
0.0732285976409912	-0.0522597841918468	-0.652319073677063	0.599311053752899	
0.0822924748063087	-0.050304651260376	-0.58469545841217	0.642886340618134	
0.0908998996019363	-0.0450111329555511	-0.517638146877289	0.680270731449127	
0.0973603203892708	-0.0355734266340733	-0.452915608882904	0.710472404956818	
0.0998781621456146	-0.0216813888400793	-0.391918957233429	0.732108354568481	
0.0968427658081055	-0.00367585523054004	-0.335484206676483	0.743558347225189	
0.0871201530098915	0.0173917729407549	-0.283774644136429	0.743259608745575	
0.0702940821647644	0.0398151390254498	-0.236245855689049	0.73009580373764	
0.0468099527060986	0.0614043772220612	-0.191706106066704	0.703804731369019	
0.0179898384958506	0.0797541961073875	-0.148474410176277	0.66531378030777	
-0.0140916826203465	0.0925717428326607	-0.104624502360821	0.616911351680756	
-0.0468569882214069	0.098015233874321	-0.0582908727228642	0.562186896800995	
-0.0775636807084084	0.0949898883700371	-0.00800175871700048	0.505708813667297	
-0.103678338229656	0.0833518132567406	0.0470035523176193	0.452460765838623	
-0.123224847018719	0.0639836043119431	0.106518685817719	0.407107949256897	
-0.135049372911453	0.0387238971889019	0.169217869639397	0.373207837343216	
-0.13895770907402	0.01015654951334	0.232640713453293	0.352504998445511	
-0.135702520608902	-0.0187130887061357	0.293332815170288	0.344450116157532	
-0.126823574304581	-0.0448483154177666	0.347141802310944	0.346056699752808	
-0.114370353519917	-0.0655798614025116	0.389647156000137	0.352159261703491	
-0.100556135177612	-0.0789531022310257	0.416682034730911	0.356070637702942	
-0.087404765188694	-0.083970807492733	0.424887657165527	0.350563496351242	
-0.07645133882761	-0.0806944146752357	0.412230372428894	0.32903915643692	
-0.0685473456978798	-0.0701889619231224	0.378409653902054	0.286702066659927	
-0.0638007819652557	-0.0543214976787567	0.325092524290085	0.221544221043587	
-0.0616562999784946	-0.0354458764195442	0.255927622318268	0.134963110089302	
-0.0610941983759403	-0.0160252451896667	0.176317647099495	0.0318869538605213	
-0.0609052777290344	0.00174713879823685	0.0929594412446022	-0.0796437785029411	
-0.0599852167069912	0.0162678379565477	0.0131929004564881	-0.189401894807816	
-0.0575895011425018	0.026733286678791	-0.0557709969580173	-0.286285251379013	
-0.0534989461302757	0.0332075692713261	-0.107652559876442	-0.359825998544693	
-0.0480644144117832	0.0365392677485943	-0.137835428118706	-0.401670724153519	
-0.0421238131821156	0.0381438881158829	-0.143931701779366	-0.406802803277969	
-0.0368103161454201	0.0396906770765781	-0.126101031899452	-0.374315828084946	
-0.033292680978775	0.0427488274872303	-0.0870740115642548	-0.307613134384155	
-0.0325023494660854	0.0484547279775143	-0.0318679921329021	-0.214000195264816	
-0.0349049121141434	0.0572587363421917	0.0327754616737366	-0.10372943431139	
0.0360274985432625	-0.060843963176012	-0.0315373316407204	0.101667948067188	
0.041498102247715	-0.072349488735199	-0.0977454409003258	-0.0138404127210379	
0.0493650361895561	-0.0853122845292091	-0.157975003123283	-0.121996566653252	
0.0583638101816177	-0.0979790166020393	-0.205298528075218	-0.212388768792152	
0.0669449865818024	-0.108274519443512	-0.234377354383469	-0.277361661195755	
0.0735710486769676	-0.114159651100636	-0.242021322250366	-0.312821269035339	
0.0770229697227478	-0.114003367722034	-0.227464035153389	-0.318498015403748	
0.0766544565558434	-0.106906779110432	-0.192322269082069	-0.297657638788223	
0.0725408494472504	-0.09292321652174	-0.140252396464348	-0.256336599588394	
0.0654886662960052	-0.0731344074010849	-0.0763589814305305	-0.202250391244888	
0.0568984560668468	-0.0495648123323917	-0.00644472846761346	-0.143565222620964	
0.0485024303197861	-0.0249420162290335	0.0637884065508842	-0.0877327620983124	
0.0420232117176056	-0.00233538309112191	0.129473254084587	-0.0405628308653831	
0.0388174206018448	0.015274764969945	0.187145441770554	-0.005655437707901	
0.0395728684961796	0.0254334956407547	0.235072165727615	0.0157562717795372	
0.0441202633082867	0.0265871100127697	0.273306399583817	0.0245746895670891	
0.0514009855687618	0.018340639770031	0.303473651409149	0.0233050119131804	
0.059604249894619	0.00155627040658146	0.328338265419006	0.0153518291190267	
0.0664559751749039	-0.0217246115207672	0.351227790117264	0.00429244572296739	
0.0696127489209175	-0.048526968806982	0.375411957502365	-0.00673760753124952	
0.0670934394001961	-0.0753216594457626	0.403535664081573	-0.0154475932940841	
0.0576721057295799	-0.0984856486320496	0.437191128730774	-0.0205359179526567	
0.0411602295935154	-0.114777930080891	0.476689279079437	-0.0215854905545712	
0.0185244586318731	-0.121764063835144	0.521054625511169	-0.0187699496746063	
-0.00818659737706184	-0.118130400776863	0.568231642246246	-0.0124647812917829	
-0.0360998325049877	-0.103845380246639	0.615456163883209	-0.00286947190761566	
-0.0619207695126534	-0.080147884786129	0.659722089767456	0.0102641228586435	
-0.0824180394411087	-0.0493676513433456	0.698260724544525	0.0277326554059982	
-0.0949103832244873	-0.0146064274013042	0.728952884674072	0.0507898256182671	
-0.0976763442158699	0.0206724368035793	0.750609457492828	0.0808868110179901	
-0.0902198031544685	0.0530867204070091	0.763081014156342	0.119307674467564	
-0.0733484625816345	0.0797486752271652	0.767188012599945	0.166786789894104	
-0.049054142087698	0.0985937193036079	0.764493584632874	0.223200038075447	
-0.0202161930501461	0.108583524823189	0.756965816020966	0.287405520677567	
0.00982151366770267	0.109762333333492	0.746593475341797	0.357278436422348	
0.0377302765846252	0.103167116641998	0.735021471977234	0.429942429065704	
0.0606556609272957	0.0906131565570831	0.723267674446106	0.502159357070923	
0.0765847116708755	0.0743931010365486	0.711563467979431	0.570803940296173	
0.084567666053772	0.0569377653300762	0.69933819770813	0.633332967758179	
0.0847667679190636	0.0404893457889557	0.685341000556946	0.68815666437149	
0.0783343613147736	0.0268322099000216	0.667872846126556	0.734841048717499	
0.0671505704522133	0.0171149931848049	0.645081758499146	0.774100720882416	
0.0534721538424492	0.0117812883108854	0.615269482135773	0.807584583759308	
0.0395557843148708	0.0106087597087026	0.577157914638519	0.837496161460876	
0.0273190010339022	0.0128399804234505	0.530075430870056	0.866122782230377	
0.0180911626666784	0.017375648021698	0.474037885665894	0.895363390445709	
0.0124875484034419	0.0229937043040991	0.409722596406937	0.92634391784668	
0.0104159759357572	0.0285570919513702	0.338347464799881	0.959191560745239	
0.0112015465274453	0.0331781543791294	0.2614865899086	0.993003666400909	
0.0137956524267793	0.0363177359104156	0.180858448147774	1.02601182460785	
0.0170233678072691	0.037810068577528	0.0981257781386375	1.05590200424194	
0.0198206007480621	0.0378178507089615	0.014738435856998	1.08022201061249	
0.0214186180382967	0.0367337353527546	-0.068159744143486	1.09679579734802	
0.0214472394436598	0.0350523851811886	-0.149754002690315	1.10406315326691	
0.0199458450078964	0.0332403741776943	-0.229518756270409	1.10128438472748	
0.0172898937016726	0.0316294804215431	-0.307133257389069	1.08857858181	
0.014056246727705	0.0303522571921349	-0.382377088069916	1.0667976140976	
0.0108605362474918	0.029329601675272	-0.455031007528305	1.03727567195892	
0.00820255279541016	0.0283090248703957	-0.524803161621094	1.00151383876801	
0.00635114684700966	0.0269426051527262	-0.591293454170227	0.960870742797852	
0.00528975296765566	0.0248861219733953	-0.653998255729675	0.916329622268677	
0.00472985254600644	0.0218973942101002	-0.712347984313965	0.868385136127472	
0.00418533384799957	0.0179126095026731	-0.7657630443573	0.81707239151001	
0.00308871176093817	0.0130843976512551	-0.813711941242218	0.762122452259064	
0.000922730250749737	0.00777329737320542	-0.855753898620605	0.703204154968262	
-0.00266078813001513	0.00249370979145169	-0.891556739807129	0.640190720558167	
-0.00775892846286297	-0.00217542541213334	-0.92088520526886	0.573384821414948	
-0.0141879133880138	-0.00569798657670617	-0.943565428256989	0.503647208213806	
-0.0215097405016422	-0.00768506480380893	-0.9594367146492	0.432392835617065	
-0.0291079208254814	-0.00797577016055584	-0.968306720256805	0.361451208591461	
-0.0362956747412682	-0.0066781141795218	-0.969924807548523	0.292816340923309	
-0.042434386909008	-0.00416107615455985	-0.963987231254578	0.228339597582817	
-0.0470393337309361	-0.000998162548057735	-0.950177729129791	0.169430762529373	
-0.0498533695936203	0.00212802970781922	-0.928241550922394	0.116834990680218	
-0.0508767105638981	0.00454322574660182	-0.898080050945282	0.0705377906560898	
-0.0503498911857605	0.00569945201277733	-0.859849750995636	0.0298243798315525	
-0.0486963242292404	0.00527176447212696	-0.81404322385788	-0.00651240907609463	
-0.046437855809927	0.0032155504450202	-0.761534094810486	-0.0398536995053291	
-0.0441009253263474	-0.000226682823267765	-0.703571677207947	-0.071388453245163	
-0.0421311594545841	-0.00457090232521296	-0.64171952009201	-0.101774819195271	
-0.0408309958875179	-0.00918171461671591	-0.577743113040924	-0.130901098251343	
-0.0403292141854763	-0.0133909499272704	-0.513459980487823	-0.157800585031509	
-0.0405842252075672	-0.0166230648756027	-0.450574398040771	-0.180744975805283	
-0.0414163917303085	-0.0185042452067137	-0.390520185232162	-0.197505608201027	
-0.0425595790147781	-0.0189348291605711	-0.334336876869202	-0.205737948417664	
-0.0437198504805565	-0.0181112047284842	-0.2825967669487	-0.203418895602226	
-0.0446293354034424	-0.0164924934506416	-0.235393449664116	-0.189254015684128	
-0.0450861640274525	-0.0147175136953592	-0.192391648888588	-0.162975922226906	
-0.0449755638837814	-0.0134867215529084	-0.152928411960602	-0.125474110245705	
-0.0442718975245953	-0.0134305339306593	-0.116147078573704	-0.0787281021475792	
-0.0430253855884075	-0.014988211914897	-0.0811416655778885	-0.0255521889775991	
0.0413398891687393	0.0183198787271976	0.0470884330570698	-0.0308035910129547	
0.0393484868109226	0.0232684146612883	0.0133451409637928	-0.0871252566576004	
0.0371925681829453	0.0293790232390165	-0.0204942841082811	-0.14069452881813	
0.0350074730813503	0.035973746329546	-0.0545932985842228	-0.189654275774956	
0.0329149849712849	0.042267981916666	-0.0889091491699219	-0.233216285705566	
0.0310202669352293	0.0475082546472549	-0.123259492218494	-0.271677881479263	
0.0294097661972046	0.0511060990393162	-0.157402202486992	-0.306250065565109	
0.02814656868577	0.0527435019612312	-0.191110596060753	-0.338735312223434	
0.0272614601999521	0.0524299964308739	-0.224229142069817	-0.37111908197403	
0.0267403051257133	0.0505003295838833	-0.256700247526169	-0.405154168605804	
0.0265111215412617	0.0475522316992283	-0.288560062646866	-0.442014306783676	
0.0264359693974257	0.0443350076675415	-0.319908022880554	-0.482078403234482	
0.0263133458793163	0.041608665138483	-0.350861102342606	-0.524877607822418	
0.0258953105658293	0.0399992913007736	-0.381505936384201	-0.569206178188324	
0.0249206572771072	0.0398771837353706	-0.411862581968307	-0.613364338874817	
0.0231613237410784	0.0412807315587997	-0.441869825124741	-0.655477404594421	
0.020475048571825	0.0439007803797722	-0.471397042274475	-0.693823397159576	
0.0168541129678488	0.0471294745802879	-0.500280499458313	-0.727103650569916	
0.0124587016180158	0.0501657761633396	-0.528376698493958	-0.754606127738953	
0.00762470159679651	0.0521592646837234	-0.555619537830353	-0.776234805583954	
0.00283958856016397	0.0523666441440582	-0.582068383693695	-0.792409896850586	
-0.00131408870220184	0.0502925738692284	-0.607933163642883	-0.803868412971497	
-0.00424137338995934	0.0457888208329678	-0.633568584918976	-0.811415135860443	
-0.00543119804933667	0.0390930809080601	-0.659435212612152	-0.815682232379913	
-0.00454948330298066	0.0307993609458208	-0.68603128194809	-0.816950678825378	
-0.00151097774505615	0.0217642281204462	-0.713806390762329	-0.815070748329163	
0.00348581932485104	0.0129649136215448	-0.743072628974915	-0.809496104717255	
0.0099704572930932	0.00533416075631976	-0.773928284645081	-0.799418807029724	
0.0172604937106371	-0.000398799136746675	-0.806210517883301	-0.783971428871155	
0.0245617534965277	-0.0038325903005898	-0.839485883712769	-0.762447893619537	
0.0310926213860512	-0.00496084429323673	-0.873082220554352	-0.734490394592285	
0.0362104550004005	-0.00416985945776105	-0.906158208847046	-0.700200438499451	
0.0395165793597698	-0.00216700881719589	-0.937798738479614	-0.660148143768311	
0.040919404476881	0.000147265454870649	-0.967120230197906	-0.615277767181396	
0.0406424850225449	0.0018406929448247	-0.993367791175842	-0.566732585430145	
0.039174746721983	0.00211433507502079	-1.01598727703094	-0.515637636184692	
0.0371714532375336	0.000441571202827618	-1.03465926647186	-0.46289125084877	
0.0353246554732323	-0.00334438821300864	-1.04928958415985	-0.409012377262115	
0.0342285521328449	-0.00903022289276123	-1.05995798110962	-0.35407829284668	
0.0342670641839504	-0.0160726681351662	-1.06683504581451	-0.297766894102097	
0.0355470739305019	-0.0237090662121773	-1.07008183002472	-0.239494383335114	
0.037892010062933	-0.0311067290604115	-1.06975328922272	-0.17861644923687	
0.0408982336521149	-0.0375220067799091	-1.06572246551514	-0.114647656679153	
0.0440432876348495	-0.0424377955496311	-1.05764257907867	-0.0474490150809288	
0.0468235239386559	-0.0456520952284336	-1.04495632648468	0.022658497095108	
0.0488911233842373	-0.0472993105649948	-1.02695512771606	0.0948797166347504	
0.0501589514315128	-0.0477989725768566	-1.00288093090057	0.168032065033913	
0.0508469454944134	-0.0477407723665237	-0.972057521343231	0.240711286664009	
0.0514544919133186	-0.0477277897298336	-0.93403148651123	0.311494737863541	
0.0526584573090076	-0.0482090637087822	-0.888700485229492	0.37913191318512	
0.0551523491740227	-0.0493361130356789	-0.836406946182251	0.442673742771149	
0.0594561211764812	-0.0508752353489399	-0.777979612350464	0.501507461071014	
0.065734937787056	-0.0521980151534081	-0.714711368083954	0.555287003517151	
0.0736666917800903	-0.0523587726056576	-0.648270606994629	0.6037757396698	
0.082391694188118	-0.0502512715756893	-0.580552518367767	0.64664500951767	
0.0905645117163658	-0.0448213443160057	-0.513486742973328	0.683285295963287	
0.0965090617537498	-0.0352998673915863	-0.448822647333145	0.712692260742188	
0.098458468914032	-0.0214140247553587	-0.387921392917633	0.733477115631104	
0.0948430076241493	-0.00353578897193074	-0.331582874059677	0.744025111198425	
0.0845778062939644	0.0172652062028646	-0.279934614896774	0.742792189121246	
0.0672982856631279	0.0392825715243816	-0.232403665781021	0.728694319725037	
0.0434977822005749	0.0603473894298077	-0.187783241271973	0.701513528823853	
0.0145362410694361	0.0780957862734795	-0.144394591450691	0.662228226661682	
-0.0174892134964466	0.0902928337454796	-0.100332111120224	0.6131791472435	
-0.0499973297119141	0.095164068043232	-0.0537671484053135	0.558001697063446	
-0.0802623331546783	0.0916822701692581	-0.00327573926188052	0.501296758651733	
-0.105786554515362	0.0797615498304367	0.0518515929579735	0.44806095957756	
-0.124645307660103	0.060324065387249	0.111362315714359	0.402949005365372	
-0.135746479034424	0.035223264247179	0.173897579312325	0.369483441114426	
-0.138961374759674	0.00703036645427346	0.236983194947243	0.349351942539215	
-0.135104730725288	-0.021287739276886	0.297173380851746	0.341932058334351	
-0.12576849758625	-0.0467529445886612	0.350346207618713	0.344156414270401	
-0.113038897514343	-0.0667657852172852	0.39212965965271	0.350781321525574	
-0.0991469100117683	-0.0794419944286346	0.418416231870651	0.355054467916489	
-0.0861135870218277	-0.0838445872068405	0.425908654928207	0.349705874919891	
-0.0754515454173088	-0.0800763741135597	0.412628024816513	0.328123569488525	
-0.0679732039570808	-0.0692195370793343	0.378314018249512	0.285530805587769	
-0.0637357085943222	-0.0531328804790974	0.324654161930084	0.219969123601913	
-0.0621271431446075	-0.0341400243341923	0.255296111106873	0.132909998297691	
-0.0620721243321896	-0.0146589959040284	0.175621747970581	0.0293702445924282	
-0.0623130314052105	0.00316736497916281	0.0922921374440193	-0.0825189277529716	
-0.0617097914218903	0.0177811048924923	0.0126034896820784	-0.192450806498528	
-0.0594986006617546	0.02841024287045	-0.0562771148979664	-0.289267122745514	
-0.0554592274129391	0.0351304970681667	-0.108106881380081	-0.362476468086243	
-0.0499591082334518	0.0387801416218281	-0.138294100761414	-0.403738796710968	
-0.043867502361536	0.0407447591423988	-0.144460678100586	-0.408087432384491	
-0.0383588224649429	0.0426503345370293	-0.126761704683304	-0.374695748090744	
-0.0346466451883316	0.0460182726383209	-0.0879118293523788	-0.307066112756729	
-0.0337038636207581	0.0519423261284828	-0.0329060479998589	-0.212608009576797	
-0.0360274985432625	0.060843963176012	0.0315373316407204	-0.101667948067188	
0.0371061861515045	-0.0643550604581833	-0.0302607771009207	0.0994825884699821	
0.042572595179081	-0.0757883563637733	-0.0962901189923286	-0.0164473485201597	
0.0505210161209106	-0.0885611996054649	-0.156370282173157	-0.124737724661827	
0.0596677996218204	-0.100954741239548	-0.203577280044556	-0.214979782700539	
0.0684275701642036	-0.110940061509609	-0.232568576931953	-0.279559403657913	
0.0752150490880013	-0.116526111960411	-0.240146100521088	-0.314455330371857	
0.0787589326500893	-0.116121232509613	-0.225535675883293	-0.319490283727646	
0.0783649757504463	-0.108847975730896	-0.190350830554962	-0.298026770353317	
0.0740738660097122	-0.094757504761219	-0.138252213597298	-0.256186932325363	
0.0666785910725594	-0.0749047622084618	-0.0743570104241371	-0.201746508479118	
0.0575926750898361	-0.0512671284377575	-0.00448720483109355	-0.142896577715874	
0.048589326441288	-0.026513772085309	0.0656337291002274	-0.0870741084218025	
0.041457612067461	-0.00365656428039074	0.131120830774307	-0.040036890655756	
0.0376391001045704	0.0143675478175282	0.188502237200737	-0.00530422432348132	
0.0379144288599491	0.0251211896538734	0.236053541302681	0.0159864444285631	
0.0422021485865116	0.0270345900207758	0.273855149745941	0.024831710383296	
0.0495129562914371	0.0196609441190958	0.303578794002533	0.0238127503544092	
0.0580748729407787	0.0037791826762259	0.328049391508102	0.0163777228444815	
0.0656134560704231	-0.018673462793231	0.350661605596542	0.00610583228990436	
0.0697421804070473	-0.0448318086564541	0.374748289585114	-0.00390988774597645	
0.0683963149785995	-0.071264736354351	0.403001606464386	-0.0114612029865384	
0.0602340921759605	-0.094418466091156	0.43703493475914	-0.0153580969199538	
0.0449323505163193	-0.111079044640064	0.477146625518799	-0.0153082795441151	
0.0233211312443018	-0.118789464235306	0.522312045097351	-0.0116050969809294	
-0.00267151277512312	-0.116163872182369	0.570392549037933	-0.00472073489800096	
-0.0302603859454393	-0.103056684136391	0.618515431880951	0.00508633349090815	
-0.0561935752630234	-0.0805656015872955	0.663553237915039	0.0180521383881569	
-0.0772301331162453	-0.0508712008595467	0.702619194984436	0.0350102633237839	
-0.0906273201107979	-0.0169391147792339	0.733495235443115	0.0572952404618263	
-0.0945577621459961	0.0178710017353296	0.754927337169647	0.0864713117480278	
-0.088388629257679	0.0502334199845791	0.766744494438171	0.123951487243176	
-0.072778232395649	0.0772618278861046	0.769793450832367	0.170596554875374	
-0.049576073884964	0.0968383252620697	0.765708446502686	0.226388394832611	
-0.0215450804680586	0.107824869453907	0.756564497947693	0.290256470441818	
0.0080465292558074	0.110134586691856	0.74447900056839	0.36010354757309	
0.0358959138393402	0.104661248624325	0.731230139732361	0.433035105466843	
0.0591229014098644	0.0930852591991425	0.717956602573395	0.505753219127655	
0.0756426751613617	0.0775913223624229	0.704982936382294	0.575041770935059	
0.0843993648886681	0.0605430155992508	0.691793382167816	0.638249754905701	
0.0854311287403107	0.0441631861031055	0.677149772644043	0.693678557872772	
0.0797664001584053	0.0302644800394773	0.659325122833252	0.740799605846405	
0.0691788718104362	0.0200641211122274	0.636406481266022	0.780258774757385	
0.0558502040803432	0.0141017641872168	0.606614351272583	0.813669502735138	
0.0420017912983894	0.0122625380754471	0.568582892417908	0.843235015869141	
0.029557840898633	0.0138912778347731	0.521560728549957	0.871273636817932	
0.0198920555412769	0.0179712269455194	0.465503931045532	0.899739027023315	
0.0136921415105462	0.0233328361064196	0.401057362556458	0.929825067520142	
0.0109532484784722	0.0288567095994949	0.329436749219894	0.961728453636169	
0.0110882828012109	0.0336390063166618	0.252241611480713	0.994607865810394	
0.0131235560402274	0.0370967052876949	0.171236768364906	1.02674067020416	
0.0159359648823738	0.0390023440122604	0.0881425514817238	1.0558385848999	
0.0184844397008419	0.0394507609307766	0.00446697091683745	1.07945621013641	
0.0199939236044884	0.0387718938291073	-0.0785971283912659	1.09540796279907	
0.0200628098100424	0.0374120287597179	-0.160202383995056	1.10211408138275	
0.0186819359660149	0.0358094796538353	-0.239810824394226	1.09881210327148	
0.0161711852997541	0.0342895463109016	-0.317109435796738	1.0856009721756	
0.0130550982430577	0.0329979620873928	-0.391902208328247	1.06332123279572	
0.00990899652242661	0.0318831913173199	-0.464004784822464	1.0333057641983	
0.00721017410978675	0.0307276789098978	-0.533163726329803	0.997064471244812	
0.00522492313757539	0.0292183868587017	-0.599013984203339	0.955973386764526	
0.0039524300955236	0.0270395688712597	-0.661078333854675	0.911036431789398	
0.00313348486088216	0.0239667315036058	-0.718801736831665	0.862768471240997	
0.00231807958334684	0.0199412163347006	-0.77160769701004	0.81121951341629	
0.000974266149569303	0.0151090770959854	-0.818958222866058	0.756127953529358	
-0.00138679903466254	0.00981548614799976	-0.860400855541229	0.69716089963913	
-0.00509662227705121	0.00455491989850998	-0.895591378211975	0.63418185710907	
-0.0102493334561586	-0.000113610636617523	-0.924286961555481	0.567478537559509	
-0.0166711043566465	-0.00366994529031217	-0.946313679218292	0.497895002365112	
-0.0239435806870461	-0.00573449488729239	-0.961520135402679	0.42683133482933	
-0.0314748398959637	-0.00614801840856671	-0.969731509685516	0.356107085943222	
-0.038602277636528	-0.00501311616972089	-0.970720648765564	0.287713080644608	
-0.0447063446044922	-0.00268820859491825	-0.964209079742432	0.223503708839417	
-0.0493129715323448	0.000266252609435469	-0.949903249740601	0.164896622300148	
-0.0521659962832928	0.00318048265762627	-0.927564382553101	0.112646363675594	
-0.0532577447593212	0.00539052905514836	-0.897100687026978	0.06674575060606	
-0.0528145991265774	0.00635491497814655	-0.858664929866791	0.0264818239957094	
-0.0512432567775249	0.00575109850615263	-0.8127361536026	-0.00935861095786095	
-0.0490502864122391	0.00353348371572793	-0.76016765832901	-0.0421713888645172	
-0.0467516705393791	-5.84108638577163E-5	-0.702184498310089	-0.0731677860021591	
-0.0447895340621471	-0.00454392470419407	-0.640326738357544	-0.103033103048801	
-0.0434702262282372	-0.00928999297320843	-0.576340556144714	-0.131683602929115	
-0.0429326370358467	-0.0136288497596979	-0.512031257152557	-0.158176973462105	
-0.043148934841156	-0.0169832911342382	-0.44909879565239	-0.180801555514336	
-0.0439535118639469	-0.0189763586968184	-0.388981014490128	-0.197334781289101	
-0.0450912490487099	-0.0195048600435257	-0.332727432250977	-0.205426633358002	
-0.0462734997272491	-0.0187625885009766	-0.280923783779144	-0.203037738800049	
-0.047230564057827	-0.0172081589698792	-0.233677312731743	-0.188849627971649	
-0.0477517172694206	-0.0154826212674379	-0.190663620829582	-0.162567272782326	
-0.0477078892290592	-0.0142913963645697	-0.151225447654724	-0.125053808093071	
-0.0470563992857933	-0.0142718451097608	-0.114505462348461	-0.0782681778073311	
-0.0458309799432755	-0.0158708412200212	-0.0795906707644463	-0.0250135418027639	
0.0441227369010448	0.0192551519721746	0.0456449463963509	-0.0314601436257362	
0.042058203369379	0.024271784350276	0.0120102893561125	-0.0879281610250473	
0.0397797264158726	0.0304663777351379	-0.0217361878603697	-0.14165286719799	
0.0374310128390789	0.0371572375297546	-0.0557734929025173	-0.190752983093262	
0.0351481474936008	0.043552178889513	-0.0900712311267853	-0.234415769577026	
0.0330541282892227	0.0488873682916164	-0.124454960227013	-0.272918075323105	
0.0312538035213947	0.05256287753582	-0.15868553519249	-0.307458162307739	
0.0298263598233461	0.0542500279843807	-0.192534580826759	-0.339835286140442	
0.0288141146302223	0.0539502911269665	-0.22584094107151	-0.372041434049606	
0.0282086413353682	0.0519943572580814	-0.258538722991943	-0.405843764543533	
0.0279376804828644	0.0489806048572063	-0.290654301643372	-0.44243523478508	
0.0278579834848642	0.0456636324524879	-0.322277069091797	-0.482214391231537	
0.0277593769133091	0.0428126305341721	-0.353514552116394	-0.524728715419769	
0.0273839440196753	0.0410653948783875	-0.384445250034332	-0.568782210350037	
0.0264611076563597	0.0408048965036869	-0.415082812309265	-0.61267614364624	
0.0247554387897253	0.0420815125107765	-0.445361435413361	-0.654528439044952	
0.0221199560910463	0.0445960611104965	-0.475147932767868	-0.692602932453156	
0.0185446925461292	0.047747727483511	-0.504277765750885	-0.725583255290985	
0.0141892088577151	0.0507391579449177	-0.532608211040497	-0.752740025520325	
0.00938918255269527	0.0527202785015106	-0.560075342655182	-0.773964405059814	
0.00463110860437155	0.0529451817274094	-0.586741149425507	-0.789671659469604	
0.000494965875986964	0.0509134866297245	-0.612817883491516	-0.800603568553925	
-0.00242862082086504	0.0464701056480408	-0.638661682605743	-0.807579398155212	
-0.0036341124214232	0.0398445799946785	-0.664731860160828	-0.811253845691681	
-0.00279295211657882	0.0316219255328178	-0.691522002220154	-0.811935007572174	
0.000176164146978408	0.022649297490716	-0.719473302364349	-0.809500515460968	
0.00507392268627882	0.0138945616781712	-0.748884797096252	-0.803427159786224	
0.0114333219826221	0.00628172513097525	-0.779838562011719	-0.792921662330627	
0.0185799989849329	0.000532676640432328	-0.812153220176697	-0.777120590209961	
0.0257319062948227	-0.00295625324361026	-0.845376908779144	-0.755309879779816	
0.0321220830082893	-0.00418051145970821	-0.878821790218353	-0.727113544940948	
0.0371228493750095	-0.00352420867420733	-0.911636352539063	-0.692607581615448	
0.0403482466936111	-0.0016881386982277	-0.942902982234955	-0.652333557605743	
0.0417148247361183	0.000438033806858584	-0.97174483537674	-0.6072096824646	
0.0414480231702328	0.00193611916620284	-0.997423231601715	-0.558359861373901	
0.0400317758321762	0.00202297978103161	-1.01940834522247	-0.506901025772095	
0.0381100997328758	0.00018741401436273	-1.03741037845612	-0.453736513853073	
0.0363593325018883	-0.0037246341817081	-1.05136680603027	-0.399403393268585	
0.0353561751544476	-0.00949189066886902	-1.06138634681702	-0.344008386135101	
0.0354683063924313	-0.0165693629533052	-1.06766188144684	-0.28726664185524	
0.0367904715240002	-0.0241993367671967	-1.07036769390106	-0.228634178638458	
0.0391401462256908	-0.0315599776804447	-1.06956100463867	-0.16750393807888	
0.0421147234737873	-0.0379224680364132	-1.06510615348816	-0.103420205414295	
0.0451992116868496	-0.0427856855094433	-1.0566394329071	-0.0362624377012253	
0.0479018837213516	-0.0459615439176559	-1.04358232021332	0.0336432829499245	
0.0498883202672005	-0.0475932955741882	-1.02520501613617	0.105510018765926	
0.0510828159749508	-0.048102181404829	-1.00073325634003	0.178174808621407	
0.051711555570364	-0.0480717681348324	-0.969483852386475	0.250260829925537	
0.0522726662456989	-0.0480922162532806	-0.931007146835327	0.320376127958298	
0.0534333661198616	-0.0485955588519573	-0.885215818881989	0.387299329042435	
0.0558699369430542	-0.0497162081301212	-0.832476198673248	0.450104504823685	
0.0600800812244415	-0.0512077584862709	-0.77364581823349	0.508193254470825	
0.0662055537104607	-0.0524377189576626	-0.710045337677002	0.561223387718201	
0.0739043280482292	-0.0524678900837898	-0.643364608287811	0.608953177928925	
0.0823048874735832	-0.0502119436860085	-0.575509548187256	0.651041626930237	
0.0900617763400078	-0.0446464940905571	-0.508406102657318	0.68686431646347	
0.0955129489302635	-0.0350399874150753	-0.443786114454269	0.715404212474823	
0.0969197154045105	-0.0211579594761133	-0.382981181144714	0.735267043113708	
0.0927526354789734	-0.00340442080050707	-0.326754868030548	0.744843602180481	
0.0819751173257828	0.0171321555972099	-0.275197923183441	0.742609322071075	
0.0642733201384544	0.0387451499700546	-0.227707281708717	0.727513313293457	
0.0401873365044594	0.0592868216335773	-0.183058902621269	0.699382364749908	
0.0111137283965945	0.076435275375843	-0.139573872089386	0.659246921539307	
-0.0208291318267584	0.0880142003297806	-0.0953647419810295	0.609500229358673	
-0.0530575402081013	0.0923171564936638	-0.0486373752355576	0.553823947906494	
-0.0828632563352585	0.0883849486708641	0.00198642886243761	0.496851295232773	
-0.107784867286682	0.0761897712945938	0.0571665167808533	0.443591475486755	
-0.125949114561081	0.0566929504275322	0.116605333983898	0.398688167333603	
-0.136325106024742	0.0317619182169437	0.178911685943604	0.3656285405159	
-0.138848572969437	0.00395414140075445	0.241598010063171	0.346043080091476	
-0.134395077824593	-0.0238031968474388	0.301227301359177	0.339236229658127	
-0.124607264995575	-0.0485917143523693	0.353708386421204	0.342060267925262	
-0.111606739461422	-0.0678825527429581	0.394717961549759	0.34919399023056	
-0.0976411700248718	-0.0798620656132698	0.420208275318146	0.353820770978928	
-0.0847282856702805	-0.0836532041430473	0.426944226026535	0.348629117012024	
-0.0743583217263222	-0.0793993249535561	0.41300243139267	0.3269944190979	
-0.0673052370548248	-0.0681984648108482	0.378163546323776	0.284159153699875	
-0.0635763630270958	-0.0518997684121132	0.324136316776276	0.218214139342308	
-0.0625044107437134	-0.0327953100204468	0.254567712545395	0.130704089999199	
-0.0629593953490257	-0.013257103972137	0.174818798899651	0.0267330352216959	
-0.0636359676718712	0.00462266197428107	0.0915144309401512	-0.0854788720607758	
-0.0633584037423134	0.0193309895694256	0.0119061749428511	-0.195547461509705	
-0.0613430067896843	0.0301261767745018	-0.0568840727210045	-0.292260348796844	
-0.0573672242462635	0.0370936691761017	-0.108651950955391	-0.3651043176651	
-0.0518133416771889	0.0410591773688793	-0.138831958174706	-0.405754297971725	
-0.0455800369381905	0.0433762148022652	-0.145057305693626	-0.409294337034225	
-0.0398812294006348	0.0456258021295071	-0.127479583024979	-0.374978244304657	
-0.0359741374850273	0.0492807142436504	-0.0887983366847038	-0.306407451629639	
-0.034872755408287	0.0553924143314362	-0.0339865311980247	-0.211095467209816	
-0.0371061861515045	0.0643550604581833	0.0302607771009207	-0.0994825884699821	
0.038139671087265	-0.0677877441048622	-0.0289473570883274	0.0971760228276253	
0.0435872562229633	-0.0791089907288551	-0.094800777733326	-0.0191713161766529	
0.0516012199223042	-0.0916526094079018	-0.154732495546341	-0.127587139606476	
0.0608814544975758	-0.103738456964493	-0.201822116971016	-0.217665761709213	
0.069809265434742	-0.113388009369373	-0.230723232030869	-0.281834334135056	
0.0767536908388138	-0.118661865592003	-0.23822945356369	-0.316144347190857	
0.0803922191262245	-0.118010051548481	-0.223558366298676	-0.320511162281036	
0.0799824669957161	-0.110577300190926	-0.188319653272629	-0.29839488863945	
0.0755289793014526	-0.0964114591479301	-0.136177778244019	-0.256004512310028	
0.0678086504340172	-0.0765377134084702	-0.0722625106573105	-0.201177760958672	
0.0582446046173573	-0.052881795912981	-0.00241553736850619	-0.142132669687271	
0.0486476011574268	-0.0280488301068544	0.0676169395446777	-0.0862934589385986	
0.0408701784908772	-0.0049871071241796	0.132930248975754	-0.0393675714731216	
0.0364369563758373	0.0134155638515949	0.190042495727539	-0.00479452637955546	
0.0362210795283318	0.0247440449893475	0.23723478615284	0.0163841173052788	
0.0402303114533424	0.0274154674261808	0.274612098932266	0.0252606011927128	
0.0475477129220963	0.0209319870918989	0.30388993024826	0.0244947653263807	
0.0564443878829479	0.00598774338141084	0.327952325344086	0.0175820533186197	
0.0646504387259483	-0.0155879780650139	0.350260764360428	0.00810783728957176	
0.0697409212589264	-0.0410454720258713	0.374212175607681	-0.000873133540153503	
0.0695712044835091	-0.0670584663748741	0.402548551559448	-0.00723164901137352	
0.0626856535673141	-0.0901496410369873	0.436907976865768	-0.00988717656582594	
0.0486262366175652	-0.107138827443123	0.477580517530441	-0.00867200829088688	
0.0280837882310152	-0.115551821887493	0.523496747016907	-0.00400111358612776	
0.00286108930595219	-0.113933958113194	0.572438657283783	0.00355264451354742	
-0.024350855499506	-0.102026611566544	0.621427595615387	0.0136661287397146	
-0.0503497086465359	-0.0807846337556839	0.667215824127197	0.0265565365552902	
-0.0718916729092598	-0.0522354543209076	0.706797182559967	0.0430874563753605	
-0.0861780121922493	-0.0192026682198048	0.737852215766907	0.0646680295467377	
-0.0912788063287735	0.0150648606941104	0.759057283401489	0.0929708555340767	
-0.0864252597093582	0.0473053082823753	0.77021461725235	0.129535362124443	
-0.0721242055296898	0.074640654027462	0.772191405296326	0.17534863948822	
-0.0500782057642937	0.0949051454663277	0.76668792963028	0.230500921607018	
-0.0229271035641432	0.106864497065544	0.755882501602173	0.293997347354889	
0.00614424236118793	0.110301852226257	0.742019236087799	0.363774001598358	
0.0338666178286076	0.105966441333294	0.727010130882263	0.436924159526825	
0.0573408901691437	0.0954003930091858	0.712117195129395	0.510095834732056	
0.0744153335690498	0.0806753486394882	0.697762787342072	0.579986333847046	
0.0839304849505425	0.0640816390514374	0.683492302894592	0.643839061260223	
0.0858002454042435	0.0478165969252586	0.6680868268013	0.699847161769867	
0.0809265300631523	0.0337156169116497	0.649797677993774	0.747385084629059	
0.0709719657897949	0.0230602491647005	0.626656711101532	0.787026464939117	
0.0580372177064419	0.0164836850017309	0.596806585788727	0.820344567298889	
0.0443021953105927	0.0139779057353735	0.558795928955078	0.849537134170532	
0.0316920541226864	0.0149912452325225	0.511793375015259	0.876949071884155	
0.0216204132884741	0.0185922514647245	0.455693304538727	0.904585540294647	
0.0148446969687939	0.0236676800996065	0.391104876995087	0.933706760406494	
0.0114466464146972	0.0291200317442417	0.319237887859344	0.964579463005066	
0.0109280804172158	0.0340333394706249	0.241713464260101	0.996425867080688	
0.0123928235843778	0.0377840660512447	0.160339653491974	1.02757263183594	
0.0147731127217412	0.0400853529572487	0.0768922716379166	1.05576205253601	
0.0170547347515821	0.040965162217617	-0.00706317415460944	1.07856023311615	
0.0184598248451948	0.0406904779374599	-0.0902841836214066	1.09377634525299	
0.0185580737888813	0.0396579056978226	-0.171889096498489	1.09981489181519	
0.0172934010624886	0.0382754392921925	-0.251325100660324	1.09589278697968	
0.014930528588593	0.0368595644831657	-0.328284382820129	1.08209073543549	
0.0119410129263997	0.0355669148266315	-0.402593016624451	1.05923748016357	
0.00885837152600288	0.0343716815114021	-0.474100053310394	1.02866399288177	
0.00613546092063189	0.0330900475382805	-0.542590022087097	0.991888225078583	
0.00403400510549545	0.0314434245228767	-0.607733607292175	0.950302124023438	
0.00256721675395966	0.0291447825729847	-0.669081270694733	0.904929518699646	
0.00150398770347238	0.0259881019592285	-0.726095199584961	0.856304943561554	
0.000429840612923726	0.0219209343194962	-0.778204500675201	0.804493486881256	
-0.0011515956139192	0.0170838497579098	-0.82486754655838	0.749241352081299	
-0.00370023562572896	0.0118075273931026	-0.865622639656067	0.69021475315094	
-0.00753012578934431	0.00656702695414424	-0.900115430355072	0.627268195152283	
-0.0127316061407328	0.00190150190610439	-0.9280965924263	0.560675144195557	
-0.0191401224583387	-0.00168518722057343	-0.949392974376678	0.491262823343277	
-0.0263565871864557	-0.00382339209318161	-0.963862359523773	0.420416206121445	
-0.033813614398241	-0.00435625435784459	-0.971347391605377	0.349943965673447	
-0.0408730730414391	-0.00338162132538855	-0.971644282341003	0.281832247972488	
-0.046934999525547	-0.00124778016470373	-0.964499652385712	0.217937007546425	
-0.0515365712344646	0.00149778707418591	-0.949643135070801	0.159682035446167	
-0.0544231384992599	0.00419837981462479	-0.926852583885193	0.107829786837101	
-0.0555794611573219	0.00620094360783696	-0.89604389667511	0.0623792074620724	
-0.0552178248763084	0.00697125308215618	-0.857366859912872	0.0226183794438839	
-0.0537280030548573	0.00618994235992432	-0.811288177967072	-0.0126724131405354	
-0.0516008250415325	0.00381106184795499	-0.758640825748444	-0.0449039191007614	
-0.0493412464857101	7.1494621806778E-5	-0.700626015663147	-0.0753098353743553	
-0.0473873019218445	-0.004551459569484	-0.63875949382782	-0.104602731764317	
-0.0460487976670265	-0.0094273891299963	-0.574766993522644	-0.132727190852165	
-0.0454744920134544	-0.0138895213603973	-0.510439813137054	-0.158765748143196	
-0.0456503145396709	-0.0173597000539303	-0.447472095489502	-0.181024193763733	
-0.0464249923825264	-0.019458482041955	-0.387303501367569	-0.197287023067474	
-0.0475548915565014	-0.0200796313583851	-0.330992013216019	-0.20519956946373	
-0.048757266253233	-0.0194145124405622	-0.279135465621948	-0.202707186341286	
-0.0497611835598946	-0.017921045422554	-0.231854036450386	-0.18846794962883	
-0.0503475554287434	-0.0162420198321342	-0.188833996653557	-0.162159487605095	
-0.0503732860088348	-0.0150871081277728	-0.149424061179161	-0.124618485569954	
-0.0497786775231361	-0.0150998616591096	-0.112766772508621	-0.0777830109000206	
-0.0485807359218597	-0.0167341325432062	-0.0779427066445351	-0.0244444198906422	
0.0468573234975338	0.0201630108058453	0.0441038943827152	-0.0321481227874756	
0.044727798551321	0.0252376943826675	0.0105767911300063	-0.0887598320841789	
0.0423347540199757	0.0315047726035118	-0.0230784881860018	-0.14263428747654	
0.0398295745253563	0.0382796972990036	-0.0570570789277554	-0.191866308450699	
0.0373621061444283	0.0447638370096684	-0.0913418605923653	-0.235618710517883	
0.0350728072226048	0.0501841641962528	-0.125767394900322	-0.274147868156433	
0.0330847799777985	0.0539302825927734	-0.16009858250618	-0.308638989925385	
0.0314934179186821	0.0556634515523911	-0.194106176495552	-0.340887993574142	
0.030352896079421	0.0553772002458572	-0.227623924612999	-0.372893273830414	
0.0296609867364168	0.0533977039158344	-0.260577619075775	-0.406436622142792	
0.029345765709877	0.0503230430185795	-0.292983323335648	-0.442730396986008	
0.0292593128979206	0.0469118319451809	-0.32491934299469	-0.482193440198898	
0.0291833970695734	0.0439410321414471	-0.356482475996017	-0.5243901014328	
0.0288506168872118	0.042058914899826	-0.387741655111313	-0.568134605884552	
0.0279813464730978	0.0416602417826653	-0.418702661991119	-0.611729681491852	
0.0263328850269318	0.0428070798516273	-0.449293971061707	-0.653285980224609	
0.0237533785402775	0.045210562646389	-0.479378908872604	-0.691052973270416	
0.0202301908284426	0.0482778586447239	-0.50879168510437	-0.723695993423462	
0.0159216057509184	0.0512166768312454	-0.537390351295471	-0.750467658042908	
0.0111622586846352	0.0531788840889931	-0.565113127231598	-0.771245658397675	
0.00643671862781048	0.0534174591302872	-0.592024862766266	-0.786439776420593	
0.00232144584879279	0.0514281205832958	-0.618340611457825	-0.796796143054962	
-0.000598100596107543	0.0470494590699673	-0.644417583942413	-0.803148746490479	
-0.00182251562364399	0.0405026748776436	-0.670713722705841	-0.806175291538239	
-0.00102904019877315	0.0323629043996334	-0.697717368602753	-0.80621200799942	
0.001859808457084	0.0234664231538773	-0.725859999656677	-0.803165018558502	
0.0066444487310946	0.0147699248045683	-0.755426704883575	-0.796535491943359	
0.0128622641786933	0.00718685612082481	-0.786481738090515	-0.785546064376831	
0.0198482070118189	0.00143024488352239	-0.818823993206024	-0.769338011741638	
0.0268337521702051	-0.00210955529473722	-0.851982057094574	-0.747189939022064	
0.0330679789185524	-0.00342996907420456	-0.885251879692078	-0.718707621097565	
0.0379393398761749	-0.00291226198896766	-0.917771339416504	-0.683941066265106	
0.0410754345357418	-0.00124926131684333	-0.948620915412903	-0.643402755260468	
0.0424012765288353	0.000682038778904825	-0.976931393146515	-0.597984075546265	
0.0421439819037914	0.00197961158119142	-1.00198137760162	-0.54878956079483	
0.0407817512750626	0.00187803409062326	-1.02326691150665	-0.496927857398987	
0.0389461778104305	-0.000117066272650845	-1.04052948951721	-0.443307906389236	
0.0372964479029179	-0.00414636312052608	-1.05373954772949	-0.388486236333847	
0.0363902263343334	-0.00998087227344513	-1.06303596496582	-0.332600891590118	
0.0365775749087334	-0.0170749966055155	-1.0686354637146	-0.275406241416931	
0.0379400439560413	-0.0246778037399054	-1.07072579860687	-0.216400325298309	
0.0402885600924492	-0.0319805964827538	-1.06936645507813	-0.155015259981155	
0.0432215370237827	-0.038271751254797	-1.06441307067871	-0.0908264294266701	
0.046231959015131	-0.0430682264268398	-1.05548489093781	-0.0237323902547359	
0.0488409958779812	-0.046197347342968	-1.04198169708252	0.0459358617663383	
0.0507289357483387	-0.0478119291365147	-1.0231522321701	0.117400631308556	
0.0518329702317715	-0.0483347326517105	-0.99820613861084	0.189520299434662	
0.0523869767785072	-0.0483421869575977	-0.96645313501358	0.260947644710541	
0.0528891012072563	-0.0484099090099335	-0.927448511123657	0.330323725938797	
0.0539979003369808	-0.0489509291946888	-0.881121098995209	0.396458476781845	
0.056373093277216	-0.0500805228948593	-0.827862858772278	0.458451092243195	
0.0604904592037201	-0.0515378378331661	-0.768561959266663	0.515718758106232	
0.0664683952927589	-0.0526850670576096	-0.704569220542908	0.567924380302429	
0.0739447623491287	-0.0525908917188644	-0.637598276138306	0.614821076393127	
0.0820359066128731	-0.0501889698207378	-0.569567441940308	0.656055748462677	
0.0893959477543831	-0.0444873161613941	-0.502401053905487	0.690989017486572	
0.0943763852119446	-0.0347929410636425	-0.437814205884933	0.718591034412384	
0.0952661782503128	-0.0209108348935843	-0.377109587192535	0.737462043762207	
0.0905755236744881	-0.00327804079279304	-0.321013957262039	0.745999157428741	
0.0793153792619705	0.0169974565505981	-0.269580334424973	0.742697536945343	
0.0612216778099537	0.0382085666060448	-0.222173884510994	0.726540505886078	
0.036880187690258	0.0582289099693298	-0.177551224827766	0.697400391101837	
0.00772289838641882	0.0747791230678558	-0.134030863642693	0.656360268592834	
-0.0241117868572474	0.0857422649860382	-0.0897410660982132	0.605866670608521	
-0.0560388192534447	0.0894806310534477	-0.0429199077188969	0.549647390842438	
-0.0853683277964592	0.0851035416126251	0.00776701606810093	0.492367804050446	
-0.109675623476505	0.0726413950324059	0.0629315003752708	0.439049243927002	
-0.12713885307312	0.053094357252121	0.12223207950592	0.394323736429214	
-0.136787801980972	0.0283430945128202	0.18424591422081	0.36164253950119	
-0.13862170279026	0.000930232286918908	0.246472403407097	0.342578619718552	
-0.133575588464737	-0.0262579489499331	0.305483549833298	0.336363434791565	
-0.123341381549835	-0.0503638796508312	0.357219040393829	0.339769273996353	
-0.110074818134308	-0.068930059671402	0.397404402494431	0.347398281097412	
-0.0960392653942108	-0.0802137330174446	0.422052145004272	0.352370709180832	
-0.0832486674189568	-0.0833974927663803	0.427989840507507	0.34733447432518	
-0.0731709599494934	-0.0786643698811531	0.413350284099579	0.325653314590454	
-0.0665422827005386	-0.0671270191669464	0.377955853939056	0.282589375972748	
-0.06332116574049	-0.0506235286593437	0.323537111282349	0.216282561421394	
-0.0627861618995667	-0.0314131751656532	0.253740787506104	0.128349959850311	
-0.0637537688016891	-0.0118211144581437	0.173907190561295	0.0239813514053822	
-0.0648716166615486	0.0061113378033042	0.0906245410442352	-0.0885161608457565	
-0.0649283975362778	0.020915575325489	0.011098949238658	-0.198683172464371	
-0.06311996281147	0.0318788699805737	-0.0575940608978271	-0.295255482196808	
-0.0592201724648476	0.0390944816172123	-0.10928999632597	-0.367700040340424	
-0.0536244250833988	0.0433733724057674	-0.13945110142231	-0.407708257436752	
-0.047258909791708	0.0460348315536976	-0.145723238587379	-0.410415977239609	
-0.0413753017783165	0.0486132726073265	-0.128255769610405	-0.37515777349472	
-0.0372732393443584	0.052532073110342	-0.089733824133873	-0.30563423037529	
-0.0360074415802956	0.0588007383048534	-0.0351088233292103	-0.209462389349937	
-0.038139671087265	0.0677877441048622	0.0289473570883274	-0.0971760228276253	
0.0391266830265522	-0.0711378455162048	-0.0275986678898335	0.0947510674595833	
0.0445410721004009	-0.0823074877262115	-0.0932798832654953	-0.0220069978386164	
0.0526047386229038	-0.0945829600095749	-0.153064846992493	-0.130537509918213	
0.0620038099586964	-0.106326967477798	-0.200036853551865	-0.220438122749329	
0.0710889250040054	-0.115615501999855	-0.228845506906509	-0.284177303314209	
0.0781855136156082	-0.120564259588718	-0.236275792121887	-0.317879378795624	
0.0819210559129715	-0.119667269289494	-0.221536591649055	-0.321552515029907	
0.0815049260854721	-0.112092174589634	-0.186233207583427	-0.298754990100861	
0.0769041478633881	-0.0978824198246002	-0.134033501148224	-0.255783647298813	
0.0688769742846489	-0.0780305415391922	-0.0700797587633133	-0.200539737939835	
0.0588528476655483	-0.0544061809778214	-0.00023389644047711	-0.141270011663437	
0.0486765876412392	-0.0295448582619429	0.0697339549660683	-0.0853879749774933	
0.0402611419558525	-0.00632529798895121	0.134897500276566	-0.0385523252189159	
0.0352121591567993	0.0124195348471403	0.191762283444405	-0.00412380043417215	
0.0344947539269924	0.0243014469742775	0.238611996173859	0.0169519372284412	
0.0382071062922478	0.0277275126427412	0.275573343038559	0.0258640069514513	
0.0455075092613697	0.022149819880724	0.304403036832809	0.025353416800499	
0.0547143071889877	0.00817636307328939	0.328042685985565	0.0189664289355278	
0.0635670125484467	-0.0124750630930066	0.350020110607147	0.0102987652644515	
0.0696070417761803	-0.0371756330132484	0.373797327280045	0.00237111723981798	
0.0706137120723724	-0.0627105534076691	0.402168542146683	-0.0027627453673631	
0.0650197714567184	-0.0856860801577568	0.436800122261047	-0.0041294819675386	
0.0522323846817017	-0.102962531149387	0.477978080511093	-0.00168550212401897	
0.0328009501099586	-0.112053997814655	0.524592638015747	0.00403095968067646	
0.00839855521917343	-0.111440621316433	0.574350655078888	0.0123426122590899	
-0.0183840487152338	-0.100751981139183	0.624170124530792	0.0228561386466026	
-0.0444010011851788	-0.0807988196611404	0.670684218406677	0.0357632339000702	
-0.066412441432476	-0.0534517914056778	0.710767149925232	0.0519505031406879	
-0.0815693065524101	-0.021386856213212	0.741995096206665	0.0728952661156654	
-0.0878428295254707	0.0122647769749165	0.762970685958862	0.100373513996601	
-0.0843294262886047	0.0443125143647194	0.773464024066925	0.136048197746277	
-0.0713828131556511	0.0718935057520866	0.774357199668884	0.181032255291939	
-0.0505543798208237	0.0927998274564743	0.767411112785339	0.235526338219643	
-0.0243546012789011	0.105704717338085	0.754903316497803	0.298615366220474	
0.0041225403547287	0.110262840986252	0.739202439785004	0.368274331092834	
0.0316491909325123	0.107078053057194	0.722354412078857	0.441590517759323	
0.0553141869604588	0.0975511148571968	0.705746948719025	0.515163600444794	
0.0729041248559952	0.0836358591914177	0.689904391765594	0.585608899593353	
0.0831588506698608	0.0675435438752174	0.674439191818237	0.650067329406738	
0.0858683586120605	0.0514398477971554	0.658158183097839	0.706623792648315	
0.0818058103322983	0.0371772758662701	0.639297604560852	0.754554688930511	
0.0725185126066208	0.0260972231626511	0.615839600563049	0.794357776641846	
0.0600205473601818	0.0189235471189022	0.585853457450867	0.827561616897583	
0.046444196254015	0.0157540887594223	0.547804117202759	0.856353521347046	
0.0337098129093647	0.0161415375769138	0.500780582427979	0.883100628852844	
0.0232662595808506	0.0192421972751617	0.444613844156265	0.909856021404266	
0.0159376990050077	0.0240027084946632	0.379874557256699	0.937944531440735	
0.0118913538753986	0.0293515995144844	0.307762622833252	0.96770304441452	
0.0107186948880553	0.0343648679554462	0.229916974902153	0.998419463634491	
0.0116033451631665	0.0383819751441479	0.148185566067696	1.02847290039063	
0.0135361887514591	0.0410591475665569	0.0643974095582962	1.05564081668854	
0.0155335897579789	0.0423587784171104	-0.0198254976421595	1.07750523090363	
0.0168184209614992	0.0424849018454552	-0.103190690279007	1.09187495708466	
0.0169345252215862	0.04178337007761	-0.184780701994896	1.09714186191559	
0.015780720859766	0.0406300127506256	-0.264025747776031	1.0925053358078	
0.0135672362521291	0.0393302105367184	-0.340620666742325	1.07802855968475	
0.0107122082263231	0.0380492359399796	-0.41441136598587	1.05452907085419	
0.00770605402067304	0.0367850996553898	-0.485278844833374	1.02333545684814	
0.00497537106275558	0.0353864096105099	-0.553044855594635	0.985972344875336	
0.00277535431087017	0.033608440309763	-0.617416143417358	0.943846523761749	
0.00113147927913815	0.0311929825693369	-0.677972614765167	0.898000836372375	
-0.000160562369273975	0.0279531497508287	-0.734195709228516	0.848988950252533	
-0.00148042279761285	0.0238436944782734	-0.785522818565369	0.796891331672668	
-0.00328899966552854	0.0190007612109184	-0.831411302089691	0.741462171077728	
-0.00601688586175442	0.0137414485216141	-0.871392667293549	0.682367444038391	
-0.00995996408164501	0.00852195359766483	-0.905104279518127	0.619453728199005	
-0.0152039844542742	0.00386171462014318	-0.932291686534882	0.552980422973633	
-0.0215929765254259	0.000248033262323588	-0.952782988548279	0.483758181333542	
-0.0287466812878847	-0.00195994484238327	-0.966445326805115	0.413156270980835	
-0.0361221469938755	-0.00260844337753952	-0.973138749599457	0.342971622943878	
-0.0431059300899506	-0.00179121398832649	-0.972682356834412	0.27518430352211	
-0.0491180904209614	0.000153143497300334	-0.964848160743713	0.211650192737579	
-0.0537076257169247	0.00268998392857611	-0.949388802051544	0.153797626495361	
-0.0566219054162502	0.0051759104244411	-0.926099598407745	0.102395512163639	
-0.0578384920954704	0.00696929031983018	-0.894904732704163	0.0574478060007095	
-0.0575557053089142	0.0075438660569489	-0.855952203273773	0.0182428490370512	
-0.0561462230980396	0.00658419914543629	-0.809696912765503	-0.0164459757506847	
-0.0540847778320313	0.00404461426660419	-0.756952345371246	-0.0480444841086864	
-0.0518647618591785	0.000159731120220385	-0.698895514011383	-0.0778088197112083	
-0.0499195642769337	-0.0045964727178216	-0.637017607688904	-0.106478929519653	
-0.0485619753599167	-0.00959653686732054	-0.573022663593292	-0.134027928113937	
-0.047950342297554	-0.0141752390190959	-0.508686602115631	-0.15956375002861	
-0.048084307461977	-0.017754165455699	-0.445695579051971	-0.181410387158394	
-0.0488271526992321	-0.0199520643800497	-0.385489463806152	-0.197360262274742	
-0.0499471537768841	-0.0206601358950138	-0.329132795333862	-0.2050551623106	
-0.0511680170893669	-0.0200675092637539	-0.277234345674515	-0.202425971627235	
-0.0522181577980518	-0.0186312589794397	-0.229926407337189	-0.188108026981354	
-0.0528706200420856	-0.0169954355806112	-0.186905652284622	-0.161751940846443	
-0.0529686026275158	-0.0158732682466507	-0.147526994347572	-0.124167941510677	
-0.0524354688823223	-0.0159137360751629	-0.110933445394039	-0.077272817492485	
-0.0512713007628918	-0.0175770353525877	-0.0761997848749161	-0.0238455161452293	
0.0495403222739697	0.0210422202944756	0.0424667671322823	-0.0328663252294064	
0.0473541021347046	0.0261647272855043	0.00904559437185526	-0.0896185711026192	
0.0448547936975956	0.0324925743043423	-0.0245206989347935	-0.14363656938076	
0.0422007739543915	0.0393392443656921	-0.0584438927471638	-0.192991614341736	
0.0395550467073917	0.0459007695317268	-0.0927209928631783	-0.236822172999382	
0.037075113505125	0.0513961166143417	-0.127196624875069	-0.275363951921463	
0.034902136772871	0.0552054420113564	-0.161640807986259	-0.309789031744003	
0.0331477448344231	0.0569805987179279	-0.195824310183525	-0.341889709234238	
0.0318782553076744	0.0567073151469231	-0.229576304554939	-0.373670756816864	
0.0310980919748545	0.054706834256649	-0.262814253568649	-0.406928658485413	
0.0307362731546164	0.0515760108828545	-0.295543432235718	-0.442895501852036	
0.030640859156847	0.0480761900544167	-0.327830165624619	-0.482010960578918	
0.0305862035602331	0.0449906922876835	-0.3597591817379	-0.523856937885284	
0.0302959568798542	0.0429769642651081	-0.391388356685638	-0.567258238792419	
0.0294818077236414	0.0424406416714191	-0.422714203596115	-0.610519647598267	
0.0278939269483089	0.0434551239013672	-0.453658282756805	-0.651744544506073	
0.025375459343195	0.045742142945528	-0.484079450368881	-0.689167857170105	
0.021910710260272	0.0487177446484566	-0.513810276985168	-0.721436262130737	
0.0176560450345278	0.0515960603952408	-0.542709231376648	-0.747783720493317	
0.0129442168399692	0.0535324886441231	-0.570716977119446	-0.768073678016663	
0.00825691781938076	0.0537804216146469	-0.597901582717896	-0.782709777355194	
0.00416613230481744	0.0518328510224819	-0.624480962753296	-0.792442321777344	
0.00125130673404783	0.0475226379930973	-0.650813579559326	-0.798120021820068	
5.0973008001165E-6	0.0410625375807285	-0.677355647087097	-0.80044412612915	
0.000744180113542825	0.0330169647932053	-0.70458972454071	-0.799779832363129	
0.00354232965037227	0.0242098923772573	-0.73293673992157	-0.79606306552887	
0.00820022914558649	0.0155850676819682	-0.762666463851929	-0.788820564746857	
0.0142605602741241	0.00804357044398785	-0.793824076652527	-0.777292132377625	
0.0210688002407551	0.00228804280050099	-0.826187372207642	-0.760624647140503	
0.0278713069856167	-0.00129809393547475	-0.859264612197876	-0.738089919090271	
0.0339345373213291	-0.00271443813107908	-0.892334580421448	-0.709275424480438	
0.0386642329394817	-0.00233879219740629	-0.924524784088135	-0.674205005168915	
0.041702326387167	-0.000854671699926257	-0.954913675785065	-0.633361577987671	
0.0429826267063618	0.000875452358741313	-0.98264068365097	-0.587608993053436	
0.0427337028086185	0.00196776213124394	-1.00700306892395	-0.538031995296478	
0.0414273031055927	0.00167643302120268	-1.02752387523651	-0.485731184482574	
0.03968146443367	-0.000474693428259343	-1.04397773742676	-0.431621551513672	
0.0381368137896061	-0.00461227865889668	-1.05636942386627	-0.376280307769775	
0.0373305380344391	-0.0104998853057623	-1.06486940383911	-0.319878399372101	
0.0375937595963478	-0.0175924431532621	-1.06971883773804	-0.262211441993713	
0.0389938540756702	-0.0251476392149925	-1.07111978530884	-0.202821552753448	
0.0413346886634827	-0.0323721803724766	-1.0691339969635	-0.141181796789169	
0.044215701520443	-0.0385739840567112	-1.06360876560211	-0.0768999680876732	
0.0471383966505527	-0.0432901456952095	-1.05414569377899	-0.00989424623548985	
0.0496378429234028	-0.0463648661971092	-1.04012250900269	0.0594996921718121	
0.0514103136956692	-0.047961164265871	-1.02076637744904	0.130514457821846	
0.0524073466658592	-0.0485030636191368	-0.99527108669281	0.202031478285789	
0.0528719052672386	-0.0485588125884533	-0.962939620018005	0.272735238075256	
0.0533033832907677	-0.0486877597868443	-0.923332691192627	0.341302156448364	
0.0543526038527489	-0.0492819137871265	-0.876396834850311	0.406575500965118	
0.0566633343696594	-0.0504353456199169	-0.822551250457764	0.467681407928467	
0.0606896989047527	-0.0518710017204285	-0.762716591358185	0.524053990840912	
0.0665267109870911	-0.0529445558786392	-0.698275864124298	0.575361788272858	
0.0737919211387634	-0.0527310147881508	-0.630968689918518	0.621353268623352	
0.0815891399979591	-0.0501841679215431	-0.562727749347687	0.661663115024567	
0.0885716453194618	-0.0443441271781921	-0.495477050542831	0.695636808872223	
0.0931039750576019	-0.0345575511455536	-0.430916130542755	0.722231686115265	
0.0935021936893463	-0.0206700786948204	-0.37031888961792	0.740042805671692	
0.0883155316114426	-0.00315284868702292	-0.314375072717667	0.74747371673584	
0.0766017213463783	0.0168659072369337	-0.263098806142807	0.743040323257446	
0.0581456050276756	0.0376783385872841	-0.21582193672657	0.725760817527771	
0.0335776209831238	0.0571796111762524	-0.171279564499855	0.695554137229919	
0.00436404161155224	0.0731334388256073	-0.127785339951515	0.653556764125824	
-0.0273378267884254	0.0834830105304718	-0.0834808722138405	0.602268755435944	
-0.058942623436451	0.0866601020097733	-0.03663419932127	0.545464277267456	
-0.0877796486020088	0.0818431079387665	0.0140472482889891	0.487840563058853	
-0.111461348831654	0.069120779633522	0.0691287219524384	0.43443039059639	
-0.128217220306396	0.049531877040863	0.128225937485695	0.38985350728035	
-0.137137249112129	0.0249695591628551	0.189885064959526	0.357524544000626	
-0.138283178210258	-0.00203940668143332	0.251592814922333	0.338958710432053	
-0.132648274302483	-0.0286507997661829	0.309930264949799	0.333314388990402	
-0.121972411870956	-0.0520689226686954	0.360868096351624	0.337284535169601	
-0.108444161713123	-0.0699083730578423	0.400180846452713	0.345395475625992	
-0.0943416878581047	-0.080497533082962	0.423941433429718	0.350705623626709	
-0.081674687564373	-0.0830783247947693	0.429040610790253	0.345823526382446	
-0.0718889161944389	-0.0778726190328598	0.413667976856232	0.324102252721786	
-0.0656833499670029	-0.0660064890980721	0.377688348293304	0.28082412481308	
-0.0629687383770943	-0.0493056103587151	0.32285463809967	0.214177995920181	
-0.0629706606268883	-0.0299952179193497	0.252813786268234	0.125852435827255	
-0.0644531771540642	-0.0103527950122952	0.172885432839394	0.02112140879035	
-0.0660175830125809	0.00763138849288225	0.089620865881443	-0.0916232168674469	
-0.0664171576499939	0.0225325506180525	0.0101800076663494	-0.201849266886711	
-0.0648266822099686	0.0336656309664249	-0.0584090687334538	-0.298243135213852	
-0.0610152259469032	0.0411298312246799	-0.110023073852062	-0.370254158973694	
-0.0553895756602287	0.0457191914319992	-0.140153437852859	-0.409591883420944	
-0.0489015132188797	0.048716701567173	-0.146460071206093	-0.411444932222366	
-0.0428387075662613	0.0516085624694824	-0.129091218113899	-0.375229001045227	
-0.0385419800877571	0.0557680130004883	-0.0907185077667236	-0.304743587970734	
-0.0371063202619553	0.0621629729866982	-0.0362722463905811	-0.207708790898323	
-0.0391266830265522	0.0711378455162048	0.0275986678898335	-0.0947510674595833	
0.0400660298764706	-0.0744012743234634	-0.0262163523584604	0.0922106727957726	
0.0454331412911415	-0.0853802338242531	-0.091729924082756	-0.0249489489942789	
0.0535308346152306	-0.0973491594195366	-0.151370540261269	-0.133581429719925	
0.0630341097712517	-0.108717702329159	-0.198225259780884	-0.223288178443909	
0.072265587747097	-0.117620393633842	-0.226939529180527	-0.286579161882401	
0.0795092731714249	-0.122231431305408	-0.234289482235909	-0.319651454687119	
0.0833438336849213	-0.121091142296791	-0.219474792480469	-0.322606146335602	
0.0829304605722427	-0.113390788435936	-0.184095904231071	-0.299100071191788	
0.0781973451375961	-0.0991683974862099	-0.131823733448982	-0.255518704652786	
0.0698816552758217	-0.0793810784816742	-0.0678130909800529	-0.199828058481216	
0.0594159178435802	-0.0558380149304867	0.00205338397063315	-0.140305295586586	
0.0486754849553108	-0.0309997405856848	0.0719804316759109	-0.0843549817800522	
0.0396305844187737	-0.00766951171681285	0.137018203735352	-0.0375887677073479	
0.0339657254517078	0.0113802030682564	0.193657159805298	-0.00328966905362904	
0.0327372811734676	0.0237928498536348	0.24018070101738	0.0176923926919699	
0.0361348502337933	0.0279685836285353	0.276734232902527	0.0266444534063339	
0.0433946251869202	0.0233105141669512	0.305113315582275	0.0263909585773945	
0.0528862364590168	0.010339374653995	0.328315228223801	0.020532364025712	
0.0623634159564972	-0.00934184715151787	0.349933683872223	0.0126788159832358	
0.0693387612700462	-0.0332303568720818	0.373496681451797	0.00582116516306996	
0.0715195909142494	-0.0582292824983597	0.401852875947952	0.00194142246618867	
0.0672294944524765	-0.0810354053974152	0.436700403690338	0.00190821476280689	
0.0557412840425968	-0.098556213080883	0.478325635194778	0.00564173376187682	
0.0374609977006912	-0.10829970985651	0.525583028793335	0.0124791087582707	
0.0139279449358582	-0.10868464410305	0.576108276844025	0.0216351225972176	
-0.012373186647892	-0.0992303490638733	0.62671947479248	0.0326409414410591	
-0.0383597947657108	-0.0806026011705399	0.673932135105133	0.0456561632454395	
-0.0608027689158916	-0.0545119792222977	0.714500248432159	0.0615833662450314	
-0.0768085643649101	-0.023481585085392	0.745893657207489	0.0819614678621292	
-0.0842536017298698	0.00948164146393538	0.766637206077576	0.108664594590664	
-0.0821010693907738	0.0412655174732208	0.776463627815247	0.143475979566574	
-0.0705504268407822	0.0690292939543724	0.776264011859894	0.187633633613586	
-0.0509980879724026	0.0905286744236946	0.767854750156403	0.24145033955574	
-0.0258192382752895	0.104348540306091	0.753608167171478	0.304094702005386	
0.00199030572548509	0.110016956925392	0.73601508140564	0.373586118221283	
0.0292517188936472	0.107991963624954	0.71725457906723	0.447012066841125	
0.0530488416552544	0.0995303392410278	0.698842108249664	0.520929872989655	
0.0711121037602425	0.0864636600017548	0.681408166885376	0.59187787771225	
0.0820839703083038	0.0709184855222702	0.664637684822083	0.656897306442261	
0.0856312736868858	0.0550228245556355	0.647369801998138	0.713966250419617	
0.0823967233300209	0.0406405590474606	0.627832293510437	0.762261688709259	
0.0738084316253662	0.0291682090610266	0.603963375091553	0.802202522754669	
0.0617885589599609	0.0214171148836613	0.573763251304626	0.835268199443817	
0.0484157614409924	0.0175896100699902	0.535615801811218	0.863630831241608	
0.0355998054146767	0.0173432193696499	0.488531112670898	0.889675080776215	
0.0248199868947268	0.0199241172522306	0.432275265455246	0.915498673915863	
0.016963891685009	0.02434216812253	0.367377668619156	0.94248902797699	
0.0122827691957355	0.0295559465885162	0.295024693012238	0.971053123474121	
0.0104581257328391	0.0346375145018101	0.21686914563179	1.00054597854614	
0.0107553359121084	0.0388929508626461	0.134795352816582	1.02940249443054	
0.0122270015999675	0.0419243015348911	0.0506830140948296	1.05543947219849	
0.0139236738905311	0.0436299107968807	-0.0337907187640667	1.07625949382782	
0.0150724994018674	0.044151172041893	-0.117283374071121	1.089674949646	
0.0151944318786263	0.043782364577055	-0.198840543627739	1.09406936168671	
0.0141452085226774	0.0428654514253139	-0.277873426675797	1.08862638473511	
0.0120814591646194	0.0416925698518753	-0.354077130556107	1.07339370250702	
0.00936769973486662	0.0404353775084019	-0.427315264940262	1.04917764663696	
0.00645015109330416	0.0391137264668941	-0.497499078512192	1.01730382442474	
0.00372746889479458	0.0376072376966476	-0.564486861228943	0.979302942752838	
0.00144641322549433	0.0357043109834194	-0.628021717071533	0.936595261096954	
-0.00035705856862478	0.0331755317747593	-0.687714159488678	0.890241801738739	
-0.00186184083577245	0.0298536829650402	-0.743066966533661	0.840814828872681	
-0.00341359153389931	0.0257016308605671	-0.793528437614441	0.788409948348999	
-0.00543797528371215	0.0208521243184805	-0.838557422161102	0.732789993286133	
-0.00833599641919136	0.0156095819547772	-0.877681076526642	0.673621356487274	
-0.0123847555369139	0.0104119628667831	-0.9105304479599	0.61074310541153	
-0.017664659768343	0.00575919635593891	-0.93684709072113	0.544401168823242	
-0.0240276176482439	0.00212183897383511	-0.956461012363434	0.475389569997787	
-0.0311117246747017	-0.000151967411511578	-0.96924901008606	0.405061483383179	
-0.0383982732892036	-0.000912190997041762	-0.975088059902191	0.335201025009155	
-0.0452986508607864	-0.000249133532634005	-0.973820149898529	0.267780810594559	
-0.0512533113360405	0.00150782463606447	-0.965242266654968	0.204655140638351	
-0.0558235980570316	0.00383670395240188	-0.949130535125732	0.147255197167397	
-0.0587594136595726	0.00610757805407047	-0.925297915935516	0.0963549613952637	
-0.0600315257906914	0.00769071048125625	-0.893677771091461	0.0519622974097729	
-0.0598244369029999	0.00806848239153624	-0.854417085647583	0.0133651290088892	
-0.0584936812520027	0.00693011377006769	-0.807959914207458	-0.0206704139709473	
-0.0564975589513779	0.00423082569614053	-0.755100667476654	-0.0515852905809879	
-0.0543174371123314	0.00020335779117886	-0.69699239730835	-0.0806580632925034	
-0.0523815341293812	-0.00468157138675451	-0.635101079940796	-0.108656078577042	
-0.051005132496357	-0.00979972071945667	-0.571108222007751	-0.135581195354462	
-0.050355851650238	-0.0144879538565874	-0.506772577762604	-0.160567224025726	
-0.0504469573497772	-0.0181682780385017	-0.44377076625824	-0.181957080960274	
-0.0511564239859581	-0.0204582996666431	-0.38354080915451	-0.197552084922791	
-0.0522647947072983	-0.0212471541017294	-0.327152132987976	-0.204991474747658	
-0.0535027422010899	-0.0207219533622265	-0.275223106145859	-0.20219261944294	
-0.054598581045866	-0.0193387884646654	-0.227897301316261	-0.187768787145615	
-0.0553179867565632	-0.0177425164729357	-0.184881553053856	-0.161343976855278	
-0.0554908066987991	-0.0166492406278849	-0.145537123084068	-0.123701930046082	
-0.0550235956907272	-0.0167126152664423	-0.10900803655386	-0.0767378285527229	
-0.0538994036614895	-0.0183985251933336	-0.0743640214204788	-0.023217560723424	
0.052168432623148	0.0218916069716215	0.0407351553440094	-0.0336135029792786	
0.0499339289963245	0.0270515587180853	0.00741776218637824	-0.0905026197433472	
0.047336932271719	0.0334282889962196	-0.0260622352361679	-0.144657492637634	
0.0445421151816845	0.0403341613709927	-0.0599336847662926	-0.19412624835968	
0.0417250208556652	0.0469609871506691	-0.0942085161805153	-0.238023117184639	
0.0390597134828568	0.0525209344923496	-0.128742426633835	-0.276563107967377	
0.0367051512002945	0.0563857443630695	-0.163311630487442	-0.310904800891876	
0.034789189696312	0.0581985637545586	-0.197687819600105	-0.342836737632751	
0.0333904922008514	0.0579374991357327	-0.231696113944054	-0.374370008707047	
0.0325205735862255	0.0559184774756432	-0.265245735645294	-0.407315760850906	
0.0321099758148193	0.0527362339198589	-0.298330724239349	-0.44292625784874	
0.0320034101605415	0.0491535514593124	-0.331004500389099	-0.481662422418594	
0.0319684781134129	0.0459586754441261	-0.363338440656662	-0.523124217987061	
0.0317204594612122	0.0438169054687023	-0.395377933979034	-0.566147863864899	
0.0309627745300531	0.0431437827646732	-0.427108764648438	-0.609040379524231	
0.0294386446475983	0.0440236106514931	-0.458444207906723	-0.649898290634155	
0.0269861314445734	0.046188946813345	-0.489237874746323	-0.686941683292389	
0.0235861130058765	0.0490655675530434	-0.519320011138916	-0.718798220157623	
0.0193924102932215	0.051875364035368	-0.54854953289032	-0.744682490825653	
0.0147350588813424	0.0537788532674313	-0.576869428157806	-0.764443099498749	
0.0100919222459197	0.0540313832461834	-0.604351401329041	-0.778476893901825	
0.00602954206988215	0.0521244369447231	-0.631216526031494	-0.787537932395935	
0.00312049500644207	0.0478858016431332	-0.657824635505676	-0.792489647865295	
0.00185005820821971	0.0415197238326073	-0.68462997674942	-0.794057488441467	
0.0025285268202424	0.033579133450985	-0.712108850479126	-0.792636394500732	
0.00522606307640672	0.0248743258416653	-0.740670680999756	-0.788193225860596	
0.00974412634968758	0.0163343735039234	-0.77056884765625	-0.780281722545624	
0.0156315863132477	0.00884619075804949	-0.80182820558548	-0.768159925937653	
0.0222456175833941	0.00310050509870052	-0.834204375743866	-0.750981450080872	
0.0288487821817398	-0.000527166062965989	-0.867184042930603	-0.728011667728424	
0.034726221114397	-0.0020388278644532	-0.90002828836441	-0.698820233345032	
0.0393020808696747	-0.00180824473500252	-0.931853950023651	-0.663404285907745	
0.0422333776950836	-0.000508323777467012	-0.961738169193268	-0.622216701507568	
0.0434630140662193	0.00101479410659522	-0.988829374313354	-0.576093435287476	
0.0432207994163036	0.00189750490244478	-1.01244473457336	-0.526098966598511	
0.0419713370501995	0.00141543115023524	-1.03213608264923	-0.473325699567795	
0.0403180085122585	-0.00088801234960556	-1.0477123260498	-0.418695420026779	
0.0388815440237522	-0.0051248618401587	-1.05921411514282	-0.362806975841522	
0.0381772704422474	-0.0110514927655458	-1.06684482097626	-0.305865824222565	
0.0385161228477955	-0.0181244891136885	-1.07087075710297	-0.247710645198822	
0.0399504043161869	-0.0256119929254055	-1.07150912284851	-0.18792949616909	
0.0422764495015144	-0.0327383540570736	-1.06882429122925	-0.126038089394569	
0.0450948029756546	-0.0388333536684513	-1.06265485286713	-0.061677772551775	
0.0479160435497761	-0.0434562414884567	-1.05258464813232	0.00521316099911928	
0.0502901263535023	-0.0464694984257221	-1.03796935081482	0.0742946937680244	
0.0519306026399136	-0.0480469316244125	-1.01801443099976	0.144810795783997	
0.0528047457337379	-0.0486135445535183	-0.991897284984589	0.215667635202408	
0.053165964782238	-0.0487282387912273	-0.958915233612061	0.285583525896072	
0.0535160526633263	-0.0489323809742928	-0.918635189533234	0.353272318840027	
0.0544989816844463	-0.0495948605239391	-0.871022403240204	0.417612820863724	
0.0567431040108204	-0.0507864914834499	-0.816524863243103	0.477759629487991	
0.0606810972094536	-0.0522122718393803	-0.756097674369812	0.533164978027344	
0.06638453155756	-0.0532201454043388	-0.691158056259155	0.583503723144531	
0.0734503641724586	-0.0528909750282764	-0.623473405838013	0.628519833087921	
0.0809694901108742	-0.0501988641917706	-0.55499255657196	0.667835712432861	
0.0875938534736633	-0.0442168302834034	-0.487640500068665	0.700781524181366	
0.0917005389928818	-0.0343323238193989	-0.423102080821991	0.726301848888397	
0.0916321724653244	-0.0204329174011946	-0.362622618675232	0.742986500263214	
0.0859764143824577	-0.00302497367374599	-0.306854367256165	0.749246180057526	
0.0738370940089226	0.0167422406375408	-0.255771607160568	0.743618309497833	
0.0550471171736717	0.03715980052948	-0.208671063184738	0.725156784057617	
0.0302806347608566	0.056144580245018	-0.164264470338821	0.693828165531158	
0.00103715760633349	0.0715039223432541	-0.120858259499073	0.650822937488556	
-0.0305081754922867	0.0812419354915619	-0.0766050666570663	0.598695337772369	
-0.0617706589400768	0.0838606655597687	-0.029800720512867	0.541265726089478	
-0.0900995060801506	0.0786081627011299	0.0208073742687702	0.483262836933136	
-0.113144680857658	0.0656317695975304	0.0757394358515739	0.429730296134949	
-0.129187032580376	0.0460085868835449	0.134569391608238	0.385274708271027	
-0.137376174330711	0.0216436181217432	0.195813104510307	0.35327336192131	
-0.137835472822189	-0.00495321955531836	0.256944835186005	0.33518323302269	
-0.131615251302719	-0.0309808850288391	0.314554929733276	0.330089867115021	
-0.120501987636089	-0.0537065789103508	0.364644914865494	0.334607273340225	
-0.106715895235538	-0.0708177238702774	0.403038531541824	0.343187123537064	
-0.0925490483641624	-0.0807140916585922	0.425869226455688	0.348827213048935	
-0.0800064653158188	-0.0826966315507889	0.430091351270676	0.344098150730133	
-0.0705118700861931	-0.0770252421498299	0.41395178437233	0.322343498468399	
-0.064727671444416	-0.0648382380604744	0.377358376979828	0.278866291046143	
-0.0625179037451744	-0.0479475408792496	0.322087019681931	0.211904302239418	
-0.0630563274025917	-0.0285431649535894	0.251785278320313	0.123216599225998	
-0.0650556683540344	-0.00885413214564323	0.171752214431763	0.0181595981121063	
-0.0670716091990471	0.00918050110340118	0.0885020047426224	-0.0947923809289932	
-0.0678221061825752	0.0241792090237141	0.00914777349680662	-0.205037042498589	
-0.0664603859186172	0.0354833118617535	-0.0593308508396149	-0.301214009523392	
-0.0627494901418686	0.0431961230933666	-0.110853023827076	-0.372757375240326	
-0.0571059212088585	0.0480926185846329	-0.140940710902214	-0.411396533250809	
-0.0505051352083683	0.0514174699783325	-0.147269204258919	-0.412373930215836	
-0.044269036501646	0.0546071231365204	-0.129986807703972	-0.375186711549759	
-0.0397783257067204	0.0589839555323124	-0.0917524918913841	-0.303732931613922	
-0.0381677858531475	0.065474696457386	-0.0374760553240776	-0.205834850668907	
-0.0400660298764706	0.0744012743234634	0.0262163523584604	-0.0922106727957726	
0.0409565605223179	-0.0775740593671799	-0.0248020980507135	0.0895579382777214	
0.046262688934803	-0.0883238986134529	-0.0901534035801888	-0.0279916189610958	
0.0543789379298687	-0.0999485924839973	-0.149652823805809	-0.136711433529854	
0.0639718025922775	-0.110908716917038	-0.196391090750694	-0.226207226514816	
0.07333854585886	-0.119401268661022	-0.225009426474571	-0.28903067111969	
0.0807239264249802	-0.123662315309048	-0.232274815440178	-0.321451604366302	
0.084659144282341	-0.122280694544315	-0.217377349734306	-0.323663979768753	
0.0842572972178459	-0.114472068846226	-0.181912153959274	-0.29942324757576	
0.0794066041707993	-0.100268065929413	-0.129552915692329	-0.255204141139984	
0.0708207860589027	-0.080587662756443	-0.0654669404029846	-0.199038475751877	
0.0599322430789471	-0.0571754276752472	0.00444181868806481	-0.139235317707062	
0.0486433617770672	-0.0324115976691246	0.0743517726659775	-0.0831919834017754	
0.0389784350991249	-0.00901821162551641	0.139287620782852	-0.0364747047424316	
0.0326985344290733	0.0102983303368092	0.195722237229347	-0.0022899501491338	
0.0309503898024559	0.0232178010046482	0.241935804486275	0.0186077952384949	
0.0340158119797707	0.0281366258859634	0.278089553117752	0.0276043023914099	
0.0412113703787327	0.0244101975113153	0.306015163660049	0.0276095140725374	
0.0509618818759918	0.0124710611999035	0.32876393198967	0.0222812555730343	
0.0610400401055813	-0.00619564950466156	0.34999480843544	0.0152480583637953	
0.0689345076680183	-0.0292180683463812	0.373302400112152	0.00947512499988079	
0.0722847506403923	-0.05362344160676	0.40159210562706	0.00687647564336658	
0.0693080052733421	-0.0762059018015862	0.436597287654877	0.00821868143975735	
0.0591434314846992	-0.0939267426729202	0.478608936071396	0.0132995052263141	
0.0420521982014179	-0.104293540120125	0.526450455188751	0.0213303491473198	
0.0194360781461	-0.105667650699615	0.577690780162811	0.0314148366451263	
-0.00633185869082808	-0.0974600538611412	0.629051327705383	0.0430034808814526	
-0.0322389043867588	-0.0801910161972046	0.676931977272034	0.0562172830104828	
-0.055073507130146	-0.0554081983864307	0.717966556549072	0.0719677209854126	
-0.0719036608934402	-0.0254769418388605	0.749516427516937	0.0918485969305038	
-0.0805153027176857	0.0067264111712575	0.770024955272675	0.117826640605927	
-0.0797403901815414	0.0381751172244549	0.779182434082031	0.151801809668541	
-0.0696234256029129	0.066057413816452	0.777883350849152	0.195136055350304	
-0.0514025315642357	0.0880986526608467	0.767993927001953	0.248255684971809	
-0.0273120608180761	0.102799668908119	0.751976728439331	0.310416638851166	
-0.000242634181631729	0.109564267098904	0.732441604137421	0.379688084125519	
0.0266835205256939	0.108704641461372	0.711700439453125	0.453163832426071	
0.0505523756146431	0.101331360638142	0.691397666931152	0.527365148067474	
0.0690439492464066	0.0891497060656548	0.672273576259613	0.598758399486542	
0.080706998705864	0.0741961598396301	0.654091060161591	0.664288938045502	
0.0850864499807358	0.0585551112890244	0.635727763175964	0.721829175949097	
0.0826932713389397	0.0440960451960564	0.61540961265564	0.770455956459045	
0.0748329535126686	0.0322657041251659	0.591036856174469	0.810506761074066	
0.0633306950330734	0.0239594206213951	0.560545325279236	0.843407809734344	
0.0502057038247585	0.0194822736084461	0.522240936756134	0.871311366558075	
0.0373513624072075	0.0185967180877924	0.475055396556854	0.896615087985992	
0.0262724161148071	0.0206405762583017	0.418689161539078	0.921457588672638	
0.0179163217544556	0.0246900208294392	0.353627592325211	0.947286784648895	
0.0126165430992842	0.0297375433146954	0.281040042638779	0.974579393863678	
0.0101446304470301	0.0348553508520126	0.202589258551598	1.00275886058807	
0.00984933413565159	0.0393198654055595	0.120192281901836	1.0303190946579	
0.0108477976173162	0.0426818579435349	0.0357767008244991	1.05511951446533	
0.0122282141819596	0.0447774305939674	-0.0489267893135548	1.0747879743576	
0.0132255274802446	0.0456859096884727	-0.132526025176048	1.08714509010315	
0.0133408503606915	0.0456494055688381	-0.214028745889664	1.09056878089905	
0.0123890293762088	0.0449745543301105	-0.29282534122467	1.08423042297363	
0.010474213398993	0.0439381897449493	-0.368609100580215	1.06816327571869	
0.00790733657777309	0.0427161492407322	-0.441259026527405	1.04316306114197	
0.00508953118696809	0.0413481220602989	-0.510714948177338	1.01055192947388	
0.0023899741936475	0.0397432222962379	-0.576870918273926	0.97186553478241	
4.51583691756241E-5	0.0377221144735813	-0.639506459236145	0.928536653518677	
-0.00190026371274143	0.035083994269371	-0.698263883590698	0.88164359331131	
-0.00360122858546674	0.0316817313432693	-0.752669095993042	0.831776678562164	
-0.0053703454323113	0.0274871308356524	-0.802183747291565	0.779046535491943	
-0.00759842107072473	0.0226305369287729	-0.846270740032196	0.723224937915802	
-0.0106567228212953	0.0174046047031879	-0.88445520401001	0.663979351520538	
-0.0148030510172248	0.0122296987101436	-0.916363716125488	0.601141750812531	
-0.020111758261919	0.00758652482181787	-0.94173526763916	0.534944951534271	
-0.0264419354498386	0.00392877263948321	-0.960402250289917	0.466166526079178	
-0.0334495045244694	0.00159314414486289	-0.972251236438751	0.396142810583115	
-0.0406397618353367	0.000725304766092449	-0.977176070213318	0.326644212007523	
-0.0474489741027355	0.00123776984401047	-0.975041210651398	0.259634584188461	
-0.0533383190631866	0.00280989776365459	-0.965668499469757	0.196964874863625	
-0.0578819438815117	0.00493216654285789	-0.948857367038727	0.14006769657135	
-0.0608328096568584	0.00698824040591717	-0.924439013004303	0.0897206589579582	
-0.0621552877128124	0.00836069788783789	-0.892356634140015	0.045934546738863	
-0.0620203092694283	0.00854119285941124	-0.852757096290588	0.00799618102610111	
-0.0607662349939346	0.00722430273890495	-0.806074202060699	-0.0253358203917742	
-0.0588347055017948	0.00436675967648625	-0.753084063529968	-0.0555175766348839	
-0.0566946268081665	0.000199816131498665	-0.69491583108902	-0.0838499888777733	
-0.0547685362398624	-0.00480898516252637	-0.633009910583496	-0.111127741634846	
-0.0533737577497959	-0.0100388629361987	-0.56902414560318	-0.137381628155708	
-0.0526868067681789	-0.0148292779922485	-0.504698872566223	-0.161771774291992	
-0.0527344271540642	-0.0186033211648464	-0.441699236631393	-0.182660728693008	
-0.0534093528985977	-0.0209781192243099	-0.381459534168243	-0.197859674692154	
-0.0545047037303448	-0.0218412522226572	-0.325052469968796	-0.205006316304207	
-0.0557585582137108	-0.0213780403137207	-0.273104518651962	-0.202005445957184	
-0.0568996779620647	-0.0200434885919094	-0.225769728422165	-0.187449052929878	
-0.0576868616044521	-0.0184828210622072	-0.18276472389698	-0.160934865474701	
-0.0579369924962521	-0.0174143463373184	-0.143457368016243	-0.123220227658749	
-0.0575399994850159	-0.017495634034276	-0.106993213295937	-0.076178289949894	
-0.0564618371427059	-0.0191975980997086	-0.072437658905983	-0.0225613173097372	
0.0547383986413479	0.0227100625634193	0.0389107875525951	-0.0343883745372295	
0.0524640902876854	0.0278969723731279	0.00569447362795472	-0.0914101898670197	
0.0497782081365585	0.034310556948185	-0.0277023930102587	-0.14569479227066	
0.0468510128557682	0.041262898594141	-0.0615260899066925	-0.195267513394356	
0.0438699461519718	0.0479427129030228	-0.0958041921257973	-0.239218518137932	
0.0410251095890999	0.0535565614700317	-0.130404487252235	-0.2777419090271	
0.0384929366409779	0.0574688389897346	-0.165110379457474	-0.311982691287994	
0.0364174209535122	0.0593147166073322	-0.199695408344269	-0.343725353479385	
0.034889742732048	0.0590648949146271	-0.23398120701313	-0.374987065792084	
0.0339288935065269	0.0570296496152878	-0.267868936061859	-0.407593846321106	
0.0334675088524818	0.0538007020950317	-0.301340937614441	-0.442818313837051	
0.033347625285387	0.0501410104334354	-0.334436863660812	-0.481143176555634	
0.0333307720720768	0.0468422956764698	-0.367213487625122	-0.522187113761902	
0.0331244878470898	0.0445763468742371	-0.399702280759811	-0.56479823589325	
0.0324243679642677	0.0437675900757313	-0.431876718997955	-0.60728645324707	
0.0309669300913811	0.0445107594132423	-0.463640660047531	-0.647741377353668	
0.0285851005464792	0.0465494021773338	-0.494841367006302	-0.684368491172791	
0.025255998596549	0.0493198297917843	-0.525306224822998	-0.715775787830353	
0.0211302936077118	0.0520530045032501	-0.554894328117371	-0.741158068180084	
0.0165344830602407	0.053916122764349	-0.583551406860352	-0.760348260402679	
0.0119416452944279	0.0541680604219437	-0.611352741718292	-0.773735821247101	
0.00791190564632416	0.0523000471293926	-0.638522982597351	-0.782078325748444	
0.00501010334119201	0.0481355041265488	-0.665423512458801	-0.786253869533539	
0.00371349253691733	0.0418701879680157	-0.692506670951843	-0.787012338638306	
0.00432566972449422	0.0340448170900345	-0.720241844654083	-0.78477942943573	
0.00691326148808002	0.0254547130316496	-0.749026238918304	-0.779554188251495	
0.0112789859995246	0.017012570053339	-0.779095828533173	-0.770918428897858	
0.0169787611812353	0.00958936475217342	-0.81045389175415	-0.758149921894073	
0.0233825948089361	0.00386238866485655	-0.842832624912262	-0.740409791469574	
0.029770540073514	0.00019825404160656	-0.875696241855621	-0.716957867145538	
0.0354476794600487	-0.00140771688893437	-0.908287703990936	-0.687345862388611	
0.0398576334118843	-0.0013247235910967	-0.939712703227997	-0.651544392108917	
0.0426732487976551	-0.000213818755582906	-0.969047367572784	-0.609975755214691	
0.0438467934727669	0.00109694164711982	-0.995450079441071	-0.56344747543335	
0.0436091311275959	0.00176612543873489	-1.0182591676712	-0.513003289699554	
0.0424170158803463	0.0010926139075309	-1.03705620765686	-0.459727615118027	
0.0408581346273422	-0.00135927298106253	-1.05168628692627	-0.404549300670624	
0.0395320542156696	-0.00568634923547506	-1.06222712993622	-0.348089784383774	
0.0389309115707874	-0.0116380751132965	-1.06891632080078	-0.29059049487114	
0.039344310760498	-0.0186738073825836	-1.07204651832581	-0.231934875249863	
0.0408086217939854	-0.0260739531368017	-1.07185018062592	-0.171758681535721	
0.0431122742593288	-0.0330827310681343	-1.06839466094971	-0.10962176322937	
0.0458570010960102	-0.039054062217474	-1.06150984764099	-0.0452000573277473	
0.0485630631446838	-0.0435713194310665	-1.05076217651367	0.0215476267039776	
0.050796277821064	-0.0465166233479977	-1.03548431396484	0.0902773067355156	
0.0522887445986271	-0.0480751059949398	-1.01486027240753	0.160245433449745	
0.0530248135328293	-0.0486723706126213	-0.988051772117615	0.230384543538094	
0.0532696507871151	-0.0488568246364594	-0.954350233078003	0.299448788166046	
0.053528543561697	-0.0491500422358513	-0.913329899311066	0.366191655397415	
0.0544394329190254	-0.049895703792572	-0.864975869655609	0.429529279470444	
0.0566157102584839	-0.0511392839252949	-0.809766471385956	0.488646388053894	
0.0604687668383121	-0.0525661036372185	-0.748692989349365	0.543014287948608	
0.0660466104745865	-0.0535152293741703	-0.683208644390106	0.592314720153809	
0.0729252845048904	-0.0530729256570339	-0.615110337734222	0.636287271976471	
0.0801823288202286	-0.0502338968217373	-0.546364605426788	0.67454206943512	
0.0864678919315338	-0.0441049113869667	-0.478898674249649	0.706393659114838	
0.0901710912585258	-0.0341154672205448	-0.414383292198181	0.730773627758026	
0.0896605923771858	-0.0201963968575001	-0.354035407304764	0.746267259120941	
0.0835619047284126	-0.00289049441926181	-0.298469245433807	0.751292526721954	
0.0710242986679077	0.0166311133652925	-0.247618079185486	0.744409322738647	
0.0519280023872852	0.0366580821573734	-0.200742125511169	0.724708378314972	
0.026989970356226	0.0551291517913342	-0.156527608633041	0.692204594612122	
-0.00225802278146148	0.0698958784341812	-0.113271608948708	0.648143470287323	
-0.0336240045726299	0.0790240690112114	-0.0691355317831039	0.595133543014526	
-0.0645248368382454	0.0810868963599205	-0.0224409177899361	0.537041485309601	
-0.0923303589224815	0.0754026919603348	0.0280267242342234	0.478627026081085	
-0.114728413522244	0.0621776543557644	0.0827440097928047	0.424943715333939	
-0.130051136016846	0.042527049779892	0.141244128346443	0.380584120750427	
-0.137507349252701	0.0183671079576015	0.202013194561005	0.348887503147125	
-0.137281119823456	-0.00781004503369331	0.262513369321823	0.331252127885818	
-0.130478665232658	-0.0332476459443569	0.319344252347946	0.326690644025803	
-0.118931792676449	-0.0552768148481846	0.368538290262222	0.331738889217377	
-0.104891240596771	-0.0716584995388985	0.405968219041824	0.340774923563004	
-0.0906620919704437	-0.0808641240000725	0.427828252315521	0.346737414598465	
-0.0782443135976791	-0.0822533816099167	0.431136548519135	0.342160612344742	
-0.0690396800637245	-0.0761234313249588	0.414197742938995	0.320379704236984	
-0.0636747255921364	-0.0636236444115639	0.376963198184967	0.276719242334366	
-0.0619677230715752	-0.0465509220957756	0.321232408285141	0.209465712308884	
-0.0630418211221695	-0.0270588863641024	0.250653892755508	0.120447777211666	
-0.065559484064579	-0.00732732890173793	0.170506402850151	0.0151024665683508	
-0.0680315122008324	0.0107560642063618	0.0872667953372002	-0.0980159118771553	
-0.0691407397389412	0.0258524660021067	0.00800090841948986	-0.208237767219543	
-0.0680182799696922	0.0373283289372921	-0.0603609271347523	-0.304158866405487	
-0.0644200295209885	0.045289259403944	-0.111781448125839	-0.37520045042038	
-0.0587705075740814	0.050489142537117	-0.141814440488815	-0.413113713264465	
-0.05206698179245	0.0541323348879814	-0.148151874542236	-0.413195967674255	
-0.0456637851893902	0.0576040334999561	-0.130943223834038	-0.375025987625122	
-0.0409802012145519	0.0621750876307487	-0.0928357914090157	-0.302599787712097	
-0.039190236479044	0.068731427192688	-0.038719430565834	-0.203840926289558	
-0.0409565605223179	0.0775740593671799	0.0248020980507135	-0.0895579382777214	
0.0417971909046173	-0.0806523263454437	-0.0233576260507107	0.0867960825562477	
0.0470290519297123	-0.0911354571580887	-0.0885528326034546	-0.0311293713748455	
0.0551486536860466	-0.102379105985165	-0.147914841771126	-0.139919996261597	
0.0648165568709373	-0.112898670136929	-0.194538027048111	-0.229186549782753	
0.0743072926998138	-0.120957441627979	-0.223059237003326	-0.291522651910782	
0.0818286463618279	-0.124856628477573	-0.230236053466797	-0.323270916938782	
0.0858657211065292	-0.123235777020454	-0.215248599648476	-0.324717879295349	
0.0854837819933891	-0.115335710346699	-0.179686322808266	-0.29971769452095	
0.0805300176143646	-0.101180769503117	-0.127225413918495	-0.254834592342377	
0.0716924294829369	-0.0816492065787315	-0.0630457773804665	-0.198166951537132	
0.0604001730680466	-0.0584169290959835	0.00692678056657314	-0.138057082891464	
0.0485791712999344	-0.0337787792086601	0.0768431425094604	-0.0818966925144196	
0.0383044928312302	-0.0103699499741197	0.1417006701231	-0.0352081693708897	
0.0314113385975361	0.0091746998950839	0.197952136397362	-0.00112268072552979	
0.029135724529624	0.0225759316235781	0.243871673941612	0.0197002496570349	
0.0318522341549397	0.0282296948134899	0.279633313417435	0.0287457350641489	
0.0389601066708565	0.025445057079196	0.30710232257843	0.0290110409259796	
0.0489430651068687	0.0145656792446971	0.329382061958313	0.0242143515497446	
0.059597447514534	-0.00304395123384893	0.350195944309235	0.0180063974112272	
0.0683928653597832	-0.0251475106924772	0.373205959796906	0.0133308991789818	
0.0729053169488907	-0.0489023290574551	0.401376157999039	0.0120377233251929	
0.0712486207485199	-0.0712065324187279	0.436478585004807	0.0147942155599594	
0.0624293945729733	-0.089081771671772	0.478813201189041	0.0212769284844398	
0.0465627685189247	-0.100040920078754	0.527176976203918	0.0305707324296236	
0.0249095838516951	-0.10239215940237	0.579076766967773	0.0416651330888271	
-0.000273976154858246	-0.0954402536153793	0.631140828132629	0.0539250634610653	
-0.0260515697300434	-0.0795598179101944	0.67965567111969	0.0674265772104263	
-0.049235999584198	-0.0561331212520599	0.721135258674622	0.0830829814076424	
-0.0668629556894302	-0.0273632556200027	0.752830862998962	0.102536082267761	
-0.076632522046566	0.00401005381718278	0.773100793361664	0.127839460968971	
-0.0772478356957436	0.0350523516535759	0.781588077545166	0.161005929112434	
-0.0685982182621956	0.0629877522587776	0.779184997081757	0.203519895672798	
-0.0517606623470783	0.0855173170566559	0.767801821231842	0.255922168493271	
-0.0288235452026129	0.101062513887882	0.74998664855957	0.317559540271759	
-0.00256556319072843	0.108905501663685	0.72846519947052	0.386555999517441	
0.0239551048725843	0.109213106334209	0.705680668354034	0.460018038749695	
0.0478337444365025	0.102947905659676	0.683407664299011	0.53443706035614	
0.0667059347033501	0.0916851684451103	0.662499666213989	0.606212913990021	
0.0790307968854904	0.0773662105202675	0.642802298069	0.672199010848999	
0.0842330157756805	0.0620260015130043	0.623238265514374	0.730163931846619	
0.0826910436153412	0.0475338250398636	0.602037966251373	0.779084086418152	
0.0755847170948982	0.0353815630078316	0.577069997787476	0.819213092327118	
0.064637579023838	0.0265447590500116	0.546210706233978	0.851920366287231	
0.0518037639558315	0.0214291363954544	0.507691025733948	0.879333674907684	
0.038954496383667	0.0199017934501171	0.460365831851959	0.90385913848877	
0.0276148729026318	0.0213936157524586	0.403869062662125	0.927672684192657	
0.0187884010374546	0.0250498931854963	0.338639825582504	0.952280342578888	
0.0128886085003614	0.0299007389694452	0.265826851129532	0.97822779417038	
0.00977674126625061	0.0350225418806076	0.187098935246468	1.00500810146332	
0.00888621062040329	0.039665874093771	0.1044020652771	1.03117644786835	
0.00940124876797199	0.0433333143591881	0.0197086669504642	1.05463922023773	
0.0104509918019176	0.0458007752895355	-0.0651989355683327	1.07305324077606	
0.0112816523760557	0.047086339443922	-0.148879513144493	1.08425140380859	
0.0113776195794344	0.0473796389997005	-0.230302363634109	1.08661019802094	
0.0105151990428567	0.0469506904482841	-0.308835566043854	1.07929074764252	
0.00874739605933428	0.0460591241717339	-0.384168446063995	1.06231355667114	
0.00633182981982827	0.0448828004300594	-0.45619335770607	1.03646445274353	
0.0036238597240299	0.043479211628437	-0.52487701177597	1.00306153297424	
0.00096180709078908	0.0417853556573391	-0.590148210525513	0.963644921779633	
-0.00142985209822655	0.0396531745791435	-0.651822984218597	0.919658660888672	
-0.00349954562261701	0.0369101613759995	-0.709576189517975	0.872197329998016	
-0.00537976622581482	0.0334295742213726	-0.762958824634552	0.82186883687973	
-0.00735112419351935	0.0291928723454475	-0.811447858810425	0.768798649311066	
-0.00977006740868092	0.0243289340287447	-0.854513049125671	0.712767720222473	
-0.0129781058058143	0.0191195663064718	-0.891679525375366	0.653444945812225	
-0.0172133091837168	0.0139682255685329	-0.922571361064911	0.590655863285065	
-0.0225433204323053	0.00933672394603491	-0.946926176548004	0.524620473384857	
-0.0288337264209986	0.00566183868795633	-0.964579701423645	0.456099569797516	
-0.0357577204704285	0.00326845515519381	-0.975428104400635	0.386412382125854	
-0.0428442917764187	0.00229729595594108	-0.97938197851181	0.317314445972443	
-0.049554567784071	0.0026630787178874	-0.976327776908875	0.250759452581406	
-0.0553707107901573	0.00405341107398272	-0.966112017631531	0.188593551516533	
-0.0598801001906395	0.0059709888882935	-0.948557436466217	0.132249161601067	
-0.0628392472863197	0.00781313981860876	-0.923513770103455	0.0825062617659569	
-0.064206562936306	0.00897512957453728	-0.890934586524963	0.0393774844706059	
-0.064139686524868	0.00895847380161285	-0.850967407226563	0.00214800587855279	
-0.0629598572850227	0.00746377464383841	-0.804036736488342	-0.0304312948137522	
-0.0610918663442135	0.00444987881928682	-0.75090080499649	-0.059831652790308	
-0.058991800993681	0.000146948121255264	-0.692665100097656	-0.08737613260746	
-0.0570760481059551	-0.00498054921627045	-0.630744159221649	-0.113886706531048	
-0.0556634701788425	-0.0103155085816979	-0.56677120923996	-0.139423191547394	
-0.0549391135573387	-0.0152004733681679	-0.50246673822403	-0.163172423839569	
-0.0549429915845394	-0.0190602634102106	-0.439482688903809	-0.183517321944237	
-0.0555826053023338	-0.0215121824294329	-0.379247844219208	-0.198279842734337	
-0.056663878262043	-0.0224427673965693	-0.322836339473724	-0.205097213387489	
-0.0579327084124088	-0.0220357924699783	-0.270881444215775	-0.201862618327141	
-0.0591187998652458	-0.0207450836896896	-0.223546773195267	-0.187147527933121	
-0.0599745810031891	-0.0192158184945583	-0.180558323860168	-0.160523876547813	
-0.0603043772280216	-0.0181678514927626	-0.14129076898098	-0.122722573578358	
-0.0599817223846912	-0.0182619169354439	-0.104891739785671	-0.0755944848060608	
-0.058955479413271	-0.0199732817709446	-0.0704230442643166	-0.0218775887042284	
0.0572470016777515	0.0234965365380049	0.0369954966008663	-0.035189613699913	
0.054941400885582	0.028699841350317	0.00387702975422144	-0.0923394337296486	
0.0521756038069725	0.0351381562650204	-0.0294403545558453	-0.146746143698692	
0.049124788492918	0.0421240925788879	-0.0632206350564957	-0.196412712335587	
0.045987606048584	0.0488443784415722	-0.0975077152252197	-0.240405276417732	
0.0429696440696716	0.0545011833310127	-0.132182359695435	-0.278897076845169	
0.0402644239366055	0.0584526434540749	-0.16703625023365	-0.313019186258316	
0.0380319319665432	0.0603267028927803	-0.201845660805702	-0.344551801681519	
0.0363759621977806	0.0600869357585907	-0.23642934858799	-0.375518083572388	
0.0353233516216278	0.0580376386642456	-0.270680516958237	-0.407758831977844	
0.0348093546926975	0.0547666810452938	-0.30456954240799	-0.442567378282547	
0.0346740111708641	0.0510359294712543	-0.33812141418457	-0.480448633432388	
0.0346734933555126	0.0476391240954399	-0.371377110481262	-0.521040618419647	
0.0345082394778728	0.0452531464397907	-0.404352605342865	-0.563204050064087	
0.033866535872221	0.0443102456629276	-0.437007784843445	-0.605252087116241	
0.032478466629982	0.0449150502681732	-0.469235569238663	-0.645267903804779	
0.0301718339323997	0.0468222200870514	-0.500876009464264	-0.681442022323608	
0.0269196946173906	0.0494793392717838	-0.531752943992615	-0.712362766265869	
0.0228689890354872	0.0521277152001858	-0.561725497245789	-0.737204313278198	
0.0183418691158295	0.053942795842886	-0.59074205160141	-0.755783319473267	
0.0138056762516499	0.0541885532438755	-0.618882060050964	-0.768481314182281	
0.00981314387172461	0.0523572601377964	-0.646374046802521	-0.776058733463287	
0.00692048948258162	0.0482687279582024	-0.673581063747406	-0.779408574104309	
0.00559628708288074	0.0421102866530418	-0.700953423976898	-0.779305577278137	
0.00613709492608905	0.0344098284840584	-0.728953421115875	-0.776206791400909	
0.00860605109483004	0.0259464271366596	-0.757965207099915	-0.770144641399384	
0.0128075880929828	0.0176147539168596	-0.788206398487091	-0.760730385780334	
0.0183054935187101	0.0102681005373597	-0.819657623767853	-0.747262716293335	
0.0244837086647749	0.00456879520788789	-0.852026581764221	-0.728911399841309	
0.0306410118937492	0.000873534241691232	-0.884754002094269	-0.704931437969208	
0.0361036621034145	-0.000825337949208915	-0.91706395149231	-0.674856960773468	
0.0403357855975628	-0.000891978212166578	-0.94805109500885	-0.638631880283356	
0.0430267602205276	2.56045459536836E-5	-0.9767906665802	-0.596647441387177	
0.0441385097801685	0.00111913809087127	-1.00245201587677	-0.549682378768921	
0.0439027287065983	0.00157126970589161	-1.02439510822296	-0.498759418725967	
0.0427677035331726	0.00070590921677649	-1.04223346710205	-0.44495478272438	
0.0413044020533562	-0.00189041520934552	-1.05584919452667	-0.389204770326614	
0.0400900207459927	-0.00629871338605881	-1.06535887718201	-0.332154333591461	
0.039592269808054	-0.0122617986053228	-1.07103514671326	-0.274082094430923	
0.0400783270597458	-0.019242912530899	-1.07319796085358	-0.214917778968811	
0.0415678732097149	-0.0265365112572908	-1.0720956325531	-0.154346436262131	
0.043841078877449	-0.0334088690578938	-1.0677992105484	-0.0919734239578247	
0.0465010218322277	-0.0392402708530426	-1.06012964248657	-0.0275101978331804	
0.0490782521665096	-0.0436401441693306	-1.0486353635788	0.0390636660158634	
0.051155436784029	-0.0465115420520306	-1.03262686729431	0.107400633394718	
0.0524844378232956	-0.0480514094233513	-1.01126623153687	0.176770731806755	
0.0530680157244205	-0.0486855432391167	-0.983699560165405	0.246134534478188	
0.0531843230128288	-0.0489506237208843	-0.949213325977325	0.314283967018127	
0.0533431842923164	-0.0493466220796108	-0.907389640808105	0.38001412153244	
0.0541772246360779	-0.0501898936927319	-0.858234643936157	0.442280352115631	
0.0562852993607521	-0.0514985099434853	-0.802258610725403	0.500298857688904	
0.0600575916469097	-0.052936390042305	-0.740490317344666	0.55356103181839	
0.0655183792114258	-0.053832620382309	-0.674420773983002	0.601755976676941	
0.0722224339842796	-0.0532784797251225	-0.605877995491028	0.64461886882782	
0.0792335048317909	-0.0502896048128605	-0.536847472190857	0.681747317314148	
0.0851994082331657	-0.0440074615180492	-0.469259798526764	0.712440192699432	
0.0885208398103714	-0.0339048840105534	-0.404772132635117	0.735616207122803	
0.0875919759273529	-0.019957397133112	-0.344573020935059	0.749855995178223	
0.0810756608843803	-0.00274545839056373	-0.289238214492798	0.753585875034332	
0.0681660026311874	0.0165370758622885	-0.238658890128136	0.745388746261597	
0.0487898364663124	0.0361780822277069	-0.192057102918625	0.724393308162689	
0.0237061232328415	0.0541383251547813	-0.148091748356819	0.690663874149323	
-0.00552201457321644	0.0683141574263573	-0.105048418045044	0.645501494407654	
-0.0366867147386074	0.0768339410424232	-0.0610951520502567	0.591569364070892	
-0.0672072693705559	0.0783428177237511	-0.0145771251991391	0.532780408859253	
-0.0944747924804688	0.0722301080822945	0.0356837846338749	0.47392463684082	
-0.116215407848358	0.0587611757218838	0.0901220291852951	0.420064747333527	
-0.130812481045723	0.0390893183648586	0.148231029510498	0.375778168439865	
-0.137533575296402	0.0151414219290018	0.208467811346054	0.344365298748016	
-0.136622652411461	-0.0106091080233455	0.268282651901245	0.327165096998215	
-0.129240661859512	-0.0354508459568024	0.324284434318542	0.323117554187775	
-0.117263607680798	-0.0567798241972923	0.372536361217499	0.328680902719498	
-0.102971531450748	-0.072431243956089	0.408960193395615	0.338160842657089	
-0.088681735098362	-0.0809484571218491	0.429810851812363	0.344438582658768	
-0.0763887241482735	-0.0817496255040169	0.432170450687408	0.34001350402832	
-0.0674724727869034	-0.0751684084534645	0.414401739835739	0.318213880062103	
-0.06252421438694	-0.0623641461133957	0.376500070095062	0.274386554956436	
-0.0613174922764301	-0.0451174378395081	0.320288985967636	0.206866681575775	
-0.0629260092973709	-0.0255443844944239	0.249418452382088	0.117551490664482	
-0.0659630447626114	-0.00577479647472501	0.169147044420242	0.0119567001238465	
-0.0688952803611755	0.0123551739379764	0.0859143063426018	-0.101286016404629	
-0.0703706070780754	0.0275488644838333	0.00673833535984159	-0.211442798376083	
-0.0694975927472115	0.0391966439783573	-0.0615005604922771	-0.307068586349487	
-0.0660238489508629	0.047404695302248	-0.112809725105762	-0.377574414014816	
-0.0603803135454655	0.0529037825763226	-0.14277595281601	-0.41473525762558	
-0.053584162145853	0.0568560659885406	-0.149109125137329	-0.413904279470444	
-0.0470203794538975	0.0605940446257591	-0.131961062550545	-0.374742090702057	
-0.0421454757452011	0.0653363764286041	-0.0939683094620705	-0.301342010498047	
-0.0401720739901066	0.0719285979866982	-0.0400014817714691	-0.201727509498596	
-0.0417971909046173	0.0806523263454437	0.0233576260507107	-0.0867960825562477	
0.0425868965685368	-0.0836323350667953	-0.0218846965581179	0.0839284881949425	
0.0477316901087761	-0.0938121601939201	-0.0869307368993759	-0.034356489777565	
0.0558397397398949	-0.104639016091824	-0.146159768104553	-0.143199563026428	
0.065568208694458	-0.114686839282513	-0.192669734358788	-0.232217445969582	
0.0751715376973152	-0.122288972139359	-0.221092954277992	-0.29404604434967	
0.0828227996826172	-0.125814884901047	-0.228177353739738	-0.32510057091713	
0.0869624987244606	-0.12395703792572	-0.213092789053917	-0.32575997710228	
0.0866084024310112	-0.115982167422771	-0.177422717213631	-0.299976736307144	
0.0815657302737236	-0.101906500756741	-0.124845631420612	-0.254404753446579	
0.0724946483969688	-0.0825651362538338	-0.0605541355907917	-0.197209596633911	
0.0608180053532124	-0.0595614239573479	0.00950351543724537	-0.136767834424973	
0.0484817586839199	-0.0350998714566231	0.079449474811554	-0.0804670453071594	
0.0376084297895432	-0.0117233702912927	0.14425191283226	-0.0337874293327332	
0.0301047842949629	0.00801012292504311	0.200341075658798	0.000213859108043835	
0.0272948425263166	0.0218669790774584	0.245982125401497	0.02097162976861	
0.0296463295817375	0.0282459706068039	0.281359016895294	0.0300707165151834	
0.0366432219743729	0.0264113768935204	0.308367818593979	0.030597310513258	
0.0468317121267319	0.0166174899786711	0.330162167549133	0.0263327118009329	
0.0580363646149635	0.000105638675449882	0.35052901506424	0.0209535490721464	
0.0677126720547676	-0.0210277251899242	0.373198181390762	0.0173861552029848	
0.0733776018023491	-0.0440757088363171	0.401194423437119	0.0174201428890228	
0.0730448290705681	-0.0660468712449074	0.436331659555435	0.0216266289353371	
0.0655898451805115	-0.0840297192335129	0.478923141956329	0.0295624230057001	
0.0509809255599976	-0.095548152923584	0.527744352817535	0.04018534719944	
0.0303349625319242	-0.0988615527749062	0.580244481563568	0.0523681156337261	
0.00578628340736032	-0.0931709185242653	0.632962703704834	0.0653854161500931	
-0.0198114141821861	-0.0787054300308228	0.682074546813965	0.0792621001601219	
-0.0433020405471325	-0.0566799342632294	0.723974823951721	0.0949062928557396	
-0.0616952814161777	-0.0291311629116535	0.755803406238556	0.11400081217289	
-0.0726102739572525	0.00134348287247121	0.775830507278442	0.138680130243301	
-0.0746241435408592	0.0319084711372852	0.783647000789642	0.171065732836723	
-0.0674713030457497	0.0598305873572826	0.780137360095978	0.2127625644207	
-0.0520652346313	0.0827928185462952	0.76725035905838	0.264426738023758	
-0.0303436666727066	0.0991421341896057	0.747614324092865	0.325498878955841	
-0.0049669393338263	0.108042106032372	0.724067449569702	0.394162952899933	
0.0210781171917915	0.109515011310577	0.699182569980621	0.467544227838516	
0.0449032969772816	0.104374147951603	0.674865186214447	0.542110621929169	
0.0641059353947639	0.0940614491701126	0.652084648609161	0.614201247692108	
0.0770599097013474	0.0804182961583138	0.630774319171906	0.680581748485565	
0.083071805536747	0.0654245540499687	0.609907805919647	0.738919258117676	
0.0823872238397598	0.0509435273706913	0.587726652622223	0.788089692592621	
0.0760578066110611	0.0385070107877254	0.562073886394501	0.828261137008667	
0.0657010897994041	0.0291667021811008	0.530771613121033	0.860742509365082	
0.05320068821311	0.0234265122562647	0.491979449987411	0.887632846832275	
0.0403999947011471	0.0212575104087591	0.444476783275604	0.91134238243103	
0.0288392435759306	0.0221847090870142	0.387830764055252	0.934080481529236	
0.0195739399641752	0.0254250224679708	0.32243213057518	0.957408666610718	
0.0130952149629593	0.0300497058779001	0.249405667185783	0.981940805912018	
0.00935328751802444	0.0351433008909225	0.170422255992889	1.00724029541016	
0.00786716770380735	0.0399343855679035	0.0874529480934143	1.03192591667175	
0.00789044890552759	0.0438806004822254	0.00251171551644802	1.05395424365997	
0.00859632436186075	0.0466999262571335	-0.0825696736574173	1.07101535797119	
0.0092456815764308	0.0483503080904484	-0.166301891207695	1.08095836639404	
0.00930935330688953	0.0489688329398632	-0.247615486383438	1.08216154575348	
0.00852759182453156	0.0487878359854221	-0.325854986906052	1.07377874851227	
0.00690379971638322	0.0480479784309864	-0.40070378780365	1.05581951141357	
0.00464277481660247	0.0469270534813404	-0.472065687179565	1.02905988693237	
0.00205363426357508	0.0454983152449131	-0.539932489395142	0.994814217090607	
-0.000557372230105102	0.0437249653041363	-0.604266583919525	0.954625725746155	
-0.00297943386249244	0.0414891242980957	-0.664920389652252	0.909949123859406	
-0.00515581155195832	0.0386461280286312	-0.721602320671082	0.861894190311432	
-0.00719811115413904	0.0350897833704948	-0.773889601230621	0.811085879802704	
-0.00935608707368374	0.0308118537068367	-0.821277022361755	0.757664263248444	
-0.0119524486362934	0.0259406194090843	-0.863243281841278	0.701419591903687	
-0.0152990417554975	0.0207479353994131	-0.899315893650055	0.642022490501404	
-0.019613878801465	0.0156210586428642	-0.929118275642395	0.579292595386505	
-0.0249572955071926	0.0110033005475998	-0.952387869358063	0.513437211513519	
-0.0312007013708353	0.00731453998014331	-0.968964338302612	0.445200324058533	
-0.0380339808762074	0.004867531824857	-0.978753864765167	0.375883340835571	
-0.0450094565749168	0.0037975253071636	-0.981683254241943	0.307226002216339	
-0.0516130328178406	0.00402084831148386	-0.977660775184631	0.241170421242714	
-0.0573480390012264	0.00523286359384656	-0.966556966304779	0.1795564442873	
-0.0618154816329479	0.00694822054356337	-0.948218047618866	0.123814791440964	
-0.0647758990526199	0.00857793819159269	-0.922512233257294	0.0747264698147774	
-0.0661822035908699	0.00953029654920101	-0.88940417766571	0.0323050804436207	
-0.0661790370941162	0.00931721180677414	-0.84904283285141	-0.0041663977317512	
-0.0650706440210342	0.0076459520496428	-0.80184417963028	-0.0359449833631516	
-0.0632648393511772	0.00447806296870112	-0.748549044132233	-0.0645169168710709	
-0.0612045899033546	4.30115796916652E-5	-0.690239548683167	-0.091227225959301	
-0.0592996776103973	-0.00519769033417106	-0.628303945064545	-0.11692500859499	
-0.0578700341284275	-0.0106308106333017	-0.564350247383118	-0.14169916510582	
-0.0571088194847107	-0.0156024359166622	-0.500077486038208	-0.164763659238815	
-0.0570690557360649	-0.0195397455245256	-0.437123000621796	-0.184522390365601	
-0.0576729737222195	-0.0220608655363321	-0.376908004283905	-0.198809072375298	
-0.0587394572794437	-0.0230518020689487	-0.320506423711777	-0.205261453986168	
-0.0600225776433945	-0.0226950459182262	-0.268556892871857	-0.201762154698372	
-0.0612534396350384	-0.0214431621134281	-0.221231579780579	-0.186862871050835	
-0.062178622931242	-0.0199408903717995	-0.178265571594238	-0.160110220313072	
-0.0625903010368347	-0.0189089812338352	-0.139040440320969	-0.122208744287491	
-0.062345914542675	-0.0190105810761452	-0.102706477046013	-0.0749867036938667	
-0.0613772943615913	-0.0207246318459511	-0.068322628736496	-0.021167203783989	
0.0596910677850246	0.0242500491440296	0.034991230815649	-0.0360158607363701	
0.0573626644909382	0.0294591523706913	0.00196685479022563	-0.0932884961366653	
0.0545260608196259	0.0359100066125393	-0.0312751717865467	-0.147809237241745	
0.0513606667518616	0.0429165549576283	-0.0650167316198349	-0.197559058666229	
0.0480756610631943	0.0496646352112293	-0.0993186309933662	-0.241580322384834	
0.0448914989829063	0.0553532280027866	-0.134075522422791	-0.280025213956833	
0.0420183651149273	0.0593353360891342	-0.169088363647461	-0.314010709524155	
0.0396320186555386	0.061232466250658	-0.204137042164803	-0.345312356948853	
0.0378489345312119	0.0610013455152512	-0.239038079977036	-0.375959128141403	
0.0367040708661079	0.0589400418102741	-0.273676931858063	-0.407806664705276	
0.0361358337104321	0.0556317344307899	-0.308011740446091	-0.442169219255447	
0.0359829291701317	0.0518359541893005	-0.342051923274994	-0.4795743227005	
0.0359968915581703	0.0483469925820827	-0.375821501016617	-0.519680023193359	
0.0358717553317547	0.045845415443182	-0.409319549798965	-0.56136018037796	
0.035289041697979	0.0447701811790466	-0.442490816116333	-0.602931797504425	
0.0339727327227592	0.0452352352440357	-0.475216001272202	-0.642471849918365	
0.0317455530166626	0.0470063872635365	-0.50732684135437	-0.678156197071075	
0.0285762492567301	0.049543209373951	-0.538643002510071	-0.708552837371826	
0.0246074814349413	0.0520985759794712	-0.569023489952087	-0.732814908027649	
0.0201562643051147	0.0538577437400818	-0.598419308662415	-0.750742316246033	
0.0156832672655582	0.0540913604199886	-0.626914501190186	-0.762707710266113	
0.0117328464984894	0.0522940680384636	-0.654741644859314	-0.769474387168884	
0.00885170791298151	0.0482828691601753	-0.682266056537628	-0.771949768066406	
0.00749906245619059	0.0422368235886097	-0.70993584394455	-0.770933926105499	
0.00796406716108322	0.0346704050898552	-0.738205969333649	-0.766916215419769	
0.0103063900023699	0.0263452511280775	-0.767446994781494	-0.75996333360672	
0.0143325990065932	0.0181364137679338	-0.797857105731964	-0.749717473983765	
0.0196151286363602	0.0108777796849608	-0.82939338684082	-0.735499382019043	
0.0255529135465622	0.00521519221365452	-0.861737847328186	-0.716488718986511	
0.0314646624028683	0.00149440229870379	-0.894306898117065	-0.691936194896698	
0.0366989783942699	-0.000295563950203359	-0.926305174827576	-0.661359012126923	
0.0407414995133877	-0.000513394188601524	-0.956816077232361	-0.624674022197723	
0.0432988330721855	0.000207076882361434	-0.984914362430573	-0.582241594791412	
0.0443428121507168	0.00107899901922792	-1.00978064537048	-0.534810841083527	
0.0441057868301868	0.00131095084361732	-1.03079843521118	-0.483383238315582	
0.0430269427597523	0.000253596634138376	-1.04761385917664	-0.42902672290802	
0.041659589856863	-0.00248305429704487	-1.06014752388	-0.37268540263176	
0.0405573919415474	-0.00696363858878613	-1.06855618953705	-0.31502839922905	
0.0401624664664268	-0.0129245920106769	-1.07314908504486	-0.256372660398483	
0.0407185554504395	-0.019834129139781	-1.07427394390106	-0.196695566177368	
0.0422279462218285	-0.0270025078207254	-1.07219588756561	-0.135732874274254	
0.0444622784852982	-0.0337201952934265	-1.06698942184448	-0.0731366500258446	
0.0470261573791504	-0.0393960364162922	-1.05846703052521	-0.00865463819354773	
0.0494610369205475	-0.0436673611402512	-1.04615938663483	0.057712621986866	
0.0513674207031727	-0.0464594215154648	-1.02935445308685	0.125614538788795	
0.0525181367993355	-0.0479813814163208	-1.00719249248505	0.19433581829071	
0.0529356114566326	-0.0486587882041931	-0.978804409503937	0.262866646051407	
0.0529121644794941	-0.0490153431892395	-0.943472027778625	0.330038696527481	
0.0529631152749062	-0.0495275668799877	-0.900786340236664	0.394690424203873	
0.0537164472043514	-0.0504823811352253	-0.85077577829361	0.455818235874176	
0.0557568110525608	-0.0518683902919292	-0.793983459472656	0.512670993804932	
0.0594532005488873	-0.053326427936554	-0.731477499008179	0.564761102199554	
0.0648059323430061	-0.0541745387017727	-0.664787948131561	0.611785292625427	
0.0713481456041336	-0.0535086803138256	-0.595775365829468	0.653474450111389	
0.0781292766332626	-0.0503658391535282	-0.52644556760788	0.68941342830658	
0.0837943628430367	-0.0439231619238853	-0.458733111619949	0.718885183334351	
0.0867551565170288	-0.0336982049047947	-0.394282042980194	0.74079555273056	
0.0854308977723122	-0.0197126474231482	-0.3342524766922	0.753721058368683	
0.0785212814807892	-0.00258589955046773	-0.279181003570557	0.756096661090851	
0.0652647167444229	0.0164645593613386	-0.228915750980377	0.746529579162598	
0.0456340089440346	0.0357244610786438	-0.182639077305794	0.724187254905701	
0.0204293727874756	0.0531767532229424	-0.138980686664581	0.689184427261353	
-0.00875555630773306	0.0667631924152374	-0.0962126851081848	0.642878413200378	
-0.0396979041397572	0.074675589799881	-0.0525076687335968	0.58798748254776	
-0.0698202177882195	0.0756319463253021	-0.00623251730576158	0.5284703373909	
-0.0965355336666107	0.0690932944417	0.0437562614679337	0.469146609306335	
-0.117608599364758	0.0553845539689064	0.0978523194789886	0.415087074041367	
-0.131474032998085	0.0356969572603703	0.155510321259499	0.370853036642075	
-0.137457683682442	0.0119674988090992	0.215158730745316	0.339704900979996	
-0.135862618684769	-0.0133500099182129	0.274236261844635	0.322922021150589	
-0.127903491258621	-0.0375905409455299	0.329361021518707	0.319371551275253	
-0.115499243140221	-0.0582160353660583	0.376626878976822	0.325435072183609	
-0.100958205759525	-0.0731366723775864	0.412004321813583	0.335347175598145	
-0.0866090506315231	-0.0809679925441742	0.43180900812149	0.341933250427246	
-0.0744404196739197	-0.081186443567276	0.433187067508698	0.33765971660614	
-0.0658105909824371	-0.0741614475846291	0.414559543132782	0.315849393606186	
-0.0612761117517948	-0.0610612109303474	0.375966191291809	0.271872192621231	
-0.0605667680501938	-0.0436488427221775	0.319255024194717	0.204111993312836	
-0.0627079829573631	-0.0240017902106047	0.248077869415283	0.114533483982086	
-0.0662649497389793	-0.00419914769008756	0.167673423886299	0.0087291058152914	
-0.0696610063314438	0.0139746461063623	0.0844438523054123	-0.104594886302948	
-0.0715093463659286	0.0292645934969187	0.00535925244912505	-0.214643582701683	
-0.0708955675363541	0.0410838238894939	-0.0627507343888283	-0.309934198856354	
-0.0675579458475113	0.0495374128222466	-0.113938950002193	-0.379870504140854	
-0.0619322508573532	0.0553311072289944	-0.143826320767403	-0.41625314950943	
-0.0550537183880806	0.0595830157399178	-0.150141820311546	-0.414492338895798	
-0.0483361855149269	0.0635715574026108	-0.133040741086006	-0.374330550432205	
-0.0432719960808754	0.0684625804424286	-0.0951498299837112	-0.299957573413849	
-0.0411117002367973	0.075061596930027	-0.0413212440907955	-0.199495360255241	
-0.0425868965685368	0.0836323350667953	0.0218846965581179	-0.0839284881949425	
0.0433247201144695	-0.086510457098484	-0.0203851033002138	0.0809586346149445	
0.0483701713383198	-0.0963515788316727	-0.0852896198630333	-0.0376672148704529	
0.0564521290361881	-0.106727100908756	-0.144390746951103	-0.146542623639107	
0.0662268176674843	-0.116273127496243	-0.190789818763733	-0.23529127240181	
0.0759312063455582	-0.12339660525322	-0.21911446750164	-0.29659178853035	
0.0837059617042542	-0.126538380980492	-0.22610279917717	-0.326931893825531	
0.0879485607147217	-0.124445915222168	-0.210914105176926	-0.326782464981079	
0.0876297503709793	-0.116412647068501	-0.17512558400631	-0.300193905830383	
0.0825119614601135	-0.102445937693119	-0.122417934238911	-0.253909647464752	
0.0732255205512047	-0.0833354219794273	-0.057996578514576	-0.19616274535656	
0.0611839927732944	-0.0606082007288933	0.0121671510860324	-0.135365009307861	
0.0483498945832253	-0.0363736934959888	0.0821654945611954	-0.0789012536406517	
0.0368898138403893	-0.0130772050470114	0.146935611963272	-0.0322110280394554	
0.028779398649931	0.00680543994531035	0.202882796525955	0.00172112160362303	
0.0254292208701372	0.0210907887667418	0.248260453343391	0.0224235448986292	
0.0274002887308598	0.0281837712973356	0.283259451389313	0.0315809734165668	
0.034263152629137	0.0273055490106344	0.309804111719131	0.0323698632419109	
0.0446298681199551	0.0186207834631205	0.331096112728119	0.0286371931433678	
0.056357704102993	0.00324541400186718	0.350985169410706	0.024089002981782	
0.0668929666280746	-0.0168680045753717	0.373269289731979	0.0216382909566164	
0.0736981630325317	-0.0391537733376026	0.401035696268082	0.0230183601379395	
0.0746903494000435	-0.0607371143996716	0.436143428087234	0.02870724350214	
0.068615585565567	-0.0787797346711159	0.478923231363297	0.0381437167525291	
0.0552949234843254	-0.0908223688602448	0.528133869171143	0.050158329308033	
0.035698626190424	-0.0950800850987434	0.581171870231628	0.0635046437382698	
0.0118345292285085	-0.0906528607010841	0.634491324424744	0.0773626640439034	
-0.0135323936119676	-0.0776250436902046	0.684159517288208	0.0917000100016594	
-0.0372838564217091	-0.0570424124598503	0.726453304290771	0.107412591576576	
-0.0564099289476871	-0.030771654099226	0.758400082588196	0.126217231154442	
-0.0684539973735809	-0.00126250076573342	0.778179109096527	0.150323092937469	
-0.0718703493475914	0.0287548396736383	0.78532463312149	0.181955799460411	
-0.0662392750382423	0.0565965585410595	0.780707776546478	0.222838684916496	
-0.0523088760674	0.0799338296055794	0.766310036182404	0.273743480443954	
-0.0318619720637798	0.0970442444086075	0.744834899902344	0.33420741558075	
-0.00743446592241526	0.10697615146637	0.719228863716125	0.402479320764542	
0.0180652607232332	0.109608627855778	0.692192554473877	0.475709348917007	
0.041772723197937	0.105604745447636	0.665762603282928	0.550348341464996	
0.0612533614039421	0.0962702631950378	0.641026556491852	0.622680723667145	
0.0748005658388138	0.0833421349525452	0.6180100440979	0.689388871192932	
0.081605352461338	0.0687396600842476	0.595743358135223	0.748041212558746	
0.0817806720733643	0.0543143823742867	0.572485744953156	0.79741382598877	
0.076247826218605	0.0416326820850372	0.546060919761658	0.837587594985962	
0.0665144026279449	0.0318181104958057	0.514242172241211	0.869807958602905	
0.0543883107602596	0.025469958782196	0.475121438503265	0.896141052246094	
0.0416794866323471	0.0226622186601162	0.427404761314392	0.918996810913086	
0.0299380421638489	0.0230147168040276	0.370592355728149	0.940614223480225	
0.0202672146260738	0.0258182045072317	0.305024713277817	0.962607681751251	
0.0132329612970352	0.0301883853971958	0.2317995429039	0.985657870769501	
0.0088734021410346	0.0352218300104141	0.152585834264755	1.00939917564392	
0.00679374067112803	0.0401290133595467	0.0693757086992264	1.03251588344574	
0.00631890166550875	0.0443260259926319	-0.0157787520438433	1.05301797389984	
0.00666905147954822	0.0474753901362419	-0.100998863577843	1.06863236427307	
0.00712307123467326	0.0494762770831585	-0.184748440980911	1.07722818851471	
0.00714142760261893	0.0504134148359299	-0.265919357538223	1.07718944549561	
0.00643093232065439	0.0504806078970432	-0.34383150935173	1.06766510009766	
0.00494711613282561	0.0498979464173317	-0.418160736560822	1.04865527153015	
0.00284266867674887	0.0488411486148834	-0.488820254802704	1.02092707157135	
0.000380208075512201	0.0473972037434578	-0.555825173854828	0.985790848731995	
-0.00216712942346931	0.0455537736415863	-0.619170606136322	0.944792449474335	
-0.00460373796522617	0.0432219319045544	-0.678744792938232	0.899396002292633	
-0.0068694269284606	0.040284302085638	-0.734290182590485	0.850725769996643	
-0.00905649922788143	0.0366552770137787	-0.785412013530731	0.799422919750214	
-0.0113850794732571	0.0323374383151531	-0.831624567508698	0.745642006397247	
-0.0141448676586151	0.0274592917412519	-0.872417747974396	0.68918251991272	
-0.0176182594150305	0.0222836174070835	-0.907323777675629	0.629717230796814	
-0.022002974525094	0.0171822011470795	-0.935967028141022	0.567060112953186	
-0.0273515190929174	0.0125802792608738	-0.958086252212524	0.501405835151672	
-0.0335404649376869	0.00888091512024403	-0.973525643348694	0.433481514453888	
-0.0402757935225964	0.00638447841629386	-0.982201278209686	0.364570021629333	
-0.0471327528357506	0.00522026419639587	-0.984056234359741	0.296394318342209	
-0.0536218844354153	0.00530564319342375	-0.979019820690155	0.230883613228798	
-0.0592678040266037	0.00634324364364147	-0.966986477375031	0.169869914650917	
-0.0636854916810989	0.0078593771904707	-0.94782543182373	0.114780783653259	
-0.0666399672627449	0.00927874911576509	-0.921423852443695	0.0663970187306404	
-0.0680791065096855	0.0100229270756245	-0.887757658958435	0.0247323047369719	
-0.0681349188089371	0.0096147283911705	-0.846977949142456	-0.0109330648556352	
-0.0670948103070259	0.0077686901204288	-0.79949289560318	-0.0418641045689583	
-0.0653495788574219	0.00444962223991752	-0.746026694774628	-0.0695618987083435	
-0.06332878023386	-0.000113307243736926	-0.687638282775879	-0.0953931733965874	
-0.0614351965487003	-0.00546141760423779	-0.625689446926117	-0.120233938097954	
-0.0599893555045128	-0.0109855215996504	-0.561762094497681	-0.144202217459679	
-0.059192106127739	-0.0160356927663088	-0.49753275513649	-0.166539385914803	
-0.059109166264534	-0.0200420748442411	-0.434622198343277	-0.185671046376228	
-0.0596773810684681	-0.0226242542266846	-0.374442487955093	-0.199443504214287	
-0.0607287026941776	-0.0236682221293449	-0.31806555390358	-0.205496102571487	
-0.0620256662368774	-0.0233554430305958	-0.266133904457092	-0.201701879501343	
-0.0633012279868126	-0.0221371743828058	-0.218827411532402	-0.186593621969223	
-0.0642965883016586	-0.0206573251634836	-0.175889790058136	-0.15969306230545	
-0.0647922530770302	-0.0196369104087353	-0.136709615588188	-0.121678501367569	
-0.064629852771759	-0.0197407361119986	-0.100440375506878	-0.0743552818894386	
-0.0637243315577507	-0.0214507319033146	-0.066138967871666	-0.0204310286790133	
0.0620674826204777	0.0249696858227253	0.0329000689089298	-0.0368657261133194	
0.0597246997058392	0.0301739871501923	-3.44986001437064E-5	-0.0942554846405983	
0.0568264722824097	0.0366251692175865	-0.0332057699561119	-0.148881703615189	
0.0535557791590691	0.0436392761766911	-0.0669136419892311	-0.198703840374947	
0.050131618976593	0.0504023395478725	-0.101236373186111	-0.242740571498871	
0.0467886812984943	0.0561113804578781	-0.136083319783211	-0.281122982501984	
0.0437533184885979	0.0601153820753098	-0.171265661716461	-0.314953655004501	
0.0412167906761169	0.0620302297174931	-0.206567853689194	-0.346003323793411	
0.0393082275986671	0.0618061535060406	-0.24180480837822	-0.376306384801865	
0.0380709804594517	0.0597347468137741	-0.276854485273361	-0.407733380794525	
0.0374470874667168	0.0563937090337276	-0.311662405729294	-0.441619634628296	
0.0372745655477047	0.0525390021502972	-0.346221774816513	-0.478515803813934	
0.0373010523617268	0.0489640012383461	-0.380538433790207	-0.518100500106812	
0.0372148938477039	0.0463515259325504	-0.414593160152435	-0.559261441230774	
0.0366914495825768	0.0451460964977741	-0.448313981294632	-0.600320041179657	
0.0354489721357822	0.0454703196883202	-0.48156812787056	-0.639347493648529	
0.0333052203059196	0.0471011735498905	-0.514177918434143	-0.674504816532135	
0.0302244145423174	0.0495108515024185	-0.545958161354065	-0.704339623451233	
0.0263444297015667	0.0519649982452393	-0.576767325401306	-0.727983713150024	
0.0219763778150082	0.0536602027714252	-0.60655951499939	-0.745219111442566	
0.0175733212381601	0.0538753792643547	-0.635423362255096	-0.756409525871277	
0.0136702600866556	0.0521088838577271	-0.663596153259277	-0.762320220470428	
0.010803485289216	0.0481757782399654	-0.691445469856262	-0.763873338699341	
0.00942214392125607	0.0422470346093178	-0.719417631626129	-0.761894345283508	
0.00980759784579277	0.0348232202231884	-0.747959852218628	-0.756905734539032	
0.0120160318911076	0.0266474019736052	-0.777428686618805	-0.749009609222412	
0.0158565249294043	0.0185734573751688	-0.808002054691315	-0.737880170345306	
0.0209109000861645	0.0114141833037138	-0.839612424373627	-0.722861707210541	
0.0265940986573696	0.00579743133857846	-0.871915221214294	-0.703144729137421	
0.0322459042072296	0.00205696071498096	-0.904301702976227	-0.677976846694946	
0.037238422781229	0.000178103422513232	-0.935956478118896	-0.646858334541321	
0.0410797707736492	-0.000191984800039791	-0.965951561927795	-0.609679520130157	
0.0434944368898869	0.000328104040818289	-0.993361413478851	-0.566769182682037	
0.0444644428789616	0.000974516035057604	-1.01737904548645	-0.518846809864044	
0.044222604483366	0.000983554637059569	-1.03741180896759	-0.466892182826996	
0.0431984327733517	-0.000265683687757701	-1.05314004421234	-0.411964774131775	
0.0419266633689404	-0.00313846743665636	-1.06452465057373	-0.355016678571701	
0.0409363508224487	-0.0076825050637126	-1.07176351547241	-0.296741873025894	
0.0406429171562195	-0.0136281158775091	-1.07520318031311	-0.237496539950371	
0.0412657298147678	-0.0204495545476675	-1.07522082328796	-0.177306979894638	
0.0427890568971634	-0.0274745970964432	-1.07209849357605	-0.115960814058781	
0.0449757762253284	-0.0340199954807758	-1.06591463088989	-0.0531578734517097	
0.0474322400987148	-0.0395252704620361	-1.05647349357605	0.011317178606987	
0.0497114546597004	-0.043657474219799	-1.04328775405884	0.0774427652359009	
0.0514327213168144	-0.0463652350008488	-1.02562296390533	0.144865751266479	
0.0523910000920296	-0.0478703230619431	-1.00259804725647	0.212886646389961	
0.0526296049356461	-0.0485975332558155	-0.973328769207001	0.280526846647263	
0.0524561330676079	-0.0490563027560711	-0.937093138694763	0.346659421920776	
0.0523922815918922	-0.0496978648006916	-0.893491566181183	0.410168200731277	
0.053061980754137	-0.0507775843143463	-0.84257584810257	0.47009202837944	
0.0550359338521957	-0.0522525645792484	-0.784923374652863	0.525713741779327	
0.058661911636591	-0.0537389107048512	-0.721642673015594	0.576567411422729	
0.0639159977436066	-0.0545426048338413	-0.654304385185242	0.622357666492462	
0.0703092515468597	-0.0537640266120434	-0.584802567958832	0.662810981273651	
0.0768763422966003	-0.0504619628190994	-0.515164315700531	0.697499394416809	
0.0822590067982674	-0.0438503175973892	-0.447328984737396	0.725689768791199	
0.0848795995116234	-0.0334927998483181	-0.382927656173706	0.746275126934052	
0.0831819996237755	-0.0194587465375662	-0.323091894388199	0.757827997207642	
0.0759023278951645	-0.0024078565184027	-0.268318563699722	0.75879317522049	
0.0623228326439857	0.0164178628474474	-0.218411579728127	0.747802674770355	
0.0424617193639278	0.0353016145527363	-0.17251218855381	0.724063992500305	
0.0171597935259342	0.0522487238049507	-0.129219204187393	0.687743186950684	
-0.0119595853611827	0.0652469843626022	-0.0867893025279045	0.640254616737366	
-0.0426593497395515	0.0725525319576263	-0.0433976761996746	0.584371566772461	
-0.0723660811781883	0.0729572325944901	0.00256897043436766	0.524098217487335	
-0.0985153913497925	0.0659945905208588	0.0522211492061615	0.464283168315887	
-0.118910998106003	0.0520494841039181	0.105913050472736	0.410003989934921	
-0.132038772106171	0.0323510356247425	0.163061559200287	0.365804582834244	
-0.137282505631447	0.0088458526879549	0.222067177295685	0.334904462099075	
-0.135003581643105	-0.0160327181220055	0.280357211828232	0.318522661924362	
-0.126469358801842	-0.0396670810878277	0.334559082984924	0.315453767776489	
-0.113640606403351	-0.0595860816538334	0.380796998739243	0.322003334760666	
-0.0988528355956078	-0.0737756192684174	0.41509011387825	0.33233642578125	
-0.0844452902674675	-0.0809237435460091	0.433814436197281	0.339224368333817	
-0.0724003314971924	-0.0805649757385254	0.434180170297623	0.335102558135986	
-0.0640546455979347	-0.0731038302183151	0.414666771888733	0.313289910554886	
-0.0599306672811508	-0.0597163587808609	0.375358760356903	0.269180446863174	
-0.0597153902053833	-0.0421469658613205	0.318128883838654	0.201206669211388	
-0.0623870976269245	-0.0224333647638559	0.246631294488907	0.111399702727795	
-0.0664640292525291	-0.00260318955406547	0.166085034608841	0.00542659405618906	
-0.0703269466757774	0.0156110282987356	0.0828550234436989	-0.107934720814228	
-0.0725546702742577	0.0309955012053251	0.00386314699426293	-0.217831611633301	
-0.072209469974041	0.0429850220680237	-0.0641121342778206	-0.312747001647949	
-0.0690192878246307	0.0516819730401039	-0.11516996473074	-0.38208019733429	
-0.0634231716394424	0.0577652454376221	-0.144966393709183	-0.417659759521484	
-0.0564726181328297	0.0623071491718292	-0.151250600814819	-0.414954036474228	
-0.0496085025370121	0.0665306597948074	-0.134182497859001	-0.3737872838974	
-0.0443575643002987	0.0715482532978058	-0.0963800251483917	-0.298444837331772	
-0.0420075356960297	0.0781257599592209	-0.04267767816782	-0.197145387530327	
-0.0433247201144695	0.086510457098484	0.0203851033002138	-0.0809586346149445	
0.0440097562968731	-0.0892831683158875	-0.0188606753945351	0.0778901427984238	
0.048944178968668	-0.0987515673041344	-0.0836319848895073	-0.0410557277500629	
0.0569859109818935	-0.108642593026161	-0.142610847949982	-0.149941682815552	
0.0667926222085953	-0.117658011615276	-0.188901767134666	-0.238399535417557	
0.0765864253044128	-0.12428180128336	-0.217127591371536	-0.299151092767715	
0.084477923810482	-0.127029180526733	-0.224016338586807	-0.32875645160675	
0.0888231992721558	-0.124704614281654	-0.208716601133347	-0.327777802944183	
0.0885465666651726	-0.116629086434841	-0.172799095511436	-0.300362974405289	
0.0833670273423195	-0.102800406515598	-0.119946636259556	-0.25334444642067	
0.0738831534981728	-0.083960585296154	-0.0553776957094669	-0.195023015141487	
0.0614963509142399	-0.0615569464862347	0.014912711456418	-0.13384635746479	
0.0481822602450848	-0.0375992991030216	0.0849857404828072	-0.0771978050470352	
0.0361481122672558	-0.0144302742555737	0.149745732545853	-0.0304777976125479	
0.0274356212466955	0.0055615259334445	0.205570697784424	0.00340026943013072	
0.0235402788966894	0.0202473197132349	0.250699460506439	0.0240573305636644	
0.0251162815839052	0.0280415639281273	0.285326927900314	0.0332779586315155	
0.0318223834037781	0.0281240940093994	0.311402916908264	0.034329991787672	
0.042339701205492	0.0205699093639851	0.332175225019455	0.0311284046620131	
0.0545625686645508	0.00636760471388698	0.351555079221725	0.0274120029062033	
0.0659330189228058	-0.0126778651028872	0.373409003019333	0.0260844212025404	
0.0738638341426849	-0.03414710983634	0.400888383388519	0.0288266278803349	
0.0761791244149208	-0.0552880056202412	0.435900419950485	0.0360268726944923	
0.0714976266026497	-0.0733417049050331	0.478797644376755	0.0470078364014626	
0.059493113309145	-0.0858715176582336	0.52832692861557	0.0604728832840919	
0.0409869700670242	-0.0910528898239136	0.581836879253387	0.0750543549656868	
0.0178562123328447	-0.0878877565264702	0.635701060295105	0.0898334234952927	
-0.00722874468192458	-0.0763166099786758	0.685881495475769	0.104714587330818	
-0.031194044277072	-0.0572149455547333	0.728538453578949	0.120574668049812	
-0.0510166138410568	-0.0322761349380016	0.760586380958557	0.139157354831696	
-0.0641695111989975	-0.00379727082327008	0.780110895633698	0.162740126252174	
-0.0689878314733505	0.025602912530303	0.786585509777069	0.193647965788841	
-0.0648989006876945	0.0532966107130051	0.78086256980896	0.233720049262047	
-0.0524841323494911	0.0769495218992233	0.764950454235077	0.283843666315079	
-0.0333676338195801	0.0947751849889755	0.741622388362885	0.34365525841713	
-0.00995516497641802	0.105710431933403	0.713928997516632	0.411472976207733	
0.0149302454665303	0.109492838382721	0.684696316719055	0.484477907419205	
0.038454994559288	0.106634885072708	0.656091690063477	0.559110462665558	
0.0581591539084911	0.0983036682009697	0.629323184490204	0.631606459617615	
0.0722606480121613	0.0861275643110275	0.604512631893158	0.69856995344162	
0.0798379257321358	0.0719600692391396	0.580752551555634	0.757473826408386	
0.0808719098567963	0.0576352588832378	0.556326389312744	0.806995332241058	
0.0761519595980644	0.0447486639022827	0.52904486656189	0.847126960754395	
0.0670720860362053	0.0344911552965641	0.496638000011444	0.879048049449921	
0.0553596131503582	0.0275542866438627	0.457134306430817	0.904787838459015	
0.0427855141460896	0.0241135358810425	0.409168571233749	0.926751732826233	
0.0309044662863016	0.0238838735967875	0.352174401283264	0.947204530239105	
0.0208629984408617	0.0262317638844252	0.286440342664719	0.967810571193695	
0.0132988216355443	0.0303204413503408	0.213034078478813	0.989315986633301	
0.00833654403686523	0.0352622792124748	0.133618846535683	1.01142609119415	
0.00566779496148229	0.0402535386383533	0.0502037368714809	1.03289270401001	
0.00469050742685795	0.0446722581982613	-0.0351247303187847	1.05178165435791	
0.00467451522126794	0.0481281876564026	-0.120443724095821	1.06586050987244	
0.00491990149021149	0.0504633188247681	-0.204171806573868	1.07302236557007	
0.00487996218726039	0.0517104640603065	-0.285162478685379	1.07165968418121	
0.00423078518360853	0.0520242750644684	-0.362710267305374	1.06091952323914	
0.0028819334693253	0.0516028441488743	-0.436481982469559	1.04079437255859	
0.000934917945414782	0.050617903470993	-0.506398320198059	1.01204347610474	
-0.00139418907929212	0.0491681508719921	-0.572496116161346	0.975972592830658	
-0.00386622850783169	0.0472639352083206	-0.634801805019379	0.934129774570465	
-0.00630221841856837	0.0448439754545689	-0.693239152431488	0.887987613677979	
-0.00864017754793167	0.0418174751102924	-0.74758505821228	0.83868408203125	
-0.0109547087922692	0.0381193347275257	-0.797473788261414	0.78687572479248	
-0.0134375989437103	0.0337633788585663	-0.842441260814667	0.732731342315674	
-0.0163463726639748	0.0288790874183178	-0.881990492343903	0.676059544086456	
-0.0199342984706163	0.0237210001796484	-0.915660381317139	0.616535484790802	
-0.0243786722421646	0.0186461675912142	-0.943078339099884	0.553967535495758	
-0.0297237019985914	0.0140622314065695	-0.963985502719879	0.488538086414337	
-0.0358505137264729	0.0103555675595999	-0.978231191635132	0.420956909656525	
-0.0424805656075478	0.00781397055834532	-0.98574161529541	0.352487832307816	
-0.0492115952074528	0.00656034564599395	-0.986475765705109	0.284835934638977	
-0.05557856336236	0.00651257345452905	-0.980383574962616	0.219916224479675	
-0.0611274503171444	0.00738005805760622	-0.967382729053497	0.159551382064819	
-0.0654875040054321	0.0087004704400897	-0.947365403175354	0.105164386332035	
-0.0684286653995514	0.00991215836256742	-0.920237421989441	0.0575346574187279	
-0.0698942467570305	0.0104502085596323	-0.885986685752869	0.016675092279911	
-0.0700040087103844	0.00984879489988089	-0.844766914844513	-0.0181371085345745	
-0.0690287202596664	0.0078302901238203	-0.796979248523712	-0.0481750071048737	
-0.0673421770334244	0.00436331192031503	-0.743331849575043	-0.0749543160200119	
-0.0653603225946426	-0.000322884065099061	-0.684860706329346	-0.09986312687397	
-0.0634785443544388	-0.0057723131030798	-0.622901082038879	-0.123804122209549	
-0.0620175153017044	-0.0113799897953868	-0.559007942676544	-0.146924406290054	
-0.0611853078007698	-0.0165003929287195	-0.494834184646606	-0.168493047356606	
-0.0610600039362907	-0.0205672215670347	-0.431982427835464	-0.186957955360413	
-0.0615928806364536	-0.0232021417468786	-0.371853828430176	-0.200178951025009	
-0.0626290068030357	-0.0242916457355022	-0.31551656126976	-0.205797985196114	
-0.0639396235346794	-0.0240164436399937	-0.263615697622299	-0.201679542660713	
-0.0652599260210991	-0.0228264313191175	-0.216337621212006	-0.186338260769844	
-0.066326230764389	-0.0213643182069063	-0.173434346914291	-0.159271568059921	
-0.0669078230857849	-0.0203507617115974	-0.134301573038101	-0.121131628751755	
-0.0668309181928635	-0.0204514842480421	-0.0980964750051498	-0.0737005695700645	
-0.0659937262535095	-0.0221506971865892	-0.0638747364282608	-0.0196699630469084	
0.064373180270195	0.0256545972079039	0.0307241920381784	-0.0377377904951572	
0.0620243288576603	0.0308435391634703	-0.00212534889578819	-0.0952384918928146	
0.0590736977756023	0.0372828468680382	-0.035230927169323	-0.149961188435555	
0.0557071752846241	0.0442914254963398	-0.0689105018973351	-0.199844285845757	
0.0521528720855713	0.0510565750300884	-0.103260226547718	-0.243882924318314	
0.0486590452492237	0.0567745715379715	-0.138204947113991	-0.282187074422836	
0.0454676561057568	0.0607915185391903	-0.173566982150078	-0.315844595432281	
0.04278514534235	0.0627185255289078	-0.20913627743721	-0.346621006727219	
0.0407532267272472	0.0624997019767761	-0.244726777076721	-0.376556098461151	
0.0394238270819187	0.060419961810112	-0.280209183692932	-0.407535076141357	
0.0387430675327778	0.0570507645606995	-0.315516173839569	-0.440914571285248	
0.0385489240288734	0.053143285214901	-0.350624054670334	-0.477268815040588	
0.0385858863592148	0.0494885332882404	-0.38551926612854	-0.516297519207001	
0.0385373383760452	0.0467701144516468	-0.420162886381149	-0.556902945041656	
0.0380731262266636	0.045436929911375	-0.454464763402939	-0.597411513328552	
0.0369062162935734	0.045619573444128	-0.488277286291122	-0.635888993740082	
0.034849539399147	0.047106109559536	-0.521412253379822	-0.670481860637665	
0.0318626575171947	0.0493819676339626	-0.553678929805756	-0.699716985225677	
0.0280781723558903	0.0517267137765884	-0.584935128688812	-0.722704350948334	
0.0238005686551332	0.0533497668802738	-0.615137815475464	-0.739207804203033	
0.0194743815809488	0.0535398982465267	-0.644380748271942	-0.749581158161163	
0.0156242735683918	0.0518005415797234	-0.672906279563904	-0.754591464996338	
0.0127752078697085	0.0479457303881645	-0.701084733009338	-0.755175352096558	
0.0113655403256416	0.0421386212110519	-0.72936075925827	-0.75218403339386	
0.0116684176027775	0.0348654091358185	-0.758173644542694	-0.746173739433289	
0.0137364845722914	0.02684953995049	-0.787865400314331	-0.737282991409302	
0.0173816680908203	0.0189222227782011	-0.818593204021454	-0.725219428539276	
0.022195877507329	0.0118735088035464	-0.850263833999634	-0.709352016448975	
0.0276110209524632	0.00631176400929689	-0.882505238056183	-0.688883543014526	
0.032989077270031	0.00255770003423095	-0.914682805538177	-0.663058936595917	
0.0377267375588417	0.000592542986851186	-0.945960521697998	-0.631362557411194	
0.0413555540144444	6.9614608946722E-5	-0.975398898124695	-0.593658089637756	
0.0436185449361801	0.000386570434784517	-1.00207245349884	-0.550242722034454	
0.0445081703364849	0.000804060255177319	-1.02518689632416	-0.501805901527405	
0.0442575626075268	0.000587843416724354	-1.04417526721954	-0.449305355548859	
0.0432859882712364	-0.000852924189530313	-1.05875265598297	-0.393792033195496	
0.0421087667346001	-0.00385758117772639	-1.06892156600952	-0.33622607588768	
0.0412293113768101	-0.00845636613667011	-1.07492256164551	-0.277326822280884	
0.0410353280603886	-0.0143737373873591	-1.07714068889618	-0.217490509152412	
0.0417209453880787	-0.0210910271853209	-1.07598292827606	-0.156793296337128	
0.0432518310844898	-0.027955200523138	-1.07174921035767	-0.0950757637619972	
0.04538194835186	-0.034311331808567	-1.06452238559723	-0.0320863276720047	
0.0477196499705315	-0.0396316796541214	-1.05409824848175	0.0323529280722141	
0.0498301312327385	-0.0436147600412369	-1.03997218608856	0.0981994122266769	
0.0513524673879147	-0.0462337136268616	-1.02138721942902	0.165098041296005	
0.0521048754453659	-0.0477232336997986	-0.997440934181213	0.232366234064102	
0.0521527230739594	-0.0485068336129189	-0.96723461151123	0.299058079719543	
0.0518199242651463	-0.049078393727541	-0.930042862892151	0.364089787006378	
0.0516353696584702	-0.0498619973659515	-0.885476648807526	0.426392167806625	
0.0522194355726242	-0.0510793589055538	-0.833611726760864	0.485047936439514	
0.0541290640830994	-0.0526540651917458	-0.775061070919037	0.539375126361847	
0.0576907023787498	-0.0541759133338928	-0.710974812507629	0.588929831981659	
0.0628558769822121	-0.0549378395080566	-0.642964959144592	0.633424997329712	
0.0691131055355072	-0.0540444478392601	-0.572960495948792	0.672582626342773	
0.0754817724227905	-0.0505768582224846	-0.503010272979736	0.705961525440216	
0.0805998593568802	-0.0437868535518646	-0.435058951377869	0.732812464237213	
0.0828998759388924	-0.0332857742905617	-0.370724856853485	0.752015650272369	
0.0808499753475189	-0.0191921778023243	-0.311110734939575	0.762140274047852	
0.0732223317027092	-0.002207389799878	-0.256673008203506	0.761641263961792	
0.0593426339328289	0.0164011251181364	-0.207170382142067	0.749176919460297	
0.0392740219831467	0.0349136777222157	-0.161701649427414	0.723995625972748	
0.0138972792774439	0.0513581596314907	-0.118833050131798	0.686315774917603	
-0.0151352137327194	0.0637690648436546	-0.0768040269613266	0.637609124183655	
-0.0455729737877846	0.0704678222537041	-0.0337905324995518	0.580704271793365	
-0.0748473852872849	0.0703211352229118	0.011802701279521	0.519650518894196	
-0.100417234003544	0.0629358142614365	0.0610548034310341	0.45932412147522	
-0.120125614106655	0.0487571507692337	0.114281810820103	0.404808431863785	
-0.13250969350338	0.029052160680294	0.170863762497902	0.360628575086594	
-0.137010842561722	0.0057765762321651	0.229173809289932	0.329962015151978	
-0.134048104286194	-0.0186575558036566	0.286628097295761	0.31396695971489	
-0.124940566718578	-0.0416811034083366	0.339863210916519	0.311365455389023	
-0.111689686775208	-0.0608908236026764	0.385033637285233	0.31838795542717	
-0.0966571271419525	-0.074349083006382	0.418206661939621	0.329131454229355	
-0.0821918770670891	-0.0808168053627014	0.435818582773209	0.336315244436264	
-0.0702696293592453	-0.0798864215612411	0.435143381357193	0.33234566450119	
-0.0622055195271969	-0.0719968974590302	0.414719074964523	0.310539573431015	
-0.058488417416811	-0.0583311468362808	0.374674946069717	0.266315937042236	
-0.0587634667754173	-0.0406137034296989	0.31690901517868	0.198156028985977	
-0.0619629696011543	-0.0208414867520332	0.245077967643738	0.108156278729439	
-0.066559299826622	-0.000989914638921618	0.164381608366966	0.00205615488812327	
-0.0708915218710899	0.0172606110572815	0.0811476930975914	-0.111297741532326	
-0.0735044032335281	0.0327371060848236	0.0022498092148453	-0.220998555421829	
-0.0734366178512573	0.0448950156569481	-0.0655851438641548	-0.315498441457748	
-0.0704048275947571	0.0538325272500515	-0.116503298282623	-0.384195327758789	
-0.0648499056696892	0.0601999275386333	-0.146196737885475	-0.418947845697403	
-0.0578377805650234	0.0650220438838005	-0.152435913681984	-0.415283530950546	
-0.0508345775306225	0.0694651678204536	-0.135386422276497	-0.373108446598053	
-0.0453999638557434	0.074587769806385	-0.0976584404706955	-0.296802312135696	
-0.0428580082952976	0.0811163932085037	-0.044069666415453	-0.194678708910942	
-0.0440097562968731	0.0892831683158875	0.0188606753945351	-0.0778901427984238	
0.0446411743760109	-0.0919471085071564	-0.0173132680356503	0.0747267529368401	
0.0494535155594349	-0.101010255515575	-0.0819603204727173	-0.0445162020623684	
0.0574413202702999	-0.110385179519653	-0.14082308113575	-0.153389289975166	
0.067266047000885	-0.118842557072639	-0.187009051442146	-0.241533815860748	
0.0771375149488449	-0.124946728348732	-0.215136021375656	-0.301715284585953	
0.0851386561989784	-0.127290070056915	-0.221921876072884	-0.330565929412842	
0.0895858630537987	-0.124736122786999	-0.20650427043438	-0.328738689422607	
0.0893577337265015	-0.116634152829647	-0.17044734954834	-0.30047795176506	
0.0841293260455132	-0.102971881628036	-0.117436029016972	-0.252704709768295	
0.0744656845927238	-0.0844416543841362	-0.0527020990848541	-0.193787291646004	
0.0617532879114151	-0.0624077245593071	0.0177351292222738	-0.132209911942482	
0.0479774959385395	-0.0387759804725647	0.0879045501351357	-0.0753554850816727	
0.0353827141225338	-0.0157814845442772	0.152675971388817	-0.0285868719220161	
0.0260738115757704	0.00427929358556867	0.208397746086121	0.00525215407833457	
0.0216293688863516	0.019336661323905	0.253291487693787	0.0258740112185478	
0.0227964706718922	0.0278179813176394	0.287553191184998	0.0351628363132477	
0.0293234568089247	0.0288636889308691	0.313155502080917	0.0364787057042122	
0.039963498711586	0.0224592965096235	0.333390146493912	0.0338066779077053	
0.0526522547006607	0.00946440920233727	0.352228850126266	0.0309215094894171	
0.064832367002964	-0.00846700556576252	0.373606592416763	0.030721340328455	
0.0738717019557953	-0.0290666632354259	0.400740563869476	0.0348388142883778	
0.0775053799152374	-0.0497108399868011	0.435589075088501	0.0435758233070374	
0.0742271840572357	-0.067726194858551	0.478530466556549	0.0561411343514919	
0.0635639876127243	-0.0807043835520744	0.528304636478424	0.0711112916469574	
0.0461864061653614	-0.0867859870195389	0.582217454910278	0.0869956836104393	
0.0238366853445768	-0.0848781690001488	0.636566162109375	0.102772772312164	
-0.000914936128538102	-0.0747788771986961	0.687211275100708	0.118278317153454	
-0.0250455364584923	-0.057192575186491	0.730197966098785	0.134363174438477	
-0.0455254539847374	-0.0336364842951298	0.762327611446381	0.152790799736977	
-0.0597630888223648	-0.00625043688341975	0.781590044498444	0.175900429487228	
-0.0659782811999321	0.0224641505628824	0.787393927574158	0.206111386418343	
-0.0634471476078033	0.0499419532716274	0.780567646026611	0.245375722646713	
-0.0525835268199444	0.0738495364785194	0.763140559196472	0.294695943593979	
-0.0348495356738567	0.0923418700695038	0.737950205802917	0.353809833526611	
-0.012515458278358	0.104248359799385	0.708146810531616	0.421109288930893	
0.0116876913234591	0.109167203307152	0.676678836345673	0.493812173604965	
0.0349642969667912	0.1074603125453	0.645843982696533	0.568355083465576	
0.0548356883227825	0.100154101848602	0.616972267627716	0.640931606292725	
0.0694496557116508	0.0887646079063416	0.590285420417786	0.70807272195816	
0.0777754783630371	0.0750744715332985	0.564943730831146	0.767159283161163	
0.0796631798148155	0.0608947388827801	0.539260864257813	0.816771030426025	
0.075768955051899	0.0478445440530777	0.511041104793549	0.856811761856079	
0.0673701241612434	0.0371773540973663	0.477976888418198	0.88839203119278	
0.0561087802052498	0.0296735689043999	0.438037604093552	0.913500666618347	
0.0437115877866745	0.0256083477288485	0.389789491891861	0.9345343708992	
0.0317324586212635	0.024791743606329	0.332599937915802	0.953779876232147	
0.0213566105812788	0.0266674999147654	0.266704380512238	0.972948372364044	
0.0132901817560196	0.0304492153227329	0.193137556314468	0.992849886417389	
0.00774250365793705	0.0352686867117882	0.113553136587143	1.01326060295105	
0.00449152663350105	0.0403118543326855	0.0299730524420738	1.03300082683563	
0.00300954864360392	0.0449222810566425	-0.0554856099188328	1.05019509792328	
0.00261853495612741	0.0486598163843155	-0.14085890352726	1.06265509128571	
0.00264285132288933	0.0513111054897308	-0.22452200949192	1.06830072402954	
0.00253179622814059	0.0528577268123627	-0.305290758609772	1.06553709506989	
0.00193353497888893	0.0534147992730141	-0.382433742284775	1.05351150035858	
0.000713728892151266	0.0531571507453918	-0.455607503652573	1.03221070766449	
-0.00107615976594388	0.0522507354617119	-0.524738490581512	1.00238645076752	
-0.00326644070446491	0.0508039817214012	-0.589883506298065	0.965340733528137	
-0.00565261160954833	0.0488480962812901	-0.651099026203156	0.922622740268707	
-0.00807360373437405	0.0463480651378632	-0.708343803882599	0.875712990760803	
-0.0104672405868769	0.04323885217309	-0.761429369449615	0.82576185464859	
-0.0128920283168554	0.0394756533205509	-0.810020327568054	0.773440957069397	
-0.0155127653852105	0.0350838638842106	-0.853675425052643	0.718932569026947	
-0.0185557268559933	0.0301945991814137	-0.891913115978241	0.662054538726807	
-0.0222454853355885	0.0250549670308828	-0.924281001091003	0.602484405040741	
-0.026738878339529	0.0200080201029778	-0.950411021709442	0.540025234222412	
-0.0320714265108109	0.0154443038627505	-0.970048010349274	0.474846810102463	
-0.0381282232701778	0.0117336977273226	-0.983047187328339	0.407641470432281	
-0.0446456000208855	0.00915128365159035	-0.989345014095306	0.33965328335762	
-0.0512432903051376	0.00781319662928581	-0.988915860652924	0.272568494081497	
-0.0574804395437241	0.00763732148334384	-0.981729745864868	0.208286508917809	
-0.0629243850708008	0.00833936408162117	-0.967727243900299	0.148619279265404	
-0.0672188922762871	0.00946803670376539	-0.946822881698608	0.094983845949173	
-0.0701392590999603	0.0104752518236637	-0.9189413189888	0.0481570661067963	
-0.0716246739029884	0.0108098099008203	-0.884082615375519	0.00815028697252274	
-0.0717830806970596	0.0100176520645618	-0.842403769493103	-0.02576276473701	
-0.0708688795566559	0.00782951340079308	-0.794299423694611	-0.0548631995916367	
-0.0692389160394669	0.00421833898872137	-0.740462481975555	-0.0806810855865479	
-0.0672953501343727	-0.000586149864830077	-0.681906223297119	-0.104625508189201	
-0.0654258504509926	-0.006130525842309	-0.619939208030701	-0.12762551009655	
-0.0639507621526718	-0.0118141490966082	-0.556088984012604	-0.149857223033905	
-0.0630849301815033	-0.0169963035732508	-0.491983592510223	-0.17061759531498	
-0.0629184022545815	-0.0211148075759411	-0.429206043481827	-0.188377469778061	
-0.0634166821837425	-0.0237940270453691	-0.369144767522812	-0.20101098716259	
-0.0644379109144211	-0.0249214507639408	-0.312862545251846	-0.206163763999939	
-0.0657622292637825	-0.0246773082762957	-0.261005461215973	-0.20169273018837	
-0.0671274438500404	-0.0235101003199816	-0.213765621185303	-0.186095237731934	
-0.0682654306292534	-0.0220609754323959	-0.170902714133263	-0.158844918012619	
-0.0689347609877586	-0.0210496168583632	-0.131819665431976	-0.120567925274372	
-0.0689466148614883	-0.021141916513443	-0.0956778973340988	-0.0730229467153549	
-0.0681827217340469	-0.0228236764669418	-0.0615326724946499	-0.0188849326223135	
0.0666051506996155	0.0263040065765381	0.0284659080207348	-0.0386306196451187	
0.0642584040760994	0.0314670987427235	-0.00430388143286109	-0.0962355956435204	
0.0612645596265793	0.0378823801875114	-0.0373492836952209	-0.151045352220535	
0.0578118152916431	0.0448723547160625	-0.071006290614605	-0.200977638363838	
0.0541366785764694	0.0516266375780106	-0.105389326810837	-0.245004341006279	
0.0505002625286579	0.0573419779539108	-0.140439435839653	-0.283214122056961	
0.047159556299448	0.0613627582788467	-0.175991028547287	-0.316679984331131	
0.0443357862532139	0.0632961839437485	-0.211840331554413	-0.347161859273911	
0.0421831011772156	0.0630806386470795	-0.247801035642624	-0.376704543828964	
0.0407621487975121	0.0609942004084587	-0.283736824989319	-0.407207995653152	
0.0400235429406166	0.0576013587415218	-0.319567412137985	-0.44005012512207	
0.0398058369755745	0.0536473132669926	-0.355251401662827	-0.475829213857651	
0.0398511104285717	0.049919243901968	-0.390754818916321	-0.514266669750214	
0.0398385748267174	0.0471000783145428	-0.426017612218857	-0.554279863834381	
0.0394332334399223	0.0456418879330158	-0.460929989814758	-0.594201028347015	
0.0383432470262051	0.0456825122237206	-0.495328068733215	-0.632090866565704	
0.0363769605755806	0.0470210015773773	-0.529012024402618	-0.666081309318542	
0.0334891453385353	0.0491565614938736	-0.561785042285919	-0.694678843021393	
0.0298067275434732	0.0513837747275829	-0.593503654003143	-0.716970801353455	
0.0256268475204706	0.0529263876378536	-0.624127984046936	-0.732702434062958	
0.0213846266269684	0.0530845895409584	-0.653757274150848	-0.742217183113098	
0.0175934098660946	0.0513683073222637	-0.682639360427856	-0.74628347158432	
0.0147659005597234	0.0475914739072323	-0.711147725582123	-0.745852053165436	
0.0133289219811559	0.0419097393751144	-0.739725410938263	-0.741800427436829	
0.0135469445958734	0.0347945727407932	-0.768804013729095	-0.734718978404999	
0.0154689773917198	0.0269487909972668	-0.798710525035858	-0.724783778190613	
0.018910089507699	0.0191794969141483	-0.82958060503006	-0.711736977100372	
0.0234729219228029	0.0122523857280612	-0.861294686794281	-0.694973707199097	
0.0286072641611099	0.00675485702231526	-0.893452346324921	-0.673709988594055	
0.0336983539164066	0.00299350940622389	-0.925392270088196	-0.647189378738403	
0.0381685495376587	0.000945021281950176	-0.956257581710815	-0.614880621433258	
0.0415737293660641	0.000269150536041707	-0.985097050666809	-0.576621055603027	
0.0436760820448399	0.000380740559194237	-1.01098549365997	-0.53267627954483	
0.0444787591695786	0.00056638295063749	-1.03314220905304	-0.483705371618271	
0.0442150682210922	0.000122958532301709	-1.05102646350861	-0.430643707513809	
0.0432935170829296	-0.00150874385144562	-1.06438982486725	-0.374533534049988	
0.042209193110466	-0.0046409610658884	-1.07327723503113	-0.316343158483505	
0.0414389036595821	-0.00928593426942825	-1.07797336578369	-0.256817549467087	
0.0413416884839535	-0.015162505209446	-1.07890272140503	-0.196393623948097	
0.0420856289565563	-0.0217600949108601	-1.07650291919708	-0.135198265314102	
0.0436173118650913	-0.0284464787691832	-1.07109236717224	-0.073125809431076	
0.045681644231081	-0.0345970280468464	-1.06275880336761	-0.00997394695878029	
0.0478892773389816	-0.0397187322378159	-1.0512900352478	0.0543975047767162	
0.0498182699084282	-0.0435432493686676	-1.03616380691528	0.119925051927567	
0.0511283986270428	-0.046069297939539	-1.01660108566284	0.186252325773239	
0.0516622625291348	-0.0475447848439217	-0.991678655147552	0.252714693546295	
0.0515083707869053	-0.048391368240118	-0.960483491420746	0.31840044260025	
0.0510079339146614	-0.0490860529243946	-0.922287583351135	0.382270514965057	
0.0506977662444115	-0.0500239282846451	-0.876713037490845	0.443304240703583	
0.0511951148509979	-0.0513909794390202	-0.823860704898834	0.500629544258118	
0.0530432686209679	-0.0530753284692764	-0.764379918575287	0.553600430488586	
0.0565471723675728	-0.0546388849616051	-0.699463486671448	0.601795852184296	
0.0616334229707718	-0.0553606674075127	-0.630765736103058	0.644936859607697	
0.0677675008773804	-0.0543493404984474	-0.560251235961914	0.682741045951843	
0.0739530250430107	-0.0507089532911777	-0.489991217851639	0.7147536277771	
0.0788237005472183	-0.0437303483486176	-0.421935856342316	0.740209341049194	
0.0808218494057655	-0.0330740176141262	-0.357690840959549	0.757975697517395	
0.0784395560622215	-0.0189093258231878	-0.298329621553421	0.76661890745163	
0.0704847723245621	-0.00198059761896729	-0.244267612695694	0.764605045318604	
0.056326299905777	0.0164183229207993	-0.195217281579971	0.750619530677795	
0.0360718220472336	0.0345644988119602	-0.150233626365662	0.72395271062851	
0.0106415692716837	0.0505085997283459	-0.107848830521107	0.684876322746277	
-0.0182837024331093	0.0623325295746326	-0.0662834048271179	0.634920060634613	
-0.0484408289194107	0.0684239864349365	-0.0237123034894466	0.576967656612396	
-0.0772667229175568	0.0677255690097809	0.021443409845233	0.515112936496735	
-0.102243989706039	0.0599182546138763	0.0702330023050308	0.454258918762207	
-0.121255487203598	0.0455082431435585	0.122935637831688	0.399493217468262	
-0.13288976252079	0.0258004739880562	0.178895473480225	0.355320692062378	
-0.136645510792732	0.00275936000980437	0.236458837985992	0.324875682592392	
-0.132998764514923	-0.0212251804769039	0.293031007051468	0.309254914522171	
-0.123319402337074	-0.043633509427309	0.345257669687271	0.307108044624329	
-0.109648518264294	-0.0621313080191612	0.389323204755783	0.314591348171234	
-0.0943728908896446	-0.0748582035303116	0.421342819929123	0.325735360383987	
-0.0798504427075386	-0.0806483626365662	0.437812626361847	0.333209455013275	
-0.0680497214198112	-0.0791520103812218	0.436070173978806	0.329393088817596	
-0.0602643676102161	-0.0708420127630234	0.414711892604828	0.30760270357132	
-0.0569502003490925	-0.0569071732461452	0.373912006616592	0.263283580541611	
-0.0577114149928093	-0.0390510335564613	0.315593957901001	0.194965615868568	
-0.0614354722201824	-0.0192286558449268	0.243417397141457	0.104809492826462	
-0.0665500313043594	0.000637507357168943	0.162563130259514	-0.00137515808455646	
-0.0713533237576485	0.0189194418489933	0.079322025179863	-0.114676222205162	
-0.0743564888834953	0.0344846285879612	0.000519346154760569	-0.224136263132095	
-0.0745743811130524	0.0468082278966904	-0.0671698451042175	-0.31818026304245	
-0.071711540222168	0.0559828393161297	-0.117939196527004	-0.38620799779892	
-0.0662092417478561	0.0626284927129745	-0.147517651319504	-0.420110434293747	
-0.0591460801661015	0.0677209571003914	-0.153697937726974	-0.415475428104401	
-0.0520116277039051	0.0723685845732689	-0.136652395129204	-0.372290641069412	
-0.0463969558477402	0.0775753408670425	-0.0989844799041748	-0.295028895139694	
-0.0436615683138371	0.0840287581086159	-0.045496016740799	-0.192096680402756	
-0.0446411743760109	0.0919471085071564	0.0173132680356503	-0.0747267529368401	
0.0452182069420815	-0.0944990217685699	-0.0157447662204504	0.0714723244309425	
0.0498980842530727	-0.103126101195812	-0.0802771151065826	-0.0480427928268909	
0.0578187517821789	-0.111954987049103	-0.139030456542969	-0.156878113746643	
0.067647710442543	-0.119828425347805	-0.185114994645119	-0.244685903191566	
0.0775850191712379	-0.125394210219383	-0.213143363595009	-0.304275929927826	
0.0856883376836777	-0.127324610948563	-0.219823136925697	-0.332352370023727	
0.0902361944317818	-0.1245441660285	-0.204280942678452	-0.329658150672913	
0.0900622829794884	-0.11643124371767	-0.168074324727058	-0.300533175468445	
0.0847973451018333	-0.102962963283062	-0.114890351891518	-0.25198620557785	
0.0749713033437729	-0.0847801864147186	-0.0499743930995464	-0.192452803254128	
0.0619530044496059	-0.0631609857082367	0.0206292606890202	-0.130454018712044	
0.0477341897785664	-0.0399032458662987	0.0909161120653152	-0.073373407125473	
0.0345929451286793	-0.0171298254281282	0.155719727277756	-0.0265377219766378	
0.0246942564845085	0.00295969727449119	0.211356624960899	0.0072772977873683	
0.0196977984160185	0.0183590296655893	0.256028443574905	0.02787428162992	
0.0204430092126131	0.0275118313729763	0.289929538965225	0.0372364446520805	
0.0267689637839794	0.0295211747288704	0.315052598714828	0.0388167053461075	
0.037503682076931	0.0242834910750389	0.334731161594391	0.0366720482707024	
0.0506282523274422	0.0125280283391476	0.352996081113815	0.0346161723136902	
0.0635908022522926	-0.00424526957795024	0.37385094165802	0.0355455055832863	
0.0737191662192345	-0.0239236950874329	0.400580018758774	0.0410483740270138	
0.078663632273674	-0.0440173894166946	0.435195535421371	0.0513438731431961	
0.0767957642674446	-0.0619444251060486	0.478105753660202	0.0655292570590973	
0.0674962401390076	-0.0753305032849312	0.528048396110535	0.0820549353957176	
0.0512834526598454	-0.0822862461209297	0.582291662693024	0.0993058979511261	
0.0297612585127354	-0.0816275179386139	0.637061417102814	0.116154365241528	
0.00539438938722014	-0.0730114355683327	0.688120007514954	0.132361903786659	
-0.0188515651971102	-0.0569710657000542	0.731399834156036	0.148746743798256	
-0.0399469472467899	-0.0348450876772404	0.763589382171631	0.167084917426109	
-0.0552413687109947	-0.00861190259456635	0.782580673694611	0.189770758152008	
-0.0628437697887421	0.0193499643355608	0.787713944911957	0.219312593340874	
-0.061881210654974	0.0465439669787884	0.779788434505463	0.257772117853165	
-0.0525996312499046	0.07064388692379	0.760848820209503	0.306266278028488	
-0.0362963564693928	0.089751809835434	0.73379123210907	0.364636093378067	
-0.0151012549176812	0.102594017982483	0.70186060667038	0.431351274251938	
0.00835305079817772	0.108631931245327	0.668124973773956	0.503672242164612	
0.0313159450888634	0.108077347278595	0.635010898113251	0.578038394451141	
0.0512967482209206	0.101814441382885	0.603971719741821	0.650607526302338	
0.0663786977529526	0.0912435054779053	0.575332462787628	0.717843174934387	
0.0754256844520569	0.0780715793371201	0.548326134681702	0.777038037776947	
0.078158400952816	0.064081147313118	0.521302819252014	0.826676428318024	
0.0750992149114609	0.0509094409644604	0.492066770792007	0.86657303571701	
0.0674059689044952	0.0398676171898842	0.458278566598892	0.897767603397369	
0.0566312596201897	0.0318211689591408	0.41785329580307	0.922205328941345	
0.0444522351026535	0.0271428003907204	0.369291305541992	0.942270219326019	
0.0324167460203171	0.0257372204214334	0.311894774436951	0.960266828536987	
0.0217439625412226	0.0271266680210829	0.245845019817352	0.97795045375824	
0.0132048595696688	0.0305776745080948	0.172141060233116	0.996192753314972	
0.00709141883999109	0.0352449417114258	0.0924232974648476	1.01484036445618	
0.00326745468191803	0.04030791670084	0.00872233044356108	1.03278338909149	
0.001280672615394	0.0450793616473675	-0.0768181979656219	1.04820716381073	
0.000507383665535599	0.0490722358226776	-0.1621965020895	1.05897009372711	
0.000299166451441124	0.0520198978483677	-0.245746612548828	1.06302309036255	
0.000104458165878896	0.0538536310195923	-0.326247572898865	1.05878615379333	
-0.000453636603197083	0.0546488463878632	-0.402942001819611	1.04541015625	
-0.00155114918015897	0.0545560419559479	-0.475474834442139	1.02287757396698	
-0.0031853427644819	0.0537337176501751	-0.54377681016922	0.991933941841125	
-0.00523253856226802	0.0522981062531471	-0.607923030853271	0.953877091407776	
-0.00752338580787182	0.0502994433045387	-0.667998611927032	0.910257339477539	
-0.00991587713360786	0.0477274954319	-0.723996639251709	0.862561821937561	
-0.0123491613194346	0.0445420816540718	-0.775763392448425	0.811952948570251	
-0.0148672321811318	0.0407183729112148	-0.822994470596313	0.759116291999817	
-0.0176092982292175	0.0362935401499271	-0.865273296833038	0.704247236251831	
-0.0207713916897774	0.0314009115099907	-0.90213543176651	0.647172749042511	
-0.0245499219745398	0.0262809321284294	-0.933139026165009	0.587572634220123	
-0.029081329703331	0.0212633814662695	-0.957922279834747	0.525244653224945	
-0.034392137080431	0.0167222414165735	-0.976235032081604	0.460346043109894	
-0.0403708554804325	0.0130111249163747	-0.987938821315765	0.39355131983757	
-0.0467680916190147	0.0103923222050071	-0.992980420589447	0.326084136962891	
-0.0532250665128231	0.00897486228495836	-0.991349399089813	0.259610742330551	
-0.0593248009681702	0.00867617130279541	-0.983035266399384	0.196013793349266	
-0.0646559596061707	0.00921779312193394	-0.968000769615173	0.137093082070351	
-0.0688770264387131	0.0101591544225812	-0.946182429790497	0.0842583552002907	
-0.0717690289020538	0.010965634137392	-0.917523562908173	0.0382828488945961	
-0.0732675194740295	0.0110998973250389	-0.882036566734314	-0.000824391550850123	
-0.0734690427780151	0.0101200174540281	-0.839882254600525	-0.0337934382259846	
-0.0726119577884674	0.00776558788493276	-0.79144960641861	-0.0619134046137333	
-0.0710362493991852	0.00401436956599355	-0.737416565418243	-0.0867283940315247	
-0.0691301897168159	-0.000903087202459574	-0.678774237632751	-0.109668076038361	
-0.067273423075676	-0.00653577316552401	-0.616804420948029	-0.131687477231026	
-0.0657855197787285	-0.0122875235974789	-0.553006708621979	-0.152991607785225	
-0.064887635409832	-0.017522806301713	-0.48898309469223	-0.172905549407005	
-0.0646813586354256	-0.0216841176152229	-0.426295578479767	-0.189923524856567	
-0.0651461333036423	-0.0243991073220968	-0.366318166255951	-0.201934903860092	
-0.0661530941724777	-0.0255567636340857	-0.310106635093689	-0.206589907407761	
-0.0674914047122002	-0.0253371056169271	-0.25830665230751	-0.201738953590393	
-0.068901814520359	-0.02418720908463	-0.211114913225174	-0.185862958431244	
-0.0701122209429741	-0.0227463096380234	-0.168298423290253	-0.158412262797356	
-0.0708709359169006	-0.0217325072735548	-0.129267334938049	-0.119987204670906	
-0.0709745660424232	-0.0218111258000135	-0.0931878462433815	-0.0723228305578232	
-0.0702886432409286	-0.0234688464552164	-0.0591156482696533	-0.0180768948048353	
0.0687604546546936	0.0269172005355358	0.0261276364326477	-0.0395427457988262	
0.066423773765564	0.0320440679788589	-0.00656814686954021	-0.0972448661923409	
0.0633958578109741	0.0384232625365257	-0.0395593345165253	-0.152131795883179	
0.0598665922880173	0.0453815869987011	-0.0731998309493065	-0.202101171016693	
0.0560801774263382	0.0521120354533195	-0.107622645795345	-0.246101781725883	
0.0523098558187485	0.0578130334615707	-0.14278569817543	-0.284200936555862	
0.0488270185887814	0.0618284083902836	-0.178536280989647	-0.317456394433975	
0.0458672046661377	0.0637623444199562	-0.214677840471268	-0.347622334957123	
0.0435968041419983	0.0635479316115379	-0.251024425029755	-0.376748204231262	
0.0420852787792683	0.0614563040435314	-0.28743302822113	-0.406748414039612	
0.0412880778312683	0.0580442734062672	-0.323810219764709	-0.439022541046143	
0.0410449281334877	0.0540498942136765	-0.360096246004105	-0.474193036556244	
0.0410962589085102	0.050255075097084	-0.396235585212708	-0.512003660202026	
0.041117899119854	0.0473405905067921	-0.432145714759827	-0.551387786865234	
0.0407707206904888	0.0457604341208935	-0.46769580245018	-0.590683698654175	
0.039758637547493	0.0456589162349701	-0.502704262733459	-0.627947747707367	
0.0378856658935547	0.0468459203839302	-0.536958575248718	-0.661297678947449	
0.0351017601788044	0.0488349050283432	-0.570254981517792	-0.689219236373901	
0.0315277837216854	0.0509365499019623	-0.602448701858521	-0.710777103900909	
0.0274528823792934	0.0523903593420982	-0.633502840995789	-0.72569739818573	
0.0233018733561039	0.0525095276534557	-0.663522481918335	-0.734312534332275	
0.0195758212357759	0.0508118644356728	-0.692761480808258	-0.737391829490662	
0.0167742241173983	0.0471121929585934	-0.721596896648407	-0.735900282859802	
0.0153116043657064	0.041559025645256	-0.750470578670502	-0.730741500854492	
0.015443260781467	0.0346087962388992	-0.77980625629425	-0.72254091501236	
0.0172144323587418	0.0269427634775639	-0.809915721416473	-0.711512923240662	
0.0204435680061579	0.0193425361067057	-0.840912580490112	-0.69743549823761	
0.0247446373105049	0.012547891587019	-0.87265020608902	-0.679731070995331	
0.029586186632514	0.00712380232289433	-0.904698967933655	-0.657630264759064	
0.0343777313828468	0.00336168520152569	-0.936370372772217	-0.630376160144806	
0.0385683141648769	0.0012331975158304	-0.966786086559296	-0.597422659397125	
0.0417390428483486	0.000404753460315987	-0.994983077049255	-0.558581113815308	
0.0436718761920929	0.000309259252389893	-1.02003681659698	-0.514085412025452	
0.0443809293210506	0.000260615313891321	-1.04118084907532	-0.464564085006714	
0.0440995432436466	-0.000411578483181074	-1.05790138244629	-0.410929977893829	
0.0432249940931797	-0.00223338301293552	-1.06998789310455	-0.354216277599335	
0.0422313585877419	-0.00548879988491535	-1.07752895355225	-0.295399516820908	
0.0415679551661015	-0.0101715615019202	-1.08085429668427	-0.2352504581213	
0.0415642447769642	-0.0159951262176037	-1.08042895793915	-0.174247264862061	
0.0423615500330925	-0.0224579814821482	-1.07672226428986	-0.11256805062294	
0.0438869222998619	-0.0289502833038568	-1.07007145881653	-0.0501615703105927	
0.0458761602640152	-0.0348796062171459	-1.06056940555573	0.0131247313693166	
0.0479425191879272	-0.0397895984351635	-1.0479964017868	0.0773931294679642	
0.0496776066720486	-0.0434466637670994	-1.03181302547455	0.142559483647346	
0.0507628470659256	-0.045876108109951	-1.01121842861176	0.208266794681549	
0.051066268235445	-0.0473392754793167	-0.985268712043762	0.273869544267654	
0.0507005862891674	-0.048255380243063	-0.953037202358246	0.338491499423981	
0.0500252060592175	-0.0490832291543484	-0.913793921470642	0.401139855384827	
0.0495855137705803	-0.0501870773732662	-0.86717277765274	0.460843861103058	
0.0499959662556648	-0.051715150475502	-0.813300788402557	0.51677793264389	
0.0517862215638161	-0.0535181649029255	-0.752864241600037	0.568332672119141	
0.0552394911646843	-0.0551286712288857	-0.687099456787109	0.615110337734222	
0.0602570027112961	-0.0558109171688557	-0.617703914642334	0.656840324401855	
0.0662807002663612	-0.0546775609254837	-0.546678125858307	0.693235397338867	
0.0722978785634041	-0.0508562251925468	-0.476116180419922	0.723827362060547	
0.0769375711679459	-0.043678030371666	-0.407973915338516	0.747834444046021	
0.0786515399813652	-0.0328541956841946	-0.343844056129456	0.764111816883087	
0.0759555473923683	-0.0186064969748259	-0.284770488739014	0.771223247051239	
0.0676931142807007	-0.00172363198362291	-0.231126889586449	0.767646849155426	
0.0532759353518486	0.0164732541888952	-0.182578459382057	0.752096176147461	
0.0328559055924416	0.0342576317489147	-0.138135299086571	0.723904728889465	
0.00739226583391428	0.0497032068669796	-0.0962940454483032	0.683398127555847	
-0.0214064382016659	0.0609400197863579	-0.0552547387778759	0.632164657115936	
-0.0512650571763515	0.0664230734109879	-0.0131896967068315	0.573143124580383	
-0.0796267613768578	0.0651719495654106	0.0314652658998966	0.510470926761627	
-0.103998586535454	0.0569426976144314	0.0797310322523117	0.44907683134079	
-0.122303627431393	0.0423029698431492	0.131851136684418	0.394051015377045	
-0.133181929588318	0.0225956849753857	0.187134772539139	0.349876672029495	
-0.136189267039299	-0.000206488315598108	0.243902087211609	0.319643706083298	
-0.131858110427856	-0.0237365737557411	0.299547672271729	0.304386764764786	
-0.121608197689056	-0.0455254577100277	0.350726306438446	0.302683264017105	
-0.107519254088402	-0.0633087828755379	0.393651932477951	0.310616254806519	
-0.0920021161437035	-0.075304239988327	0.424487233161926	0.322151660919189	
-0.0774228051304817	-0.0804196745157242	0.439787626266479	0.32991099357605	
-0.0657422840595245	-0.0783630535006523	0.436953961849213	0.326249122619629	
-0.0582326501607895	-0.0696405917406082	0.414640754461288	0.304484158754349	
-0.0553171634674072	-0.0554460808634758	0.373067229986191	0.260088592767715	
-0.0565599538385868	-0.0374609939754009	0.314182460308075	0.191641241312027	
-0.0608047731220722	-0.0175974778831005	0.241649270057678	0.101365797221661	
-0.0664357170462608	0.00227573956362903	0.160629868507385	-0.00486024981364608	
-0.0717111378908157	0.0205833371728659	0.0773784965276718	-0.118062511086464	
-0.0751089826226234	0.0362329930067062	-0.00132780999410897	-0.227236732840538	
-0.0756202042102814	0.0487187467515469	-0.0688659623265266	-0.320784538984299	
-0.0729364082217216	0.0581263042986393	-0.119477584958076	-0.388110756874084	
-0.0674979463219643	0.0650439187884331	-0.148929178714752	-0.421141088008881	
-0.0603943541646004	0.070396788418293	-0.155036643147469	-0.415524691343307	
-0.053136833012104	0.0752341970801353	-0.137980133295059	-0.371330767869949	
-0.0473462976515293	0.0805050283670425	-0.100357428193092	-0.293123811483383	
-0.0444166883826256	0.0868581011891365	-0.0469554476439953	-0.189400851726532	
-0.0452182069420815	0.0944990217685699	0.0157447662204504	-0.0714723244309425	
0.0457401461899281	-0.0969358012080193	-0.0141570819541812	0.0681308209896088	
0.0502778962254524	-0.105097807943821	-0.078584797680378	-0.0516296587884426	
0.0581187456846237	-0.113352574408054	-0.137235850095749	-0.160400941967964	
0.0679383873939514	-0.120617799460888	-0.183222845196724	-0.247847780585289	
0.0779296606779099	-0.125627711415291	-0.211153090000153	-0.306824892759323	
0.0861273407936096	-0.127137064933777	-0.217723727226257	-0.334108114242554	
0.0907739996910095	-0.124133184552193	-0.202050372958183	-0.330529481172562	
0.090659387409687	-0.116024427115917	-0.165683940052986	-0.300523310899734	
0.085369698703289	-0.102776885032654	-0.112313769757748	-0.251185089349747	
0.0753982588648796	-0.0849782526493073	-0.0471991859376431	-0.191017106175423	
0.0620937198400497	-0.0638175457715988	0.0235898979008198	-0.128577366471291	
0.0474509112536907	-0.040980838239193	0.094014473259449	-0.0712510347366333	
0.0337780751287937	-0.0184743665158749	0.158870220184326	-0.0243301577866077	
0.0232971888035536	0.00160373619291931	0.214439645409584	0.00947587285190821	
0.0177468378096819	0.0173147842288017	0.25890189409256	0.0300584957003593	
0.0180580522865057	0.0271221157163382	0.29244676232338	0.0394992865622044	
0.02416155859828	0.030093589797616	0.317084431648254	0.0413443520665169	
0.0349628068506718	0.0260371696203947	0.336187958717346	0.0397242158651352	
0.0484922714531422	0.0155506990849972	0.353846043348312	0.0384943038225174	
0.0622083954513073	-2.26068714255234E-5	0.374130606651306	0.0405530147254467	
0.0734039470553398	-0.018729742616415	0.400394290685654	0.0474483519792557	
0.0796487554907799	-0.0382198914885521	0.434705972671509	0.059320293366909	
0.0791951715946198	-0.0560082457959652	0.477507680654526	0.0751572102308273	
0.071278803050518	-0.0697602108120918	0.527539849281311	0.0932843238115311	
0.0562647581100464	-0.0775613933801651	0.582038104534149	0.111961163580418	
0.035615261644125	-0.0781401246786118	0.637161791324615	0.129950448870659	
0.011684468947351	-0.0710147097706795	0.688579261302948	0.146934375166893	
-0.0126256085932255	-0.0565469078719616	0.732112526893616	0.163691997528076	
-0.0342919304966927	-0.0358949191868305	0.764337480068207	0.182004794478416	
-0.0506114028394222	-0.0108719291165471	0.783047080039978	0.204315409064293	
-0.0595867410302162	0.0162716526538134	0.787509620189667	0.233215570449829	
-0.0601985640823841	0.0431141816079617	0.778490424156189	0.270873069763184	
-0.0525251217186451	0.0673429667949677	0.758043646812439	0.318518221378326	
-0.0376966223120689	0.0870130062103271	0.729118168354034	0.3760966360569	
-0.017698036506772	0.100752122700214	0.695048749446869	0.44215977191925	
0.00494251446798444	0.107887879014015	0.659019291400909	0.514016270637512	
0.0275263078510761	0.108482919633389	0.623583912849426	0.588114738464355	
0.0475574284791946	0.103278048336506	0.590319871902466	0.660584032535553	
0.063060387969017	0.0935547947883606	0.559658467769623	0.727825999259949	
0.0727978423237801	0.0809401422739029	0.530910134315491	0.787049531936646	
0.0763631984591484	0.067182645201683	0.502467334270477	0.836645781993866	
0.0741447657346725	0.0539321042597294	0.472140699625015	0.876340568065643	
0.0671785995364189	0.0425522662699223	0.43756502866745	0.907101333141327	
0.0569238029420376	0.0339897572994232	0.396605670452118	0.930826425552368	
0.045003067702055	0.0287123136222363	0.347700476646423	0.94988340139389	
0.0329528972506523	0.0267185065895319	0.290087580680847	0.966591000556946	
0.0220215860754251	0.0276099424809217	0.223893240094185	0.982744932174683	
0.0130411339923739	0.0307083837687969	0.150078445672989	0.999276578426361	
0.00638378318399191	0.0351947322487831	0.0702666789293289	1.01610243320465	
0.00199841777794063	0.0402457155287266	-0.0135070756077766	1.03218269348145	
-0.000491128826979548	0.0451470054686069	-0.0990767329931259	1.04576563835144	
-0.00165224389638752	0.0493678376078606	-0.184406191110611	1.0547593832016	
-0.00210337433964014	0.0525905378162861	-0.267790794372559	1.05714857578278	
-0.00239386968314648	0.054697260260582	-0.347974121570587	1.05137169361115	
-0.00292278360575438	0.0557237863540649	-0.424172729253769	1.03658509254456	
-0.00390550517477095	0.0557954050600529	-0.496019244194031	1.01276922225952	
-0.00538651878014207	0.055061612278223	-0.563447117805481	0.980664432048798	
-0.00728758657351136	0.0536445789039135	-0.626548111438751	0.941564440727234	
-0.00947481673210859	0.0516117252409458	-0.685434699058533	0.897020220756531	
-0.0118262628093362	0.0489760860800743	-0.740133345127106	0.848525106906891	
-0.0142838275060058	0.0457213148474693	-0.790525138378143	0.797252237796783	
-0.0168785583227873	0.0418421179056168	-0.836337387561798	0.743900537490845	
-0.0197254940867424	0.0373875312507153	-0.877179324626923	0.68867814540863	
-0.0229915045201778	0.0324936173856258	-0.91260552406311	0.631420612335205	
-0.0268454663455486	0.0273948535323143	-0.94218635559082	0.571809947490692	
-0.0314035825431347	0.0224084630608559	-0.965568006038666	0.509638607501984	
-0.0366831310093403	0.0178924072533846	-0.982506275177002	0.445051163434982	
-0.0425755493342876	0.0141843091696501	-0.992869853973389	0.378703832626343	
-0.0488451384007931	0.0115336356684566	-0.996615886688232	0.311799168586731	
-0.05515406280756	0.0100420312955976	-0.993748605251312	0.245982512831688	
-0.0611088871955872	0.00962602999061346	-0.984276473522186	0.183118402957916	
-0.06631950289011	0.0100125716999173	-0.968183636665344	0.124993182718754	
-0.0704592764377594	0.0107714701443911	-0.945428133010864	0.0730080157518387	
-0.0733153149485588	0.0113814454525709	-0.91597181558609	0.0279314666986465	
-0.0748200118541718	0.011319144628942	-0.879839479923248	-0.0102304043248296	
-0.0750589594244957	0.0101551003754139	-0.837196230888367	-0.0422117561101913	
-0.0742547959089279	0.00763821601867676	-0.788425922393799	-0.0693096071481705	
-0.0727308318018913	0.00375153077766299	-0.734192192554474	-0.0930817425251007	
-0.0708613842725754	-0.00127322971820831	-0.675464451313019	-0.114977933466434	
-0.0690177753567696	-0.00698733748868108	-0.613497614860535	-0.135978817939758	
-0.0675184354186058	-0.0127992248162627	-0.549762725830078	-0.156318068504333	
-0.0665902867913246	-0.0180789101868868	-0.485834896564484	-0.17534901201725	
-0.0663460418581963	-0.0222740918397903	-0.423253655433655	-0.191589802503586	
-0.0667787343263626	-0.0250162873417139	-0.363377064466476	-0.20294576883316	
-0.0677723735570908	-0.0261964704841375	-0.307252109050751	-0.207072764635086	
-0.0691252201795578	-0.0259947180747986	-0.255522698163986	-0.201815634965897	
-0.0705812349915504	-0.0248566474765539	-0.208389073610306	-0.185639753937721	
-0.0718647539615631	-0.0234192442148924	-0.165625035762787	-0.157972753047943	
-0.0727143585681915	-0.0223984215408564	-0.126648038625717	-0.119389317929745	
-0.0729125216603279	-0.0224581975489855	-0.0906295925378799	-0.0716006606817245	
-0.0723089352250099	-0.0240854248404503	-0.0566265992820263	-0.0172468312084675	
0.070836216211319	0.027493542060256	0.023711908608675	-0.0404726937413216	
0.0685173496603966	0.0325739532709122	-0.00891605857759714	-0.0982643589377403	
0.0654643774032593	0.0389051176607609	-0.0418594069778919	-0.153218194842339	
0.0618683248758316	0.0458188354969025	-0.0754897743463516	-0.203212186694145	
0.0579803884029388	0.0525125004351139	-0.109958991408348	-0.247172221541405	
0.054085198789835	0.0581874288618565	-0.145242437720299	-0.285144209861755	
0.050467848777771	0.0621880479156971	-0.181201115250587	-0.318170517683029	
0.0473776943981647	0.0641164407134056	-0.21764649450779	-0.347999006509781	
0.044993095099926	0.0639008805155754	-0.254393637180328	-0.376683533191681	
0.0433923341333866	0.0618054457008839	-0.291293233633041	-0.406152904033661	
0.0425360277295113	0.0583786070346832	-0.328238427639008	-0.437828183174133	
0.0422656387090683	0.0543501488864422	-0.365150570869446	-0.472356587648392	
0.0423206798732281	0.0504952594637871	-0.4019515812397	-0.509504675865173	
0.0423744022846222	0.047491081058979	-0.438535124063492	-0.548222303390503	
0.0420843288302422	0.0457922779023647	-0.474747806787491	-0.586854815483093	
0.0411507077515125	0.0455488152801991	-0.510389029979706	-0.623454630374908	
0.0393735803663731	0.04658118262887	-0.545232474803925	-0.656125605106354	
0.0366980880498886	0.0484175533056259	-0.579066634178162	-0.683332681655884	
0.0332387201488018	0.0503857061266899	-0.611744999885559	-0.704117774963379	
0.0292759910225868	0.0517423264682293	-0.643233954906464	-0.71818733215332	
0.0252235773950815	0.0518151670694351	-0.673644661903381	-0.725862324237823	
0.0215692818164825	0.0501313284039497	-0.703237473964691	-0.727912604808807	
0.0187984630465508	0.04650754109025	-0.732393562793732	-0.725317060947418	
0.0173125322908163	0.0410856008529663	-0.761553823947906	-0.719005763530731	
0.0173570942133665	0.0343066602945328	-0.791134297847748	-0.709639549255371	
0.0189734306186438	0.0268295500427485	-0.821431338787079	-0.697472214698792	
0.021983565762639	0.0194090735167265	-0.852536082267761	-0.682318449020386	
0.0260133426636457	0.0127575621008873	-0.884274125099182	-0.663629591464996	
0.0305508803576231	0.00741612818092108	-0.916186153888702	-0.640651822090149	
0.0350309535861015	0.00365993729792535	-0.947555720806122	-0.612628936767578	
0.0389302857220173	0.00145512679591775	-0.977482676506042	-0.579000651836395	
0.0418560653924942	0.00047493792953901	-1.00499224662781	-0.539552748203278	
0.0436106324195862	0.000171149978996255	-1.02916085720062	-0.494487553834915	
0.0442193187773228	-0.000113733287435025	-1.04923689365387	-0.444402933120728	
0.0439153946936131	-0.00101586594246328	-1.06473457813263	-0.390188843011856	
0.0430844351649284	-0.00302670104429126	-1.07548189163208	-0.332869291305542	
0.0421788021922112	-0.00640091113746166	-1.08161282539368	-0.273428857326508	
0.0416194722056389	-0.0111132226884365	-1.08350276947021	-0.212664261460304	
0.0417055077850819	-0.0168719422072172	-1.08165848255157	-0.151095107197762	
0.0425507947802544	-0.023185558617115	-1.07658159732819	-0.0889512076973915	
0.0440624803304672	-0.0294681284576654	-1.06862902641296	-0.026236129924655	
0.0459672212600708	-0.0351612642407417	-1.05789923667908	0.0371526554226875	
0.047881256788969	-0.0398471243679523	-1.04416513442993	0.101279504597187	
0.0494104139506817	-0.0433283895254135	-1.02687060832977	0.166039973497391	
0.0502586923539639	-0.045657891780138	-1.00519323348999	0.231077149510384	
0.0503205843269825	-0.0471106059849262	-0.978168904781342	0.295765727758408	
0.0497340112924576	-0.0481026694178581	-0.944858074188232	0.35926628112793	
0.0488773956894875	-0.0490733720362186	-0.90452915430069	0.420633614063263	
0.0483052618801594	-0.0503543242812157	-0.856828927993774	0.478948205709457	
0.0486295334994793	-0.0520539730787277	-0.801910936832428	0.533431828022003	
0.050366185605526	-0.0539837777614594	-0.740499436855316	0.583512604236603	
0.0537763684988022	-0.0556455031037331	-0.673874735832214	0.628816246986389	
0.0587354674935341	-0.0562878511846066	-0.603778064250946	0.669080495834351	
0.0646613389253616	-0.0550274550914764	-0.532245993614197	0.704013109207153	
0.0705244541168213	-0.0510162115097046	-0.461395800113678	0.733132243156433	
0.0749487429857254	-0.0436268150806427	-0.393188744783401	0.755639791488647	
0.0763951018452644	-0.0326227806508541	-0.32920441031456	0.770378708839417	
0.0734028071165085	-0.0182799324393272	-0.270456612110138	0.775911033153534	
0.0648508071899414	-0.00143271358683705	-0.217276498675346	0.770727694034576	
0.0501935593783855	0.0165695212781429	-0.169281229376793	0.753571391105652	
0.0296269524842501	0.0339963361620903	-0.125434771180153	0.72381991147995	
0.00414886418730021	0.0489447601139545	-0.0841969847679138	0.681853711605072	
-0.024504903703928	0.0595937334001064	-0.0437460020184517	0.629319667816162	
-0.054047878831625	0.064466655254364	-0.00225000455975533	0.569211602210999	
-0.0819301828742027	0.062661200761795	0.0418419428169727	0.505709707736969	
-0.105683974921703	0.0540094450116158	0.0895237550139427	0.443766921758652	
-0.123273022472858	0.0391410812735558	0.141004517674446	0.388474494218826	
-0.133389100432396	0.0194370839744806	0.195559427142143	0.344292253255844	
-0.135644853115082	-0.00312202447094023	0.251483052968979	0.314264446496964	
-0.130628645420074	-0.026193019002676	0.30615958571434	0.299362897872925	
-0.119809299707413	-0.0473583526909351	0.356252700090408	0.298093050718307	
-0.105304092168808	-0.0644246712327003	0.398005723953247	0.306465774774551	
-0.0895469188690186	-0.0756885930895805	0.427628248929977	0.318384110927582	
-0.0749110132455826	-0.0801320970058441	0.441734492778778	0.326424151659012	
-0.0633492395281792	-0.0775208994746208	0.437787979841232	0.322918504476547	
-0.0561121180653572	-0.0683940798044205	0.414501160383224	0.301188945770264	
-0.0535907670855522	-0.0539495646953583	0.372138023376465	0.256736516952515	
-0.0553101152181625	-0.0358456894755363	0.312673330307007	0.188188925385475	
-0.0600713305175304	-0.015950670465827	0.239773467183113	0.0978317633271217	
-0.0662161186337471	0.0039212885312736	0.158582344651222	-0.00839200429618359	
-0.0719639137387276	0.0222479067742825	0.0753178820014	-0.121449060738087	
-0.0757600739598274	0.0379768684506416	-0.00329089118167758	-0.230292215943336	
-0.0765715837478638	0.0506203509867191	-0.070672906935215	-0.323303639888763	
-0.0740764513611794	0.0602560006082058	-0.121118076145649	-0.389896541833878	
-0.0687127932906151	0.0674388632178307	-0.150431051850319	-0.422033667564392	
-0.0615794248878956	0.073042169213295	-0.156451746821404	-0.415426790714264	
-0.0542073510587215	0.0780550390481949	-0.139369145035744	-0.370226144790649	
-0.0482457354664803	0.0833707600831985	-0.101776428520679	-0.29108652472496	
-0.0451218746602535	0.0895996689796448	-0.0484466031193733	-0.186593025922775	
-0.0457401461899281	0.0969358012080193	0.0141570819541812	-0.0681308209896088	
0.0462063550949097	-0.0992544814944267	-0.0125521495938301	0.0647063031792641	
0.0505930744111538	-0.106924384832382	-0.0768857970833778	-0.0552709922194481	
0.0583419762551785	-0.114578902721405	-0.135442093014717	-0.16395066678524	
0.0681390389800072	-0.121213428676128	-0.181335747241974	-0.251011669635773	
0.0781723335385323	-0.125651344656944	-0.209168523550034	-0.309354305267334	
0.0864562317728996	-0.126732334494591	-0.215627148747444	-0.335825860500336	
0.0911992788314819	-0.12350832670927	-0.199816167354584	-0.331346422433853	
0.0911483839154243	-0.115418449044228	-0.163279950618744	-0.300443440675735	
0.0858451053500175	-0.102417469024658	-0.109710387885571	-0.250297904014587	
0.0757448673248291	-0.0850384011864662	-0.0443810634315014	-0.189478084445	
0.0621736831963062	-0.0643785893917084	0.0266117807477713	-0.126579016447067	
0.0471262112259865	-0.0420087166130543	0.097193531692028	-0.0689881667494774	
0.0329373404383659	-0.0198142528533936	0.162120431661606	-0.0219643544405699	
0.0218827929347754	0.000212460101465695	0.217638865113258	0.0118476888164878	
0.0157777201384306	0.0162044279277325	0.261902958154678	0.0324266329407692	
0.0156437586992979	0.0266480315476656	0.295095324516296	0.041951484978199	
0.021503958851099	0.0305781699717045	0.319240838289261	0.0440616421401501	
0.0323435552418232	0.0277151744812727	0.337749898433685	0.042962521314621	
0.0462462268769741	0.0185247231274843	0.354767590761185	0.04255386069417	
0.0606854856014252	0.0041909646242857	0.374433904886246	0.0457395724952221	
0.0729240998625755	-0.0134965758770704	0.400170922279358	0.054031353443861	
0.0804559737443924	-0.0323309861123562	0.434106588363647	0.0674938187003136	
0.0814175605773926	-0.0499300844967365	0.476720601320267	0.0850093066692352	
0.0749009177088737	-0.0640045329928398	0.526760876178741	0.104779116809368	
0.0611171834170818	-0.0726199969649315	0.581435799598694	0.124936565756798	
0.0413840971887112	-0.074421189725399	0.636843085289001	0.144131928682327	
0.0179404765367508	-0.0687899887561798	0.688561320304871	0.161963135004044	
-0.00638134684413671	-0.0559173636138439	0.732304930686951	0.179163694381714	
-0.0285715609788895	-0.036779560148716	0.7645383477211	0.197513431310654	
-0.0458806119859219	-0.0130211878567934	0.782954096794128	0.219496384263039	
-0.0562100037932396	0.0132403448224068	0.786745548248291	0.247781902551651	
-0.058397002518177	0.0396641939878464	0.776639342308044	0.284639984369278	
-0.0523528344929218	0.0639574602246284	0.754693448543549	0.331412822008133	
-0.0390388183295727	0.0841339826583862	0.723903715610504	0.388151794672012	
-0.0202909521758556	0.0987280160188675	0.687689542770386	0.453493624925613	
0.00147291645407677	0.1069365888834	0.649346590042114	0.524800479412079	
0.0236126985400915	0.108674608170986	0.611554741859436	0.598537027835846	
0.0436340682208538	0.104538805782795	0.576015472412109	0.670809686183929	
0.0595088265836239	0.0956893786787987	0.543268859386444	0.737964868545532	
0.0699028968811035	0.083669051527977	0.51270717382431	0.797132134437561	
0.0742848888039589	0.0701873004436493	0.482771128416061	0.846612513065338	
0.0729092806577682	0.056900929659605	0.451283872127533	0.886043548583984	
0.0666884854435921	0.0452211163938046	0.41586047410965	0.916319072246552	
0.0569845028221607	0.0361713506281376	0.374321758747101	0.939287960529327	
0.0453608073294163	0.0303115956485271	0.325046360492706	0.957297623157501	
0.0333373583853245	0.0277331117540598	0.267209827899933	0.972676992416382	
0.0221866760402918	0.0281174015253782	0.200883015990257	0.987259089946747	
0.0127977645024657	0.0308434665203094	0.126986548304558	1.00203263759613	
0.00562045257538557	0.0351215079426765	0.0471234284341335	1.01698279380798	
0.000687564781401306	0.0401292219758034	-0.0366711355745792	1.0311404466629	
-0.00230053951963782	0.0451289229094982	-0.122212924063206	1.04281830787659	
-0.00385326216928661	0.0495494082570076	-0.207435235381126	1.04997658729553	
-0.00455649802461267	0.0530244223773479	-0.290597498416901	1.05063676834106	
-0.0049543920904398	0.0553883798420429	-0.370409280061722	1.04325830936432	
-0.00546523276716471	0.0566377267241478	-0.446061581373215	1.02700638771057	
-0.00634132605046034	0.0568718612194061	-0.517173945903778	1.00186061859131	
-0.00767270755022764	0.0562298782169819	-0.583681225776672	0.968557298183441	
-0.00942581333220005	0.0548381060361862	-0.645690262317657	0.928386509418488	
-0.0115023292601109	0.05277930945158	-0.703339457511902	0.882899522781372	
-0.0138012180104852	0.0500882267951965	-0.756687760353088	0.833594918251038	
-0.0162684638053179	0.0467712208628654	-0.80565083026886	0.781655967235565	
-0.0189236905425787	0.042842011898756	-0.849988222122192	0.727794110774994	
-0.0218592081218958	0.0383614860475063	-0.889336347579956	0.672229468822479	
-0.0252138692885637	0.0334688499569893	-0.923269927501678	0.61480587720871	
-0.0291297286748886	0.0283932648599148	-0.951373636722565	0.555207550525665	
-0.0337029993534088	0.0234400816261768	-0.973302900791168	0.49322122335434	
-0.0389415621757507	0.0189518053084612	-0.988820731639862	0.428978711366653	
-0.0447393395006657	0.0152503708377481	-0.997803509235382	0.363117516040802	
-0.0508737340569496	0.0125724449753761	-1.00021874904633	0.296818375587463	
-0.0570273399353027	0.0110120521858335	-0.996085107326508	0.231704667210579	
-0.0628298744559288	0.0104844458401203	-0.985429048538208	0.16962169110775	
-0.0679123103618622	0.0107215410098433	-0.968255698680878	0.112340942025185	
-0.0719630271196365	0.0113032087683678	-0.944543838500977	0.0612538121640682	
-0.0747755169868469	0.0117213735356927	-0.91427356004715	0.0171232055872679	
-0.0762794688344002	0.0114667443558574	-0.877482175827026	-0.0200484450906515	
-0.0765499919652939	0.0101226028054953	-0.834339380264282	-0.0509996190667152	
-0.075794406235218	0.00744757661595941	-0.785224556922913	-0.0770351141691208	
-0.0743195116519928	0.00343041075393558	-0.730787634849548	-0.0997260063886642	
-0.072485662996769	-0.00169566448312253	-0.671976566314697	-0.120541647076607	
-0.0706556588411331	-0.00748407281935215	-0.610019624233246	-0.140487819910049	
-0.0691463276743889	-0.0133479591459036	-0.546358823776245	-0.159826621413231	
-0.0681899264454842	-0.018663240596652	-0.482541412115097	-0.177939757704735	
-0.0679097846150398	-0.0228833314031363	-0.420083194971085	-0.193369686603546	
-0.0683121681213379	-0.0256441812962294	-0.360324621200562	-0.204038470983505	
-0.0692937299609184	-0.0268392153084278	-0.304302394390106	-0.207608550786972	
-0.0706618875265121	-0.0266488362103701	-0.252657145261765	-0.201920166611671	
-0.0721640288829803	-0.0255171712487936	-0.20559173822403	-0.185424000024796	
-0.0735213458538055	-0.024078618735075	-0.16288623213768	-0.157525569200516	
-0.0744631811976433	-0.0230463054031134	-0.123965360224247	-0.118774145841599	
-0.0747583657503128	-0.0230822172015905	-0.0880064740777016	-0.0708569213747978	
-0.0742411240935326	-0.0246726591140032	-0.0540685579180717	-0.0163957551121712	
0.0728296488523483	0.0280324574559927	0.0212213713675737	-0.0414189659059048	
0.0705360472202301	0.0330563597381115	-0.011345393024385	-0.0992921516299248	
0.0674668774008751	0.0393277145922184	-0.0442476719617844	-0.154302224516869	
0.0638137757778168	0.0461839810013771	-0.077874593436718	-0.20430800318718	
0.0598342306911945	0.0528279766440392	-0.112396977841854	-0.248212724924088	
0.0558234974741936	0.0584650933742523	-0.1478081792593	-0.286040872335434	
0.0520796738564968	0.0624415464699268	-0.183983683586121	-0.318819046020508	
0.0488653443753719	0.0643582344055176	-0.220743760466576	-0.348288536071777	
0.0463705100119114	0.0641391053795815	-0.257905185222626	-0.376507192850113	
0.0446822308003902	0.0620411150157452	-0.295312523841858	-0.405418038368225	
0.0437665469944477	0.0586037859320641	-0.332845598459244	-0.436463743448257	
0.0434671975672245	0.0545474998652935	-0.370406121015549	-0.47031643986702	
0.0435235053300858	0.0506393164396286	-0.407892495393753	-0.506766021251678	
0.0436069816350937	0.0475512631237507	-0.445173263549805	-0.544779658317566	
0.0433725900948048	0.0457373932003975	-0.48207101225853	-0.582710266113281	
0.0425175726413727	0.0453524775803089	-0.518364787101746	-0.618606865406036	
0.0408383868634701	0.0462273731827736	-0.553813397884369	-0.650560021400452	
0.0382754430174828	0.047905333340168	-0.588196873664856	-0.677013993263245	
0.0349365994334221	0.049732219427824	-0.621366560459137	-0.696987628936768	
0.0310931615531445	0.0509832724928856	-0.653292179107666	-0.710167348384857	
0.0271468330174685	0.0510023385286331	-0.68409126996994	-0.716862320899963	
0.0235712025314569	0.0493272356688976	-0.714031279087067	-0.717842400074005	
0.0208365209400654	0.0457776300609112	-0.743497967720032	-0.714100301265717	
0.0193302743136883	0.0404890701174736	-0.772931754589081	-0.706592500209808	
0.0192878004163504	0.0338872410356998	-0.80274099111557	-0.696015954017639	
0.0207461919635534	0.0266077481210232	-0.833206653594971	-0.682664394378662	
0.0235311985015869	0.0193773303180933	-0.864396929740906	-0.666390776634216	
0.0272810179740191	0.0128794005140662	-0.896109104156494	-0.646676063537598	
0.0315041281282902	0.00762980571016669	-0.927853643894196	-0.622783601284027	
0.0356614924967289	0.00388639396987855	-0.958885610103607	-0.593958854675293	
0.0392584688961506	0.00160926161333919	-0.988282859325409	-0.559628129005432	
0.0419291630387306	0.000478601432405412	-1.01505887508392	-0.519552230834961	
0.0434968881309032	-3.41880040650722E-5	-1.03829097747803	-0.47390204668045	
0.0439984612166882	-0.000556778337340802	-1.05724346637726	-0.423244684934616	
0.0436669737100601	-0.00168962322641164	-1.07145929336548	-0.368447035551071	
0.0428758785128593	-0.00388817233033478	-1.08080613613129	-0.310523688793182	
0.0420551598072052	-0.00737671973183751	-1.08546411991119	-0.250467032194138	
0.0415966399013996	-0.0121105089783669	-1.08585548400879	-0.189099788665771	
0.0417682230472565	-0.0177929103374481	-1.08252990245819	-0.126983061432838	
0.0426557548344135	-0.0239433217793703	-1.07602167129517	-0.0643985867500305	
0.0441461615264416	-0.0300011560320854	-1.06670796871185	-0.00140491756610572	
0.0459569804370403	-0.035443838685751	-1.05469346046448	0.0620503798127174	
0.0477078221738338	-0.0398937873542309	-1.03974425792694	0.12599390745163	
0.0490194410085678	-0.0431914292275906	-1.02128744125366	0.190301343798637	
0.0496193245053291	-0.0454180017113686	-0.998479962348938	0.254616737365723	
0.0494294390082359	-0.0468622371554375	-0.970337927341461	0.318335950374603	
0.0486138314008713	-0.0479365661740303	-0.935909330844879	0.380657643079758	
0.0475707165896893	-0.0490594208240509	-0.894461870193481	0.440685510635376	
0.0468642301857471	-0.0505279861390591	-0.845655620098114	0.497552275657654	
0.0471039228141308	-0.0524089671671391	-0.78967159986496	0.550528109073639	
0.048791941255331	-0.0544727742671967	-0.727272510528564	0.599079072475433	
0.0521670021116734	-0.0561890155076981	-0.659783005714417	0.642854511737823	
0.0570781119167805	-0.0567901581525803	-0.588988304138184	0.681600511074066	
0.0629184618592262	-0.0553968548774719	-0.516961336135864	0.715019702911377	
0.0686411783099175	-0.0511860549449921	-0.445842236280441	0.742616355419159	
0.0728647038340569	-0.0435733050107956	-0.377597540616989	0.763575971126556	
0.074058823287487	-0.0323760658502579	-0.313793271780014	0.776729762554169	
0.0707862377166748	-0.0179258268326521	-0.255412548780441	0.780638575553894	
0.0619612894952297	-0.00110414670780301	-0.202743351459503	0.773807227611542	
0.0470811501145363	0.0167105291038752	-0.155353888869286	0.755008697509766	
0.0263855680823326	0.0337835736572742	-0.112161032855511	0.72366589307785	
0.00091077049728483	0.0482356511056423	-0.0715866908431053	0.680214822292328	
-0.0275806598365307	0.0582954324781895	-0.0317857973277569	0.626361429691315	
-0.0567915514111519	0.0625558122992516	0.00907897017896175	0.565153896808624	
-0.084179699420929	0.0601937510073185	0.0525466986000538	0.500814318656921	
-0.107303068041801	0.0511183366179466	0.09958565980196	0.438318341970444	
-0.124166622757912	0.036021888256073	0.150371700525284	0.382756471633911	
-0.13351409137249	0.0163235682994127	0.204146936535835	0.338563472032547	
-0.135014921426773	-0.00598864583298564	0.259181022644043	0.308736503124237	
-0.12931290268898	-0.0285960827022791	0.312847912311554	0.294184058904648	
-0.117925100028515	-0.0491338111460209	0.361820310354233	0.293339639902115	
-0.103005349636078	-0.0654805675148964	0.402370393276215	0.30214324593544	
-0.0870095565915108	-0.0760127678513527	0.430754125118256	0.314436852931976	
-0.0723173096776009	-0.0797870606184006	0.44364395737648	0.322753608226776	
-0.0608727894723415	-0.0766269564628601	0.438565492630005	0.31940633058548	
-0.0539048351347446	-0.0671039670705795	0.414288580417633	0.297722578048706	
-0.0517728105187416	-0.0524193532764912	0.371121793985367	0.253233164548874	
-0.0539632588624954	-0.0342072993516922	0.31106561422348	0.184614896774292	
-0.0592358894646168	-0.0142910489812493	0.237790137529373	0.0942140817642212	
-0.0658912286162376	0.0055705145932734	0.156421363353729	-0.0119633041322231	
-0.0721108391880989	0.0239085573703051	0.0731412917375565	-0.124828450381756	
-0.0763081237673759	0.0397106669843197	-0.00536878639832139	-0.233295202255249	
-0.0774261429905891	0.0525065362453461	-0.0725897401571274	-0.325730234384537	
-0.0751287266612053	0.0623646900057793	-0.122859925031662	-0.391558647155762	
-0.0698505714535713	0.0698056742548943	-0.152022674679756	-0.42278265953064	
-0.0626981034874916	0.0756494477391243	-0.157942697405815	-0.41517761349678	
-0.0552203431725502	0.0808239504694939	-0.140818744897842	-0.368974596261978	
-0.0490930266678333	0.0861663594841957	-0.103240475058556	-0.288916915655136	
-0.0457756519317627	0.0922487154603004	-0.0499680452048779	-0.183675214648247	
-0.0462063550949097	0.0992544814944267	0.0125521495938301	-0.0647063031792641	
0.0466162711381912	-0.101452238857746	-0.0109319249168038	0.0612029582262039	
0.0508438386023045	-0.108605101704597	-0.0751824900507927	-0.0589610040187836	
0.0584892556071281	-0.115635357797146	-0.133651956915855	-0.167520359158516	
0.0682507753372192	-0.121618561446667	-0.179456725716591	-0.254170030355453	
0.0783141329884529	-0.125469818711281	-0.207192912697792	-0.311856657266617	
0.0866757556796074	-0.126116037368774	-0.213536709547043	-0.337498635053635	
0.0915122106671333	-0.122675411403179	-0.197581768035889	-0.332103043794632	
0.0915287584066391	-0.114618688821793	-0.160866066813469	-0.300289005041122	
0.0862224325537682	-0.101889103651047	-0.107084229588509	-0.249321565032005	
0.0760095492005348	-0.0849636644124985	-0.0415245816111565	-0.187834084033966	
0.0621911883354187	-0.0648456364870071	0.0296896193176508	-0.124458402395248	
0.046758659183979	-0.0429870449006557	0.100447110831738	-0.0665850043296814	
0.0320699587464333	-0.0211487002670765	0.165463164448738	-0.0194408595561981	
0.0204512253403664	-0.00121302856132388	0.220946058630943	0.0143921747803688	
0.013791661709547	0.0150286117568612	0.26502251625061	0.0349782966077328	
0.0132023021578789	0.0260889884084463	0.297865271568298	0.0445927940309048	
0.0187989454716444	0.0309723801910877	0.321511268615723	0.0469682030379772	
0.0296487510204315	0.0293125305324793	0.339405983686447	0.0463859252631664	
0.0438922494649887	0.0214425064623356	0.35574933886528	0.0467924065887928	
0.0590227283537388	0.00838539749383926	0.374748975038528	0.051100492477417	
0.0722780376672745	-0.00823615118861198	0.399897277355194	0.0607895329594612	
0.08108089864254	-0.0263636857271194	0.433383703231812	0.075852669775486	
0.0834554806351662	-0.0437229089438915	0.475729256868362	0.0950692370533943	
0.0783521607518196	-0.0580752305686474	0.525694012641907	0.116518177092075	
0.0658278465270996	-0.0674714297056198	0.580464363098145	0.138206154108047	
0.0470533147454262	-0.070476770401001	0.636081755161285	0.1586684435606	
0.0241475813090801	-0.0663394331932068	0.688039422035217	0.177414089441299	
-0.000132610468426719	-0.0550804995000362	0.731947183609009	0.195124819874763	
-0.0227972790598869	-0.0374932512640953	0.764159381389618	0.213571786880493	
-0.0410568006336689	-0.0150508163496852	0.782267451286316	0.235273450613022	
-0.0527167916297913	0.0102669280022383	0.785386979579926	0.262970834970474	
-0.0564746633172035	0.0362056083977222	0.774201452732086	0.299031883478165	
-0.0520758405327797	0.0604982972145081	0.750767230987549	0.344908893108368	
-0.0403114445507526	0.0811236947774887	0.71812117099762	0.400759756565094	
-0.0228649135679007	0.0965276136994362	0.679761588573456	0.465309649705887	
-0.00203837011940777	0.105780273675919	0.639092087745667	0.535979688167572	
0.0195932909846306	0.108650632202625	0.598915755748749	0.609256744384766	
0.0395441427826881	0.105591177940369	0.561058223247528	0.68123197555542	
0.055739488452673	0.0976385623216629	0.526170253753662	0.748202502727509	
0.0667533427476883	0.0862474143505096	0.493730247020721	0.807223856449127	
0.0719324052333832	0.0730831399559975	0.46223258972168	0.856509745121002	
0.071398064494133	0.0598040670156479	0.429519206285477	0.895610809326172	
0.0659376531839371	0.0478635095059872	0.393191605806351	0.925346553325653	
0.0568128228187561	0.0383573658764362	0.351031184196472	0.947513699531555	
0.0455233193933964	0.031934667378664	0.301361054182053	0.964436173439026	
0.0335674956440926	0.0287778582423925	0.243296056985855	0.978449404239655	
0.0222371146082878	0.0286485124379396	0.17685130238533	0.991420209407806	
0.0124740125611424	0.03098457865417	0.102905102074146	1.00439214706421	
0.0048026517033577	0.0350284427404404	0.0230365563184023	1.01741778850555	
-0.000661653466522694	0.0399623475968838	-0.0607231445610523	1.02959859371185	
-0.00414194399490952	0.045028991997242	-0.146175980567932	1.03931319713593	
-0.00608823075890541	0.0496201030910015	-0.231228590011597	1.04457581043243	
-0.00705148000270128	0.0533234812319279	-0.314107477664948	1.04344749450684	
-0.00756774516776204	0.0559274069964886	-0.393490076065063	1.03441202640533	
-0.00807162746787071	0.057389497756958	-0.468542367219925	1.01664507389069	
-0.00884982105344534	0.0577827952802181	-0.538870394229889	0.990127742290497	
-0.0100360875949264	0.0572347342967987	-0.604409217834473	0.955593287944794	
-0.0116405887529254	0.0558741018176079	-0.665279269218445	0.914328575134277	
-0.0136005179956555	0.0537972114980221	-0.721643388271332	0.867884695529938	
-0.0158364344388247	0.0510588921606541	-0.773592114448547	0.817765116691589	
-0.0182996243238449	0.047687042504549	-0.821075260639191	0.765162110328674	
-0.0209997501224279	0.0437137261033058	-0.86388498544693	0.710798919200897	
-0.0240078456699848	0.039211593568325	-0.90168571472168	0.654907047748566	
-0.027435939759016	0.0343232974410057	-0.934074103832245	0.597338080406189	
-0.031400054693222	0.0292732752859592	-0.960650384426117	0.53777801990509	
-0.0359767526388168	0.0243556722998619	-0.981080770492554	0.476008057594299	
-0.041164442896843	0.0198980830609798	-0.995136559009552	0.412146627902985	
-0.0468591302633286	0.0162070989608765	-1.00270223617554	0.346812188625336	
-0.0528507940471172	0.0135066462680697	-1.00375592708588	0.281162887811661	
-0.0588418953120708	0.0118829468265176	-0.998329997062683	0.216799199581146	
-0.0644848942756653	0.0112496223300695	-0.986468613147736	0.155545949935913	
-0.0694316774606705	0.0113431671634316	-0.96819657087326	0.0991585850715637	
-0.0733856707811356	0.0117531893774867	-0.943513154983521	0.0490175411105156	
-0.0761470943689346	0.0119846612215042	-0.912416100502014	0.00587910832837224	
-0.0776433274149895	0.0115424143150449	-0.874955296516418	-0.0302584897726774	
-0.0779395028948784	0.0100227259099483	-0.831305384635925	-0.0601382628083229	
-0.077227994799614	0.00719432346522808	-0.781841695308685	-0.0850726217031479	
-0.0757993534207344	0.00305205630138516	-0.727201104164124	-0.106645472347736	
-0.0740000158548355	-0.00216903700493276	-0.668310582637787	-0.126345217227936	
-0.0721840187907219	-0.00802441034466028	-0.606371641159058	-0.145202279090881	
-0.0706662610173225	-0.0139320334419608	-0.542797029018402	-0.163506925106049	
-0.069683812558651	-0.0192740578204393	-0.479105323553085	-0.180669203400612	
-0.0693701133131981	-0.0235101133584976	-0.416787266731262	-0.195256307721138	
-0.0697442516684532	-0.026281114667654	-0.357164204120636	-0.205207720398903	
-0.0707153081893921	-0.0274834055453539	-0.301261007785797	-0.208193346858025	
-0.0720997676253319	-0.0272979643195868	-0.24971367418766	-0.202049866318703	
-0.0736486688256264	-0.0261674001812935	-0.202726647257805	-0.185214042663574	
-0.0750804468989372	-0.0247231833636761	-0.160085678100586	-0.15706992149353	
-0.0761156752705574	-0.0236750692129135	-0.121222883462906	-0.1181415989995	
-0.0765100792050362	-0.0236822683364153	-0.0853218957781792	-0.0700921267271042	
-0.0760828629136086	-0.0252298321574926	-0.0514446422457695	-0.0155247040092945	
0.0747380256652832	0.0285334475338459	0.0186587814241648	-0.0423800610005856	
0.0724768415093422	0.0334910042583942	-0.0138537846505642	-0.10032631456852	
0.0694001317024231	0.0396909601986408	-0.0467221438884735	-0.155381560325623	
0.0656996518373489	0.0464770868420601	-0.0803525894880295	-0.205385982990265	
0.0616385117173195	0.0530586168169975	-0.114935025572777	-0.24922040104866	
0.0575218349695206	0.0586462169885635	-0.150481253862381	-0.286887794733047	
0.0536599457263947	0.062589056789875	-0.186881944537163	-0.319398790597916	
0.0503280498087406	0.0644877851009369	-0.223966926336288	-0.348487675189972	
0.0477273799479008	0.0642625465989113	-0.261555314064026	-0.376216024160385	
0.0459536649286747	0.0621631480753422	-0.299485921859741	-0.404540717601776	
0.0449785888195038	0.05871956422925	-0.337625056505203	-0.434926062822342	
0.044648639857769	0.0546416901051998	-0.37585437297821	-0.468069344758987	
0.0447036921977997	0.050687063485384	-0.414047658443451	-0.503784358501434	
0.0448143444955349	0.0475211180746555	-0.452047079801559	-0.541056156158447	
0.0446338355541229	0.0455960035324097	-0.489649921655655	-0.578246057033539	
0.0438571162521839	0.0450704321265221	-0.526613473892212	-0.613400340080261	
0.0422775149345398	0.0457853078842163	-0.562680542469025	-0.644596576690674	
0.0398308746516705	0.0472993291914463	-0.597621858119965	-0.670258522033691	
0.0366181991994381	0.0489773526787758	-0.631286442279816	-0.689382016658783	
0.0329010598361492	0.0501145087182522	-0.663647353649139	-0.701633095741272	
0.0290683936327696	0.050072256475687	-0.694828808307648	-0.707308650016785	
0.025578623637557	0.0484005436301231	-0.725105941295624	-0.707178354263306	
0.022885924205184	0.0449230298399925	-0.75486958026886	-0.702248334884644	
0.0213630124926567	0.0397695302963257	-0.784560024738312	-0.693501830101013	
0.0212343484163284	0.0333501175045967	-0.814578354358673	-0.681671977043152	
0.0225325599312782	0.026276458054781	-0.845189929008484	-0.667093515396118	
0.0250872038304806	0.0192460212856531	-0.876439869403839	-0.649658381938934	
0.0285492930561304	0.0129118822515011	-0.908096790313721	-0.628878712654114	
0.032448373734951	0.0077632530592382	-0.939640164375305	-0.604036092758179	
0.0362724959850311	0.00403960328549147	-0.970296442508698	-0.574378669261932	
0.0395565703511238	0.00169445108622313	-0.999121129512787	-0.539320528507233	
0.0419624485075474	0.000415021320804954	-1.02511584758759	-0.498597711324692	
0.0433349870145321	-0.000306984060443938	-1.0473598241806	-0.45235013961792	
0.0437227450311184	-0.00106826447881758	-1.06513297557831	-0.401114135980606	
0.0433585681021214	-0.00243219337426126	-1.07800829410553	-0.345733344554901	
0.0426033772528172	-0.00481688650324941	-1.08589422702789	-0.287212640047073	
0.041864138096571	-0.00841525662690401	-1.0890177488327	-0.226552069187164	
0.0415027961134911	-0.0131626082584262	-1.08784925937653	-0.164600104093552	
0.0417553670704365	-0.0187575835734606	-1.08298170566559	-0.101959310472012	
0.0426791235804558	-0.0247313659638166	-1.0749831199646	-0.0389633178710938	
0.0441404916346073	-0.0305501185357571	-1.06425154209137	0.0242743585258722	
0.0458479821681976	-0.0357287637889385	-1.05089807510376	0.0877561941742897	
0.0474249869585037	-0.0399316772818565	-1.03468239307404	0.151471346616745	
0.0485079102218151	-0.0430383943021297	-1.0150158405304	0.215276256203651	
0.048848632723093	-0.0451593771576881	-0.991034507751465	0.278816670179367	
0.0483975522220135	-0.0465971976518631	-0.961735725402832	0.341510802507401	
0.0473457537591457	-0.0477599166333675	-0.926155686378479	0.40259638428688	
0.0461118966341019	-0.0490437932312489	-0.883561968803406	0.461227208375931	
0.0452701449394226	-0.0507098212838173	-0.83362877368927	0.516589343547821	
0.045427743345499	-0.0527810752391815	-0.77656489610672	0.568001806735992	
0.047072771936655	-0.0549851581454277	-0.713172078132629	0.61496913433075	
0.0504210628569126	-0.0567582659423351	-0.644819617271423	0.657164514064789	
0.0552946478128433	-0.0573159940540791	-0.573336601257324	0.694342076778412	
0.0610614530742168	-0.0557831376791	-0.500832319259644	0.726199269294739	
0.0666567608714104	-0.0513624921441078	-0.429469347000122	0.752226173877716	
0.0706931427121162	-0.0435138382017612	-0.361219048500061	0.771592199802399	
0.0716491416096687	-0.0321101956069469	-0.297633439302444	0.783117115497589	
0.0681108236312866	-0.0175403505563736	-0.239664196968079	0.785361289978027	
0.0590280033648014	-0.000734332774300128	-0.187555521726608	0.776844382286072	
0.0439406372606754	0.0168994665145874	-0.140825808048248	0.756370842456818	
0.0231322906911373	0.0336219817399979	-0.0983439534902573	0.723409652709961	
-0.00232267193496227	0.0475778840482235	-0.0584929175674915	0.678452968597412	
-0.0306353066116571	0.0570464357733727	-0.0194032993167639	0.623265981674194	
-0.0594983547925949	0.0606911815702915	0.0207689721137285	0.560950636863708	
-0.0863780081272125	0.0577695779502392	0.0635524317622185	0.495769917964935	
-0.108858734369278	0.0482687540352345	0.109890967607498	0.432720333337784	
-0.124987289309502	0.0329442918300629	0.159928366541862	0.376889914274216	
-0.133559674024582	0.0132536655291915	0.212874606251717	0.332686483860016	
-0.134302124381065	-0.0088080670684576	0.26697501540184	0.303058803081512	
-0.127913370728493	-0.0309475976973772	0.319593757390976	0.288851171731949	
-0.115957997739315	-0.0508536733686924	0.367412358522415	0.28842568397522	
-0.100625418126583	-0.0664782226085663	0.40673154592514	0.297652363777161	
-0.0843924656510353	-0.0762783885002136	0.433853089809418	0.310314416885376	
-0.0696441605687141	-0.0793860629200935	0.445506811141968	0.318904370069504	
-0.0583154112100601	-0.075682669878006	0.439279764890671	0.315717995166779	
-0.0516131818294525	-0.0657717734575272	0.413998574018478	0.294090747833252	
-0.0498654134571552	-0.0508572310209274	0.370016127824783	0.24958461523056	
-0.0525210648775101	-0.0325480587780476	0.309358477592468	0.180925607681274	
-0.0582995042204857	-0.0126215247437358	0.235699638724327	0.0905195474624634	
-0.0654613226652145	0.00721964379772544	0.154148027300835	-0.01556705404073	
-0.0721513032913208	0.025560524314642	0.0708501636981964	-0.128193393349648	
-0.0767516121268272	0.041428592056036	-0.00756003614515066	-0.236238434910774	
-0.078181579709053	0.0543705485761166	-0.0746151506900787	-0.328057438135147	
-0.0760903581976891	0.0644448772072792	-0.124702088534832	-0.393090903759003	
-0.0709080845117569	0.0721364393830299	-0.153703197836876	-0.423382937908173	
-0.0637472197413445	0.0782107561826706	-0.15950870513916	-0.41477358341217	
-0.056172963231802	0.0835335925221443	-0.142328038811684	-0.367574244737625	
-0.0498859472572803	0.0888855457305908	-0.104748420417309	-0.286615163087845	
-0.0463766008615494	0.0948005169630051	-0.0515182539820671	-0.180649682879448	
-0.0466162711381912	0.101452238857746	0.0109319249168038	-0.0612029582262039	
0.0469693951308727	-0.103526391088963	-0.00929838139563799	0.0576250404119492	
0.0510305054485798	-0.110139518976212	-0.0734772309660912	-0.0626939684152603	
0.0585615299642086	-0.116523690521717	-0.131868109107018	-0.171103268861771	
0.0682748779654503	-0.121836930513382	-0.177588701248169	-0.257315665483475	
0.0783563256263733	-0.125088423490524	-0.20522928237915	-0.314324826002121	
0.0867868438363075	-0.125294372439384	-0.21145561337471	-0.339119970798492	
0.0917131379246712	-0.121640890836716	-0.195350497961044	-0.332793980836868	
0.0918001681566238	-0.113631144165993	-0.158445790410042	-0.300055950880051	
0.0865006521344185	-0.101196743547916	-0.104439213871956	-0.24825344979763	
0.076190821826458	-0.0847575291991234	-0.0386342592537403	-0.186083808541298	
0.0621445886790752	-0.0652205497026443	0.0328180938959122	-0.12221535295248	
0.0463468506932259	-0.0439161956310272	0.103768922388554	-0.0640421211719513	
0.0311751421540976	-0.0224769935011864	0.168891057372093	-0.0167606081813574	
0.0190026257187128	-0.00267157051712275	0.224352806806564	0.0171083714812994	
0.0117898657917976	0.0137881468981504	0.268251180648804	0.0377126894891262	
0.0107358694076538	0.0254446119070053	0.300746351480484	0.0474225543439388	
0.0160493720322847	0.0312739200890064	0.323884874582291	0.0500632375478745	
0.0268813595175743	0.0308244731277227	0.341144919395447	0.0499929822981358	
0.0414326973259449	0.0242965836077929	0.35677969455719	0.0512071028351784	
0.0572210699319839	0.0125506557524204	0.375063836574554	0.0566306561231613	
0.0714645534753799	-0.00296057341620326	0.399560898542404	0.0677146017551422	
0.0815195664763451	-0.0203313175588846	0.432523936033249	0.0843845531344414	
0.0853019058704376	-0.0374001935124397	0.474518746137619	0.105320073664188	
0.0816224962472916	-0.0519846938550472	0.524322390556335	0.128479599952698	
0.0703841745853424	-0.0621258579194546	0.579104363918304	0.151743054389954	
0.0526086576282978	-0.0663138180971146	0.634855329990387	0.173528462648392	
0.0302910059690475	-0.063666082918644	0.686987638473511	0.193251639604568	
0.00610666535794735	-0.0540352053940296	0.731010317802429	0.21153661608696	
-0.0169807635247707	-0.0380309447646141	0.76316899061203	0.230138897895813	
-0.0361481122672558	-0.0169524755328894	0.780953764915466	0.251604318618774	
-0.049110721796751	0.00736199924722314	0.783399999141693	0.278739422559738	
-0.0544300749897957	0.0327499881386757	0.771143913269043	0.314005613327026	
-0.0516874864697456	0.0569766238331795	0.746234714984894	0.35896310210228	
-0.0415031127631664	0.0779915228486061	0.71174418926239	0.413876712322235	
-0.0254046935588121	0.0941574424505234	0.671244263648987	0.4775630235672	
-0.00557353813201189	0.104421801865101	0.628241717815399	0.547506988048553	
0.0154870003461838	0.1084099188447	0.585660040378571	0.620224356651306	
0.0353061854839325	0.106430239975452	0.545448482036591	0.691797614097595	
0.0517691671848297	0.0993941202759743	0.508370399475098	0.758481323719025	
0.0633631721138954	0.0886646062135696	0.47399377822876	0.817262232303619	
0.0693163126707077	0.0758582353591919	0.440872013568878	0.866270542144775	
0.0696180537343025	0.0626294761896133	0.406871974468231	0.904971480369568	
0.0649296641349792	0.0504684038460255	0.369587600231171	0.934109628200531	
0.0564096085727215	0.0405386500060558	0.326766341924667	0.955427587032318	
0.0454896613955498	0.0335748940706253	0.27667972445488	0.971222639083862	
0.0336416065692902	0.0298488922417164	0.218383818864822	0.983833014965057	
0.0221715029329062	0.0292021259665489	0.151838153600693	0.99515575170517	
0.0120696602389216	0.031132884323597	0.0778768658638	1.00628662109375	
0.00393197871744633	0.0349183976650238	-0.00194810621906072	1.01734387874603	
-0.00204549520276487	0.0397489108145237	-0.0856137573719025	1.02749943733215	
-0.00600945111364126	0.0448512062430382	-0.170912712812424	1.0351984500885	
-0.00834939070045948	0.0495834238827229	-0.255729019641876	1.03851163387299	
-0.00957919098436832	0.0534901656210423	-0.338259518146515	1.03554177284241	
-0.0102240471169353	0.056315403431654	-0.417151659727097	1.02479934692383	
-0.0107319764792919	0.0579786710441113	-0.491547167301178	1.00547325611115	
-0.0114214634522796	0.0585263520479202	-0.561038434505463	0.977548062801361	
-0.0124680371955037	0.0580731555819511	-0.625559687614441	0.941754758358002	
-0.0139244543388486	0.0567487142980099	-0.685243487358093	0.899377465248108	
-0.0157631654292345	0.0546611323952675	-0.740275681018829	0.851967096328735	
-0.017926849424839	0.0518836937844753	-0.790777325630188	0.801031172275543	
-0.0203731879591942	0.0484645925462246	-0.836731851100922	0.747770309448242	
-0.0231032948940992	0.0444534942507744	-0.877964317798615	0.692918658256531	
-0.0261683575809002	0.0399345904588699	-0.914167940616608	0.636718273162842	
-0.0296548176556826	0.0350542142987251	-0.944962501525879	0.579028189182281	
-0.0336535274982452	0.0300325974822044	-0.96996533870697	0.519535779953003	
-0.038221824914217	0.0251532942056656	-0.988854706287384	0.458016127347946	
-0.043348640203476	0.0207295510917902	-1.0014111995697	0.394574254751205	
-0.0489317402243614	0.0170529652386904	-1.00752818584442	0.32980889081955	
-0.0547731518745422	0.0143348295241594	-1.00719392299652	0.264854997396469	
-0.060594666749239	0.0126534225419164	-1.00045430660248	0.201289087533951	
-0.0660710483789444	0.0119204269722104	-0.987370312213898	0.140914440155029	
-0.0708748772740364	0.0118765495717525	-0.967985868453979	0.0854692086577415	
-0.0747246593236923	0.012120827101171	-0.942319691181183	0.0363217815756798	
-0.0774275735020638	0.0121711157262325	-0.910386800765991	-0.0057790637947619	
-0.0789091512560844	0.0115463966503739	-0.872249662876129	-0.0408398620784283	
-0.079224981367588	0.00985616538673639	-0.828088045120239	-0.0696083158254623	
-0.0785529613494873	0.00687958253547549	-0.77827376127243	-0.0934042409062386	
-0.0771676525473595	0.00261796452105045	-0.723431169986725	-0.113823927938938	
-0.0754016414284706	-0.00269156042486429	-0.664466619491577	-0.132374212145805	
-0.0736000686883926	-0.00860636867582798	-0.602555096149445	-0.150109648704529	
-0.0720755159854889	-0.014549364335835	-0.539079666137695	-0.167348295450211	
-0.0710693970322609	-0.0199092645198107	-0.475529491901398	-0.183528527617455	
-0.0707247480750084	-0.0241523869335651	-0.413369119167328	-0.197242602705956	
-0.0710730105638504	-0.0269251391291618	-0.353899359703064	-0.206448093056679	
-0.0720353871583939	-0.028127221390605	-0.2981316447258	-0.208823218941689	
-0.0734373778104782	-0.0279404334723949	-0.246696040034294	-0.202202007174492	
-0.0750337839126587	-0.026805829256773	-0.199797555804253	-0.185008257627487	
-0.0765406414866447	-0.0253516100347042	-0.157227128744125	-0.156605049967766	
-0.0776702687144279	-0.0242835767567158	-0.118424251675606	-0.117491647601128	
-0.0781658068299294	-0.0242574363946915	-0.0825793296098709	-0.0693068355321884	
-0.0778319090604782	-0.0257562678307295	-0.0487580485641956	-0.01463473867625	
0.0765587165951729	0.0289960782974958	0.0160270091146231	-0.0433544740080833	
0.0743367373943329	0.0338776968419552	-0.0164387281984091	-0.101364932954311	
0.0712608993053436	0.0399948954582214	-0.049280658364296	-0.156453937292099	
0.0675226151943207	0.0466983839869499	-0.0829218700528145	-0.206443533301353	
0.0633899718523026	0.0532047934830189	-0.117571361362934	-0.250192373991013	
0.0591771565377712	0.0587312392890453	-0.153259798884392	-0.287681937217712	
0.0552059598267078	0.0626310110092163	-0.189893662929535	-0.319906651973724	
0.0517635159194469	0.064505472779274	-0.227313086390495	-0.348593354225159	
0.049061831086874	0.064271479845047	-0.265340119600296	-0.375806987285614	
0.0472051352262497	0.0621717162430286	-0.303808182477951	-0.403517961502075	
0.0461708828806877	0.0587260276079178	-0.342569917440414	-0.433212220668793	
0.0458087958395481	0.0546327829360962	-0.381486445665359	-0.465612411499023	
0.045859981328249	0.0506386123597622	-0.42040604352951	-0.500556766986847	
0.0459949858486652	0.0474009029567242	-0.459143251180649	-0.537048757076263	
0.0458661951124668	0.0453685931861401	-0.497468590736389	-0.573458850383759	
0.0451670140028	0.0447034314274788	-0.535116374492645	-0.607831358909607	
0.0436881817877293	0.0452560596168041	-0.571812331676483	-0.638231158256531	
0.0413611717522144	0.0466008856892586	-0.607317090034485	-0.66306209564209	
0.038280013948679	0.0481226518750191	-0.641477108001709	-0.681296825408936	
0.0346960462629795	0.0491376705467701	-0.67426860332489	-0.692580819129944	
0.0309846773743629	0.0490265004336834	-0.705823123455048	-0.697198331356049	
0.0275882296264172	0.0473526306450367	-0.73642373085022	-0.695918500423431	
0.0249438304454088	0.0439447723329067	-0.766466975212097	-0.689760684967041	
0.0234085433185101	0.0389275588095188	-0.796393632888794	-0.679734826087952	
0.0231953114271164	0.0326953902840614	-0.826597630977631	-0.666610717773438	
0.0243319720029831	0.0258352998644114	-0.85732889175415	-0.650764763355255	
0.0266519337892532	0.0190143678337336	-0.888609111309052	-0.632128834724426	
0.0298194047063589	0.012853967025876	-0.920178055763245	-0.610247433185577	
0.0333856828510761	0.00781533960253	-0.951483964920044	-0.584421515464783	
0.0368667580187321	0.00411853566765785	-0.98172402381897	-0.553903222084045	
0.03982799872756	0.00170993898063898	-1.00993144512177	-0.518095135688782	
0.0419597700238228	0.000283850618870929	-1.03509616851807	-0.476709425449371	
0.0431290492415428	-0.000647101493086666	-1.05629920959473	-0.42985525727272	
0.0433964096009731	-0.00164757063612342	-1.07283735275269	-0.378038257360458	
0.0429943725466728	-0.00324254645965993	-1.08431422710419	-0.322078734636307	
0.0422709584236145	-0.00581154879182577	-1.09067976474762	-0.262971580028534	
0.0416095219552517	-0.00951515603810549	-1.09220886230469	-0.201724156737328	
0.041341420263052	-0.0142683004960418	-1.08942091464996	-0.139210417866707	
0.0416701324284077	-0.0197651050984859	-1.08295297622681	-0.0760741755366325	
0.0426238626241684	-0.0255493670701981	-1.07340753078461	-0.0127006797119975	
0.0440483316779137	-0.0311153419315815	-1.06120371818542	0.050741832703352	
0.0456431396305561	-0.0360170640051365	-1.04645991325378	0.114206232130527	
0.047035925090313	-0.039962463080883	-1.02892982959747	0.177644744515419	
0.0478794649243355	-0.042871467769146	-1.00800919532776	0.240895286202431	
0.0479509420692921	-0.0448845066130161	-0.982814252376556	0.303606182336807	
0.0472301170229912	-0.0463180467486382	-0.952323973178864	0.365218907594681	
0.0459359399974346	-0.0475750789046288	-0.915563642978668	0.425011545419693	
0.0445081479847431	-0.0490283891558647	-0.871801376342773	0.482188820838928	
0.0435312166810036	-0.0509010516107082	-0.820726037025452	0.53599089384079	
0.0436100624501705	-0.0531706660985947	-0.762574911117554	0.585786461830139	
0.045218400657177	-0.0555203780531883	-0.698188781738281	0.631118595600128	
0.0485486201941967	-0.0573517605662346	-0.62898188829422	0.671684265136719	
0.05339515209198	-0.0578629970550537	-0.556826889514923	0.707245647907257	
0.0591000244021416	-0.0561832077801228	-0.483868986368179	0.737494647502899	
0.0645801573991776	-0.0515419095754623	-0.412292748689651	0.76190721988678	
0.0684419646859169	-0.0434444881975651	-0.344073802232742	0.779636740684509	
0.0691726058721542	-0.0318211689591408	-0.280749261379242	0.789491951465607	
0.0653815940022469	-0.0171196609735489	-0.223238885402679	0.79003369808197	
0.0560544021427631	-0.000319784274324775	-0.171742245554924	0.779797494411469	
0.0407739318907261	0.0171393025666475	-0.125727325677872	0.75762015581131	
0.0198676213622093	0.0335139036178589	-0.0840142369270325	0.723017871379852	
-0.00555215869098902	0.0469730943441391	-0.04494608938694	0.676539540290833	
-0.0336704738438129	0.0558476410806179	-0.0066281957551837	0.620009362697601	
-0.0621705651283264	0.0588729456067085	0.0327913649380207	0.556582629680634	
-0.0885277539491653	0.0553882196545601	0.0748317539691925	0.490561753511429	
-0.110353775322437	0.0454596653580666	0.120413705706596	0.426962465047836	
-0.125737816095352	0.0299068000167608	0.169650048017502	0.370868176221848	
-0.133528545498848	0.0102255595847964	0.221719592809677	0.326657921075821	
-0.1335089802742	-0.0115822944790125	0.274844020605087	0.297230541706085	
-0.126432508230209	-0.033249631524086	0.3263780772686	0.283365666866302	
-0.113910421729088	-0.0525199547410011	0.373012036085129	0.283354043960571	
-0.0981667637825012	-0.067419521510601	0.411074757575989	0.292997270822525	
-0.0816982239484787	-0.0764871835708618	0.436913162469864	0.30602166056633	
-0.0668942779302597	-0.0789306908845901	0.447313696146011	0.314881861209869	
-0.0556798577308655	-0.0746895372867584	0.439924001693726	0.311859250068665	
-0.049239844083786	-0.0643990859389305	0.413626819849014	0.290299504995346	
-0.0478710308670998	-0.049265019595623	0.368818759918213	0.245797201991081	
-0.0509855486452579	-0.0308702699840069	0.307551324367523	0.177127659320831	
-0.0572635382413864	-0.0109450966119766	0.233502596616745	0.0867550224065781	
-0.0649269223213196	0.00886477902531624	0.151763737201691	-0.0191961992532015	
-0.0720848962664604	0.0271988771855831	0.0684462487697601	-0.131536796689034	
-0.0770892053842545	0.0431246422231197	-0.00986282713711262	-0.239114999771118	
-0.0788357257843018	0.0562054067850113	-0.0767474919557571	-0.330278784036636	
-0.0769585371017456	0.0664888098835945	-0.126643151044846	-0.394487589597702	
-0.0718821808695793	0.0744230225682259	-0.155471444129944	-0.423829942941666	
-0.0647236034274101	0.0807180032134056	-0.161148682236671	-0.414211571216583	
-0.0570623874664307	0.0861764848232269	-0.143895924091339	-0.36602383852005	
-0.0506222918629646	0.0915219932794571	-0.106298968195915	-0.284181863069534	
-0.0469233244657516	0.0972503647208214	-0.0530956275761127	-0.177518904209137	
-0.0469693951308727	0.103526391088963	0.00929838139563799	-0.0576250404119492	
0.0472652912139893	-0.105474404990673	-0.00765350833535194	0.0539769195020199	
0.0511534921824932	-0.111527435481548	-0.0717723220586777	-0.0664642155170441	
0.0585598573088646	-0.11724603921175	-0.130093097686768	-0.174692839384079	
0.0682127475738525	-0.121872760355473	-0.175734430551529	-0.26044163107872	
0.078300341963768	-0.12451296299696	-0.203280568122864	-0.316752105951309	
0.086790606379509	-0.124274156987667	-0.209386870265007	-0.340683788061142	
0.0918025970458984	-0.120411820709705	-0.193125516176224	-0.333414196968079	
0.0919624269008636	-0.112462401390076	-0.156022578477859	-0.299740612506866	
0.0866788998246193	-0.100345849990845	-0.10177917778492	-0.247091352939606	
0.0762872993946075	-0.0844238996505737	-0.0357145704329014	-0.184226408600807	
0.0620323196053505	-0.0655055120587349	0.0359918922185898	-0.119850091636181	
0.0458894036710262	-0.0447967238724232	0.107152611017227	-0.0613604970276356	
0.0302521139383316	-0.0237984750419855	0.172396644949913	-0.0139249330386519	
0.0175371244549751	-0.00416194600984454	0.227850496768951	0.0199949145317078	
0.00977353006601334	0.0124840009957552	0.27157923579216	0.0406286008656025	
0.00824667140841484	0.024714756757021	0.303728103637695	0.0504396855831146	
0.0132581545040011	0.0314807444810867	0.326350569725037	0.0533455349504948	
0.024044482037425	0.032246470451355	0.342955231666565	0.0537818185985088	
0.0388701483607292	0.0270796492695808	0.357846885919571	0.0557946786284447	
0.0552817620337009	0.016676751896739	0.375366568565369	0.0623245239257813	
0.0704828053712845	0.00231795501895249	0.399149417877197	0.0747978091239929	
0.0817684605717659	-0.0142474845051765	0.431514114141464	0.0930766612291336	
0.0869502797722816	-0.0309758577495813	0.473074793815613	0.115744285285473	
0.0847023501992226	-0.0457459539175034	0.522629797458649	0.14064072072506	
0.074773982167244	-0.0565942004323006	0.577337265014648	0.165519446134567	
0.0580361224710941	-0.0619401149451733	0.633142292499542	0.188679307699203	
0.0363560803234577	-0.0607738569378853	0.685381591320038	0.209438920021057	
0.0123224947601557	-0.0527812168002129	0.729466795921326	0.228358805179596	
-0.0111339064314961	-0.0383883193135262	0.761537075042725	0.247172012925148	
-0.0311630386859179	-0.0187183953821659	0.77898120880127	0.268444746732712	
-0.045395839959383	0.00453579984605312	0.780752182006836	0.295042634010315	
-0.0522621870040894	0.029308782890439	0.767435073852539	0.329515933990479	
-0.0511814653873444	0.0534037053585052	0.741066575050354	0.373530089855194	
-0.0426026210188866	0.0747472047805786	0.704747557640076	0.427457064390182	
-0.0278950184583664	0.0916245430707932	0.662117719650269	0.49020728468895	
-0.00911445450037718	0.102864719927311	0.616782069206238	0.559334397315979	
0.011313384398818	0.107952065765858	0.571781635284424	0.631389200687408	
0.0309396740049124	0.107051707804203	0.52918803691864	0.702452719211578	
0.0476158708333969	0.100948363542557	0.489878386259079	0.768743515014648	
0.0597478114068508	0.0909103378653526	0.453513830900192	0.827185153961182	
0.0664487108588219	0.0785007998347282	0.418711632490158	0.875828444957733	
0.0675777494907379	0.0653650090098381	0.383369594812393	0.914055109024048	
0.0636696070432663	0.0530244112014771	0.34508028626442	0.942534804344177	
0.0557770915329456	0.0427055470645428	0.301562547683716	0.962954461574554	
0.0452600754797459	0.0352250151336193	0.251040488481522	0.97758150100708	
0.03355897590518	0.0309417024254799	0.192513793706894	0.988753378391266	
0.0219891779124737	0.0297764670103788	0.125886678695679	0.998393952846527	
0.0115850185975432	0.0312890373170376	0.0519475713372231	1.007648229599	
0.0030104061588645	0.0347938984632492	-0.0277818869799376	1.01669824123383	
-0.0034599406644702	0.0394925959408283	-0.111290998756886	1.0247859954834	
-0.00789692346006632	0.0445996634662151	-0.196367546916008	1.03042364120483	
-0.0106287049129605	0.0494431555271149	-0.280877202749252	1.03173995018005	
-0.0121301440522075	0.053527407348156	-0.362990587949753	1.0268816947937	
-0.0129129532724619	0.0565540716052055	-0.441327482461929	1.01438868045807	
-0.0134357092902064	0.0584055371582508	-0.515006601810455	0.99346512556076	
-0.0140460450202227	0.0591014660894871	-0.583606660366058	0.96410071849823	
-0.0149591751396656	0.0587428957223892	-0.647060036659241	0.927025735378265	
-0.0162691567093134	0.0574588440358639	-0.705510139465332	0.883522033691406	
-0.0179832614958286	0.0553674809634686	-0.759164452552795	0.835139989852905	
-0.0200666505843401	0.0525589101016521	-0.808173358440399	0.783390641212463	
-0.0224843695759773	0.0491003133356571	-0.852553248405457	0.729482293128967	
-0.025230310857296	0.0450581386685371	-0.892162144184113	0.674158930778503	
-0.0283372327685356	0.0405277982354164	-0.926722705364227	0.617672681808472	
-0.0318672470748425	0.035659447312355	-0.955879032611847	0.559889137744904	
-0.0358869694173336	0.0306695494800806	-0.979266703128815	0.500496625900269	
-0.040435004979372	0.0258316490799189	-0.996577501296997	0.439263999462128	
-0.0454908907413483	0.0214451812207699	-1.00760209560394	0.376282244920731	
-0.050953883677721	0.0177871249616146	-1.01224303245544	0.312129974365234	
-0.0566375777125359	0.0150562757626176	-1.01049900054932	0.247918084263802	
-0.0622825510799885	0.0133228730410337	-1.00242900848389	0.185198351740837	
-0.0675854310393333	0.0124963959679008	-0.988109588623047	0.125751301646233	
-0.0722392126917839	0.0123214293271303	-0.967603147029877	0.0712967216968536	
-0.0759774819016457	0.0124061396345496	-0.94094705581665	0.0231898333877325	
-0.0786146000027657	0.0122811021283269	-0.908173203468323	-0.0178288985043764	
-0.0800746157765388	0.0114794615656137	-0.869356274604797	-0.0517712906002998	
-0.0804041102528572	0.0096241096034646	-0.824681460857391	-0.0793898552656174	
-0.0797669142484665	0.00650494312867522	-0.774517416954041	-0.102011598646641	
-0.0784219354391098	0.00213007465936244	-0.719476580619812	-0.121244683861732	
-0.0766879990696907	-0.0032610259950161	-0.660445094108582	-0.138613790273666	
-0.0749012529850006	-0.00922756269574165	-0.598571538925171	-0.155196964740753	
-0.0733716115355492	-0.0151974931359291	-0.535209238529205	-0.171339705586433	
-0.0723443627357483	-0.0205664113163948	-0.471817046403885	-0.186508640646935	
-0.071971595287323	-0.0248077921569347	-0.409832209348679	-0.199321329593658	
-0.0722966343164444	-0.0275740344077349	-0.350533694028854	-0.207754030823708	
-0.0732524320483208	-0.0287686213850975	-0.294918060302734	-0.209494113922119	
-0.0746733769774437	-0.0285743996500969	-0.243608087301254	-0.202373906970024	
-0.0763181373476982	-0.0274308267980814	-0.196808323264122	-0.184804990887642	
-0.0779006704688072	-0.0259624999016523	-0.154314398765564	-0.156130239367485	
-0.0791255161166191	-0.0248706676065922	-0.115573152899742	-0.116824276745319	
-0.0797237977385521	-0.0248068124055862	-0.0797822698950768	-0.0685016363859177	
-0.0794861242175102	-0.0262513216584921	-0.0460120514035225	-0.0137269431725144	
0.0782891660928726	0.0294199921190739	0.0133290253579617	-0.0443406887352467	
0.0761128216981888	0.0342163592576981	-0.0190975815057755	-0.102406114339828	
0.0730459690093994	0.0402396991848946	-0.0519208870828152	-0.157517105340958	
0.0692793056368828	0.0468482784926891	-0.0855803340673447	-0.207478120923042	
0.0650852471590042	0.0532670803368092	-0.120304003357887	-0.251125901937485	
0.0607862882316113	0.0587208345532417	-0.156141728162766	-0.288420438766479	
0.0567148476839066	0.0625681206583977	-0.193016394972801	-0.320339679718018	
0.0531692691147327	0.0644119679927826	-0.230779126286507	-0.348602652549744	
0.0503717996180058	0.0641665086150169	-0.269255489110947	-0.375277161598206	
0.0484349280595779	0.0620673187077045	-0.308273792266846	-0.402347028255463	
0.0473419725894928	0.0586235970258713	-0.347673058509827	-0.431319624185562	
0.0469462983310223	0.0545211546123028	-0.387293249368668	-0.46294316649437	
0.0469909384846687	0.0504943765699863	-0.426956295967102	-0.497080653905869	
0.0471472293138504	0.0471911393105984	-0.466447919607162	-0.532754719257355	
0.0470676049590111	0.0450558885931969	-0.505510628223419	-0.568345725536346	
0.0464447401463985	0.04425248503685	-0.543854355812073	-0.601896643638611	
0.045067373663187	0.0446409247815609	-0.581186652183533	-0.631460547447205	
0.0428628958761692	0.0458116009831429	-0.617257595062256	-0.655421316623688	
0.0399182736873627	0.0471699424088001	-0.651910364627838	-0.672728717327118	
0.0364741906523705	0.048054713755846	-0.685124576091766	-0.683007478713989	
0.032891783863306	0.0478670224547386	-0.717039346694946	-0.686529040336609	
0.0295963641256094	0.0461852811276913	-0.747946321964264	-0.684061586856842	
0.0270070228725672	0.0428443513810635	-0.778248310089111	-0.676637589931488	
0.0254642758518457	0.0379642434418201	-0.808387041091919	-0.665293574333191	
0.0251688621938229	0.0319236628711224	-0.838749647140503	-0.65083646774292	
0.0261434633284807	0.0252844002097845	-0.869570732116699	-0.633684635162354	
0.0282253157347441	0.0186820905655622	-0.900848567485809	-0.613811135292053	
0.0310921780765057	0.0127050932496786	-0.932293653488159	-0.590793669223785	
0.0343177281320095	0.00778538687154651	-0.963322758674622	-0.563953995704651	
0.0374467074871063	0.00412257900461555	-0.993103742599487	-0.532549202442169	
0.0400757975876331	0.00165536010172218	-1.02064740657806	-0.495971411466599	
0.0419246628880501	8.51125005283393E-5	-1.04493200778961	-0.453909695148468	
0.0428829528391361	-0.00105404411442578	-1.06504106521606	-0.406442910432816	
0.0430235117673874	-0.0022937161847949	-1.08028876781464	-0.354046195745468	
0.0425784848630428	-0.00411928351968527	-1.09030973911285	-0.297516345977783	
0.0418826378881931	-0.0068704797886312	-1.09509658813477	-0.237838044762611	
0.0412951484322548	-0.0106746479868889	-1.09497308731079	-0.176025629043579	
0.0411161333322525	-0.0154259465634823	-1.09050822257996	-0.112978115677834	
0.0415159128606319	-0.0208141785115004	-1.08238399028778	-0.0493800975382328	
0.0424932055175304	-0.0263965614140034	-1.07123756408691	0.0143319591879845	
0.0438728518784046	-0.0316967181861401	-1.05751025676727	0.077935591340065	
0.0453457273542881	-0.0363093204796314	-1.04132771492004	0.141334637999535	
0.046544186770916	-0.0399873629212379	-1.02243828773499	0.204445108771324	
0.0471381507813931	-0.0426923856139183	-1.00022280216217	0.26708710193634	
0.0469309873878956	-0.044595442712307	-0.973778426647186	0.32891258597374	
0.0459327399730682	-0.0460268817842007	-0.942066431045532	0.389387309551239	
0.0443909950554371	-0.0473839342594147	-0.90410178899765	0.447830557823181	
0.0427671000361443	-0.0490145944058895	-0.859154105186462	0.503498911857605	
0.0416560657322407	-0.0511023588478565	-0.806927442550659	0.555687367916107	
0.041660375893116	-0.0535775609314442	-0.747687935829163	0.603814423084259	
0.043238952755928	-0.0560773201286793	-0.682315647602081	0.647462069988251	
0.046560138463974	-0.0579674653708935	-0.612269401550293	0.68635082244873	
0.0513900518417358	-0.0584283135831356	-0.539465188980103	0.720250725746155	
0.0570441819727421	-0.0565935559570789	-0.466083437204361	0.748847961425781	
0.0624205879867077	-0.0517203584313393	-0.394330024719238	0.771604239940643	
0.0661192312836647	-0.0433611012995243	-0.326183915138245	0.787657141685486	
0.0666358694434166	-0.0315048769116402	-0.263166666030884	0.795805037021637	
0.0626036450266838	-0.0166599228978157	-0.206165239214897	0.79460996389389	
0.0530439577996731	0.000142862569191493	-0.155333995819092	0.782624363899231	
0.0375829301774502	0.0174327827990055	-0.110089793801308	0.758718729019165	
0.0165920369327068	0.0334613509476185	-0.0692033395171165	0.72245717048645	
-0.00877840258181095	0.0464225336909294	-0.0309772193431854	0.674445807933807	
-0.0366877876222134	0.054699532687664	0.00650938646867871	0.61656779050827	
-0.0648104250431061	0.0571008697152138	0.045117199420929	0.552030920982361	
-0.0906315296888351	0.053048774600029	0.0863570868968964	0.485175490379333	
-0.111790902912617	0.0426896326243877	0.131127744913101	0.421034604310989	
-0.126420885324478	0.0269075632095337	0.179512187838554	0.36468493938446	
-0.133423283696175	0.00723712099716067	0.230659022927284	0.320474654436111	
-0.132637992501259	-0.0143136000260711	0.282767027616501	0.291251361370087	
-0.124872721731663	-0.0355044640600681	0.333181798458099	0.277729213237762	
-0.11178483068943	-0.0541348420083523	0.37860244512558	0.278128057718277	
-0.0956319719552994	-0.0683064833283424	0.415385603904724	0.288182318210602	
-0.0789295807480812	-0.0766409635543823	0.439922511577606	0.301563739776611	
-0.0640705674886703	-0.0784225761890411	0.449055433273315	0.310691803693771	
-0.0529691576957703	-0.0736491307616234	0.440491586923599	0.307836204767227	
-0.0467878319323063	-0.0629874989390373	0.413169026374817	0.286355257034302	
-0.0457924529910088	-0.0476445928215981	0.367527514696121	0.241877511143684	
-0.0493590496480465	-0.0291762873530388	0.305643767118454	0.173227831721306	
-0.0561296604573727	-0.00926484726369381	0.231199875473976	0.0829274356365204	
-0.0642888471484184	0.0105019118636847	0.149270176887512	-0.0228437483310699	
-0.0719114542007446	0.0288185440003872	0.0659316629171371	-0.1348517537117	
-0.0773197561502457	0.044792652130127	-0.0122749926522374	-0.241918250918388	
-0.0793865397572517	0.0580039322376251	-0.078984759747982	-0.332388192415237	
-0.0777305364608765	0.0684885606169701	-0.128681361675262	-0.395743519067764	
-0.0727697610855103	0.0766570717096329	-0.157325908541679	-0.424119681119919	
-0.0656241327524185	0.083162933588028	-0.162861317396164	-0.413489073514938	
-0.0578858144581318	0.0887450203299522	-0.145521074533463	-0.364322483539581	
-0.0512998886406422	0.0940693020820618	-0.107890695333481	-0.281617969274521	
-0.047414492815733	0.0995936095714569	-0.0546984858810902	-0.174285650253296	
-0.0472652912139893	0.105474404990673	0.00765350833535194	-0.0539769195020199	
0.0475036017596722	-0.107293926179409	-0.00599931133911014	0.0502630323171616	
0.0512133054435253	-0.112768918275833	-0.0700700208544731	-0.0702661350369453	
0.0584854185581207	-0.117804892361164	-0.128329426050186	-0.178282752633095	
0.0680659562349319	-0.12173068523407	-0.173896551132202	-0.263541370630264	
0.0781477615237236	-0.123749785125256	-0.201349511742592	-0.319132119417191	
0.0866883248090744	-0.12306272983551	-0.207333326339722	-0.342184543609619	
0.0917812958359718	-0.118995808064938	-0.190909847617149	-0.333959221839905	
0.0920155346393585	-0.111119568347931	-0.153599664568901	-0.299339890480042	
0.0867564678192139	-0.0993423759937286	-0.0991078615188599	-0.245833575725555	
0.0762977376580238	-0.0839671045541763	-0.0327699221670628	-0.182261481881142	
0.0618528984487057	-0.0657030045986176	0.0392056964337826	-0.117363296449184	
0.0453850105404854	-0.0456293672323227	0.110591776669025	-0.0585415028035641	
0.02930011972785	-0.0251125432550907	0.175972312688828	-0.010935565456748	
0.0160548575222492	-0.00568287167698145	0.231430351734161	0.0230500362813473	
0.00774385686963797	0.011117304675281	0.274996876716614	0.0437244027853012	
0.00573694007471204	0.0238995086401701	0.306799799203873	0.0536426901817322	
0.010428287088871	0.0315910652279854	0.328896999359131	0.0568134449422359	
0.0211413577198982	0.0335742346942425	0.344825267791748	0.0577501244843006	
0.0362073965370655	0.0297845937311649	0.358939170837402	0.0605514235794544	
0.0532063879072666	0.0207537841051817	0.375645250082016	0.0681760981678963	
0.0693323835730553	0.00758717488497496	0.398650705814362	0.0820299535989761	
0.0818245187401772	-0.00812601204961538	0.430341631174088	0.101915687322617	
0.0883945375680923	-0.0244642253965139	0.471383661031723	0.126323789358139	
0.0875826179981232	-0.0393726117908955	0.520601034164429	0.152978256344795	
0.0789854824542999	-0.0508881136775017	0.575145661830902	0.179506719112396	
0.0633220300078392	-0.0573642775416374	0.630922734737396	0.20408733189106	
0.0423283092677593	-0.0576675608754158	0.683198213577271	0.22593779861927	
0.0185008905827999	-0.0513191260397434	0.727290630340576	0.245549649000168	
-0.00526877073571086	-0.0385618396103382	0.759235084056854	0.264626741409302	
-0.0261103846132755	-0.0203414224088192	0.776319324970245	0.285748600959778	
-0.0415765978395939	0.00179816142190248	0.777412474155426	0.311833590269089	
-0.0499703921377659	0.0258932784199715	0.763044595718384	0.345515638589859	
-0.0505518764257431	0.0497909039258957	0.73523485660553	0.388562738895416	
-0.0435990355908871	0.0714008063077927	0.697107255458832	0.441453456878662	
-0.0303206741809845	0.0889364928007126	0.652363181114197	0.503194570541382	
-0.0126427719369531	0.101113215088844	0.604701101779938	0.571412801742554	
0.00709251686930656	0.107277408242226	0.557275712490082	0.642700254917145	
0.0264649111777544	0.107452005147934	0.512279748916626	0.713143169879913	
0.0432987213134766	0.102294199168682	0.470704853534698	0.778931260108948	
0.0559240207076073	0.0929747670888901	0.432308197021484	0.836930930614471	
0.0633432045578957	0.0809992253780365	0.395775765180588	0.885117650032043	
0.0652872174978256	0.0679984763264656	0.359041959047318	0.922792196273804	
0.0621640831232071	0.0555199086666107	0.319704055786133	0.950549960136414	
0.0549189075827599	0.0448479652404785	0.275457948446274	0.970020413398743	
0.044836014509201	0.0368772074580193	0.224484533071518	0.983438491821289	
0.0333198569715023	0.032051146030426	0.165729776024818	0.99313747882843	
0.0216902308166027	0.0303691551089287	0.0990431159734726	1.0010644197464	
0.0110209453850985	0.0314531736075878	0.0251659620553255	1.00841057300568	
0.00204028096050024	0.0346571020781994	-0.0544133149087429	1.01541972160339	
-0.0049007055349648	0.0391969121992588	-0.137700363993645	1.02140295505524	
-0.00979800149798393	0.0442785024642944	-0.22248263657093	1.02493977546692	
-0.0129179004579782	0.0492033697664738	-0.306611806154251	1.02421808242798	
-0.0146945491433144	0.0534386113286018	-0.388235926628113	1.01743113994598	
-0.0156237119808793	0.0566457323729992	-0.465949684381485	1.0031498670578	
-0.0161717366427183	0.0586711242794991	-0.53885018825531	0.980596244335175	
-0.0167127326130867	0.0595078393816948	-0.60650247335434	0.949766993522644	
-0.0174994133412838	0.0592425093054771	-0.668836712837219	0.911392629146576	
-0.0186656881123781	0.0580021664500237	-0.726005673408508	0.866753220558167	
-0.0202530436217785	0.0559133887290955	-0.778237104415894	0.8173987865448	
-0.022249311208725	0.0530814900994301	-0.825709402561188	0.764843285083771	
-0.0246277377009392	0.0495912805199623	-0.868471324443817	0.71030181646347	
-0.0273762308061123	0.0455250851809978	-0.906413733959198	0.654527544975281	
-0.0305105056613684	0.0409891344606876	-0.939289271831512	0.597781479358673	
-0.0340696200728416	0.0361374355852604	-0.966767132282257	0.53993546962738	
-0.0380969345569611	0.0311830639839172	-0.988502502441406	0.480678260326385	
-0.04261289909482	0.0263900756835938	-1.00420165061951	0.419771790504456	
-0.047587800770998	0.0220446120947599	-1.01366639137268	0.357292711734772	
-0.0529221929609776	0.0184094198048115	-1.01680874824524	0.293798983097076	
-0.0584407895803452	0.0156709607690573	-1.01363790035248	0.230376720428467	
-0.0639024302363396	0.0138913821429014	-1.00422489643097	0.168551996350288	
-0.0690251290798187	0.0129777370020747	-0.988661885261536	0.110081575810909	
-0.0735220089554787	0.0126781845465302	-0.967028200626373	0.0566657744348049	
-0.0771416798233986	0.0126097453758121	-0.939379155635834	0.00964567437767982	
-0.0797058790922165	0.0123155480250716	-0.90576297044754	-0.0302473865449429	
-0.0811375752091408	0.0113428952172399	-0.866266250610352	-0.0630309656262398	
-0.0814747586846352	0.00932822935283184	-0.821079730987549	-0.0894624814391136	
-0.0808676853775978	0.00607244996353984	-0.770569443702698	-0.110875874757767	
-0.0795599594712257	0.00159075495321304	-0.715336263179779	-0.128890678286552	
-0.0778568089008331	-0.0038748171646148	-0.656246662139893	-0.14504873752594	
-0.0760852620005608	-0.00988522544503212	-0.594422996044159	-0.160451009869576	
-0.0745523124933243	-0.015873596072197	-0.531188488006592	-0.175469949841499	
-0.073506623506546	-0.0212427210062742	-0.467971295118332	-0.189600303769112	
-0.0731087997555733	-0.0254736691713333	-0.406180262565613	-0.201485142111778	
-0.0734135061502457	-0.0282253231853247	-0.34707111120224	-0.209119945764542	
-0.0743650868535042	-0.0294053517282009	-0.291624218225479	-0.210202023386955	
-0.0758065953850746	-0.0291978605091572	-0.240453734993935	-0.202562853693962	
-0.077500656247139	-0.0280406512320042	-0.193762823939323	-0.184602707624435	
-0.0791594162583351	-0.0265543758869171	-0.151351302862167	-0.155644804239273	
-0.080480121076107	-0.0254351459443569	-0.112673312425613	-0.116139553487301	
-0.0811824351549149	-0.0253294911235571	-0.0769342929124832	-0.0676771551370621	
-0.081043504178524	-0.0267143938690424	-0.0432099960744381	-0.012802422977984	
0.079926922917366	0.0298048909753561	0.0105679109692574	-0.0453371927142143	
0.0778022110462189	0.0345070026814938	-0.0218275524675846	-0.10344797372818	
0.0747521445155144	0.0404256843030453	-0.0546403229236603	-0.158568874001503	
0.0709663406014442	0.0469273403286934	-0.0883257016539574	-0.208487272262573	
0.0667209401726723	0.0532462596893311	-0.12313074618578	-0.252018302679062	
0.0623459592461586	0.0586159266531467	-0.159124732017517	-0.289100468158722	
0.0581836067140102	0.0624013766646385	-0.196247458457947	-0.320694953203201	
0.0545426644384861	0.0642082691192627	-0.234361708164215	-0.348512679338455	
0.0516550242900848	0.0639485716819763	-0.273297071456909	-0.37462392449379	
0.0496411323547363	0.0618508048355579	-0.312877118587494	-0.40102544426918	
0.0484901964664459	0.058413028717041	-0.352927088737488	-0.429245918989182	
0.0480595864355564	0.054307509213686	-0.393265455961227	-0.460059344768524	
0.0480949208140373	0.0502550639212132	-0.433686822652817	-0.493353843688965	
0.04826919734478	0.0468926392495632	-0.473947018384933	-0.528171837329865	
0.0482358187437057	0.0446588732302189	-0.513759195804596	-0.562904357910156	
0.0476875826716423	0.0437188223004341	-0.552807807922363	-0.595593810081482	
0.0464118868112564	0.0439414419233799	-0.590781092643738	-0.624281942844391	
0.0443323850631714	0.044933307915926	-0.627417743206024	-0.647333323955536	
0.0415289737284184	0.046121321618557	-0.662557482719421	-0.66367495059967	
0.0382312908768654	0.0468679033219814	-0.696183323860168	-0.672910809516907	
0.0347855240106583	0.0465961210429668	-0.728442251682281	-0.675299346446991	
0.031599048525095	0.0449006929993629	-0.759635031223297	-0.671607434749603	
0.0290719382464886	0.0416237041354179	-0.790171384811401	-0.662880480289459	
0.027527242898941	0.036881148815155	-0.820494472980499	-0.650181531906128	
0.0271527785807848	0.0310360472649336	-0.850985109806061	-0.634354770183563	
0.0279656443744898	0.0246244110167027	-0.881862640380859	-0.615861356258392	
0.029806861653924	0.0182494204491377	-0.9131019115448	-0.594716012477875	
0.0323680154979229	0.0124651808291674	-0.944384098052979	-0.570530891418457	
0.0352457612752914	0.00767316622659564	-0.975094377994537	-0.542649507522583	
0.0380143672227859	0.00405153958126903	-1.00437128543854	-0.510335326194763	
0.0403026603162289	0.00153073482215405	-1.03120291233063	-0.472970932722092	
0.0418603494763374	-0.000180806397111155	-1.05455636978149	-0.430223107337952	
0.0426003076136112	-0.00152696378063411	-1.07351779937744	-0.382140964269638	
0.042607918381691	-0.00300536793656647	-1.0874195098877	-0.32916933298111	
0.0421148836612701	-0.00506064388900995	-1.09592819213867	-0.272081524133682	
0.0414423868060112	-0.00799161940813065	-1.09907960891724	-0.211851790547371	
0.040924895554781	-0.0118915634229779	-1.09724700450897	-0.149500980973244	
0.0408306606113911	-0.0166334863752127	-1.09105026721954	-0.0859526321291924	
0.0412962920963764	-0.0219030771404505	-1.08121609687805	-0.0219315532594919	
0.0422906205058098	-0.0272717382758856	-1.06841766834259	0.0420752540230751	
0.0436175130307674	-0.0322936773300171	-1.05311834812164	0.105791822075844	
0.0449593253433704	-0.0366056598722935	-1.03545188903809	0.169073730707169	
0.0459536761045456	-0.040007159113884	-1.01516175270081	0.231801614165306	
0.0462883748114109	-0.04250243678689	-0.991614520549774	0.29377880692482	
0.0457938797771931	-0.0442937724292278	-0.963888823986053	0.354661792516708	
0.0445114001631737	-0.0457253344357014	-0.93092930316925	0.413941562175751	
0.0427178889513016	-0.047187864780426	-0.891741394996643	0.470979541540146	
0.0408967696130276	-0.0490032993257046	-0.845596849918365	0.525084912776947	
0.0396537147462368	-0.0513139106333256	-0.792215645313263	0.57560783624649	
0.0395885556936264	-0.0540010631084442	-0.731892824172974	0.622017085552216	
0.041144922375679	-0.0566543564200401	-0.665547966957092	0.663933336734772	
0.0444664172828197	-0.0586028583347797	-0.59468400478363	0.701100528240204	
0.0492900870740414	-0.0590086355805397	-0.521259784698486	0.73329621553421	
0.0549042038619518	-0.0570102855563164	-0.447489947080612	0.760200679302216	
0.060187466442585	-0.0518935695290565	-0.375600695610046	0.781261503696442	
0.0637331753969193	-0.0432593189179897	-0.307573437690735	0.795600533485413	
0.0640457272529602	-0.0311571229249239	-0.244913145899773	0.802006602287292	
0.059782151132822	-0.016157329082489	-0.18847331404686	0.799043953418732	
0.0500001683831215	0.000656834861729294	-0.138362362980843	0.785282909870148	
0.0343695320188999	0.0177824124693871	-0.0939454734325409	0.759628713130951	
0.0133060142397881	0.0334660410881042	-0.0539434738457203	0.721694350242615	
-0.0120021086186171	0.0459270775318146	-0.0166178718209267	0.672143340110779	
-0.039688840508461	0.0536021888256073	0.0199789367616177	0.61291778087616	
-0.0674201250076294	0.0553742870688438	0.0577172748744488	0.547276854515076	
-0.0926918461918831	0.0507499538362026	0.0981006920337677	0.479597210884094	
-0.113172747194767	0.0399568527936935	0.142006918787956	0.414927154779434	
-0.127039089798927	0.0239444002509117	0.189490243792534	0.358334362506866	
-0.13324636220932	0.00428593531250954	0.239670053124428	0.314134180545807	
-0.131691560149193	-0.0170044898986816	0.290723025798798	0.285121351480484	
-0.123236410319805	-0.0377145744860172	0.339985966682434	0.271944016218185	
-0.109583705663681	-0.055700670927763	0.384166836738586	0.272751450538635	
-0.0930236950516701	-0.0691412314772606	0.419649660587311	0.283212393522263	
-0.0760894417762756	-0.0767416283488274	0.442869305610657	0.296946257352829	
-0.0611761845648289	-0.0778634250164032	0.45072278380394	0.306340217590332	
-0.0501866266131401	-0.072563037276268	0.440975904464722	0.30365526676178	
-0.0442604720592499	-0.0615386813879013	0.412621021270752	0.282264620065689	
-0.0436328053474426	-0.0459978617727757	0.366140425205231	0.237832337617874	
-0.0476442463696003	-0.027468528598547	0.303635567426682	0.169233039021492	
-0.0548998527228832	-0.00758393155410886	0.228792607784271	0.0790437608957291	
-0.0635481774806976	0.0121269375085831	0.146669343113899	-0.0265027955174446	
-0.0716310515999794	0.0304143317043781	0.0633088275790215	-0.13813154399395	
-0.0774422883987427	0.0464263074100018	-0.0147940069437027	-0.244641914963722	
-0.0798321142792702	0.059758797287941	-0.081324577331543	-0.334380030632019	
-0.0784037485718727	0.0704360082745552	-0.130814611911774	-0.396854013204575	
-0.073567807674408	0.0788300931453705	-0.159264758229256	-0.42424863576889	
-0.0664457455277443	0.0855371803045273	-0.164644986391068	-0.412604063749313	
-0.0586404912173748	0.0912315174937248	-0.147201985120773	-0.362469792366028	
-0.0519166067242622	0.0965210720896721	-0.109521999955177	-0.278924822807312	
-0.0478488095104694	0.101825669407845	-0.0563250631093979	-0.170952871441841	
-0.0475036017596722	0.107293926179409	0.00599931133911014	-0.0502630323171616	
0.0476840361952782	-0.108982719480991	-0.00433780485764146	0.0464879125356674	
0.0512105375528336	-0.11386426538229	-0.0683725401759148	-0.0740942358970642	
0.0583395063877106	-0.118203051388264	-0.126579463481903	-0.18186691403389	
0.0678361877799034	-0.12141577154398	-0.172077596187592	-0.266608655452728	
0.0779003277420998	-0.122805677354336	-0.199438720941544	-0.321459054946899	
0.086481437087059	-0.121667958796024	-0.205297693610191	-0.343617141246796	
0.0916501134634018	-0.117401011288166	-0.188706338405609	-0.334425181150436	
0.0919596403837204	-0.10961028188467	-0.151180222630501	-0.298851132392883	
0.0867327824234962	-0.0981927439570427	-0.0964288860559464	-0.2444788813591	
0.0762210115790367	-0.0833918526768684	-0.0298046469688416	-0.180189073085785	
0.0616049543023109	-0.0658157914876938	0.042454220354557	-0.114756047725677	
0.0448324270546436	-0.0464150384068489	0.114080004394054	-0.0555869415402412	
0.0283184442669153	-0.0264186449348927	0.179610431194305	-0.00779464514926076	
0.0145559767261147	-0.00723299896344543	0.2350834608078	0.0262715499848127	
0.00570206064730883	0.00968935526907444	0.278494119644165	0.0469980426132679	
0.00320893945172429	0.0229991935193539	0.309950590133667	0.0570296086370945	
0.0075628305785358	0.0316033773124218	0.331512778997421	0.0604648552834988	
0.0181753672659397	0.0348037593066692	0.346743285655975	0.0618951208889484	
0.0334474705159664	0.0324045270681381	0.360044687986374	0.0654731690883636	
0.050996832549572	0.0247719790786505	0.375888079404831	0.07417893409729	
0.0680132731795311	0.012834819033742	0.398052901029587	0.0894013494253159	
0.0816851779818535	-0.00198089983314276	0.428994327783585	0.110887855291367	
0.0896291509270668	-0.0178799740970135	0.469432473182678	0.137039944529533	
0.0902547389268875	-0.0328787937760353	0.518221795558929	0.165468275547028	
0.0830073952674866	-0.0450199283659458	0.572513401508331	0.193675503134727	
0.0684530660510063	-0.0525957308709621	0.628177881240845	0.21971794962883	
0.0481934137642384	-0.0543528646230698	0.680416107177734	0.242709040641785	
0.0246279183775187	-0.0496503971517086	0.724457621574402	0.263066053390503	
0.000602450920268893	-0.03854875639081	0.75623631477356	0.282457202672958	
-0.0209992472082376	-0.021815063431859	0.772939682006836	0.303468227386475	
-0.037657868117094	-0.000841548142489046	0.773351609706879	0.329063594341278	
-0.0475545562803745	0.022514533251524	0.757943868637085	0.361955791711807	
-0.0497932657599449	0.0461496040225029	0.728713154792786	0.404012113809586	
-0.0444817580282688	0.0679626688361168	0.688800632953644	0.45581716299057	
-0.0326666012406349	0.0861013606190681	0.641963422298431	0.516475796699524	
-0.016140041872859	0.0991721302270889	0.59198796749115	0.583692252635956	
0.0028448726516217	0.106386996805668	0.542138874530792	0.654105722904205	
0.0219029169529676	0.107628278434277	0.494728058576584	0.723814845085144	
0.038837842643261	0.103425160050392	0.450862050056458	0.788987278938293	
0.0519098192453384	0.0948485136032104	0.410396635532379	0.846438407897949	
0.0600148104131222	0.0833422169089317	0.372090846300125	0.89407342672348	
0.0627580136060715	0.0705177709460258	0.333921313285828	0.931114792823792	
0.0604211837053299	0.0579430870711803	0.293496072292328	0.958084285259247	
0.053840059787035	0.0469554215669632	0.248493582010269	0.976553022861481	
0.0442201420664787	0.038523118942976	0.197056129574776	0.988721013069153	
0.0329255014657974	0.033171471208334	0.138078674674034	0.996913909912109	
0.0212755184620619	0.0309772025793791	0.0713567957282066	1.003098487854	
0.0103788450360298	0.0316249020397663	-0.0024162707850337	1.00850892066956	
0.00102432142011821	0.0345097817480564	-0.0817881673574448	1.01344883441925	
-0.00636325683444738	0.0388651862740517	-0.164784878492355	1.01729655265808	
-0.0117061380296946	0.0438918806612492	-0.249198004603386	1.0186995267868	
-0.0152085088193417	0.0488683618605137	-0.332869708538055	1.0159056186676	
-0.0172623638063669	0.0532276034355164	-0.413929253816605	1.00715589523315	
-0.0183452274650335	0.0565932914614677	-0.490949124097824	0.991055130958557	
-0.0189285147935152	0.0587771534919739	-0.563006222248077	0.966844856739044	
-0.019410127773881	0.0597459599375725	-0.629652738571167	0.934530377388	
-0.0200780127197504	0.0595713518559933	-0.690815627574921	0.894843995571136	
-0.0211043413728476	0.0583771429955959	-0.746656060218811	0.849064469337463	
-0.0225640311837196	0.0562967583537102	-0.797420561313629	0.798741400241852	
-0.0244676116853952	0.053449098020792	-0.843314409255981	0.745391249656677	
-0.0267972238361835	0.0499352365732193	-0.884417831897736	0.690235078334808	
-0.0295359399169683	0.045852392911911	-0.920654237270355	0.634034335613251	
-0.0326837673783302	0.0413171127438545	-0.951806664466858	0.57705819606781	
-0.0362579897046089	0.0364872291684151	-0.977570235729218	0.519183933734894	
-0.0402797311544418	0.0315726920962334	-0.997620701789856	0.460100084543228	
-0.0447519347071648	0.0268285498023033	-1.01167988777161	0.39956122636795	
-0.0496358722448349	0.0225281473249197	-1.01956140995026	0.337629288434982	
-0.0548332370817661	0.0189203731715679	-1.02118742465973	0.274840831756592	
-0.0601794682443142	0.0161795485764742	-1.01657700538635	0.212256550788879	
-0.0654511600732803	0.0143597172573209	-1.00581347942352	0.151375979185104	
-0.0703872442245483	0.0133653189986944	-0.989002883434296	0.0939311161637306	
-0.0747206434607506	0.0129478257149458	-0.96624094247818	0.0416017584502697	
-0.0782149061560631	0.0127328559756279	-0.937600076198578	-0.00428610248491168	
-0.0806992799043655	0.0122759314253926	-0.90314394235611	-0.0430109798908234	
-0.0820960029959679	0.0111384959891438	-0.862970948219299	-0.0745965987443924	
-0.0824349820613861	0.00897066947072744	-0.817277371883392	-0.0998053774237633	
-0.0818533375859261	0.00558458687737584	-0.766426920890808	-0.119977898895741	
-0.0805797502398491	0.00100278807803988	-0.711009442806244	-0.136744529008865	
-0.0789060369133949	-0.00452992646023631	-0.651872217655182	-0.151663586497307	
-0.0771500766277313	-0.0105762165039778	-0.590111553668976	-0.165858283638954	
-0.0756156444549561	-0.0165745094418526	-0.527020514011383	-0.17972756922245	
-0.074554331600666	-0.0219350960105658	-0.463995844125748	-0.19279408454895	
-0.0741346925497055	-0.0261470805853605	-0.402417123317719	-0.203726574778557	
-0.0744222030043602	-0.0288762915879488	-0.343515634536743	-0.210540175437927	
-0.0753721445798874	-0.030034963041544	-0.288254112005234	-0.210942879319191	
-0.0768360197544098	-0.0298086572438478	-0.237237006425858	-0.202766180038452	
-0.0785804018378258	-0.028633451089263	-0.190665051341057	-0.184399858117104	
-0.0803158953785896	-0.0271256994456053	-0.148341715335846	-0.155148148536682	
-0.081732913851738	-0.0259757917374372	-0.10972847789526	-0.115437582135201	
-0.0825402438640594	-0.0258245747536421	-0.0740390047430992	-0.066834069788456	
-0.0825021415948868	-0.027144918218255	-0.0403552986681461	-0.0118623049929738	
0.0814696326851845	0.0301505513489246	0.00774684781208634	-0.0463424734771252	
0.0794021189212799	0.0347497425973415	-0.0246257185935974	-0.104488670825958	
0.076376274228096	0.0405532866716385	-0.0574362836778164	-0.159607082605362	
0.0725803300738335	0.0469363033771515	-0.0911554768681526	-0.209468573331833	
0.0682935863733292	0.0531433075666428	-0.126049160957336	-0.252866953611374	
0.0638527870178223	0.0584176778793335	-0.162206262350082	-0.28971928358078	
0.0596091002225876	0.0621320568025112	-0.199583992362022	-0.320969790220261	
0.055880893021822	0.0638956725597382	-0.238057285547256	-0.348320871591568	
0.0529090724885464	0.0636189207434654	-0.277460336685181	-0.373844742774963	
0.0508216470479965	0.0615233555436134	-0.31761223077774	-0.399550914764404	
0.0496136918663979	0.0580954141914845	-0.358324468135834	-0.426989108324051	
0.04914690554142	0.0539928711950779	-0.399393439292908	-0.456959128379822	
0.04917012155056	0.0499216914176941	-0.440585732460022	-0.489374667406082	
0.0493588484823704	0.0465064756572247	-0.481626123189926	-0.523298501968384	
0.0493684224784374	0.0441787801682949	-0.522197186946869	-0.55713301897049	
0.0488926582038403	0.0431039147078991	-0.561956703662872	-0.588920891284943	
0.0477183349430561	0.0431593731045723	-0.600572645664215	-0.616693377494812	
0.0457657910883427	0.0439680851995945	-0.637771487236023	-0.638796150684357	
0.0431078895926476	0.0449791513383389	-0.673389315605164	-0.654133796691895	
0.0399629138410091	0.0455798022449017	-0.707412481307983	-0.662289679050446	
0.0366614274680614	0.0452164523303509	-0.739996254444122	-0.663508892059326	
0.0335919931530952	0.0435014627873898	-0.771450877189636	-0.658556938171387	
0.0311346724629402	0.0402852222323418	-0.802193820476532	-0.64849191904068	
0.0295941065996885	0.0356803275644779	-0.832670092582703	-0.634403347969055	
0.0291444323956966	0.0300341714173555	-0.863254487514496	-0.61717277765274	
0.029796713963151	0.0238564945757389	-0.894151568412781	-0.59730452299118	
0.0313956402242184	0.0177170913666487	-0.925312936306	-0.574855804443359	
0.0336468815803528	0.0121346330270171	-0.956390261650085	-0.549474239349365	
0.0361706055700779	0.00747889652848244	-0.986737012863159	-0.520526170730591	
0.0385713502764702	0.00390563416294754	-1.01546227931976	-0.487282544374466	
0.0405109003186226	0.00133646349422634	-1.04153203964233	-0.449117541313171	
0.0417697243392467	-0.000513163686264306	-1.0639021396637	-0.405676543712616	
0.0422844626009464	-0.00206466834060848	-1.08166229724884	-0.356979519128799	
0.0421532839536667	-0.00378084904514253	-1.094162940979	-0.303441345691681	
0.0416074171662331	-0.00606450857594609	-1.1011039018631	-0.245811954140663	
0.0409541353583336	-0.00917253270745277	-1.10256469249725	-0.185054793953896	
0.0405026786029339	-0.0131633309647441	-1.09896898269653	-0.122196815907955	
0.0404888540506363	-0.0178884360939264	-1.09098744392395	-0.0581854768097401	
0.0410150289535522	-0.0230296235531569	-1.07939291000366	0.00621502194553614	
0.0420198105275631	-0.028173228725791	-1.06489431858063	0.0704679936170578	
0.0432860516011715	-0.0329051986336708	-1.04797780513763	0.134244918823242	
0.0444878377020359	-0.0369057506322861	-1.02878570556641	0.19735412299633	
0.0452686138451099	-0.0400221645832062	-1.00705707073212	0.259641945362091	
0.0453348755836487	-0.0423024483025074	-0.982144832611084	0.320895999670029	
0.0445450767874718	-0.0439806208014488	-0.953110158443451	0.380778282880783	
0.0429724343121052	-0.0454145669937134	-0.918881773948669	0.438806027173996	
0.0409239530563354	-0.0469877943396568	-0.87845653295517	0.494383603334427	
0.0389055237174034	-0.0489949099719524	-0.831109166145325	0.546873331069946	
0.0375335179269314	-0.0515353791415691	-0.776575922966003	0.595680832862854	
0.0374048054218292	-0.0544399730861187	-0.715181291103363	0.64032518863678	
0.0389471314847469	-0.0572493672370911	-0.647883832454681	0.680465579032898	
0.0422785580158234	-0.0592549405992031	-0.576230347156525	0.715869128704071	
0.0471062697470188	-0.0596002303063869	-0.502221345901489	0.746320605278015	
0.0526905953884125	-0.057429127395153	-0.428104966878891	0.771494030952454	
0.0578904189169407	-0.0520570129156113	-0.356126338243484	0.790822982788086	
0.0612921826541424	-0.0431346036493778	-0.288268148899078	0.803414106369019	
0.0614090524613857	-0.0307736359536648	-0.226017847657204	0.80804717540741	
0.0569223277270794	-0.0156081132590771	-0.170194506645203	0.803289711475372	
0.0469265691936016	0.00122521072626114	-0.120860047638416	0.787731170654297	
0.0311356652528048	0.0181904602795839	-0.0773275420069695	0.760312497615814	
0.010010045953095	0.0335293598473072	-0.0382675342261791	0.720696449279785	
-0.0152239529415965	0.0454872436821461	-0.00190009723883122	0.669604301452637	
-0.0426751747727394	0.0525552965700626	0.0337496288120747	0.609036505222321	
-0.0700017809867859	0.0536921508610249	0.0705622360110283	0.542302489280701	
-0.0947111025452614	0.0484900921583176	0.11003477871418	0.473813593387604	
-0.114501781761646	0.0372591763734818	0.153025075793266	0.408631086349487	
-0.127594873309135	0.0210148263722658	0.199559733271599	0.351811230182648	
-0.133000150322914	0.00136933394242078	0.248729959130287	0.307634443044662	
-0.130671977996826	-0.0196576807647943	0.298691064119339	0.278841108083725	
-0.121525935828686	-0.039882592856884	0.346771657466888	0.266012698411942	
-0.107309557497501	-0.0572198964655399	0.389688521623611	0.267228364944458	
-0.0903447046875954	-0.0699259862303734	0.423852652311325	0.278092682361603	
-0.0731808841228485	-0.0767911374568939	0.445741802453995	0.29217517375946	
-0.058214507997036	-0.0772549882531166	0.452306658029556	0.301833599805832	
-0.047335859388113	-0.0714329034090042	0.441370487213135	0.299323111772537	
-0.0416614003479481	-0.060054324567318	0.411978870630264	0.278034508228302	
-0.0413955375552177	-0.0443267934024334	0.364655673503876	0.233668699860573	
-0.0458441376686096	-0.0257494673132896	0.301526755094528	0.165150329470634	
-0.053576398640871	-0.00590557465329766	0.226282179355621	0.0751109570264816	
-0.0627062693238258	0.0137356659397483	0.143963560461998	-0.0301665402948856	
-0.071243979036808	0.0319809466600418	0.0605805143713951	-0.141369730234146	
-0.0774560198187828	0.0480191707611084	-0.0174169931560755	-0.247280076146126	
-0.0801706984639168	0.0614625290036201	-0.0837642177939415	-0.336249172687531	
-0.0789756551384926	0.0723229050636292	-0.133040487766266	-0.397814959287643	
-0.074273370206356	0.080933466553688	-0.161285892128944	-0.424214005470276	
-0.0671854317188263	0.0878322422504425	-0.166497811675072	-0.411555141210556	
-0.059323713183403	0.0936282128095627	-0.148936897516251	-0.360465914011002	
-0.0524703711271286	0.0988709032535553	-0.111191153526306	-0.276104092597961	
-0.0482250526547432	0.103942006826401	-0.0579735226929188	-0.167523801326752	
-0.0476840361952782	0.108982719480991	0.00433780485764146	-0.0464879125356674	
0.0478063747286797	-0.110538735985756	-0.00267101358622313	0.0426561497151852	
0.0511458739638329	-0.114814028143883	-0.0666820332407951	-0.0779430940747261	
0.0581235103309155	-0.11844365298748	-0.124845489859581	-0.185439497232437	
0.0675252452492714	-0.120933458209038	-0.170279905200005	-0.269637703895569	
0.0775599181652069	-0.121687889099121	-0.197550624608994	-0.323727518320084	
0.0861715525388718	-0.120098188519478	-0.203282460570335	-0.344977021217346	
0.0914100930094719	-0.11563603579998	-0.186517640948296	-0.334808588027954	
0.0917950794100761	-0.107942625880241	-0.148767217993736	-0.298272341489792	
0.086607463657856	-0.0969037935137749	-0.0937457382678986	-0.243026539683342	
0.0760561600327492	-0.0827031955122948	-0.0268230102956295	-0.17800971865654	
0.0612872280180454	-0.0658469051122665	0.0457322150468826	-0.112029865384102	
0.044230479747057	-0.0471548028290272	0.117610856890678	-0.0524990148842335	
0.0273064244538546	-0.0277162715792656	0.183303266763687	-0.00450472394004464	
0.013040660880506	-0.00881090946495533	0.238800883293152	0.029656857252121	
0.00364937214180827	0.00820161681622267	0.282060831785202	0.0504470281302929	
0.000664963852614164	0.0220143757760525	0.313169479370117	0.0605980455875397	
0.00466491933912039	0.0315164588391781	0.334186345338821	0.0642971992492676	
0.0151500264182687	0.0359313189983368	0.348697513341904	0.066213570535183	
0.0305936168879271	0.0349327996373177	0.361151695251465	0.0705552846193314	
0.0486553236842155	0.0287217199802399	0.376083463430405	0.0803261324763298	
0.0665258839726448	0.0180486533790827	0.397344559431076	0.0969018936157227	
0.0813483744859695	0.00417373003438115	0.427460610866547	0.119978919625282	
0.0906491428613663	-0.0112380823120475	0.467209160327911	0.147873654961586	
0.0927106887102127	-0.0262791141867638	0.515479028224945	0.178086280822754	
0.0868289470672607	-0.0390026308596134	0.569425642490387	0.207995772361755	
0.0734163522720337	-0.0476446859538555	0.624890863895416	0.235535770654678	
0.0539374127984047	-0.0508362986147404	0.677015721797943	0.259712427854538	
0.0306897461414337	-0.0477773807942867	0.720945596694946	0.280863851308823	
0.00646747602149844	-0.0383471511304379	0.752516150474548	0.30061611533165	
-0.0158389993011951	-0.0231335293501616	0.768815934658051	0.321554332971573	
-0.0336449407041073	-0.00337447528727353	0.768542528152466	0.346682399511337	
-0.0450150556862354	0.0191833227872849	0.752106428146362	0.378785878419876	
-0.0489006787538528	0.0424911640584469	0.721476972103119	0.419827908277512	
-0.045240618288517	0.064443364739418	0.67980682849884	0.47049805521965	
-0.0349179916083813	0.0831276625394821	0.630902707576752	0.530000925064087	
-0.0195878278464079	0.0970469415187836	0.578633368015289	0.596122026443481	
-0.00140879384707659	0.105282619595528	0.526369273662567	0.665553748607635	
0.0172752980142832	0.107578419148922	0.476539015769958	0.734413802623749	
0.034254252910614	0.104335494339466	0.430363982915878	0.798854887485504	
0.0477243587374687	0.0965227782726288	0.38780078291893	0.855647921562195	
0.0564798712730408	0.0855188220739365	0.347685486078262	0.902632594108582	
0.0600031279027462	0.0729108974337578	0.308042407035828	0.938956618309021	
0.058450423181057	0.0602820478379726	0.266496151685715	0.965069115161896	
0.0525469183921814	0.0490171536803246	0.220713451504707	0.982482254505157	
0.0434163250029087	0.0401539355516434	0.168802589178085	0.993358850479126	
0.0323781706392765	0.0342963822185993	0.109610520303249	1.0000137090683	
0.0207466706633568	0.0315970443189144	0.0428800843656063	1.00442981719971	
0.00966067612171173	0.0318033136427402	-0.0307445265352726	1.00788104534149	
-3.43878309649881E-5	0.0343533083796501	-0.10984955728054	1.01072800159454	
-0.0078428303822875	0.0385005138814449	-0.192485153675079	1.01241552829742	
-0.013614627532661	0.0434439405798912	-0.276451617479324	1.01165795326233	
-0.0174919161945581	0.0484426319599152	-0.359586030244827	1.00676417350769	
-0.0198233556002378	0.0528986193239689	-0.440002948045731	0.996024429798126	
-0.0210661273449659	0.0564002320170403	-0.516255557537079	0.978079080581665	
-0.0216941125690937	0.0587260611355305	-0.587402582168579	0.952191352844238	
-0.0221263393759727	0.0598170943558216	-0.652983486652374	0.918377041816711	
-0.0226836502552032	0.0597295835614204	-0.712922155857086	0.87737113237381	
-0.0235747564584017	0.0585830397903919	-0.767386853694916	0.830451846122742	
-0.0249070730060339	0.056516245007515	-0.816641628742218	0.779168367385864	
-0.0267136804759502	0.0536601208150387	-0.860917150974274	0.72503924369812	
-0.0289861653000116	0.0501305907964706	-0.900324463844299	0.669290721416473	
-0.0317038036882877	0.0460387468338013	-0.934818923473358	0.612691581249237	
-0.0348521769046783	0.0415108762681484	-0.964214146137238	0.555518507957458	
-0.0384280681610107	0.036708477884531	-0.988231897354126	0.497653156518936	
-0.0424314253032207	0.0318386033177376	-1.00656950473785	0.438783347606659	
-0.0468483865261078	0.0271476879715919	-1.01896524429321	0.378655761480331	
-0.0516314990818501	0.022896746173501	-1.02524495124817	0.317316949367523	
-0.0566835254430771	0.0193211808800697	-1.02534151077271	0.25528159737587	
-0.0618502832949162	0.016583388671279	-1.01928377151489	0.193584337830544	
-0.0669256299734116	0.0147293200716376	-1.00716638565063	0.133697226643562	
-0.071668915450573	0.0136606702581048	-0.989108800888062	0.0773265734314919	
-0.0758325532078743	0.0131319891661406	-0.965222060680389	0.0261307135224342	
-0.0791948735713959	0.0127772679552436	-0.935594439506531	-0.0185803454369307	
-0.0815927758812904	0.0121642714366317	-0.900304555892944	-0.0560956597328186	
-0.0829480737447739	0.010868557728827	-0.859462201595306	-0.0864455252885818	
-0.0832830369472504	0.00855403300374746	-0.813269257545471	-0.11039737612009	
-0.0827221572399139	0.00504426285624504	-0.762087345123291	-0.129298180341721	
-0.0814795941114426	0.00036935243406333	-0.706495821475983	-0.144788548350334	
-0.0798339322209358	-0.00522297574207187	-0.647323071956635	-0.158442631363869	
-0.078093945980072	-0.0112970490008593	-0.585639774799347	-0.171405166387558	
-0.0765599012374878	-0.017296738922596	-0.522708654403687	-0.184101030230522	
-0.07548588514328	-0.0226401425898075	-0.45989453792572	-0.196080520749092	
-0.0750478580594063	-0.0268248207867146	-0.398546934127808	-0.206038102507591	
-0.0753215104341507	-0.029523991048336	-0.339871436357498	-0.21200904250145	
-0.0762725993990898	-0.0306548159569502	-0.2848120033741	-0.211712658405304	
-0.0777608007192612	-0.0304044857621193	-0.233961999416351	-0.202981263399124	
-0.0795565918087959	-0.0292072743177414	-0.187518984079361	-0.184194982051849	
-0.0813692733645439	-0.0276748724281788	-0.145289525389671	-0.154639720916748	
-0.0828828662633896	-0.0264913588762283	-0.106742441654205	-0.114718519151211	
-0.0837958604097366	-0.0262911804020405	-0.071100041270256	-0.065973088145256	
-0.0838602632284164	-0.0275423713028431	-0.0374514311552048	-0.0109077347442508	
0.0829150453209877	0.0304568149149418	0.00486911879852414	-0.0473550334572792	
0.0809098333120346	0.0349447876214981	-0.0274890121072531	-0.105526395142078	
0.0779152512550354	0.0406230688095093	-0.0603059157729149	-0.160629659891129	
0.07411789894104	0.0468760617077351	-0.0940669551491737	-0.210419714450836	
0.0697996839880943	0.0529594011604786	-0.129056617617607	-0.253669381141663	
0.0653033405542374	0.0581274889409542	-0.165383562445641	-0.290274262428284	
0.0609880723059177	0.0617616884410381	-0.203022837638855	-0.321161568164825	
0.057181004434824	0.0634757727384567	-0.241862073540688	-0.348024696111679	
0.0541313327848911	0.063179150223732	-0.281740516424179	-0.37293741106987	
0.0519741922616959	0.0610864907503128	-0.322473078966141	-0.397921442985535	
0.0507104247808456	0.0576721765100956	-0.363857388496399	-0.424547493457794	
0.0502063259482384	0.0535785853862762	-0.405667394399643	-0.45364111661911	
0.0502145476639271	0.0494955629110336	-0.447640895843506	-0.48514187335968	
0.0504139736294746	0.0460339970886707	-0.489470541477203	-0.518133521080017	
0.050462830811739	0.0436170846223831	-0.530807256698608	-0.551030576229095	
0.0500569269061089	0.0424094535410404	-0.571280777454376	-0.581876814365387	
0.048983171582222	0.0422967001795769	-0.610537946224213	-0.608693599700928	
0.0471590831875801	0.0429182313382626	-0.648292541503906	-0.629808723926544	
0.0446506105363369	0.043746042996645	-0.684376418590546	-0.644104361534119	
0.0416643992066383	0.0441932752728462	-0.718779504299164	-0.651143610477448	
0.038514781743288	0.043731015175581	-0.751665413379669	-0.651158273220062	
0.0355706252157688	0.041990589350462	-0.783354878425598	-0.644912123680115	
0.0331909991800785	0.0388317480683327	-0.814273118972778	-0.633475780487061	
0.0316611714661121	0.0343643166124821	-0.844867944717407	-0.61796510219574	
0.0311408117413521	0.0289201661944389	-0.875508666038513	-0.599299132823944	
0.0316344499588013	0.0229823254048824	-0.906385183334351	-0.578025639057159	
0.032990287989378	0.0170863345265388	-0.937425851821899	-0.554244935512543	
0.0349282883107662	0.011714325286448	-0.968253314495087	-0.527640998363495	
0.037092637270689	0.0072032380849123	-0.998189330101013	-0.497604221105576	
0.0391188487410545	0.00368548464030027	-1.0263135433197	-0.463414043188095	
0.0407024286687374	0.00107331771869212	-1.05156993865967	-0.424437373876572	
0.0416553355753422	-0.000910869857762009	-1.07290387153625	-0.380299180746078	
0.0419384799897671	-0.00266563124023378	-1.08940851688385	-0.33099102973938	
0.0416630692780018	-0.00461814552545547	-1.10045373439789	-0.276898294687271	
0.0410598143935204	-0.00712841050699353	-1.10577273368835	-0.218747466802597	
0.0404217652976513	-0.0104104084894061	-1.10548949241638	-0.157491147518158	
0.0400324389338493	-0.0144869815558195	-1.10007882118225	-0.094161830842495	
0.0400946475565434	-0.0191878825426102	-1.09026265144348	-0.0297301039099693	
0.0406760312616825	-0.0241911951452494	-1.07686018943787	0.0350013412535191	
0.0416846908628941	-0.0290988981723785	-1.06061661243439	0.0994472354650497	
0.0428824387490749	-0.0335297733545303	-1.04204118251801	0.163227662444115	
0.043935414403677	-0.0372087806463242	-1.02128505706787	0.226104974746704	
0.0444935038685799	-0.040032222867012	-0.998083710670471	0.287892401218414	
0.0442826934158802	-0.04209278896451	-0.971777260303497	0.348362982273102	
0.0431903228163719	-0.0436566695570946	-0.94141012430191	0.407185465097427	
0.0413224697113037	-0.0450952984392643	-0.905896127223969	0.463904172182083	
0.03901681676507	-0.0467841923236847	-0.864224553108215	0.517967045307159	
0.036802027374506	-0.0489893779158592	-0.815673768520355	0.568789899349213	
0.0353051386773586	-0.0517659820616245	-0.759996950626373	0.61583423614502	
0.035119641572237	-0.0548926293849945	-0.697547972202301	0.658669114112854	
0.0366566814482212	-0.0578597709536552	-0.62932425737381	0.696991860866547	
0.0400079414248466	-0.059920284897089	-0.556915581226349	0.730592489242554	
0.0448498576879501	-0.0601989701390266	-0.482363283634186	0.759262382984161	
0.0504140891134739	-0.0578454919159412	-0.407947331666946	0.782669365406036	
0.0555392391979694	-0.0522058978676796	-0.335930645465851	0.800232946872711	
0.0588047690689564	-0.0429822690784931	-0.268295794725418	0.811045110225677	
0.0587328262627125	-0.0303501039743423	-0.206511482596397	0.813877403736115	
0.0540294647216797	-0.0150085706263781	-0.151361599564552	0.807301580905914	
0.0438267327845097	0.00185090745799243	-0.102860890328884	0.789927542209625	
0.0278832782059908	0.0186589416116476	-0.0602700151503086	0.760733127593994	
0.00670465873554349	0.0336523875594139	-0.0222090296447277	0.719431281089783	
-0.0184445604681969	0.0451031923294067	0.0131436344236135	0.666801393032074	
-0.0456482656300068	0.0515581741929054	0.0477903932332993	0.604901671409607	
-0.0725573822855949	0.0520530417561531	0.0836226046085358	0.537090539932251	
-0.0966915860772133	0.0462671704590321	0.122131586074829	0.467812061309814	
-0.115780368447304	0.0345941409468651	0.164156168699265	0.40213805437088	
-0.128090545535088	0.0181160923093557	0.209696337580681	0.345110952854156	
-0.132686913013458	-0.00151557382196188	0.257816165685654	0.300974041223526	
-0.12958151102066	-0.0222760606557131	0.30665048956871	0.272411733865738	
-0.11974361538887	-0.0420112945139408	0.353520184755325	0.259938329458237	
-0.104964911937714	-0.0586950853466988	0.395150989294052	0.261563330888748	
-0.0875978544354439	-0.0706630423665047	0.427980482578278	0.272828757762909	
-0.0702071338891983	-0.0767915174365044	0.448528438806534	0.287256747484207	
-0.05518913641572	-0.0765990614891052	0.453798145055771	0.297178626060486	
-0.0444207191467285	-0.0702604129910469	0.441669046878815	0.294846802949905	
-0.038994561880827	-0.0585361644625664	0.411238729953766	0.273672014474869	
-0.0390844270586967	-0.0426333956420422	0.363071739673615	0.229393780231476	
-0.0439620465040207	-0.0240216217935085	0.299317598342896	0.160986825823784	
-0.0521618947386742	-0.00423306180164218	0.223670274019241	0.0711360201239586	
-0.061764769256115	0.0153238363564014	0.141155406832695	-0.0338283069431782	
-0.0707507729530334	0.033513005822897	0.0577498376369476	-0.144560113549232	
-0.0773603841662407	0.0495647192001343	-0.0201407223939896	-0.249827221035957	
-0.0804006904363632	0.0631075650453568	-0.0863005891442299	-0.337990999221802	
-0.0794438943266869	0.0741409137845039	-0.135356172919273	-0.398622781038284	
-0.0748836174607277	0.0829584747552872	-0.163386851549149	-0.424013495445251	
-0.0678402557969093	0.0900395885109901	-0.168417647480965	-0.410341411828995	
-0.0599328428506851	0.0959273502230644	-0.150723859667778	-0.358311474323273	
-0.0529591627418995	0.101112402975559	-0.112896263599396	-0.273157954216003	
-0.0485420525074005	0.105938203632832	-0.0596419498324394	-0.164001911878586	
-0.0478063747286797	0.110538735985756	0.00267101358622313	-0.0426561497151852	
0.0478704683482647	-0.11196007579565	-0.00100096804089844	0.0387724190950394	
0.0510200634598732	-0.115618973970413	-0.0650006011128426	-0.0818074122071266	
0.0578389167785645	-0.118530116975307	-0.123129680752754	-0.18899492919445	
0.0671350657939911	-0.120289526879787	-0.168505698442459	-0.272623062133789	
0.0771285444498062	-0.120404049754143	-0.195687472820282	-0.325932651758194	
0.0857604369521141	-0.118362165987492	-0.201289996504784	-0.346260249614716	
0.0910624563694	-0.113709948956966	-0.184346273541451	-0.335106670856476	
0.0915223583579063	-0.106125108897686	-0.146363481879234	-0.297601908445358	
0.086380273103714	-0.095482736825943	-0.0910618156194687	-0.241476371884346	
0.0758023634552956	-0.0819065123796463	-0.0238291788846254	-0.175724416971207	
0.0608985908329487	-0.0657996088266373	0.049034483730793	-0.109186731278896	
0.0435781143605709	-0.0478498637676239	0.121177926659584	-0.0492803566157818	
0.0262634549289942	-0.0290049463510513	0.187043085694313	-0.00106876331847161	
0.011509126983583	-0.0104151144623756	0.242573574185371	0.0332029350101948	
0.00158704782370478	0.0066557195968926	0.285686880350113	0.0540684387087822	
-0.0018926584161818	0.0209458656609058	0.316445469856262	0.0643451437354088	
0.00173775653820485	0.0313293784856796	0.336906135082245	0.0683074295520782	
0.0120689840987325	0.0369534902274609	0.350676238536835	0.0707017406821251	
0.027649313211441	0.0373630411922932	0.362248629331589	0.0757926553487778	
0.0461843945086002	0.0325935930013657	0.376220166683197	0.0866103246808052	
0.0648710578680038	0.0232165269553661	0.396514713764191	0.10452102124691	
0.080812580883503	0.0103236837312579	0.425729602575302	0.129174202680588	
0.0914501324295998	-0.00455377483740449	0.464702546596527	0.158805325627327	
0.0949430987238884	-0.0195886194705963	0.512360751628876	0.190807282924652	
0.0904399380087852	-0.0328498110175133	0.565869033336639	0.222436919808388	
0.0781994834542274	-0.0425220839679241	0.621046364307404	0.251504719257355	
0.0595466494560242	-0.0471252389252186	0.672979533672333	0.276906937360764	
0.0366726964712143	-0.0457032881677151	0.716734409332275	0.298897743225098	
0.0123139731585979	-0.0379559509456158	0.74805223941803	0.319055110216141	
-0.0106392567977309	-0.0242917612195015	0.763923943042755	0.339956432580948	
-0.0295435171574354	-0.00579232908785343	0.762960314750671	0.364638417959213	
-0.0423527657985687	0.0159100815653801	0.745507776737213	0.395954012870789	
-0.0478697195649147	0.0388268642127514	0.713503956794739	0.435958445072174	
-0.0458659455180168	0.0608536414802074	0.670107066631317	0.485444903373718	
-0.0370603874325752	0.0800243318080902	0.61916720867157	0.543718934059143	
-0.0229678191244602	0.0947437211871147	0.564629912376404	0.608651161193848	
-0.00564757408574224	0.103966794908047	0.509966731071472	0.676992356777191	
0.0126041239127517	0.107301108539104	0.457720369100571	0.744886517524719	
0.029569735750556	0.105020180344582	0.409226566553116	0.80847829580307	
0.0433878339827061	0.0979893803596497	0.364544361829758	0.864500820636749	
0.0527559705078602	0.087518572807312	0.322590619325638	0.910733759403229	
0.0570369102060795	0.0751660987734795	0.281442433595657	0.946253478527069	
0.0562627166509628	0.0625248923897743	0.238746821880341	0.971438109874725	
0.0510471723973751	0.0510221607983112	0.192164406180382	0.987740516662598	
0.0424296110868454	0.0417604371905327	0.139774188399315	0.997284293174744	
0.0316811054944992	0.0354190543293953	0.0803783610463142	1.00237047672272	
0.0201060883700848	0.0322245620191097	0.0136683257296681	1.0049946308136	
0.00886894948780537	0.0319869704544544	-0.0597613826394081	1.00646710395813	
-0.00113240315113217	0.0341886542737484	-0.138538017868996	1.00720286369324	
-0.0093344496563077	0.0381057411432266	-0.220739588141441	1.00671100616455	
-0.0155166359618306	0.0429387800395489	-0.304179519414902	1.0037727355957	
-0.019759401679039	0.0479308404028416	-0.386694490909576	0.996757864952087	
-0.0223671495914459	0.0524562522768974	-0.466388314962387	0.98400753736496	
-0.0237748231738806	0.0560705773532391	-0.541798114776611	0.964199006557465	
-0.0244562849402428	0.0585209503769875	-0.61196631193161	0.936619222164154	
-0.0248490571975708	0.0597232691943645	-0.676420867443085	0.901295959949493	
-0.0253044869750738	0.0597181767225266	-0.735081851482391	0.858968198299408	
-0.0260659959167242	0.0586199350655079	-0.788123965263367	0.810914278030396	
-0.0272724013775587	0.0565712973475456	-0.83582729101181	0.7586829662323	
-0.0289790350943804	0.0537136681377888	-0.878446877002716	0.703794658184052	
-0.0311873275786638	0.0501764416694641	-0.916123151779175	0.647479951381683	
-0.0338736847043037	0.0460834875702858	-0.948843240737915	0.590514123439789	
-0.0370104797184467	0.0415701791644096	-0.976451396942139	0.533180296421051	
-0.0405752547085285	0.0368014499545097	-0.998696386814117	0.475363880395889	
-0.0445478521287441	0.0319815762341022	-1.01529777050018	0.416751176118851	
-0.0488983690738678	0.0273487325757742	-1.02601110935211	0.357080399990082	
-0.053570993244648	0.0231520123779774	-1.03067553043365	0.296382158994675	
-0.058469545096159	0.0196136999875307	-1.0292341709137	0.235148727893829	
-0.0634499117732048	0.0168844908475876	-1.02172601222992	0.174387887120247	
-0.0683227479457855	0.0150022953748703	-1.00825619697571	0.115543499588966	
-0.07286736369133	0.0138659570366144	-0.98895663022995	0.0602953284978867	
-0.0768552646040916	0.0132329212501645	-0.963952541351318	0.010279287584126	
-0.0800794363021851	0.0127453496679664	-0.933347284793854	-0.0332114063203335	
-0.0823844894766808	0.0119831124320626	-0.897233605384827	-0.0694769993424416	
-0.0836921185255051	0.0105358576402068	-0.855732262134552	-0.0985547080636024	
-0.0840174034237862	0.00808136258274317	-0.809050559997559	-0.121217034757137	
-0.0834726989269257	0.00445479201152921	-0.75754851102829	-0.138816997408867	
-0.0822580233216286	-0.000305998226394877	-0.701795220375061	-0.153004929423332	
-0.0806390419602394	-0.00595023483037949	-0.642600834369659	-0.165370017290115	
-0.0789153873920441	-0.0120439101010561	-0.581010460853577	-0.17707784473896	
-0.0773836374282837	-0.0180364921689034	-0.518256425857544	-0.188578650355339	
-0.0762999430298805	-0.0233541913330555	-0.455671489238739	-0.199450045824051	
-0.0758470892906189	-0.0275034382939339	-0.394573956727982	-0.208412244915962	
-0.076110415160656	-0.0301652643829584	-0.336142867803574	-0.213520914316177	
-0.0770656317472458	-0.0312621034681797	-0.281302094459534	-0.212507396936417	
-0.0785802528262138	-0.0309829190373421	-0.230632916092873	-0.203205570578575	
-0.0804286152124405	-0.0297600794583559	-0.184328675270081	-0.183986693620682	
-0.0823188722133636	-0.0282002482563257	-0.142198666930199	-0.154119044542313	
-0.0839290842413902	-0.0269805900752544	-0.103718996047974	-0.113982602953911	
-0.0849480777978897	-0.026728430762887	-0.0681210830807686	-0.0650949701666832	
-0.0851162150502205	-0.0279062669724226	-0.0345019362866879	-0.00993987545371056	
0.0842610150575638	0.0307235922664404	0.00193810136988759	-0.0483733750879765	
0.0823227092623711	0.0350924395024776	-0.0304142292588949	-0.106559365987778	
0.0793660059571266	0.0406357161700726	-0.0632461830973625	-0.161634564399719	
0.0755756795406342	0.0467476584017277	-0.0970572382211685	-0.211338430643082	
0.0712357237935066	0.0526959151029587	-0.132150217890739	-0.254423141479492	
0.0666941031813622	0.0577469766139984	-0.16865362226963	-0.29076299071312	
0.0623171776533127	0.0612920820713043	-0.206560641527176	-0.321267873048782	
0.0584399178624153	0.0629504695534706	-0.245772078633308	-0.347621858119965	
0.0553190447390079	0.0626311674714088	-0.286132663488388	-0.371899873018265	
0.053096316754818	0.0605420581996441	-0.327453345060349	-0.396135360002518	
0.0517781749367714	0.0571450814604759	-0.369517892599106	-0.421919733285904	
0.0512357316911221	0.0530663169920444	-0.412077367305756	-0.45010432600975	
0.0512260459363461	0.048978291451931	-0.454840004444122	-0.480654776096344	
0.0514322035014629	0.0454768240451813	-0.497465401887894	-0.512676417827606	
0.0515163354575634	0.042975515127182	-0.539571583271027	-0.544596612453461	
0.0511772036552429	0.0416373685002327	-0.580759406089783	-0.574461102485657	
0.0502027161419392	0.04135562479496	-0.620653510093689	-0.600282371044159	
0.0485080927610397	0.0417862869799137	-0.658954262733459	-0.620370745658875	
0.0461525619029999	0.0424248650670052	-0.695489108562469	-0.633586823940277	
0.0433309078216553	0.042711466550827	-0.730251550674438	-0.639473557472229	
0.0403406545519829	0.042143139988184	-0.763414025306702	-0.638249337673187	
0.0375301241874695	0.04037144780159	-0.795307815074921	-0.630676329135895	
0.0352363996207714	0.0372665449976921	-0.826367080211639	-0.617837309837341	
0.0337244011461735	0.0329361222684383	-0.857042610645294	-0.600874364376068	
0.0331385247409344	0.0276966597884893	-0.887698829174042	-0.580744028091431	
0.0334762148559093	0.0220040809363127	-0.91851133108139	-0.55803781747818	
0.0345890074968338	0.0163588840514421	-0.949385702610016	-0.532899677753448	
0.0362113080918789	0.0112056052312255	-0.97991544008255	-0.505050599575043	
0.0380117893218994	0.00684728706255555	-1.00939083099365	-0.473906069993973	
0.0396576225757599	0.00339211104437709	-1.03686261177063	-0.43875527381897	
0.0408787801861763	0.000742432719562203	-1.06125283241272	-0.398958921432495	
0.0415193885564804	-0.00137249752879143	-1.08149671554565	-0.354122668504715	
0.0415651351213455	-0.00332800019532442	-1.09669196605682	-0.304210335016251	
0.0411405153572559	-0.00551491789519787	-1.10622799396515	-0.249578446149826	
0.0404756627976894	-0.00824954081326723	-1.10987222194672	-0.190930232405663	
0.0398490987718105	-0.0117020746693015	-1.1077938079834	-0.129207149147987	
0.0395181402564049	-0.0158591493964195	-1.10051882266998	-0.0654467269778252	
0.0396520718932152	-0.0205284915864468	-1.08882105350494	-0.000641865481156856	
0.0402833595871925	-0.0253847241401672	-1.07356643676758	0.06436737626791	
0.0412893518805504	-0.0300461556762457	-1.05553650856018	0.12894843518734	
0.0424108691513538	-0.0341654419898987	-1.03526389598846	0.192671403288841	
0.0433064699172974	-0.037513479590416	-1.01290929317474	0.255254089832306	
0.0436331108212471	-0.0400367304682732	-0.988204956054688	0.316478073596954	
0.0431371256709099	-0.0418733805418015	-0.960479080677032	0.376103192567825	
0.0417356416583061	-0.0433221571147442	-0.928760170936584	0.4338059425354	
0.0395684093236923	-0.0447678193449974	-0.891948401927948	0.489158719778061	
0.0370043702423573	-0.0465770959854126	-0.849026322364807	0.541653573513031	
0.0345952250063419	-0.0489862188696861	-0.799276888370514	0.590760290622711	
0.0329785086214542	-0.0520044937729836	-0.742470562458038	0.635995864868164	
0.032743826508522	-0.0553569421172142	-0.67899078130722	0.676979124546051	
0.0342849344015121	-0.0584825798869133	-0.609873294830322	0.71344530582428	
0.0376661792397499	-0.0605950728058815	-0.53674989938736	0.745206415653229	
0.0425323136150837	-0.0608003810048103	-0.461701452732086	0.772060394287109	
0.0480855889618397	-0.0582544952630997	-0.387038320302963	0.793668389320374	
0.0531438626348972	-0.0523352324962616	-0.315039485692978	0.809436202049255	
0.0562795549631119	-0.0427975095808506	-0.247685939073563	0.818441450595856	
0.0560241006314754	-0.0298821926116943	-0.186426430940628	0.819448590278625	
0.0511089079082012	-0.0143550764769316	-0.132008656859398	0.811034679412842	
0.0407042764127254	0.00253666914068162	-0.0843997821211815	0.791831374168396	
0.0246143657714128	0.0191896259784698	-0.0428077280521393	0.760854303836823	
0.00339043443091214	0.0338358916342258	-0.00580204091966152	0.717867434024811	
-0.0216644816100597	0.0447747372090816	0.0284804999828339	0.6637082695961	
-0.0486094802618027	0.0506097637116909	0.0620699897408485	0.600492000579834	
-0.0750888288021088	0.0504551902413368	0.0968688949942589	0.531624734401703	
-0.0986354276537895	0.0440788418054581	0.134363427758217	0.461580872535706	
-0.117010705173016	0.0319590009748936	0.175374299287796	0.395440548658371	
-0.128528267145157	0.015245208516717	0.21987596154213	0.338229715824127	
-0.13230873644352	-0.00437186611816287	0.266906410455704	0.294152170419693	
-0.128422260284424	-0.0248626638203859	0.314580857753754	0.265834987163544	
-0.117891736328602	-0.0441035516560078	0.360213130712509	0.25372451543808	
-0.102552331984043	-0.0601288676261902	0.400537967681885	0.255761384963989	
-0.0847860872745514	-0.0713547617197037	0.432019203901291	0.267426669597626	
-0.0671715959906578	-0.0767448395490646	0.451217830181122	0.282197654247284	
-0.0521038956940174	-0.0758974924683571	0.455188512802124	0.292382389307022	
-0.0414453446865082	-0.0690472945570946	0.441865473985672	0.290233582258224	
-0.0362642109394073	-0.0569859854876995	0.41039702296257	0.269184589385986	
-0.0367035642266273	-0.0409197136759758	0.361387193202972	0.225014939904213	
-0.0420016050338745	-0.0222875643521547	0.297008603811264	0.15674977004528	
-0.0506592318415642	-0.00256973062641919	0.220958828926086	0.0671258941292763	
-0.0607255734503269	0.0168871283531189	0.138247787952423	-0.0374815724790096	
-0.0701522305607796	0.0350050777196884	0.0548202209174633	-0.147696748375893	
-0.0771549940109253	0.0510563626885414	-0.0229616165161133	-0.252278178930283	
-0.0805206894874573	0.0646862834692001	-0.088930256664753	-0.339601337909698	
-0.0798062235116959	0.0758816301822662	-0.137758553028107	-0.399274557828903	
-0.0753958225250244	0.0848963633179665	-0.165564879775047	-0.423645406961441	
-0.0684073865413666	0.0921506434679031	-0.170402079820633	-0.40896263718605	
-0.0604653246700764	0.0981211513280869	-0.152560710906982	-0.356007665395737	
-0.0533810332417488	0.103239245712757	-0.114635325968266	-0.270088881254196	
-0.0487987101078033	0.10780993103981	-0.0613283440470695	-0.16039089858532	
-0.0478704683482647	0.11196007579565	0.00100096804089844	-0.0387724190950394	
0.0478762425482273	-0.113245010375977	0.0006702970713377	0.0348414480686188	
0.0508339516818523	-0.116280078887939	-0.0633302852511406	-0.0856819972395897	
0.0574872978031635	-0.11846611648798	-0.121434077620506	-0.192527934908867	
0.0666676759719849	-0.119490087032318	-0.166757062077522	-0.27555975317955	
0.0766083598136902	-0.11896213889122	-0.193851381540298	-0.328070104122162	
0.0852499827742577	-0.116469040513039	-0.199322447180748	-0.347463369369507	
0.0906085819005966	-0.111632190644741	-0.182194590568542	-0.335317194461823	
0.0911421552300453	-0.104166626930237	-0.143971711397171	-0.296838939189911	
0.0860511660575867	-0.0939371362328529	-0.0883803591132164	-0.239828690886497	
0.0754589587450027	-0.0810074731707573	-0.0208272188901901	-0.173334643244743	
0.0604380518198013	-0.0656773820519447	0.0523558929562569	-0.106229059398174	
0.0428743623197079	-0.0485015548765659	0.124774821102619	-0.0459340140223503	
0.0251890122890472	-0.0302842259407043	0.190822184085846	0.00250986637547612	
0.0099616339430213	-0.01204405259341	0.246392503380775	0.0369063504040241	
-0.000483627314679325	0.00505346292629838	0.289362102746964	0.0578589141368866	
-0.00446156365796924	0.019794724881649	0.319767534732819	0.0682675763964653	
-0.00121538515668362	0.0310415010899305	0.33966064453125	0.0724920183420181	
0.00893602147698402	0.0378671735525131	0.352667808532715	0.0753554254770279	
0.0246182437986135	0.0396891757845879	0.363324075937271	0.0811796933412552	
0.0435869209468365	0.0363784059882164	0.376287162303925	0.0930236801505089	
0.0630500763654709	0.0283264089375734	0.395552903413773	0.112247720360756	
0.0800767913460732	0.0164547450840473	0.423791259527206	0.138458609580994	
0.0920283570885658	0.00215753028169274	0.461902529001236	0.169815018773079	
0.0969452038407326	-0.012822724878788	0.508856356143951	0.203605890274048	
0.0938307866454124	-0.0265756007283926	0.561832010746002	0.236967846751213	
0.0827905908226967	-0.0372395887970924	0.616631090641022	0.267588108778	
0.0650078654289246	-0.0432278849184513	0.668291985988617	0.294250756502151	
0.0425632931292057	-0.0434322133660316	0.71180647611618	0.317121684551239	
0.0181296057999134	-0.0373749285936356	0.742824673652649	0.337724685668945	
-0.00540985772386193	-0.0252854693681002	0.758242189884186	0.358622848987579	
-0.0253596976399422	-0.00808742549270391	0.756582736968994	0.382878720760345	
-0.0395691208541393	0.0127048566937447	0.738126158714294	0.413406997919083	
-0.0466965809464455	0.0351678431034088	0.704774022102356	0.452350914478302	
-0.0463486164808273	0.0572043731808662	0.659684538841248	0.500605583190918	
-0.0390797704458237	0.0768006891012192	0.606745183467865	0.557578384876251	
-0.0262619387358427	0.0922691449522972	0.549972057342529	0.621228218078613	
-0.00985053181648254	0.102442808449268	0.492933064699173	0.688369989395142	
0.00791179854422808	0.106795854866505	0.438281863927841	0.755180239677429	
0.0248067080974579	0.105475008487701	0.387467622756958	0.817803084850311	
0.0389213524758816	0.0992408469319344	0.340653151273727	0.872940480709076	
0.0488618388772011	0.0893314853310585	0.296839416027069	0.918317794799805	
0.0538749843835831	0.0772719457745552	0.25416111946106	0.952943801879883	
0.0538702979683876	0.0646597892045975	0.21029332280159	0.97712779045105	
0.0493498034775257	0.0529592968523502	0.162896171212196	0.99226325750351	
0.0412662215530872	0.0433330833911896	0.110024198889732	1.00043284893036	
0.0308385416865349	0.0365322083234787	0.0504382252693176	1.0039210319519	
0.0193569455295801	0.032855112105608	-0.0162202287465334	1.00473248958588	
0.00800672452896833	0.0321739390492439	-0.0894066914916039	1.00421059131622	
-0.0022659320384264	0.0340163633227348	-0.167791604995728	1.00282168388367	
-0.0108329420909286	0.0376834608614445	-0.249484404921532	1.00013744831085	
-0.0174052361398935	0.0423804223537445	-0.332316070795059	0.995004534721375	
-0.0220021903514862	0.0473377853631973	-0.414127379655838	0.985854208469391	
-0.0248833000659943	0.0519054383039474	-0.493015617132187	0.971079170703888	
-0.0264595877379179	0.0556088648736477	-0.567505180835724	0.949395298957825	
-0.0272025484591722	0.058165580034256	-0.636624455451965	0.920114874839783	
-0.0275656227022409	0.0594672635197639	-0.699890673160553	0.883279144763947	
-0.0279282424598932	0.0595388934016228	-0.757220327854156	0.839632391929626	
-0.0285666044801474	0.0584887005388737	-0.808793604373932	0.790453672409058	
-0.0296496953815222	0.0564621314406395	-0.854905188083649	0.737291574478149	
-0.0312546342611313	0.0536096133291721	-0.895833253860474	0.681667745113373	
-0.0333929508924484	0.0500725917518139	-0.931746661663055	0.624816656112671	
-0.0360389873385429	0.0459866113960743	-0.962663590908051	0.567519128322601	
-0.0391530431807041	0.0414953976869583	-0.988458812236786	0.510063827037811	
-0.0426946468651295	0.0367670208215714	-1.00890851020813	0.452338963747025	
-0.0466246418654919	0.0320030078291893	-1.02375507354736	0.394028604030609	
-0.0508978776633739	0.0274335481226444	-1.03277218341827	0.334861904382706	
-0.0554506070911884	0.0232961848378181	-1.03581237792969	0.274852871894836	
-0.0601877644658089	0.0198004376143217	-1.03282952308655	0.214470818638802	
-0.0649750530719757	0.0170855205506086	-1.02387249469757	0.154696047306061	
-0.0696394890546799	0.0151813877746463	-1.00905609130859	0.0969434604048729	
-0.0739798620343208	0.013983971439302	-0.988523900508881	0.0428654514253139	
-0.0777864083647728	0.0132534587755799	-0.962414264678955	-0.00592531450092793	
-0.0808665677905083	0.0126400180160999	-0.93084442615509	-0.0481531955301762	
-0.0830727070569992	0.0117355063557625	-0.893920600414276	-0.0831302180886269	
-0.0843266770243645	0.0101436339318752	-0.851773917675018	-0.110900864005089	
-0.0846367925405502	0.00755612133070827	-0.80461710691452	-0.132242694497108	
-0.0841037482023239	0.00381987146101892	-0.752808630466461	-0.148514464497566	
-0.082913875579834	-0.00101935782004148	-0.696908056735992	-0.161375656723976	
-0.0813201740384102	-0.00670764828100801	-0.637707412242889	-0.172429785132408	
-0.0796132162213326	-0.0128126805648208	-0.576226711273193	-0.182862490415573	
-0.0780857056379318	-0.0187896899878979	-0.5136678814888	-0.193148761987686	
-0.076995424926281	-0.0240733157843351	-0.451330989599228	-0.202893123030663	
-0.0765314325690269	-0.0281792562454939	-0.390502780675888	-0.210841462016106	
-0.0767881125211716	-0.0307967662811279	-0.332334488630295	-0.215070202946663	
-0.0777505934238434	-0.0318538583815098	-0.277728885412216	-0.213323161005974	
-0.0792938694357872	-0.0315414071083069	-0.227253988385201	-0.203436613082886	
-0.0811959803104401	-0.0302897449582815	-0.181098222732544	-0.183773696422577	
-0.0831641331315041	-0.0287001300603151	-0.139073073863983	-0.153585731983185	
-0.0848708301782608	-0.0274422112852335	-0.100661963224411	-0.113230124115944	
-0.0859958007931709	-0.0271354708820581	-0.0651058331131935	-0.0642005130648613	
-0.086268462240696	-0.0282361637800932	-0.0315104052424431	-0.00895990524441004	
0.0855055004358292	0.0309508517384529	-0.0010427322704345	-0.0493960157036781	
0.0836382210254669	0.0351930856704712	-0.0333980321884155	-0.107585832476616	
0.0807255655527115	0.0405920408666134	-0.0662538707256317	-0.162619829177856	
0.076950341463089	0.046552300453186	-0.100123204290867	-0.212222576141357	
0.0725981816649437	0.0523543953895569	-0.135326847434044	-0.255125969648361	
0.0680215284228325	0.0572779960930347	-0.172013193368912	-0.291183114051819	
0.0635929852724075	0.0607252977788448	-0.210193797945976	-0.321286380290985	
0.0596544407308102	0.0623219534754753	-0.249783083796501	-0.347110271453857	
0.0564693063497543	0.0619771853089333	-0.290631592273712	-0.370730251073837	
0.0541854053735733	0.0598922409117222	-0.332546561956406	-0.394191205501556	
0.0528145618736744	0.0565162152051926	-0.375297784805298	-0.419104814529419	
0.0522328615188599	0.0524580515921116	-0.418613165616989	-0.446348130702972	
0.0522023066878319	0.0483717806637287	-0.462170541286469	-0.475913166999817	
0.0524110309779644	0.0448368452489376	-0.505595564842224	-0.506927251815796	
0.0525260753929615	0.0422560311853886	-0.54847240447998	-0.537831366062164	
0.0522501952946186	0.0407897979021072	-0.59037184715271	-0.56667423248291	
0.0513731651008129	0.0403385646641254	-0.630895555019379	-0.591460227966309	
0.049808531999588	0.0405749976634979	-0.669729888439178	-0.61048299074173	
0.0476090386509895	0.041018720716238	-0.706697702407837	-0.62258243560791	
0.04495744779706	0.041137807071209	-0.741795837879181	-0.627281367778778	
0.0421339273452759	0.0404564924538136	-0.775206089019775	-0.624785244464874	
0.0394654348492622	0.0386477969586849	-0.807270884513855	-0.615854203701019	
0.0372660756111145	0.0355933122336864	-0.838433682918549	-0.601583242416382	
0.0357794463634491	0.0313992276787758	-0.869148969650269	-0.58314037322998	
0.0351338163018227	0.0263667721301317	-0.899776756763458	-0.56151956319809	
0.0353189818561077	0.0209244415163994	-0.930478811264038	-0.53735613822937	
0.0361895747482777	0.0155369518324733	-0.961138308048248	-0.510838210582733	
0.0374945662915707	0.0106102814897895	-0.99131977558136	-0.481724470853806	
0.0389275625348091	0.00641256617382169	-1.02028250694275	-0.449456423521042	
0.0401880107820034	0.00302692130208015	-1.0470484495163	-0.413334041833878	
0.0410410910844803	0.000345296604791656	-1.07051837444305	-0.37271311879158	
0.0413637459278107	-0.00189629173837602	-1.08961808681488	-0.327180922031403	
0.0411669351160526	-0.00404960801824927	-1.10344994068146	-0.276674687862396	
0.0405886583030224	-0.00646850885823369	-1.1114239692688	-0.221522465348244	
0.039858415722847	-0.00942475907504559	-1.11334228515625	-0.162404552102089	
0.0392398983240128	-0.013043999671936	-1.10941958427429	-0.100251123309135	
0.0389637537300587	-0.0172760803252459	-1.10023391246796	-0.0361041538417339	
0.0391652248799801	-0.0219065137207508	-1.08661091327667	0.0290221124887466	
0.0398411974310875	-0.0266066957265139	-1.06946325302124	0.0942514911293983	
0.0408380627632141	-0.0310119409114122	-1.04960930347443	0.158905595541	
0.0418757423758507	-0.0348097644746304	-1.02760529518127	0.222506210207939	
0.0426056236028671	-0.0378181077539921	-1.00362145900726	0.284728229045868	
0.0426924228668213	-0.0400346182286739	-0.977387726306915	0.345323234796524	
0.0419037044048309	-0.041643712669611	-0.948221147060394	0.404039233922958	
0.0401872843503952	-0.042976900935173	-0.915135562419891	0.460561752319336	
0.0377173870801926	-0.0444319993257523	-0.87701827287674	0.514491975307465	
0.0348947532474995	-0.0463661439716816	-0.832846522331238	0.565366804599762	
0.0322942808270454	-0.0489845499396324	-0.781908392906189	0.612709820270538	
0.030563784763217	-0.052249301224947	-0.72399228811264	0.65609347820282	
0.0302883554250002	-0.0558304227888584	-0.659511029720306	0.695185840129852	
0.0318434610962868	-0.0591144189238548	-0.589538097381592	0.729759275913239	
0.0352650806307793	-0.061275128275156	-0.515746414661407	0.759647369384766	
0.0401652902364731	-0.0613996833562851	-0.440254539251328	0.784653961658478	
0.0457161478698254	-0.0586510039865971	-0.365401655435562	0.804433524608612	
0.0507143549621105	-0.0524398386478424	-0.293480932712555	0.818378031253815	
0.0537252686917782	-0.0425754226744175	-0.226470082998276	0.825551807880402	
0.0532900057733059	-0.0293655674904585	-0.165796592831612	0.824712872505188	
0.0481660589575768	-0.0136441038921475	-0.112171106040478	0.814445078372955	
0.0375628620386124	0.0032850552815944	-0.0655126050114632	0.793402850627899	
0.0213309768587351	0.0197840221226215	-0.0249762460589409	0.760640799999237	
6.8022774939891E-5	0.0340803302824497	0.0109188575297594	0.715974569320679	
-0.0248841792345047	0.0445013456046581	0.0440773963928223	0.660299599170685	
-0.0515600703656673	0.0497086830437183	0.0765570849180222	0.595787167549133	
-0.0775978416204453	0.0488964878022671	0.11027167737484	0.52588951587677	
-0.100544586777687	0.0419224798679352	0.146702781319618	0.455109268426895	
-0.118194796144962	0.0293507631868124	0.186653837561607	0.388531923294067	
-0.128910005092621	0.012398986145854	0.230074808001518	0.331164419651031	
-0.131867617368698	-0.00720277475193143	0.275978684425354	0.287168830633163	
-0.127196282148361	-0.0274206344038248	0.32246208190918	0.259113132953644	
-0.115972518920898	-0.0461623221635818	0.366832315921783	0.247375458478928	
-0.100074402987957	-0.0615239404141903	0.405833512544632	0.249827995896339	
-0.0819124579429626	-0.0720035284757614	0.435955226421356	0.261892765760422	
-0.0640778318047523	-0.0766532123088837	0.453798890113831	0.277004837989807	
-0.0489628314971924	-0.075152151286602	0.456469237804413	0.287452191114426	
-0.0384141318500042	-0.0677953064441681	0.441953867673874	0.285491019487381	
-0.0334748812019825	-0.0554056018590927	0.40945029258728	0.264579772949219	
-0.034257348626852	-0.0391878485679626	0.359600901603699	0.220539674162865	
-0.0399667657911777	-0.0205499120056629	0.294600516557693	0.152446419000626	
-0.0490715950727463	-0.000918964098673314	0.218150049448013	0.0630874782800674	
-0.0595908723771572	0.0184211805462837	0.135243937373161	-0.0411199741065502	
-0.0694493651390076	0.0364516749978065	0.051795419305563	-0.150774016976357	
-0.0768397077918053	0.0524874813854694	-0.0258757602423429	-0.254628270864487	
-0.0805294588208199	0.0661910250782967	-0.0916494429111481	-0.341076552867889	
-0.0800605639815331	0.0775366500020027	-0.140244171023369	-0.399767816066742	
-0.0758073851466179	0.0867383852601051	-0.167816922068596	-0.423108726739883	
-0.0688841044902802	0.0941568538546562	-0.172448426485062	-0.407419174909592	
-0.0609186887741089	0.100201904773712	-0.154445067048073	-0.353556156158447	
-0.053734116256237	0.105245172977448	-0.116406142711639	-0.266899794340134	
-0.048993993550539	0.109552972018719	-0.0630306452512741	-0.156694754958153	
-0.0478762425482273	0.113245010375977	-0.0006702970713377	-0.0348414480686188	
0.0478236824274063	-0.114391975104809	0.0023407454136759	0.0308680310845375	
0.0505884401500225	-0.116798534989357	-0.061673067510128	-0.0895617827773094	
0.0570703111588955	-0.118255585432053	-0.119760632514954	-0.196033522486687	
0.0661251991987228	-0.11854150146246	-0.165035903453827	-0.278443187475204	
0.0760016068816185	-0.117370456457138	-0.192044243216515	-0.330136001110077	
0.0846422389149666	-0.114428281784058	-0.197381779551506	-0.348583549261093	
0.0900500118732452	-0.109412558376789	-0.180064737796783	-0.335438460111618	
0.0906553268432617	-0.102076396346092	-0.141594409942627	-0.295983046293259	
0.0856202691793442	-0.0922748744487762	-0.0857044756412506	-0.238084360957146	
0.0750254765152931	-0.0800120159983635	-0.0178210940212011	-0.170842364430428	
0.0599047727882862	-0.0654839053750038	0.0556913912296295	-0.103159695863724	
0.0421183928847313	-0.0491113252937794	0.128395229578018	-0.0424634404480457	
0.0240826513618231	-0.0315536856651306	0.194632887840271	0.00622739037498832	
0.00839849561452866	-0.0136960903182626	0.250248670578003	0.0407632514834404	
-0.0025613340549171	0.00339681026525795	0.293076366186142	0.061814658343792	
-0.00703935185447335	0.018562251701951	0.323124647140503	0.0723615735769272	
-0.00419116765260696	0.03065250441432	0.342438459396362	0.0768469721078873	
0.00575504638254642	0.0386695899069309	0.35466080904007	0.0801699385046959	
0.0215043183416128	0.0419054478406906	0.364366918802261	0.0867103338241577	
0.0408660918474197	0.0400672443211079	0.376273989677429	0.0995579361915588	
0.0610646717250347	0.0333664380013943	0.394449293613434	0.120070591568947	
0.0791405737400055	0.0225527305155993	0.421636283397675	0.147816687822342	
0.0923806726932526	0.00888027902692556	0.458800166845322	0.180882394313812	
0.0987109392881393	-0.00599717115983367	0.504956662654877	0.216456323862076	
0.0969925969839096	-0.0201946515589952	0.557304501533508	0.25155708193779	
0.0871784090995789	-0.0318095274269581	0.611633658409119	0.283748865127563	
0.0703082531690598	-0.0391532182693481	0.662940084934235	0.311701565980911	
0.0483483299612999	-0.0409691147506237	0.706146478652954	0.335488885641098	
0.0239020735025406	-0.0366047322750092	0.73681628704071	0.356574654579163	
-0.000160825991770253	-0.0261111538857222	0.751751959323883	0.377500921487808	
-0.0210999827831984	-0.0102527271956205	0.749390125274658	0.401349514722824	
-0.0366660878062248	0.0095772547647357	0.729942202568054	0.431090742349625	
-0.0453780889511108	0.0315250568091869	0.695269644260406	0.468951642513275	
-0.0466801486909389	0.0535065121948719	0.648525178432465	0.515927195549011	
-0.0409626513719559	0.0734663978219032	0.593627214431763	0.571527183055878	
-0.0294524654746056	0.0896304622292519	0.534656465053558	0.633801877498627	
-0.0139968236908317	0.100714653730392	0.475272089242935	0.69963526725769	
0.00322092231363058	0.106062978506088	0.418235242366791	0.765243113040924	
0.0199880991131067	0.105696573853493	0.36510705947876	0.826776146888733	
0.0343468114733696	0.100270435214043	0.316155076026917	0.880912125110626	
0.044817216694355	0.0909482091665268	0.270467311143875	0.925327777862549	
0.0505341626703739	0.0792173817753792	0.226240605115891	0.958968818187714	
0.0512866675853729	0.0666750967502594	0.181183487176895	0.982077836990356	
0.0474650301039219	0.054817371070385	0.132961228489876	0.995989263057709	
0.0399335101246834	0.0448620617389679	0.0796087309718132	1.00274360179901	
0.0298556722700596	0.0376281514763832	0.0198490023612976	1.00460577011108	
0.0185031685978174	0.0334835723042488	-0.0467245653271675	1.00358641147614	
0.00707759894430637	0.0323617979884148	-0.119617730379105	1.00105834007263	
-0.00343084475025535	0.0338365733623505	-0.197546079754829	0.997536361217499	
-0.0123329665511847	0.0372359752655029	-0.278653919696808	0.992652297019958	
-0.0192734412848949	0.0417727828025818	-0.36079403758049	0.985317289829254	
-0.0242114998400211	0.0466683581471443	-0.441815853118896	0.974023759365082	
-0.0273613426834345	0.0512514114379883	-0.519814491271973	0.957216560840607	
-0.0291086155921221	0.0550201199948788	-0.593304991722107	0.933651626110077	
-0.0299202613532543	0.0576643422245979	-0.66130405664444	0.902667999267578	
-0.0302631203085184	0.0590525828301907	-0.723319351673126	0.864321887493134	
-0.0305422730743885	0.0591942928731441	-0.779263913631439	0.819364130496979	
-0.031064685434103	0.0581910274922848	-0.829322576522827	0.769075095653534	
-0.0320281460881233	0.0561897680163383	-0.873803675174713	0.715003430843353	
-0.0335309393703938	0.0533485598862171	-0.913006901741028	0.658671796321869	
-0.0355947948992252	0.0498195365071297	-0.947128593921661	0.601317584514618	
-0.0381926782429218	0.0457487665116787	-0.976217269897461	0.543726563453674	
-0.0412738732993603	0.0412875413894653	-1.00017786026001	0.486191749572754	
-0.0447810776531696	0.0366066694259644	-1.01881420612335	0.428603440523148	
-0.0486572347581387	0.0319048874080181	-1.0318922996521	0.370642602443695	
-0.0528427921235561	0.0274045988917351	-1.03920388221741	0.312028616666794	
-0.0572665520012379	0.0233321189880371	-1.04061579704285	0.252758413553238	
-0.061834666877985	0.0198845192790031	-1.03609275817871	0.193277671933174	
-0.0664224550127983	0.0171897690743208	-1.02569282054901	0.134538635611534	
-0.0708728954195976	0.0152699667960405	-1.00954031944275	0.0779265463352203	
-0.0750038102269173	0.0140181062743068	-0.987789213657379	0.0250656493008137	
-0.0786237418651581	0.0131970113143325	-0.960589826107025	-0.0224553998559713	
-0.0815543904900551	0.0124647226184607	-0.928072452545166	-0.0633792579174042	
-0.0836558863520622	0.0114249913021922	-0.890355587005615	-0.0970302820205688	
-0.0848504900932312	0.00969556532800198	-0.84758049249649	-0.123460501432419	
-0.0851401463150978	0.00698216864839196	-0.799965143203735	-0.143452554941177	
-0.0846143588423729	0.00314355711452663	-0.747866570949554	-0.15837062895298	
-0.0834462493658066	-0.00176649307832122	-0.691835045814514	-0.169882714748383	
-0.0818764567375183	-0.00749086122959852	-0.632645189762115	-0.179605975747108	
-0.080186553299427	-0.0135989673435688	-0.571291983127594	-0.188745275139809	
-0.0786652266979218	-0.019552007317543	-0.508947134017944	-0.197799682617188	
-0.0775715038180351	-0.0247933641076088	-0.446877717971802	-0.206400230526924	
-0.0771001726388931	-0.0288483947515488	-0.386338084936142	-0.213318347930908	
-0.0773540213704109	-0.0314149707555771	-0.328450977802277	-0.216651380062103	
-0.0783270448446274	-0.032426979392767	-0.274096846580505	-0.214156150817871	
-0.0799013003706932	-0.0320772975683212	-0.223829567432404	-0.203672006726265	
-0.0818583816289902	-0.030794084072113	-0.177831768989563	-0.183554768562317	
-0.0839046612381935	-0.0291727893054485	-0.135916724801064	-0.153039485216141	
-0.0857074782252312	-0.0278749410063028	-0.0975751727819443	-0.112461432814598	
-0.0869380682706833	-0.0275114607065916	-0.0620580241084099	-0.0632905587553978	
-0.0873156115412712	-0.0285316593945026	-0.0284804832190275	-0.00796901993453503	
0.0866466015577316	0.0311386324465275	-0.00406982097774744	-0.0504214912652969	
0.0848539173603058	0.0352472066879272	-0.0364369489252567	-0.108604110777378	
0.0819910168647766	0.0404929518699646	-0.0693256035447121	-0.163583561778069	
0.0782386213541031	0.046291321516037	-0.103261530399323	-0.213070079684258	
0.0738835632801056	0.051936574280262	-0.138583198189735	-0.255775690078735	
0.0692820399999619	0.0567226074635983	-0.175458788871765	-0.291532397270203	
0.0648120045661926	0.0600636526942253	-0.21391849219799	-0.321215003728867	
0.0608212687075138	0.061592698097229	-0.253890633583069	-0.346487998962402	
0.0575790889561176	0.0612197481095791	-0.295231938362122	-0.369427055120468	
0.0552387088537216	0.0591395497322083	-0.337746053934097	-0.392087876796722	
0.0538170412182808	0.0557879917323589	-0.381188809871674	-0.416102141141891	
0.0531952790915966	0.0517560802400112	-0.425264418125153	-0.442372471094131	
0.0531408712267876	0.0476782247424126	-0.469619870185852	-0.470917403697968	
0.053347822278738	0.0441162213683128	-0.513845860958099	-0.500886797904968	
0.0534890964627266	0.0414608381688595	-0.557491660118103	-0.530735969543457	
0.053272508084774	0.0398691035807133	-0.600097119808197	-0.558517456054688	
0.0524906367063522	0.0392481461167336	-0.641240239143372	-0.582228660583496	
0.0510560274124146	0.0392873287200928	-0.680592596530914	-0.600147426128387	
0.0490152388811111	0.0395309515297413	-0.717972278594971	-0.611093461513519	
0.0465388968586922	0.0394759960472584	-0.753379762172699	-0.614570260047913	
0.0438893288373947	0.0386750400066376	-0.787006139755249	-0.610770285129547	
0.0413713082671165	0.0368237607181072	-0.819205641746521	-0.6004518866539	
0.0392749980092049	0.0338161624968052	-0.850431501865387	-0.584721803665161	
0.0378216616809368	0.029757559299469	-0.881142675876617	-0.564773976802826	
0.0371225886046886	0.0249341018497944	-0.911695182323456	-0.541639506816864	
0.0371593311429024	0.0197465717792511	-0.942237496376038	-0.515997648239136	
0.0377893410623074	0.0146232321858406	-0.972630560398102	-0.48808091878891	
0.0387762635946274	0.00993061345070601	-1.00241076946259	-0.457686334848404	
0.0398390106856823	0.00590101350098848	-1.03080654144287	-0.424282252788544	
0.0407099388539791	0.00259170075878501	-1.05681157112122	-0.387180536985397	
0.0411901101469994	-0.000116259485366754	-1.07930612564087	-0.345733225345612	
0.0411899387836456	-0.00248018046841025	-1.09720683097839	-0.299510449171066	
0.0407461076974869	-0.00482798367738724	-1.10962188243866	-0.248423665761948	
0.0400103256106377	-0.00747595401480794	-1.11598217487335	-0.192773282527924	
0.0392113961279392	-0.0106506012380123	-1.1161253452301	-0.133216977119446	
0.0385978668928146	-0.0144323036074638	-1.11031198501587	-0.0706734582781792	
0.0383732579648495	-0.0187336467206478	-1.09917211532593	-0.00618860125541687	
0.0386382751166821	-0.0233177822083235	-1.08358359336853	0.0592030361294746	
0.0393538400530815	-0.027853162959218	-1.06450593471527	0.124590560793877	
0.0403352305293083	-0.0319927521049976	-1.04279410839081	0.189251467585564	
0.0412816181778908	-0.035459853708744	-1.01902806758881	0.25266107916832	
0.041837677359581	-0.0381204858422279	-0.99338835477829	0.314453274011612	
0.0416766293346882	-0.0400243923068047	-0.965602934360504	0.374351382255554	
0.0405881553888321	-0.0414028465747833	-0.934978604316711	0.432093232870102	
0.0385517030954361	-0.0426203198730946	-0.900515556335449	0.487374544143677	
0.0357767343521118	-0.044087328016758	-0.861089766025543	0.539826273918152	
0.032696295529604	-0.0461505986750126	-0.815673828125	0.58903032541275	
0.0299085713922977	-0.048983134329319	-0.763562142848969	0.634564161300659	
0.0280713234096766	-0.0524984337389469	-0.704561352729797	0.676055312156677	
0.0277644153684378	-0.0563102439045906	-0.639113545417786	0.713220357894897	
0.0293440166860819	-0.0597515776753426	-0.568329393863678	0.745867967605591	
0.032816618680954	-0.0619559660553932	-0.493921279907227	0.773852586746216	
0.0377605743706226	-0.0619918070733547	-0.418044120073318	0.796983420848846	
0.0433169528841972	-0.0590296648442745	-0.343063592910767	0.814908027648926	
0.0482608787715435	-0.0525143966078758	-0.271285206079483	0.82700502872467	
0.0511507019400597	-0.0423110462725163	-0.204681590199471	0.832325994968414	
0.0505377277731895	-0.0287959277629852	-0.144657492637634	0.829623639583588	
0.0452063642442226	-0.0128722405061126	-0.0918855667114258	0.817489922046661	
0.0344062075018883	0.00409842934459448	-0.0462362207472324	0.794603407382965	
0.0180352199822664	0.0204433780163527	-0.00681181205436587	0.760058701038361	
-0.0032618420664221	0.0343858525156975	0.0279186703264713	0.713723599910736	
-0.0281039979308844	0.0442821681499481	0.0599010214209557	0.65655118227005	
-0.0545011423528194	0.0488532111048698	0.0912203192710876	0.590768158435822	
-0.0800860077142715	0.0473745353519917	0.12380164116621	0.519870758056641	
-0.102420851588249	0.0397951751947403	0.159122407436371	0.448387503623962	
-0.119334489107132	0.0267662070691586	0.197969511151314	0.381406545639038	
-0.129237622022629	0.00957406871020794	0.24026945233345	0.323912918567657	
-0.131365358829498	-0.0100116515532136	0.285011410713196	0.280024647712708	
-0.125905528664589	-0.0299531985074282	0.330274432897568	0.252249211072922	
-0.113988183438778	-0.0481906086206436	0.373360097408295	0.240895822644234	
-0.0975337326526642	-0.0628830268979073	0.411021947860718	0.243769109249115	
-0.0789800882339478	-0.0726117640733719	0.439775228500366	0.256233811378479	
-0.0609295591711998	-0.076518751680851	0.456260770559311	0.271685689687729	
-0.0457701906561852	-0.0743649452924728	0.457632094621658	0.282395720481873	
-0.0353317372500896	-0.0665062516927719	0.441928595304489	0.280626833438873	
-0.0306313969194889	-0.0537968762218952	0.408395409584045	0.259865313768387	
-0.0317504741251469	-0.0374399349093437	0.357711970806122	0.21597558259964	
-0.0378617569804192	-0.0188113190233707	0.292094320058823	0.148084074258804	
-0.0474024526774883	0.000715818081516773	0.215246424078941	0.0590276047587395	
-0.0583631061017513	0.019921600818634	0.13214735686779	-0.0447373390197754	
-0.0686434507369995	0.0378473028540611	0.0486795119941235	-0.153786584734917	
-0.0764145776629448	0.0538514405488968	-0.0288789048790932	-0.256873190402985	
-0.0804259553551674	0.0676141306757927	-0.0944540351629257	-0.342413574457169	
-0.0802050083875656	0.0790975615382195	-0.142809227108955	-0.400100857019424	
-0.0761158615350723	0.0884758085012436	-0.170139595866203	-0.422403037548065	
-0.0692678019404411	0.0960497185587883	-0.174553737044334	-0.40571191906929	
-0.0612905770540237	0.102161943912506	-0.156374365091324	-0.350959122180939	
-0.0540166348218918	0.107124030590057	-0.118206426501274	-0.263594001531601	
-0.0491269528865814	0.111163236200809	-0.0647467151284218	-0.152917623519897	
-0.0478236824274063	0.114391975104809	-0.0023407454136759	-0.0308680310845375	
0.0477128587663174	-0.115399569272995	0.00400834204629064	0.0268570054322481	
0.0502845048904419	-0.117175728082657	-0.0600308626890182	-0.0934418514370918	
0.0565896816551685	-0.117902673780918	-0.118111178278923	-0.199506998062134	
0.0655098408460617	-0.117450416088104	-0.163343980908394	-0.28126922249794	
0.075310654938221	-0.115637570619583	-0.190267816185951	-0.332127094268799	
0.0839393809437752	-0.11224964261055	-0.195469811558723	-0.349618583917618	
0.0893884375691414	-0.107061125338078	-0.177958682179451	-0.335469454526901	
0.0900628939270973	-0.0998639315366745	-0.139233961701393	-0.295034378767014	
0.0850879028439522	-0.0905040800571442	-0.0830371528863907	-0.236244782805443	
0.0745016038417816	-0.0789262875914574	-0.0148146450519562	-0.168250069022179	
0.059298075735569	-0.0652230307459831	0.0590360313653946	-0.0999819338321686	
0.0413094907999039	-0.0496807172894478	0.13203290104866	-0.0388725101947784	
0.0229440238326788	-0.0328129194676876	0.198467552661896	0.0100796343758702	
0.00682008499279618	-0.0153695177286863	0.25413316488266	0.0447693802416325	
-0.00464471569284797	0.00168789003510028	0.296819567680359	0.0659314468502998	
-0.00962358806282282	0.0172499939799309	0.326506018638611	0.076622910797596	
-0.00718619069084525	0.0301623605191708	0.345228284597397	0.0813678056001663	
0.0025300863198936	0.03935831412673	0.356643974781036	0.0851400941610336	
0.0183116476982832	0.0440064370632172	0.365366339683533	0.0923780351877213	
0.0380254313349724	0.0436514765024185	0.376170605421066	0.106204368174076	
0.0589170008897781	0.0383249595761299	0.393194735050201	0.127977833151817	
0.0780040398240089	0.0286035388708115	0.41925635933876	0.157232627272606	
0.0925046056509018	0.0155988391488791	0.455387651920319	0.191986843943596	
0.100234925746918	0.000872040109243244	0.500653982162476	0.229332581162453	
0.0999171286821365	-0.0137220583856106	0.552278280258179	0.266172885894775	
0.0913522616028786	-0.0262448526918888	0.606044828891754	0.299949556589127	
0.0754354819655418	-0.0349109917879105	0.656912922859192	0.329216688871384	
0.0540148951113224	-0.0383198000490665	0.699741840362549	0.353952050209045	
0.0296191573143005	-0.0356468707323074	0.730012714862823	0.375554144382477	
0.00509765557944775	-0.0267661288380623	0.744437336921692	0.39653742313385	
-0.0167712476104498	-0.0122818797826767	0.741365909576416	0.419996112585068	
-0.0336461998522282	0.0065363934263587	0.720939755439758	0.448950290679932	
-0.0439117401838303	0.0279092080891132	0.68497622013092	0.485706210136414	
-0.0468527488410473	0.0497710555791855	0.636617302894592	0.531356453895569	
-0.0426961667835712	0.070031426846981	0.579806208610535	0.585513234138489	
-0.0325221307575703	0.0868354588747025	0.51868212223053	0.646320998668671	
-0.0180658306926489	0.0987870618700981	0.456989824771881	0.710737645626068	
-0.0014458370860666	0.105103634297848	0.397594332695007	0.775024652481079	
0.0151372086256742	0.105682373046875	0.342166900634766	0.835346341133118	
0.0296867843717337	0.101072244346142	0.291080236434937	0.888363242149353	
0.0406427681446075	0.0923600643873215	0.243512019515038	0.931709825992584	
0.0470323450863361	0.0809918716549873	0.197725400328636	0.964273035526276	
0.0485264956951141	0.0685594156384468	0.151467680931091	0.986231446266174	
0.0454042367637157	0.0565852001309395	0.102414697408676	0.998861193656921	
0.0384399183094501	0.0463373884558678	0.0485866218805313	1.00415933132172	
0.0287386327981949	0.0386988595128059	-0.0113277016207576	1.00436902046204	
0.0175494290888309	0.0341043807566166	-0.077781043946743	1.00150334835052	
0.00608569942414761	0.0325476750731468	-0.15032933652401	0.996961295604706	
-0.00462268991395831	0.0336490198969841	-0.227735072374344	0.991302609443665	
-0.0138290319591761	0.0367653034627438	-0.308180630207062	0.98421710729599	
-0.0211142376065254	0.0411196611821651	-0.389544814825058	0.974678814411163	
-0.0263785775750875	0.0459275245666504	-0.469690233469009	0.961240768432617	
-0.0297908578068018	0.0504996776580811	-0.546714067459106	0.942400634288788	
-0.0317101068794727	0.0543098077178001	-0.619125604629517	0.916955232620239	
-0.0325967036187649	0.0570222213864326	-0.685932278633118	0.884271740913391	
-0.0329284518957138	0.0584834478795528	-0.746633768081665	0.844422996044159	
-0.0331336632370949	0.0586877018213272	-0.801139652729034	0.798167288303375	
-0.0335479825735092	0.0577293895184994	-0.849638819694519	0.746787071228027	
-0.034396518021822	0.0557559952139854	-0.892452239990234	0.691831171512604	
-0.0357979610562325	0.0529318675398827	-0.929899752140045	0.634822964668274	
-0.0377841927111149	0.0494184792041779	-0.962203919887543	0.5770024061203	
-0.0403273478150368	0.0453712604939938	-0.989442825317383	0.519158899784088	
-0.0433666557073593	0.0409482382237911	-1.01155126094818	0.461589157581329	
-0.0468291342258453	0.0363224744796753	-1.02836084365845	0.404184460639954	
-0.0506409183144569	0.0316897928714752	-1.03966116905212	0.346621990203857	
-0.054728914052248	0.0272649377584457	-1.04526305198669	0.288610607385635	
-0.059015017002821	0.0232632625848055	-1.04504752159119	0.230129539966583	
-0.063406765460968	0.0198696739971638	-1.03899025917053	0.17160028219223	
-0.0677889436483383	0.0172011312097311	-1.02715826034546	0.113946430385113	
-0.0720201209187508	0.0152719924226403	-1.00968444347382	0.0585229434072971	
-0.0759367048740387	0.0139723280444741	-0.986732244491577	0.00692520756274462	
-0.0793651640415192	0.0130675286054611	-0.958462953567505	-0.0392828471958637	
-0.0821411982178688	0.0122234160080552	-0.925018608570099	-0.0788628235459328	
-0.084132693707943	0.0110555626451969	-0.886529505252838	-0.111151926219463	
-0.0852625221014023	0.00919574312865734	-0.843146026134491	-0.136210009455681	
-0.0855266451835632	0.00636373460292816	-0.795091450214386	-0.154824748635292	
-0.0850038751959801	0.00243023713119328	-0.742721498012543	-0.168365463614464	
-0.0838545560836792	-0.00254287128336728	-0.686577439308167	-0.178508087992668	
-0.0823072865605354	-0.00829524453729391	-0.627416849136353	-0.186882615089417	
-0.0806348100304604	-0.0143981277942657	-0.566210091114044	-0.19471238553524	
-0.0791216269135475	-0.0203188844025135	-0.504098653793335	-0.202519834041595	
-0.0780276507139206	-0.0255099721252918	-0.442316502332687	-0.209961965680122	
-0.077552855014801	-0.0295067951083183	-0.382084906101227	-0.215835571289063	
-0.077807791531086	-0.0320162139832973	-0.324497193098068	-0.218259021639824	
-0.0787947401404381	-0.0329782404005527	-0.270410656929016	-0.215002655982971	
-0.0804023742675781	-0.0325878448784351	-0.220364034175873	-0.203909516334534	
-0.0824156552553177	-0.0312708467245102	-0.174533441662788	-0.183328822255135	
-0.0845401957631111	-0.029616467654705	-0.132733568549156	-0.152480065822601	
-0.0864385515451431	-0.0282774996012449	-0.0944624468684196	-0.111676968634129	
-0.0877740681171417	-0.0278555825352669	-0.0589814037084579	-0.0623659938573837	
-0.088256374001503	-0.0287923943251371	-0.0254158638417721	-0.00696842465549707	
0.0876825153827667	0.031287033110857	-0.00713951839134097	-0.0514483526349068	
0.0859674885869026	0.0352553650736809	-0.0395273752510548	-0.109612554311752	
0.0831595361232758	0.0403394810855389	-0.0724578201770782	-0.16452394425869	
0.079437293112278	0.0459662117063999	-0.106468670070171	-0.213878989219666	
0.0750883817672729	0.0514443628489971	-0.141915649175644	-0.25637024641037	
0.0704720616340637	0.0560830868780613	-0.178986668586731	-0.291808784008026	
0.0659706890583038	0.0593097098171711	-0.21773062646389	-0.321051776409149	
0.0619370304048061	0.060765452682972	-0.258090019226074	-0.345753371715546	
0.0586452521383762	0.0603616908192635	-0.299928098917007	-0.36798894405365	
0.0562533363699913	0.0582868009805679	-0.343044996261597	-0.389824539422989	
0.0547829419374466	0.0549631454050541	-0.387182414531708	-0.412911415100098	
0.0541204288601875	0.0509630180895329	-0.432020664215088	-0.438177675008774	
0.0540391579270363	0.0469001121819019	-0.477175146341324	-0.46566841006279	
0.0542398206889629	0.0433173626661301	-0.5222008228302	-0.494556427001953	
0.0544023402035236	0.0405923835933208	-0.566611230373383	-0.523312211036682	
0.0542406663298607	0.0388778671622276	-0.609914362430573	-0.549992978572845	
0.0535511784255505	0.0380871929228306	-0.651663601398468	-0.572590112686157	
0.0522461459040642	0.0379264615476131	-0.691515624523163	-0.589366912841797	
0.0503662899136543	0.0379651337862015	-0.729283273220062	-0.599123477935791	
0.0480700582265854	0.0377299934625626	-0.764970719814301	-0.601344704627991	
0.0456014610826969	0.0368030779063702	-0.798778831958771	-0.596210360527039	
0.0432423315942287	0.0349038280546665	-0.831073939800262	-0.584477007389069	
0.0412579104304314	0.0319396182894707	-0.862319827079773	-0.567262947559357	
0.039846133440733	0.0280154906213284	-0.892980217933655	-0.545787751674652	
0.0391004309058189	0.0234027169644833	-0.923407852649689	-0.52111953496933	
0.0389934778213501	0.0184741076081991	-0.953738331794739	-0.49398136138916	
0.0393852703273296	0.0136208813637495	-0.98381108045578	-0.464650213718414	
0.04005416482687	0.00916930008679628	-1.01313447952271	-0.432962030172348	
0.0407447703182697	0.00531497178599238	-1.04090702533722	-0.398412793874741	
0.0412229187786579	0.00208860100246966	-1.06609463691711	-0.360327273607254	
0.0413262248039246	-0.000640073209069669	-1.08755767345428	-0.31805494427681	
0.040999174118042	-0.00312178605236113	-1.10420453548431	-0.271149963140488	
0.0403046123683453	-0.00566036161035299	-1.11514973640442	-0.219499155879021	
0.0394081510603428	-0.00853399373590946	-1.11984610557556	-0.163376048207283	
0.0385378040373325	-0.0119232926517725	-1.11816680431366	-0.103416077792645	
0.0379266552627087	-0.0158627685159445	-1.11041903495789	-0.0405264496803284	
0.0377506352961063	-0.0202273447066545	-1.09728479385376	0.0242436956614256	
0.0380754433572292	-0.0247577391564846	-1.07969427108765	0.0898405909538269	
0.0388256795704365	-0.0291197523474693	-1.05865335464478	0.155320182442665	
0.0397854000329971	-0.0329846478998661	-1.03505384922028	0.219917714595795	
0.040633212774992	-0.0361123792827129	-1.00949954986572	0.283064126968384	
0.0410076007246971	-0.0384179875254631	-0.982181370258331	0.344354420900345	
0.0405910797417164	-0.0400041379034519	-0.952826023101807	0.403485625982285	
0.0391963832080364	-0.0411494560539722	-0.920731008052826	0.4601871073246	
0.0368355177342892	-0.0422514602541924	-0.884884119033813	0.514166057109833	
0.0337539613246918	-0.0437329523265362	-0.844151020050049	0.565083980560303	
0.0304174982011318	-0.0459293946623802	-0.79750120639801	0.612568080425262	
0.0274476334452629	-0.0489804036915302	-0.744236052036285	0.656249582767487	
0.025511646643281	-0.0527495965361595	-0.684180915355682	0.695810317993164	
0.0251833461225033	-0.0567932650446892	-0.61780709028244	0.731014668941498	
0.0267984997481108	-0.0603900626301765	-0.546261191368103	0.761706531047821	
0.030332900583744	-0.0626328364014626	-0.471293956041336	0.787760436534882	
0.0353300683200359	-0.0625714734196663	-0.395094484090805	0.808990299701691	
0.0408992655575275	-0.0593849495053291	-0.320052921772003	0.825036644935608	
0.0457936599850655	-0.0525534711778164	-0.248484805226326	0.835265100002289	
0.0485647059977055	-0.0419993884861469	-0.18235570192337	0.838715195655823	
0.0477744899690151	-0.0281690172851086	-0.123046159744263	0.83413565158844	
0.0422353111207485	-0.012036208063364	-0.0711898803710938	0.820127844810486	
0.0312380827963352	0.00497894734144211	-0.0266083534806967	0.795395910739899	
0.0147292800247669	0.0211686789989471	0.0116487359628081	0.759075403213501	
-0.00659832684323192	0.0347523093223572	0.045162059366703	0.711086690425873	
-0.0313241556286812	0.0441160276532173	0.0759179517626762	0.652440369129181	
-0.0574336461722851	0.0480413213372231	0.106028407812119	0.585417151451111	
-0.0825546905398369	0.0458866469562054	0.137429714202881	0.513555467128754	
-0.104265801608562	0.0376937873661518	0.171595335006714	0.441407054662704	
-0.120431415736675	0.0242019332945347	0.209296390414238	0.374059766530991	
-0.129512712359428	0.00676696468144655	0.250436931848526	0.316473960876465	
-0.130803674459457	-0.012801930308342	0.293983519077301	0.272721201181412	
-0.124551840126514	-0.0324636250734329	0.3379987180233	0.245246842503548	
-0.111940890550613	-0.0501914322376251	0.379779130220413	0.2342908680439	
-0.094932958483696	-0.0642088502645493	0.416088193655014	0.237591117620468	
-0.075992226600647	-0.0731818825006485	0.443466305732727	0.250457018613815	
-0.0577306374907494	-0.0763435959815979	0.458592981100082	0.266247779130936	
-0.0425304360687733	-0.0735377818346024	0.458669155836105	0.277220845222473	
-0.0322030521929264	-0.0651819407939911	0.441784292459488	0.275649070739746	
-0.027738843113184	-0.0521616972982883	0.407229512929916	0.255049169063568	
-0.0291879083961248	-0.0356781482696533	0.355719745159149	0.211330384016037	
-0.0356910973787308	-0.017074478790164	0.289491325616837	0.143670067191124	
-0.0456555373966694	0.00233116769231856	0.21225069463253	0.0549530126154423	
-0.057044979184866	0.0213839840143919	0.128961816430092	-0.0483277030289173	
-0.067735992372036	0.0391864627599716	0.0454768761992455	-0.156729489564896	
-0.0758798941969872	0.0551416240632534	-0.0319664850831032	-0.259009122848511	
-0.0802093371748924	0.06894800812006	-0.0973395779728889	-0.343609839677811	
-0.0802378281950951	0.0805560350418091	-0.145449623465538	-0.400272488594055	
-0.0763189643621445	0.0900999754667282	-0.172529265284538	-0.421528577804565	
-0.0695560202002525	0.0978208258748055	-0.176714837551117	-0.403842449188232	
-0.061578743159771	0.103993743658066	-0.158345803618431	-0.348219335079193	
-0.0542269051074982	0.108869776129723	-0.120033711194992	-0.260175198316574	
-0.049196720123291	0.112636797130108	-0.0664743483066559	-0.149063959717751	
-0.0477128587663174	0.115399569272995	-0.00400834204629064	-0.0268570054322481	
0.0475439056754112	-0.116266563534737	0.00567105505615473	0.0228132586926222	
0.0499231852591038	-0.117413222789764	-0.0584055259823799	-0.0973174124956131	
0.0560472011566162	-0.117411717772484	-0.116487428545952	-0.202944025397301	
0.0648238882422447	-0.116223655641079	-0.161682918667793	-0.284034252166748	
0.0745379626750946	-0.113772265613079	-0.188523650169373	-0.334040611982346	
0.0831436961889267	-0.109943114221096	-0.193588152527809	-0.350566834211349	
0.0886257067322731	-0.104588195681572	-0.175878271460533	-0.335409730672836	
0.0893660709261894	-0.0975389704108238	-0.136892557144165	-0.293993771076202	
0.0844545364379883	-0.0886330977082253	-0.0803812071681023	-0.234311893582344	
0.0738872140645981	-0.0777566209435463	-0.0118115954101086	-0.165560662746429	
0.0586174391210079	-0.064898744225502	0.0623849555850029	-0.096699520945549	
0.0404470860958099	-0.0502113662660122	0.135681673884392	-0.0351654998958111	
0.0217728801071644	-0.0340615212917328	0.202318653464317	0.0140620358288288	
0.00522683979943395	-0.0170625504106283	0.258037149906158	0.0489200875163078	
-0.00673237536102533	-7.10098465788178E-5	0.300581783056259	0.0702046379446983	
-0.0122118005529046	0.0158597398549318	0.329900860786438	0.0810468941926956	
-0.0101969949901104	0.029571358114481	0.348019063472748	0.0860495567321777	
-0.000734716013539582	0.0399312563240528	0.358606338500977	0.0902602151036263	
0.0150445541366935	0.0459870807826519	0.366312026977539	0.0981758013367653	
0.0350687615573406	0.047122810035944	0.375967532396317	0.112953841686249	
0.056609682738781	0.0431905798614025	0.391780823469162	0.135957255959511	
0.0766678750514984	0.0345931984484196	0.416644126176834	0.166690304875374	
0.0923983380198479	0.0222975537180901	0.451658427715302	0.203107506036758	
0.101512528955936	0.00776870502158999	0.495942115783691	0.242208451032639	
0.102596916258335	-0.00717330863699317	0.546747207641602	0.280783355236053	
0.0953021869063377	-0.0205590836703777	0.59985762834549	0.316152513027191	
0.0803777873516083	-0.030511686578393	0.650202333927155	0.346753120422363	
0.0595504380762577	-0.0354908928275108	0.692582786083221	0.372463554143906	
0.0352687612175941	-0.0345037207007408	0.722402453422546	0.394611835479736	
0.0103552779182792	-0.0272485353052616	0.736285507678986	0.415678441524506	
-0.0123807359486818	-0.0141692440956831	0.732496619224548	0.438763380050659	
-0.0305125527083874	0.0035908620338887	0.711105465888977	0.466930240392685	
-0.0422957204282284	0.0243307165801525	0.673882007598877	0.502559840679169	
-0.0468593575060368	0.0460089631378651	0.623952150344849	0.546839654445648	
-0.0442681424319744	0.0665059834718704	0.565277814865112	0.599484384059906	
-0.0354542247951031	0.0838924273848534	0.502050280570984	0.658734798431396	
-0.0220372769981623	0.0966654941439629	0.438094586133957	0.721627414226532	
-0.00606588227674365	0.103919848799706	0.376375108957291	0.784475564956665	
0.0102775665000081	0.105430796742439	0.31867128610611	0.843464255332947	
0.024964353069663	0.101641237735748	0.265460908412933	0.895244002342224	
0.0363599359989166	0.0935591384768486	0.216013461351395	0.937412917613983	
0.0433884039521217	0.0825854167342186	0.168662384152412	0.96880429983139	
0.0456055402755737	0.0703017041087151	0.121198743581772	0.989535689353943	
0.0431799292564392	0.0582517385482788	0.0713142454624176	1.00082564353943	
0.0367949306964874	0.047748975455761	0.0170192867517471	1.0046272277832	
0.0274944696575403	0.039736021310091	-0.043027725070715	1.00315940380096	
0.0165011212229729	0.0347115844488144	-0.109323583543301	0.998434782028198	
0.00503566348925233	0.0327282510697842	-0.18147411942482	0.99187445640564	
-0.00583671173080802	0.0334530286490917	-0.258290261030197	0.984080374240875	
-0.0153155196458101	0.0362731628119946	-0.337995499372482	0.974797368049622	
-0.0229206159710884	0.0404247082769871	-0.418498635292053	0.963060677051544	
-0.0284947659820318	0.0451202802360058	-0.497680068016052	0.947483420372009	
-0.0321615263819695	0.0496559590101242	-0.573643207550049	0.92661589384079	
-0.0342523343861103	0.0534838140010834	-0.644895255565643	0.899296939373016	
-0.0352191478013992	0.0562447756528854	-0.710437119007111	0.864923059940338	
-0.0355484262108803	0.057764757424593	-0.769761741161346	0.823584854602814	
-0.0356892980635166	0.0580231994390488	-0.822775781154633	0.776049196720123	
-0.0360039621591568	0.0571070425212383	-0.869671761989594	0.723601400852203	
-0.0367432497441769	0.0551633797585964	-0.910781919956207	0.667790651321411	
-0.0380453504621983	0.0523616410791874	-0.946445167064667	0.610140800476074	
-0.039952103048563	0.048871323466301	-0.976909220218658	0.551893591880798	
-0.0424352400004864	0.0448560602962971	-1.0022805929184	0.493841409683228	
-0.045424796640873	0.0404797196388245	-1.02252352237701	0.436283558607101	
-0.0488331913948059	0.035917092114687	-1.03749740123749	0.379111438989639	
-0.0525708310306072	0.0313608720898628	-1.04701566696167	0.321997553110123	
-0.0565519779920578	0.0270181894302368	-1.05090820789337	0.264639526605606	
-0.0606921911239624	0.023093631491065	-1.04907083511353	0.206998348236084	
-0.0649006217718124	0.0197602063417435	-1.04148995876312	0.14947073161602	
-0.0690714344382286	0.0171240735799074	-1.02824103832245	0.0929511040449142	
-0.073078453540802	0.0151919899508357	-1.00946497917175	0.0387635305523872	
-0.0767762213945389	0.0138511462137103	-0.985333800315857	-0.0115260826423764	
-0.0800087451934814	0.0128694763407111	-0.956018328666687	-0.0563791766762733	
-0.0826254636049271	0.0119205247610807	-0.921671450138092	-0.0945769026875496	
-0.0845019891858101	0.0106316460296512	-0.882433950901031	-0.125469774007797	
-0.0855619460344315	0.00864864233881235	-0.838465332984924	-0.149125710129738	
-0.0857957229018211	0.00570539059117436	-0.789993524551392	-0.166337430477142	
-0.0852718874812126	0.00168460281565785	-0.737373113632202	-0.17847903072834	
-0.0841384679079056	-0.00334368878975511	-0.681136906147003	-0.187233835458755	
-0.0826124027371407	-0.00911592599004507	-0.622025549411774	-0.194243863224983	
-0.0809577107429504	-0.0152052966877818	-0.560985267162323	-0.200750157237053	
-0.0794546231627464	-0.0210855696350336	-0.499127417802811	-0.20729772746563	
-0.0783636122941971	-0.026218606159091	-0.437652468681335	-0.213569015264511	
-0.0778892561793327	-0.0301502458751202	-0.377748340368271	-0.21838590502739	
-0.078149288892746	-0.0325966887176037	-0.320478141307831	-0.219887882471085	
-0.0791536271572113	-0.0335043221712112	-0.266675055027008	-0.21585913002491	
-0.0807970985770226	-0.0330702438950539	-0.216861829161644	-0.20414699614048	
-0.0828677862882614	-0.0317177437245846	-0.171207442879677	-0.18309485912323	
-0.0850706100463867	-0.0300293862819672	-0.1295275837183	-0.151907369494438	
-0.0870637074112892	-0.0286486074328423	-0.0913276374340057	-0.110877230763435	
-0.0885030925273895	-0.0281670428812504	-0.0558797307312489	-0.0614277422428131	
-0.08908960968256	-0.029018048197031	-0.0223202779889107	-0.00595933943986893	
0.0886115729808807	0.0313962139189243	-0.010248095728457	-0.052475169301033	
0.0869767144322395	0.0352182053029537	-0.0426655896008015	-0.11060956120491	
0.0842284187674522	0.0401327572762966	-0.0756467878818512	-0.1654392182827	
0.080543227493763	0.0455785766243935	-0.109740898013115	-0.214647442102432	
0.0762092173099518	0.0508798286318779	-0.145320445299149	-0.25690770149231	
0.0715880244970322	0.0553619079291821	-0.182592868804932	-0.292010396718979	
0.0670654848217964	0.0584662705659866	-0.22162589430809	-0.320794939994812	
0.0629982873797417	0.0598432496190071	-0.262376397848129	-0.344904899597168	
0.0596645660698414	0.0594061501324177	-0.304714292287827	-0.366414815187454	
0.0572262890636921	0.0573371388018131	-0.348436325788498	-0.387400686740875	
0.0557094626128674	0.0540447272360325	-0.393270045518875	-0.409532845020294	
0.0550056211650372	0.0500817745923996	-0.43887135386467	-0.433764576911926	
0.0548944696784019	0.0460402145981789	-0.484823554754257	-0.460167646408081	
0.0550841875374317	0.0424429476261139	-0.530645132064819	-0.48793825507164	
0.0552626773715019	0.0396533310413361	-0.575812935829163	-0.51556271314621	
0.0551511533558369	0.0378188714385033	-0.619802415370941	-0.541103899478912	
0.0545508116483688	0.0368587337434292	-0.662141799926758	-0.562548279762268	
0.053374420851469	0.0364957675337791	-0.70247220993042	-0.578145503997803	
0.0516572892665863	0.0363250561058521	-0.740601181983948	-0.586677372455597	
0.0495456755161285	0.0359040200710297	-0.776536583900452	-0.587610602378845	
0.0472648590803146	0.0348451845347881	-0.810489356517792	-0.581112802028656	
0.0450729690492153	0.0328928306698799	-0.842838525772095	-0.567938625812531	
0.0432093814015388	0.029968585819006	-0.874058663845062	-0.54921817779541	
0.0418477095663548	0.0261778309941292	-0.904619097709656	-0.52619606256485	
0.041062630712986	0.0217771362513304	-0.934869647026062	-0.499977201223373	
0.0408173017203808	0.0171111486852169	-0.964933753013611	-0.471328169107437	
0.0409739390015602	0.0125335054472089	-0.994629800319672	-0.440570622682571	
0.0413256548345089	0.00832946505397558	-1.02343893051147	-0.407579660415649	
0.0416430793702602	0.00465717492625117	-1.05053007602692	-0.371879637241364	
0.0417260825634003	0.00152012764010578	-1.07484245300293	-0.332809150218964	
0.0414494574069977	-0.00122366298455745	-1.09521722793579	-0.289716333150864	
0.0407923497259617	-0.00381843629293144	-1.11055529117584	-0.242140606045723	
0.0398441664874554	-0.0065436945296824	-1.11997842788696	-0.189945355057716	
0.0387845821678638	-0.00963908433914185	-1.12296199798584	-0.133378073573112	
0.0378407128155231	-0.013238756917417	-1.11941528320313	-0.0730524808168411	
0.037229847162962	-0.0173308495432138	-1.10969233512878	-0.00986422318965197	
0.0370998568832874	-0.021752318367362	-1.09452700614929	0.0551348924636841	
0.0374809876084328	-0.0262214373797178	-1.07490170001984	0.1208730712533	
0.0382611826062202	-0.0304016880691051	-1.05186867713928	0.18637478351593	
0.0391932055354118	-0.0339832566678524	-1.02635610103607	0.250835120677948	
0.0399353541433811	-0.0367635861039162	-0.998991429805756	0.313642829656601	
0.0401204898953438	-0.0387075878679752	-0.969976365566254	0.374356478452682	
0.0394412577152252	-0.039971549063921	-0.939037024974823	0.432648926973343	
0.0377344153821468	-0.0408818498253822	-0.905462503433228	0.488242834806442	
0.0350454896688461	-0.0418690294027328	-0.868229568004608	0.540858268737793	
0.0316567122936249	-0.0433676987886429	-0.826194882392883	0.590187966823578	
0.0280670039355755	-0.0457011610269547	-0.778326034545898	0.635904788970947	
0.0249211452901363	-0.0489745028316975	-0.723932385444641	0.677693128585815	
0.022895410656929	-0.05300023406744	-0.662858307361603	0.715288460254669	
0.0225566197186708	-0.0572760887444019	-0.595603883266449	0.748501896858215	
0.0242189262062311	-0.0610256269574165	-0.523351073265076	0.777211427688599	
0.0278261303901672	-0.0633007660508156	-0.447887063026428	0.801310658454895	
0.0328857563436031	-0.0631332024931908	-0.371432930231094	0.82061755657196	
0.0384744182229042	-0.0597111918032169	-0.296400994062424	0.834765613079071	
0.043322965502739	-0.0525515601038933	-0.225114360451698	0.8431077003479	
0.0459761582314968	-0.0416354537010193	-0.159529477357864	0.84467226266861	
0.045007549226284	-0.0274806581437588	-0.10100107640028	0.838205456733704	
0.039258424192667	-0.0111328810453415	-0.0501230098307133	0.822319328784943	
0.0280622988939285	0.00592854619026184	-0.00666753575205803	0.795745015144348	
0.0114154135808349	0.0219606328755617	0.0303680468350649	0.757660150527954	
-0.00994048733264208	0.0351792462170124	0.0626134276390076	0.708037972450256	
-0.0345447212457657	0.0440014451742172	0.0920947268605232	0.647946059703827	
-0.0603583492338657	0.0472706891596317	0.120950222015381	0.579717934131622	
-0.0850050821900368	0.0444298759102821	0.151127085089684	0.506932079792023	
-0.106080800294876	0.0356149710714817	0.184095054864883	0.434160590171814	
-0.121486991643906	0.0216543916612864	0.220610097050667	0.366488099098206	
-0.129736766219139	0.003974090795964	0.260554850101471	0.308847278356552	
-0.130184069275856	-0.0155770946294069	0.3028744161129	0.2652607858181	
-0.123136959969997	-0.0349551849067211	0.345616191625595	0.23811037838459	
-0.109832763671875	-0.0521678030490875	0.386072665452957	0.227566450834274	
-0.0922747477889061	-0.0655041038990021	0.421017467975616	0.231300875544548	
-0.0729521885514259	-0.0737162753939629	0.447016030550003	0.244569897651672	
-0.0544850900769234	-0.0761298686265945	0.4607854783535	0.26069912314415	
-0.0392482131719589	-0.0726725980639458	0.459572851657867	0.271935731172562	
-0.0290331989526749	-0.0638242214918137	0.441515922546387	0.270565867424011	
-0.0248025599867105	-0.0505020022392273	0.405949950218201	0.250139355659485	
-0.0265748873353004	-0.0339047014713287	0.35362383723259	0.206611827015877	
-0.0334595665335655	-0.0153421200811863	0.286793023347855	0.139211669564247	
-0.0438348576426506	0.00392361776903272	0.209165900945663	0.0508703365921974	
-0.0556394420564175	0.0228039249777794	0.125691384077072	-0.0518853217363358	
-0.0667287334799767	0.0404636822640896	0.0421921834349632	-0.159598052501678	
-0.0752361491322517	0.0563514791429043	-0.0351336225867271	-0.261032670736313	
-0.0798789709806442	0.0701851025223732	-0.100301317870617	-0.344663381576538	
-0.0801574811339378	0.0819038152694702	-0.148160949349403	-0.400282144546509	
-0.0764145627617836	0.0916023626923561	-0.174981951713562	-0.420486181974411	
-0.0697464421391487	0.0994618982076645	-0.178928256034851	-0.40181291103363	
-0.0617810748517513	0.105689883232117	-0.160356432199478	-0.345339983701706	
-0.0543633513152599	0.110476538538933	-0.121885433793068	-0.256647557020187	
-0.0492025166749954	0.113969877362251	-0.0682112798094749	-0.145138427615166	
-0.0475439056754112	0.116266563534737	-0.00567105505615473	-0.0228132586926222	
0.0473170280456543	-0.11699190735817	0.00732685904949903	0.0187417156994343	
0.0495055764913559	-0.117512747645378	-0.056798841804266	-0.101183824241161	
0.0554447174072266	-0.116787225008011	-0.114890970289707	-0.206340506672859	
0.0640697032213211	-0.114868238568306	-0.160054191946983	-0.286734998226166	
0.0736860707402229	-0.111783504486084	-0.186813175678253	-0.335874378681183	
0.0822576060891151	-0.107518874108791	-0.191738247871399	-0.351427227258682	
0.0877638012170792	-0.102004289627075	-0.173825114965439	-0.33525949716568	
0.0885662063956261	-0.0951114371418953	-0.134572222828865	-0.292862594127655	
0.0837208703160286	-0.0866704657673836	-0.0777393281459808	-0.232288166880608	
0.0731823742389679	-0.076509527862072	-0.00881553068757057	-0.162777572870255	
0.0578625313937664	-0.0645151510834694	0.0657334476709366	-0.0933166071772575	
0.0395307503640652	-0.0507049597799778	0.13933552801609	-0.0313470661640167	
0.0205690804868937	-0.0352990999817848	0.206178814172745	0.0181696489453316	
0.00361926970072091	-0.0187733322381973	0.261951863765717	0.0532103255391121	
-0.00882287416607141	-0.00187744491267949	0.304353207349777	0.0746291726827621	
-0.0148014845326543	0.0143935130909085	0.333298653364182	0.0856283977627754	
-0.0132200671359897	0.0288800857961178	0.350799977779388	0.0908868163824081	
-0.00403511011973023	0.040386687964201	0.360537379980087	0.0955241844058037	
0.0117075499147177	0.0478426963090897	0.367194026708603	0.104096159338951	
0.0320002324879169	0.050473291426897	0.375655889511108	0.11979678273201	
0.054145772010088	0.0479521751403809	0.390199989080429	0.143996343016624	
0.0751333385705948	0.0405079238116741	0.413793295621872	0.176173374056816	
0.0920607522130013	0.0289608016610146	0.447607308626175	0.214223355054855	
0.102539867162704	0.0146764758974314	0.490816622972488	0.255057603120804	
0.105025231838226	-0.000564226415008307	0.540706813335419	0.29535648226738	
0.0990189090371132	-0.0147662749513984	0.593067407608032	0.332320123910904	
0.0851239785552025	-0.0259664598852396	0.642802655696869	0.364267855882645	
0.0649427995085716	-0.0324898399412632	0.684662461280823	0.390975683927536	
0.0408389568328857	-0.0331785194575787	0.713977217674255	0.413696229457855	
0.0156016424298286	-0.0275573562830687	0.727286994457245	0.434869855642319	
-0.00793603528290987	-0.0159099213778973	0.722772061824799	0.457595705986023	
-0.0272688027471304	0.000748677644878626	0.700429379940033	0.484974712133408	
-0.0405289456248283	0.0207996610552073	0.661978363990784	0.519457340240479	
-0.0466937236487865	0.0422311350703239	0.610523879528046	0.562323153018951	
-0.0456671938300133	0.0629005134105682	0.550040483474731	0.61338871717453	
-0.0382327064871788	0.080810159444809	0.484765022993088	0.670993208885193	
-0.0258913468569517	0.0943561047315598	0.418596982955933	0.732256054878235	
-0.0106168184429407	0.102514512836933	0.354595839977264	0.793548405170441	
0.00543279480189085	0.104941166937351	0.294646471738815	0.851083040237427	
0.0202029999345541	0.10197327286005	0.239331394433975	0.901507258415222	
0.0319908186793327	0.0945383012294769	0.188013702630997	0.942389607429504	
0.0396220795810223	0.0839886963367462	0.139100641012192	0.972514450550079	
0.0425405502319336	0.0718913525342941	0.0904317870736122	0.991941690444946	
0.0408056378364563	0.0598061271011829	0.0397199280560017	1.00183391571045	
0.0350090265274048	0.0490867160260677	-0.0150294555351138	1.00409913063049	
0.0261310935020447	0.0407311320304871	-0.0751845389604568	1.00093042850494	
0.0153643321245909	0.0352988950908184	-0.141283854842186	0.994336485862732	
0.00393261900171638	0.0328998304903507	-0.212982639670372	0.985757529735565	
-0.0070678680203855	0.0332475602626801	-0.289141565561295	0.975833892822266	
-0.0167867094278336	0.0357609763741493	-0.368028044700623	0.964362919330597	
-0.0246856119483709	0.0396914072334766	-0.447584867477417	0.950438857078552	
-0.030551528558135	0.0442516393959522	-0.52571439743042	0.93273389339447	
-0.0344631969928741	0.0487261898815632	-0.600530803203583	0.90985107421875	
-0.0367237105965614	0.052548386156559	-0.67054271697998	0.880671620368958	
-0.037774957716465	0.0553380846977234	-0.734747231006622	0.844622611999512	
-0.0381098501384258	0.0569020546972752	-0.792632222175598	0.801813542842865	
-0.0381959676742554	0.0572055876255035	-0.844101965427399	0.753020882606506	
-0.0384198985993862	0.0563280023634434	-0.889352142810822	0.699533462524414	
-0.0390565097332001	0.0544152520596981	-0.92872542142868	0.642901062965393	
-0.0402624495327473	0.0516407079994678	-0.962578535079956	0.58464777469635	
-0.0420891791582108	0.0481806509196758	-0.991182804107666	0.526016592979431	
-0.0445083156228065	0.0442057624459267	-1.01467251777649	0.467801958322525	
-0.0474414676427841	0.0398848280310631	-1.03304100036621	0.410304844379425	
-0.0507874600589275	0.0353937596082687	-1.04617464542389	0.353415846824646	
-0.0544420257210732	0.0309218261390924	-1.05391097068787	0.296801865100861	
-0.0583076924085617	0.0266685131937265	-1.05609953403473	0.240148648619652	
-0.0622943043708801	0.0228277873247862	-1.05265057086945	0.183398261666298	
-0.0663129091262817	0.0195609591901302	-1.04356133937836	0.126922190189362	
-0.0702669695019722	0.0169636011123657	-1.02891528606415	0.0715851560235023	
-0.0740453079342842	0.0150350127369165	-1.00886034965515	0.0186798069626093	
-0.0775201842188835	0.0136595824733377	-0.983576059341431	-0.0302579794079065	
-0.0805527418851852	0.0126077979803085	-0.953241884708405	-0.0737156122922897	
-0.0830058753490448	0.0115609169006348	-0.918020248413086	-0.110494315624237	
-0.084762841463089	0.0101580675691366	-0.878061771392822	-0.13995835185051	
-0.085748203098774	0.00805909465998411	-0.833534002304077	-0.162183955311775	
-0.085947073996067	0.00501201953738928	-0.784669518470764	-0.177968814969063	
-0.085418276488781	0.000911617884412408	-0.731821954250336	-0.18869149684906	
-0.0842979773879051	-0.00416390271857381	-0.675515592098236	-0.196042120456696	
-0.0827918127179146	-0.00994782242923975	-0.616474866867065	-0.201674044132233	
-0.0811552703380585	-0.0160154215991497	-0.555622041225433	-0.206845089793205	
-0.0796642303466797	-0.0218471363186836	-0.494038432836533	-0.212122082710266	
-0.0785793960094452	-0.0269145797938108	-0.432891011238098	-0.217212289571762	
-0.0781094431877136	-0.0307744033634663	-0.373333781957626	-0.220962345600128	
-0.0783786177635193	-0.033152487128973	-0.316398948431015	-0.221532851457596	
-0.079403854906559	-0.0340018086135387	-0.262894868850708	-0.216722130775452	
-0.0810856446623802	-0.033521618694067	-0.21332748234272	-0.204382449388504	
-0.0832149237394333	-0.0321324467658997	-0.167857974767685	-0.182852029800415	
-0.0854959413409233	-0.0304097589105368	-0.126302748918533	-0.151321396231651	
-0.0875827297568321	-0.0289869960397482	-0.0881745666265488	-0.110062792897224	
-0.0891245827078819	-0.0284450743347406	-0.0527567751705647	-0.0604767836630344	
-0.089814305305481	-0.0292083490639925	-0.0191974975168705	-0.00494299409911036	
0.0894322395324707	0.0314663946628571	-0.0133917490020394	-0.0535005442798138	
0.0878795087337494	0.0351364463567734	-0.0458477400243282	-0.11159360408783	
0.0851950570940971	0.0398740172386169	-0.0788886249065399	-0.166327759623528	
0.0815533846616745	0.0451301634311676	-0.113074265420437	-0.215373694896698	
0.0772427096962929	0.0502451993525028	-0.148793503642082	-0.257386296987534	
0.0726263821125031	0.0545617453753948	-0.186273157596588	-0.29213547706604	
0.0680928081274033	0.0575363673269749	-0.225599750876427	-0.320442914962769	
0.0640015602111816	0.0588293708860874	-0.266744643449783	-0.343941301107407	
0.0606337264180183	0.0583565458655357	-0.309584528207779	-0.364703953266144	
0.0581544637680054	0.0562939941883087	-0.353912889957428	-0.384816139936447	
0.0565936863422394	0.053036093711853	-0.399442881345749	-0.405966967344284	
0.0558480508625507	0.0491155534982681	-0.445805758237839	-0.429134488105774	
0.0557040125131607	0.0451015755534172	-0.492552101612091	-0.454417258501053	
0.0558779910206795	0.0414959080517292	-0.53916323184967	-0.481035113334656	
0.0560669228434563	0.0386465825140476	-0.585078656673431	-0.507490873336792	
0.0560004152357578	0.0366951152682304	-0.629740476608276	-0.531854152679443	
0.0554855428636074	0.0355660021305084	-0.67265111207962	-0.552107632160187	
0.0544363968074322	0.0349988266825676	-0.713435888290405	-0.56648850440979	
0.0528833456337452	0.0346147380769253	-0.751896798610687	-0.573761165142059	
0.0509604848921299	0.0340025462210178	-0.788045585155487	-0.573375165462494	
0.048873994499445	0.0328062400221825	-0.8221036195755	-0.565486252307892	
0.0468575917184353	0.0307959318161011	-0.854462742805481	-0.55084764957428	
0.0451238416135311	0.0279083624482155	-0.885609090328217	-0.530600726604462	
0.0438210368156433	0.0242497976869345	-0.916017949581146	-0.506015121936798	
0.0430042184889317	0.0200623199343681	-0.946036994457245	-0.478231906890869	
0.0426263622939587	0.0156622398644686	-0.975777924060822	-0.448061108589172	
0.042551577091217	0.01136514544487	-1.00503873825073	-0.415868818759918	
0.0425877310335636	0.00741464272141457	-1.03327417373657	-0.381569564342499	
0.0425317920744419	0.00393073307350278	-1.05962407588959	-0.344716578722	
0.0422181896865368	0.000889124989043921	-1.08300232887268	-0.304663360118866	
0.0415595024824142	-0.00186424073763192	-1.10223126411438	-0.260757744312286	
0.0405700728297234	-0.00456717750057578	-1.11620593070984	-0.21252578496933	
0.039366252720356	-0.00747466459870338	-1.12405586242676	-0.159808620810509	
0.0381418950855732	-0.010787408798933	-1.125279545784	-0.10282875597477	
0.0371230915188789	-0.0145926289260387	-1.11982309818268	-0.0421786941587925	
0.0365109741687775	-0.018831692636013	-1.10808730125427	0.0212573986500502	
0.0364249050617218	-0.0233033690601587	-1.09085810184479	0.0864256843924522	
0.0368592031300068	-0.0277035590261221	-1.0691694021225	0.152237564325333	
0.037664882838726	-0.0316937975585461	-1.04411959648132	0.217687860131264	
0.0385633707046509	-0.0349838212132454	-1.01667261123657	0.281933724880219	
0.0391929596662521	-0.0374093316495419	-0.98747992515564	0.344324320554733	
0.0391815342009068	-0.0389858707785606	-0.95675390958786	0.404384106397629	
0.0382327474653721	-0.0399239584803581	-0.924220740795135	0.461764276027679	
0.0362083986401558	-0.0405980050563812	-0.889162242412567	0.516182661056519	
0.0331884883344173	-0.0414714328944683	-0.850545167922974	0.567373633384705	
0.0294927395880222	-0.0429901108145714	-0.807218909263611	0.615061938762665	
0.0256535671651363	-0.0454642809927464	-0.758150279521942	0.65896600484848	
0.0223388951271772	-0.0489633493125439	-0.702657639980316	0.698823034763336	
0.0202333778142929	-0.0532475523650646	-0.640604794025421	0.734421074390411	
0.019895801320672	-0.0577550940215588	-0.572520315647125	0.765616655349731	
0.0216173902153969	-0.0616538114845753	-0.499620229005814	0.792320728302002	
0.0253085717558861	-0.0639545917510986	-0.423726379871368	0.814444661140442	
0.0304396525025368	-0.0636713653802872	-0.347089618444443	0.831810057163239	
0.036053754389286	-0.0600026175379753	-0.272141635417938	0.844043016433716	
0.0408590771257877	-0.0525031089782715	-0.201210632920265	0.850484311580658	
0.0433939322829247	-0.0412142723798752	-0.13624170422554	0.850152134895325	
0.0422441624104977	-0.0267267748713493	-0.0785621404647827	0.841791391372681	
0.0362812466919422	-0.0101593052968383	-0.0287249572575092	0.824026644229889	
0.0248827245086432	0.00694893253967166	0.0135469799861312	0.795617282390594	
0.00809596292674541	0.0228196829557419	0.0493083484470844	0.75578385591507	
-0.0132872564718127	0.0356659181416035	0.0802370309829712	0.704553008079529	
-0.037765596061945	0.0439366437494755	0.108397945761681	0.643048763275146	
-0.0632758215069771	0.0465387292206287	0.135954856872559	0.573655784130096	
-0.087438128888607	0.0430010557174683	0.164865359663963	0.499990373849869	
-0.107866995036602	0.0335552021861076	0.196595519781113	0.426642149686813	
-0.12250242382288	0.0191199090331793	0.231886729598045	0.358689218759537	
-0.129910990595818	0.00119179964531213	0.27060130238533	0.301033586263657	
-0.129507929086685	-0.0183406379073858	0.311664223670959	0.25764662027359	
-0.121662519872189	-0.0374311432242393	0.353108823299408	0.230844900012016	
-0.107665881514549	-0.0541226826608181	0.392224550247192	0.22072896361351	
-0.08956179022789	-0.0667714625597	0.425795644521713	0.224905729293823	
-0.0698633790016174	-0.0742173120379448	0.450412333011627	0.238580361008644	
-0.0511970706284046	-0.0758796781301498	0.462828606367111	0.255047857761383	
-0.0359283648431301	-0.0717713162302971	0.460335999727249	0.266548693180084	
-0.025827519595623	-0.0624349638819695	0.441118746995926	0.265385568141937	
-0.02182811871171	-0.0488197430968285	0.404554456472397	0.245144054293633	
-0.0239168852567673	-0.0321218445897102	0.351424157619476	0.201827734708786	
-0.031172189861536	-0.0136169968172908	0.28400120139122	0.134716182947159	
-0.041944645345211	0.0054896897636354	0.205995321273804	0.0467860698699951	
-0.0541496872901917	0.0241770334541798	0.122340440750122	-0.0554046928882599	
-0.0656236484646797	0.0416735410690308	0.0388303957879543	-0.162387982010841	
-0.0744840800762177	0.0574745200574398	-0.0383751429617405	-0.262940913438797	
-0.0794344395399094	0.0713180005550385	-0.103334210813046	-0.345572739839554	
-0.0799626335501671	0.0831327885389328	-0.150938495993614	-0.40012988448143	
-0.0764007419347763	0.0929745808243752	-0.177493467926979	-0.419277310371399	
-0.0698369294404984	0.100964814424515	-0.181190341711044	-0.399626016616821	
-0.0618955940008163	0.10724313557148	-0.16240306198597	-0.342324942350388	
-0.0544245168566704	0.111938610672951	-0.123758874833584	-0.253015488386154	
-0.0491436421871185	0.11515886336565	-0.0699551776051521	-0.141145899891853	
-0.0473170280456543	0.11699190735817	-0.00732685904949903	-0.0187417156994343	
0.0470324978232384	-0.117574714124203	0.00897373631596565	0.0146473404020071	
0.0490328297019005	-0.11747619509697	-0.055212527513504	-0.105036608874798	
0.0547841303050518	-0.116033867001534	-0.113323293626308	-0.209692746400833	
0.0632496923208237	-0.113391302525997	-0.158459067344666	-0.289368748664856	
0.0727576017379761	-0.109680399298668	-0.185137569904327	-0.337626755237579	
0.0812836140394211	-0.104987233877182	-0.189921334385872	-0.352199375629425	
0.0868048444390297	-0.0993200391530991	-0.171800673007965	-0.335019528865814	
0.0876648426055908	-0.0925913974642754	-0.132274821400642	-0.291642814874649	
0.0828877538442612	-0.0846248269081116	-0.0751140490174294	-0.230176612734795	
0.0723873302340508	-0.0751916095614433	-0.00582990190014243	-0.159904703497887	
0.0570331811904907	-0.0640764459967613	0.0690769031643867	-0.0898377746343613	
0.0385602079331875	-0.0511632524430752	0.142988562583923	-0.0274222623556852	
0.0193325988948345	-0.0365252532064915	0.210040748119354	0.0223971661180258	
0.00199795723892748	-0.0204999316483736	0.265868812799454	0.0576346777379513	
-0.0109147308394313	-0.00372882001101971	0.308124274015427	0.0791995823383331	
-0.0173901058733463	0.0128535684198141	0.336689174175262	0.0903618633747101	
-0.0162518471479416	0.028089439496398	0.353560566902161	0.0958737060427666	
-0.00736674619838595	0.0407232455909252	0.362426847219467	0.100925385951996	
0.00830533355474472	0.0495689772069454	0.36800292134285	0.110131204128265	
0.0288242883980274	0.0536953620612621	0.375227510929108	0.126723259687424	
0.0515287593007088	0.0525989755988121	0.388445496559143	0.152082279324532	
0.0734022632241249	0.0463341549038887	0.410698682069778	0.185665249824524	
0.0914914011955261	0.0355730578303337	0.443230450153351	0.225313290953636	
0.103313818573952	0.0215789247304201	0.48527467250824	0.267853707075119	
0.107196167111397	0.00608909083530307	0.534154951572418	0.309860408306122	
0.102493897080421	-0.00888093933463097	0.585671722888947	0.348414808511734	
0.0896634981036186	-0.0212871190160513	0.634711027145386	0.381717920303345	
0.070180281996727	-0.029324846342206	0.675976753234863	0.409440726041794	
0.0463180243968964	-0.0316753499209881	0.7047318816185	0.432755798101425	
0.020826293155551	-0.0276924204081297	0.717435538768768	0.454057455062866	
-0.00344505649991333	-0.017499778419733	0.712185382843018	0.476437449455261	
-0.0239191707223654	-0.0019827492069453	0.688904941082001	0.5030277967453	
-0.0386110693216324	0.0173257347196341	0.6492600440979	0.536343634128571	
-0.0463504381477833	0.0384483560919762	0.596329867839813	0.57775342464447	
-0.0468827746808529	0.0592256113886833	0.534095406532288	0.627174735069275	
-0.0408422909677029	0.0775978788733482	0.466832906007767	0.683046996593475	
-0.0296088121831417	0.0918657332658768	0.398510217666626	0.742576360702515	
-0.0150765860453248	0.100891351699829	0.332277089357376	0.802197575569153	
0.00062646676087752	0.104213759303093	0.270120918750763	0.858157932758331	
0.0154264504089952	0.102065190672874	0.212728187441826	0.907108902931213	
0.0275580249726772	0.0952913463115692	0.159556925296783	0.946595668792725	
0.0357538424432278	0.0851931124925613	0.109091371297836	0.975359261035919	
0.0393491610884666	0.073318287730217	0.0592240802943707	0.993405163288116	
0.0382958427071571	0.0612378120422363	0.00769397709518671	1.00184154510498	
0.0330936014652252	0.0503405705094337	-0.0474935844540596	1.00253164768219	
0.0246572364121675	0.0416755490005016	-0.107729457318783	0.997640132904053	
0.014145809225738	0.035859752446413	-0.173591494560242	0.989169418811798	
0.00278216158039868	0.0330583527684212	-0.244783654808998	0.978575050830841	
-0.00831085443496704	0.0330312065780163	-0.320217430591583	0.966532409191132	
-0.0182368103414774	0.0352298729121685	-0.398206800222397	0.952888131141663	
-0.0264023374766111	0.0389230698347092	-0.476732164621353	0.936793684959412	
-0.0325405150651932	0.0433265939354897	-0.553722262382507	0.916978716850281	
-0.0366859398782253	0.0477164536714554	-0.62730598449707	0.892098903656006	
-0.0391128659248352	0.0515101179480553	-0.695997357368469	0.861078202724457	
-0.0402516573667526	0.0543087236583233	-0.758792400360107	0.823375105857849	
-0.0405996106564999	0.0559014976024628	-0.815175652503967	0.779118955135345	
-0.0406404510140419	0.0562403686344624	-0.865049600601196	0.729096949100494	
-0.0407829657196999	0.055397029966116	-0.908612847328186	0.674602091312408	
-0.0413242876529694	0.0535156801342964	-0.946217656135559	0.617184937000275	
-0.0424383766949177	0.0507726222276688	-0.978237152099609	0.558369636535645	
-0.0441858321428299	0.0473497398197651	-1.00496542453766	0.499399781227112	
-0.0465383119881153	0.0434236116707325	-1.02656316757202	0.441071152687073	
-0.0494096390902996	0.0391669981181622	-1.04305195808411	0.383685410022736	
-0.0526859983801842	0.0347562618553638	-1.05434548854828	0.327131301164627	
-0.0562494769692421	0.0303768832236528	-1.0603049993515	0.271069377660751	
-0.0599917657673359	0.0262205917388201	-1.06079947948456	0.215172722935677	
-0.0638176426291466	0.0224708002060652	-1.05575382709503	0.159363970160484	
-0.0676403716206551	0.0192772876471281	-1.04517579078674	0.103988818824291	
-0.0713727399706841	0.0167252216488123	-1.0291565656662	0.0498818419873714	
-0.0749182924628258	0.0148066068068147	-1.00785028934479	-0.00169616343919188	
-0.078166626393795	0.0134031260386109	-0.981442749500275	-0.0492398664355278	
-0.0809956192970276	0.0122878802940249	-0.950120866298676	-0.0912631452083588	
-0.0832813382148743	0.0111498683691025	-0.914055645465851	-0.126587808132172	
-0.0849145725369453	0.00964001566171646	-0.87340646982193	-0.154592230916023	
-0.0858209580183029	0.00743224937468767	-0.828348398208618	-0.175361141562462	
-0.0859806761145592	0.00428878096863627	-0.779118418693542	-0.189697220921516	
-0.0854432061314583	0.000116485869511962	-0.726068913936615	-0.198983177542686	
-0.0843333676457405	-0.00499826297163963	-0.66971629858017	-0.20491535961628	
-0.0828458592295647	-0.0107856690883636	-0.610768854618073	-0.209157660603523	
-0.0812278315424919	-0.0168232936412096	-0.550125360488892	-0.212983876466751	
-0.0797507837414742	-0.0225985236465931	-0.488837212324142	-0.216981798410416	
-0.0786753222346306	-0.0275930855423212	-0.428037762641907	-0.22088286280632	
-0.0782137289643288	-0.0313748270273209	-0.368846744298935	-0.223558038473129	
-0.0784961134195328	-0.0336796268820763	-0.312264949083328	-0.223188996315002	
-0.0795457884669304	-0.0344672426581383	-0.259075045585632	-0.217588439583778	
-0.0812683776021004	-0.0339390560984612	-0.209765538573265	-0.20461405813694	
-0.0834573730826378	-0.0325126126408577	-0.164489254355431	-0.182599604129791	
-0.0858163386583328	-0.0307557955384254	-0.123063035309315	-0.150722205638885	
-0.0879955366253853	-0.0292914099991322	-0.0850070640444756	-0.109234325587749	
-0.0896381139755249	-0.0286889374256134	-0.0496163181960583	-0.0595141313970089	
-0.0904295742511749	-0.0293630640953779	-0.0160513296723366	-0.00392062589526176	
0.0901431143283844	0.0314978435635567	-0.0165666006505489	-0.054523091763258	
0.088673934340477	0.0350108779966831	-0.0490698628127575	-0.112563192844391	
0.0860569775104523	0.0395645759999752	-0.0821792855858803	-0.167187988758087	
0.0824648290872574	0.044622827321291	-0.116464637219906	-0.216056108474731	
0.0781855955719948	0.0495428554713726	-0.152330622076988	-0.257804363965988	
0.0735836625099182	0.0536854490637779	-0.190023109316826	-0.292182445526123	
0.0690491199493408	0.0565232485532761	-0.229647397994995	-0.319994330406189	
0.0649433434009552	0.0577273517847061	-0.271189391613007	-0.3428615629673	
0.0615493655204773	0.057216577231884	-0.31453263759613	-0.362855821847916	
0.0590346902608871	0.0551610998809338	-0.359467327594757	-0.382071137428284	
0.0574326068162918	0.0519408881664276	-0.405692100524902	-0.402214735746384	
0.0566448234021664	0.0480678528547287	-0.452813148498535	-0.424289286136627	
0.056464895606041	0.0440875142812729	-0.500347852706909	-0.44841992855072	
0.0566182471811771	0.0404794178903103	-0.547739744186401	-0.473850518465042	
0.0568118654191494	0.0375752672553062	-0.594390273094177	-0.499101102352142	
0.0567848980426788	0.0355097912251949	-0.639707624912262	-0.522248864173889	
0.056351400911808	0.0342124067246914	-0.683167994022369	-0.541274011135101	
0.0554276593029499	0.0334394127130508	-0.724380373954773	-0.554402470588684	
0.0540395937860012	0.0328383930027485	-0.763141393661499	-0.560382425785065	
0.0523092411458492	0.0320302695035934	-0.799466669559479	-0.558647096157074	
0.0504233464598656	0.0306913927197456	-0.833588063716888	-0.549341201782227	
0.0485905185341835	0.0286186225712299	-0.865910947322845	-0.53321647644043	
0.0469956062734127	0.025764599442482	-0.896933317184448	-0.511425614356995	
0.045760590583086	0.0222370103001595	-0.927137017250061	-0.485262870788574	
0.044919990003109	0.0182636454701424	-0.95686799287796	-0.455905109643936	
0.0444159433245659	0.0141323497518897	-0.986226856708527	-0.424205213785172	
0.0441140867769718	0.0101202568039298	-1.01499211788177	-0.390573590993881	
0.0438370443880558	0.00642875814810395	-1.04259240627289	-0.354964226484299	
0.0434084124863148	0.00313911563716829	-1.06814014911652	-0.316959738731384	
0.0426976643502712	0.000198762747459114	-1.09052419662476	-0.27592933177948	
0.0416557416319847	-0.00255872565321624	-1.10854995250702	-0.231221780180931	
0.0403326936066151	-0.00536478543654084	-1.12110674381256	-0.1823510825634	
0.0388721413910389	-0.00844969507306814	-1.12733340263367	-0.129137426614761	
0.0374822169542313	-0.011974886059761	-1.12675225734711	-0.0717794001102448	
0.0363878011703491	-0.0159802716225386	-1.11934649944305	-0.0108490064740181	
0.0357735157012939	-0.0203601382672787	-1.10556364059448	0.0527810454368591	
0.0357297286391258	-0.0248749740421772	-1.08624148368835	0.118055455386639	
0.0362144038081169	-0.0291984435170889	-1.06246507167816	0.183870136737823	
0.0370413437485695	-0.0329905450344086	-1.03537821769714	0.249192148447037	
0.0379006676375866	-0.0359812043607235	-1.00598049163818	0.313143163919449	
0.0384110286831856	-0.0380450934171677	-0.974946439266205	0.375035434961319	
0.0381960086524487	-0.0392490774393082	-0.942499756813049	0.4343621134758	
0.0369712188839912	-0.039858378469944	-0.908367156982422	0.490755081176758	
0.034624557942152	-0.0402956008911133	-0.871824204921722	0.543929576873779	
0.03127146884799	-0.0410568118095398	-0.831829130649567	0.593635559082031	
0.0272698923945427	-0.0425985157489777	-0.787225365638733	0.639630615711212	
0.0231860335916281	-0.0452169254422188	-0.736980497837067	0.681678652763367	
0.0197107642889023	-0.0489446595311165	-0.680422842502594	0.719568967819214	
0.0175363924354315	-0.0534885860979557	-0.617435991764069	0.753141105175018	
0.0172125250101089	-0.0582264922559261	-0.548576593399048	0.782295346260071	
0.0190060399472713	-0.0622700154781342	-0.475093424320221	0.806974291801453	
0.0227925237268209	-0.0645890161395073	-0.398841083049774	0.827105939388275	
0.0280037932097912	-0.0641802400350571	-0.322097569704056	0.84251469373703	
0.0336486138403416	-0.0602534003555775	-0.24731120467186	0.852819204330444	
0.0384122468531132	-0.0524025708436966	-0.176812499761581	0.857348442077637	
0.0408268868923187	-0.0407309345901012	-0.112532913684845	0.855111718177795	
0.0394915714859962	-0.0259034186601639	-0.0557705350220203	0.844854116439819	
0.0333093293011189	-0.00911271292716265	-0.00703667057678103	0.825214266777039	
0.021703265607357	0.00804157089442015	0.0339953303337097	0.794981241226196	
0.00477335834875703	0.0237459894269705	0.0684315487742424	0.753419697284698	
-0.0166374314576387	0.0362112820148468	0.0979970395565033	0.700609624385834	
-0.0409865118563175	0.0439195707440376	0.124794371426105	0.637730896472931	
-0.0661864057183266	0.0458425991237164	0.151011735200882	0.567217826843262	
-0.0898545458912849	0.0415968038141727	0.178616598248482	0.492721855640411	
-0.109625250101089	0.0315108075737953	0.20907124876976	0.418847143650055	
-0.123478673398495	0.0165947359055281	0.243103101849556	0.350662022829056	
-0.130036443471909	-0.00158357853069901	0.280555158853531	0.293034702539444	
-0.128776475787163	-0.0210960302501917	0.320333629846573	0.249882742762566	
-0.120130077004433	-0.0398946925997734	0.360459178686142	0.223456159234047	
-0.1054422929883	-0.0560589618980885	0.39821919798851	0.213785365223885	
-0.086796797811985	-0.068013496696949	0.430409133434296	0.218413412570953	
-0.0667292848229408	-0.0746872797608376	0.453643828630447	0.23249663412571	
-0.0478708706796169	-0.0755950808525085	0.46471318602562	0.249302551150322	
-0.0325758941471577	-0.0708358511328697	0.460951775312424	0.261068344116211	
-0.0225915461778641	-0.0610160492360592	0.440588474273682	0.260116636753082	
-0.0188213121145964	-0.0471169166266918	0.403041034936905	0.240071505308151	
-0.0212196037173271	-0.0303318593651056	0.349120885133743	0.196985930204391	
-0.0288342200219631	-0.0119018852710724	0.281117916107178	0.130190774798393	
-0.0399893708527088	0.00702590448781848	0.202742502093315	0.0427065491676331	
-0.0525791272521019	0.0254989471286535	0.118913561105728	-0.0588805787265301	
-0.0644229501485825	0.0428106747567654	0.0353967472910881	-0.16509535908699	
-0.0736246332526207	0.0585043728351593	-0.0416855923831463	-0.264731377363205	
-0.0788755491375923	0.0723394080996513	-0.106432892382145	-0.346337050199509	
-0.0796521455049515	0.0842350348830223	-0.153777271509171	-0.399816393852234	
-0.0762757584452629	0.0942084491252899	-0.18005932867527	-0.417904138565063	
-0.0698255077004433	0.102321662008762	-0.183497160673141	-0.397285163402557	
-0.0619204826653004	0.108646489679813	-0.164482370018959	-0.339178383350372	
-0.0544090643525124	0.113250479102135	-0.125651210546494	-0.24928392469883	
-0.0490195080637932	0.116200342774391	-0.0717036575078964	-0.137091472744942	
-0.0470324978232384	0.117574714124203	-0.00897373631596565	-0.0146473404020071	
